2025-09-12 18:50:11,078 - INFO - ================================================================================
2025-09-12 18:50:11,078 - INFO - DHP SPLIT ARCHITECTURE TRAINING SESSION STARTED
2025-09-12 18:50:11,078 - INFO - ================================================================================
2025-09-12 18:50:11,078 - INFO - HYPERPARAMETERS:
2025-09-12 18:50:11,078 - INFO - ----------------------------------------
2025-09-12 18:50:11,078 - INFO - action_size              : 4
2025-09-12 18:50:11,079 - INFO - best_episode_gui         : False
2025-09-12 18:50:11,079 - INFO - coordination_strength    : 0.1
2025-09-12 18:50:11,079 - INFO - coordination_warmup_episodes: 400
2025-09-12 18:50:11,079 - INFO - dt                       : 0.03333333333333333
2025-09-12 18:50:11,079 - INFO - episode_length           : 20.0
2025-09-12 18:50:11,079 - INFO - excitation_amplitude     : 0.03
2025-09-12 18:50:11,079 - INFO - excitation_steps         : 12500
2025-09-12 18:50:11,079 - INFO - gamma                    : 0.98
2025-09-12 18:50:11,079 - INFO - gradient_clip_value      : 0.5
2025-09-12 18:50:11,079 - INFO - gui                      : False
2025-09-12 18:50:11,079 - INFO - hidden_layer_size        : [64, 64, 32]
2025-09-12 18:50:11,079 - INFO - log_interval             : 10
2025-09-12 18:50:11,079 - INFO - lr_actor                 : 0.005
2025-09-12 18:50:11,079 - INFO - lr_critic                : 0.01
2025-09-12 18:50:11,079 - INFO - lr_decay                 : 0.9999
2025-09-12 18:50:11,079 - INFO - normalize_states         : True
2025-09-12 18:50:11,079 - INFO - num_episodes             : 2500
2025-09-12 18:50:11,079 - INFO - predict_delta            : False
2025-09-12 18:50:11,079 - INFO - record                   : False
2025-09-12 18:50:11,080 - INFO - record_best_episodes     : True
2025-09-12 18:50:11,080 - INFO - recording_fps            : 30
2025-09-12 18:50:11,080 - INFO - reference_size           : 8
2025-09-12 18:50:11,080 - INFO - rls_action_size          : 4
2025-09-12 18:50:11,080 - INFO - rls_covariance           : 100.0
2025-09-12 18:50:11,080 - INFO - rls_gamma                : 0.9995
2025-09-12 18:50:11,080 - INFO - rls_state_size           : 8
2025-09-12 18:50:11,080 - INFO - save_interval            : 100
2025-09-12 18:50:11,080 - INFO - split                    : False
2025-09-12 18:50:11,080 - INFO - state_bounds             : {'z': [0.0, 5.0], 'roll': [-1.5707963267948966, 1.5707963267948966], 'pitch': [-1.5707963267948966, 1.5707963267948966], 'yaw': [-3.141592653589793, 3.141592653589793], 'vz': [-12.0, 12.0], 'wx': [-10.0, 10.0], 'wy': [-10.0, 10.0], 'wz': [-10.0, 10.0]}
2025-09-12 18:50:11,080 - INFO - state_size               : 8
2025-09-12 18:50:11,080 - INFO - target_network           : True
2025-09-12 18:50:11,080 - INFO - target_pos               : [0.5, 0.5, 1.0]
2025-09-12 18:50:11,080 - INFO - tau                      : 0.001
2025-09-12 18:50:11,080 - INFO - trajectory_type          : spiral
2025-09-12 18:50:11,080 - INFO - update_cycles            : 5
2025-09-12 18:50:11,080 - INFO - use_trajectory           : False
2025-09-12 18:50:11,080 - INFO - ----------------------------------------
2025-09-12 18:50:11,080 - INFO - Log file: /home/osos/Mohamed_Masters_Thesis/DHP_drone_updated/DHP/training_logs/dhp_split_training_20250912_185011.log
2025-09-12 18:50:11,081 - INFO - ================================================================================
2025-09-12 18:50:11,081 - INFO - 
TRAJECTORY TRAINING CONFIGURATION:
2025-09-12 18:50:11,081 - INFO -   num_episodes: 2000
2025-09-12 18:50:11,081 - INFO -   episode_length: 25.0
2025-09-12 18:50:11,081 - INFO -   excitation_steps: 5000
2025-09-12 18:50:11,081 - INFO -   log_interval: 10
2025-09-12 18:50:11,081 - INFO -   save_interval: 50
2025-09-12 18:50:11,081 - INFO -   gui: False
2025-09-12 18:50:11,081 - INFO -   record: False
2025-09-12 18:50:11,081 - INFO -   normalize_states: True
2025-09-12 18:50:11,081 - INFO -   record_best_episodes: True
2025-09-12 18:50:11,081 - INFO -   coordination_warmup_episodes: 200
2025-09-12 18:50:11,081 - INFO -   coordination_strength: 0.15
2025-09-12 18:50:11,081 - INFO -   use_trajectory: True
2025-09-12 18:50:11,082 - INFO -   trajectory_type: spiral
2025-09-12 18:50:11,082 - INFO -   target_pos: [0.0, 0.0, 1.0]
2025-09-12 18:50:11,082 - INFO - 
==================================================
2025-09-12 18:50:11,082 - INFO - STARTING DHP TRAINING FOR CF2X QUADROTOR
2025-09-12 18:50:11,082 - INFO - ==================================================
2025-09-12 18:50:11,179 - WARNING - From /home/osos/Mohamed_Masters_Thesis/DHP_drone_updated/msc-thesis/agents/dhp.py:88: The name tf.Session is deprecated. Please use tf.compat.v1.Session instead.

2025-09-12 18:50:11,263 - WARNING - From /home/osos/Mohamed_Masters_Thesis/DHP_drone_updated/msc-thesis/agents/dhp.py:117: The name tf.placeholder is deprecated. Please use tf.compat.v1.placeholder instead.

2025-09-12 18:50:11,265 - WARNING - From /home/osos/Mohamed_Masters_Thesis/DHP_drone_updated/msc-thesis/agents/dhp.py:119: The name tf.placeholder_with_default is deprecated. Please use tf.compat.v1.placeholder_with_default instead.

2025-09-12 18:50:11,267 - WARNING - From /home/osos/Mohamed_Masters_Thesis/DHP_drone_updated/msc-thesis/agents/dhp.py:141: The name tf.variable_scope is deprecated. Please use tf.compat.v1.variable_scope instead.

2025-09-12 18:50:11,268 - WARNING - From /home/osos/Mohamed_Masters_Thesis/DHP_drone_updated/msc-thesis/agents/dhp.py:145: dense (from tensorflow.python.layers.core) is deprecated and will be removed in a future version.
Instructions for updating:
Use keras.layers.Dense instead.
2025-09-12 18:50:11,268 - WARNING - From /home/osos/anaconda3/envs/DHP/lib/python3.7/site-packages/tensorflow_core/python/layers/core.py:187: Layer.apply (from tensorflow.python.keras.engine.base_layer) is deprecated and will be removed in a future version.
Instructions for updating:
Please use `layer.__call__` method instead.
2025-09-12 18:50:11,293 - WARNING - From /home/osos/Mohamed_Masters_Thesis/DHP_drone_updated/msc-thesis/agents/dhp.py:150: The name tf.trainable_variables is deprecated. Please use tf.compat.v1.trainable_variables instead.

2025-09-12 18:50:11,305 - WARNING - From /home/osos/Mohamed_Masters_Thesis/DHP_drone_updated/msc-thesis/agents/dhp.py:156: The name tf.train.GradientDescentOptimizer is deprecated. Please use tf.compat.v1.train.GradientDescentOptimizer instead.

2025-09-12 18:50:11,333 - WARNING - From /home/osos/Mohamed_Masters_Thesis/DHP_drone_updated/msc-thesis/agents/dhp.py:173: The name tf.assign is deprecated. Please use tf.compat.v1.assign instead.

2025-09-12 18:50:11,445 - WARNING - From /home/osos/Mohamed_Masters_Thesis/DHP_drone_updated/msc-thesis/agents/dhp.py:97: The name tf.summary.merge_all is deprecated. Please use tf.compat.v1.summary.merge_all instead.

2025-09-12 18:50:11,445 - WARNING - From /home/osos/Mohamed_Masters_Thesis/DHP_drone_updated/msc-thesis/agents/dhp.py:98: The name tf.train.Saver is deprecated. Please use tf.compat.v1.train.Saver instead.

2025-09-12 18:50:11,456 - WARNING - From /home/osos/Mohamed_Masters_Thesis/DHP_drone_updated/msc-thesis/agents/dhp.py:99: The name tf.global_variables_initializer is deprecated. Please use tf.compat.v1.global_variables_initializer instead.

2025-09-12 18:50:11,506 - INFO - 
Training for 2000 episodes...
2025-09-12 18:50:11,506 - INFO - Episode | Reward  | Avg Cost | Pos Error | Duration (Completion) | Time
2025-09-12 18:50:11,506 - INFO - -------------------------------------------------------------------------------------
2025-09-12 18:50:13,267 - INFO - 🏆 NEW BEST EPISODE (SMART CRITERIA)! Episode 0
2025-09-12 18:50:13,267 - INFO -    Position Error: 5.3686m
2025-09-12 18:50:13,267 - INFO -    Completion: 14.7% (110/750 steps)
2025-09-12 18:50:13,267 - INFO -    Duration: 3.7s / 25.0s
2025-09-12 18:50:13,267 - INFO -    Composite Score: -39.02
2025-09-12 18:50:13,268 - INFO -       0 |   66.20 |   31.460 |    5.3686 |   3.7s (14.7%) |    1.8s
2025-09-12 18:50:14,840 - INFO - 🏆 NEW BEST EPISODE (SMART CRITERIA)! Episode 1
2025-09-12 18:50:14,840 - INFO -    Position Error: 5.2701m
2025-09-12 18:50:14,840 - INFO -    Completion: 15.2% (114/750 steps)
2025-09-12 18:50:14,840 - INFO -    Duration: 3.8s / 25.0s
2025-09-12 18:50:14,840 - INFO -    Composite Score: -37.50
2025-09-12 18:50:17,465 - INFO - 🏆 NEW BEST EPISODE (SMART CRITERIA)! Episode 3
2025-09-12 18:50:17,465 - INFO -    Position Error: 4.9612m
2025-09-12 18:50:17,465 - INFO -    Completion: 12.5% (94/750 steps)
2025-09-12 18:50:17,465 - INFO -    Duration: 3.1s / 25.0s
2025-09-12 18:50:17,465 - INFO -    Composite Score: -37.08
2025-09-12 18:50:19,537 - INFO - 🏆 NEW BEST EPISODE (SMART CRITERIA)! Episode 4
2025-09-12 18:50:19,538 - INFO -    Position Error: 5.5918m
2025-09-12 18:50:19,538 - INFO -    Completion: 22.8% (171/750 steps)
2025-09-12 18:50:19,538 - INFO -    Duration: 5.7s / 25.0s
2025-09-12 18:50:19,538 - INFO -    Composite Score: -33.12
2025-09-12 18:50:20,817 - INFO - NEW BEST PERFORMANCE! Episode 5: 4.9013m
2025-09-12 18:50:20,856 - INFO - BEST MODEL SAVED! Episode 5, Error: 4.9013m
2025-09-12 18:50:20,856 - INFO - Best model path: /home/osos/Mohamed_Masters_Thesis/DHP_drone_updated/DHP/trained_models/dhp_cf2x_best
2025-09-12 18:50:20,856 - INFO - All model files saved successfully!
2025-09-12 18:50:22,071 - INFO - NEW BEST PERFORMANCE! Episode 6: 4.8080m
2025-09-12 18:50:22,091 - INFO - BEST MODEL SAVED! Episode 6, Error: 4.8080m
2025-09-12 18:50:22,091 - INFO - Best model path: /home/osos/Mohamed_Masters_Thesis/DHP_drone_updated/DHP/trained_models/dhp_cf2x_best
2025-09-12 18:50:22,091 - INFO - All model files saved successfully!
2025-09-12 18:50:24,617 - INFO - 🏆 NEW BEST EPISODE (SMART CRITERIA)! Episode 8
2025-09-12 18:50:24,617 - INFO -    Position Error: 4.7280m
2025-09-12 18:50:24,617 - INFO -    Completion: 14.9% (112/750 steps)
2025-09-12 18:50:24,617 - INFO -    Duration: 3.7s / 25.0s
2025-09-12 18:50:24,617 - INFO -    Composite Score: -32.35
2025-09-12 18:50:26,640 - INFO - 🏆 NEW BEST EPISODE (SMART CRITERIA)! Episode 9
2025-09-12 18:50:26,640 - INFO -    Position Error: 5.0630m
2025-09-12 18:50:26,640 - INFO -    Completion: 22.5% (169/750 steps)
2025-09-12 18:50:26,640 - INFO -    Duration: 5.6s / 25.0s
2025-09-12 18:50:26,640 - INFO -    Composite Score: -28.10
2025-09-12 18:50:27,783 - INFO - NEW BEST PERFORMANCE! Episode 10: 4.8342m
2025-09-12 18:50:27,803 - INFO - BEST MODEL SAVED! Episode 10, Error: 4.8342m
2025-09-12 18:50:27,804 - INFO - Best model path: /home/osos/Mohamed_Masters_Thesis/DHP_drone_updated/DHP/trained_models/dhp_cf2x_best
2025-09-12 18:50:27,804 - INFO - All model files saved successfully!
2025-09-12 18:50:27,804 - INFO -      10 |   40.42 |   41.461 |    4.8342 |   3.2s (12.7%) |   16.3s
2025-09-12 18:50:33,020 - INFO - 🏆 NEW BEST EPISODE (SMART CRITERIA)! Episode 13
2025-09-12 18:50:33,020 - INFO -    Position Error: 5.7575m
2025-09-12 18:50:33,020 - INFO -    Completion: 35.1% (263/750 steps)
2025-09-12 18:50:33,020 - INFO -    Duration: 8.8s / 25.0s
2025-09-12 18:50:33,021 - INFO -    Composite Score: -22.51
2025-09-12 18:50:33,995 - INFO - NEW BEST PERFORMANCE! Episode 14: 4.8936m
2025-09-12 18:50:34,017 - INFO - BEST MODEL SAVED! Episode 14, Error: 4.8936m
2025-09-12 18:50:34,017 - INFO - Best model path: /home/osos/Mohamed_Masters_Thesis/DHP_drone_updated/DHP/trained_models/dhp_cf2x_best
2025-09-12 18:50:34,017 - INFO - All model files saved successfully!
2025-09-12 18:50:34,913 - INFO - NEW BEST PERFORMANCE! Episode 15: 4.8899m
2025-09-12 18:50:34,932 - INFO - BEST MODEL SAVED! Episode 15, Error: 4.8899m
2025-09-12 18:50:34,933 - INFO - Best model path: /home/osos/Mohamed_Masters_Thesis/DHP_drone_updated/DHP/trained_models/dhp_cf2x_best
2025-09-12 18:50:34,933 - INFO - All model files saved successfully!
2025-09-12 18:50:36,620 - INFO - NEW BEST PERFORMANCE! Episode 16: 4.6641m
2025-09-12 18:50:36,641 - INFO - BEST MODEL SAVED! Episode 16, Error: 4.6641m
2025-09-12 18:50:36,641 - INFO - Best model path: /home/osos/Mohamed_Masters_Thesis/DHP_drone_updated/DHP/trained_models/dhp_cf2x_best
2025-09-12 18:50:36,641 - INFO - All model files saved successfully!
2025-09-12 18:50:41,710 - INFO -      20 |   23.45 |   54.899 |    5.0260 |   3.6s (14.4%) |   30.2s
2025-09-12 18:50:41,909 - INFO - NEW BEST PERFORMANCE! Episode 21: 0.1849m
2025-09-12 18:50:41,930 - INFO - BEST MODEL SAVED! Episode 21, Error: 0.1849m
2025-09-12 18:50:41,930 - INFO - Best model path: /home/osos/Mohamed_Masters_Thesis/DHP_drone_updated/DHP/trained_models/dhp_cf2x_best
2025-09-12 18:50:41,930 - INFO - All model files saved successfully!
2025-09-12 18:50:41,930 - INFO - CONVERGENCE EPISODE 21: 0.1849m
2025-09-12 18:50:42,191 - INFO - CONVERGENCE EPISODE 22: 0.3870m
2025-09-12 18:50:42,591 - INFO - CONVERGENCE EPISODE 23: 0.5400m
2025-09-12 18:50:45,221 - INFO - 🏆 NEW BEST EPISODE (SMART CRITERIA)! Episode 24
2025-09-12 18:50:45,221 - INFO -    Position Error: 1.1948m
2025-09-12 18:50:45,221 - INFO -    Completion: 29.2% (219/750 steps)
2025-09-12 18:50:45,221 - INFO -    Duration: 7.3s / 25.0s
2025-09-12 18:50:45,221 - INFO -    Composite Score: 17.25
2025-09-12 18:50:45,667 - INFO - NEW BEST PERFORMANCE! Episode 25: 0.3540m
2025-09-12 18:50:45,685 - INFO - BEST MODEL SAVED! Episode 25, Error: 0.3540m
2025-09-12 18:50:45,685 - INFO - Best model path: /home/osos/Mohamed_Masters_Thesis/DHP_drone_updated/DHP/trained_models/dhp_cf2x_best
2025-09-12 18:50:45,685 - INFO - All model files saved successfully!
2025-09-12 18:50:45,685 - INFO - CONVERGENCE EPISODE 25: 0.3540m
2025-09-12 18:50:46,097 - INFO - CONVERGENCE EPISODE 26: 0.5004m
2025-09-12 18:50:47,350 - INFO - CONVERGENCE EPISODE 28: 0.7196m
2025-09-12 18:50:47,596 - INFO - CONVERGENCE EPISODE 29: 0.4504m
2025-09-12 18:50:48,185 - INFO -      30 |   65.68 |   42.908 |    1.1925 |   1.6s ( 6.3%) |   36.7s
2025-09-12 18:50:49,246 - INFO - NEW BEST PERFORMANCE! Episode 32: 0.2720m
2025-09-12 18:50:49,263 - INFO - BEST MODEL SAVED! Episode 32, Error: 0.2720m
2025-09-12 18:50:49,263 - INFO - Best model path: /home/osos/Mohamed_Masters_Thesis/DHP_drone_updated/DHP/trained_models/dhp_cf2x_best
2025-09-12 18:50:49,264 - INFO - All model files saved successfully!
2025-09-12 18:50:49,264 - INFO - CONVERGENCE EPISODE 32: 0.2720m
2025-09-12 18:50:49,496 - INFO - CONVERGENCE EPISODE 33: 0.3920m
2025-09-12 18:50:49,940 - INFO - CONVERGENCE EPISODE 34: 0.7025m
2025-09-12 18:50:52,242 - INFO - CONVERGENCE EPISODE 36: 0.3435m
2025-09-12 18:50:52,696 - INFO - CONVERGENCE EPISODE 37: 0.9860m
2025-09-12 18:50:53,619 - INFO - CONVERGENCE EPISODE 39: 0.4072m
2025-09-12 18:50:54,051 - INFO - CONVERGENCE EPISODE 40: 0.5142m
2025-09-12 18:50:54,051 - INFO -      40 |   49.46 |   33.097 |    0.5142 |   1.1s ( 4.5%) |   42.5s
2025-09-12 18:50:54,708 - INFO - CONVERGENCE EPISODE 41: 0.3965m
2025-09-12 18:50:56,034 - INFO - CONVERGENCE EPISODE 42: 0.5624m
2025-09-12 18:51:06,221 - INFO -      50 |   95.32 |   69.242 |    4.5821 |   5.3s (21.2%) |   54.7s
2025-09-12 18:51:11,695 - INFO - CONVERGENCE EPISODE 55: 0.9837m
2025-09-12 18:51:14,999 - INFO - CONVERGENCE EPISODE 58: 0.3156m
2025-09-12 18:51:16,984 - INFO - CONVERGENCE EPISODE 60: 0.8270m
2025-09-12 18:51:16,984 - INFO -      60 |   93.35 |   54.276 |    0.8270 |   3.0s (12.0%) |   65.5s
2025-09-12 18:51:35,464 - INFO - 🏆 NEW BEST EPISODE (SMART CRITERIA)! Episode 70
2025-09-12 18:51:35,464 - INFO -    Position Error: 0.6443m
2025-09-12 18:51:35,464 - INFO -    Completion: 89.1% (668/750 steps)
2025-09-12 18:51:35,464 - INFO -    Duration: 22.3s / 25.0s
2025-09-12 18:51:35,464 - INFO -    Composite Score: 82.62
2025-09-12 18:51:35,469 - INFO - CONVERGENCE EPISODE 70: 0.6443m
2025-09-12 18:51:35,469 - INFO -      70 |  541.71 |    0.829 |    0.6443 |  22.3s (89.1%) |   84.0s
2025-09-12 18:51:44,344 - INFO - CONVERGENCE EPISODE 71: 0.6445m
2025-09-12 18:51:52,222 - INFO - 🏆 NEW BEST EPISODE (SMART CRITERIA)! Episode 72
2025-09-12 18:51:52,222 - INFO -    Position Error: 0.6442m
2025-09-12 18:51:52,222 - INFO -    Completion: 89.1% (668/750 steps)
2025-09-12 18:51:52,222 - INFO -    Duration: 22.3s / 25.0s
2025-09-12 18:51:52,222 - INFO -    Composite Score: 82.62
2025-09-12 18:51:52,227 - INFO - CONVERGENCE EPISODE 72: 0.6442m
2025-09-12 18:52:00,117 - INFO - 🏆 NEW BEST EPISODE (SMART CRITERIA)! Episode 73
2025-09-12 18:52:00,117 - INFO -    Position Error: 0.6439m
2025-09-12 18:52:00,117 - INFO -    Completion: 89.1% (668/750 steps)
2025-09-12 18:52:00,117 - INFO -    Duration: 22.3s / 25.0s
2025-09-12 18:52:00,117 - INFO -    Composite Score: 82.63
2025-09-12 18:52:00,122 - INFO - CONVERGENCE EPISODE 73: 0.6439m
2025-09-12 18:52:08,158 - INFO - 🏆 NEW BEST EPISODE (SMART CRITERIA)! Episode 74
2025-09-12 18:52:08,159 - INFO -    Position Error: 0.6437m
2025-09-12 18:52:08,159 - INFO -    Completion: 89.1% (668/750 steps)
2025-09-12 18:52:08,159 - INFO -    Duration: 22.3s / 25.0s
2025-09-12 18:52:08,159 - INFO -    Composite Score: 82.63
2025-09-12 18:52:08,164 - INFO - CONVERGENCE EPISODE 74: 0.6437m
2025-09-12 18:52:16,132 - INFO - 🏆 NEW BEST EPISODE (SMART CRITERIA)! Episode 75
2025-09-12 18:52:16,132 - INFO -    Position Error: 0.6436m
2025-09-12 18:52:16,132 - INFO -    Completion: 89.1% (668/750 steps)
2025-09-12 18:52:16,132 - INFO -    Duration: 22.3s / 25.0s
2025-09-12 18:52:16,132 - INFO -    Composite Score: 82.63
2025-09-12 18:52:16,137 - INFO - CONVERGENCE EPISODE 75: 0.6436m
2025-09-12 18:52:24,075 - INFO - 🏆 NEW BEST EPISODE (SMART CRITERIA)! Episode 76
2025-09-12 18:52:24,075 - INFO -    Position Error: 0.6435m
2025-09-12 18:52:24,075 - INFO -    Completion: 89.1% (668/750 steps)
2025-09-12 18:52:24,075 - INFO -    Duration: 22.3s / 25.0s
2025-09-12 18:52:24,075 - INFO -    Composite Score: 82.63
2025-09-12 18:52:24,080 - INFO - CONVERGENCE EPISODE 76: 0.6435m
2025-09-12 18:52:32,127 - INFO - 🏆 NEW BEST EPISODE (SMART CRITERIA)! Episode 77
2025-09-12 18:52:32,127 - INFO -    Position Error: 0.6433m
2025-09-12 18:52:32,127 - INFO -    Completion: 89.1% (668/750 steps)
2025-09-12 18:52:32,127 - INFO -    Duration: 22.3s / 25.0s
2025-09-12 18:52:32,127 - INFO -    Composite Score: 82.63
2025-09-12 18:52:32,132 - INFO - CONVERGENCE EPISODE 77: 0.6433m
2025-09-12 18:52:41,120 - INFO - 🏆 NEW BEST EPISODE (SMART CRITERIA)! Episode 78
2025-09-12 18:52:41,120 - INFO -    Position Error: 0.6432m
2025-09-12 18:52:41,120 - INFO -    Completion: 89.1% (668/750 steps)
2025-09-12 18:52:41,120 - INFO -    Duration: 22.3s / 25.0s
2025-09-12 18:52:41,120 - INFO -    Composite Score: 82.63
2025-09-12 18:52:41,126 - INFO - CONVERGENCE EPISODE 78: 0.6432m
