2025-09-08 22:36:15,377 - INFO - ================================================================================
2025-09-08 22:36:15,377 - INFO - DHP SPLIT ARCHITECTURE TRAINING SESSION STARTED
2025-09-08 22:36:15,377 - INFO - ================================================================================
2025-09-08 22:36:15,377 - INFO - HYPERPARAMETERS:
2025-09-08 22:36:15,378 - INFO - ----------------------------------------
2025-09-08 22:36:15,378 - INFO - action_size              : 4
2025-09-08 22:36:15,378 - INFO - best_episode_gui         : False
2025-09-08 22:36:15,378 - INFO - coordination_strength    : 0.1
2025-09-08 22:36:15,378 - INFO - coordination_warmup_episodes: 400
2025-09-08 22:36:15,378 - INFO - dt                       : 0.03333333333333333
2025-09-08 22:36:15,378 - INFO - episode_length           : 20.0
2025-09-08 22:36:15,378 - INFO - excitation_amplitude     : 0.03
2025-09-08 22:36:15,378 - INFO - excitation_steps         : 12500
2025-09-08 22:36:15,378 - INFO - gamma                    : 0.98
2025-09-08 22:36:15,378 - INFO - gradient_clip_value      : 0.5
2025-09-08 22:36:15,378 - INFO - gui                      : False
2025-09-08 22:36:15,378 - INFO - hidden_layer_size        : [64, 64, 32]
2025-09-08 22:36:15,378 - INFO - log_interval             : 10
2025-09-08 22:36:15,378 - INFO - lr_actor                 : 0.005
2025-09-08 22:36:15,378 - INFO - lr_critic                : 0.01
2025-09-08 22:36:15,378 - INFO - lr_decay                 : 0.9999
2025-09-08 22:36:15,378 - INFO - normalize_states         : True
2025-09-08 22:36:15,378 - INFO - num_episodes             : 2500
2025-09-08 22:36:15,378 - INFO - predict_delta            : False
2025-09-08 22:36:15,378 - INFO - record                   : False
2025-09-08 22:36:15,378 - INFO - record_best_episodes     : True
2025-09-08 22:36:15,378 - INFO - recording_fps            : 30
2025-09-08 22:36:15,378 - INFO - reference_size           : 8
2025-09-08 22:36:15,378 - INFO - rls_action_size          : 4
2025-09-08 22:36:15,378 - INFO - rls_covariance           : 100.0
2025-09-08 22:36:15,378 - INFO - rls_gamma                : 0.9995
2025-09-08 22:36:15,379 - INFO - rls_state_size           : 8
2025-09-08 22:36:15,379 - INFO - save_interval            : 100
2025-09-08 22:36:15,379 - INFO - split                    : False
2025-09-08 22:36:15,379 - INFO - state_bounds             : {'z': [0.0, 5.0], 'roll': [-1.5707963267948966, 1.5707963267948966], 'pitch': [-1.5707963267948966, 1.5707963267948966], 'yaw': [-3.141592653589793, 3.141592653589793], 'vz': [-12.0, 12.0], 'wx': [-10.0, 10.0], 'wy': [-10.0, 10.0], 'wz': [-10.0, 10.0]}
2025-09-08 22:36:15,379 - INFO - state_size               : 8
2025-09-08 22:36:15,379 - INFO - target_network           : True
2025-09-08 22:36:15,379 - INFO - target_pos               : [0.5, 0.5, 1.0]
2025-09-08 22:36:15,379 - INFO - tau                      : 0.001
2025-09-08 22:36:15,379 - INFO - trajectory_type          : spiral
2025-09-08 22:36:15,379 - INFO - update_cycles            : 2
2025-09-08 22:36:15,379 - INFO - use_trajectory           : False
2025-09-08 22:36:15,379 - INFO - ----------------------------------------
2025-09-08 22:36:15,379 - INFO - Log file: /home/osos/Mohamed_Masters_Thesis/DHP_drone_updated/DHP/training_logs/dhp_split_training_20250908_223615.log
2025-09-08 22:36:15,379 - INFO - ================================================================================
2025-09-08 22:36:15,379 - INFO - 
TRAJECTORY TRAINING CONFIGURATION:
2025-09-08 22:36:15,379 - INFO -   num_episodes: 200
2025-09-08 22:36:15,379 - INFO -   episode_length: 25.0
2025-09-08 22:36:15,379 - INFO -   excitation_steps: 5000
2025-09-08 22:36:15,379 - INFO -   log_interval: 10
2025-09-08 22:36:15,379 - INFO -   save_interval: 50
2025-09-08 22:36:15,379 - INFO -   gui: False
2025-09-08 22:36:15,380 - INFO -   record: False
2025-09-08 22:36:15,380 - INFO -   normalize_states: True
2025-09-08 22:36:15,380 - INFO -   record_best_episodes: True
2025-09-08 22:36:15,380 - INFO -   coordination_warmup_episodes: 200
2025-09-08 22:36:15,380 - INFO -   coordination_strength: 0.15
2025-09-08 22:36:15,380 - INFO -   use_trajectory: True
2025-09-08 22:36:15,380 - INFO -   trajectory_type: spiral
2025-09-08 22:36:15,380 - INFO -   target_pos: [0.0, 0.0, 1.0]
2025-09-08 22:36:15,380 - INFO - 
==================================================
2025-09-08 22:36:15,380 - INFO - STARTING DHP TRAINING FOR CF2X QUADROTOR
2025-09-08 22:36:15,380 - INFO - ==================================================
2025-09-08 22:36:15,488 - WARNING - From /home/osos/Mohamed_Masters_Thesis/DHP_drone_updated/msc-thesis/agents/dhp.py:88: The name tf.Session is deprecated. Please use tf.compat.v1.Session instead.

2025-09-08 22:36:15,571 - WARNING - From /home/osos/Mohamed_Masters_Thesis/DHP_drone_updated/msc-thesis/agents/dhp.py:117: The name tf.placeholder is deprecated. Please use tf.compat.v1.placeholder instead.

2025-09-08 22:36:15,572 - WARNING - From /home/osos/Mohamed_Masters_Thesis/DHP_drone_updated/msc-thesis/agents/dhp.py:119: The name tf.placeholder_with_default is deprecated. Please use tf.compat.v1.placeholder_with_default instead.

2025-09-08 22:36:15,575 - WARNING - From /home/osos/Mohamed_Masters_Thesis/DHP_drone_updated/msc-thesis/agents/dhp.py:141: The name tf.variable_scope is deprecated. Please use tf.compat.v1.variable_scope instead.

2025-09-08 22:36:15,575 - WARNING - From /home/osos/Mohamed_Masters_Thesis/DHP_drone_updated/msc-thesis/agents/dhp.py:145: dense (from tensorflow.python.layers.core) is deprecated and will be removed in a future version.
Instructions for updating:
Use keras.layers.Dense instead.
2025-09-08 22:36:15,575 - WARNING - From /home/osos/anaconda3/envs/DHP/lib/python3.7/site-packages/tensorflow_core/python/layers/core.py:187: Layer.apply (from tensorflow.python.keras.engine.base_layer) is deprecated and will be removed in a future version.
Instructions for updating:
Please use `layer.__call__` method instead.
2025-09-08 22:36:15,602 - WARNING - From /home/osos/Mohamed_Masters_Thesis/DHP_drone_updated/msc-thesis/agents/dhp.py:150: The name tf.trainable_variables is deprecated. Please use tf.compat.v1.trainable_variables instead.

2025-09-08 22:36:15,614 - WARNING - From /home/osos/Mohamed_Masters_Thesis/DHP_drone_updated/msc-thesis/agents/dhp.py:156: The name tf.train.GradientDescentOptimizer is deprecated. Please use tf.compat.v1.train.GradientDescentOptimizer instead.

2025-09-08 22:36:15,645 - WARNING - From /home/osos/Mohamed_Masters_Thesis/DHP_drone_updated/msc-thesis/agents/dhp.py:173: The name tf.assign is deprecated. Please use tf.compat.v1.assign instead.

2025-09-08 22:36:15,768 - WARNING - From /home/osos/Mohamed_Masters_Thesis/DHP_drone_updated/msc-thesis/agents/dhp.py:97: The name tf.summary.merge_all is deprecated. Please use tf.compat.v1.summary.merge_all instead.

2025-09-08 22:36:15,768 - WARNING - From /home/osos/Mohamed_Masters_Thesis/DHP_drone_updated/msc-thesis/agents/dhp.py:98: The name tf.train.Saver is deprecated. Please use tf.compat.v1.train.Saver instead.

2025-09-08 22:36:15,779 - WARNING - From /home/osos/Mohamed_Masters_Thesis/DHP_drone_updated/msc-thesis/agents/dhp.py:99: The name tf.global_variables_initializer is deprecated. Please use tf.compat.v1.global_variables_initializer instead.

2025-09-08 22:36:15,834 - INFO - 
Training for 200 episodes...
2025-09-08 22:36:15,834 - INFO - Episode | Reward  | Avg Cost | Pos Error | Duration (Completion) | Time
2025-09-08 22:36:15,834 - INFO - -------------------------------------------------------------------------------------
2025-09-08 22:36:16,977 - INFO - 🏆 NEW BEST EPISODE (SMART CRITERIA)! Episode 0
2025-09-08 22:36:16,977 - INFO -    Position Error: 4.9561m
2025-09-08 22:36:16,977 - INFO -    Completion: 14.1% (106/750 steps)
2025-09-08 22:36:16,977 - INFO -    Duration: 3.5s / 25.0s
2025-09-08 22:36:16,977 - INFO -    Composite Score: -35.43
2025-09-08 22:36:16,979 - INFO -       0 |   63.87 |   26.643 |    4.9561 |   3.5s (14.1%) |    1.1s
2025-09-08 22:36:17,738 - INFO - 🏆 NEW BEST EPISODE (SMART CRITERIA)! Episode 1
2025-09-08 22:36:17,738 - INFO -    Position Error: 4.8426m
2025-09-08 22:36:17,738 - INFO -    Completion: 14.5% (109/750 steps)
2025-09-08 22:36:17,738 - INFO -    Duration: 3.6s / 25.0s
2025-09-08 22:36:17,738 - INFO -    Composite Score: -33.89
2025-09-08 22:36:19,194 - INFO - 🏆 NEW BEST EPISODE (SMART CRITERIA)! Episode 2
2025-09-08 22:36:19,194 - INFO -    Position Error: 5.7038m
2025-09-08 22:36:19,194 - INFO -    Completion: 29.7% (223/750 steps)
2025-09-08 22:36:19,194 - INFO -    Duration: 7.4s / 25.0s
2025-09-08 22:36:19,194 - INFO -    Composite Score: -27.31
2025-09-08 22:36:20,287 - INFO - NEW BEST PERFORMANCE! Episode 3: 5.3089m
2025-09-08 22:36:20,326 - INFO - BEST MODEL SAVED! Episode 3, Error: 5.3089m
2025-09-08 22:36:20,326 - INFO - Best model path: /home/osos/Mohamed_Masters_Thesis/DHP_drone_updated/DHP/trained_models/dhp_cf2x_best
2025-09-08 22:36:20,326 - INFO - All model files saved successfully!
2025-09-08 22:36:22,152 - INFO - NEW BEST PERFORMANCE! Episode 5: 4.8973m
2025-09-08 22:36:22,176 - INFO - BEST MODEL SAVED! Episode 5, Error: 4.8973m
2025-09-08 22:36:22,176 - INFO - Best model path: /home/osos/Mohamed_Masters_Thesis/DHP_drone_updated/DHP/trained_models/dhp_cf2x_best
2025-09-08 22:36:22,176 - INFO - All model files saved successfully!
2025-09-08 22:36:26,020 - INFO -      10 |   42.61 |   34.502 |    5.1852 |   3.2s (12.8%) |   10.2s
2025-09-08 22:36:31,823 - INFO - 🏆 NEW BEST EPISODE (SMART CRITERIA)! Episode 12
2025-09-08 22:36:31,823 - INFO -    Position Error: 6.8083m
2025-09-08 22:36:31,823 - INFO -    Completion: 97.2% (729/750 steps)
2025-09-08 22:36:31,823 - INFO -    Duration: 24.3s / 25.0s
2025-09-08 22:36:31,823 - INFO -    Composite Score: 79.12
2025-09-08 22:36:31,823 - INFO - 🎯 NEW BEST COMPLETED EPISODE! Episode 12
2025-09-08 22:36:31,823 - INFO -    Position Error: 6.8083m (among completed episodes)
2025-09-08 22:36:31,823 - INFO -    Completion: 97.2% (729/750 steps)
2025-09-08 22:36:31,823 - INFO -    Duration: 24.3s
2025-09-08 22:36:31,949 - INFO - NEW BEST PERFORMANCE! Episode 13: 0.2346m
2025-09-08 22:36:31,971 - INFO - BEST MODEL SAVED! Episode 13, Error: 0.2346m
2025-09-08 22:36:31,971 - INFO - Best model path: /home/osos/Mohamed_Masters_Thesis/DHP_drone_updated/DHP/trained_models/dhp_cf2x_best
2025-09-08 22:36:31,972 - INFO - All model files saved successfully!
2025-09-08 22:36:31,972 - INFO - CONVERGENCE EPISODE 13: 0.2346m
2025-09-08 22:36:32,085 - INFO - NEW BEST PERFORMANCE! Episode 14: 0.2159m
2025-09-08 22:36:32,106 - INFO - BEST MODEL SAVED! Episode 14, Error: 0.2159m
2025-09-08 22:36:32,107 - INFO - Best model path: /home/osos/Mohamed_Masters_Thesis/DHP_drone_updated/DHP/trained_models/dhp_cf2x_best
2025-09-08 22:36:32,107 - INFO - All model files saved successfully!
2025-09-08 22:36:32,107 - INFO - CONVERGENCE EPISODE 14: 0.2159m
2025-09-08 22:36:32,228 - INFO - CONVERGENCE EPISODE 15: 0.2408m
2025-09-08 22:36:32,374 - INFO - CONVERGENCE EPISODE 16: 0.3844m
2025-09-08 22:36:33,581 - INFO - CONVERGENCE EPISODE 18: 0.3043m
2025-09-08 22:36:33,718 - INFO - CONVERGENCE EPISODE 19: 0.2892m
2025-09-08 22:36:36,217 - INFO -      20 |   84.43 |   61.019 |    6.0075 |  12.7s (50.8%) |   20.4s
2025-09-08 22:36:36,357 - INFO - CONVERGENCE EPISODE 21: 0.3556m
2025-09-08 22:36:40,811 - INFO - 🏆 NEW BEST EPISODE (SMART CRITERIA)! Episode 22
2025-09-08 22:36:40,811 - INFO -    Position Error: 3.8034m
2025-09-08 22:36:40,811 - INFO -    Completion: 94.8% (711/750 steps)
2025-09-08 22:36:40,811 - INFO -    Duration: 23.7s / 25.0s
2025-09-08 22:36:40,811 - INFO -    Composite Score: 106.77
2025-09-08 22:36:40,811 - INFO - 🎯 NEW BEST COMPLETED EPISODE! Episode 22
2025-09-08 22:36:40,811 - INFO -    Position Error: 3.8034m (among completed episodes)
2025-09-08 22:36:40,811 - INFO -    Completion: 94.8% (711/750 steps)
2025-09-08 22:36:40,811 - INFO -    Duration: 23.7s
2025-09-08 22:36:40,925 - INFO - NEW BEST PERFORMANCE! Episode 23: 0.1785m
2025-09-08 22:36:40,944 - INFO - BEST MODEL SAVED! Episode 23, Error: 0.1785m
2025-09-08 22:36:40,944 - INFO - Best model path: /home/osos/Mohamed_Masters_Thesis/DHP_drone_updated/DHP/trained_models/dhp_cf2x_best
2025-09-08 22:36:40,945 - INFO - All model files saved successfully!
2025-09-08 22:36:40,945 - INFO - CONVERGENCE EPISODE 23: 0.1785m
2025-09-08 22:36:41,059 - INFO - CONVERGENCE EPISODE 24: 0.1829m
2025-09-08 22:36:41,163 - INFO - NEW BEST PERFORMANCE! Episode 25: 0.1525m
2025-09-08 22:36:41,184 - INFO - BEST MODEL SAVED! Episode 25, Error: 0.1525m
2025-09-08 22:36:41,184 - INFO - Best model path: /home/osos/Mohamed_Masters_Thesis/DHP_drone_updated/DHP/trained_models/dhp_cf2x_best
2025-09-08 22:36:41,184 - INFO - All model files saved successfully!
2025-09-08 22:36:41,184 - INFO - CONVERGENCE EPISODE 25: 0.1525m
2025-09-08 22:36:41,283 - INFO - CONVERGENCE EPISODE 26: 0.1563m
2025-09-08 22:36:42,875 - INFO - CONVERGENCE EPISODE 28: 0.3430m
2025-09-08 22:36:44,701 - INFO -      30 |   74.84 |   80.302 |    1.5026 |   1.7s ( 6.8%) |   28.9s
2025-09-08 22:36:44,927 - INFO - CONVERGENCE EPISODE 31: 0.8126m
2025-09-08 22:36:45,768 - INFO - CONVERGENCE EPISODE 33: 0.5681m
2025-09-08 22:36:46,419 - INFO - CONVERGENCE EPISODE 35: 0.6325m
2025-09-08 22:36:47,304 - INFO - CONVERGENCE EPISODE 37: 0.1583m
2025-09-08 22:36:48,021 - INFO - CONVERGENCE EPISODE 39: 0.7333m
2025-09-08 22:36:48,202 - INFO - CONVERGENCE EPISODE 40: 0.8389m
2025-09-08 22:36:48,202 - INFO -      40 |   28.43 |   69.772 |    0.8389 |   0.8s ( 3.2%) |   32.4s
2025-09-08 22:36:48,557 - INFO - CONVERGENCE EPISODE 41: 0.6273m
2025-09-08 22:36:51,124 - INFO - CONVERGENCE EPISODE 46: 0.2062m
2025-09-08 22:36:53,930 - INFO -      50 |  136.18 |   66.644 |    2.5518 |   3.1s (12.5%) |   38.1s
2025-09-08 22:37:04,297 - INFO -      60 |  106.81 |   58.502 |    5.6651 |   6.7s (26.9%) |   48.5s
2025-09-08 22:37:11,972 - INFO -      70 |   95.21 |   72.287 |    2.1740 |   2.3s ( 9.3%) |   56.1s
2025-09-08 22:37:20,229 - INFO - 🏆 NEW BEST EPISODE (SMART CRITERIA)! Episode 77
2025-09-08 22:37:20,229 - INFO -    Position Error: 0.5585m
2025-09-08 22:37:20,229 - INFO -    Completion: 100.0% (750/750 steps)
2025-09-08 22:37:20,229 - INFO -    Duration: 25.0s / 25.0s
2025-09-08 22:37:20,229 - INFO -    Composite Score: 144.42
2025-09-08 22:37:20,229 - INFO - 🎯 NEW BEST COMPLETED EPISODE! Episode 77
2025-09-08 22:37:20,229 - INFO -    Position Error: 0.5585m (among completed episodes)
2025-09-08 22:37:20,230 - INFO -    Completion: 100.0% (750/750 steps)
2025-09-08 22:37:20,230 - INFO -    Duration: 25.0s
2025-09-08 22:37:20,235 - INFO - CONVERGENCE EPISODE 77: 0.5585m
2025-09-08 22:37:22,037 - INFO -      80 |   50.41 |   99.162 |    3.3203 |   2.4s ( 9.5%) |   66.2s
2025-09-08 22:37:24,276 - INFO - CONVERGENCE EPISODE 84: 0.7308m
2025-09-08 22:37:30,755 - INFO - 🏆 NEW BEST EPISODE (SMART CRITERIA)! Episode 87
2025-09-08 22:37:30,755 - INFO -    Position Error: 0.5582m
2025-09-08 22:37:30,756 - INFO -    Completion: 100.0% (750/750 steps)
2025-09-08 22:37:30,756 - INFO -    Duration: 25.0s / 25.0s
2025-09-08 22:37:30,756 - INFO -    Composite Score: 144.42
2025-09-08 22:37:30,756 - INFO - 🎯 NEW BEST COMPLETED EPISODE! Episode 87
2025-09-08 22:37:30,756 - INFO -    Position Error: 0.5582m (among completed episodes)
2025-09-08 22:37:30,756 - INFO -    Completion: 100.0% (750/750 steps)
2025-09-08 22:37:30,756 - INFO -    Duration: 25.0s
2025-09-08 22:37:30,762 - INFO - CONVERGENCE EPISODE 87: 0.5582m
2025-09-08 22:37:35,258 - INFO - CONVERGENCE EPISODE 88: 0.5582m
2025-09-08 22:37:39,759 - INFO - 🏆 NEW BEST EPISODE (SMART CRITERIA)! Episode 89
2025-09-08 22:37:39,759 - INFO -    Position Error: 0.5581m
2025-09-08 22:37:39,759 - INFO -    Completion: 100.0% (750/750 steps)
2025-09-08 22:37:39,759 - INFO -    Duration: 25.0s / 25.0s
2025-09-08 22:37:39,759 - INFO -    Composite Score: 144.42
2025-09-08 22:37:39,759 - INFO - 🎯 NEW BEST COMPLETED EPISODE! Episode 89
2025-09-08 22:37:39,759 - INFO -    Position Error: 0.5581m (among completed episodes)
2025-09-08 22:37:39,759 - INFO -    Completion: 100.0% (750/750 steps)
2025-09-08 22:37:39,759 - INFO -    Duration: 25.0s
2025-09-08 22:37:39,765 - INFO - CONVERGENCE EPISODE 89: 0.5581m
2025-09-08 22:37:44,342 - INFO - 🏆 NEW BEST EPISODE (SMART CRITERIA)! Episode 90
2025-09-08 22:37:44,342 - INFO -    Position Error: 0.5581m
2025-09-08 22:37:44,342 - INFO -    Completion: 100.0% (750/750 steps)
2025-09-08 22:37:44,342 - INFO -    Duration: 25.0s / 25.0s
2025-09-08 22:37:44,342 - INFO -    Composite Score: 144.42
2025-09-08 22:37:44,342 - INFO - 🎯 NEW BEST COMPLETED EPISODE! Episode 90
2025-09-08 22:37:44,342 - INFO -    Position Error: 0.5581m (among completed episodes)
2025-09-08 22:37:44,342 - INFO -    Completion: 100.0% (750/750 steps)
2025-09-08 22:37:44,342 - INFO -    Duration: 25.0s
2025-09-08 22:37:44,348 - INFO - CONVERGENCE EPISODE 90: 0.5581m
2025-09-08 22:37:44,348 - INFO -      90 |  665.29 |    0.170 |    0.5581 |  25.0s (100.0%) |   88.5s
2025-09-08 22:37:48,961 - INFO - CONVERGENCE EPISODE 91: 0.5589m
2025-09-08 22:37:53,491 - INFO - CONVERGENCE EPISODE 92: 0.5599m
2025-09-08 22:38:00,646 - INFO - CONVERGENCE EPISODE 98: 0.6205m
2025-09-08 22:38:01,430 - INFO - NEW BEST PERFORMANCE! Episode 99: 0.5161m
2025-09-08 22:38:01,451 - INFO - BEST MODEL SAVED! Episode 99, Error: 0.5161m
2025-09-08 22:38:01,452 - INFO - Best model path: /home/osos/Mohamed_Masters_Thesis/DHP_drone_updated/DHP/trained_models/dhp_cf2x_best
2025-09-08 22:38:01,452 - INFO - All model files saved successfully!
2025-09-08 22:38:01,452 - INFO - CONVERGENCE EPISODE 99: 0.5161m
2025-09-08 22:38:02,188 - INFO - 
2025-09-08 22:38:02,189 - INFO - MILESTONE 100 ANALYSIS:
2025-09-08 22:38:02,189 - INFO -   Recent 50 episodes avg position error: 2.8010 ± 1.6011m
2025-09-08 22:38:02,189 - INFO -   Recent 50 episodes avg cost: 48.476
2025-09-08 22:38:02,189 - INFO -   Convergent episodes ratio (< 1.0m): 20.00%
2025-09-08 22:38:02,189 - INFO -   Total convergent episodes so far: 30
2025-09-08 22:38:02,189 - INFO -   Best performance: 0.5161m at episode 99
2025-09-08 22:38:02,189 - INFO -   Stable performance not yet achieved
2025-09-08 22:38:02,189 - INFO - 
2025-09-08 22:38:02,189 - INFO -     100 |  109.23 |   51.107 |    3.7109 |   3.7s (14.8%) |  106.4s
2025-09-08 22:38:02,793 - INFO - CONVERGENCE EPISODE 101: 0.6833m
2025-09-08 22:38:03,608 - INFO - NEW BEST PERFORMANCE! Episode 102: 0.3957m
2025-09-08 22:38:03,632 - INFO - BEST MODEL SAVED! Episode 102, Error: 0.3957m
2025-09-08 22:38:03,632 - INFO - Best model path: /home/osos/Mohamed_Masters_Thesis/DHP_drone_updated/DHP/trained_models/dhp_cf2x_best
2025-09-08 22:38:03,632 - INFO - All model files saved successfully!
2025-09-08 22:38:03,632 - INFO - CONVERGENCE EPISODE 102: 0.3957m
2025-09-08 22:38:09,863 - INFO -     110 |  150.28 |   10.846 |    4.8039 |   4.5s (17.9%) |  114.0s
2025-09-08 22:38:18,366 - INFO -     120 |  185.20 |   30.393 |    3.4965 |   4.8s (19.1%) |  122.5s
2025-09-08 22:38:21,315 - INFO - CONVERGENCE EPISODE 124: 0.7124m
2025-09-08 22:38:25,139 - INFO -     130 |  104.95 |   53.680 |    2.7657 |   3.5s (14.0%) |  129.3s
2025-09-08 22:38:32,096 - INFO -     140 |   95.43 |   60.719 |    1.4348 |   3.1s (12.3%) |  136.3s
2025-09-08 22:38:33,408 - INFO - NEW BEST PERFORMANCE! Episode 142: 0.2401m
2025-09-08 22:38:33,429 - INFO - BEST MODEL SAVED! Episode 142, Error: 0.2401m
2025-09-08 22:38:33,429 - INFO - Best model path: /home/osos/Mohamed_Masters_Thesis/DHP_drone_updated/DHP/trained_models/dhp_cf2x_best
2025-09-08 22:38:33,429 - INFO - All model files saved successfully!
2025-09-08 22:38:33,429 - INFO - CONVERGENCE EPISODE 142: 0.2401m
2025-09-08 22:38:38,907 - INFO -     150 |   59.73 |   17.665 |    2.1909 |   3.4s (13.6%) |  143.1s
2025-09-08 22:38:40,387 - INFO - CONVERGENCE EPISODE 152: 0.6971m
2025-09-08 22:38:41,130 - INFO - CONVERGENCE EPISODE 153: 0.4221m
2025-09-08 22:38:42,473 - INFO - CONVERGENCE EPISODE 155: 0.9380m
2025-09-08 22:38:45,885 - INFO -     160 |  110.64 |   48.675 |    2.1730 |   3.9s (15.6%) |  150.1s
2025-09-08 22:38:52,791 - INFO -     170 |   75.23 |   33.190 |    1.6625 |   2.3s ( 9.1%) |  157.0s
2025-09-08 22:38:55,086 - INFO - CONVERGENCE EPISODE 174: 0.9534m
2025-09-08 22:38:55,567 - INFO - CONVERGENCE EPISODE 175: 0.3984m
2025-09-08 22:38:56,406 - INFO - CONVERGENCE EPISODE 176: 0.4003m
2025-09-08 22:38:56,953 - INFO - CONVERGENCE EPISODE 177: 0.2683m
2025-09-08 22:38:59,099 - INFO -     180 |  113.54 |   35.391 |    2.2622 |   3.3s (13.3%) |  163.3s
2025-09-08 22:39:05,740 - INFO -     190 |  121.74 |   33.279 |    5.3122 |   4.1s (16.3%) |  169.9s
2025-09-08 22:39:07,107 - INFO - CONVERGENCE EPISODE 192: 0.5345m
2025-09-08 22:39:09,457 - INFO - CONVERGENCE EPISODE 195: 0.3129m
2025-09-08 22:39:12,205 - INFO - 
================================================================================
2025-09-08 22:39:12,205 - INFO - TRAINING COMPLETED - FINAL ANALYSIS
2025-09-08 22:39:12,205 - INFO - ================================================================================
2025-09-08 22:39:12,206 - INFO - Total training time: 176.4 seconds (2.9 minutes)
2025-09-08 22:39:12,206 - INFO - Final episode reward: 81.55
2025-09-08 22:39:12,206 - INFO - Final position error: 4.8842m
2025-09-08 22:39:12,206 - INFO - 
EPISODE COMPLETION STATISTICS:
2025-09-08 22:39:12,206 - INFO - Average completion rate: 18.2%
2025-09-08 22:39:12,206 - INFO - Episodes completed (≥90%): 9/200 (4.5%)
2025-09-08 22:39:12,206 - INFO - Best completed episode: #90 with error 0.5581m
2025-09-08 22:39:12,206 - INFO - 
BEST EPISODE ANALYSIS:
2025-09-08 22:39:12,206 - INFO - Best overall episode (smart criteria): #142
2025-09-08 22:39:12,206 - INFO -   Position error: 0.2401m
2025-09-08 22:39:12,206 - INFO -   Composite score: 144.42
2025-09-08 22:39:12,206 - INFO - Total convergent episodes (< 1.0m): 43/200 (21.50%)
2025-09-08 22:39:12,206 - INFO - Stable performance achieved: No
2025-09-08 22:39:12,206 - INFO - Position error statistics:
2025-09-08 22:39:12,206 - INFO -   Mean: 2.7991m
2025-09-08 22:39:12,206 - INFO -   Std:  1.7974m
2025-09-08 22:39:12,207 - INFO -   Min:  0.1525m
2025-09-08 22:39:12,207 - INFO -   Max:  6.8083m
2025-09-08 22:39:12,207 - INFO -   Median: 2.4523m
2025-09-08 22:39:12,207 - INFO - Performance distribution:
2025-09-08 22:39:12,207 - INFO -   Excellent (< 0.5m): 21 episodes (10.5%)
2025-09-08 22:39:12,207 - INFO -   Good (0.5-1.0m):   22 episodes (11.0%)
2025-09-08 22:39:12,207 - INFO -   Acceptable (1.0-1.5m): 17 episodes (8.5%)
2025-09-08 22:39:12,207 - INFO -   Poor (> 1.5m):     140 episodes (70.0%)
2025-09-08 22:39:12,207 - INFO - 
TRAINING CONFIGURATION EFFECTIVENESS:
2025-09-08 22:39:12,207 - INFO - ----------------------------------------
2025-09-08 22:39:12,207 - INFO - Episodes needed for first convergence: 13
2025-09-08 22:39:12,207 - INFO - Excitation phase ended at episode: 6
2025-09-08 22:39:12,210 - INFO - Training metrics saved to: /home/osos/Mohamed_Masters_Thesis/DHP_drone_updated/DHP/training_logs/dhp_split_metrics_20250908_223912.json
2025-09-08 22:39:12,210 - INFO - 
BEST MODEL CONFIRMED:
2025-09-08 22:39:12,210 - INFO -   Episode: 142
2025-09-08 22:39:12,210 - INFO -   Position Error: 0.2401m
2025-09-08 22:39:12,210 - INFO -   Model files: dhp_cf2x_best_*
2025-09-08 22:39:12,210 - INFO - ================================================================================
2025-09-08 22:39:12,210 - INFO - TRAINING SESSION COMPLETED
2025-09-08 22:39:12,210 - INFO - Detailed log saved to: /home/osos/Mohamed_Masters_Thesis/DHP_drone_updated/DHP/training_logs/dhp_split_training_20250908_223615.log
2025-09-08 22:39:12,210 - INFO - ================================================================================
2025-09-08 22:39:12,213 - INFO - Best episode replay data saved: /home/osos/Mohamed_Masters_Thesis/DHP_drone_updated/DHP/best_episode_replays/best_episode_replay_ep90_error0.5581_20250908_223912.pkl
2025-09-08 22:39:12,213 - INFO -   Episode: 90, Error: 0.5581m
2025-09-08 22:39:12,213 - INFO -   Action sequence: 750 steps
2025-09-08 22:39:12,213 - INFO -   Duration: 25.00 seconds
2025-09-08 22:39:12,213 - INFO -   Control frequency: 30.0 Hz
2025-09-08 22:39:37,204 - INFO - 
==================================================
2025-09-08 22:39:37,204 - INFO - STARTING BEST EPISODE REPLAY
2025-09-08 22:39:37,205 - INFO - ==================================================
2025-09-08 22:40:03,703 - INFO - Best episode replay completed successfully
2025-09-08 22:40:03,703 - INFO - Original error: 0.5581m, Replay error: 0.5581m
2025-09-08 22:40:03,703 - INFO - Training and best episode replay session completed successfully!
