2025-09-12 17:41:42,446 - INFO - ================================================================================
2025-09-12 17:41:42,446 - INFO - DHP SPLIT ARCHITECTURE TRAINING SESSION STARTED
2025-09-12 17:41:42,446 - INFO - ================================================================================
2025-09-12 17:41:42,446 - INFO - HYPERPARAMETERS:
2025-09-12 17:41:42,446 - INFO - ----------------------------------------
2025-09-12 17:41:42,447 - INFO - action_size              : 4
2025-09-12 17:41:42,447 - INFO - best_episode_gui         : False
2025-09-12 17:41:42,447 - INFO - coordination_strength    : 0.1
2025-09-12 17:41:42,447 - INFO - coordination_warmup_episodes: 400
2025-09-12 17:41:42,447 - INFO - dt                       : 0.03333333333333333
2025-09-12 17:41:42,447 - INFO - episode_length           : 20.0
2025-09-12 17:41:42,447 - INFO - excitation_amplitude     : 0.03
2025-09-12 17:41:42,447 - INFO - excitation_steps         : 12500
2025-09-12 17:41:42,447 - INFO - gamma                    : 0.98
2025-09-12 17:41:42,447 - INFO - gradient_clip_value      : 0.5
2025-09-12 17:41:42,447 - INFO - gui                      : False
2025-09-12 17:41:42,447 - INFO - hidden_layer_size        : [64, 64, 32]
2025-09-12 17:41:42,447 - INFO - log_interval             : 10
2025-09-12 17:41:42,447 - INFO - lr_actor                 : 0.0005
2025-09-12 17:41:42,447 - INFO - lr_critic                : 0.001
2025-09-12 17:41:42,447 - INFO - lr_decay                 : 0.9999
2025-09-12 17:41:42,447 - INFO - normalize_states         : True
2025-09-12 17:41:42,447 - INFO - num_episodes             : 2500
2025-09-12 17:41:42,447 - INFO - predict_delta            : False
2025-09-12 17:41:42,447 - INFO - record                   : False
2025-09-12 17:41:42,447 - INFO - record_best_episodes     : True
2025-09-12 17:41:42,447 - INFO - recording_fps            : 30
2025-09-12 17:41:42,447 - INFO - reference_size           : 8
2025-09-12 17:41:42,447 - INFO - rls_action_size          : 4
2025-09-12 17:41:42,447 - INFO - rls_covariance           : 100.0
2025-09-12 17:41:42,447 - INFO - rls_gamma                : 0.9995
2025-09-12 17:41:42,448 - INFO - rls_state_size           : 8
2025-09-12 17:41:42,448 - INFO - save_interval            : 100
2025-09-12 17:41:42,448 - INFO - split                    : False
2025-09-12 17:41:42,448 - INFO - state_bounds             : {'z': [0.0, 5.0], 'roll': [-1.5707963267948966, 1.5707963267948966], 'pitch': [-1.5707963267948966, 1.5707963267948966], 'yaw': [-3.141592653589793, 3.141592653589793], 'vz': [-12.0, 12.0], 'wx': [-10.0, 10.0], 'wy': [-10.0, 10.0], 'wz': [-10.0, 10.0]}
2025-09-12 17:41:42,448 - INFO - state_size               : 8
2025-09-12 17:41:42,448 - INFO - target_network           : True
2025-09-12 17:41:42,448 - INFO - target_pos               : [0.5, 0.5, 1.0]
2025-09-12 17:41:42,448 - INFO - tau                      : 0.001
2025-09-12 17:41:42,448 - INFO - trajectory_type          : spiral
2025-09-12 17:41:42,448 - INFO - update_cycles            : 2
2025-09-12 17:41:42,448 - INFO - use_trajectory           : False
2025-09-12 17:41:42,448 - INFO - ----------------------------------------
2025-09-12 17:41:42,448 - INFO - Log file: /home/osos/Mohamed_Masters_Thesis/DHP_drone_updated/DHP/training_logs/dhp_split_training_20250912_174142.log
2025-09-12 17:41:42,448 - INFO - ================================================================================
2025-09-12 17:41:42,448 - INFO - 
TRAJECTORY TRAINING CONFIGURATION:
2025-09-12 17:41:42,448 - INFO -   num_episodes: 2000
2025-09-12 17:41:42,448 - INFO -   episode_length: 25.0
2025-09-12 17:41:42,448 - INFO -   excitation_steps: 5000
2025-09-12 17:41:42,448 - INFO -   log_interval: 10
2025-09-12 17:41:42,448 - INFO -   save_interval: 50
2025-09-12 17:41:42,448 - INFO -   gui: False
2025-09-12 17:41:42,448 - INFO -   record: False
2025-09-12 17:41:42,448 - INFO -   normalize_states: True
2025-09-12 17:41:42,448 - INFO -   record_best_episodes: True
2025-09-12 17:41:42,448 - INFO -   coordination_warmup_episodes: 200
2025-09-12 17:41:42,448 - INFO -   coordination_strength: 0.15
2025-09-12 17:41:42,448 - INFO -   use_trajectory: True
2025-09-12 17:41:42,449 - INFO -   trajectory_type: spiral
2025-09-12 17:41:42,449 - INFO -   target_pos: [0.0, 0.0, 1.0]
2025-09-12 17:41:42,449 - INFO - 
==================================================
2025-09-12 17:41:42,449 - INFO - STARTING DHP TRAINING FOR CF2X QUADROTOR
2025-09-12 17:41:42,449 - INFO - ==================================================
2025-09-12 17:41:42,560 - WARNING - From /home/osos/Mohamed_Masters_Thesis/DHP_drone_updated/msc-thesis/agents/dhp.py:88: The name tf.Session is deprecated. Please use tf.compat.v1.Session instead.

2025-09-12 17:41:42,645 - WARNING - From /home/osos/Mohamed_Masters_Thesis/DHP_drone_updated/msc-thesis/agents/dhp.py:117: The name tf.placeholder is deprecated. Please use tf.compat.v1.placeholder instead.

2025-09-12 17:41:42,647 - WARNING - From /home/osos/Mohamed_Masters_Thesis/DHP_drone_updated/msc-thesis/agents/dhp.py:119: The name tf.placeholder_with_default is deprecated. Please use tf.compat.v1.placeholder_with_default instead.

2025-09-12 17:41:42,650 - WARNING - From /home/osos/Mohamed_Masters_Thesis/DHP_drone_updated/msc-thesis/agents/dhp.py:141: The name tf.variable_scope is deprecated. Please use tf.compat.v1.variable_scope instead.

2025-09-12 17:41:42,650 - WARNING - From /home/osos/Mohamed_Masters_Thesis/DHP_drone_updated/msc-thesis/agents/dhp.py:145: dense (from tensorflow.python.layers.core) is deprecated and will be removed in a future version.
Instructions for updating:
Use keras.layers.Dense instead.
2025-09-12 17:41:42,651 - WARNING - From /home/osos/anaconda3/envs/DHP/lib/python3.7/site-packages/tensorflow_core/python/layers/core.py:187: Layer.apply (from tensorflow.python.keras.engine.base_layer) is deprecated and will be removed in a future version.
Instructions for updating:
Please use `layer.__call__` method instead.
2025-09-12 17:41:42,675 - WARNING - From /home/osos/Mohamed_Masters_Thesis/DHP_drone_updated/msc-thesis/agents/dhp.py:150: The name tf.trainable_variables is deprecated. Please use tf.compat.v1.trainable_variables instead.

2025-09-12 17:41:42,686 - WARNING - From /home/osos/Mohamed_Masters_Thesis/DHP_drone_updated/msc-thesis/agents/dhp.py:156: The name tf.train.GradientDescentOptimizer is deprecated. Please use tf.compat.v1.train.GradientDescentOptimizer instead.

2025-09-12 17:41:42,714 - WARNING - From /home/osos/Mohamed_Masters_Thesis/DHP_drone_updated/msc-thesis/agents/dhp.py:173: The name tf.assign is deprecated. Please use tf.compat.v1.assign instead.

2025-09-12 17:41:42,834 - WARNING - From /home/osos/Mohamed_Masters_Thesis/DHP_drone_updated/msc-thesis/agents/dhp.py:97: The name tf.summary.merge_all is deprecated. Please use tf.compat.v1.summary.merge_all instead.

2025-09-12 17:41:42,834 - WARNING - From /home/osos/Mohamed_Masters_Thesis/DHP_drone_updated/msc-thesis/agents/dhp.py:98: The name tf.train.Saver is deprecated. Please use tf.compat.v1.train.Saver instead.

2025-09-12 17:41:42,846 - WARNING - From /home/osos/Mohamed_Masters_Thesis/DHP_drone_updated/msc-thesis/agents/dhp.py:99: The name tf.global_variables_initializer is deprecated. Please use tf.compat.v1.global_variables_initializer instead.

2025-09-12 17:41:42,897 - INFO - 
Training for 2000 episodes...
2025-09-12 17:41:42,897 - INFO - Episode | Reward  | Avg Cost | Pos Error | Duration (Completion) | Time
2025-09-12 17:41:42,897 - INFO - -------------------------------------------------------------------------------------
2025-09-12 17:41:44,057 - INFO - 🏆 NEW BEST EPISODE (SMART CRITERIA)! Episode 0
2025-09-12 17:41:44,057 - INFO -    Position Error: 4.6943m
2025-09-12 17:41:44,057 - INFO -    Completion: 16.3% (122/750 steps)
2025-09-12 17:41:44,057 - INFO -    Duration: 4.1s / 25.0s
2025-09-12 17:41:44,057 - INFO -    Composite Score: -30.68
2025-09-12 17:41:44,058 - INFO -       0 |   89.21 |   41.267 |    4.6943 |   4.1s (16.3%) |    1.2s
2025-09-12 17:41:44,896 - INFO - 🏆 NEW BEST EPISODE (SMART CRITERIA)! Episode 1
2025-09-12 17:41:44,896 - INFO -    Position Error: 4.2280m
2025-09-12 17:41:44,896 - INFO -    Completion: 17.7% (133/750 steps)
2025-09-12 17:41:44,896 - INFO -    Duration: 4.4s / 25.0s
2025-09-12 17:41:44,896 - INFO -    Composite Score: -24.55
2025-09-12 17:41:48,361 - INFO - 🏆 NEW BEST EPISODE (SMART CRITERIA)! Episode 2
2025-09-12 17:41:48,361 - INFO -    Position Error: 7.1723m
2025-09-12 17:41:48,362 - INFO -    Completion: 69.6% (522/750 steps)
2025-09-12 17:41:48,362 - INFO -    Duration: 17.4s / 25.0s
2025-09-12 17:41:48,362 - INFO -    Composite Score: -2.12
2025-09-12 17:41:49,231 - INFO - NEW BEST PERFORMANCE! Episode 3: 5.9973m
2025-09-12 17:41:49,271 - INFO - BEST MODEL SAVED! Episode 3, Error: 5.9973m
2025-09-12 17:41:49,272 - INFO - Best model path: /home/osos/Mohamed_Masters_Thesis/DHP_drone_updated/DHP/trained_models/dhp_cf2x_best
2025-09-12 17:41:49,272 - INFO - All model files saved successfully!
2025-09-12 17:41:50,110 - INFO - NEW BEST PERFORMANCE! Episode 4: 5.5090m
2025-09-12 17:41:50,131 - INFO - BEST MODEL SAVED! Episode 4, Error: 5.5090m
2025-09-12 17:41:50,131 - INFO - Best model path: /home/osos/Mohamed_Masters_Thesis/DHP_drone_updated/DHP/trained_models/dhp_cf2x_best
2025-09-12 17:41:50,131 - INFO - All model files saved successfully!
2025-09-12 17:41:50,935 - INFO - NEW BEST PERFORMANCE! Episode 5: 4.9978m
2025-09-12 17:41:50,954 - INFO - BEST MODEL SAVED! Episode 5, Error: 4.9978m
2025-09-12 17:41:50,954 - INFO - Best model path: /home/osos/Mohamed_Masters_Thesis/DHP_drone_updated/DHP/trained_models/dhp_cf2x_best
2025-09-12 17:41:50,954 - INFO - All model files saved successfully!
2025-09-12 17:41:55,533 - INFO -      10 |   73.97 |   38.341 |    6.0542 |   3.6s (14.4%) |   12.6s
2025-09-12 17:42:03,005 - INFO -      20 |   73.81 |   40.934 |    5.6002 |   4.6s (18.3%) |   20.1s
2025-09-12 17:42:11,026 - INFO - NEW BEST PERFORMANCE! Episode 30: 4.8532m
2025-09-12 17:42:11,045 - INFO - BEST MODEL SAVED! Episode 30, Error: 4.8532m
2025-09-12 17:42:11,045 - INFO - Best model path: /home/osos/Mohamed_Masters_Thesis/DHP_drone_updated/DHP/trained_models/dhp_cf2x_best
2025-09-12 17:42:11,045 - INFO - All model files saved successfully!
2025-09-12 17:42:11,045 - INFO -      30 |   79.69 |   39.402 |    4.8532 |   4.4s (17.5%) |   28.1s
2025-09-12 17:42:11,828 - INFO - NEW BEST PERFORMANCE! Episode 31: 4.6073m
2025-09-12 17:42:11,847 - INFO - BEST MODEL SAVED! Episode 31, Error: 4.6073m
2025-09-12 17:42:11,848 - INFO - Best model path: /home/osos/Mohamed_Masters_Thesis/DHP_drone_updated/DHP/trained_models/dhp_cf2x_best
2025-09-12 17:42:11,848 - INFO - All model files saved successfully!
2025-09-12 17:42:14,241 - INFO - NEW BEST PERFORMANCE! Episode 34: 4.2266m
2025-09-12 17:42:14,264 - INFO - BEST MODEL SAVED! Episode 34, Error: 4.2266m
2025-09-12 17:42:14,264 - INFO - Best model path: /home/osos/Mohamed_Masters_Thesis/DHP_drone_updated/DHP/trained_models/dhp_cf2x_best
2025-09-12 17:42:14,265 - INFO - All model files saved successfully!
2025-09-12 17:42:19,578 - INFO -      40 |   96.81 |   40.837 |    4.5815 |   4.7s (18.9%) |   36.7s
2025-09-12 17:42:24,378 - INFO - NEW BEST PERFORMANCE! Episode 46: 4.1480m
2025-09-12 17:42:24,400 - INFO - BEST MODEL SAVED! Episode 46, Error: 4.1480m
2025-09-12 17:42:24,400 - INFO - Best model path: /home/osos/Mohamed_Masters_Thesis/DHP_drone_updated/DHP/trained_models/dhp_cf2x_best
2025-09-12 17:42:24,401 - INFO - All model files saved successfully!
2025-09-12 17:42:25,171 - INFO - NEW BEST PERFORMANCE! Episode 47: 4.1078m
2025-09-12 17:42:25,191 - INFO - BEST MODEL SAVED! Episode 47, Error: 4.1078m
2025-09-12 17:42:25,191 - INFO - Best model path: /home/osos/Mohamed_Masters_Thesis/DHP_drone_updated/DHP/trained_models/dhp_cf2x_best
2025-09-12 17:42:25,191 - INFO - All model files saved successfully!
2025-09-12 17:42:26,785 - INFO - NEW BEST PERFORMANCE! Episode 49: 4.0828m
2025-09-12 17:42:26,805 - INFO - BEST MODEL SAVED! Episode 49, Error: 4.0828m
2025-09-12 17:42:26,805 - INFO - Best model path: /home/osos/Mohamed_Masters_Thesis/DHP_drone_updated/DHP/trained_models/dhp_cf2x_best
2025-09-12 17:42:26,805 - INFO - All model files saved successfully!
2025-09-12 17:42:27,555 - INFO -      50 |   86.19 |   38.757 |    4.2273 |   3.9s (15.6%) |   44.7s
2025-09-12 17:42:35,307 - INFO -      60 |   71.22 |   39.234 |    4.7012 |   3.5s (14.0%) |   52.4s
2025-09-12 17:42:42,487 - INFO -      70 |   64.31 |   40.916 |    4.1662 |   4.2s (16.7%) |   59.6s
2025-09-12 17:42:49,441 - INFO -      80 |   52.66 |   40.862 |    5.7271 |   3.0s (12.1%) |   66.5s
2025-09-12 17:42:57,254 - INFO - 🏆 NEW BEST EPISODE (SMART CRITERIA)! Episode 86
2025-09-12 17:42:57,254 - INFO -    Position Error: 4.5489m
2025-09-12 17:42:57,254 - INFO -    Completion: 89.1% (668/750 steps)
2025-09-12 17:42:57,254 - INFO -    Duration: 22.3s / 25.0s
2025-09-12 17:42:57,254 - INFO -    Composite Score: 43.58
2025-09-12 17:42:59,705 - INFO -      90 |   49.25 |   38.089 |    5.8851 |   3.0s (11.9%) |   76.8s
2025-09-12 17:43:08,710 - INFO - 
2025-09-12 17:43:08,710 - INFO - MILESTONE 100 ANALYSIS:
2025-09-12 17:43:08,710 - INFO -   Recent 50 episodes avg position error: 5.0910 ± 0.7683m
2025-09-12 17:43:08,710 - INFO -   Recent 50 episodes avg cost: 43.109
2025-09-12 17:43:08,710 - INFO -   Convergent episodes ratio (< 1.0m): 0.00%
2025-09-12 17:43:08,710 - INFO -   Total convergent episodes so far: 0
2025-09-12 17:43:08,710 - INFO -   Best performance: 4.5489m at episode 86
2025-09-12 17:43:08,710 - INFO -   Stable performance not yet achieved
2025-09-12 17:43:08,710 - INFO - 
2025-09-12 17:43:08,710 - INFO -     100 |   51.08 |   43.771 |    5.4788 |   3.2s (12.9%) |   85.8s
2025-09-12 17:43:11,578 - INFO - NEW BEST PERFORMANCE! Episode 104: 4.5118m
2025-09-12 17:43:11,598 - INFO - BEST MODEL SAVED! Episode 104, Error: 4.5118m
2025-09-12 17:43:11,598 - INFO - Best model path: /home/osos/Mohamed_Masters_Thesis/DHP_drone_updated/DHP/trained_models/dhp_cf2x_best
2025-09-12 17:43:11,598 - INFO - All model files saved successfully!
2025-09-12 17:43:15,160 - INFO - NEW BEST PERFORMANCE! Episode 108: 4.2817m
2025-09-12 17:43:15,179 - INFO - BEST MODEL SAVED! Episode 108, Error: 4.2817m
2025-09-12 17:43:15,179 - INFO - Best model path: /home/osos/Mohamed_Masters_Thesis/DHP_drone_updated/DHP/trained_models/dhp_cf2x_best
2025-09-12 17:43:15,179 - INFO - All model files saved successfully!
2025-09-12 17:43:16,973 - INFO -     110 |   51.40 |   46.200 |    4.2969 |   5.0s (20.0%) |   94.1s
2025-09-12 17:43:23,908 - INFO -     120 |   47.38 |   45.355 |    5.7399 |   3.2s (12.9%) |  101.0s
2025-09-12 17:43:29,788 - INFO - NEW BEST PERFORMANCE! Episode 128: 4.2754m
2025-09-12 17:43:29,809 - INFO - BEST MODEL SAVED! Episode 128, Error: 4.2754m
2025-09-12 17:43:29,809 - INFO - Best model path: /home/osos/Mohamed_Masters_Thesis/DHP_drone_updated/DHP/trained_models/dhp_cf2x_best
2025-09-12 17:43:29,809 - INFO - All model files saved successfully!
2025-09-12 17:43:31,311 - INFO -     130 |   45.98 |   49.131 |    4.6544 |   4.1s (16.4%) |  108.4s
2025-09-12 17:43:37,846 - INFO -     140 |   46.09 |   48.062 |    5.9131 |   3.2s (12.9%) |  114.9s
2025-09-12 17:43:44,282 - INFO -     150 |   47.26 |   51.792 |    4.5658 |   4.3s (17.3%) |  121.4s
2025-09-12 17:43:51,561 - INFO - NEW BEST PERFORMANCE! Episode 159: 4.2062m
2025-09-12 17:43:51,581 - INFO - BEST MODEL SAVED! Episode 159, Error: 4.2062m
2025-09-12 17:43:51,582 - INFO - Best model path: /home/osos/Mohamed_Masters_Thesis/DHP_drone_updated/DHP/trained_models/dhp_cf2x_best
2025-09-12 17:43:51,582 - INFO - All model files saved successfully!
2025-09-12 17:43:52,770 - INFO -     160 |   49.69 |   53.502 |    5.8656 |   6.0s (24.1%) |  129.9s
2025-09-12 17:43:59,373 - INFO - NEW BEST PERFORMANCE! Episode 169: 4.1610m
2025-09-12 17:43:59,392 - INFO - BEST MODEL SAVED! Episode 169, Error: 4.1610m
2025-09-12 17:43:59,392 - INFO - Best model path: /home/osos/Mohamed_Masters_Thesis/DHP_drone_updated/DHP/trained_models/dhp_cf2x_best
2025-09-12 17:43:59,392 - INFO - All model files saved successfully!
2025-09-12 17:44:00,412 - INFO -     170 |   52.83 |   47.129 |    4.4950 |   5.0s (20.1%) |  137.5s
2025-09-12 17:44:06,990 - INFO -     180 |   56.42 |   38.418 |    5.6663 |   3.1s (12.4%) |  144.1s
2025-09-12 17:44:13,823 - INFO -     190 |   57.98 |   45.885 |    5.6894 |   3.3s (13.1%) |  150.9s
2025-09-12 17:44:18,134 - INFO - NEW BEST PERFORMANCE! Episode 196: 4.1289m
2025-09-12 17:44:18,154 - INFO - BEST MODEL SAVED! Episode 196, Error: 4.1289m
2025-09-12 17:44:18,154 - INFO - Best model path: /home/osos/Mohamed_Masters_Thesis/DHP_drone_updated/DHP/trained_models/dhp_cf2x_best
2025-09-12 17:44:18,155 - INFO - All model files saved successfully!
2025-09-12 17:44:21,262 - INFO -     200 |   56.74 |   46.724 |    4.7278 |   3.7s (14.9%) |  158.4s
2025-09-12 17:44:21,909 - INFO - 
🛑 EARLY STOPPING TRIGGERED at episode 201
2025-09-12 17:44:21,909 - INFO -    No improvement for 202 episodes
2025-09-12 17:44:21,909 - INFO -    Best performance: 4.1289m at episode 196
2025-09-12 17:44:21,909 - INFO -    Threshold: 0.8m
2025-09-12 17:44:21,910 - INFO - 
================================================================================
2025-09-12 17:44:21,910 - INFO - TRAINING COMPLETED - FINAL ANALYSIS
2025-09-12 17:44:21,910 - INFO - ================================================================================
2025-09-12 17:44:21,910 - INFO - Total training time: 159.0 seconds (2.7 minutes)
2025-09-12 17:44:21,910 - INFO - Final episode reward: 56.79
2025-09-12 17:44:21,910 - INFO - Final position error: 5.5395m
2025-09-12 17:44:21,910 - INFO - 
EPISODE COMPLETION STATISTICS:
2025-09-12 17:44:21,910 - INFO - Average completion rate: 16.3%
2025-09-12 17:44:21,910 - INFO - Episodes completed (≥90%): 0/202 (0.0%)
2025-09-12 17:44:21,910 - INFO - No episodes achieved ≥90% completion
2025-09-12 17:44:21,910 - INFO - 
BEST EPISODE ANALYSIS:
2025-09-12 17:44:21,910 - INFO - Best overall episode (smart criteria): #196
2025-09-12 17:44:21,910 - INFO -   Position error: 4.1289m
2025-09-12 17:44:21,910 - INFO -   Composite score: 43.58
2025-09-12 17:44:21,911 - INFO - Total convergent episodes (< 1.0m): 0/202 (0.00%)
2025-09-12 17:44:21,911 - INFO - Stable performance achieved: No
2025-09-12 17:44:21,911 - INFO - Position error statistics:
2025-09-12 17:44:21,911 - INFO -   Mean: 5.1854m
2025-09-12 17:44:21,911 - INFO -   Std:  0.7494m
2025-09-12 17:44:21,911 - INFO -   Min:  4.0828m
2025-09-12 17:44:21,911 - INFO -   Max:  7.1723m
2025-09-12 17:44:21,911 - INFO -   Median: 5.3259m
2025-09-12 17:44:21,911 - INFO - Performance distribution:
2025-09-12 17:44:21,912 - INFO -   Excellent (< 0.5m): 0 episodes (0.0%)
2025-09-12 17:44:21,912 - INFO -   Good (0.5-1.0m):   0 episodes (0.0%)
2025-09-12 17:44:21,912 - INFO -   Acceptable (1.0-1.5m): 0 episodes (0.0%)
2025-09-12 17:44:21,912 - INFO -   Poor (> 1.5m):     202 episodes (100.0%)
2025-09-12 17:44:21,912 - INFO - 
TRAINING CONFIGURATION EFFECTIVENESS:
2025-09-12 17:44:21,912 - INFO - ----------------------------------------
2025-09-12 17:44:21,912 - INFO - Episodes needed for first convergence: N/A
2025-09-12 17:44:21,912 - INFO - Excitation phase ended at episode: 6
2025-09-12 17:44:21,915 - INFO - Training metrics saved to: /home/osos/Mohamed_Masters_Thesis/DHP_drone_updated/DHP/training_logs/dhp_split_metrics_20250912_174421.json
2025-09-12 17:44:21,915 - INFO - 
BEST MODEL CONFIRMED:
2025-09-12 17:44:21,915 - INFO -   Episode: 196
2025-09-12 17:44:21,915 - INFO -   Position Error: 4.1289m
2025-09-12 17:44:21,915 - INFO -   Model files: dhp_cf2x_best_*
2025-09-12 17:44:21,915 - INFO - ================================================================================
2025-09-12 17:44:21,915 - INFO - TRAINING SESSION COMPLETED
2025-09-12 17:44:21,915 - INFO - Detailed log saved to: /home/osos/Mohamed_Masters_Thesis/DHP_drone_updated/DHP/training_logs/dhp_split_training_20250912_174142.log
2025-09-12 17:44:21,915 - INFO - ================================================================================
2025-09-12 17:44:21,917 - INFO - Best episode replay data saved: /home/osos/Mohamed_Masters_Thesis/DHP_drone_updated/DHP/best_episode_replays/best_episode_replay_ep86_error4.5489_20250912_174421.pkl
2025-09-12 17:44:21,918 - INFO -   Episode: 86, Error: 4.5489m
2025-09-12 17:44:21,918 - INFO -   Action sequence: 668 steps
2025-09-12 17:44:21,918 - INFO -   Duration: 22.27 seconds
2025-09-12 17:44:21,918 - INFO -   Control frequency: 30.0 Hz
2025-09-12 17:45:01,418 - INFO - 
==================================================
2025-09-12 17:45:01,418 - INFO - STARTING BEST EPISODE REPLAY
2025-09-12 17:45:01,418 - INFO - ==================================================
