2025-09-12 17:37:59,932 - INFO - ================================================================================
2025-09-12 17:37:59,932 - INFO - DHP SPLIT ARCHITECTURE TRAINING SESSION STARTED
2025-09-12 17:37:59,932 - INFO - ================================================================================
2025-09-12 17:37:59,932 - INFO - HYPERPARAMETERS:
2025-09-12 17:37:59,932 - INFO - ----------------------------------------
2025-09-12 17:37:59,932 - INFO - action_size              : 4
2025-09-12 17:37:59,932 - INFO - best_episode_gui         : False
2025-09-12 17:37:59,932 - INFO - coordination_strength    : 0.1
2025-09-12 17:37:59,932 - INFO - coordination_warmup_episodes: 400
2025-09-12 17:37:59,933 - INFO - dt                       : 0.03333333333333333
2025-09-12 17:37:59,933 - INFO - episode_length           : 20.0
2025-09-12 17:37:59,933 - INFO - excitation_amplitude     : 0.03
2025-09-12 17:37:59,933 - INFO - excitation_steps         : 12500
2025-09-12 17:37:59,933 - INFO - gamma                    : 0.98
2025-09-12 17:37:59,933 - INFO - gradient_clip_value      : 0.5
2025-09-12 17:37:59,933 - INFO - gui                      : False
2025-09-12 17:37:59,933 - INFO - hidden_layer_size        : [64, 64, 32]
2025-09-12 17:37:59,933 - INFO - log_interval             : 10
2025-09-12 17:37:59,933 - INFO - lr_actor                 : 0.005
2025-09-12 17:37:59,933 - INFO - lr_critic                : 0.01
2025-09-12 17:37:59,933 - INFO - lr_decay                 : 0.9999
2025-09-12 17:37:59,933 - INFO - normalize_states         : True
2025-09-12 17:37:59,933 - INFO - num_episodes             : 2500
2025-09-12 17:37:59,933 - INFO - predict_delta            : False
2025-09-12 17:37:59,933 - INFO - record                   : False
2025-09-12 17:37:59,933 - INFO - record_best_episodes     : True
2025-09-12 17:37:59,934 - INFO - recording_fps            : 30
2025-09-12 17:37:59,934 - INFO - reference_size           : 8
2025-09-12 17:37:59,934 - INFO - rls_action_size          : 4
2025-09-12 17:37:59,934 - INFO - rls_covariance           : 100.0
2025-09-12 17:37:59,934 - INFO - rls_gamma                : 0.9995
2025-09-12 17:37:59,934 - INFO - rls_state_size           : 8
2025-09-12 17:37:59,934 - INFO - save_interval            : 100
2025-09-12 17:37:59,934 - INFO - split                    : False
2025-09-12 17:37:59,934 - INFO - state_bounds             : {'z': [0.0, 5.0], 'roll': [-1.5707963267948966, 1.5707963267948966], 'pitch': [-1.5707963267948966, 1.5707963267948966], 'yaw': [-3.141592653589793, 3.141592653589793], 'vz': [-12.0, 12.0], 'wx': [-10.0, 10.0], 'wy': [-10.0, 10.0], 'wz': [-10.0, 10.0]}
2025-09-12 17:37:59,934 - INFO - state_size               : 8
2025-09-12 17:37:59,934 - INFO - target_network           : True
2025-09-12 17:37:59,934 - INFO - target_pos               : [0.5, 0.5, 1.0]
2025-09-12 17:37:59,934 - INFO - tau                      : 0.001
2025-09-12 17:37:59,934 - INFO - trajectory_type          : spiral
2025-09-12 17:37:59,934 - INFO - update_cycles            : 2
2025-09-12 17:37:59,934 - INFO - use_trajectory           : False
2025-09-12 17:37:59,935 - INFO - ----------------------------------------
2025-09-12 17:37:59,935 - INFO - Log file: /home/osos/Mohamed_Masters_Thesis/DHP_drone_updated/DHP/training_logs/dhp_split_training_20250912_173759.log
2025-09-12 17:37:59,935 - INFO - ================================================================================
2025-09-12 17:37:59,935 - INFO - 
TRAJECTORY TRAINING CONFIGURATION:
2025-09-12 17:37:59,935 - INFO -   num_episodes: 200
2025-09-12 17:37:59,935 - INFO -   episode_length: 25.0
2025-09-12 17:37:59,935 - INFO -   excitation_steps: 5000
2025-09-12 17:37:59,935 - INFO -   log_interval: 10
2025-09-12 17:37:59,935 - INFO -   save_interval: 50
2025-09-12 17:37:59,935 - INFO -   gui: False
2025-09-12 17:37:59,936 - INFO -   record: False
2025-09-12 17:37:59,936 - INFO -   normalize_states: True
2025-09-12 17:37:59,936 - INFO -   record_best_episodes: True
2025-09-12 17:37:59,936 - INFO -   coordination_warmup_episodes: 200
2025-09-12 17:37:59,936 - INFO -   coordination_strength: 0.15
2025-09-12 17:37:59,936 - INFO -   use_trajectory: True
2025-09-12 17:37:59,936 - INFO -   trajectory_type: spiral
2025-09-12 17:37:59,936 - INFO -   target_pos: [0.0, 0.0, 1.0]
2025-09-12 17:37:59,936 - INFO - 
==================================================
2025-09-12 17:37:59,936 - INFO - STARTING DHP TRAINING FOR CF2X QUADROTOR
2025-09-12 17:37:59,936 - INFO - ==================================================
2025-09-12 17:38:00,552 - WARNING - From /home/osos/Mohamed_Masters_Thesis/DHP_drone_updated/msc-thesis/agents/dhp.py:88: The name tf.Session is deprecated. Please use tf.compat.v1.Session instead.

2025-09-12 17:38:01,374 - WARNING - From /home/osos/Mohamed_Masters_Thesis/DHP_drone_updated/msc-thesis/agents/dhp.py:117: The name tf.placeholder is deprecated. Please use tf.compat.v1.placeholder instead.

2025-09-12 17:38:01,426 - WARNING - From /home/osos/Mohamed_Masters_Thesis/DHP_drone_updated/msc-thesis/agents/dhp.py:119: The name tf.placeholder_with_default is deprecated. Please use tf.compat.v1.placeholder_with_default instead.

2025-09-12 17:38:01,436 - WARNING - From /home/osos/Mohamed_Masters_Thesis/DHP_drone_updated/msc-thesis/agents/dhp.py:141: The name tf.variable_scope is deprecated. Please use tf.compat.v1.variable_scope instead.

2025-09-12 17:38:01,437 - WARNING - From /home/osos/Mohamed_Masters_Thesis/DHP_drone_updated/msc-thesis/agents/dhp.py:145: dense (from tensorflow.python.layers.core) is deprecated and will be removed in a future version.
Instructions for updating:
Use keras.layers.Dense instead.
2025-09-12 17:38:01,440 - WARNING - From /home/osos/anaconda3/envs/DHP/lib/python3.7/site-packages/tensorflow_core/python/layers/core.py:187: Layer.apply (from tensorflow.python.keras.engine.base_layer) is deprecated and will be removed in a future version.
Instructions for updating:
Please use `layer.__call__` method instead.
2025-09-12 17:38:01,476 - WARNING - From /home/osos/Mohamed_Masters_Thesis/DHP_drone_updated/msc-thesis/agents/dhp.py:150: The name tf.trainable_variables is deprecated. Please use tf.compat.v1.trainable_variables instead.

2025-09-12 17:38:01,488 - WARNING - From /home/osos/Mohamed_Masters_Thesis/DHP_drone_updated/msc-thesis/agents/dhp.py:156: The name tf.train.GradientDescentOptimizer is deprecated. Please use tf.compat.v1.train.GradientDescentOptimizer instead.

2025-09-12 17:38:01,520 - WARNING - From /home/osos/Mohamed_Masters_Thesis/DHP_drone_updated/msc-thesis/agents/dhp.py:173: The name tf.assign is deprecated. Please use tf.compat.v1.assign instead.

2025-09-12 17:38:01,640 - WARNING - From /home/osos/Mohamed_Masters_Thesis/DHP_drone_updated/msc-thesis/agents/dhp.py:97: The name tf.summary.merge_all is deprecated. Please use tf.compat.v1.summary.merge_all instead.

2025-09-12 17:38:01,640 - WARNING - From /home/osos/Mohamed_Masters_Thesis/DHP_drone_updated/msc-thesis/agents/dhp.py:98: The name tf.train.Saver is deprecated. Please use tf.compat.v1.train.Saver instead.

2025-09-12 17:38:01,654 - WARNING - From /home/osos/Mohamed_Masters_Thesis/DHP_drone_updated/msc-thesis/agents/dhp.py:99: The name tf.global_variables_initializer is deprecated. Please use tf.compat.v1.global_variables_initializer instead.

2025-09-12 17:38:02,319 - INFO - 
Training for 200 episodes...
2025-09-12 17:38:02,319 - INFO - Episode | Reward  | Avg Cost | Pos Error | Duration (Completion) | Time
2025-09-12 17:38:02,319 - INFO - -------------------------------------------------------------------------------------
2025-09-12 17:38:03,765 - INFO - 🏆 NEW BEST EPISODE (SMART CRITERIA)! Episode 0
2025-09-12 17:38:03,765 - INFO -    Position Error: 4.8022m
2025-09-12 17:38:03,765 - INFO -    Completion: 13.2% (99/750 steps)
2025-09-12 17:38:03,765 - INFO -    Duration: 3.3s / 25.0s
2025-09-12 17:38:03,765 - INFO -    Composite Score: -34.82
2025-09-12 17:38:03,766 - INFO -       0 |   55.23 |   43.187 |    4.8022 |   3.3s (13.2%) |    1.4s
2025-09-12 17:38:10,403 - INFO -      10 |   62.64 |   41.598 |    5.1582 |   3.6s (14.3%) |    8.1s
2025-09-12 17:38:12,501 - INFO - 🏆 NEW BEST EPISODE (SMART CRITERIA)! Episode 13
2025-09-12 17:38:12,501 - INFO -    Position Error: 4.2286m
2025-09-12 17:38:12,501 - INFO -    Completion: 13.2% (99/750 steps)
2025-09-12 17:38:12,501 - INFO -    Duration: 3.3s / 25.0s
2025-09-12 17:38:12,501 - INFO -    Composite Score: -29.09
2025-09-12 17:38:13,705 - INFO - 🏆 NEW BEST EPISODE (SMART CRITERIA)! Episode 14
2025-09-12 17:38:13,706 - INFO -    Position Error: 4.3080m
2025-09-12 17:38:13,706 - INFO -    Completion: 25.3% (190/750 steps)
2025-09-12 17:38:13,706 - INFO -    Duration: 6.3s / 25.0s
2025-09-12 17:38:13,706 - INFO -    Composite Score: -17.75
2025-09-12 17:38:14,346 - INFO - NEW BEST PERFORMANCE! Episode 15: 4.1209m
2025-09-12 17:38:14,945 - INFO - BEST MODEL SAVED! Episode 15, Error: 4.1209m
2025-09-12 17:38:14,945 - INFO - Best model path: /home/osos/Mohamed_Masters_Thesis/DHP_drone_updated/DHP/trained_models/dhp_cf2x_best
2025-09-12 17:38:14,945 - INFO - All model files saved successfully!
2025-09-12 17:38:18,811 - INFO -      20 |   37.17 |   41.505 |    5.5527 |   4.3s (17.2%) |   16.5s
2025-09-12 17:38:26,245 - INFO -      30 |   63.18 |   50.775 |    4.8626 |   3.7s (14.9%) |   23.9s
2025-09-12 17:38:29,475 - INFO - 🏆 NEW BEST EPISODE (SMART CRITERIA)! Episode 34
2025-09-12 17:38:29,475 - INFO -    Position Error: 3.7434m
2025-09-12 17:38:29,475 - INFO -    Completion: 25.7% (193/750 steps)
2025-09-12 17:38:29,475 - INFO -    Duration: 6.4s / 25.0s
2025-09-12 17:38:29,476 - INFO -    Composite Score: -11.70
2025-09-12 17:38:32,933 - INFO - 🏆 NEW BEST EPISODE (SMART CRITERIA)! Episode 38
2025-09-12 17:38:32,933 - INFO -    Position Error: 3.6640m
2025-09-12 17:38:32,933 - INFO -    Completion: 25.5% (191/750 steps)
2025-09-12 17:38:32,933 - INFO -    Duration: 6.4s / 25.0s
2025-09-12 17:38:32,933 - INFO -    Composite Score: -11.17
2025-09-12 17:38:34,136 - INFO -      40 |   55.21 |   43.261 |    5.4464 |   3.3s (13.1%) |   31.8s
2025-09-12 17:38:42,339 - INFO -      50 |   38.22 |   63.339 |    4.2521 |   2.7s (10.9%) |   40.0s
2025-09-12 17:38:48,311 - INFO -      60 |   41.52 |   56.653 |    5.9239 |   3.2s (12.8%) |   46.0s
2025-09-12 17:38:54,423 - INFO - 🏆 NEW BEST EPISODE (SMART CRITERIA)! Episode 65
2025-09-12 17:38:54,423 - INFO -    Position Error: 4.0126m
2025-09-12 17:38:54,424 - INFO -    Completion: 38.4% (288/750 steps)
2025-09-12 17:38:54,424 - INFO -    Duration: 9.6s / 25.0s
2025-09-12 17:38:54,424 - INFO -    Composite Score: -1.73
2025-09-12 17:38:58,950 - INFO -      70 |   45.95 |   49.988 |    6.6831 |   6.5s (26.0%) |   56.6s
2025-09-12 17:39:04,747 - INFO -      80 |   46.97 |   40.756 |    5.9875 |   3.0s (12.1%) |   62.4s
2025-09-12 17:39:12,138 - INFO -      90 |   39.56 |   46.785 |    4.2199 |   4.6s (18.5%) |   69.8s
2025-09-12 17:39:15,840 - INFO - NEW BEST PERFORMANCE! Episode 96: 2.9215m
2025-09-12 17:39:15,860 - INFO - BEST MODEL SAVED! Episode 96, Error: 2.9215m
2025-09-12 17:39:15,860 - INFO - Best model path: /home/osos/Mohamed_Masters_Thesis/DHP_drone_updated/DHP/trained_models/dhp_cf2x_best
2025-09-12 17:39:15,860 - INFO - All model files saved successfully!
2025-09-12 17:39:18,133 - INFO - 🏆 NEW BEST EPISODE (SMART CRITERIA)! Episode 98
2025-09-12 17:39:18,133 - INFO -    Position Error: 3.4479m
2025-09-12 17:39:18,133 - INFO -    Completion: 39.9% (299/750 steps)
2025-09-12 17:39:18,133 - INFO -    Duration: 10.0s / 25.0s
2025-09-12 17:39:18,133 - INFO -    Composite Score: 5.39
2025-09-12 17:39:19,588 - INFO - 
2025-09-12 17:39:19,588 - INFO - MILESTONE 100 ANALYSIS:
2025-09-12 17:39:19,588 - INFO -   Recent 50 episodes avg position error: 5.4314 ± 0.8100m
2025-09-12 17:39:19,588 - INFO -   Recent 50 episodes avg cost: 49.314
2025-09-12 17:39:19,588 - INFO -   Convergent episodes ratio (< 1.0m): 0.00%
2025-09-12 17:39:19,588 - INFO -   Total convergent episodes so far: 0
2025-09-12 17:39:19,588 - INFO -   Best performance: 3.4479m at episode 98
2025-09-12 17:39:19,588 - INFO -   Stable performance not yet achieved
2025-09-12 17:39:19,588 - INFO - 
2025-09-12 17:39:19,588 - INFO -     100 |   32.39 |   46.289 |    5.7599 |   2.5s (10.1%) |   77.3s
2025-09-12 17:39:22,390 - INFO - NEW BEST PERFORMANCE! Episode 105: 0.2602m
2025-09-12 17:39:22,409 - INFO - BEST MODEL SAVED! Episode 105, Error: 0.2602m
2025-09-12 17:39:22,409 - INFO - Best model path: /home/osos/Mohamed_Masters_Thesis/DHP_drone_updated/DHP/trained_models/dhp_cf2x_best
2025-09-12 17:39:22,409 - INFO - All model files saved successfully!
2025-09-12 17:39:22,409 - INFO - CONVERGENCE EPISODE 105: 0.2602m
2025-09-12 17:39:24,473 - INFO -     110 |   39.84 |   33.215 |    4.7216 |   2.3s ( 9.2%) |   82.2s
2025-09-12 17:39:25,568 - INFO - CONVERGENCE EPISODE 113: 0.5563m
2025-09-12 17:39:25,921 - INFO - CONVERGENCE EPISODE 114: 0.4656m
2025-09-12 17:39:27,405 - INFO - CONVERGENCE EPISODE 118: 0.5768m
2025-09-12 17:39:28,199 - INFO -     120 |   51.13 |   22.327 |    1.2301 |   1.9s ( 7.6%) |   85.9s
2025-09-12 17:39:30,427 - INFO - CONVERGENCE EPISODE 125: 0.5990m
2025-09-12 17:39:31,436 - INFO - CONVERGENCE EPISODE 128: 0.8463m
2025-09-12 17:39:31,745 - INFO - CONVERGENCE EPISODE 129: 0.5854m
2025-09-12 17:39:32,136 - INFO - CONVERGENCE EPISODE 130: 0.5897m
2025-09-12 17:39:32,136 - INFO -     130 |   79.37 |   78.470 |    0.5897 |   2.0s ( 8.1%) |   89.8s
2025-09-12 17:39:32,461 - INFO - CONVERGENCE EPISODE 131: 0.9721m
2025-09-12 17:39:32,778 - INFO - CONVERGENCE EPISODE 132: 0.7072m
2025-09-12 17:39:33,106 - INFO - CONVERGENCE EPISODE 133: 0.3820m
2025-09-12 17:39:33,473 - INFO - CONVERGENCE EPISODE 134: 0.8823m
2025-09-12 17:39:34,216 - INFO - CONVERGENCE EPISODE 136: 0.5669m
2025-09-12 17:39:35,783 - INFO - CONVERGENCE EPISODE 140: 0.7415m
2025-09-12 17:39:35,783 - INFO -     140 |   58.53 |   44.522 |    0.7415 |   1.3s ( 5.1%) |   93.5s
2025-09-12 17:39:36,466 - INFO - CONVERGENCE EPISODE 142: 0.3254m
2025-09-12 17:39:36,920 - INFO - CONVERGENCE EPISODE 143: 0.9889m
2025-09-12 17:39:39,993 - INFO -     150 |   71.47 |  114.971 |    2.0264 |   1.9s ( 7.7%) |   97.7s
2025-09-12 17:39:40,877 - INFO - CONVERGENCE EPISODE 152: 0.6135m
2025-09-12 17:39:45,338 - INFO - CONVERGENCE EPISODE 158: 0.4524m
2025-09-12 17:39:45,654 - INFO - CONVERGENCE EPISODE 159: 0.8091m
2025-09-12 17:39:47,050 - INFO -     160 |   87.29 |   44.714 |    5.5496 |   7.9s (31.6%) |  104.7s
2025-09-12 17:39:48,622 - INFO - CONVERGENCE EPISODE 162: 0.7957m
2025-09-12 17:39:48,917 - INFO - CONVERGENCE EPISODE 163: 0.6134m
2025-09-12 17:39:49,135 - INFO - CONVERGENCE EPISODE 164: 0.4146m
2025-09-12 17:39:52,488 - INFO -     170 |   94.34 |   89.533 |    2.3261 |   3.0s (11.9%) |  110.2s
2025-09-12 17:39:53,028 - INFO - CONVERGENCE EPISODE 171: 0.7789m
2025-09-12 17:39:58,757 - INFO -     180 |  123.54 |   82.493 |    2.4139 |   3.3s (13.2%) |  116.4s
2025-09-12 17:40:01,369 - INFO - 🏆 NEW BEST EPISODE (SMART CRITERIA)! Episode 184
2025-09-12 17:40:01,369 - INFO -    Position Error: 0.6200m
2025-09-12 17:40:01,369 - INFO -    Completion: 16.3% (122/750 steps)
2025-09-12 17:40:01,369 - INFO -    Duration: 4.1s / 25.0s
2025-09-12 17:40:01,369 - INFO -    Composite Score: 10.07
2025-09-12 17:40:01,370 - INFO - CONVERGENCE EPISODE 184: 0.6200m
2025-09-12 17:40:04,119 - INFO - NEW BEST PERFORMANCE! Episode 189: 0.3856m
2025-09-12 17:40:04,142 - INFO - BEST MODEL SAVED! Episode 189, Error: 0.3856m
2025-09-12 17:40:04,142 - INFO - Best model path: /home/osos/Mohamed_Masters_Thesis/DHP_drone_updated/DHP/trained_models/dhp_cf2x_best
2025-09-12 17:40:04,142 - INFO - All model files saved successfully!
2025-09-12 17:40:04,142 - INFO - CONVERGENCE EPISODE 189: 0.3856m
2025-09-12 17:40:04,607 - INFO -     190 |   94.48 |   78.028 |    2.6424 |   2.4s ( 9.7%) |  122.3s
2025-09-12 17:40:06,689 - INFO - CONVERGENCE EPISODE 193: 0.6434m
2025-09-12 17:40:07,385 - INFO - NEW BEST PERFORMANCE! Episode 195: 0.1529m
2025-09-12 17:40:07,404 - INFO - BEST MODEL SAVED! Episode 195, Error: 0.1529m
2025-09-12 17:40:07,404 - INFO - Best model path: /home/osos/Mohamed_Masters_Thesis/DHP_drone_updated/DHP/trained_models/dhp_cf2x_best
2025-09-12 17:40:07,404 - INFO - All model files saved successfully!
2025-09-12 17:40:07,404 - INFO - CONVERGENCE EPISODE 195: 0.1529m
2025-09-12 17:40:07,739 - INFO - CONVERGENCE EPISODE 196: 0.1903m
2025-09-12 17:40:10,093 - INFO - 
================================================================================
2025-09-12 17:40:10,093 - INFO - TRAINING COMPLETED - FINAL ANALYSIS
2025-09-12 17:40:10,094 - INFO - ================================================================================
2025-09-12 17:40:10,094 - INFO - Total training time: 127.8 seconds (2.1 minutes)
2025-09-12 17:40:10,094 - INFO - Final episode reward: 92.17
2025-09-12 17:40:10,094 - INFO - Final position error: 3.6426m
2025-09-12 17:40:10,094 - INFO - 
EPISODE COMPLETION STATISTICS:
2025-09-12 17:40:10,094 - INFO - Average completion rate: 13.6%
2025-09-12 17:40:10,094 - INFO - Episodes completed (≥90%): 0/200 (0.0%)
2025-09-12 17:40:10,094 - INFO - No episodes achieved ≥90% completion
2025-09-12 17:40:10,094 - INFO - 
BEST EPISODE ANALYSIS:
2025-09-12 17:40:10,094 - INFO - Best overall episode (smart criteria): #195
2025-09-12 17:40:10,094 - INFO -   Position error: 0.1529m
2025-09-12 17:40:10,094 - INFO -   Composite score: 10.07
2025-09-12 17:40:10,094 - INFO - Total convergent episodes (< 1.0m): 28/200 (14.00%)
2025-09-12 17:40:10,094 - INFO - Stable performance achieved: No
2025-09-12 17:40:10,094 - INFO - Position error statistics:
2025-09-12 17:40:10,094 - INFO -   Mean: 3.8595m
2025-09-12 17:40:10,095 - INFO -   Std:  1.9881m
2025-09-12 17:40:10,095 - INFO -   Min:  0.1529m
2025-09-12 17:40:10,095 - INFO -   Max:  7.2671m
2025-09-12 17:40:12,176 - INFO -   Median: 4.5465m
2025-09-12 17:40:12,176 - INFO - Performance distribution:
2025-09-12 17:40:12,177 - INFO -   Excellent (< 0.5m): 9 episodes (4.5%)
2025-09-12 17:40:12,177 - INFO -   Good (0.5-1.0m):   19 episodes (9.5%)
2025-09-12 17:40:12,177 - INFO -   Acceptable (1.0-1.5m): 11 episodes (5.5%)
2025-09-12 17:40:12,177 - INFO -   Poor (> 1.5m):     161 episodes (80.5%)
2025-09-12 17:40:12,178 - INFO - 
TRAINING CONFIGURATION EFFECTIVENESS:
2025-09-12 17:40:12,178 - INFO - ----------------------------------------
2025-09-12 17:40:12,178 - INFO - Episodes needed for first convergence: 105
2025-09-12 17:40:12,178 - INFO - Excitation phase ended at episode: 6
2025-09-12 17:40:12,182 - INFO - Training metrics saved to: /home/osos/Mohamed_Masters_Thesis/DHP_drone_updated/DHP/training_logs/dhp_split_metrics_20250912_174012.json
2025-09-12 17:40:12,182 - INFO - 
BEST MODEL CONFIRMED:
2025-09-12 17:40:12,182 - INFO -   Episode: 195
2025-09-12 17:40:12,182 - INFO -   Position Error: 0.1529m
2025-09-12 17:40:12,182 - INFO -   Model files: dhp_cf2x_best_*
2025-09-12 17:40:12,182 - INFO - ================================================================================
2025-09-12 17:40:12,182 - INFO - TRAINING SESSION COMPLETED
2025-09-12 17:40:12,182 - INFO - Detailed log saved to: /home/osos/Mohamed_Masters_Thesis/DHP_drone_updated/DHP/training_logs/dhp_split_training_20250912_173759.log
2025-09-12 17:40:12,182 - INFO - ================================================================================
2025-09-12 17:40:12,183 - INFO - Best episode replay data saved: /home/osos/Mohamed_Masters_Thesis/DHP_drone_updated/DHP/best_episode_replays/best_episode_replay_ep184_error0.6200_20250912_174012.pkl
2025-09-12 17:40:12,183 - INFO -   Episode: 184, Error: 0.6200m
2025-09-12 17:40:12,183 - INFO -   Action sequence: 122 steps
2025-09-12 17:40:12,183 - INFO -   Duration: 4.07 seconds
2025-09-12 17:40:12,184 - INFO -   Control frequency: 30.0 Hz
2025-09-12 17:40:36,478 - INFO - 
==================================================
2025-09-12 17:40:36,479 - INFO - STARTING BEST EPISODE REPLAY
2025-09-12 17:40:36,479 - INFO - ==================================================
2025-09-12 17:40:44,836 - INFO - Best episode replay completed successfully
2025-09-12 17:40:44,837 - INFO - Original error: 0.6200m, Replay error: 0.6200m
2025-09-12 17:40:44,837 - INFO - Training and best episode replay session completed successfully!
