2025-09-08 17:47:32,590 - INFO - ================================================================================
2025-09-08 17:47:32,590 - INFO - DHP SPLIT ARCHITECTURE TRAINING SESSION STARTED
2025-09-08 17:47:32,590 - INFO - ================================================================================
2025-09-08 17:47:32,591 - INFO - HYPERPARAMETERS:
2025-09-08 17:47:32,591 - INFO - ----------------------------------------
2025-09-08 17:47:32,591 - INFO - action_size              : 4
2025-09-08 17:47:32,591 - INFO - best_episode_gui         : False
2025-09-08 17:47:32,591 - INFO - coordination_strength    : 0.1
2025-09-08 17:47:32,591 - INFO - coordination_warmup_episodes: 400
2025-09-08 17:47:32,591 - INFO - dt                       : 0.03333333333333333
2025-09-08 17:47:32,591 - INFO - episode_length           : 20.0
2025-09-08 17:47:32,591 - INFO - excitation_amplitude     : 0.03
2025-09-08 17:47:32,591 - INFO - excitation_steps         : 12500
2025-09-08 17:47:32,591 - INFO - gamma                    : 0.98
2025-09-08 17:47:32,591 - INFO - gradient_clip_value      : 0.5
2025-09-08 17:47:32,591 - INFO - gui                      : False
2025-09-08 17:47:32,591 - INFO - hidden_layer_size        : [64, 64, 32]
2025-09-08 17:47:32,591 - INFO - log_interval             : 10
2025-09-08 17:47:32,591 - INFO - lr_actor                 : 0.005
2025-09-08 17:47:32,591 - INFO - lr_critic                : 0.01
2025-09-08 17:47:32,591 - INFO - lr_decay                 : 0.9999
2025-09-08 17:47:32,591 - INFO - normalize_states         : True
2025-09-08 17:47:32,591 - INFO - num_episodes             : 2500
2025-09-08 17:47:32,591 - INFO - predict_delta            : False
2025-09-08 17:47:32,591 - INFO - record                   : False
2025-09-08 17:47:32,591 - INFO - record_best_episodes     : True
2025-09-08 17:47:32,591 - INFO - recording_fps            : 30
2025-09-08 17:47:32,591 - INFO - reference_size           : 8
2025-09-08 17:47:32,591 - INFO - rls_action_size          : 4
2025-09-08 17:47:32,591 - INFO - rls_covariance           : 100.0
2025-09-08 17:47:32,592 - INFO - rls_gamma                : 0.9995
2025-09-08 17:47:32,592 - INFO - rls_state_size           : 8
2025-09-08 17:47:32,592 - INFO - save_interval            : 100
2025-09-08 17:47:32,592 - INFO - split                    : False
2025-09-08 17:47:32,592 - INFO - state_bounds             : {'z': [0.0, 5.0], 'roll': [-1.5707963267948966, 1.5707963267948966], 'pitch': [-1.5707963267948966, 1.5707963267948966], 'yaw': [-3.141592653589793, 3.141592653589793], 'vz': [-12.0, 12.0], 'wx': [-10.0, 10.0], 'wy': [-10.0, 10.0], 'wz': [-10.0, 10.0]}
2025-09-08 17:47:32,592 - INFO - state_size               : 8
2025-09-08 17:47:32,592 - INFO - target_network           : True
2025-09-08 17:47:32,592 - INFO - target_pos               : [0.5, 0.5, 1.0]
2025-09-08 17:47:32,592 - INFO - tau                      : 0.001
2025-09-08 17:47:32,592 - INFO - trajectory_type          : spiral
2025-09-08 17:47:32,592 - INFO - update_cycles            : 2
2025-09-08 17:47:32,592 - INFO - use_trajectory           : False
2025-09-08 17:47:32,592 - INFO - ----------------------------------------
2025-09-08 17:47:32,592 - INFO - Log file: /home/osos/Mohamed_Masters_Thesis/DHP_drone_updated/DHP/training_logs/dhp_split_training_20250908_174732.log
2025-09-08 17:47:32,592 - INFO - ================================================================================
2025-09-08 17:47:32,592 - INFO - 
TRAJECTORY TRAINING CONFIGURATION:
2025-09-08 17:47:32,592 - INFO -   num_episodes: 500
2025-09-08 17:47:32,592 - INFO -   episode_length: 25.0
2025-09-08 17:47:32,592 - INFO -   excitation_steps: 5000
2025-09-08 17:47:32,592 - INFO -   log_interval: 10
2025-09-08 17:47:32,592 - INFO -   save_interval: 50
2025-09-08 17:47:32,592 - INFO -   gui: False
2025-09-08 17:47:32,592 - INFO -   record: False
2025-09-08 17:47:32,592 - INFO -   normalize_states: True
2025-09-08 17:47:32,592 - INFO -   record_best_episodes: True
2025-09-08 17:47:32,592 - INFO -   coordination_warmup_episodes: 200
2025-09-08 17:47:32,592 - INFO -   coordination_strength: 0.15
2025-09-08 17:47:32,593 - INFO -   use_trajectory: True
2025-09-08 17:47:32,593 - INFO -   trajectory_type: spiral
2025-09-08 17:47:32,593 - INFO -   target_pos: [0.0, 0.0, 1.0]
2025-09-08 17:47:32,593 - INFO - 
==================================================
2025-09-08 17:47:32,593 - INFO - STARTING DHP TRAINING FOR CF2X QUADROTOR
2025-09-08 17:47:32,593 - INFO - ==================================================
2025-09-08 17:47:32,717 - WARNING - From /home/osos/Mohamed_Masters_Thesis/DHP_drone_updated/msc-thesis/agents/dhp.py:88: The name tf.Session is deprecated. Please use tf.compat.v1.Session instead.

2025-09-08 17:47:32,814 - WARNING - From /home/osos/Mohamed_Masters_Thesis/DHP_drone_updated/msc-thesis/agents/dhp.py:117: The name tf.placeholder is deprecated. Please use tf.compat.v1.placeholder instead.

2025-09-08 17:47:32,816 - WARNING - From /home/osos/Mohamed_Masters_Thesis/DHP_drone_updated/msc-thesis/agents/dhp.py:119: The name tf.placeholder_with_default is deprecated. Please use tf.compat.v1.placeholder_with_default instead.

2025-09-08 17:47:32,818 - WARNING - From /home/osos/Mohamed_Masters_Thesis/DHP_drone_updated/msc-thesis/agents/dhp.py:141: The name tf.variable_scope is deprecated. Please use tf.compat.v1.variable_scope instead.

2025-09-08 17:47:32,819 - WARNING - From /home/osos/Mohamed_Masters_Thesis/DHP_drone_updated/msc-thesis/agents/dhp.py:145: dense (from tensorflow.python.layers.core) is deprecated and will be removed in a future version.
Instructions for updating:
Use keras.layers.Dense instead.
2025-09-08 17:47:32,819 - WARNING - From /home/osos/anaconda3/envs/DHP/lib/python3.7/site-packages/tensorflow_core/python/layers/core.py:187: Layer.apply (from tensorflow.python.keras.engine.base_layer) is deprecated and will be removed in a future version.
Instructions for updating:
Please use `layer.__call__` method instead.
2025-09-08 17:47:32,845 - WARNING - From /home/osos/Mohamed_Masters_Thesis/DHP_drone_updated/msc-thesis/agents/dhp.py:150: The name tf.trainable_variables is deprecated. Please use tf.compat.v1.trainable_variables instead.

2025-09-08 17:47:32,856 - WARNING - From /home/osos/Mohamed_Masters_Thesis/DHP_drone_updated/msc-thesis/agents/dhp.py:156: The name tf.train.GradientDescentOptimizer is deprecated. Please use tf.compat.v1.train.GradientDescentOptimizer instead.

2025-09-08 17:47:32,885 - WARNING - From /home/osos/Mohamed_Masters_Thesis/DHP_drone_updated/msc-thesis/agents/dhp.py:173: The name tf.assign is deprecated. Please use tf.compat.v1.assign instead.

2025-09-08 17:47:33,004 - WARNING - From /home/osos/Mohamed_Masters_Thesis/DHP_drone_updated/msc-thesis/agents/dhp.py:97: The name tf.summary.merge_all is deprecated. Please use tf.compat.v1.summary.merge_all instead.

2025-09-08 17:47:33,004 - WARNING - From /home/osos/Mohamed_Masters_Thesis/DHP_drone_updated/msc-thesis/agents/dhp.py:98: The name tf.train.Saver is deprecated. Please use tf.compat.v1.train.Saver instead.

2025-09-08 17:47:33,016 - WARNING - From /home/osos/Mohamed_Masters_Thesis/DHP_drone_updated/msc-thesis/agents/dhp.py:99: The name tf.global_variables_initializer is deprecated. Please use tf.compat.v1.global_variables_initializer instead.

2025-09-08 17:47:33,074 - INFO - 
Training for 500 episodes...
2025-09-08 17:47:33,074 - INFO - Episode | Reward  | Avg Cost | Pos Error | Duration (Completion) | Time
2025-09-08 17:47:33,074 - INFO - -------------------------------------------------------------------------------------
2025-09-08 17:47:34,676 - INFO - 🏆 NEW BEST EPISODE (SMART CRITERIA)! Episode 0
2025-09-08 17:47:34,676 - INFO -    Position Error: 4.9977m
2025-09-08 17:47:34,676 - INFO -    Completion: 20.4% (153/750 steps)
2025-09-08 17:47:34,676 - INFO -    Duration: 5.1s / 25.0s
2025-09-08 17:47:34,676 - INFO -    Composite Score: -29.58
2025-09-08 17:47:34,677 - INFO -       0 |   54.05 |   42.288 |    4.9977 |   5.1s (20.4%) |    1.6s
2025-09-08 17:47:35,645 - INFO - 🏆 NEW BEST EPISODE (SMART CRITERIA)! Episode 1
2025-09-08 17:47:35,645 - INFO -    Position Error: 4.8384m
2025-09-08 17:47:35,645 - INFO -    Completion: 18.9% (142/750 steps)
2025-09-08 17:47:35,645 - INFO -    Duration: 4.7s / 25.0s
2025-09-08 17:47:35,645 - INFO -    Composite Score: -29.45
2025-09-08 17:47:42,350 - INFO - 🏆 NEW BEST EPISODE (SMART CRITERIA)! Episode 8
2025-09-08 17:47:42,350 - INFO -    Position Error: 4.7756m
2025-09-08 17:47:42,350 - INFO -    Completion: 20.7% (155/750 steps)
2025-09-08 17:47:42,350 - INFO -    Duration: 5.2s / 25.0s
2025-09-08 17:47:42,350 - INFO -    Composite Score: -27.09
2025-09-08 17:47:43,920 - INFO -      10 |   42.62 |   38.180 |    5.3014 |   3.3s (13.2%) |   10.8s
2025-09-08 17:47:45,570 - INFO - 🏆 NEW BEST EPISODE (SMART CRITERIA)! Episode 11
2025-09-08 17:47:45,570 - INFO -    Position Error: 5.0971m
2025-09-08 17:47:45,570 - INFO -    Completion: 33.2% (249/750 steps)
2025-09-08 17:47:45,570 - INFO -    Duration: 8.3s / 25.0s
2025-09-08 17:47:45,570 - INFO -    Composite Score: -17.77
2025-09-08 17:47:46,851 - INFO - NEW BEST PERFORMANCE! Episode 13: 1.2887m
2025-09-08 17:47:46,887 - INFO - BEST MODEL SAVED! Episode 13, Error: 1.2887m
2025-09-08 17:47:46,887 - INFO - Best model path: /home/osos/Mohamed_Masters_Thesis/DHP_drone_updated/DHP/trained_models/dhp_cf2x_best
2025-09-08 17:47:46,888 - INFO - All model files saved successfully!
2025-09-08 17:47:53,813 - INFO - 🏆 NEW BEST EPISODE (SMART CRITERIA)! Episode 16
2025-09-08 17:47:53,813 - INFO -    Position Error: 4.9209m
2025-09-08 17:47:53,813 - INFO -    Completion: 91.3% (685/750 steps)
2025-09-08 17:47:53,813 - INFO -    Duration: 22.8s / 25.0s
2025-09-08 17:47:53,813 - INFO -    Composite Score: 92.12
2025-09-08 17:47:53,813 - INFO - 🎯 NEW BEST COMPLETED EPISODE! Episode 16
2025-09-08 17:47:53,813 - INFO -    Position Error: 4.9209m (among completed episodes)
2025-09-08 17:47:53,813 - INFO -    Completion: 91.3% (685/750 steps)
2025-09-08 17:47:53,813 - INFO -    Duration: 22.8s
2025-09-08 17:47:53,969 - INFO - NEW BEST PERFORMANCE! Episode 17: 0.3715m
2025-09-08 17:47:53,990 - INFO - BEST MODEL SAVED! Episode 17, Error: 0.3715m
2025-09-08 17:47:53,990 - INFO - Best model path: /home/osos/Mohamed_Masters_Thesis/DHP_drone_updated/DHP/trained_models/dhp_cf2x_best
2025-09-08 17:47:53,990 - INFO - All model files saved successfully!
2025-09-08 17:47:53,990 - INFO - CONVERGENCE EPISODE 17: 0.3715m
2025-09-08 17:47:54,120 - INFO - NEW BEST PERFORMANCE! Episode 18: 0.2343m
2025-09-08 17:47:54,142 - INFO - BEST MODEL SAVED! Episode 18, Error: 0.2343m
2025-09-08 17:47:54,142 - INFO - Best model path: /home/osos/Mohamed_Masters_Thesis/DHP_drone_updated/DHP/trained_models/dhp_cf2x_best
2025-09-08 17:47:54,142 - INFO - All model files saved successfully!
2025-09-08 17:47:54,142 - INFO - CONVERGENCE EPISODE 18: 0.2343m
2025-09-08 17:47:54,311 - INFO - CONVERGENCE EPISODE 19: 0.3447m
2025-09-08 17:47:55,301 - INFO -      20 |   29.51 |   54.986 |    4.7210 |   4.0s (16.1%) |   22.2s
2025-09-08 17:47:55,445 - INFO - CONVERGENCE EPISODE 21: 0.3531m
2025-09-08 17:47:55,602 - INFO - CONVERGENCE EPISODE 22: 0.3439m
2025-09-08 17:47:58,115 - INFO - NEW BEST PERFORMANCE! Episode 24: 0.1728m
2025-09-08 17:47:58,139 - INFO - BEST MODEL SAVED! Episode 24, Error: 0.1728m
2025-09-08 17:47:58,139 - INFO - Best model path: /home/osos/Mohamed_Masters_Thesis/DHP_drone_updated/DHP/trained_models/dhp_cf2x_best
2025-09-08 17:47:58,140 - INFO - All model files saved successfully!
2025-09-08 17:47:58,140 - INFO - CONVERGENCE EPISODE 24: 0.1728m
2025-09-08 17:47:58,262 - INFO - CONVERGENCE EPISODE 25: 0.2450m
2025-09-08 17:47:58,412 - INFO - CONVERGENCE EPISODE 26: 0.3125m
2025-09-08 17:47:58,556 - INFO - CONVERGENCE EPISODE 27: 0.3014m
