2025-09-08 20:00:55,333 - INFO - ================================================================================
2025-09-08 20:00:55,333 - INFO - DHP SPLIT ARCHITECTURE TRAINING SESSION STARTED
2025-09-08 20:00:55,333 - INFO - ================================================================================
2025-09-08 20:00:55,333 - INFO - HYPERPARAMETERS:
2025-09-08 20:00:55,333 - INFO - ----------------------------------------
2025-09-08 20:00:55,333 - INFO - action_size              : 4
2025-09-08 20:00:55,333 - INFO - best_episode_gui         : False
2025-09-08 20:00:55,333 - INFO - coordination_strength    : 0.1
2025-09-08 20:00:55,333 - INFO - coordination_warmup_episodes: 400
2025-09-08 20:00:55,333 - INFO - dt                       : 0.03333333333333333
2025-09-08 20:00:55,333 - INFO - episode_length           : 20.0
2025-09-08 20:00:55,333 - INFO - excitation_amplitude     : 0.03
2025-09-08 20:00:55,333 - INFO - excitation_steps         : 12500
2025-09-08 20:00:55,333 - INFO - gamma                    : 0.98
2025-09-08 20:00:55,333 - INFO - gradient_clip_value      : 0.5
2025-09-08 20:00:55,333 - INFO - gui                      : False
2025-09-08 20:00:55,333 - INFO - hidden_layer_size        : [64, 64, 32]
2025-09-08 20:00:55,333 - INFO - log_interval             : 10
2025-09-08 20:00:55,333 - INFO - lr_actor                 : 0.005
2025-09-08 20:00:55,333 - INFO - lr_critic                : 0.01
2025-09-08 20:00:55,333 - INFO - lr_decay                 : 0.9999
2025-09-08 20:00:55,333 - INFO - normalize_states         : True
2025-09-08 20:00:55,333 - INFO - num_episodes             : 2500
2025-09-08 20:00:55,333 - INFO - predict_delta            : False
2025-09-08 20:00:55,333 - INFO - record                   : False
2025-09-08 20:00:55,333 - INFO - record_best_episodes     : True
2025-09-08 20:00:55,333 - INFO - recording_fps            : 30
2025-09-08 20:00:55,334 - INFO - reference_size           : 8
2025-09-08 20:00:55,334 - INFO - rls_action_size          : 4
2025-09-08 20:00:55,334 - INFO - rls_covariance           : 100.0
2025-09-08 20:00:55,334 - INFO - rls_gamma                : 0.9995
2025-09-08 20:00:55,334 - INFO - rls_state_size           : 8
2025-09-08 20:00:55,334 - INFO - save_interval            : 100
2025-09-08 20:00:55,334 - INFO - split                    : False
2025-09-08 20:00:55,334 - INFO - state_bounds             : {'z': [0.0, 5.0], 'roll': [-1.5707963267948966, 1.5707963267948966], 'pitch': [-1.5707963267948966, 1.5707963267948966], 'yaw': [-3.141592653589793, 3.141592653589793], 'vz': [-12.0, 12.0], 'wx': [-10.0, 10.0], 'wy': [-10.0, 10.0], 'wz': [-10.0, 10.0]}
2025-09-08 20:00:55,334 - INFO - state_size               : 8
2025-09-08 20:00:55,334 - INFO - target_network           : True
2025-09-08 20:00:55,334 - INFO - target_pos               : [0.5, 0.5, 1.0]
2025-09-08 20:00:55,334 - INFO - tau                      : 0.001
2025-09-08 20:00:55,334 - INFO - trajectory_type          : spiral
2025-09-08 20:00:55,334 - INFO - update_cycles            : 2
2025-09-08 20:00:55,334 - INFO - use_trajectory           : False
2025-09-08 20:00:55,334 - INFO - ----------------------------------------
2025-09-08 20:00:55,334 - INFO - Log file: /home/osos/Mohamed_Masters_Thesis/DHP_drone_updated/DHP/training_logs/dhp_split_training_20250908_200055.log
2025-09-08 20:00:55,334 - INFO - ================================================================================
2025-09-08 20:00:55,334 - INFO - 
TRAJECTORY TRAINING CONFIGURATION:
2025-09-08 20:00:55,334 - INFO -   num_episodes: 200
2025-09-08 20:00:55,334 - INFO -   episode_length: 25.0
2025-09-08 20:00:55,334 - INFO -   excitation_steps: 5000
2025-09-08 20:00:55,334 - INFO -   log_interval: 10
2025-09-08 20:00:55,334 - INFO -   save_interval: 50
2025-09-08 20:00:55,334 - INFO -   gui: False
2025-09-08 20:00:55,334 - INFO -   record: False
2025-09-08 20:00:55,334 - INFO -   normalize_states: True
2025-09-08 20:00:55,334 - INFO -   record_best_episodes: True
2025-09-08 20:00:55,335 - INFO -   coordination_warmup_episodes: 200
2025-09-08 20:00:55,335 - INFO -   coordination_strength: 0.15
2025-09-08 20:00:55,335 - INFO -   use_trajectory: True
2025-09-08 20:00:55,335 - INFO -   trajectory_type: spiral
2025-09-08 20:00:55,335 - INFO -   target_pos: [0.0, 0.0, 1.0]
2025-09-08 20:00:55,335 - INFO - 
==================================================
2025-09-08 20:00:55,335 - INFO - STARTING DHP TRAINING FOR CF2X QUADROTOR
2025-09-08 20:00:55,335 - INFO - ==================================================
2025-09-08 20:00:55,456 - WARNING - From /home/osos/Mohamed_Masters_Thesis/DHP_drone_updated/msc-thesis/agents/dhp.py:88: The name tf.Session is deprecated. Please use tf.compat.v1.Session instead.

2025-09-08 20:00:55,549 - WARNING - From /home/osos/Mohamed_Masters_Thesis/DHP_drone_updated/msc-thesis/agents/dhp.py:117: The name tf.placeholder is deprecated. Please use tf.compat.v1.placeholder instead.

2025-09-08 20:00:55,550 - WARNING - From /home/osos/Mohamed_Masters_Thesis/DHP_drone_updated/msc-thesis/agents/dhp.py:119: The name tf.placeholder_with_default is deprecated. Please use tf.compat.v1.placeholder_with_default instead.

2025-09-08 20:00:55,552 - WARNING - From /home/osos/Mohamed_Masters_Thesis/DHP_drone_updated/msc-thesis/agents/dhp.py:141: The name tf.variable_scope is deprecated. Please use tf.compat.v1.variable_scope instead.

2025-09-08 20:00:55,553 - WARNING - From /home/osos/Mohamed_Masters_Thesis/DHP_drone_updated/msc-thesis/agents/dhp.py:145: dense (from tensorflow.python.layers.core) is deprecated and will be removed in a future version.
Instructions for updating:
Use keras.layers.Dense instead.
2025-09-08 20:00:55,553 - WARNING - From /home/osos/anaconda3/envs/DHP/lib/python3.7/site-packages/tensorflow_core/python/layers/core.py:187: Layer.apply (from tensorflow.python.keras.engine.base_layer) is deprecated and will be removed in a future version.
Instructions for updating:
Please use `layer.__call__` method instead.
2025-09-08 20:00:55,580 - WARNING - From /home/osos/Mohamed_Masters_Thesis/DHP_drone_updated/msc-thesis/agents/dhp.py:150: The name tf.trainable_variables is deprecated. Please use tf.compat.v1.trainable_variables instead.

2025-09-08 20:00:55,590 - WARNING - From /home/osos/Mohamed_Masters_Thesis/DHP_drone_updated/msc-thesis/agents/dhp.py:156: The name tf.train.GradientDescentOptimizer is deprecated. Please use tf.compat.v1.train.GradientDescentOptimizer instead.

2025-09-08 20:00:55,618 - WARNING - From /home/osos/Mohamed_Masters_Thesis/DHP_drone_updated/msc-thesis/agents/dhp.py:173: The name tf.assign is deprecated. Please use tf.compat.v1.assign instead.

2025-09-08 20:00:55,735 - WARNING - From /home/osos/Mohamed_Masters_Thesis/DHP_drone_updated/msc-thesis/agents/dhp.py:97: The name tf.summary.merge_all is deprecated. Please use tf.compat.v1.summary.merge_all instead.

2025-09-08 20:00:55,735 - WARNING - From /home/osos/Mohamed_Masters_Thesis/DHP_drone_updated/msc-thesis/agents/dhp.py:98: The name tf.train.Saver is deprecated. Please use tf.compat.v1.train.Saver instead.

2025-09-08 20:00:55,747 - WARNING - From /home/osos/Mohamed_Masters_Thesis/DHP_drone_updated/msc-thesis/agents/dhp.py:99: The name tf.global_variables_initializer is deprecated. Please use tf.compat.v1.global_variables_initializer instead.

2025-09-08 20:00:55,802 - INFO - 
Training for 200 episodes...
2025-09-08 20:00:55,803 - INFO - Episode | Reward  | Avg Cost | Pos Error | Duration (Completion) | Time
2025-09-08 20:00:55,803 - INFO - -------------------------------------------------------------------------------------
2025-09-08 20:00:56,741 - INFO - 🏆 NEW BEST EPISODE (SMART CRITERIA)! Episode 0
2025-09-08 20:00:56,741 - INFO -    Position Error: 5.0585m
2025-09-08 20:00:56,741 - INFO -    Completion: 12.7% (95/750 steps)
2025-09-08 20:00:56,741 - INFO -    Duration: 3.2s / 25.0s
2025-09-08 20:00:56,741 - INFO -    Composite Score: -37.92
2025-09-08 20:00:56,742 - INFO -       0 |   54.94 |   36.138 |    5.0585 |   3.2s (12.7%) |    0.9s
2025-09-08 20:00:57,495 - INFO - 🏆 NEW BEST EPISODE (SMART CRITERIA)! Episode 1
2025-09-08 20:00:57,495 - INFO -    Position Error: 5.1564m
2025-09-08 20:00:57,495 - INFO -    Completion: 14.9% (112/750 steps)
2025-09-08 20:00:57,495 - INFO -    Duration: 3.7s / 25.0s
2025-09-08 20:00:57,495 - INFO -    Composite Score: -36.63
2025-09-08 20:00:58,345 - INFO - 🏆 NEW BEST EPISODE (SMART CRITERIA)! Episode 2
2025-09-08 20:00:58,345 - INFO -    Position Error: 5.3193m
2025-09-08 20:00:58,346 - INFO -    Completion: 16.9% (127/750 steps)
2025-09-08 20:00:58,346 - INFO -    Duration: 4.2s / 25.0s
2025-09-08 20:00:58,346 - INFO -    Composite Score: -36.26
2025-09-08 20:00:59,086 - INFO - NEW BEST PERFORMANCE! Episode 3: 5.3099m
2025-09-08 20:00:59,123 - INFO - BEST MODEL SAVED! Episode 3, Error: 5.3099m
2025-09-08 20:00:59,123 - INFO - Best model path: /home/osos/Mohamed_Masters_Thesis/DHP_drone_updated/DHP/trained_models/dhp_cf2x_best
2025-09-08 20:00:59,123 - INFO - All model files saved successfully!
2025-09-08 20:01:00,058 - INFO - 🏆 NEW BEST EPISODE (SMART CRITERIA)! Episode 4
2025-09-08 20:01:00,058 - INFO -    Position Error: 5.1724m
2025-09-08 20:01:00,058 - INFO -    Completion: 18.7% (140/750 steps)
2025-09-08 20:01:00,058 - INFO -    Duration: 4.7s / 25.0s
2025-09-08 20:01:00,058 - INFO -    Composite Score: -33.06
2025-09-08 20:01:00,742 - INFO - NEW BEST PERFORMANCE! Episode 5: 5.0011m
2025-09-08 20:01:00,769 - INFO - BEST MODEL SAVED! Episode 5, Error: 5.0011m
2025-09-08 20:01:00,769 - INFO - Best model path: /home/osos/Mohamed_Masters_Thesis/DHP_drone_updated/DHP/trained_models/dhp_cf2x_best
2025-09-08 20:01:00,769 - INFO - All model files saved successfully!
2025-09-08 20:01:01,499 - INFO - NEW BEST PERFORMANCE! Episode 6: 4.9512m
2025-09-08 20:01:01,521 - INFO - BEST MODEL SAVED! Episode 6, Error: 4.9512m
2025-09-08 20:01:01,521 - INFO - Best model path: /home/osos/Mohamed_Masters_Thesis/DHP_drone_updated/DHP/trained_models/dhp_cf2x_best
2025-09-08 20:01:01,521 - INFO - All model files saved successfully!
2025-09-08 20:01:02,885 - INFO - 🏆 NEW BEST EPISODE (SMART CRITERIA)! Episode 7
2025-09-08 20:01:02,885 - INFO -    Position Error: 5.9571m
2025-09-08 20:01:02,885 - INFO -    Completion: 28.1% (211/750 steps)
2025-09-08 20:01:02,885 - INFO -    Duration: 7.0s / 25.0s
2025-09-08 20:01:02,885 - INFO -    Composite Score: -31.44
2025-09-08 20:01:03,846 - INFO - NEW BEST PERFORMANCE! Episode 8: 5.2958m
2025-09-08 20:01:03,873 - INFO - BEST MODEL SAVED! Episode 8, Error: 5.2958m
2025-09-08 20:01:03,873 - INFO - Best model path: /home/osos/Mohamed_Masters_Thesis/DHP_drone_updated/DHP/trained_models/dhp_cf2x_best
2025-09-08 20:01:03,873 - INFO - All model files saved successfully!
2025-09-08 20:01:04,720 - INFO - NEW BEST PERFORMANCE! Episode 9: 5.0075m
2025-09-08 20:01:04,739 - INFO - BEST MODEL SAVED! Episode 9, Error: 5.0075m
2025-09-08 20:01:04,739 - INFO - Best model path: /home/osos/Mohamed_Masters_Thesis/DHP_drone_updated/DHP/trained_models/dhp_cf2x_best
2025-09-08 20:01:04,740 - INFO - All model files saved successfully!
2025-09-08 20:01:05,847 - INFO -      10 |   97.98 |   40.312 |    5.5746 |   5.9s (23.6%) |   10.0s
2025-09-08 20:01:07,433 - INFO - 🏆 NEW BEST EPISODE (SMART CRITERIA)! Episode 11
2025-09-08 20:01:07,434 - INFO -    Position Error: 5.1118m
2025-09-08 20:01:07,434 - INFO -    Completion: 33.6% (252/750 steps)
2025-09-08 20:01:07,434 - INFO -    Duration: 8.4s / 25.0s
2025-09-08 20:01:07,434 - INFO -    Composite Score: -17.52
2025-09-08 20:01:08,266 - INFO - NEW BEST PERFORMANCE! Episode 12: 5.0452m
2025-09-08 20:01:08,285 - INFO - BEST MODEL SAVED! Episode 12, Error: 5.0452m
2025-09-08 20:01:08,285 - INFO - Best model path: /home/osos/Mohamed_Masters_Thesis/DHP_drone_updated/DHP/trained_models/dhp_cf2x_best
2025-09-08 20:01:08,285 - INFO - All model files saved successfully!
2025-09-08 20:01:10,279 - INFO - 🏆 NEW BEST EPISODE (SMART CRITERIA)! Episode 13
2025-09-08 20:01:10,279 - INFO -    Position Error: 4.6024m
2025-09-08 20:01:10,279 - INFO -    Completion: 40.4% (303/750 steps)
2025-09-08 20:01:10,279 - INFO -    Duration: 10.1s / 25.0s
2025-09-08 20:01:10,279 - INFO -    Composite Score: -5.62
2025-09-08 20:01:18,062 - INFO - 🏆 NEW BEST EPISODE (SMART CRITERIA)! Episode 19
2025-09-08 20:01:18,062 - INFO -    Position Error: 6.4845m
2025-09-08 20:01:18,062 - INFO -    Completion: 65.6% (492/750 steps)
2025-09-08 20:01:18,062 - INFO -    Duration: 16.4s / 25.0s
2025-09-08 20:01:18,062 - INFO -    Composite Score: 0.75
2025-09-08 20:01:18,147 - INFO - NEW BEST PERFORMANCE! Episode 20: 0.1407m
2025-09-08 20:01:18,165 - INFO - BEST MODEL SAVED! Episode 20, Error: 0.1407m
2025-09-08 20:01:18,165 - INFO - Best model path: /home/osos/Mohamed_Masters_Thesis/DHP_drone_updated/DHP/trained_models/dhp_cf2x_best
2025-09-08 20:01:18,165 - INFO - All model files saved successfully!
2025-09-08 20:01:18,165 - INFO - CONVERGENCE EPISODE 20: 0.1407m
2025-09-08 20:01:18,165 - INFO -      20 |   10.94 |  138.969 |    0.1407 |   0.3s ( 1.1%) |   22.4s
2025-09-08 20:01:18,254 - INFO - CONVERGENCE EPISODE 21: 0.1549m
2025-09-08 20:01:18,357 - INFO - CONVERGENCE EPISODE 22: 0.2049m
2025-09-08 20:01:18,476 - INFO - CONVERGENCE EPISODE 23: 0.2898m
2025-09-08 20:01:18,618 - INFO - CONVERGENCE EPISODE 24: 0.3604m
2025-09-08 20:01:19,726 - INFO - CONVERGENCE EPISODE 27: 0.9042m
2025-09-08 20:01:20,671 - INFO - NEW BEST PERFORMANCE! Episode 29: 0.1235m
2025-09-08 20:01:20,694 - INFO - BEST MODEL SAVED! Episode 29, Error: 0.1235m
2025-09-08 20:01:20,694 - INFO - Best model path: /home/osos/Mohamed_Masters_Thesis/DHP_drone_updated/DHP/trained_models/dhp_cf2x_best
2025-09-08 20:01:20,694 - INFO - All model files saved successfully!
2025-09-08 20:01:20,694 - INFO - CONVERGENCE EPISODE 29: 0.1235m
2025-09-08 20:01:20,820 - INFO - CONVERGENCE EPISODE 30: 0.3073m
2025-09-08 20:01:20,820 - INFO -      30 |   18.98 |   52.180 |    0.3073 |   0.5s ( 1.9%) |   25.0s
2025-09-08 20:01:21,075 - INFO - CONVERGENCE EPISODE 31: 0.2038m
2025-09-08 20:01:22,009 - INFO - NEW BEST PERFORMANCE! Episode 33: 0.1211m
2025-09-08 20:01:22,028 - INFO - BEST MODEL SAVED! Episode 33, Error: 0.1211m
2025-09-08 20:01:22,028 - INFO - Best model path: /home/osos/Mohamed_Masters_Thesis/DHP_drone_updated/DHP/trained_models/dhp_cf2x_best
2025-09-08 20:01:22,028 - INFO - All model files saved successfully!
2025-09-08 20:01:22,028 - INFO - CONVERGENCE EPISODE 33: 0.1211m
2025-09-08 20:01:22,244 - INFO - CONVERGENCE EPISODE 34: 0.8526m
2025-09-08 20:01:22,477 - INFO - CONVERGENCE EPISODE 35: 0.3063m
2025-09-08 20:01:22,854 - INFO - CONVERGENCE EPISODE 36: 0.8278m
2025-09-08 20:01:24,201 - INFO -      40 |   38.84 |   36.072 |    1.0877 |   1.5s ( 5.9%) |   28.4s
2025-09-08 20:01:26,325 - INFO - CONVERGENCE EPISODE 46: 0.4350m
2025-09-08 20:01:27,055 - INFO - CONVERGENCE EPISODE 48: 0.5160m
2025-09-08 20:01:27,266 - INFO - CONVERGENCE EPISODE 49: 0.4802m
2025-09-08 20:01:27,693 - INFO -      50 |   67.99 |   76.394 |    1.7278 |   2.2s ( 8.7%) |   31.9s
2025-09-08 20:01:27,981 - INFO - CONVERGENCE EPISODE 51: 0.3190m
2025-09-08 20:01:28,540 - INFO - 🏆 NEW BEST EPISODE (SMART CRITERIA)! Episode 52
2025-09-08 20:01:28,540 - INFO -    Position Error: 0.3970m
2025-09-08 20:01:28,540 - INFO -    Completion: 11.9% (89/750 steps)
2025-09-08 20:01:28,540 - INFO -    Duration: 3.0s / 25.0s
2025-09-08 20:01:28,540 - INFO -    Composite Score: 7.90
2025-09-08 20:01:28,541 - INFO - CONVERGENCE EPISODE 52: 0.3970m
2025-09-08 20:01:30,610 - INFO - CONVERGENCE EPISODE 55: 0.8576m
2025-09-08 20:01:33,324 - INFO -      60 |   86.93 |   87.131 |    3.6147 |   2.2s ( 8.9%) |   37.5s
2025-09-08 20:01:39,274 - INFO -      70 |  112.39 |  107.803 |    4.1695 |   2.8s (11.1%) |   43.5s
2025-09-08 20:01:45,741 - INFO - CONVERGENCE EPISODE 79: 0.5813m
2025-09-08 20:01:46,419 - INFO - CONVERGENCE EPISODE 80: 0.7816m
2025-09-08 20:01:46,419 - INFO -      80 |  120.65 |   41.949 |    0.7816 |   3.5s (13.9%) |   50.6s
2025-09-08 20:01:54,546 - INFO -      90 |  126.03 |   35.147 |    1.3908 |   3.0s (12.1%) |   58.7s
2025-09-08 20:02:02,828 - INFO - 
2025-09-08 20:02:02,828 - INFO - MILESTONE 100 ANALYSIS:
2025-09-08 20:02:02,828 - INFO -   Recent 50 episodes avg position error: 2.8356 ± 1.4220m
2025-09-08 20:02:02,828 - INFO -   Recent 50 episodes avg cost: 52.758
2025-09-08 20:02:02,828 - INFO -   Convergent episodes ratio (< 1.0m): 10.00%
2025-09-08 20:02:02,828 - INFO -   Total convergent episodes so far: 21
2025-09-08 20:02:02,828 - INFO -   Best performance: 0.3970m at episode 52
2025-09-08 20:02:02,828 - INFO -   Stable performance not yet achieved
2025-09-08 20:02:02,828 - INFO - 
2025-09-08 20:02:02,828 - INFO -     100 |  212.25 |   14.695 |    1.8788 |   4.9s (19.7%) |   67.0s
2025-09-08 20:02:12,048 - INFO -     110 |  138.79 |   67.945 |    1.9245 |   3.9s (15.6%) |   76.2s
2025-09-08 20:02:21,013 - INFO -     120 |   65.83 |   28.229 |    1.7821 |   3.1s (12.5%) |   85.2s
2025-09-08 20:02:22,474 - INFO - 🏆 NEW BEST EPISODE (SMART CRITERIA)! Episode 122
2025-09-08 20:02:22,474 - INFO -    Position Error: 0.3899m
2025-09-08 20:02:22,474 - INFO -    Completion: 13.1% (98/750 steps)
2025-09-08 20:02:22,474 - INFO -    Duration: 3.3s / 25.0s
2025-09-08 20:02:22,474 - INFO -    Composite Score: 9.17
2025-09-08 20:02:22,475 - INFO - CONVERGENCE EPISODE 122: 0.3899m
2025-09-08 20:02:29,047 - INFO -     130 |  154.46 |   30.058 |    4.8505 |   4.4s (17.7%) |   93.2s
2025-09-08 20:02:37,268 - INFO -     140 |  101.89 |    8.751 |    1.8253 |   3.5s (14.0%) |  101.5s
2025-09-08 20:02:44,354 - INFO -     150 |   89.53 |   53.575 |    4.8302 |   3.6s (14.3%) |  108.6s
2025-09-08 20:02:44,983 - INFO - CONVERGENCE EPISODE 151: 0.7448m
2025-09-08 20:02:47,216 - INFO - CONVERGENCE EPISODE 155: 0.4545m
2025-09-08 20:02:49,879 - INFO - CONVERGENCE EPISODE 160: 0.9909m
2025-09-08 20:02:49,879 - INFO -     160 |   41.44 |   43.273 |    0.9909 |   1.1s ( 4.5%) |  114.1s
2025-09-08 20:02:50,463 - INFO - CONVERGENCE EPISODE 161: 0.9243m
2025-09-08 20:02:57,113 - INFO - CONVERGENCE EPISODE 170: 0.4933m
2025-09-08 20:02:57,113 - INFO -     170 |  119.86 |   23.933 |    0.4933 |   3.3s (13.3%) |  121.3s
2025-09-08 20:03:00,364 - INFO - CONVERGENCE EPISODE 175: 0.8274m
2025-09-08 20:03:03,579 - INFO -     180 |   55.93 |   19.685 |    5.2353 |   2.7s (10.9%) |  127.8s
2025-09-08 20:03:04,709 - INFO - CONVERGENCE EPISODE 182: 0.5422m
2025-09-08 20:03:07,233 - INFO - CONVERGENCE EPISODE 186: 0.4514m
2025-09-08 20:03:10,130 - INFO -     190 |   87.06 |  139.644 |    1.2731 |   4.0s (16.1%) |  134.3s
2025-09-08 20:03:13,938 - INFO - NEW BEST PERFORMANCE! Episode 197: 0.3067m
2025-09-08 20:03:13,958 - INFO - BEST MODEL SAVED! Episode 197, Error: 0.3067m
2025-09-08 20:03:13,958 - INFO - Best model path: /home/osos/Mohamed_Masters_Thesis/DHP_drone_updated/DHP/trained_models/dhp_cf2x_best
2025-09-08 20:03:13,958 - INFO - All model files saved successfully!
2025-09-08 20:03:13,958 - INFO - CONVERGENCE EPISODE 197: 0.3067m
2025-09-08 20:03:15,182 - INFO - 
================================================================================
2025-09-08 20:03:15,182 - INFO - TRAINING COMPLETED - FINAL ANALYSIS
2025-09-08 20:03:15,182 - INFO - ================================================================================
2025-09-08 20:03:15,182 - INFO - Total training time: 139.4 seconds (2.3 minutes)
2025-09-08 20:03:15,182 - INFO - Final episode reward: 113.31
2025-09-08 20:03:15,182 - INFO - Final position error: 3.5714m
2025-09-08 20:03:15,182 - INFO - 
EPISODE COMPLETION STATISTICS:
2025-09-08 20:03:15,182 - INFO - Average completion rate: 14.2%
2025-09-08 20:03:15,182 - INFO - Episodes completed (≥90%): 0/200 (0.0%)
2025-09-08 20:03:15,182 - INFO - No episodes achieved ≥90% completion
2025-09-08 20:03:15,182 - INFO - 
BEST EPISODE ANALYSIS:
2025-09-08 20:03:15,182 - INFO - Best overall episode (smart criteria): #197
2025-09-08 20:03:15,182 - INFO -   Position error: 0.3067m
2025-09-08 20:03:15,182 - INFO -   Composite score: 9.17
2025-09-08 20:03:15,182 - INFO - Total convergent episodes (< 1.0m): 31/200 (15.50%)
2025-09-08 20:03:15,182 - INFO - Stable performance achieved: No
2025-09-08 20:03:15,182 - INFO - Position error statistics:
2025-09-08 20:03:15,182 - INFO -   Mean: 2.8291m
2025-09-08 20:03:15,183 - INFO -   Std:  1.7174m
2025-09-08 20:03:15,183 - INFO -   Min:  0.1211m
2025-09-08 20:03:15,183 - INFO -   Max:  6.4845m
2025-09-08 20:03:15,183 - INFO -   Median: 2.5051m
2025-09-08 20:03:15,183 - INFO - Performance distribution:
2025-09-08 20:03:15,183 - INFO -   Excellent (< 0.5m): 19 episodes (9.5%)
2025-09-08 20:03:15,183 - INFO -   Good (0.5-1.0m):   12 episodes (6.0%)
2025-09-08 20:03:15,183 - INFO -   Acceptable (1.0-1.5m): 22 episodes (11.0%)
2025-09-08 20:03:15,183 - INFO -   Poor (> 1.5m):     147 episodes (73.5%)
2025-09-08 20:03:15,183 - INFO - 
TRAINING CONFIGURATION EFFECTIVENESS:
2025-09-08 20:03:15,183 - INFO - ----------------------------------------
2025-09-08 20:03:15,183 - INFO - Episodes needed for first convergence: 20
2025-09-08 20:03:15,183 - INFO - Excitation phase ended at episode: 6
2025-09-08 20:03:15,185 - INFO - Training metrics saved to: /home/osos/Mohamed_Masters_Thesis/DHP_drone_updated/DHP/training_logs/dhp_split_metrics_20250908_200315.json
2025-09-08 20:03:15,185 - INFO - 
BEST MODEL CONFIRMED:
2025-09-08 20:03:15,185 - INFO -   Episode: 197
2025-09-08 20:03:15,185 - INFO -   Position Error: 0.3067m
2025-09-08 20:03:15,185 - INFO -   Model files: dhp_cf2x_best_*
2025-09-08 20:03:15,185 - INFO - ================================================================================
2025-09-08 20:03:15,185 - INFO - TRAINING SESSION COMPLETED
2025-09-08 20:03:15,185 - INFO - Detailed log saved to: /home/osos/Mohamed_Masters_Thesis/DHP_drone_updated/DHP/training_logs/dhp_split_training_20250908_200055.log
2025-09-08 20:03:15,185 - INFO - ================================================================================
2025-09-08 20:03:15,185 - INFO - Best episode replay data saved: /home/osos/Mohamed_Masters_Thesis/DHP_drone_updated/DHP/best_episode_replays/best_episode_replay_ep122_error0.3899_20250908_200315.pkl
2025-09-08 20:03:15,185 - INFO -   Episode: 122, Error: 0.3899m
2025-09-08 20:03:15,185 - INFO -   Action sequence: 98 steps
2025-09-08 20:03:15,185 - INFO -   Duration: 3.27 seconds
2025-09-08 20:03:15,185 - INFO -   Control frequency: 30.0 Hz
2025-09-08 20:03:37,317 - INFO - 
==================================================
2025-09-08 20:03:37,317 - INFO - STARTING BEST EPISODE REPLAY
2025-09-08 20:03:37,318 - INFO - ==================================================
2025-09-08 20:03:42,141 - INFO - Best episode replay completed successfully
2025-09-08 20:03:42,141 - INFO - Original error: 0.3899m, Replay error: 0.3899m
2025-09-08 20:03:42,142 - INFO - Training and best episode replay session completed successfully!
