2025-09-08 23:25:56,174 - INFO - ================================================================================
2025-09-08 23:25:56,174 - INFO - DHP SPLIT ARCHITECTURE TRAINING SESSION STARTED
2025-09-08 23:25:56,174 - INFO - ================================================================================
2025-09-08 23:25:56,174 - INFO - HYPERPARAMETERS:
2025-09-08 23:25:56,175 - INFO - ----------------------------------------
2025-09-08 23:25:56,175 - INFO - action_size              : 4
2025-09-08 23:25:56,175 - INFO - best_episode_gui         : False
2025-09-08 23:25:56,175 - INFO - coordination_strength    : 0.1
2025-09-08 23:25:56,175 - INFO - coordination_warmup_episodes: 400
2025-09-08 23:25:56,175 - INFO - dt                       : 0.03333333333333333
2025-09-08 23:25:56,175 - INFO - episode_length           : 20.0
2025-09-08 23:25:56,175 - INFO - excitation_amplitude     : 0.03
2025-09-08 23:25:56,175 - INFO - excitation_steps         : 12500
2025-09-08 23:25:56,175 - INFO - gamma                    : 0.98
2025-09-08 23:25:56,175 - INFO - gradient_clip_value      : 0.5
2025-09-08 23:25:56,175 - INFO - gui                      : False
2025-09-08 23:25:56,175 - INFO - hidden_layer_size        : [64, 64, 32]
2025-09-08 23:25:56,175 - INFO - log_interval             : 10
2025-09-08 23:25:56,175 - INFO - lr_actor                 : 0.005
2025-09-08 23:25:56,175 - INFO - lr_critic                : 0.01
2025-09-08 23:25:56,175 - INFO - lr_decay                 : 0.9999
2025-09-08 23:25:56,175 - INFO - normalize_states         : True
2025-09-08 23:25:56,175 - INFO - num_episodes             : 2500
2025-09-08 23:25:56,175 - INFO - predict_delta            : False
2025-09-08 23:25:56,175 - INFO - record                   : False
2025-09-08 23:25:56,175 - INFO - record_best_episodes     : True
2025-09-08 23:25:56,175 - INFO - recording_fps            : 30
2025-09-08 23:25:56,175 - INFO - reference_size           : 8
2025-09-08 23:25:56,175 - INFO - rls_action_size          : 4
2025-09-08 23:25:56,175 - INFO - rls_covariance           : 100.0
2025-09-08 23:25:56,175 - INFO - rls_gamma                : 0.9995
2025-09-08 23:25:56,175 - INFO - rls_state_size           : 8
2025-09-08 23:25:56,175 - INFO - save_interval            : 100
2025-09-08 23:25:56,175 - INFO - split                    : False
2025-09-08 23:25:56,176 - INFO - state_bounds             : {'z': [0.0, 5.0], 'roll': [-1.5707963267948966, 1.5707963267948966], 'pitch': [-1.5707963267948966, 1.5707963267948966], 'yaw': [-3.141592653589793, 3.141592653589793], 'vz': [-12.0, 12.0], 'wx': [-10.0, 10.0], 'wy': [-10.0, 10.0], 'wz': [-10.0, 10.0]}
2025-09-08 23:25:56,176 - INFO - state_size               : 8
2025-09-08 23:25:56,176 - INFO - target_network           : True
2025-09-08 23:25:56,176 - INFO - target_pos               : [0.5, 0.5, 1.0]
2025-09-08 23:25:56,176 - INFO - tau                      : 0.001
2025-09-08 23:25:56,176 - INFO - trajectory_type          : spiral
2025-09-08 23:25:56,176 - INFO - update_cycles            : 2
2025-09-08 23:25:56,176 - INFO - use_trajectory           : False
2025-09-08 23:25:56,176 - INFO - ----------------------------------------
2025-09-08 23:25:56,176 - INFO - Log file: /home/osos/Mohamed_Masters_Thesis/DHP_drone_updated/DHP/training_logs/dhp_split_training_20250908_232556.log
2025-09-08 23:25:56,176 - INFO - ================================================================================
2025-09-08 23:25:56,176 - INFO - 
TRAJECTORY TRAINING CONFIGURATION:
2025-09-08 23:25:56,176 - INFO -   num_episodes: 200
2025-09-08 23:25:56,176 - INFO -   episode_length: 25.0
2025-09-08 23:25:56,176 - INFO -   excitation_steps: 5000
2025-09-08 23:25:56,176 - INFO -   log_interval: 10
2025-09-08 23:25:56,176 - INFO -   save_interval: 50
2025-09-08 23:25:56,176 - INFO -   gui: False
2025-09-08 23:25:56,176 - INFO -   record: False
2025-09-08 23:25:56,176 - INFO -   normalize_states: True
2025-09-08 23:25:56,176 - INFO -   record_best_episodes: True
2025-09-08 23:25:56,176 - INFO -   coordination_warmup_episodes: 200
2025-09-08 23:25:56,176 - INFO -   coordination_strength: 0.15
2025-09-08 23:25:56,176 - INFO -   use_trajectory: True
2025-09-08 23:25:56,176 - INFO -   trajectory_type: spiral
2025-09-08 23:25:56,176 - INFO -   target_pos: [0.0, 0.0, 1.0]
2025-09-08 23:25:56,177 - INFO - 
==================================================
2025-09-08 23:25:56,177 - INFO - STARTING DHP TRAINING FOR CF2X QUADROTOR
2025-09-08 23:25:56,177 - INFO - ==================================================
2025-09-08 23:25:56,290 - WARNING - From /home/osos/Mohamed_Masters_Thesis/DHP_drone_updated/msc-thesis/agents/dhp.py:88: The name tf.Session is deprecated. Please use tf.compat.v1.Session instead.

2025-09-08 23:25:56,376 - WARNING - From /home/osos/Mohamed_Masters_Thesis/DHP_drone_updated/msc-thesis/agents/dhp.py:117: The name tf.placeholder is deprecated. Please use tf.compat.v1.placeholder instead.

2025-09-08 23:25:56,377 - WARNING - From /home/osos/Mohamed_Masters_Thesis/DHP_drone_updated/msc-thesis/agents/dhp.py:119: The name tf.placeholder_with_default is deprecated. Please use tf.compat.v1.placeholder_with_default instead.

2025-09-08 23:25:56,380 - WARNING - From /home/osos/Mohamed_Masters_Thesis/DHP_drone_updated/msc-thesis/agents/dhp.py:141: The name tf.variable_scope is deprecated. Please use tf.compat.v1.variable_scope instead.

2025-09-08 23:25:56,380 - WARNING - From /home/osos/Mohamed_Masters_Thesis/DHP_drone_updated/msc-thesis/agents/dhp.py:145: dense (from tensorflow.python.layers.core) is deprecated and will be removed in a future version.
Instructions for updating:
Use keras.layers.Dense instead.
2025-09-08 23:25:56,381 - WARNING - From /home/osos/anaconda3/envs/DHP/lib/python3.7/site-packages/tensorflow_core/python/layers/core.py:187: Layer.apply (from tensorflow.python.keras.engine.base_layer) is deprecated and will be removed in a future version.
Instructions for updating:
Please use `layer.__call__` method instead.
2025-09-08 23:25:56,408 - WARNING - From /home/osos/Mohamed_Masters_Thesis/DHP_drone_updated/msc-thesis/agents/dhp.py:150: The name tf.trainable_variables is deprecated. Please use tf.compat.v1.trainable_variables instead.

2025-09-08 23:25:56,421 - WARNING - From /home/osos/Mohamed_Masters_Thesis/DHP_drone_updated/msc-thesis/agents/dhp.py:156: The name tf.train.GradientDescentOptimizer is deprecated. Please use tf.compat.v1.train.GradientDescentOptimizer instead.

2025-09-08 23:25:56,450 - WARNING - From /home/osos/Mohamed_Masters_Thesis/DHP_drone_updated/msc-thesis/agents/dhp.py:173: The name tf.assign is deprecated. Please use tf.compat.v1.assign instead.

2025-09-08 23:25:56,572 - WARNING - From /home/osos/Mohamed_Masters_Thesis/DHP_drone_updated/msc-thesis/agents/dhp.py:97: The name tf.summary.merge_all is deprecated. Please use tf.compat.v1.summary.merge_all instead.

2025-09-08 23:25:56,572 - WARNING - From /home/osos/Mohamed_Masters_Thesis/DHP_drone_updated/msc-thesis/agents/dhp.py:98: The name tf.train.Saver is deprecated. Please use tf.compat.v1.train.Saver instead.

2025-09-08 23:25:56,586 - WARNING - From /home/osos/Mohamed_Masters_Thesis/DHP_drone_updated/msc-thesis/agents/dhp.py:99: The name tf.global_variables_initializer is deprecated. Please use tf.compat.v1.global_variables_initializer instead.

2025-09-08 23:25:56,641 - INFO - 
Training for 200 episodes...
2025-09-08 23:25:56,642 - INFO - Episode | Reward  | Avg Cost | Pos Error | Duration (Completion) | Time
2025-09-08 23:25:56,642 - INFO - -------------------------------------------------------------------------------------
2025-09-08 23:25:57,815 - INFO - 🏆 NEW BEST EPISODE (SMART CRITERIA)! Episode 0
2025-09-08 23:25:57,815 - INFO -    Position Error: 4.8509m
2025-09-08 23:25:57,815 - INFO -    Completion: 17.1% (128/750 steps)
2025-09-08 23:25:57,815 - INFO -    Duration: 4.3s / 25.0s
2025-09-08 23:25:57,815 - INFO -    Composite Score: -31.44
2025-09-08 23:25:57,816 - INFO -       0 |   74.13 |   30.175 |    4.8509 |   4.3s (17.1%) |    1.2s
2025-09-08 23:26:00,047 - INFO - 🏆 NEW BEST EPISODE (SMART CRITERIA)! Episode 2
2025-09-08 23:26:00,047 - INFO -    Position Error: 5.1351m
2025-09-08 23:26:00,047 - INFO -    Completion: 24.3% (182/750 steps)
2025-09-08 23:26:00,047 - INFO -    Duration: 6.1s / 25.0s
2025-09-08 23:26:00,047 - INFO -    Composite Score: -27.08
2025-09-08 23:26:00,638 - INFO - NEW BEST PERFORMANCE! Episode 3: 4.9705m
