2025-09-07 22:00:58,968 - INFO - ================================================================================
2025-09-07 22:00:58,968 - INFO - DHP SPLIT ARCHITECTURE TRAINING SESSION STARTED
2025-09-07 22:00:58,968 - INFO - ================================================================================
2025-09-07 22:00:58,968 - INFO - HYPERPARAMETERS:
2025-09-07 22:00:58,968 - INFO - ----------------------------------------
2025-09-07 22:00:58,968 - INFO - action_size              : 4
2025-09-07 22:00:58,968 - INFO - best_episode_gui         : False
2025-09-07 22:00:58,968 - INFO - coordination_strength    : 0.1
2025-09-07 22:00:58,968 - INFO - coordination_warmup_episodes: 400
2025-09-07 22:00:58,968 - INFO - dt                       : 0.03333333333333333
2025-09-07 22:00:58,968 - INFO - episode_length           : 20.0
2025-09-07 22:00:58,968 - INFO - excitation_amplitude     : 0.03
2025-09-07 22:00:58,969 - INFO - excitation_steps         : 12500
2025-09-07 22:00:58,969 - INFO - gamma                    : 0.98
2025-09-07 22:00:58,969 - INFO - gradient_clip_value      : 0.5
2025-09-07 22:00:58,969 - INFO - gui                      : False
2025-09-07 22:00:58,969 - INFO - hidden_layer_size        : [64, 64, 32]
2025-09-07 22:00:58,969 - INFO - log_interval             : 10
2025-09-07 22:00:58,969 - INFO - lr_actor                 : 0.005
2025-09-07 22:00:58,969 - INFO - lr_critic                : 0.01
2025-09-07 22:00:58,969 - INFO - lr_decay                 : 0.9999
2025-09-07 22:00:58,969 - INFO - normalize_states         : True
2025-09-07 22:00:58,969 - INFO - num_episodes             : 2500
2025-09-07 22:00:58,969 - INFO - predict_delta            : False
2025-09-07 22:00:58,969 - INFO - record                   : False
2025-09-07 22:00:58,969 - INFO - record_best_episodes     : True
2025-09-07 22:00:58,969 - INFO - recording_fps            : 30
2025-09-07 22:00:58,969 - INFO - reference_size           : 8
2025-09-07 22:00:58,969 - INFO - rls_action_size          : 4
2025-09-07 22:00:58,969 - INFO - rls_covariance           : 100.0
2025-09-07 22:00:58,969 - INFO - rls_gamma                : 0.9995
2025-09-07 22:00:58,969 - INFO - rls_state_size           : 8
2025-09-07 22:00:58,969 - INFO - save_interval            : 100
2025-09-07 22:00:58,969 - INFO - split                    : False
2025-09-07 22:00:58,969 - INFO - state_bounds             : {'z': [0.0, 5.0], 'roll': [-1.5707963267948966, 1.5707963267948966], 'pitch': [-1.5707963267948966, 1.5707963267948966], 'yaw': [-3.141592653589793, 3.141592653589793], 'vz': [-12.0, 12.0], 'wx': [-10.0, 10.0], 'wy': [-10.0, 10.0], 'wz': [-10.0, 10.0]}
2025-09-07 22:00:58,969 - INFO - state_size               : 8
2025-09-07 22:00:58,969 - INFO - target_network           : True
2025-09-07 22:00:58,969 - INFO - target_pos               : [0.5, 0.5, 1.0]
2025-09-07 22:00:58,969 - INFO - tau                      : 0.001
2025-09-07 22:00:58,969 - INFO - trajectory_type          : spiral
2025-09-07 22:00:58,969 - INFO - update_cycles            : 2
2025-09-07 22:00:58,969 - INFO - use_trajectory           : False
2025-09-07 22:00:58,969 - INFO - ----------------------------------------
2025-09-07 22:00:58,969 - INFO - Log file: /home/osos/Mohamed_Masters_Thesis/DHP_drone_updated/DHP/training_logs/dhp_split_training_20250907_220058.log
2025-09-07 22:00:58,970 - INFO - ================================================================================
2025-09-07 22:00:58,970 - INFO - 
TRAJECTORY TRAINING CONFIGURATION:
2025-09-07 22:00:58,970 - INFO -   num_episodes: 125
2025-09-07 22:00:58,970 - INFO -   episode_length: 25.0
2025-09-07 22:00:58,970 - INFO -   excitation_steps: 5000
2025-09-07 22:00:58,970 - INFO -   log_interval: 10
2025-09-07 22:00:58,970 - INFO -   save_interval: 50
2025-09-07 22:00:58,970 - INFO -   gui: False
2025-09-07 22:00:58,970 - INFO -   record: False
2025-09-07 22:00:58,970 - INFO -   normalize_states: True
2025-09-07 22:00:58,970 - INFO -   record_best_episodes: True
2025-09-07 22:00:58,970 - INFO -   coordination_warmup_episodes: 200
2025-09-07 22:00:58,970 - INFO -   coordination_strength: 0.15
2025-09-07 22:00:58,970 - INFO -   use_trajectory: True
2025-09-07 22:00:58,970 - INFO -   trajectory_type: spiral
2025-09-07 22:00:58,970 - INFO -   target_pos: [0.0, 0.0, 1.0]
2025-09-07 22:00:58,970 - INFO - 
==================================================
2025-09-07 22:00:58,970 - INFO - STARTING DHP TRAINING FOR CF2X QUADROTOR
2025-09-07 22:00:58,970 - INFO - ==================================================
2025-09-07 22:00:59,090 - WARNING - From /home/osos/Mohamed_Masters_Thesis/DHP_drone_updated/msc-thesis/agents/dhp.py:88: The name tf.Session is deprecated. Please use tf.compat.v1.Session instead.

2025-09-07 22:00:59,207 - WARNING - From /home/osos/Mohamed_Masters_Thesis/DHP_drone_updated/msc-thesis/agents/dhp.py:117: The name tf.placeholder is deprecated. Please use tf.compat.v1.placeholder instead.

2025-09-07 22:00:59,208 - WARNING - From /home/osos/Mohamed_Masters_Thesis/DHP_drone_updated/msc-thesis/agents/dhp.py:119: The name tf.placeholder_with_default is deprecated. Please use tf.compat.v1.placeholder_with_default instead.

2025-09-07 22:00:59,210 - WARNING - From /home/osos/Mohamed_Masters_Thesis/DHP_drone_updated/msc-thesis/agents/dhp.py:141: The name tf.variable_scope is deprecated. Please use tf.compat.v1.variable_scope instead.

2025-09-07 22:00:59,210 - WARNING - From /home/osos/Mohamed_Masters_Thesis/DHP_drone_updated/msc-thesis/agents/dhp.py:145: dense (from tensorflow.python.layers.core) is deprecated and will be removed in a future version.
Instructions for updating:
Use keras.layers.Dense instead.
2025-09-07 22:00:59,211 - WARNING - From /home/osos/anaconda3/envs/DHP/lib/python3.7/site-packages/tensorflow_core/python/layers/core.py:187: Layer.apply (from tensorflow.python.keras.engine.base_layer) is deprecated and will be removed in a future version.
Instructions for updating:
Please use `layer.__call__` method instead.
2025-09-07 22:00:59,237 - WARNING - From /home/osos/Mohamed_Masters_Thesis/DHP_drone_updated/msc-thesis/agents/dhp.py:150: The name tf.trainable_variables is deprecated. Please use tf.compat.v1.trainable_variables instead.

2025-09-07 22:00:59,247 - WARNING - From /home/osos/Mohamed_Masters_Thesis/DHP_drone_updated/msc-thesis/agents/dhp.py:156: The name tf.train.GradientDescentOptimizer is deprecated. Please use tf.compat.v1.train.GradientDescentOptimizer instead.

2025-09-07 22:00:59,275 - WARNING - From /home/osos/Mohamed_Masters_Thesis/DHP_drone_updated/msc-thesis/agents/dhp.py:173: The name tf.assign is deprecated. Please use tf.compat.v1.assign instead.

2025-09-07 22:00:59,390 - WARNING - From /home/osos/Mohamed_Masters_Thesis/DHP_drone_updated/msc-thesis/agents/dhp.py:97: The name tf.summary.merge_all is deprecated. Please use tf.compat.v1.summary.merge_all instead.

2025-09-07 22:00:59,391 - WARNING - From /home/osos/Mohamed_Masters_Thesis/DHP_drone_updated/msc-thesis/agents/dhp.py:98: The name tf.train.Saver is deprecated. Please use tf.compat.v1.train.Saver instead.

2025-09-07 22:00:59,402 - WARNING - From /home/osos/Mohamed_Masters_Thesis/DHP_drone_updated/msc-thesis/agents/dhp.py:99: The name tf.global_variables_initializer is deprecated. Please use tf.compat.v1.global_variables_initializer instead.

2025-09-07 22:00:59,454 - INFO - 
Training for 125 episodes...
2025-09-07 22:00:59,454 - INFO - Episode | Reward  | Avg Cost | Pos Error | Duration (Completion) | Time
2025-09-07 22:00:59,455 - INFO - -------------------------------------------------------------------------------------
2025-09-07 22:01:00,415 - INFO - 🏆 NEW BEST EPISODE (SMART CRITERIA)! Episode 0
2025-09-07 22:01:00,415 - INFO -    Position Error: 5.1171m
2025-09-07 22:01:00,415 - INFO -    Completion: 12.8% (96/750 steps)
2025-09-07 22:01:00,415 - INFO -    Duration: 3.2s / 25.0s
2025-09-07 22:01:00,415 - INFO -    Composite Score: -38.37
2025-09-07 22:01:00,416 - INFO -       0 |   57.81 |   37.936 |    5.1171 |   3.2s (12.8%) |    1.0s
2025-09-07 22:01:01,295 - INFO - 🏆 NEW BEST EPISODE (SMART CRITERIA)! Episode 1
2025-09-07 22:01:01,295 - INFO -    Position Error: 5.4017m
2025-09-07 22:01:01,296 - INFO -    Completion: 17.1% (128/750 steps)
2025-09-07 22:01:01,296 - INFO -    Duration: 4.3s / 25.0s
2025-09-07 22:01:01,296 - INFO -    Composite Score: -36.95
2025-09-07 22:01:02,029 - INFO - 🏆 NEW BEST EPISODE (SMART CRITERIA)! Episode 2
2025-09-07 22:01:02,029 - INFO -    Position Error: 4.9905m
2025-09-07 22:01:02,029 - INFO -    Completion: 14.3% (107/750 steps)
2025-09-07 22:01:02,029 - INFO -    Duration: 3.6s / 25.0s
2025-09-07 22:01:02,029 - INFO -    Composite Score: -35.64
2025-09-07 22:01:03,778 - INFO - 🏆 NEW BEST EPISODE (SMART CRITERIA)! Episode 3
2025-09-07 22:01:03,778 - INFO -    Position Error: 4.0343m
2025-09-07 22:01:03,778 - INFO -    Completion: 36.1% (271/750 steps)
2025-09-07 22:01:03,778 - INFO -    Duration: 9.0s / 25.0s
2025-09-07 22:01:03,778 - INFO -    Composite Score: -4.21
2025-09-07 22:01:10,928 - INFO - 🏆 NEW BEST EPISODE (SMART CRITERIA)! Episode 9
2025-09-07 22:01:10,928 - INFO -    Position Error: 3.1103m
2025-09-07 22:01:10,928 - INFO -    Completion: 73.6% (552/750 steps)
2025-09-07 22:01:10,928 - INFO -    Duration: 18.4s / 25.0s
2025-09-07 22:01:10,928 - INFO -    Composite Score: 42.50
2025-09-07 22:01:12,583 - INFO -      10 |   31.61 |   54.696 |    5.2073 |   8.9s (35.6%) |   13.1s
2025-09-07 22:01:17,406 - INFO - NEW BEST PERFORMANCE! Episode 16: 0.1481m
2025-09-07 22:01:17,467 - INFO - BEST MODEL SAVED! Episode 16, Error: 0.1481m
2025-09-07 22:01:17,467 - INFO - Best model path: /home/osos/Mohamed_Masters_Thesis/DHP_drone_updated/DHP/trained_models/dhp_cf2x_best
2025-09-07 22:01:17,467 - INFO - All model files saved successfully!
2025-09-07 22:01:17,467 - INFO - CONVERGENCE EPISODE 16: 0.1481m
2025-09-07 22:01:17,565 - INFO - NEW BEST PERFORMANCE! Episode 17: 0.1460m
2025-09-07 22:01:17,602 - INFO - BEST MODEL SAVED! Episode 17, Error: 0.1460m
2025-09-07 22:01:17,602 - INFO - Best model path: /home/osos/Mohamed_Masters_Thesis/DHP_drone_updated/DHP/trained_models/dhp_cf2x_best
2025-09-07 22:01:17,602 - INFO - All model files saved successfully!
2025-09-07 22:01:17,602 - INFO - CONVERGENCE EPISODE 17: 0.1460m
2025-09-07 22:01:17,705 - INFO - CONVERGENCE EPISODE 18: 0.1829m
2025-09-07 22:01:17,823 - INFO - CONVERGENCE EPISODE 19: 0.2311m
2025-09-07 22:01:17,968 - INFO - CONVERGENCE EPISODE 20: 0.3830m
2025-09-07 22:01:17,968 - INFO -      20 |   23.39 |   39.434 |    0.3830 |   0.6s ( 2.4%) |   18.5s
2025-09-07 22:01:19,455 - INFO - CONVERGENCE EPISODE 22: 0.2640m
2025-09-07 22:01:20,646 - INFO - CONVERGENCE EPISODE 24: 0.3206m
2025-09-07 22:01:23,449 - INFO - CONVERGENCE EPISODE 27: 0.5032m
2025-09-07 22:01:24,593 - INFO - CONVERGENCE EPISODE 28: 0.7812m
2025-09-07 22:01:25,512 - INFO - CONVERGENCE EPISODE 30: 0.7095m
2025-09-07 22:01:25,512 - INFO -      30 |   73.03 |   20.009 |    0.7095 |   2.2s ( 8.7%) |   26.1s
2025-09-07 22:01:32,370 - INFO -      40 |   80.73 |  139.115 |    2.4665 |   2.5s (10.0%) |   32.9s
2025-09-07 22:01:32,760 - INFO - CONVERGENCE EPISODE 41: 0.7914m
2025-09-07 22:01:38,301 - INFO -      50 |   95.15 |  157.374 |    2.4460 |   3.1s (12.4%) |   38.8s
2025-09-07 22:01:49,121 - INFO - 🏆 NEW BEST EPISODE (SMART CRITERIA)! Episode 57
2025-09-07 22:01:49,121 - INFO -    Position Error: 0.6556m
2025-09-07 22:01:49,121 - INFO -    Completion: 100.0% (750/750 steps)
2025-09-07 22:01:49,121 - INFO -    Duration: 25.0s / 25.0s
2025-09-07 22:01:49,121 - INFO -    Composite Score: 143.44
2025-09-07 22:01:49,121 - INFO - 🎯 NEW BEST COMPLETED EPISODE! Episode 57
2025-09-07 22:01:49,121 - INFO -    Position Error: 0.6556m (among completed episodes)
2025-09-07 22:01:49,122 - INFO -    Completion: 100.0% (750/750 steps)
2025-09-07 22:01:49,122 - INFO -    Duration: 25.0s
2025-09-07 22:01:49,128 - INFO - CONVERGENCE EPISODE 57: 0.6556m
2025-09-07 22:01:53,613 - INFO - CONVERGENCE EPISODE 58: 0.6559m
2025-09-07 22:01:58,077 - INFO - CONVERGENCE EPISODE 59: 0.6557m
2025-09-07 22:02:02,533 - INFO - CONVERGENCE EPISODE 60: 0.6557m
2025-09-07 22:02:02,534 - INFO -      60 |  542.72 |    0.116 |    0.6557 |  25.0s (100.0%) |   63.1s
2025-09-07 22:02:08,088 - INFO - CONVERGENCE EPISODE 62: 0.6558m
2025-09-07 22:02:15,728 - INFO - 🏆 NEW BEST EPISODE (SMART CRITERIA)! Episode 65
2025-09-07 22:02:15,728 - INFO -    Position Error: 0.6540m
2025-09-07 22:02:15,728 - INFO -    Completion: 100.0% (750/750 steps)
2025-09-07 22:02:15,728 - INFO -    Duration: 25.0s / 25.0s
2025-09-07 22:02:15,728 - INFO -    Composite Score: 143.46
2025-09-07 22:02:15,728 - INFO - 🎯 NEW BEST COMPLETED EPISODE! Episode 65
2025-09-07 22:02:15,728 - INFO -    Position Error: 0.6540m (among completed episodes)
2025-09-07 22:02:15,728 - INFO -    Completion: 100.0% (750/750 steps)
2025-09-07 22:02:15,728 - INFO -    Duration: 25.0s
2025-09-07 22:02:15,734 - INFO - CONVERGENCE EPISODE 65: 0.6540m
2025-09-07 22:02:20,267 - INFO - CONVERGENCE EPISODE 66: 0.6546m
2025-09-07 22:02:28,913 - INFO - 🏆 NEW BEST EPISODE (SMART CRITERIA)! Episode 70
2025-09-07 22:02:28,914 - INFO -    Position Error: 0.6537m
2025-09-07 22:02:28,914 - INFO -    Completion: 100.0% (750/750 steps)
2025-09-07 22:02:28,914 - INFO -    Duration: 25.0s / 25.0s
2025-09-07 22:02:28,914 - INFO -    Composite Score: 143.46
2025-09-07 22:02:28,914 - INFO - 🎯 NEW BEST COMPLETED EPISODE! Episode 70
2025-09-07 22:02:28,914 - INFO -    Position Error: 0.6537m (among completed episodes)
2025-09-07 22:02:28,914 - INFO -    Completion: 100.0% (750/750 steps)
2025-09-07 22:02:28,914 - INFO -    Duration: 25.0s
2025-09-07 22:02:28,920 - INFO - CONVERGENCE EPISODE 70: 0.6537m
2025-09-07 22:02:28,921 - INFO -      70 |  542.24 |    0.526 |    0.6537 |  25.0s (100.0%) |   89.5s
2025-09-07 22:02:35,478 - INFO - 🏆 NEW BEST EPISODE (SMART CRITERIA)! Episode 72
2025-09-07 22:02:35,478 - INFO -    Position Error: 0.6521m
2025-09-07 22:02:35,478 - INFO -    Completion: 100.0% (750/750 steps)
2025-09-07 22:02:35,478 - INFO -    Duration: 25.0s / 25.0s
2025-09-07 22:02:35,478 - INFO -    Composite Score: 143.48
2025-09-07 22:02:35,478 - INFO - 🎯 NEW BEST COMPLETED EPISODE! Episode 72
2025-09-07 22:02:35,478 - INFO -    Position Error: 0.6521m (among completed episodes)
2025-09-07 22:02:35,478 - INFO -    Completion: 100.0% (750/750 steps)
2025-09-07 22:02:35,478 - INFO -    Duration: 25.0s
2025-09-07 22:02:35,485 - INFO - CONVERGENCE EPISODE 72: 0.6521m
2025-09-07 22:02:42,056 - INFO - CONVERGENCE EPISODE 77: 0.7034m
2025-09-07 22:02:43,341 - INFO - NEW BEST PERFORMANCE! Episode 78: 0.5814m
2025-09-07 22:02:43,385 - INFO - BEST MODEL SAVED! Episode 78, Error: 0.5814m
2025-09-07 22:02:43,385 - INFO - Best model path: /home/osos/Mohamed_Masters_Thesis/DHP_drone_updated/DHP/trained_models/dhp_cf2x_best
2025-09-07 22:02:43,385 - INFO - All model files saved successfully!
2025-09-07 22:02:43,385 - INFO - CONVERGENCE EPISODE 78: 0.5814m
2025-09-07 22:02:45,289 - INFO -      80 |  143.98 |   27.521 |    2.3258 |   3.7s (14.7%) |  105.8s
2025-09-07 22:02:46,883 - INFO - CONVERGENCE EPISODE 82: 0.9037m
2025-09-07 22:02:56,167 - INFO -      90 |  126.18 |   28.497 |    4.1589 |   4.8s (19.1%) |  116.7s
2025-09-07 22:02:59,271 - INFO - CONVERGENCE EPISODE 94: 0.6604m
2025-09-07 22:03:04,348 - INFO - CONVERGENCE EPISODE 100: 0.8362m
2025-09-07 22:03:04,348 - INFO - 
2025-09-07 22:03:04,348 - INFO - MILESTONE 100 ANALYSIS:
2025-09-07 22:03:04,348 - INFO -   Recent 50 episodes avg position error: 2.4938 ± 1.6574m
2025-09-07 22:03:04,349 - INFO -   Recent 50 episodes avg cost: 30.153
2025-09-07 22:03:04,349 - INFO -   Convergent episodes ratio (< 1.0m): 28.00%
2025-09-07 22:03:04,349 - INFO -   Total convergent episodes so far: 25
2025-09-07 22:03:04,349 - INFO -   Best performance: 0.5814m at episode 78
2025-09-07 22:03:04,349 - INFO -   Stable performance not yet achieved
2025-09-07 22:03:04,349 - INFO - 
2025-09-07 22:03:04,349 - INFO -     100 |  101.50 |  115.851 |    0.8362 |   3.9s (15.5%) |  124.9s
2025-09-07 22:03:05,851 - INFO - NEW BEST PERFORMANCE! Episode 102: 0.5046m
2025-09-07 22:03:05,893 - INFO - BEST MODEL SAVED! Episode 102, Error: 0.5046m
2025-09-07 22:03:05,894 - INFO - Best model path: /home/osos/Mohamed_Masters_Thesis/DHP_drone_updated/DHP/trained_models/dhp_cf2x_best
2025-09-07 22:03:05,894 - INFO - All model files saved successfully!
2025-09-07 22:03:05,894 - INFO - CONVERGENCE EPISODE 102: 0.5046m
2025-09-07 22:03:11,168 - INFO - CONVERGENCE EPISODE 109: 0.7726m
2025-09-07 22:03:11,800 - INFO -     110 |  125.06 |   20.176 |    1.6986 |   3.4s (13.7%) |  132.3s
2025-09-07 22:03:16,845 - INFO - CONVERGENCE EPISODE 117: 0.9773m
2025-09-07 22:03:19,139 - INFO -     120 |  119.91 |   23.210 |    1.6364 |   3.0s (12.1%) |  139.7s
2025-09-07 22:03:21,987 - INFO - 
================================================================================
2025-09-07 22:03:21,987 - INFO - TRAINING COMPLETED - FINAL ANALYSIS
2025-09-07 22:03:21,987 - INFO - ================================================================================
2025-09-07 22:03:21,987 - INFO - Total training time: 142.5 seconds (2.4 minutes)
2025-09-07 22:03:21,987 - INFO - Final episode reward: 118.54
2025-09-07 22:03:21,987 - INFO - Final position error: 1.2500m
2025-09-07 22:03:21,987 - INFO - 
EPISODE COMPLETION STATISTICS:
2025-09-07 22:03:21,987 - INFO - Average completion rate: 24.5%
2025-09-07 22:03:21,987 - INFO - Episodes completed (≥90%): 9/125 (7.2%)
2025-09-07 22:03:21,987 - INFO - Best completed episode: #72 with error 0.6521m
2025-09-07 22:03:21,987 - INFO - 
BEST EPISODE ANALYSIS:
2025-09-07 22:03:21,988 - INFO - Best overall episode (smart criteria): #102
2025-09-07 22:03:21,988 - INFO -   Position error: 0.5046m
2025-09-07 22:03:21,988 - INFO -   Composite score: 143.48
2025-09-07 22:03:21,988 - INFO - Total convergent episodes (< 1.0m): 28/125 (22.40%)
2025-09-07 22:03:21,988 - INFO - Stable performance achieved: No
2025-09-07 22:03:21,988 - INFO - Position error statistics:
2025-09-07 22:03:21,988 - INFO -   Mean: 2.9631m
2025-09-07 22:03:21,988 - INFO -   Std:  1.8159m
2025-09-07 22:03:21,988 - INFO -   Min:  0.1460m
2025-09-07 22:03:21,988 - INFO -   Max:  5.8796m
2025-09-07 22:03:21,988 - INFO -   Median: 3.0846m
2025-09-07 22:03:21,988 - INFO - Performance distribution:
2025-09-07 22:03:21,988 - INFO -   Excellent (< 0.5m): 7 episodes (5.6%)
2025-09-07 22:03:21,988 - INFO -   Good (0.5-1.0m):   21 episodes (16.8%)
2025-09-07 22:03:21,988 - INFO -   Acceptable (1.0-1.5m): 11 episodes (8.8%)
2025-09-07 22:03:21,989 - INFO -   Poor (> 1.5m):     86 episodes (68.8%)
2025-09-07 22:03:21,989 - INFO - 
TRAINING CONFIGURATION EFFECTIVENESS:
2025-09-07 22:03:21,989 - INFO - ----------------------------------------
2025-09-07 22:03:21,989 - INFO - Episodes needed for first convergence: 16
2025-09-07 22:03:21,989 - INFO - Excitation phase ended at episode: 6
2025-09-07 22:03:21,990 - INFO - Training metrics saved to: /home/osos/Mohamed_Masters_Thesis/DHP_drone_updated/DHP/training_logs/dhp_split_metrics_20250907_220321.json
2025-09-07 22:03:21,990 - INFO - 
BEST MODEL CONFIRMED:
2025-09-07 22:03:21,990 - INFO -   Episode: 102
2025-09-07 22:03:21,990 - INFO -   Position Error: 0.5046m
2025-09-07 22:03:21,990 - INFO -   Model files: dhp_cf2x_best_*
2025-09-07 22:03:21,990 - INFO - ================================================================================
2025-09-07 22:03:21,990 - INFO - TRAINING SESSION COMPLETED
2025-09-07 22:03:21,991 - INFO - Detailed log saved to: /home/osos/Mohamed_Masters_Thesis/DHP_drone_updated/DHP/training_logs/dhp_split_training_20250907_220058.log
2025-09-07 22:03:21,991 - INFO - ================================================================================
2025-09-07 22:03:46,843 - INFO - 
==================================================
2025-09-07 22:03:46,843 - INFO - STARTING POLICY DEMONSTRATION
2025-09-07 22:03:46,843 - INFO - ==================================================
2025-09-07 22:03:52,014 - INFO - Trajectory demonstration completed for spiral trajectory
2025-09-07 22:03:52,014 - INFO - Training and demonstration session completed successfully!
