2025-09-08 23:15:10,652 - INFO - ================================================================================
2025-09-08 23:15:10,652 - INFO - DHP SPLIT ARCHITECTURE TRAINING SESSION STARTED
2025-09-08 23:15:10,652 - INFO - ================================================================================
2025-09-08 23:15:10,652 - INFO - HYPERPARAMETERS:
2025-09-08 23:15:10,652 - INFO - ----------------------------------------
2025-09-08 23:15:10,652 - INFO - action_size              : 4
2025-09-08 23:15:10,652 - INFO - best_episode_gui         : False
2025-09-08 23:15:10,652 - INFO - coordination_strength    : 0.1
2025-09-08 23:15:10,652 - INFO - coordination_warmup_episodes: 400
2025-09-08 23:15:10,652 - INFO - dt                       : 0.03333333333333333
2025-09-08 23:15:10,652 - INFO - episode_length           : 20.0
2025-09-08 23:15:10,652 - INFO - excitation_amplitude     : 0.03
2025-09-08 23:15:10,652 - INFO - excitation_steps         : 12500
2025-09-08 23:15:10,652 - INFO - gamma                    : 0.98
2025-09-08 23:15:10,652 - INFO - gradient_clip_value      : 0.5
2025-09-08 23:15:10,652 - INFO - gui                      : False
2025-09-08 23:15:10,652 - INFO - hidden_layer_size        : [64, 64, 32]
2025-09-08 23:15:10,652 - INFO - log_interval             : 10
2025-09-08 23:15:10,652 - INFO - lr_actor                 : 0.005
2025-09-08 23:15:10,652 - INFO - lr_critic                : 0.01
2025-09-08 23:15:10,652 - INFO - lr_decay                 : 0.9999
2025-09-08 23:15:10,652 - INFO - normalize_states         : True
2025-09-08 23:15:10,652 - INFO - num_episodes             : 2500
2025-09-08 23:15:10,652 - INFO - predict_delta            : False
2025-09-08 23:15:10,652 - INFO - record                   : False
2025-09-08 23:15:10,652 - INFO - record_best_episodes     : True
2025-09-08 23:15:10,652 - INFO - recording_fps            : 30
2025-09-08 23:15:10,652 - INFO - reference_size           : 8
2025-09-08 23:15:10,652 - INFO - rls_action_size          : 4
2025-09-08 23:15:10,653 - INFO - rls_covariance           : 100.0
2025-09-08 23:15:10,653 - INFO - rls_gamma                : 0.9995
2025-09-08 23:15:10,653 - INFO - rls_state_size           : 8
2025-09-08 23:15:10,653 - INFO - save_interval            : 100
2025-09-08 23:15:10,653 - INFO - split                    : False
2025-09-08 23:15:10,653 - INFO - state_bounds             : {'z': [0.0, 5.0], 'roll': [-1.5707963267948966, 1.5707963267948966], 'pitch': [-1.5707963267948966, 1.5707963267948966], 'yaw': [-3.141592653589793, 3.141592653589793], 'vz': [-12.0, 12.0], 'wx': [-10.0, 10.0], 'wy': [-10.0, 10.0], 'wz': [-10.0, 10.0]}
2025-09-08 23:15:10,653 - INFO - state_size               : 8
2025-09-08 23:15:10,653 - INFO - target_network           : True
2025-09-08 23:15:10,653 - INFO - target_pos               : [0.5, 0.5, 1.0]
2025-09-08 23:15:10,653 - INFO - tau                      : 0.001
2025-09-08 23:15:10,653 - INFO - trajectory_type          : spiral
2025-09-08 23:15:10,653 - INFO - update_cycles            : 2
2025-09-08 23:15:10,653 - INFO - use_trajectory           : False
2025-09-08 23:15:10,653 - INFO - ----------------------------------------
2025-09-08 23:15:10,653 - INFO - Log file: /home/osos/Mohamed_Masters_Thesis/DHP_drone_updated/DHP/training_logs/dhp_split_training_20250908_231510.log
2025-09-08 23:15:10,653 - INFO - ================================================================================
2025-09-08 23:15:10,653 - INFO - 
TRAJECTORY TRAINING CONFIGURATION:
2025-09-08 23:15:10,653 - INFO -   num_episodes: 200
2025-09-08 23:15:10,653 - INFO -   episode_length: 25.0
2025-09-08 23:15:10,653 - INFO -   excitation_steps: 5000
2025-09-08 23:15:10,653 - INFO -   log_interval: 10
2025-09-08 23:15:10,653 - INFO -   save_interval: 50
2025-09-08 23:15:10,653 - INFO -   gui: False
2025-09-08 23:15:10,653 - INFO -   record: False
2025-09-08 23:15:10,653 - INFO -   normalize_states: True
2025-09-08 23:15:10,654 - INFO -   record_best_episodes: True
2025-09-08 23:15:10,654 - INFO -   coordination_warmup_episodes: 200
2025-09-08 23:15:10,654 - INFO -   coordination_strength: 0.15
2025-09-08 23:15:10,654 - INFO -   use_trajectory: True
2025-09-08 23:15:10,654 - INFO -   trajectory_type: spiral
2025-09-08 23:15:10,654 - INFO -   target_pos: [0.0, 0.0, 1.0]
2025-09-08 23:15:10,654 - INFO - 
==================================================
2025-09-08 23:15:10,654 - INFO - STARTING DHP TRAINING FOR CF2X QUADROTOR
2025-09-08 23:15:10,654 - INFO - ==================================================
2025-09-08 23:15:10,759 - WARNING - From /home/osos/Mohamed_Masters_Thesis/DHP_drone_updated/msc-thesis/agents/dhp.py:88: The name tf.Session is deprecated. Please use tf.compat.v1.Session instead.

2025-09-08 23:15:10,845 - WARNING - From /home/osos/Mohamed_Masters_Thesis/DHP_drone_updated/msc-thesis/agents/dhp.py:117: The name tf.placeholder is deprecated. Please use tf.compat.v1.placeholder instead.

2025-09-08 23:15:10,846 - WARNING - From /home/osos/Mohamed_Masters_Thesis/DHP_drone_updated/msc-thesis/agents/dhp.py:119: The name tf.placeholder_with_default is deprecated. Please use tf.compat.v1.placeholder_with_default instead.

2025-09-08 23:15:10,849 - WARNING - From /home/osos/Mohamed_Masters_Thesis/DHP_drone_updated/msc-thesis/agents/dhp.py:141: The name tf.variable_scope is deprecated. Please use tf.compat.v1.variable_scope instead.

2025-09-08 23:15:10,849 - WARNING - From /home/osos/Mohamed_Masters_Thesis/DHP_drone_updated/msc-thesis/agents/dhp.py:145: dense (from tensorflow.python.layers.core) is deprecated and will be removed in a future version.
Instructions for updating:
Use keras.layers.Dense instead.
2025-09-08 23:15:10,850 - WARNING - From /home/osos/anaconda3/envs/DHP/lib/python3.7/site-packages/tensorflow_core/python/layers/core.py:187: Layer.apply (from tensorflow.python.keras.engine.base_layer) is deprecated and will be removed in a future version.
Instructions for updating:
Please use `layer.__call__` method instead.
2025-09-08 23:15:10,877 - WARNING - From /home/osos/Mohamed_Masters_Thesis/DHP_drone_updated/msc-thesis/agents/dhp.py:150: The name tf.trainable_variables is deprecated. Please use tf.compat.v1.trainable_variables instead.

2025-09-08 23:15:10,889 - WARNING - From /home/osos/Mohamed_Masters_Thesis/DHP_drone_updated/msc-thesis/agents/dhp.py:156: The name tf.train.GradientDescentOptimizer is deprecated. Please use tf.compat.v1.train.GradientDescentOptimizer instead.

2025-09-08 23:15:10,919 - WARNING - From /home/osos/Mohamed_Masters_Thesis/DHP_drone_updated/msc-thesis/agents/dhp.py:173: The name tf.assign is deprecated. Please use tf.compat.v1.assign instead.

2025-09-08 23:15:11,040 - WARNING - From /home/osos/Mohamed_Masters_Thesis/DHP_drone_updated/msc-thesis/agents/dhp.py:97: The name tf.summary.merge_all is deprecated. Please use tf.compat.v1.summary.merge_all instead.

2025-09-08 23:15:11,040 - WARNING - From /home/osos/Mohamed_Masters_Thesis/DHP_drone_updated/msc-thesis/agents/dhp.py:98: The name tf.train.Saver is deprecated. Please use tf.compat.v1.train.Saver instead.

2025-09-08 23:15:11,052 - WARNING - From /home/osos/Mohamed_Masters_Thesis/DHP_drone_updated/msc-thesis/agents/dhp.py:99: The name tf.global_variables_initializer is deprecated. Please use tf.compat.v1.global_variables_initializer instead.

2025-09-08 23:15:11,107 - INFO - 
Training for 200 episodes...
2025-09-08 23:15:11,107 - INFO - Episode | Reward  | Avg Cost | Pos Error | Duration (Completion) | Time
2025-09-08 23:15:11,107 - INFO - -------------------------------------------------------------------------------------
2025-09-08 23:15:12,293 - INFO - 🏆 NEW BEST EPISODE (SMART CRITERIA)! Episode 0
2025-09-08 23:15:12,293 - INFO -    Position Error: 4.8587m
2025-09-08 23:15:12,293 - INFO -    Completion: 14.9% (112/750 steps)
2025-09-08 23:15:12,293 - INFO -    Duration: 3.7s / 25.0s
2025-09-08 23:15:12,293 - INFO -    Composite Score: -33.65
2025-09-08 23:15:12,294 - INFO -       0 |   49.64 |   44.368 |    4.8587 |   3.7s (14.9%) |    1.2s
2025-09-08 23:15:15,276 - INFO - NEW BEST PERFORMANCE! Episode 5: 0.5257m
2025-09-08 23:15:15,315 - INFO - BEST MODEL SAVED! Episode 5, Error: 0.5257m
2025-09-08 23:15:15,315 - INFO - Best model path: /home/osos/Mohamed_Masters_Thesis/DHP_drone_updated/DHP/trained_models/dhp_cf2x_best
2025-09-08 23:15:15,315 - INFO - All model files saved successfully!
2025-09-08 23:15:15,316 - INFO - CONVERGENCE EPISODE 5: 0.5257m
2025-09-08 23:15:18,647 - INFO -      10 |   34.20 |   34.157 |    5.1726 |   2.4s ( 9.6%) |    7.5s
2025-09-08 23:15:19,876 - INFO - 🏆 NEW BEST EPISODE (SMART CRITERIA)! Episode 11
2025-09-08 23:15:19,876 - INFO -    Position Error: 4.8464m
2025-09-08 23:15:19,876 - INFO -    Completion: 24.4% (183/750 steps)
2025-09-08 23:15:19,876 - INFO -    Duration: 6.1s / 25.0s
2025-09-08 23:15:19,877 - INFO -    Composite Score: -24.06
2025-09-08 23:15:22,672 - INFO - 🏆 NEW BEST EPISODE (SMART CRITERIA)! Episode 12
2025-09-08 23:15:22,672 - INFO -    Position Error: 4.3251m
2025-09-08 23:15:22,672 - INFO -    Completion: 54.8% (411/750 steps)
2025-09-08 23:15:22,672 - INFO -    Duration: 13.7s / 25.0s
2025-09-08 23:15:22,672 - INFO -    Composite Score: 11.55
2025-09-08 23:15:22,861 - INFO - NEW BEST PERFORMANCE! Episode 13: 0.5452m
2025-09-08 23:15:22,885 - INFO - BEST MODEL SAVED! Episode 13, Error: 0.5452m
2025-09-08 23:15:22,885 - INFO - Best model path: /home/osos/Mohamed_Masters_Thesis/DHP_drone_updated/DHP/trained_models/dhp_cf2x_best
2025-09-08 23:15:22,886 - INFO - All model files saved successfully!
2025-09-08 23:15:22,886 - INFO - CONVERGENCE EPISODE 13: 0.5452m
2025-09-08 23:15:27,886 - INFO - NEW BEST PERFORMANCE! Episode 18: 0.3377m
2025-09-08 23:15:27,907 - INFO - BEST MODEL SAVED! Episode 18, Error: 0.3377m
2025-09-08 23:15:27,907 - INFO - Best model path: /home/osos/Mohamed_Masters_Thesis/DHP_drone_updated/DHP/trained_models/dhp_cf2x_best
2025-09-08 23:15:27,907 - INFO - All model files saved successfully!
2025-09-08 23:15:27,907 - INFO - CONVERGENCE EPISODE 18: 0.3377m
2025-09-08 23:15:33,346 - INFO -      20 |   43.34 |   47.430 |    4.7902 |  12.1s (48.4%) |   22.2s
2025-09-08 23:15:33,465 - INFO - NEW BEST PERFORMANCE! Episode 21: 0.2302m
2025-09-08 23:15:33,488 - INFO - BEST MODEL SAVED! Episode 21, Error: 0.2302m
2025-09-08 23:15:33,488 - INFO - Best model path: /home/osos/Mohamed_Masters_Thesis/DHP_drone_updated/DHP/trained_models/dhp_cf2x_best
2025-09-08 23:15:33,488 - INFO - All model files saved successfully!
2025-09-08 23:15:33,488 - INFO - CONVERGENCE EPISODE 21: 0.2302m
2025-09-08 23:15:33,737 - INFO - NEW BEST PERFORMANCE! Episode 22: 0.1919m
2025-09-08 23:15:33,756 - INFO - BEST MODEL SAVED! Episode 22, Error: 0.1919m
2025-09-08 23:15:33,756 - INFO - Best model path: /home/osos/Mohamed_Masters_Thesis/DHP_drone_updated/DHP/trained_models/dhp_cf2x_best
2025-09-08 23:15:33,756 - INFO - All model files saved successfully!
2025-09-08 23:15:33,756 - INFO - CONVERGENCE EPISODE 22: 0.1919m
2025-09-08 23:15:33,893 - INFO - CONVERGENCE EPISODE 23: 0.2225m
2025-09-08 23:15:34,555 - INFO - CONVERGENCE EPISODE 24: 0.4513m
2025-09-08 23:15:34,773 - INFO - NEW BEST PERFORMANCE! Episode 25: 0.1019m
2025-09-08 23:15:34,801 - INFO - BEST MODEL SAVED! Episode 25, Error: 0.1019m
2025-09-08 23:15:34,801 - INFO - Best model path: /home/osos/Mohamed_Masters_Thesis/DHP_drone_updated/DHP/trained_models/dhp_cf2x_best
2025-09-08 23:15:34,801 - INFO - All model files saved successfully!
2025-09-08 23:15:34,801 - INFO - CONVERGENCE EPISODE 25: 0.1019m
2025-09-08 23:15:36,202 - INFO - CONVERGENCE EPISODE 27: 0.7271m
2025-09-08 23:15:36,427 - INFO - CONVERGENCE EPISODE 28: 0.5157m
2025-09-08 23:15:36,559 - INFO - CONVERGENCE EPISODE 29: 0.2887m
2025-09-08 23:15:36,897 - INFO -      30 |   58.18 |   43.314 |    1.0130 |   1.5s ( 6.1%) |   25.8s
2025-09-08 23:15:37,167 - INFO - CONVERGENCE EPISODE 31: 0.9561m
2025-09-08 23:15:39,222 - INFO - 🏆 NEW BEST EPISODE (SMART CRITERIA)! Episode 33
2025-09-08 23:15:39,222 - INFO -    Position Error: 1.0736m
2025-09-08 23:15:39,222 - INFO -    Completion: 30.3% (227/750 steps)
2025-09-08 23:15:39,222 - INFO -    Duration: 7.6s / 25.0s
2025-09-08 23:15:39,222 - INFO -    Composite Score: 19.53
2025-09-08 23:15:41,520 - INFO - NEW BEST PERFORMANCE! Episode 39: 0.1716m
2025-09-08 23:15:41,542 - INFO - BEST MODEL SAVED! Episode 39, Error: 0.1716m
2025-09-08 23:15:41,542 - INFO - Best model path: /home/osos/Mohamed_Masters_Thesis/DHP_drone_updated/DHP/trained_models/dhp_cf2x_best
2025-09-08 23:15:41,542 - INFO - All model files saved successfully!
2025-09-08 23:15:41,542 - INFO - CONVERGENCE EPISODE 39: 0.1716m
2025-09-08 23:15:41,790 - INFO -      40 |   21.64 |   93.786 |    1.4557 |   1.1s ( 4.4%) |   30.7s
2025-09-08 23:15:42,897 - INFO - CONVERGENCE EPISODE 42: 0.8997m
2025-09-08 23:15:52,238 - INFO -      50 |  300.38 |   56.511 |    4.6154 |   8.9s (35.5%) |   41.1s
2025-09-08 23:15:58,542 - INFO - CONVERGENCE EPISODE 56: 0.4206m
2025-09-08 23:16:00,371 - INFO - 🏆 NEW BEST EPISODE (SMART CRITERIA)! Episode 57
2025-09-08 23:16:00,371 - INFO -    Position Error: 0.7813m
2025-09-08 23:16:00,371 - INFO -    Completion: 36.9% (277/750 steps)
2025-09-08 23:16:00,371 - INFO -    Duration: 9.2s / 25.0s
2025-09-08 23:16:00,371 - INFO -    Composite Score: 29.12
2025-09-08 23:16:00,373 - INFO - CONVERGENCE EPISODE 57: 0.7813m
2025-09-08 23:16:03,423 - INFO - 🏆 NEW BEST EPISODE (SMART CRITERIA)! Episode 59
2025-09-08 23:16:03,423 - INFO -    Position Error: 0.8297m
2025-09-08 23:16:03,423 - INFO -    Completion: 44.9% (337/750 steps)
2025-09-08 23:16:03,423 - INFO -    Duration: 11.2s / 25.0s
2025-09-08 23:16:03,423 - INFO -    Composite Score: 36.64
2025-09-08 23:16:03,426 - INFO - CONVERGENCE EPISODE 59: 0.8297m
2025-09-08 23:16:04,182 - INFO - NEW BEST PERFORMANCE! Episode 60: 0.5820m
2025-09-08 23:16:04,202 - INFO - BEST MODEL SAVED! Episode 60, Error: 0.5820m
2025-09-08 23:16:04,202 - INFO - Best model path: /home/osos/Mohamed_Masters_Thesis/DHP_drone_updated/DHP/trained_models/dhp_cf2x_best
2025-09-08 23:16:04,202 - INFO - All model files saved successfully!
2025-09-08 23:16:04,202 - INFO - CONVERGENCE EPISODE 60: 0.5820m
2025-09-08 23:16:04,202 - INFO -      60 |  150.52 |   50.279 |    0.5820 |   3.5s (13.9%) |   53.1s
2025-09-08 23:16:07,674 - INFO - CONVERGENCE EPISODE 62: 0.9425m
2025-09-08 23:16:08,353 - INFO - NEW BEST PERFORMANCE! Episode 63: 0.3229m
2025-09-08 23:16:08,374 - INFO - BEST MODEL SAVED! Episode 63, Error: 0.3229m
2025-09-08 23:16:08,374 - INFO - Best model path: /home/osos/Mohamed_Masters_Thesis/DHP_drone_updated/DHP/trained_models/dhp_cf2x_best
2025-09-08 23:16:08,374 - INFO - All model files saved successfully!
2025-09-08 23:16:08,374 - INFO - CONVERGENCE EPISODE 63: 0.3229m
2025-09-08 23:16:16,389 - INFO - 🏆 NEW BEST EPISODE (SMART CRITERIA)! Episode 67
2025-09-08 23:16:16,389 - INFO -    Position Error: 0.5768m
2025-09-08 23:16:16,389 - INFO -    Completion: 89.1% (668/750 steps)
2025-09-08 23:16:16,389 - INFO -    Duration: 22.3s / 25.0s
2025-09-08 23:16:16,389 - INFO -    Composite Score: 83.30
2025-09-08 23:16:16,394 - INFO - CONVERGENCE EPISODE 67: 0.5768m
2025-09-08 23:16:20,616 - INFO - 🏆 NEW BEST EPISODE (SMART CRITERIA)! Episode 68
2025-09-08 23:16:20,616 - INFO -    Position Error: 0.5754m
2025-09-08 23:16:20,616 - INFO -    Completion: 89.1% (668/750 steps)
2025-09-08 23:16:20,616 - INFO -    Duration: 22.3s / 25.0s
2025-09-08 23:16:20,616 - INFO -    Composite Score: 83.31
2025-09-08 23:16:20,621 - INFO - CONVERGENCE EPISODE 68: 0.5754m
2025-09-08 23:16:24,793 - INFO - 🏆 NEW BEST EPISODE (SMART CRITERIA)! Episode 69
2025-09-08 23:16:24,794 - INFO -    Position Error: 0.5753m
2025-09-08 23:16:24,794 - INFO -    Completion: 89.1% (668/750 steps)
2025-09-08 23:16:24,794 - INFO -    Duration: 22.3s / 25.0s
2025-09-08 23:16:24,794 - INFO -    Composite Score: 83.31
2025-09-08 23:16:24,798 - INFO - CONVERGENCE EPISODE 69: 0.5753m
2025-09-08 23:16:29,093 - INFO - 🏆 NEW BEST EPISODE (SMART CRITERIA)! Episode 70
2025-09-08 23:16:29,093 - INFO -    Position Error: 0.5753m
2025-09-08 23:16:29,093 - INFO -    Completion: 89.1% (668/750 steps)
2025-09-08 23:16:29,094 - INFO -    Duration: 22.3s / 25.0s
2025-09-08 23:16:29,094 - INFO -    Composite Score: 83.31
2025-09-08 23:16:29,099 - INFO - CONVERGENCE EPISODE 70: 0.5753m
2025-09-08 23:16:29,099 - INFO -      70 |  665.91 |    0.351 |    0.5753 |  22.3s (89.1%) |   78.0s
2025-09-08 23:16:33,261 - INFO - 🏆 NEW BEST EPISODE (SMART CRITERIA)! Episode 71
2025-09-08 23:16:33,262 - INFO -    Position Error: 0.5752m
2025-09-08 23:16:33,262 - INFO -    Completion: 89.1% (668/750 steps)
2025-09-08 23:16:33,262 - INFO -    Duration: 22.3s / 25.0s
2025-09-08 23:16:33,262 - INFO -    Composite Score: 83.31
2025-09-08 23:16:33,268 - INFO - CONVERGENCE EPISODE 71: 0.5752m
2025-09-08 23:16:37,380 - INFO - CONVERGENCE EPISODE 72: 0.5752m
2025-09-08 23:16:41,845 - INFO - CONVERGENCE EPISODE 73: 0.5752m
2025-09-08 23:16:46,376 - INFO - CONVERGENCE EPISODE 74: 0.5752m
2025-09-08 23:16:50,936 - INFO - CONVERGENCE EPISODE 75: 0.5753m
2025-09-08 23:16:55,814 - INFO - NEW BEST PERFORMANCE! Episode 80: 0.4583m
2025-09-08 23:16:55,836 - INFO - BEST MODEL SAVED! Episode 80, Error: 0.4583m
2025-09-08 23:16:55,836 - INFO - Best model path: /home/osos/Mohamed_Masters_Thesis/DHP_drone_updated/DHP/trained_models/dhp_cf2x_best
2025-09-08 23:16:55,836 - INFO - All model files saved successfully!
2025-09-08 23:16:55,836 - INFO - CONVERGENCE EPISODE 80: 0.4583m
2025-09-08 23:16:55,836 - INFO -      80 |   93.08 |   12.128 |    0.4583 |   2.2s ( 8.9%) |  104.7s
2025-09-08 23:16:59,433 - INFO - CONVERGENCE EPISODE 84: 0.9343m
2025-09-08 23:17:04,730 - INFO - CONVERGENCE EPISODE 86: 0.5758m
2025-09-08 23:17:09,193 - INFO - CONVERGENCE EPISODE 87: 0.5761m
2025-09-08 23:17:15,918 - INFO - CONVERGENCE EPISODE 89: 0.5763m
2025-09-08 23:17:20,233 - INFO - CONVERGENCE EPISODE 90: 0.5815m
2025-09-08 23:17:20,233 - INFO -      90 |  664.53 |    0.546 |    0.5815 |  22.3s (89.1%) |  129.1s
2025-09-08 23:17:24,356 - INFO - CONVERGENCE EPISODE 93: 0.8652m
2025-09-08 23:17:26,870 - INFO - CONVERGENCE EPISODE 96: 0.4879m
2025-09-08 23:17:30,218 - INFO - 
2025-09-08 23:17:30,218 - INFO - MILESTONE 100 ANALYSIS:
2025-09-08 23:17:30,218 - INFO -   Recent 50 episodes avg position error: 2.0212 ± 1.6719m
2025-09-08 23:17:30,218 - INFO -   Recent 50 episodes avg cost: 36.106
2025-09-08 23:17:30,218 - INFO -   Convergent episodes ratio (< 1.0m): 46.00%
2025-09-08 23:17:30,218 - INFO -   Total convergent episodes so far: 37
2025-09-08 23:17:30,218 - INFO -   Best performance: 0.4583m at episode 80
2025-09-08 23:17:30,218 - INFO -   Stable performance not yet achieved
2025-09-08 23:17:30,218 - INFO - 
2025-09-08 23:17:30,218 - INFO -     100 |  158.18 |   22.583 |    2.5329 |   4.3s (17.3%) |  139.1s
2025-09-08 23:17:31,833 - INFO - CONVERGENCE EPISODE 102: 0.9498m
2025-09-08 23:17:35,747 - INFO - CONVERGENCE EPISODE 107: 0.9505m
2025-09-08 23:17:37,858 - INFO -     110 |   68.75 |   44.465 |    2.8380 |   2.7s (10.7%) |  146.8s
2025-09-08 23:17:42,648 - INFO - CONVERGENCE EPISODE 117: 0.5934m
2025-09-08 23:17:44,847 - INFO -     120 |  107.12 |   52.092 |    3.5126 |   3.9s (15.5%) |  153.7s
2025-09-08 23:17:48,030 - INFO - CONVERGENCE EPISODE 124: 0.9977m
2025-09-08 23:17:50,140 - INFO - CONVERGENCE EPISODE 127: 0.9816m
2025-09-08 23:17:52,918 - INFO -     130 |  102.21 |   45.481 |    2.1052 |   4.2s (16.7%) |  161.8s
2025-09-08 23:17:53,497 - INFO - CONVERGENCE EPISODE 131: 0.9253m
2025-09-08 23:17:55,860 - INFO - CONVERGENCE EPISODE 134: 0.6791m
2025-09-08 23:18:00,771 - INFO -     140 |  115.46 |   52.982 |    1.6917 |   4.5s (17.9%) |  169.7s
2025-09-08 23:18:05,207 - INFO - CONVERGENCE EPISODE 147: 0.5012m
2025-09-08 23:18:06,152 - INFO - CONVERGENCE EPISODE 149: 0.7540m
2025-09-08 23:18:07,121 - INFO -     150 |  118.49 |   37.570 |    5.2153 |   4.4s (17.6%) |  176.0s
2025-09-08 23:18:13,082 - INFO - CONVERGENCE EPISODE 158: 0.9941m
2025-09-08 23:18:14,343 - INFO -     160 |   84.94 |   26.938 |    3.0550 |   3.0s (12.1%) |  183.2s
2025-09-08 23:18:16,314 - INFO - CONVERGENCE EPISODE 163: 0.9547m
2025-09-08 23:18:20,591 - INFO -     170 |   72.22 |   57.024 |    2.3394 |   2.4s ( 9.7%) |  189.5s
2025-09-08 23:18:26,511 - INFO - CONVERGENCE EPISODE 179: 0.7950m
2025-09-08 23:18:27,465 - INFO -     180 |  126.99 |   26.538 |    4.8699 |   4.1s (16.5%) |  196.4s
2025-09-08 23:18:32,545 - INFO - NEW BEST PERFORMANCE! Episode 186: 0.2476m
2025-09-08 23:18:32,569 - INFO - BEST MODEL SAVED! Episode 186, Error: 0.2476m
2025-09-08 23:18:32,569 - INFO - Best model path: /home/osos/Mohamed_Masters_Thesis/DHP_drone_updated/DHP/trained_models/dhp_cf2x_best
2025-09-08 23:18:32,569 - INFO - All model files saved successfully!
2025-09-08 23:18:32,569 - INFO - CONVERGENCE EPISODE 186: 0.2476m
2025-09-08 23:18:35,449 - INFO -     190 |  118.01 |   82.810 |    2.2785 |   3.7s (14.8%) |  204.3s
2025-09-08 23:18:43,149 - INFO - 
================================================================================
2025-09-08 23:18:43,149 - INFO - TRAINING COMPLETED - FINAL ANALYSIS
2025-09-08 23:18:43,149 - INFO - ================================================================================
2025-09-08 23:18:43,149 - INFO - Total training time: 212.0 seconds (3.5 minutes)
2025-09-08 23:18:43,149 - INFO - Final episode reward: 115.47
2025-09-08 23:18:43,149 - INFO - Final position error: 2.2974m
2025-09-08 23:18:43,149 - INFO - 
EPISODE COMPLETION STATISTICS:
2025-09-08 23:18:43,149 - INFO - Average completion rate: 20.3%
2025-09-08 23:18:43,149 - INFO - Episodes completed (≥90%): 0/200 (0.0%)
2025-09-08 23:18:43,149 - INFO - No episodes achieved ≥90% completion
2025-09-08 23:18:43,149 - INFO - 
BEST EPISODE ANALYSIS:
2025-09-08 23:18:43,149 - INFO - Best overall episode (smart criteria): #186
2025-09-08 23:18:43,149 - INFO -   Position error: 0.2476m
2025-09-08 23:18:43,149 - INFO -   Composite score: 83.31
2025-09-08 23:18:43,150 - INFO - Total convergent episodes (< 1.0m): 50/200 (25.00%)
2025-09-08 23:18:43,150 - INFO - Stable performance achieved: No
2025-09-08 23:18:43,150 - INFO - Position error statistics:
2025-09-08 23:18:43,150 - INFO -   Mean: 2.5345m
2025-09-08 23:18:43,150 - INFO -   Std:  1.6915m
2025-09-08 23:18:43,150 - INFO -   Min:  0.1019m
2025-09-08 23:18:43,150 - INFO -   Max:  5.8073m
2025-09-08 23:18:43,150 - INFO -   Median: 2.1078m
2025-09-08 23:18:43,150 - INFO - Performance distribution:
2025-09-08 23:18:43,150 - INFO -   Excellent (< 0.5m): 13 episodes (6.5%)
2025-09-08 23:18:43,150 - INFO -   Good (0.5-1.0m):   37 episodes (18.5%)
2025-09-08 23:18:43,150 - INFO -   Acceptable (1.0-1.5m): 23 episodes (11.5%)
2025-09-08 23:18:43,150 - INFO -   Poor (> 1.5m):     127 episodes (63.5%)
2025-09-08 23:18:43,150 - INFO - 
TRAINING CONFIGURATION EFFECTIVENESS:
2025-09-08 23:18:43,150 - INFO - ----------------------------------------
2025-09-08 23:18:43,150 - INFO - Episodes needed for first convergence: 5
2025-09-08 23:18:43,150 - INFO - Excitation phase ended at episode: 6
2025-09-08 23:18:43,152 - INFO - Training metrics saved to: /home/osos/Mohamed_Masters_Thesis/DHP_drone_updated/DHP/training_logs/dhp_split_metrics_20250908_231843.json
2025-09-08 23:18:43,152 - INFO - 
BEST MODEL CONFIRMED:
2025-09-08 23:18:43,152 - INFO -   Episode: 186
2025-09-08 23:18:43,152 - INFO -   Position Error: 0.2476m
2025-09-08 23:18:43,152 - INFO -   Model files: dhp_cf2x_best_*
2025-09-08 23:18:43,153 - INFO - ================================================================================
2025-09-08 23:18:43,153 - INFO - TRAINING SESSION COMPLETED
2025-09-08 23:18:43,153 - INFO - Detailed log saved to: /home/osos/Mohamed_Masters_Thesis/DHP_drone_updated/DHP/training_logs/dhp_split_training_20250908_231510.log
2025-09-08 23:18:43,153 - INFO - ================================================================================
2025-09-08 23:18:43,186 - INFO - Best episode replay data saved: /home/osos/Mohamed_Masters_Thesis/DHP_drone_updated/DHP/best_episode_replays/best_episode_replay_ep71_error0.5752_20250908_231843.pkl
2025-09-08 23:18:43,186 - INFO -   Episode: 71, Error: 0.5752m
2025-09-08 23:18:43,186 - INFO -   Action sequence: 668 steps
2025-09-08 23:18:43,187 - INFO -   Duration: 22.27 seconds
2025-09-08 23:18:43,187 - INFO -   Control frequency: 30.0 Hz
2025-09-08 23:19:04,986 - INFO - 
==================================================
2025-09-08 23:19:04,986 - INFO - STARTING BEST EPISODE REPLAY
2025-09-08 23:19:04,986 - INFO - ==================================================
2025-09-08 23:19:28,849 - INFO - Best episode replay completed successfully
2025-09-08 23:19:28,850 - INFO - Original error: 0.5752m, Replay error: 0.5752m
2025-09-08 23:19:28,850 - INFO - Training and best episode replay session completed successfully!
