2025-09-12 19:13:19,738 - INFO - ================================================================================
2025-09-12 19:13:19,738 - INFO - DHP SPLIT ARCHITECTURE TRAINING SESSION STARTED
2025-09-12 19:13:19,738 - INFO - ================================================================================
2025-09-12 19:13:19,738 - INFO - HYPERPARAMETERS:
2025-09-12 19:13:19,738 - INFO - ----------------------------------------
2025-09-12 19:13:19,738 - INFO - action_size              : 4
2025-09-12 19:13:19,738 - INFO - best_episode_gui         : False
2025-09-12 19:13:19,738 - INFO - coordination_strength    : 0.1
2025-09-12 19:13:19,738 - INFO - coordination_warmup_episodes: 400
2025-09-12 19:13:19,738 - INFO - dt                       : 0.03333333333333333
2025-09-12 19:13:19,738 - INFO - episode_length           : 20.0
2025-09-12 19:13:19,738 - INFO - excitation_amplitude     : 0.03
2025-09-12 19:13:19,738 - INFO - excitation_steps         : 12500
2025-09-12 19:13:19,738 - INFO - gamma                    : 0.98
2025-09-12 19:13:19,738 - INFO - gradient_clip_value      : 0.5
2025-09-12 19:13:19,738 - INFO - gui                      : False
2025-09-12 19:13:19,738 - INFO - hidden_layer_size        : [64, 64, 32]
2025-09-12 19:13:19,738 - INFO - log_interval             : 10
2025-09-12 19:13:19,738 - INFO - lr_actor                 : 0.005
2025-09-12 19:13:19,738 - INFO - lr_critic                : 0.01
2025-09-12 19:13:19,738 - INFO - lr_decay                 : 0.9999
2025-09-12 19:13:19,738 - INFO - normalize_states         : True
2025-09-12 19:13:19,738 - INFO - num_episodes             : 2500
2025-09-12 19:13:19,738 - INFO - predict_delta            : False
2025-09-12 19:13:19,738 - INFO - record                   : False
2025-09-12 19:13:19,738 - INFO - record_best_episodes     : True
2025-09-12 19:13:19,739 - INFO - recording_fps            : 30
2025-09-12 19:13:19,739 - INFO - reference_size           : 8
2025-09-12 19:13:19,739 - INFO - rls_action_size          : 4
2025-09-12 19:13:19,739 - INFO - rls_covariance           : 100.0
2025-09-12 19:13:19,739 - INFO - rls_gamma                : 0.9995
2025-09-12 19:13:19,739 - INFO - rls_state_size           : 8
2025-09-12 19:13:19,739 - INFO - save_interval            : 100
2025-09-12 19:13:19,739 - INFO - split                    : False
2025-09-12 19:13:19,739 - INFO - state_bounds             : {'z': [0.0, 5.0], 'roll': [-1.5707963267948966, 1.5707963267948966], 'pitch': [-1.5707963267948966, 1.5707963267948966], 'yaw': [-3.141592653589793, 3.141592653589793], 'vz': [-12.0, 12.0], 'wx': [-10.0, 10.0], 'wy': [-10.0, 10.0], 'wz': [-10.0, 10.0]}
2025-09-12 19:13:19,739 - INFO - state_size               : 8
2025-09-12 19:13:19,739 - INFO - target_network           : True
2025-09-12 19:13:19,739 - INFO - target_pos               : [0.5, 0.5, 1.0]
2025-09-12 19:13:19,739 - INFO - tau                      : 0.001
2025-09-12 19:13:19,739 - INFO - trajectory_type          : spiral
2025-09-12 19:13:19,739 - INFO - update_cycles            : 5
2025-09-12 19:13:19,739 - INFO - use_trajectory           : False
2025-09-12 19:13:19,739 - INFO - ----------------------------------------
2025-09-12 19:13:19,739 - INFO - Log file: /home/osos/Mohamed_Masters_Thesis/DHP_drone_updated/DHP/training_logs/dhp_split_training_20250912_191319.log
2025-09-12 19:13:19,739 - INFO - ================================================================================
2025-09-12 19:13:19,739 - INFO - 
TRAJECTORY TRAINING CONFIGURATION:
2025-09-12 19:13:19,739 - INFO -   num_episodes: 200
2025-09-12 19:13:19,739 - INFO -   episode_length: 25.0
2025-09-12 19:13:19,739 - INFO -   excitation_steps: 5000
2025-09-12 19:13:19,739 - INFO -   log_interval: 10
2025-09-12 19:13:19,740 - INFO -   save_interval: 50
2025-09-12 19:13:19,740 - INFO -   gui: False
2025-09-12 19:13:19,740 - INFO -   record: False
2025-09-12 19:13:19,740 - INFO -   normalize_states: True
2025-09-12 19:13:19,740 - INFO -   record_best_episodes: True
2025-09-12 19:13:19,740 - INFO -   coordination_warmup_episodes: 200
2025-09-12 19:13:19,740 - INFO -   coordination_strength: 0.15
2025-09-12 19:13:19,740 - INFO -   use_trajectory: True
2025-09-12 19:13:19,740 - INFO -   trajectory_type: spiral
2025-09-12 19:13:19,740 - INFO -   target_pos: [0.0, 0.0, 1.0]
2025-09-12 19:13:19,740 - INFO - 
==================================================
2025-09-12 19:13:19,740 - INFO - STARTING DHP TRAINING FOR CF2X QUADROTOR
2025-09-12 19:13:19,740 - INFO - ==================================================
2025-09-12 19:13:19,844 - WARNING - From /home/osos/Mohamed_Masters_Thesis/DHP_drone_updated/msc-thesis/agents/dhp.py:88: The name tf.Session is deprecated. Please use tf.compat.v1.Session instead.

2025-09-12 19:13:19,931 - WARNING - From /home/osos/Mohamed_Masters_Thesis/DHP_drone_updated/msc-thesis/agents/dhp.py:117: The name tf.placeholder is deprecated. Please use tf.compat.v1.placeholder instead.

2025-09-12 19:13:19,932 - WARNING - From /home/osos/Mohamed_Masters_Thesis/DHP_drone_updated/msc-thesis/agents/dhp.py:119: The name tf.placeholder_with_default is deprecated. Please use tf.compat.v1.placeholder_with_default instead.

2025-09-12 19:13:19,935 - WARNING - From /home/osos/Mohamed_Masters_Thesis/DHP_drone_updated/msc-thesis/agents/dhp.py:141: The name tf.variable_scope is deprecated. Please use tf.compat.v1.variable_scope instead.

2025-09-12 19:13:19,936 - WARNING - From /home/osos/Mohamed_Masters_Thesis/DHP_drone_updated/msc-thesis/agents/dhp.py:145: dense (from tensorflow.python.layers.core) is deprecated and will be removed in a future version.
Instructions for updating:
Use keras.layers.Dense instead.
2025-09-12 19:13:19,937 - WARNING - From /home/osos/anaconda3/envs/DHP/lib/python3.7/site-packages/tensorflow_core/python/layers/core.py:187: Layer.apply (from tensorflow.python.keras.engine.base_layer) is deprecated and will be removed in a future version.
Instructions for updating:
Please use `layer.__call__` method instead.
2025-09-12 19:13:19,965 - WARNING - From /home/osos/Mohamed_Masters_Thesis/DHP_drone_updated/msc-thesis/agents/dhp.py:150: The name tf.trainable_variables is deprecated. Please use tf.compat.v1.trainable_variables instead.

2025-09-12 19:13:19,977 - WARNING - From /home/osos/Mohamed_Masters_Thesis/DHP_drone_updated/msc-thesis/agents/dhp.py:156: The name tf.train.GradientDescentOptimizer is deprecated. Please use tf.compat.v1.train.GradientDescentOptimizer instead.

2025-09-12 19:13:20,008 - WARNING - From /home/osos/Mohamed_Masters_Thesis/DHP_drone_updated/msc-thesis/agents/dhp.py:173: The name tf.assign is deprecated. Please use tf.compat.v1.assign instead.

2025-09-12 19:13:20,125 - WARNING - From /home/osos/Mohamed_Masters_Thesis/DHP_drone_updated/msc-thesis/agents/dhp.py:97: The name tf.summary.merge_all is deprecated. Please use tf.compat.v1.summary.merge_all instead.

2025-09-12 19:13:20,126 - WARNING - From /home/osos/Mohamed_Masters_Thesis/DHP_drone_updated/msc-thesis/agents/dhp.py:98: The name tf.train.Saver is deprecated. Please use tf.compat.v1.train.Saver instead.

2025-09-12 19:13:20,138 - WARNING - From /home/osos/Mohamed_Masters_Thesis/DHP_drone_updated/msc-thesis/agents/dhp.py:99: The name tf.global_variables_initializer is deprecated. Please use tf.compat.v1.global_variables_initializer instead.

2025-09-12 19:13:20,202 - INFO - 
Training for 200 episodes...
2025-09-12 19:13:20,203 - INFO - Episode | Reward  | Avg Cost | Pos Error | Duration (Completion) | Time
2025-09-12 19:13:20,203 - INFO - -------------------------------------------------------------------------------------
2025-09-12 19:13:22,108 - INFO - 🏆 NEW BEST EPISODE (SMART CRITERIA)! Episode 0
2025-09-12 19:13:22,108 - INFO -    Position Error: 5.1934m
2025-09-12 19:13:22,108 - INFO -    Completion: 15.6% (117/750 steps)
2025-09-12 19:13:22,109 - INFO -    Duration: 3.9s / 25.0s
2025-09-12 19:13:22,109 - INFO -    Composite Score: -36.33
2025-09-12 19:13:22,109 - INFO -       0 |   52.01 |   45.911 |    5.1934 |   3.9s (15.6%) |    1.9s
2025-09-12 19:13:24,266 - INFO - 🏆 NEW BEST EPISODE (SMART CRITERIA)! Episode 1
2025-09-12 19:13:24,267 - INFO -    Position Error: 5.2612m
2025-09-12 19:13:24,267 - INFO -    Completion: 22.4% (168/750 steps)
2025-09-12 19:13:24,267 - INFO -    Duration: 5.6s / 25.0s
2025-09-12 19:13:24,267 - INFO -    Composite Score: -30.21
2025-09-12 19:13:25,471 - INFO - NEW BEST PERFORMANCE! Episode 2: 5.2191m
2025-09-12 19:13:25,507 - INFO - BEST MODEL SAVED! Episode 2, Error: 5.2191m
2025-09-12 19:13:25,508 - INFO - Best model path: /home/osos/Mohamed_Masters_Thesis/DHP_drone_updated/DHP/trained_models/dhp_cf2x_best
2025-09-12 19:13:25,508 - INFO - All model files saved successfully!
2025-09-12 19:13:27,984 - INFO - NEW BEST PERFORMANCE! Episode 4: 5.2071m
2025-09-12 19:13:28,006 - INFO - BEST MODEL SAVED! Episode 4, Error: 5.2071m
2025-09-12 19:13:28,007 - INFO - Best model path: /home/osos/Mohamed_Masters_Thesis/DHP_drone_updated/DHP/trained_models/dhp_cf2x_best
2025-09-12 19:13:28,007 - INFO - All model files saved successfully!
2025-09-12 19:13:29,355 - INFO - NEW BEST PERFORMANCE! Episode 5: 5.1453m
2025-09-12 19:13:29,373 - INFO - BEST MODEL SAVED! Episode 5, Error: 5.1453m
2025-09-12 19:13:29,374 - INFO - Best model path: /home/osos/Mohamed_Masters_Thesis/DHP_drone_updated/DHP/trained_models/dhp_cf2x_best
2025-09-12 19:13:29,374 - INFO - All model files saved successfully!
2025-09-12 19:13:32,273 - INFO - NEW BEST PERFORMANCE! Episode 7: 4.8675m
2025-09-12 19:13:32,294 - INFO - BEST MODEL SAVED! Episode 7, Error: 4.8675m
2025-09-12 19:13:32,294 - INFO - Best model path: /home/osos/Mohamed_Masters_Thesis/DHP_drone_updated/DHP/trained_models/dhp_cf2x_best
2025-09-12 19:13:32,294 - INFO - All model files saved successfully!
2025-09-12 19:13:35,448 - INFO -      10 |   35.57 |   45.458 |    5.1986 |   2.8s (11.2%) |   15.2s
2025-09-12 19:13:41,793 - INFO - 🏆 NEW BEST EPISODE (SMART CRITERIA)! Episode 11
2025-09-12 19:13:41,793 - INFO -    Position Error: 5.2764m
2025-09-12 19:13:41,793 - INFO -    Completion: 72.0% (540/750 steps)
2025-09-12 19:13:41,793 - INFO -    Duration: 18.0s / 25.0s
2025-09-12 19:13:41,793 - INFO -    Composite Score: 19.24
2025-09-12 19:13:42,056 - INFO - NEW BEST PERFORMANCE! Episode 12: 0.4005m
2025-09-12 19:13:42,074 - INFO - BEST MODEL SAVED! Episode 12, Error: 0.4005m
2025-09-12 19:13:42,074 - INFO - Best model path: /home/osos/Mohamed_Masters_Thesis/DHP_drone_updated/DHP/trained_models/dhp_cf2x_best
2025-09-12 19:13:42,074 - INFO - All model files saved successfully!
2025-09-12 19:13:42,075 - INFO - CONVERGENCE EPISODE 12: 0.4005m
2025-09-12 19:13:44,261 - INFO - NEW BEST PERFORMANCE! Episode 14: 0.3843m
2025-09-12 19:13:44,280 - INFO - BEST MODEL SAVED! Episode 14, Error: 0.3843m
2025-09-12 19:13:44,280 - INFO - Best model path: /home/osos/Mohamed_Masters_Thesis/DHP_drone_updated/DHP/trained_models/dhp_cf2x_best
2025-09-12 19:13:44,280 - INFO - All model files saved successfully!
2025-09-12 19:13:44,281 - INFO - CONVERGENCE EPISODE 14: 0.3843m
2025-09-12 19:13:50,699 - INFO - NEW BEST PERFORMANCE! Episode 17: 0.1399m
2025-09-12 19:13:50,718 - INFO - BEST MODEL SAVED! Episode 17, Error: 0.1399m
2025-09-12 19:13:50,719 - INFO - Best model path: /home/osos/Mohamed_Masters_Thesis/DHP_drone_updated/DHP/trained_models/dhp_cf2x_best
2025-09-12 19:13:50,719 - INFO - All model files saved successfully!
2025-09-12 19:13:50,719 - INFO - CONVERGENCE EPISODE 17: 0.1399m
2025-09-12 19:13:50,861 - INFO - CONVERGENCE EPISODE 18: 0.1905m
2025-09-12 19:13:51,002 - INFO - CONVERGENCE EPISODE 19: 0.1707m
2025-09-12 19:13:51,155 - INFO - CONVERGENCE EPISODE 20: 0.2137m
2025-09-12 19:13:51,155 - INFO -      20 |   13.81 |  106.931 |    0.2137 |   0.3s ( 1.3%) |   31.0s
2025-09-12 19:13:51,353 - INFO - CONVERGENCE EPISODE 21: 0.3452m
2025-09-12 19:13:53,131 - INFO - CONVERGENCE EPISODE 23: 0.2006m
2025-09-12 19:13:53,364 - INFO - CONVERGENCE EPISODE 24: 0.4493m
2025-09-12 19:14:00,382 - INFO - 🏆 NEW BEST EPISODE (SMART CRITERIA)! Episode 25
2025-09-12 19:14:00,382 - INFO -    Position Error: 3.4461m
2025-09-12 19:14:00,382 - INFO -    Completion: 79.6% (597/750 steps)
2025-09-12 19:14:00,382 - INFO -    Duration: 19.9s / 25.0s
2025-09-12 19:14:00,382 - INFO -    Composite Score: 45.14
2025-09-12 19:14:00,618 - INFO - NEW BEST PERFORMANCE! Episode 26: 0.3075m
2025-09-12 19:14:00,641 - INFO - BEST MODEL SAVED! Episode 26, Error: 0.3075m
2025-09-12 19:14:00,641 - INFO - Best model path: /home/osos/Mohamed_Masters_Thesis/DHP_drone_updated/DHP/trained_models/dhp_cf2x_best
2025-09-12 19:14:00,641 - INFO - All model files saved successfully!
2025-09-12 19:14:00,641 - INFO - CONVERGENCE EPISODE 26: 0.3075m
2025-09-12 19:14:07,420 - INFO -      30 |   72.72 |   63.126 |    4.9850 |   2.1s ( 8.5%) |   47.2s
2025-09-12 19:14:18,797 - INFO -      40 |  100.81 |   58.956 |    3.1070 |   2.7s (10.9%) |   58.6s
2025-09-12 19:14:23,509 - INFO - CONVERGENCE EPISODE 45: 0.5783m
2025-09-12 19:14:24,205 - INFO - CONVERGENCE EPISODE 46: 0.7934m
2025-09-12 19:14:27,343 - INFO - CONVERGENCE EPISODE 49: 0.9628m
2025-09-12 19:14:28,254 - INFO -      50 |   36.63 |   79.746 |    4.9799 |   2.5s ( 9.9%) |   68.1s
2025-09-12 19:14:34,447 - INFO - CONVERGENCE EPISODE 55: 0.7883m
2025-09-12 19:14:42,930 - INFO -      60 |  152.25 |   14.802 |    3.7437 |   4.4s (17.6%) |   82.7s
2025-09-12 19:14:46,438 - INFO - CONVERGENCE EPISODE 63: 0.5825m
2025-09-12 19:14:47,277 - INFO - CONVERGENCE EPISODE 64: 0.6224m
2025-09-12 19:14:50,718 - INFO - CONVERGENCE EPISODE 67: 0.8373m
2025-09-12 19:14:51,754 - INFO - CONVERGENCE EPISODE 68: 0.9251m
2025-09-12 19:14:53,494 - INFO - CONVERGENCE EPISODE 69: 0.4702m
2025-09-12 19:14:54,950 - INFO -      70 |  123.78 |   59.023 |    1.8487 |   3.7s (14.8%) |   94.7s
2025-09-12 19:15:02,834 - INFO - CONVERGENCE EPISODE 76: 0.5409m
2025-09-12 19:15:03,887 - INFO - CONVERGENCE EPISODE 77: 0.6729m
2025-09-12 19:15:07,363 - INFO -      80 |   58.16 |   42.205 |    5.1535 |   3.0s (12.0%) |  107.2s
2025-09-12 19:15:10,428 - INFO - CONVERGENCE EPISODE 83: 0.6916m
2025-09-12 19:15:19,463 - INFO -      90 |   96.44 |   36.333 |    1.3021 |   2.4s ( 9.7%) |  119.3s
2025-09-12 19:15:32,305 - INFO - 
2025-09-12 19:15:32,305 - INFO - MILESTONE 100 ANALYSIS:
2025-09-12 19:15:32,305 - INFO -   Recent 50 episodes avg position error: 2.8143 ± 1.6202m
2025-09-12 19:15:32,305 - INFO -   Recent 50 episodes avg cost: 39.848
2025-09-12 19:15:32,305 - INFO -   Convergent episodes ratio (< 1.0m): 18.00%
2025-09-12 19:15:32,305 - INFO -   Total convergent episodes so far: 22
2025-09-12 19:15:32,305 - INFO -   Best performance: 0.3075m at episode 26
2025-09-12 19:15:32,305 - INFO -   Stable performance not yet achieved
2025-09-12 19:15:32,305 - INFO - 
2025-09-12 19:15:32,306 - INFO -     100 |  108.10 |   23.918 |    4.5708 |   3.9s (15.5%) |  132.1s
2025-09-12 19:15:36,760 - INFO - CONVERGENCE EPISODE 104: 0.5672m
2025-09-12 19:15:39,715 - INFO - CONVERGENCE EPISODE 106: 0.7189m
2025-09-12 19:15:43,965 - INFO -     110 |   88.19 |   59.704 |    1.3100 |   2.2s ( 8.9%) |  143.8s
2025-09-12 19:15:55,819 - INFO -     120 |  112.16 |  119.338 |    1.8166 |   3.9s (15.7%) |  155.6s
2025-09-12 19:15:57,969 - INFO - CONVERGENCE EPISODE 122: 0.6744m
2025-09-12 19:16:04,736 - INFO - CONVERGENCE EPISODE 127: 0.6173m
2025-09-12 19:16:07,926 - INFO -     130 |   59.33 |   36.790 |    2.8754 |   2.3s ( 9.3%) |  167.7s
2025-09-12 19:16:08,880 - INFO - CONVERGENCE EPISODE 131: 0.6038m
2025-09-12 19:16:19,561 - INFO - CONVERGENCE EPISODE 138: 0.9956m
2025-09-12 19:16:21,871 - INFO -     140 |   53.60 |   59.897 |    5.0050 |   3.4s (13.7%) |  181.7s
2025-09-12 19:16:26,447 - INFO - CONVERGENCE EPISODE 145: 0.7923m
2025-09-12 19:16:28,780 - INFO - CONVERGENCE EPISODE 147: 0.8626m
2025-09-12 19:16:32,103 - INFO -     150 |  108.44 |   14.909 |    4.9821 |   3.7s (14.8%) |  191.9s
2025-09-12 19:16:32,843 - INFO - CONVERGENCE EPISODE 151: 0.3679m
2025-09-12 19:16:34,499 - INFO - CONVERGENCE EPISODE 152: 0.8506m
2025-09-12 19:16:35,928 - INFO - CONVERGENCE EPISODE 153: 0.9027m
2025-09-12 19:16:38,202 - INFO - CONVERGENCE EPISODE 155: 0.7598m
2025-09-12 19:16:40,393 - INFO - NEW BEST PERFORMANCE! Episode 157: 0.2489m
2025-09-12 19:16:40,413 - INFO - BEST MODEL SAVED! Episode 157, Error: 0.2489m
2025-09-12 19:16:40,413 - INFO - Best model path: /home/osos/Mohamed_Masters_Thesis/DHP_drone_updated/DHP/trained_models/dhp_cf2x_best
2025-09-12 19:16:40,413 - INFO - All model files saved successfully!
2025-09-12 19:16:40,413 - INFO - CONVERGENCE EPISODE 157: 0.2489m
2025-09-12 19:16:44,326 - INFO - CONVERGENCE EPISODE 160: 0.9387m
2025-09-12 19:16:44,326 - INFO -     160 |   73.37 |   56.276 |    0.9387 |   2.9s (11.5%) |  204.1s
2025-09-12 19:16:46,607 - INFO - CONVERGENCE EPISODE 162: 0.4215m
2025-09-12 19:16:53,417 - INFO - CONVERGENCE EPISODE 168: 0.8926m
2025-09-12 19:16:56,156 - INFO -     170 |  121.55 |   14.328 |    1.2783 |   4.1s (16.5%) |  216.0s
2025-09-12 19:17:05,828 - INFO - CONVERGENCE EPISODE 178: 0.4920m
2025-09-12 19:17:08,358 - INFO -     180 |   84.79 |   63.022 |    5.2060 |   3.5s (14.1%) |  228.2s
2025-09-12 19:17:12,134 - INFO - CONVERGENCE EPISODE 183: 0.8425m
2025-09-12 19:17:17,999 - INFO - CONVERGENCE EPISODE 188: 0.4501m
2025-09-12 19:17:19,961 - INFO -     190 |   59.34 |   39.200 |    2.9500 |   2.5s ( 9.9%) |  239.8s
2025-09-12 19:17:27,330 - INFO - CONVERGENCE EPISODE 196: 0.7191m
2025-09-12 19:17:30,905 - INFO - 
================================================================================
2025-09-12 19:17:30,905 - INFO - TRAINING COMPLETED - FINAL ANALYSIS
2025-09-12 19:17:30,905 - INFO - ================================================================================
2025-09-12 19:17:30,905 - INFO - Total training time: 250.7 seconds (4.2 minutes)
2025-09-12 19:17:30,906 - INFO - Final episode reward: 116.79
2025-09-12 19:17:30,906 - INFO - Final position error: 1.3632m
2025-09-12 19:17:30,906 - INFO - 
EPISODE COMPLETION STATISTICS:
2025-09-12 19:17:30,906 - INFO - Average completion rate: 13.6%
2025-09-12 19:17:30,906 - INFO - Episodes completed (≥90%): 0/200 (0.0%)
2025-09-12 19:17:30,906 - INFO - No episodes achieved ≥90% completion
2025-09-12 19:17:30,906 - INFO - 
BEST EPISODE ANALYSIS:
2025-09-12 19:17:30,906 - INFO - Best overall episode (smart criteria): #157
2025-09-12 19:17:30,906 - INFO -   Position error: 0.2489m
2025-09-12 19:17:30,906 - INFO -   Composite score: 45.14
2025-09-12 19:17:30,906 - INFO - Total convergent episodes (< 1.0m): 42/200 (21.00%)
2025-09-12 19:17:30,906 - INFO - Stable performance achieved: No
2025-09-12 19:17:30,906 - INFO - Position error statistics:
2025-09-12 19:17:30,906 - INFO -   Mean: 2.7975m
2025-09-12 19:17:30,906 - INFO -   Std:  1.7436m
2025-09-12 19:17:30,906 - INFO -   Min:  0.1399m
2025-09-12 19:17:30,906 - INFO -   Max:  5.3715m
2025-09-12 19:17:30,907 - INFO -   Median: 2.4830m
2025-09-12 19:17:30,907 - INFO - Performance distribution:
2025-09-12 19:17:30,907 - INFO -   Excellent (< 0.5m): 16 episodes (8.0%)
2025-09-12 19:17:30,907 - INFO -   Good (0.5-1.0m):   26 episodes (13.0%)
2025-09-12 19:17:30,907 - INFO -   Acceptable (1.0-1.5m): 20 episodes (10.0%)
2025-09-12 19:17:30,907 - INFO -   Poor (> 1.5m):     138 episodes (69.0%)
2025-09-12 19:17:30,907 - INFO - 
TRAINING CONFIGURATION EFFECTIVENESS:
2025-09-12 19:17:30,907 - INFO - ----------------------------------------
2025-09-12 19:17:30,907 - INFO - Episodes needed for first convergence: 12
2025-09-12 19:17:30,907 - INFO - Excitation phase ended at episode: 6
2025-09-12 19:17:30,908 - INFO - Training metrics saved to: /home/osos/Mohamed_Masters_Thesis/DHP_drone_updated/DHP/training_logs/dhp_split_metrics_20250912_191730.json
2025-09-12 19:17:30,908 - INFO - 
BEST MODEL CONFIRMED:
2025-09-12 19:17:30,909 - INFO -   Episode: 157
2025-09-12 19:17:30,909 - INFO -   Position Error: 0.2489m
2025-09-12 19:17:30,909 - INFO -   Model files: dhp_cf2x_best_*
2025-09-12 19:17:30,909 - INFO - ================================================================================
2025-09-12 19:17:30,909 - INFO - TRAINING SESSION COMPLETED
2025-09-12 19:17:30,909 - INFO - Detailed log saved to: /home/osos/Mohamed_Masters_Thesis/DHP_drone_updated/DHP/training_logs/dhp_split_training_20250912_191319.log
2025-09-12 19:17:30,909 - INFO - ================================================================================
2025-09-12 19:17:30,910 - INFO - Best episode replay data saved: /home/osos/Mohamed_Masters_Thesis/DHP_drone_updated/DHP/best_episode_replays/best_episode_replay_ep25_error3.4461_20250912_191730.pkl
2025-09-12 19:17:30,910 - INFO -   Episode: 25, Error: 3.4461m
2025-09-12 19:17:30,910 - INFO -   Action sequence: 597 steps
2025-09-12 19:17:30,910 - INFO -   Duration: 19.90 seconds
2025-09-12 19:17:30,910 - INFO -   Control frequency: 30.0 Hz
2025-09-12 19:17:59,896 - INFO - 
==================================================
2025-09-12 19:17:59,897 - INFO - STARTING BEST EPISODE REPLAY
2025-09-12 19:17:59,897 - INFO - ==================================================
