2025-09-08 23:38:43,445 - INFO - ================================================================================
2025-09-08 23:38:43,445 - INFO - DHP SPLIT ARCHITECTURE TRAINING SESSION STARTED
2025-09-08 23:38:43,445 - INFO - ================================================================================
2025-09-08 23:38:43,445 - INFO - HYPERPARAMETERS:
2025-09-08 23:38:43,446 - INFO - ----------------------------------------
2025-09-08 23:38:43,446 - INFO - action_size              : 4
2025-09-08 23:38:43,446 - INFO - best_episode_gui         : False
2025-09-08 23:38:43,446 - INFO - coordination_strength    : 0.1
2025-09-08 23:38:43,446 - INFO - coordination_warmup_episodes: 400
2025-09-08 23:38:43,446 - INFO - dt                       : 0.03333333333333333
2025-09-08 23:38:43,446 - INFO - episode_length           : 20.0
2025-09-08 23:38:43,446 - INFO - excitation_amplitude     : 0.03
2025-09-08 23:38:43,446 - INFO - excitation_steps         : 12500
2025-09-08 23:38:43,446 - INFO - gamma                    : 0.98
2025-09-08 23:38:43,446 - INFO - gradient_clip_value      : 0.5
2025-09-08 23:38:43,446 - INFO - gui                      : False
2025-09-08 23:38:43,446 - INFO - hidden_layer_size        : [64, 64, 32]
2025-09-08 23:38:43,446 - INFO - log_interval             : 10
2025-09-08 23:38:43,446 - INFO - lr_actor                 : 0.005
2025-09-08 23:38:43,446 - INFO - lr_critic                : 0.01
2025-09-08 23:38:43,446 - INFO - lr_decay                 : 0.9999
2025-09-08 23:38:43,446 - INFO - normalize_states         : True
2025-09-08 23:38:43,446 - INFO - num_episodes             : 2500
2025-09-08 23:38:43,446 - INFO - predict_delta            : False
2025-09-08 23:38:43,446 - INFO - record                   : False
2025-09-08 23:38:43,446 - INFO - record_best_episodes     : True
2025-09-08 23:38:43,446 - INFO - recording_fps            : 30
2025-09-08 23:38:43,446 - INFO - reference_size           : 8
2025-09-08 23:38:43,446 - INFO - rls_action_size          : 4
2025-09-08 23:38:43,446 - INFO - rls_covariance           : 100.0
2025-09-08 23:38:43,446 - INFO - rls_gamma                : 0.9995
2025-09-08 23:38:43,446 - INFO - rls_state_size           : 8
2025-09-08 23:38:43,446 - INFO - save_interval            : 100
2025-09-08 23:38:43,447 - INFO - split                    : False
2025-09-08 23:38:43,447 - INFO - state_bounds             : {'z': [0.0, 5.0], 'roll': [-1.5707963267948966, 1.5707963267948966], 'pitch': [-1.5707963267948966, 1.5707963267948966], 'yaw': [-3.141592653589793, 3.141592653589793], 'vz': [-12.0, 12.0], 'wx': [-10.0, 10.0], 'wy': [-10.0, 10.0], 'wz': [-10.0, 10.0]}
2025-09-08 23:38:43,447 - INFO - state_size               : 8
2025-09-08 23:38:43,447 - INFO - target_network           : True
2025-09-08 23:38:43,447 - INFO - target_pos               : [0.5, 0.5, 1.0]
2025-09-08 23:38:43,447 - INFO - tau                      : 0.001
2025-09-08 23:38:43,447 - INFO - trajectory_type          : spiral
2025-09-08 23:38:43,447 - INFO - update_cycles            : 2
2025-09-08 23:38:43,447 - INFO - use_trajectory           : False
2025-09-08 23:38:43,447 - INFO - ----------------------------------------
2025-09-08 23:38:43,447 - INFO - Log file: /home/osos/Mohamed_Masters_Thesis/DHP_drone_updated/DHP/training_logs/dhp_split_training_20250908_233843.log
2025-09-08 23:38:43,447 - INFO - ================================================================================
2025-09-08 23:38:43,447 - INFO - 
TRAJECTORY TRAINING CONFIGURATION:
2025-09-08 23:38:43,447 - INFO -   num_episodes: 200
2025-09-08 23:38:43,447 - INFO -   episode_length: 25.0
2025-09-08 23:38:43,447 - INFO -   excitation_steps: 5000
2025-09-08 23:38:43,447 - INFO -   log_interval: 10
2025-09-08 23:38:43,447 - INFO -   save_interval: 50
2025-09-08 23:38:43,447 - INFO -   gui: False
2025-09-08 23:38:43,447 - INFO -   record: False
2025-09-08 23:38:43,447 - INFO -   normalize_states: True
2025-09-08 23:38:43,447 - INFO -   record_best_episodes: True
2025-09-08 23:38:43,447 - INFO -   coordination_warmup_episodes: 200
2025-09-08 23:38:43,447 - INFO -   coordination_strength: 0.15
2025-09-08 23:38:43,447 - INFO -   use_trajectory: True
2025-09-08 23:38:43,447 - INFO -   trajectory_type: spiral
2025-09-08 23:38:43,447 - INFO -   target_pos: [0.0, 0.0, 1.0]
2025-09-08 23:38:43,448 - INFO - 
==================================================
2025-09-08 23:38:43,448 - INFO - STARTING DHP TRAINING FOR CF2X QUADROTOR
2025-09-08 23:38:43,448 - INFO - ==================================================
2025-09-08 23:38:43,559 - WARNING - From /home/osos/Mohamed_Masters_Thesis/DHP_drone_updated/msc-thesis/agents/dhp.py:88: The name tf.Session is deprecated. Please use tf.compat.v1.Session instead.

2025-09-08 23:38:43,648 - WARNING - From /home/osos/Mohamed_Masters_Thesis/DHP_drone_updated/msc-thesis/agents/dhp.py:117: The name tf.placeholder is deprecated. Please use tf.compat.v1.placeholder instead.

2025-09-08 23:38:43,650 - WARNING - From /home/osos/Mohamed_Masters_Thesis/DHP_drone_updated/msc-thesis/agents/dhp.py:119: The name tf.placeholder_with_default is deprecated. Please use tf.compat.v1.placeholder_with_default instead.

2025-09-08 23:38:43,653 - WARNING - From /home/osos/Mohamed_Masters_Thesis/DHP_drone_updated/msc-thesis/agents/dhp.py:141: The name tf.variable_scope is deprecated. Please use tf.compat.v1.variable_scope instead.

2025-09-08 23:38:43,653 - WARNING - From /home/osos/Mohamed_Masters_Thesis/DHP_drone_updated/msc-thesis/agents/dhp.py:145: dense (from tensorflow.python.layers.core) is deprecated and will be removed in a future version.
Instructions for updating:
Use keras.layers.Dense instead.
2025-09-08 23:38:43,654 - WARNING - From /home/osos/anaconda3/envs/DHP/lib/python3.7/site-packages/tensorflow_core/python/layers/core.py:187: Layer.apply (from tensorflow.python.keras.engine.base_layer) is deprecated and will be removed in a future version.
Instructions for updating:
Please use `layer.__call__` method instead.
2025-09-08 23:38:43,683 - WARNING - From /home/osos/Mohamed_Masters_Thesis/DHP_drone_updated/msc-thesis/agents/dhp.py:150: The name tf.trainable_variables is deprecated. Please use tf.compat.v1.trainable_variables instead.

2025-09-08 23:38:43,694 - WARNING - From /home/osos/Mohamed_Masters_Thesis/DHP_drone_updated/msc-thesis/agents/dhp.py:156: The name tf.train.GradientDescentOptimizer is deprecated. Please use tf.compat.v1.train.GradientDescentOptimizer instead.

2025-09-08 23:38:43,722 - WARNING - From /home/osos/Mohamed_Masters_Thesis/DHP_drone_updated/msc-thesis/agents/dhp.py:173: The name tf.assign is deprecated. Please use tf.compat.v1.assign instead.

2025-09-08 23:38:43,838 - WARNING - From /home/osos/Mohamed_Masters_Thesis/DHP_drone_updated/msc-thesis/agents/dhp.py:97: The name tf.summary.merge_all is deprecated. Please use tf.compat.v1.summary.merge_all instead.

2025-09-08 23:38:43,838 - WARNING - From /home/osos/Mohamed_Masters_Thesis/DHP_drone_updated/msc-thesis/agents/dhp.py:98: The name tf.train.Saver is deprecated. Please use tf.compat.v1.train.Saver instead.

2025-09-08 23:38:43,850 - WARNING - From /home/osos/Mohamed_Masters_Thesis/DHP_drone_updated/msc-thesis/agents/dhp.py:99: The name tf.global_variables_initializer is deprecated. Please use tf.compat.v1.global_variables_initializer instead.

2025-09-08 23:38:43,905 - INFO - 
Training for 200 episodes...
2025-09-08 23:38:43,905 - INFO - Episode | Reward  | Avg Cost | Pos Error | Duration (Completion) | Time
2025-09-08 23:38:43,905 - INFO - -------------------------------------------------------------------------------------
2025-09-08 23:38:48,246 - INFO - 🏆 NEW BEST EPISODE (SMART CRITERIA)! Episode 0
2025-09-08 23:38:48,246 - INFO -    Position Error: 7.0356m
2025-09-08 23:38:48,246 - INFO -    Completion: 81.3% (610/750 steps)
2025-09-08 23:38:48,246 - INFO -    Duration: 20.3s / 25.0s
2025-09-08 23:38:48,246 - INFO -    Composite Score: 10.98
2025-09-08 23:38:48,250 - INFO -       0 |   49.74 |   55.941 |    7.0356 |  20.3s (81.3%) |    4.3s
2025-09-08 23:38:48,884 - INFO - NEW BEST PERFORMANCE! Episode 1: 5.1145m
2025-09-08 23:38:48,924 - INFO - BEST MODEL SAVED! Episode 1, Error: 5.1145m
2025-09-08 23:38:48,924 - INFO - Best model path: /home/osos/Mohamed_Masters_Thesis/DHP_drone_updated/DHP/trained_models/dhp_cf2x_best
2025-09-08 23:38:48,924 - INFO - All model files saved successfully!
2025-09-08 23:38:51,477 - INFO - NEW BEST PERFORMANCE! Episode 3: 0.4247m
2025-09-08 23:38:51,499 - INFO - BEST MODEL SAVED! Episode 3, Error: 0.4247m
2025-09-08 23:38:51,499 - INFO - Best model path: /home/osos/Mohamed_Masters_Thesis/DHP_drone_updated/DHP/trained_models/dhp_cf2x_best
2025-09-08 23:38:51,500 - INFO - All model files saved successfully!
2025-09-08 23:38:51,500 - INFO - CONVERGENCE EPISODE 3: 0.4247m
2025-09-08 23:38:51,685 - INFO - CONVERGENCE EPISODE 4: 0.5699m
2025-09-08 23:38:56,425 - INFO -      10 |   33.36 |   45.714 |    4.9093 |   3.4s (13.7%) |   12.5s
2025-09-08 23:39:01,732 - INFO - NEW BEST PERFORMANCE! Episode 15: 0.2903m
2025-09-08 23:39:01,754 - INFO - BEST MODEL SAVED! Episode 15, Error: 0.2903m
2025-09-08 23:39:01,754 - INFO - Best model path: /home/osos/Mohamed_Masters_Thesis/DHP_drone_updated/DHP/trained_models/dhp_cf2x_best
2025-09-08 23:39:01,754 - INFO - All model files saved successfully!
2025-09-08 23:39:01,754 - INFO - CONVERGENCE EPISODE 15: 0.2903m
2025-09-08 23:39:05,895 - INFO - CONVERGENCE EPISODE 19: 0.4420m
2025-09-08 23:39:07,465 - INFO -      20 |   43.23 |   54.815 |    4.5995 |   8.4s (33.6%) |   23.6s
2025-09-08 23:39:08,896 - INFO - NEW BEST PERFORMANCE! Episode 22: 0.2063m
2025-09-08 23:39:08,916 - INFO - BEST MODEL SAVED! Episode 22, Error: 0.2063m
2025-09-08 23:39:08,916 - INFO - Best model path: /home/osos/Mohamed_Masters_Thesis/DHP_drone_updated/DHP/trained_models/dhp_cf2x_best
2025-09-08 23:39:08,916 - INFO - All model files saved successfully!
2025-09-08 23:39:08,916 - INFO - CONVERGENCE EPISODE 22: 0.2063m
2025-09-08 23:39:09,033 - INFO - CONVERGENCE EPISODE 23: 0.2223m
2025-09-08 23:39:09,187 - INFO - CONVERGENCE EPISODE 24: 0.6894m
2025-09-08 23:39:09,325 - INFO - CONVERGENCE EPISODE 25: 0.2576m
2025-09-08 23:39:09,476 - INFO - CONVERGENCE EPISODE 26: 0.3407m
2025-09-08 23:39:09,757 - INFO - NEW BEST PERFORMANCE! Episode 27: 0.1720m
2025-09-08 23:39:09,779 - INFO - BEST MODEL SAVED! Episode 27, Error: 0.1720m
2025-09-08 23:39:09,779 - INFO - Best model path: /home/osos/Mohamed_Masters_Thesis/DHP_drone_updated/DHP/trained_models/dhp_cf2x_best
2025-09-08 23:39:09,780 - INFO - All model files saved successfully!
2025-09-08 23:39:09,780 - INFO - CONVERGENCE EPISODE 27: 0.1720m
2025-09-08 23:39:10,008 - INFO - CONVERGENCE EPISODE 28: 0.7061m
2025-09-08 23:39:10,169 - INFO - CONVERGENCE EPISODE 29: 0.3294m
2025-09-08 23:39:10,296 - INFO - CONVERGENCE EPISODE 30: 0.2677m
2025-09-08 23:39:10,297 - INFO -      30 |   18.85 |   66.056 |    0.2677 |   0.5s ( 1.9%) |   26.4s
2025-09-08 23:39:10,435 - INFO - CONVERGENCE EPISODE 31: 0.3969m
2025-09-08 23:39:10,435 - INFO - STABLE PERFORMANCE ACHIEVED starting at episode 22
2025-09-08 23:39:10,800 - INFO - CONVERGENCE EPISODE 32: 0.3388m
2025-09-08 23:39:10,999 - INFO - CONVERGENCE EPISODE 33: 0.6669m
2025-09-08 23:39:11,151 - INFO - CONVERGENCE EPISODE 34: 0.4154m
2025-09-08 23:39:11,298 - INFO - CONVERGENCE EPISODE 35: 0.3548m
2025-09-08 23:39:11,446 - INFO - CONVERGENCE EPISODE 36: 0.3719m
2025-09-08 23:39:11,613 - INFO - CONVERGENCE EPISODE 37: 0.4786m
2025-09-08 23:39:11,783 - INFO - CONVERGENCE EPISODE 38: 0.4404m
2025-09-08 23:39:11,921 - INFO - CONVERGENCE EPISODE 39: 0.3176m
2025-09-08 23:39:12,050 - INFO - CONVERGENCE EPISODE 40: 0.2799m
2025-09-08 23:39:12,050 - INFO -      40 |   19.82 |  140.989 |    0.2799 |   0.5s ( 2.0%) |   28.1s
2025-09-08 23:39:12,184 - INFO - CONVERGENCE EPISODE 41: 0.3162m
2025-09-08 23:39:12,333 - INFO - CONVERGENCE EPISODE 42: 0.3781m
2025-09-08 23:39:13,902 - INFO - NEW BEST PERFORMANCE! Episode 45: 0.1103m
2025-09-08 23:39:13,922 - INFO - BEST MODEL SAVED! Episode 45, Error: 0.1103m
2025-09-08 23:39:13,922 - INFO - Best model path: /home/osos/Mohamed_Masters_Thesis/DHP_drone_updated/DHP/trained_models/dhp_cf2x_best
2025-09-08 23:39:13,922 - INFO - All model files saved successfully!
2025-09-08 23:39:13,922 - INFO - CONVERGENCE EPISODE 45: 0.1103m
2025-09-08 23:39:15,020 - INFO - CONVERGENCE EPISODE 47: 0.2721m
2025-09-08 23:39:15,582 - INFO - CONVERGENCE EPISODE 48: 0.4924m
2025-09-08 23:39:16,490 - INFO - CONVERGENCE EPISODE 50: 0.3755m
2025-09-08 23:39:16,490 - INFO -      50 |   99.93 |   95.786 |    0.3755 |   2.1s ( 8.4%) |   32.6s
2025-09-08 23:39:20,653 - INFO - CONVERGENCE EPISODE 56: 0.2067m
2025-09-08 23:39:23,969 - INFO -      60 |   22.67 |   86.960 |    2.3675 |   2.8s (11.2%) |   40.1s
2025-09-08 23:39:28,581 - INFO - 🏆 NEW BEST EPISODE (SMART CRITERIA)! Episode 65
2025-09-08 23:39:28,581 - INFO -    Position Error: 1.0204m
2025-09-08 23:39:28,581 - INFO -    Completion: 29.2% (219/750 steps)
2025-09-08 23:39:28,581 - INFO -    Duration: 7.3s / 25.0s
2025-09-08 23:39:28,581 - INFO -    Composite Score: 19.00
2025-09-08 23:39:31,682 - INFO - NEW BEST PERFORMANCE! Episode 70: 0.1361m
2025-09-08 23:39:31,704 - INFO - BEST MODEL SAVED! Episode 70, Error: 0.1361m
2025-09-08 23:39:31,704 - INFO - Best model path: /home/osos/Mohamed_Masters_Thesis/DHP_drone_updated/DHP/trained_models/dhp_cf2x_best
2025-09-08 23:39:31,704 - INFO - All model files saved successfully!
2025-09-08 23:39:31,704 - INFO - CONVERGENCE EPISODE 70: 0.1361m
2025-09-08 23:39:31,704 - INFO -      70 |   49.37 |   49.979 |    0.1361 |   1.1s ( 4.3%) |   47.8s
2025-09-08 23:39:41,318 - INFO -      80 |  103.17 |   75.411 |    4.8778 |   4.4s (17.5%) |   57.4s
2025-09-08 23:39:47,823 - INFO -      90 |  111.91 |   55.732 |    4.8564 |   4.1s (16.3%) |   63.9s
2025-09-08 23:39:51,106 - INFO - CONVERGENCE EPISODE 96: 0.5935m
2025-09-08 23:39:53,534 - INFO - 
2025-09-08 23:39:53,534 - INFO - MILESTONE 100 ANALYSIS:
2025-09-08 23:39:53,534 - INFO -   Recent 50 episodes avg position error: 3.3016 ± 1.5587m
2025-09-08 23:39:53,534 - INFO -   Recent 50 episodes avg cost: 75.788
2025-09-08 23:39:53,534 - INFO -   Convergent episodes ratio (< 1.0m): 6.00%
2025-09-08 23:39:53,534 - INFO -   Total convergent episodes so far: 32
2025-09-08 23:39:53,534 - INFO -   Best performance: 0.1361m at episode 70
2025-09-08 23:39:53,534 - INFO -   Stable performance maintained since episode 22
2025-09-08 23:39:53,534 - INFO - 
2025-09-08 23:39:53,534 - INFO -     100 |   92.99 |   53.000 |    5.3141 |   4.2s (16.9%) |   69.6s
2025-09-08 23:39:55,442 - INFO - CONVERGENCE EPISODE 103: 0.3359m
2025-09-08 23:40:01,702 - INFO - 🏆 NEW BEST EPISODE (SMART CRITERIA)! Episode 108
2025-09-08 23:40:01,702 - INFO -    Position Error: 0.5764m
2025-09-08 23:40:01,703 - INFO -    Completion: 89.1% (668/750 steps)
2025-09-08 23:40:01,703 - INFO -    Duration: 22.3s / 25.0s
2025-09-08 23:40:01,703 - INFO -    Composite Score: 83.30
2025-09-08 23:40:01,707 - INFO - CONVERGENCE EPISODE 108: 0.5764m
2025-09-08 23:40:07,051 - INFO - CONVERGENCE EPISODE 110: 0.5766m
2025-09-08 23:40:07,052 - INFO -     110 |  665.52 |    0.282 |    0.5766 |  22.3s (89.1%) |   83.1s
2025-09-08 23:40:11,068 - INFO - CONVERGENCE EPISODE 111: 0.5767m
2025-09-08 23:40:15,037 - INFO - 🏆 NEW BEST EPISODE (SMART CRITERIA)! Episode 112
2025-09-08 23:40:15,037 - INFO -    Position Error: 0.5764m
2025-09-08 23:40:15,037 - INFO -    Completion: 89.1% (668/750 steps)
2025-09-08 23:40:15,037 - INFO -    Duration: 22.3s / 25.0s
2025-09-08 23:40:15,037 - INFO -    Composite Score: 83.30
2025-09-08 23:40:15,042 - INFO - CONVERGENCE EPISODE 112: 0.5764m
2025-09-08 23:40:19,243 - INFO - CONVERGENCE EPISODE 113: 0.5768m
2025-09-08 23:40:25,520 - INFO - 🏆 NEW BEST EPISODE (SMART CRITERIA)! Episode 117
2025-09-08 23:40:25,520 - INFO -    Position Error: 0.5754m
2025-09-08 23:40:25,520 - INFO -    Completion: 89.1% (668/750 steps)
2025-09-08 23:40:25,520 - INFO -    Duration: 22.3s / 25.0s
2025-09-08 23:40:25,520 - INFO -    Composite Score: 83.31
2025-09-08 23:40:25,526 - INFO - CONVERGENCE EPISODE 117: 0.5754m
2025-09-08 23:40:29,492 - INFO - 🏆 NEW BEST EPISODE (SMART CRITERIA)! Episode 118
2025-09-08 23:40:29,492 - INFO -    Position Error: 0.5754m
2025-09-08 23:40:29,492 - INFO -    Completion: 89.1% (668/750 steps)
2025-09-08 23:40:29,492 - INFO -    Duration: 22.3s / 25.0s
2025-09-08 23:40:29,492 - INFO -    Composite Score: 83.31
2025-09-08 23:40:29,497 - INFO - CONVERGENCE EPISODE 118: 0.5754m
2025-09-08 23:40:31,071 - INFO -     120 |   90.52 |   33.218 |    3.1266 |   3.1s (12.4%) |  107.2s
2025-09-08 23:40:47,760 - INFO - NEW BEST PERFORMANCE! Episode 130: 0.3137m
2025-09-08 23:40:47,785 - INFO - BEST MODEL SAVED! Episode 130, Error: 0.3137m
2025-09-08 23:40:47,786 - INFO - Best model path: /home/osos/Mohamed_Masters_Thesis/DHP_drone_updated/DHP/trained_models/dhp_cf2x_best
2025-09-08 23:40:47,786 - INFO - All model files saved successfully!
2025-09-08 23:40:47,786 - INFO - CONVERGENCE EPISODE 130: 0.3137m
2025-09-08 23:40:47,786 - INFO -     130 |  357.03 |    2.733 |    0.3137 |   8.2s (32.7%) |  123.9s
2025-09-08 23:40:56,736 - INFO - CONVERGENCE EPISODE 138: 0.9906m
2025-09-08 23:40:58,200 - INFO -     140 |  125.85 |   12.201 |    5.1348 |   4.1s (16.4%) |  134.3s
2025-09-08 23:41:08,877 - INFO -     150 |  204.59 |   30.492 |    3.5569 |   5.2s (20.8%) |  145.0s
2025-09-08 23:41:09,724 - INFO - CONVERGENCE EPISODE 151: 0.4005m
2025-09-08 23:41:16,153 - INFO -     160 |   85.81 |   30.746 |    4.6662 |   3.4s (13.6%) |  152.2s
2025-09-08 23:41:18,845 - INFO - CONVERGENCE EPISODE 164: 0.5353m
2025-09-08 23:41:22,601 - INFO -     170 |   89.53 |   61.943 |    5.1719 |   3.4s (13.6%) |  158.7s
2025-09-08 23:41:25,427 - INFO - CONVERGENCE EPISODE 175: 0.8670m
2025-09-08 23:41:29,045 - INFO -     180 |  109.59 |   27.193 |    1.9311 |   3.3s (13.1%) |  165.1s
2025-09-08 23:41:29,767 - INFO - CONVERGENCE EPISODE 181: 0.6764m
2025-09-08 23:41:36,189 - INFO -     190 |  107.96 |   27.032 |    5.1785 |   3.8s (15.2%) |  172.3s
2025-09-08 23:41:38,446 - INFO - CONVERGENCE EPISODE 193: 0.6236m
2025-09-08 23:41:42,207 - INFO - 
================================================================================
2025-09-08 23:41:42,207 - INFO - TRAINING COMPLETED - FINAL ANALYSIS
2025-09-08 23:41:42,207 - INFO - ================================================================================
2025-09-08 23:41:42,207 - INFO - Total training time: 178.3 seconds (3.0 minutes)
2025-09-08 23:41:42,207 - INFO - Final episode reward: 96.73
2025-09-08 23:41:42,207 - INFO - Final position error: 2.3189m
2025-09-08 23:41:42,207 - INFO - 
EPISODE COMPLETION STATISTICS:
2025-09-08 23:41:42,207 - INFO - Average completion rate: 18.7%
2025-09-08 23:41:42,207 - INFO - Episodes completed (≥90%): 0/200 (0.0%)
2025-09-08 23:41:42,207 - INFO - No episodes achieved ≥90% completion
2025-09-08 23:41:42,207 - INFO - 
BEST EPISODE ANALYSIS:
2025-09-08 23:41:42,207 - INFO - Best overall episode (smart criteria): #130
2025-09-08 23:41:42,207 - INFO -   Position error: 0.3137m
2025-09-08 23:41:42,207 - INFO -   Composite score: 83.31
2025-09-08 23:41:42,207 - INFO - Total convergent episodes (< 1.0m): 47/200 (23.50%)
2025-09-08 23:41:42,207 - INFO - Stable performance achieved: Yes (from episode 22, duration: 178 episodes)
2025-09-08 23:41:42,207 - INFO - Position error statistics:
2025-09-08 23:41:42,207 - INFO -   Mean: 2.8030m
2025-09-08 23:41:42,207 - INFO -   Std:  1.8566m
2025-09-08 23:41:42,208 - INFO -   Min:  0.1103m
2025-09-08 23:41:42,208 - INFO -   Max:  7.0356m
2025-09-08 23:41:42,208 - INFO -   Median: 2.6618m
2025-09-08 23:41:42,208 - INFO - Performance distribution:
2025-09-08 23:41:42,208 - INFO -   Excellent (< 0.5m): 30 episodes (15.0%)
2025-09-08 23:41:42,208 - INFO -   Good (0.5-1.0m):   17 episodes (8.5%)
2025-09-08 23:41:42,208 - INFO -   Acceptable (1.0-1.5m): 18 episodes (9.0%)
2025-09-08 23:41:42,208 - INFO -   Poor (> 1.5m):     135 episodes (67.5%)
2025-09-08 23:41:42,208 - INFO - 
TRAINING CONFIGURATION EFFECTIVENESS:
2025-09-08 23:41:42,208 - INFO - ----------------------------------------
2025-09-08 23:41:42,208 - INFO - Episodes needed for first convergence: 3
2025-09-08 23:41:42,208 - INFO - Excitation phase ended at episode: 6
2025-09-08 23:41:42,210 - INFO - Training metrics saved to: /home/osos/Mohamed_Masters_Thesis/DHP_drone_updated/DHP/training_logs/dhp_split_metrics_20250908_234142.json
2025-09-08 23:41:42,210 - INFO - 
BEST MODEL CONFIRMED:
2025-09-08 23:41:42,210 - INFO -   Episode: 130
2025-09-08 23:41:42,210 - INFO -   Position Error: 0.3137m
2025-09-08 23:41:42,210 - INFO -   Model files: dhp_cf2x_best_*
2025-09-08 23:41:42,210 - INFO - ================================================================================
2025-09-08 23:41:42,210 - INFO - TRAINING SESSION COMPLETED
2025-09-08 23:41:42,210 - INFO - Detailed log saved to: /home/osos/Mohamed_Masters_Thesis/DHP_drone_updated/DHP/training_logs/dhp_split_training_20250908_233843.log
2025-09-08 23:41:42,210 - INFO - ================================================================================
2025-09-08 23:41:42,212 - INFO - Best episode replay data saved: /home/osos/Mohamed_Masters_Thesis/DHP_drone_updated/DHP/best_episode_replays/best_episode_replay_ep118_error0.5754_20250908_234142.pkl
2025-09-08 23:41:42,212 - INFO -   Episode: 118, Error: 0.5754m
2025-09-08 23:41:42,212 - INFO -   Action sequence: 668 steps
2025-09-08 23:41:42,212 - INFO -   Duration: 22.27 seconds
2025-09-08 23:41:42,212 - INFO -   Control frequency: 30.0 Hz
2025-09-08 23:42:33,423 - INFO - 
==================================================
2025-09-08 23:42:33,424 - INFO - STARTING BEST EPISODE REPLAY
2025-09-08 23:42:33,424 - INFO - ==================================================
2025-09-08 23:42:57,133 - INFO - Best episode replay completed successfully
2025-09-08 23:42:57,133 - INFO - Original error: 0.5754m, Replay error: 0.5754m
2025-09-08 23:42:57,133 - INFO - Training and best episode replay session completed successfully!
