2025-09-07 21:38:19,865 - INFO - ================================================================================
2025-09-07 21:38:19,865 - INFO - DHP SPLIT ARCHITECTURE TRAINING SESSION STARTED
2025-09-07 21:38:19,865 - INFO - ================================================================================
2025-09-07 21:38:19,865 - INFO - HYPERPARAMETERS:
2025-09-07 21:38:19,865 - INFO - ----------------------------------------
2025-09-07 21:38:19,865 - INFO - action_size              : 4
2025-09-07 21:38:19,865 - INFO - best_episode_gui         : False
2025-09-07 21:38:19,865 - INFO - coordination_strength    : 0.1
2025-09-07 21:38:19,865 - INFO - coordination_warmup_episodes: 400
2025-09-07 21:38:19,865 - INFO - dt                       : 0.03333333333333333
2025-09-07 21:38:19,865 - INFO - episode_length           : 20.0
2025-09-07 21:38:19,865 - INFO - excitation_amplitude     : 0.03
2025-09-07 21:38:19,865 - INFO - excitation_steps         : 12500
2025-09-07 21:38:19,865 - INFO - gamma                    : 0.98
2025-09-07 21:38:19,866 - INFO - gradient_clip_value      : 0.5
2025-09-07 21:38:19,866 - INFO - gui                      : False
2025-09-07 21:38:19,866 - INFO - hidden_layer_size        : [64, 64, 32]
2025-09-07 21:38:19,866 - INFO - log_interval             : 10
2025-09-07 21:38:19,866 - INFO - lr_actor                 : 0.005
2025-09-07 21:38:19,866 - INFO - lr_critic                : 0.01
2025-09-07 21:38:19,866 - INFO - lr_decay                 : 0.9999
2025-09-07 21:38:19,866 - INFO - normalize_states         : True
2025-09-07 21:38:19,866 - INFO - num_episodes             : 2500
2025-09-07 21:38:19,866 - INFO - predict_delta            : False
2025-09-07 21:38:19,866 - INFO - record                   : False
2025-09-07 21:38:19,866 - INFO - record_best_episodes     : True
2025-09-07 21:38:19,866 - INFO - recording_fps            : 30
2025-09-07 21:38:19,866 - INFO - reference_size           : 8
2025-09-07 21:38:19,866 - INFO - rls_action_size          : 4
2025-09-07 21:38:19,866 - INFO - rls_covariance           : 100.0
2025-09-07 21:38:19,866 - INFO - rls_gamma                : 0.9995
2025-09-07 21:38:19,866 - INFO - rls_state_size           : 8
2025-09-07 21:38:19,866 - INFO - save_interval            : 100
2025-09-07 21:38:19,866 - INFO - split                    : False
2025-09-07 21:38:19,866 - INFO - state_bounds             : {'z': [0.0, 5.0], 'roll': [-1.5707963267948966, 1.5707963267948966], 'pitch': [-1.5707963267948966, 1.5707963267948966], 'yaw': [-3.141592653589793, 3.141592653589793], 'vz': [-12.0, 12.0], 'wx': [-10.0, 10.0], 'wy': [-10.0, 10.0], 'wz': [-10.0, 10.0]}
2025-09-07 21:38:19,866 - INFO - state_size               : 8
2025-09-07 21:38:19,866 - INFO - target_network           : True
2025-09-07 21:38:19,866 - INFO - target_pos               : [0.5, 0.5, 1.0]
2025-09-07 21:38:19,866 - INFO - tau                      : 0.001
2025-09-07 21:38:19,866 - INFO - trajectory_type          : spiral
2025-09-07 21:38:19,866 - INFO - update_cycles            : 2
2025-09-07 21:38:19,866 - INFO - use_trajectory           : False
2025-09-07 21:38:19,866 - INFO - ----------------------------------------
2025-09-07 21:38:19,866 - INFO - Log file: /home/osos/Mohamed_Masters_Thesis/DHP_drone_updated/DHP/training_logs/dhp_split_training_20250907_213819.log
2025-09-07 21:38:19,867 - INFO - ================================================================================
2025-09-07 21:38:19,867 - INFO - 
TRAJECTORY TRAINING CONFIGURATION:
2025-09-07 21:38:19,867 - INFO -   num_episodes: 10
2025-09-07 21:38:19,867 - INFO -   episode_length: 25.0
2025-09-07 21:38:19,867 - INFO -   excitation_steps: 5000
2025-09-07 21:38:19,867 - INFO -   log_interval: 10
2025-09-07 21:38:19,867 - INFO -   save_interval: 50
2025-09-07 21:38:19,867 - INFO -   gui: False
2025-09-07 21:38:19,867 - INFO -   record: False
2025-09-07 21:38:19,867 - INFO -   normalize_states: True
2025-09-07 21:38:19,867 - INFO -   record_best_episodes: True
2025-09-07 21:38:19,867 - INFO -   coordination_warmup_episodes: 200
2025-09-07 21:38:19,867 - INFO -   coordination_strength: 0.15
2025-09-07 21:38:19,867 - INFO -   use_trajectory: True
2025-09-07 21:38:19,867 - INFO -   trajectory_type: spiral
2025-09-07 21:38:19,867 - INFO -   target_pos: [0.0, 0.0, 1.0]
2025-09-07 21:38:19,867 - INFO - 
==================================================
2025-09-07 21:38:19,867 - INFO - STARTING DHP TRAINING FOR CF2X QUADROTOR
2025-09-07 21:38:19,867 - INFO - ==================================================
2025-09-07 21:38:19,982 - WARNING - From /home/osos/Mohamed_Masters_Thesis/DHP_drone_updated/msc-thesis/agents/dhp.py:88: The name tf.Session is deprecated. Please use tf.compat.v1.Session instead.

2025-09-07 21:38:20,072 - WARNING - From /home/osos/Mohamed_Masters_Thesis/DHP_drone_updated/msc-thesis/agents/dhp.py:117: The name tf.placeholder is deprecated. Please use tf.compat.v1.placeholder instead.

2025-09-07 21:38:20,073 - WARNING - From /home/osos/Mohamed_Masters_Thesis/DHP_drone_updated/msc-thesis/agents/dhp.py:119: The name tf.placeholder_with_default is deprecated. Please use tf.compat.v1.placeholder_with_default instead.

2025-09-07 21:38:20,076 - WARNING - From /home/osos/Mohamed_Masters_Thesis/DHP_drone_updated/msc-thesis/agents/dhp.py:141: The name tf.variable_scope is deprecated. Please use tf.compat.v1.variable_scope instead.

2025-09-07 21:38:20,076 - WARNING - From /home/osos/Mohamed_Masters_Thesis/DHP_drone_updated/msc-thesis/agents/dhp.py:145: dense (from tensorflow.python.layers.core) is deprecated and will be removed in a future version.
Instructions for updating:
Use keras.layers.Dense instead.
2025-09-07 21:38:20,077 - WARNING - From /home/osos/anaconda3/envs/DHP/lib/python3.7/site-packages/tensorflow_core/python/layers/core.py:187: Layer.apply (from tensorflow.python.keras.engine.base_layer) is deprecated and will be removed in a future version.
Instructions for updating:
Please use `layer.__call__` method instead.
2025-09-07 21:38:20,104 - WARNING - From /home/osos/Mohamed_Masters_Thesis/DHP_drone_updated/msc-thesis/agents/dhp.py:150: The name tf.trainable_variables is deprecated. Please use tf.compat.v1.trainable_variables instead.

2025-09-07 21:38:20,114 - WARNING - From /home/osos/Mohamed_Masters_Thesis/DHP_drone_updated/msc-thesis/agents/dhp.py:156: The name tf.train.GradientDescentOptimizer is deprecated. Please use tf.compat.v1.train.GradientDescentOptimizer instead.

2025-09-07 21:38:20,142 - WARNING - From /home/osos/Mohamed_Masters_Thesis/DHP_drone_updated/msc-thesis/agents/dhp.py:173: The name tf.assign is deprecated. Please use tf.compat.v1.assign instead.

2025-09-07 21:38:20,258 - WARNING - From /home/osos/Mohamed_Masters_Thesis/DHP_drone_updated/msc-thesis/agents/dhp.py:97: The name tf.summary.merge_all is deprecated. Please use tf.compat.v1.summary.merge_all instead.

2025-09-07 21:38:20,258 - WARNING - From /home/osos/Mohamed_Masters_Thesis/DHP_drone_updated/msc-thesis/agents/dhp.py:98: The name tf.train.Saver is deprecated. Please use tf.compat.v1.train.Saver instead.

2025-09-07 21:38:20,270 - WARNING - From /home/osos/Mohamed_Masters_Thesis/DHP_drone_updated/msc-thesis/agents/dhp.py:99: The name tf.global_variables_initializer is deprecated. Please use tf.compat.v1.global_variables_initializer instead.

2025-09-07 21:38:20,325 - INFO - 
Training for 10 episodes...
2025-09-07 21:38:20,325 - INFO - Episode | Reward  | Avg Cost | Pos Error | Duration (Completion) | Time
2025-09-07 21:38:20,326 - INFO - -------------------------------------------------------------------------------------
2025-09-07 21:38:21,777 - INFO - 🏆 NEW BEST EPISODE (SMART CRITERIA)! Episode 0
2025-09-07 21:38:21,777 - INFO -    Position Error: 5.2458m
2025-09-07 21:38:21,777 - INFO -    Completion: 23.7% (178/750 steps)
2025-09-07 21:38:21,777 - INFO -    Duration: 5.9s / 25.0s
2025-09-07 21:38:21,777 - INFO -    Composite Score: -28.72
2025-09-07 21:38:21,778 - INFO -       0 |   87.06 |   37.033 |    5.2458 |   5.9s (23.7%) |    1.5s
2025-09-07 21:38:22,876 - INFO - NEW BEST PERFORMANCE! Episode 1: 5.2227m
2025-09-07 21:38:22,941 - INFO - BEST MODEL SAVED! Episode 1, Error: 5.2227m
2025-09-07 21:38:22,941 - INFO - Best model path: /home/osos/Mohamed_Masters_Thesis/DHP_drone_updated/DHP/trained_models/dhp_cf2x_best
2025-09-07 21:38:22,941 - INFO - All model files saved successfully!
2025-09-07 21:38:23,601 - INFO - NEW BEST PERFORMANCE! Episode 2: 4.9195m
2025-09-07 21:38:23,640 - INFO - BEST MODEL SAVED! Episode 2, Error: 4.9195m
2025-09-07 21:38:23,641 - INFO - Best model path: /home/osos/Mohamed_Masters_Thesis/DHP_drone_updated/DHP/trained_models/dhp_cf2x_best
2025-09-07 21:38:23,641 - INFO - All model files saved successfully!
2025-09-07 21:38:24,458 - INFO - NEW BEST PERFORMANCE! Episode 3: 4.8873m
2025-09-07 21:38:24,494 - INFO - BEST MODEL SAVED! Episode 3, Error: 4.8873m
2025-09-07 21:38:24,494 - INFO - Best model path: /home/osos/Mohamed_Masters_Thesis/DHP_drone_updated/DHP/trained_models/dhp_cf2x_best
2025-09-07 21:38:24,494 - INFO - All model files saved successfully!
2025-09-07 21:38:25,985 - INFO - NEW BEST PERFORMANCE! Episode 5: 4.6804m
2025-09-07 21:38:26,024 - INFO - BEST MODEL SAVED! Episode 5, Error: 4.6804m
2025-09-07 21:38:26,024 - INFO - Best model path: /home/osos/Mohamed_Masters_Thesis/DHP_drone_updated/DHP/trained_models/dhp_cf2x_best
2025-09-07 21:38:26,024 - INFO - All model files saved successfully!
2025-09-07 21:38:28,633 - INFO - 🏆 NEW BEST EPISODE (SMART CRITERIA)! Episode 6
2025-09-07 21:38:28,633 - INFO -    Position Error: 4.9021m
2025-09-07 21:38:28,633 - INFO -    Completion: 56.7% (425/750 steps)
2025-09-07 21:38:28,633 - INFO -    Duration: 14.2s / 25.0s
2025-09-07 21:38:28,634 - INFO -    Composite Score: 7.65
2025-09-07 21:38:28,782 - INFO - NEW BEST PERFORMANCE! Episode 7: 0.3764m
2025-09-07 21:38:28,827 - INFO - BEST MODEL SAVED! Episode 7, Error: 0.3764m
2025-09-07 21:38:28,827 - INFO - Best model path: /home/osos/Mohamed_Masters_Thesis/DHP_drone_updated/DHP/trained_models/dhp_cf2x_best
2025-09-07 21:38:28,827 - INFO - All model files saved successfully!
2025-09-07 21:38:28,827 - INFO - CONVERGENCE EPISODE 7: 0.3764m
2025-09-07 21:38:28,976 - INFO - CONVERGENCE EPISODE 8: 0.3968m
2025-09-07 21:38:29,142 - INFO - CONVERGENCE EPISODE 9: 0.4752m
2025-09-07 21:38:29,142 - INFO - 
================================================================================
2025-09-07 21:38:29,142 - INFO - TRAINING COMPLETED - FINAL ANALYSIS
2025-09-07 21:38:29,142 - INFO - ================================================================================
2025-09-07 21:38:29,142 - INFO - Total training time: 8.8 seconds (0.1 minutes)
2025-09-07 21:38:29,142 - INFO - Final episode reward: 27.57
2025-09-07 21:38:29,142 - INFO - Final position error: 0.4752m
2025-09-07 21:38:29,142 - INFO - 
EPISODE COMPLETION STATISTICS:
2025-09-07 21:38:29,142 - INFO - Average completion rate: 17.1%
2025-09-07 21:38:29,142 - INFO - Episodes completed (≥90%): 0/10 (0.0%)
2025-09-07 21:38:29,142 - INFO - No episodes achieved ≥90% completion
2025-09-07 21:38:29,142 - INFO - 
BEST EPISODE ANALYSIS:
2025-09-07 21:38:29,142 - INFO - Best overall episode (smart criteria): #7
2025-09-07 21:38:29,143 - INFO -   Position error: 0.3764m
2025-09-07 21:38:29,143 - INFO -   Composite score: 7.65
2025-09-07 21:38:29,143 - INFO - Total convergent episodes (< 1.0m): 3/10 (30.00%)
2025-09-07 21:38:29,143 - INFO - Stable performance achieved: No
2025-09-07 21:38:29,143 - INFO - Position error statistics:
2025-09-07 21:38:29,143 - INFO -   Mean: 3.6105m
2025-09-07 21:38:29,143 - INFO -   Std:  2.0970m
2025-09-07 21:38:29,143 - INFO -   Min:  0.3764m
2025-09-07 21:38:29,143 - INFO -   Max:  5.2458m
2025-09-07 21:38:29,143 - INFO -   Median: 4.8947m
2025-09-07 21:38:29,143 - INFO - Performance distribution:
2025-09-07 21:38:29,143 - INFO -   Excellent (< 0.5m): 3 episodes (30.0%)
2025-09-07 21:38:29,144 - INFO -   Good (0.5-1.0m):   0 episodes (0.0%)
2025-09-07 21:38:29,144 - INFO -   Acceptable (1.0-1.5m): 0 episodes (0.0%)
2025-09-07 21:38:29,144 - INFO -   Poor (> 1.5m):     7 episodes (70.0%)
2025-09-07 21:38:29,144 - INFO - 
TRAINING CONFIGURATION EFFECTIVENESS:
2025-09-07 21:38:29,144 - INFO - ----------------------------------------
2025-09-07 21:38:29,144 - INFO - Episodes needed for first convergence: 7
2025-09-07 21:38:29,144 - INFO - Excitation phase ended at episode: 6
2025-09-07 21:38:29,145 - INFO - Training metrics saved to: /home/osos/Mohamed_Masters_Thesis/DHP_drone_updated/DHP/training_logs/dhp_split_metrics_20250907_213829.json
2025-09-07 21:38:29,145 - INFO - 
BEST MODEL CONFIRMED:
2025-09-07 21:38:29,145 - INFO -   Episode: 7
2025-09-07 21:38:29,145 - INFO -   Position Error: 0.3764m
2025-09-07 21:38:29,145 - INFO -   Model files: dhp_cf2x_best_*
2025-09-07 21:38:29,145 - INFO - ================================================================================
2025-09-07 21:38:29,145 - INFO - TRAINING SESSION COMPLETED
2025-09-07 21:38:29,145 - INFO - Detailed log saved to: /home/osos/Mohamed_Masters_Thesis/DHP_drone_updated/DHP/training_logs/dhp_split_training_20250907_213819.log
2025-09-07 21:38:29,145 - INFO - ================================================================================
2025-09-07 21:38:49,950 - INFO - 
==================================================
2025-09-07 21:38:49,951 - INFO - STARTING POLICY DEMONSTRATION
2025-09-07 21:38:49,951 - INFO - ==================================================
2025-09-07 21:38:51,912 - INFO - Trajectory demonstration completed for spiral trajectory
2025-09-07 21:38:51,912 - INFO - Training and demonstration session completed successfully!
