2025-09-07 18:47:21,483 - INFO - ================================================================================
2025-09-07 18:47:21,483 - INFO - DHP SPLIT ARCHITECTURE TRAINING SESSION STARTED
2025-09-07 18:47:21,483 - INFO - ================================================================================
2025-09-07 18:47:21,483 - INFO - HYPERPARAMETERS:
2025-09-07 18:47:21,483 - INFO - ----------------------------------------
2025-09-07 18:47:21,483 - INFO - action_size              : 4
2025-09-07 18:47:21,484 - INFO - best_episode_gui         : False
2025-09-07 18:47:21,484 - INFO - coordination_strength    : 0.1
2025-09-07 18:47:21,484 - INFO - coordination_warmup_episodes: 400
2025-09-07 18:47:21,484 - INFO - dt                       : 0.03333333333333333
2025-09-07 18:47:21,484 - INFO - episode_length           : 20.0
2025-09-07 18:47:21,484 - INFO - excitation_amplitude     : 0.03
2025-09-07 18:47:21,484 - INFO - excitation_steps         : 12500
2025-09-07 18:47:21,484 - INFO - gamma                    : 0.98
2025-09-07 18:47:21,484 - INFO - gradient_clip_value      : 0.5
2025-09-07 18:47:21,484 - INFO - gui                      : False
2025-09-07 18:47:21,484 - INFO - hidden_layer_size        : [64, 64, 32]
2025-09-07 18:47:21,484 - INFO - log_interval             : 10
2025-09-07 18:47:21,484 - INFO - lr_actor                 : 0.005
2025-09-07 18:47:21,484 - INFO - lr_critic                : 0.01
2025-09-07 18:47:21,484 - INFO - lr_decay                 : 0.9999
2025-09-07 18:47:21,484 - INFO - normalize_states         : True
2025-09-07 18:47:21,485 - INFO - num_episodes             : 2500
2025-09-07 18:47:21,485 - INFO - predict_delta            : False
2025-09-07 18:47:21,485 - INFO - record                   : False
2025-09-07 18:47:21,485 - INFO - record_best_episodes     : True
2025-09-07 18:47:21,485 - INFO - recording_fps            : 30
2025-09-07 18:47:21,485 - INFO - reference_size           : 8
2025-09-07 18:47:21,485 - INFO - rls_action_size          : 4
2025-09-07 18:47:21,485 - INFO - rls_covariance           : 100.0
2025-09-07 18:47:21,485 - INFO - rls_gamma                : 0.9995
2025-09-07 18:47:21,485 - INFO - rls_state_size           : 8
2025-09-07 18:47:21,485 - INFO - save_interval            : 100
2025-09-07 18:47:21,485 - INFO - split                    : False
2025-09-07 18:47:21,485 - INFO - state_bounds             : {'z': [0.0, 5.0], 'roll': [-1.5707963267948966, 1.5707963267948966], 'pitch': [-1.5707963267948966, 1.5707963267948966], 'yaw': [-3.141592653589793, 3.141592653589793], 'vz': [-12.0, 12.0], 'wx': [-10.0, 10.0], 'wy': [-10.0, 10.0], 'wz': [-10.0, 10.0]}
2025-09-07 18:47:21,485 - INFO - state_size               : 8
2025-09-07 18:47:21,485 - INFO - target_network           : True
2025-09-07 18:47:21,485 - INFO - target_pos               : [0.5, 0.5, 1.0]
2025-09-07 18:47:21,486 - INFO - tau                      : 0.001
2025-09-07 18:47:21,486 - INFO - trajectory_type          : spiral
2025-09-07 18:47:21,486 - INFO - update_cycles            : 2
2025-09-07 18:47:21,486 - INFO - use_trajectory           : False
2025-09-07 18:47:21,486 - INFO - ----------------------------------------
2025-09-07 18:47:21,486 - INFO - Log file: /home/osos/Mohamed_Masters_Thesis/DHP_drone_updated/DHP/training_logs/dhp_split_training_20250907_184721.log
2025-09-07 18:47:21,486 - INFO - ================================================================================
2025-09-07 18:47:21,486 - INFO - 
TRAJECTORY TRAINING CONFIGURATION:
2025-09-07 18:47:21,487 - INFO -   num_episodes: 10
2025-09-07 18:47:21,487 - INFO -   episode_length: 25.0
2025-09-07 18:47:21,487 - INFO -   excitation_steps: 5000
2025-09-07 18:47:21,487 - INFO -   log_interval: 10
2025-09-07 18:47:21,487 - INFO -   save_interval: 50
2025-09-07 18:47:21,487 - INFO -   gui: False
2025-09-07 18:47:21,487 - INFO -   record: False
2025-09-07 18:47:21,487 - INFO -   normalize_states: True
2025-09-07 18:47:21,487 - INFO -   record_best_episodes: True
2025-09-07 18:47:21,487 - INFO -   coordination_warmup_episodes: 200
2025-09-07 18:47:21,487 - INFO -   coordination_strength: 0.15
2025-09-07 18:47:21,488 - INFO -   use_trajectory: True
2025-09-07 18:47:21,488 - INFO -   trajectory_type: spiral
2025-09-07 18:47:21,488 - INFO -   target_pos: [0.0, 0.0, 1.0]
2025-09-07 18:47:21,488 - INFO - 
==================================================
2025-09-07 18:47:21,488 - INFO - STARTING DHP TRAINING FOR CF2X QUADROTOR
2025-09-07 18:47:21,488 - INFO - ==================================================
2025-09-07 18:47:21,619 - WARNING - From /home/osos/Mohamed_Masters_Thesis/msc-thesis/agents/dhp.py:70: The name tf.Session is deprecated. Please use tf.compat.v1.Session instead.

2025-09-07 18:47:21,735 - WARNING - From /home/osos/Mohamed_Masters_Thesis/msc-thesis/agents/dhp.py:100: The name tf.placeholder is deprecated. Please use tf.compat.v1.placeholder instead.

2025-09-07 18:47:21,737 - WARNING - From /home/osos/Mohamed_Masters_Thesis/msc-thesis/agents/dhp.py:102: The name tf.placeholder_with_default is deprecated. Please use tf.compat.v1.placeholder_with_default instead.

2025-09-07 18:47:21,744 - WARNING - From /home/osos/Mohamed_Masters_Thesis/msc-thesis/agents/dhp.py:124: The name tf.variable_scope is deprecated. Please use tf.compat.v1.variable_scope instead.

2025-09-07 18:47:21,744 - WARNING - From /home/osos/Mohamed_Masters_Thesis/msc-thesis/agents/dhp.py:128: dense (from tensorflow.python.layers.core) is deprecated and will be removed in a future version.
Instructions for updating:
Use keras.layers.Dense instead.
2025-09-07 18:47:21,745 - WARNING - From /home/osos/anaconda3/envs/DHP/lib/python3.7/site-packages/tensorflow_core/python/layers/core.py:187: Layer.apply (from tensorflow.python.keras.engine.base_layer) is deprecated and will be removed in a future version.
Instructions for updating:
Please use `layer.__call__` method instead.
2025-09-07 18:47:21,783 - WARNING - From /home/osos/Mohamed_Masters_Thesis/msc-thesis/agents/dhp.py:133: The name tf.trainable_variables is deprecated. Please use tf.compat.v1.trainable_variables instead.

2025-09-07 18:47:21,802 - WARNING - From /home/osos/Mohamed_Masters_Thesis/msc-thesis/agents/dhp.py:139: The name tf.train.GradientDescentOptimizer is deprecated. Please use tf.compat.v1.train.GradientDescentOptimizer instead.

2025-09-07 18:47:21,854 - WARNING - From /home/osos/Mohamed_Masters_Thesis/msc-thesis/agents/dhp.py:156: The name tf.assign is deprecated. Please use tf.compat.v1.assign instead.

2025-09-07 18:47:22,055 - WARNING - From /home/osos/Mohamed_Masters_Thesis/msc-thesis/agents/dhp.py:79: The name tf.summary.merge_all is deprecated. Please use tf.compat.v1.summary.merge_all instead.

2025-09-07 18:47:22,055 - WARNING - From /home/osos/Mohamed_Masters_Thesis/msc-thesis/agents/dhp.py:80: The name tf.train.Saver is deprecated. Please use tf.compat.v1.train.Saver instead.

2025-09-07 18:47:22,077 - WARNING - From /home/osos/Mohamed_Masters_Thesis/msc-thesis/agents/dhp.py:81: The name tf.global_variables_initializer is deprecated. Please use tf.compat.v1.global_variables_initializer instead.

2025-09-07 18:47:22,192 - INFO - 
Training for 10 episodes...
2025-09-07 18:47:22,192 - INFO - Episode | Reward  | Avg Cost | Pos Error | Duration (Completion) | Time
2025-09-07 18:47:22,192 - INFO - -------------------------------------------------------------------------------------
2025-09-07 18:47:23,454 - INFO - 🏆 NEW BEST EPISODE (SMART CRITERIA)! Episode 0
2025-09-07 18:47:23,454 - INFO -    Position Error: 5.1518m
2025-09-07 18:47:23,454 - INFO -    Completion: 14.5% (109/750 steps)
2025-09-07 18:47:23,454 - INFO -    Duration: 3.6s / 25.0s
2025-09-07 18:47:23,454 - INFO -    Composite Score: -36.98
2025-09-07 18:47:23,455 - INFO -       0 |   58.50 |   40.253 |    5.1518 |   3.6s (14.5%) |    1.3s
2025-09-07 18:47:24,797 - INFO - 🏆 NEW BEST EPISODE (SMART CRITERIA)! Episode 1
2025-09-07 18:47:24,797 - INFO -    Position Error: 4.8660m
2025-09-07 18:47:24,797 - INFO -    Completion: 17.6% (132/750 steps)
2025-09-07 18:47:24,797 - INFO -    Duration: 4.4s / 25.0s
2025-09-07 18:47:24,797 - INFO -    Composite Score: -31.06
2025-09-07 18:47:27,696 - INFO - 🏆 NEW BEST EPISODE (SMART CRITERIA)! Episode 3
2025-09-07 18:47:27,696 - INFO -    Position Error: 4.7475m
2025-09-07 18:47:27,696 - INFO -    Completion: 22.5% (169/750 steps)
2025-09-07 18:47:27,696 - INFO -    Duration: 5.6s / 25.0s
2025-09-07 18:47:27,696 - INFO -    Composite Score: -24.94
2025-09-07 18:47:34,216 - INFO - 
================================================================================
2025-09-07 18:47:34,216 - INFO - TRAINING COMPLETED - FINAL ANALYSIS
2025-09-07 18:47:34,216 - INFO - ================================================================================
2025-09-07 18:47:34,216 - INFO - Total training time: 12.0 seconds (0.2 minutes)
2025-09-07 18:47:34,216 - INFO - Final episode reward: 52.08
2025-09-07 18:47:34,216 - INFO - Final position error: 5.2696m
2025-09-07 18:47:34,216 - INFO - 
EPISODE COMPLETION STATISTICS:
2025-09-07 18:47:34,216 - INFO - Average completion rate: 16.0%
2025-09-07 18:47:34,216 - INFO - Episodes completed (≥90%): 0/10 (0.0%)
2025-09-07 18:47:34,216 - INFO - No episodes achieved ≥90% completion
2025-09-07 18:47:34,216 - INFO - 
BEST EPISODE ANALYSIS:
2025-09-07 18:47:34,217 - INFO - Best overall episode (smart criteria): #3
2025-09-07 18:47:34,217 - INFO -   Position error: 4.7475m
2025-09-07 18:47:34,217 - INFO -   Composite score: -24.94
2025-09-07 18:47:34,217 - INFO - Total convergent episodes (< 1.0m): 0/10 (0.00%)
2025-09-07 18:47:34,217 - INFO - Stable performance achieved: No
2025-09-07 18:47:34,217 - INFO - Position error statistics:
2025-09-07 18:47:34,217 - INFO -   Mean: 5.1900m
2025-09-07 18:47:34,217 - INFO -   Std:  0.2047m
2025-09-07 18:47:34,217 - INFO -   Min:  4.7475m
2025-09-07 18:47:34,217 - INFO -   Max:  5.3829m
2025-09-07 18:47:34,218 - INFO -   Median: 5.2548m
2025-09-07 18:47:34,218 - INFO - Performance distribution:
2025-09-07 18:47:34,218 - INFO -   Excellent (< 0.5m): 0 episodes (0.0%)
2025-09-07 18:47:34,218 - INFO -   Good (0.5-1.0m):   0 episodes (0.0%)
2025-09-07 18:47:34,218 - INFO -   Acceptable (1.0-1.5m): 0 episodes (0.0%)
2025-09-07 18:47:34,218 - INFO -   Poor (> 1.5m):     10 episodes (100.0%)
2025-09-07 18:47:34,218 - INFO - 
TRAINING CONFIGURATION EFFECTIVENESS:
2025-09-07 18:47:34,218 - INFO - ----------------------------------------
2025-09-07 18:47:34,218 - INFO - Episodes needed for first convergence: N/A
2025-09-07 18:47:34,218 - INFO - Excitation phase ended at episode: 6
2025-09-07 18:47:34,219 - INFO - Training metrics saved to: /home/osos/Mohamed_Masters_Thesis/DHP_drone_updated/DHP/training_logs/dhp_split_metrics_20250907_184734.json
2025-09-07 18:47:34,220 - INFO - 
BEST MODEL CONFIRMED:
2025-09-07 18:47:34,220 - INFO -   Episode: 3
2025-09-07 18:47:34,220 - INFO -   Position Error: 4.7475m
2025-09-07 18:47:34,220 - INFO -   Model files: dhp_cf2x_best_*
2025-09-07 18:47:34,220 - INFO - ================================================================================
2025-09-07 18:47:34,220 - INFO - TRAINING SESSION COMPLETED
2025-09-07 18:47:34,220 - INFO - Detailed log saved to: /home/osos/Mohamed_Masters_Thesis/DHP_drone_updated/DHP/training_logs/dhp_split_training_20250907_184721.log
2025-09-07 18:47:34,220 - INFO - ================================================================================
2025-09-07 18:47:56,446 - INFO - 
==================================================
2025-09-07 18:47:56,447 - INFO - STARTING POLICY DEMONSTRATION
2025-09-07 18:47:56,447 - INFO - ==================================================
2025-09-07 18:48:00,910 - INFO - Trajectory demonstration completed for spiral trajectory
2025-09-07 18:48:00,911 - INFO - Training and demonstration session completed successfully!
