2025-09-08 23:14:36,920 - INFO - ================================================================================
2025-09-08 23:14:36,920 - INFO - DHP SPLIT ARCHITECTURE TRAINING SESSION STARTED
2025-09-08 23:14:36,920 - INFO - ================================================================================
2025-09-08 23:14:36,920 - INFO - HYPERPARAMETERS:
2025-09-08 23:14:36,920 - INFO - ----------------------------------------
2025-09-08 23:14:36,920 - INFO - action_size              : 4
2025-09-08 23:14:36,920 - INFO - best_episode_gui         : False
2025-09-08 23:14:36,920 - INFO - coordination_strength    : 0.1
2025-09-08 23:14:36,920 - INFO - coordination_warmup_episodes: 400
2025-09-08 23:14:36,921 - INFO - dt                       : 0.03333333333333333
2025-09-08 23:14:36,921 - INFO - episode_length           : 20.0
2025-09-08 23:14:36,921 - INFO - excitation_amplitude     : 0.03
2025-09-08 23:14:36,921 - INFO - excitation_steps         : 12500
2025-09-08 23:14:36,921 - INFO - gamma                    : 0.98
2025-09-08 23:14:36,921 - INFO - gradient_clip_value      : 0.5
2025-09-08 23:14:36,921 - INFO - gui                      : False
2025-09-08 23:14:36,921 - INFO - hidden_layer_size        : [64, 64, 32]
2025-09-08 23:14:36,921 - INFO - log_interval             : 10
2025-09-08 23:14:36,921 - INFO - lr_actor                 : 0.005
2025-09-08 23:14:36,921 - INFO - lr_critic                : 0.01
2025-09-08 23:14:36,921 - INFO - lr_decay                 : 0.9999
2025-09-08 23:14:36,921 - INFO - normalize_states         : True
2025-09-08 23:14:36,921 - INFO - num_episodes             : 2500
2025-09-08 23:14:36,921 - INFO - predict_delta            : False
2025-09-08 23:14:36,922 - INFO - record                   : False
2025-09-08 23:14:36,922 - INFO - record_best_episodes     : True
2025-09-08 23:14:36,922 - INFO - recording_fps            : 30
2025-09-08 23:14:36,922 - INFO - reference_size           : 8
2025-09-08 23:14:36,922 - INFO - rls_action_size          : 4
2025-09-08 23:14:36,922 - INFO - rls_covariance           : 100.0
2025-09-08 23:14:36,922 - INFO - rls_gamma                : 0.9995
2025-09-08 23:14:36,922 - INFO - rls_state_size           : 8
2025-09-08 23:14:36,922 - INFO - save_interval            : 100
2025-09-08 23:14:36,922 - INFO - split                    : False
2025-09-08 23:14:36,922 - INFO - state_bounds             : {'z': [0.0, 5.0], 'roll': [-1.5707963267948966, 1.5707963267948966], 'pitch': [-1.5707963267948966, 1.5707963267948966], 'yaw': [-3.141592653589793, 3.141592653589793], 'vz': [-12.0, 12.0], 'wx': [-10.0, 10.0], 'wy': [-10.0, 10.0], 'wz': [-10.0, 10.0]}
2025-09-08 23:14:36,922 - INFO - state_size               : 8
2025-09-08 23:14:36,922 - INFO - target_network           : True
2025-09-08 23:14:36,922 - INFO - target_pos               : [0.5, 0.5, 1.0]
2025-09-08 23:14:36,923 - INFO - tau                      : 0.001
2025-09-08 23:14:36,923 - INFO - trajectory_type          : spiral
2025-09-08 23:14:36,923 - INFO - update_cycles            : 2
2025-09-08 23:14:36,923 - INFO - use_trajectory           : False
2025-09-08 23:14:36,923 - INFO - ----------------------------------------
2025-09-08 23:14:36,923 - INFO - Log file: /home/osos/Mohamed_Masters_Thesis/DHP_drone_updated/DHP/training_logs/dhp_split_training_20250908_231436.log
2025-09-08 23:14:36,923 - INFO - ================================================================================
2025-09-08 23:14:36,923 - INFO - 
TRAJECTORY TRAINING CONFIGURATION:
2025-09-08 23:14:36,923 - INFO -   num_episodes: 200
2025-09-08 23:14:36,923 - INFO -   episode_length: 25.0
2025-09-08 23:14:36,923 - INFO -   excitation_steps: 5000
2025-09-08 23:14:36,923 - INFO -   log_interval: 10
2025-09-08 23:14:36,924 - INFO -   save_interval: 50
2025-09-08 23:14:36,924 - INFO -   gui: False
2025-09-08 23:14:36,924 - INFO -   record: False
2025-09-08 23:14:36,924 - INFO -   normalize_states: True
2025-09-08 23:14:36,924 - INFO -   record_best_episodes: True
2025-09-08 23:14:36,924 - INFO -   coordination_warmup_episodes: 200
2025-09-08 23:14:36,924 - INFO -   coordination_strength: 0.15
2025-09-08 23:14:36,924 - INFO -   use_trajectory: True
2025-09-08 23:14:36,924 - INFO -   trajectory_type: spiral
2025-09-08 23:14:36,924 - INFO -   target_pos: [0.0, 0.0, 1.0]
2025-09-08 23:14:36,924 - INFO - 
==================================================
2025-09-08 23:14:36,924 - INFO - STARTING DHP TRAINING FOR CF2X QUADROTOR
2025-09-08 23:14:36,924 - INFO - ==================================================
2025-09-08 23:14:37,030 - WARNING - From /home/osos/Mohamed_Masters_Thesis/DHP_drone_updated/msc-thesis/agents/dhp.py:88: The name tf.Session is deprecated. Please use tf.compat.v1.Session instead.

2025-09-08 23:14:37,109 - WARNING - From /home/osos/Mohamed_Masters_Thesis/DHP_drone_updated/msc-thesis/agents/dhp.py:117: The name tf.placeholder is deprecated. Please use tf.compat.v1.placeholder instead.

2025-09-08 23:14:37,111 - WARNING - From /home/osos/Mohamed_Masters_Thesis/DHP_drone_updated/msc-thesis/agents/dhp.py:119: The name tf.placeholder_with_default is deprecated. Please use tf.compat.v1.placeholder_with_default instead.

2025-09-08 23:14:37,113 - WARNING - From /home/osos/Mohamed_Masters_Thesis/DHP_drone_updated/msc-thesis/agents/dhp.py:141: The name tf.variable_scope is deprecated. Please use tf.compat.v1.variable_scope instead.

2025-09-08 23:14:37,113 - WARNING - From /home/osos/Mohamed_Masters_Thesis/DHP_drone_updated/msc-thesis/agents/dhp.py:145: dense (from tensorflow.python.layers.core) is deprecated and will be removed in a future version.
Instructions for updating:
Use keras.layers.Dense instead.
2025-09-08 23:14:37,114 - WARNING - From /home/osos/anaconda3/envs/DHP/lib/python3.7/site-packages/tensorflow_core/python/layers/core.py:187: Layer.apply (from tensorflow.python.keras.engine.base_layer) is deprecated and will be removed in a future version.
Instructions for updating:
Please use `layer.__call__` method instead.
2025-09-08 23:14:37,148 - WARNING - From /home/osos/Mohamed_Masters_Thesis/DHP_drone_updated/msc-thesis/agents/dhp.py:150: The name tf.trainable_variables is deprecated. Please use tf.compat.v1.trainable_variables instead.

2025-09-08 23:14:37,158 - WARNING - From /home/osos/Mohamed_Masters_Thesis/DHP_drone_updated/msc-thesis/agents/dhp.py:156: The name tf.train.GradientDescentOptimizer is deprecated. Please use tf.compat.v1.train.GradientDescentOptimizer instead.

2025-09-08 23:14:37,188 - WARNING - From /home/osos/Mohamed_Masters_Thesis/DHP_drone_updated/msc-thesis/agents/dhp.py:173: The name tf.assign is deprecated. Please use tf.compat.v1.assign instead.

2025-09-08 23:14:37,308 - WARNING - From /home/osos/Mohamed_Masters_Thesis/DHP_drone_updated/msc-thesis/agents/dhp.py:97: The name tf.summary.merge_all is deprecated. Please use tf.compat.v1.summary.merge_all instead.

2025-09-08 23:14:37,309 - WARNING - From /home/osos/Mohamed_Masters_Thesis/DHP_drone_updated/msc-thesis/agents/dhp.py:98: The name tf.train.Saver is deprecated. Please use tf.compat.v1.train.Saver instead.

2025-09-08 23:14:37,321 - WARNING - From /home/osos/Mohamed_Masters_Thesis/DHP_drone_updated/msc-thesis/agents/dhp.py:99: The name tf.global_variables_initializer is deprecated. Please use tf.compat.v1.global_variables_initializer instead.

2025-09-08 23:14:37,377 - INFO - 
Training for 200 episodes...
2025-09-08 23:14:37,377 - INFO - Episode | Reward  | Avg Cost | Pos Error | Duration (Completion) | Time
2025-09-08 23:14:37,377 - INFO - -------------------------------------------------------------------------------------
2025-09-08 23:14:38,611 - INFO - 🏆 NEW BEST EPISODE (SMART CRITERIA)! Episode 0
2025-09-08 23:14:38,611 - INFO -    Position Error: 4.9875m
2025-09-08 23:14:38,611 - INFO -    Completion: 17.6% (132/750 steps)
2025-09-08 23:14:38,612 - INFO -    Duration: 4.4s / 25.0s
2025-09-08 23:14:38,612 - INFO -    Composite Score: -32.27
2025-09-08 23:14:38,613 - INFO -       0 |   83.25 |   27.748 |    4.9875 |   4.4s (17.6%) |    1.2s
2025-09-08 23:14:40,181 - INFO - 🏆 NEW BEST EPISODE (SMART CRITERIA)! Episode 1
2025-09-08 23:14:40,181 - INFO -    Position Error: 5.4737m
2025-09-08 23:14:40,181 - INFO -    Completion: 24.7% (185/750 steps)
2025-09-08 23:14:40,181 - INFO -    Duration: 6.2s / 25.0s
2025-09-08 23:14:40,181 - INFO -    Composite Score: -30.07
2025-09-08 23:14:41,922 - INFO - 🏆 NEW BEST EPISODE (SMART CRITERIA)! Episode 2
2025-09-08 23:14:41,922 - INFO -    Position Error: 5.3281m
2025-09-08 23:14:41,922 - INFO -    Completion: 26.0% (195/750 steps)
2025-09-08 23:14:41,922 - INFO -    Duration: 6.5s / 25.0s
2025-09-08 23:14:41,922 - INFO -    Composite Score: -27.28
2025-09-08 23:14:42,924 - INFO - NEW BEST PERFORMANCE! Episode 3: 4.8970m
2025-09-08 23:14:42,964 - INFO - BEST MODEL SAVED! Episode 3, Error: 4.8970m
2025-09-08 23:14:42,964 - INFO - Best model path: /home/osos/Mohamed_Masters_Thesis/DHP_drone_updated/DHP/trained_models/dhp_cf2x_best
2025-09-08 23:14:42,964 - INFO - All model files saved successfully!
