2025-09-07 22:38:07,566 - INFO - ================================================================================
2025-09-07 22:38:07,567 - INFO - DHP SPLIT ARCHITECTURE TRAINING SESSION STARTED
2025-09-07 22:38:07,567 - INFO - ================================================================================
2025-09-07 22:38:07,567 - INFO - HYPERPARAMETERS:
2025-09-07 22:38:07,567 - INFO - ----------------------------------------
2025-09-07 22:38:07,567 - INFO - action_size              : 4
2025-09-07 22:38:07,567 - INFO - best_episode_gui         : False
2025-09-07 22:38:07,567 - INFO - coordination_strength    : 0.1
2025-09-07 22:38:07,567 - INFO - coordination_warmup_episodes: 400
2025-09-07 22:38:07,567 - INFO - dt                       : 0.03333333333333333
2025-09-07 22:38:07,567 - INFO - episode_length           : 20.0
2025-09-07 22:38:07,567 - INFO - excitation_amplitude     : 0.03
2025-09-07 22:38:07,567 - INFO - excitation_steps         : 12500
2025-09-07 22:38:07,567 - INFO - gamma                    : 0.98
2025-09-07 22:38:07,567 - INFO - gradient_clip_value      : 0.5
2025-09-07 22:38:07,567 - INFO - gui                      : False
2025-09-07 22:38:07,567 - INFO - hidden_layer_size        : [64, 64, 32]
2025-09-07 22:38:07,567 - INFO - log_interval             : 10
2025-09-07 22:38:07,567 - INFO - lr_actor                 : 0.005
2025-09-07 22:38:07,567 - INFO - lr_critic                : 0.01
2025-09-07 22:38:07,567 - INFO - lr_decay                 : 0.9999
2025-09-07 22:38:07,567 - INFO - normalize_states         : True
2025-09-07 22:38:07,567 - INFO - num_episodes             : 2500
2025-09-07 22:38:07,567 - INFO - predict_delta            : False
2025-09-07 22:38:07,567 - INFO - record                   : False
2025-09-07 22:38:07,567 - INFO - record_best_episodes     : True
2025-09-07 22:38:07,567 - INFO - recording_fps            : 30
2025-09-07 22:38:07,567 - INFO - reference_size           : 8
2025-09-07 22:38:07,567 - INFO - rls_action_size          : 4
2025-09-07 22:38:07,568 - INFO - rls_covariance           : 100.0
2025-09-07 22:38:07,568 - INFO - rls_gamma                : 0.9995
2025-09-07 22:38:07,568 - INFO - rls_state_size           : 8
2025-09-07 22:38:07,568 - INFO - save_interval            : 100
2025-09-07 22:38:07,568 - INFO - split                    : False
2025-09-07 22:38:07,568 - INFO - state_bounds             : {'z': [0.0, 5.0], 'roll': [-1.5707963267948966, 1.5707963267948966], 'pitch': [-1.5707963267948966, 1.5707963267948966], 'yaw': [-3.141592653589793, 3.141592653589793], 'vz': [-12.0, 12.0], 'wx': [-10.0, 10.0], 'wy': [-10.0, 10.0], 'wz': [-10.0, 10.0]}
2025-09-07 22:38:07,568 - INFO - state_size               : 8
2025-09-07 22:38:07,568 - INFO - target_network           : True
2025-09-07 22:38:07,568 - INFO - target_pos               : [0.5, 0.5, 1.0]
2025-09-07 22:38:07,568 - INFO - tau                      : 0.001
2025-09-07 22:38:07,568 - INFO - trajectory_type          : spiral
2025-09-07 22:38:07,568 - INFO - update_cycles            : 2
2025-09-07 22:38:07,568 - INFO - use_trajectory           : False
2025-09-07 22:38:07,568 - INFO - ----------------------------------------
2025-09-07 22:38:07,568 - INFO - Log file: /home/osos/Mohamed_Masters_Thesis/DHP_drone_updated/DHP/training_logs/dhp_split_training_20250907_223807.log
2025-09-07 22:38:07,568 - INFO - ================================================================================
2025-09-07 22:38:07,568 - INFO - 
TRAJECTORY TRAINING CONFIGURATION:
2025-09-07 22:38:07,568 - INFO -   num_episodes: 200
2025-09-07 22:38:07,568 - INFO -   episode_length: 25.0
2025-09-07 22:38:07,568 - INFO -   excitation_steps: 5000
2025-09-07 22:38:07,568 - INFO -   log_interval: 10
2025-09-07 22:38:07,568 - INFO -   save_interval: 50
2025-09-07 22:38:07,568 - INFO -   gui: False
2025-09-07 22:38:07,568 - INFO -   record: False
2025-09-07 22:38:07,568 - INFO -   normalize_states: True
2025-09-07 22:38:07,568 - INFO -   record_best_episodes: True
2025-09-07 22:38:07,568 - INFO -   coordination_warmup_episodes: 200
2025-09-07 22:38:07,569 - INFO -   coordination_strength: 0.15
2025-09-07 22:38:07,569 - INFO -   use_trajectory: True
2025-09-07 22:38:07,569 - INFO -   trajectory_type: spiral
2025-09-07 22:38:07,569 - INFO -   target_pos: [0.0, 0.0, 1.0]
2025-09-07 22:38:07,569 - INFO - 
==================================================
2025-09-07 22:38:07,569 - INFO - STARTING DHP TRAINING FOR CF2X QUADROTOR
2025-09-07 22:38:07,569 - INFO - ==================================================
2025-09-07 22:38:07,690 - WARNING - From /home/osos/Mohamed_Masters_Thesis/DHP_drone_updated/msc-thesis/agents/dhp.py:88: The name tf.Session is deprecated. Please use tf.compat.v1.Session instead.

2025-09-07 22:38:07,795 - WARNING - From /home/osos/Mohamed_Masters_Thesis/DHP_drone_updated/msc-thesis/agents/dhp.py:117: The name tf.placeholder is deprecated. Please use tf.compat.v1.placeholder instead.

2025-09-07 22:38:07,796 - WARNING - From /home/osos/Mohamed_Masters_Thesis/DHP_drone_updated/msc-thesis/agents/dhp.py:119: The name tf.placeholder_with_default is deprecated. Please use tf.compat.v1.placeholder_with_default instead.

2025-09-07 22:38:07,798 - WARNING - From /home/osos/Mohamed_Masters_Thesis/DHP_drone_updated/msc-thesis/agents/dhp.py:141: The name tf.variable_scope is deprecated. Please use tf.compat.v1.variable_scope instead.

2025-09-07 22:38:07,798 - WARNING - From /home/osos/Mohamed_Masters_Thesis/DHP_drone_updated/msc-thesis/agents/dhp.py:145: dense (from tensorflow.python.layers.core) is deprecated and will be removed in a future version.
Instructions for updating:
Use keras.layers.Dense instead.
2025-09-07 22:38:07,799 - WARNING - From /home/osos/anaconda3/envs/DHP/lib/python3.7/site-packages/tensorflow_core/python/layers/core.py:187: Layer.apply (from tensorflow.python.keras.engine.base_layer) is deprecated and will be removed in a future version.
Instructions for updating:
Please use `layer.__call__` method instead.
2025-09-07 22:38:07,827 - WARNING - From /home/osos/Mohamed_Masters_Thesis/DHP_drone_updated/msc-thesis/agents/dhp.py:150: The name tf.trainable_variables is deprecated. Please use tf.compat.v1.trainable_variables instead.

2025-09-07 22:38:07,836 - WARNING - From /home/osos/Mohamed_Masters_Thesis/DHP_drone_updated/msc-thesis/agents/dhp.py:156: The name tf.train.GradientDescentOptimizer is deprecated. Please use tf.compat.v1.train.GradientDescentOptimizer instead.

2025-09-07 22:38:07,865 - WARNING - From /home/osos/Mohamed_Masters_Thesis/DHP_drone_updated/msc-thesis/agents/dhp.py:173: The name tf.assign is deprecated. Please use tf.compat.v1.assign instead.

2025-09-07 22:38:07,982 - WARNING - From /home/osos/Mohamed_Masters_Thesis/DHP_drone_updated/msc-thesis/agents/dhp.py:97: The name tf.summary.merge_all is deprecated. Please use tf.compat.v1.summary.merge_all instead.

2025-09-07 22:38:07,982 - WARNING - From /home/osos/Mohamed_Masters_Thesis/DHP_drone_updated/msc-thesis/agents/dhp.py:98: The name tf.train.Saver is deprecated. Please use tf.compat.v1.train.Saver instead.

2025-09-07 22:38:07,994 - WARNING - From /home/osos/Mohamed_Masters_Thesis/DHP_drone_updated/msc-thesis/agents/dhp.py:99: The name tf.global_variables_initializer is deprecated. Please use tf.compat.v1.global_variables_initializer instead.

2025-09-07 22:38:08,048 - INFO - 
Training for 200 episodes...
2025-09-07 22:38:08,048 - INFO - Episode | Reward  | Avg Cost | Pos Error | Duration (Completion) | Time
2025-09-07 22:38:08,048 - INFO - -------------------------------------------------------------------------------------
2025-09-07 22:38:09,177 - INFO - 🏆 NEW BEST EPISODE (SMART CRITERIA)! Episode 0
2025-09-07 22:38:09,177 - INFO -    Position Error: 4.7972m
2025-09-07 22:38:09,177 - INFO -    Completion: 18.4% (138/750 steps)
2025-09-07 22:38:09,177 - INFO -    Duration: 4.6s / 25.0s
2025-09-07 22:38:09,177 - INFO -    Composite Score: -29.57
2025-09-07 22:38:09,178 - INFO -       0 |   53.34 |   44.170 |    4.7972 |   4.6s (18.4%) |    1.1s
2025-09-07 22:38:09,831 - INFO - NEW BEST PERFORMANCE! Episode 1: 4.7927m
2025-09-07 22:38:09,868 - INFO - BEST MODEL SAVED! Episode 1, Error: 4.7927m
2025-09-07 22:38:09,868 - INFO - Best model path: /home/osos/Mohamed_Masters_Thesis/DHP_drone_updated/DHP/trained_models/dhp_cf2x_best
2025-09-07 22:38:09,868 - INFO - All model files saved successfully!
2025-09-07 22:38:13,554 - INFO - 🏆 NEW BEST EPISODE (SMART CRITERIA)! Episode 5
2025-09-07 22:38:13,554 - INFO -    Position Error: 5.9713m
2025-09-07 22:38:13,554 - INFO -    Completion: 31.2% (234/750 steps)
2025-09-07 22:38:13,554 - INFO -    Duration: 7.8s / 25.0s
2025-09-07 22:38:13,554 - INFO -    Composite Score: -28.51
2025-09-07 22:38:14,279 - INFO - NEW BEST PERFORMANCE! Episode 6: 5.0949m
2025-09-07 22:38:14,302 - INFO - BEST MODEL SAVED! Episode 6, Error: 5.0949m
2025-09-07 22:38:14,302 - INFO - Best model path: /home/osos/Mohamed_Masters_Thesis/DHP_drone_updated/DHP/trained_models/dhp_cf2x_best
2025-09-07 22:38:14,302 - INFO - All model files saved successfully!
2025-09-07 22:38:15,033 - INFO - NEW BEST PERFORMANCE! Episode 7: 4.8441m
2025-09-07 22:38:15,060 - INFO - BEST MODEL SAVED! Episode 7, Error: 4.8441m
2025-09-07 22:38:15,060 - INFO - Best model path: /home/osos/Mohamed_Masters_Thesis/DHP_drone_updated/DHP/trained_models/dhp_cf2x_best
2025-09-07 22:38:15,060 - INFO - All model files saved successfully!
2025-09-07 22:38:16,407 - INFO - NEW BEST PERFORMANCE! Episode 9: 4.8421m
2025-09-07 22:38:16,427 - INFO - BEST MODEL SAVED! Episode 9, Error: 4.8421m
2025-09-07 22:38:16,427 - INFO - Best model path: /home/osos/Mohamed_Masters_Thesis/DHP_drone_updated/DHP/trained_models/dhp_cf2x_best
2025-09-07 22:38:16,428 - INFO - All model files saved successfully!
2025-09-07 22:38:17,186 - INFO -      10 |   57.02 |   41.817 |    4.9670 |   3.7s (14.7%) |    9.1s
2025-09-07 22:38:18,061 - INFO - NEW BEST PERFORMANCE! Episode 11: 4.7755m
2025-09-07 22:38:18,087 - INFO - BEST MODEL SAVED! Episode 11, Error: 4.7755m
2025-09-07 22:38:18,087 - INFO - Best model path: /home/osos/Mohamed_Masters_Thesis/DHP_drone_updated/DHP/trained_models/dhp_cf2x_best
2025-09-07 22:38:18,088 - INFO - All model files saved successfully!
2025-09-07 22:38:24,626 - INFO -      20 |   55.77 |   38.378 |    5.2875 |   3.8s (15.3%) |   16.6s
2025-09-07 22:38:30,245 - INFO - 🏆 NEW BEST EPISODE (SMART CRITERIA)! Episode 27
2025-09-07 22:38:30,245 - INFO -    Position Error: 4.1334m
2025-09-07 22:38:30,245 - INFO -    Completion: 31.7% (238/750 steps)
2025-09-07 22:38:30,245 - INFO -    Duration: 7.9s / 25.0s
2025-09-07 22:38:30,245 - INFO -    Composite Score: -9.60
2025-09-07 22:38:33,385 - INFO - 🏆 NEW BEST EPISODE (SMART CRITERIA)! Episode 29
2025-09-07 22:38:33,385 - INFO -    Position Error: 4.4242m
2025-09-07 22:38:33,385 - INFO -    Completion: 48.1% (361/750 steps)
2025-09-07 22:38:33,385 - INFO -    Duration: 12.0s / 25.0s
2025-09-07 22:38:33,385 - INFO -    Composite Score: 3.89
2025-09-07 22:38:34,151 - INFO -      30 |   36.85 |   47.343 |    4.8603 |   4.1s (16.3%) |   26.1s
2025-09-07 22:38:36,686 - INFO - NEW BEST PERFORMANCE! Episode 32: 0.7545m
2025-09-07 22:38:36,705 - INFO - BEST MODEL SAVED! Episode 32, Error: 0.7545m
2025-09-07 22:38:36,706 - INFO - Best model path: /home/osos/Mohamed_Masters_Thesis/DHP_drone_updated/DHP/trained_models/dhp_cf2x_best
2025-09-07 22:38:36,706 - INFO - All model files saved successfully!
2025-09-07 22:38:36,706 - INFO - CONVERGENCE EPISODE 32: 0.7545m
2025-09-07 22:38:38,623 - INFO - NEW BEST PERFORMANCE! Episode 34: 0.1607m
2025-09-07 22:38:38,646 - INFO - BEST MODEL SAVED! Episode 34, Error: 0.1607m
2025-09-07 22:38:38,646 - INFO - Best model path: /home/osos/Mohamed_Masters_Thesis/DHP_drone_updated/DHP/trained_models/dhp_cf2x_best
2025-09-07 22:38:38,646 - INFO - All model files saved successfully!
2025-09-07 22:38:38,646 - INFO - CONVERGENCE EPISODE 34: 0.1607m
2025-09-07 22:38:38,778 - INFO - CONVERGENCE EPISODE 35: 0.2761m
2025-09-07 22:38:40,685 - INFO - 🏆 NEW BEST EPISODE (SMART CRITERIA)! Episode 36
2025-09-07 22:38:40,685 - INFO -    Position Error: 1.7687m
2025-09-07 22:38:40,685 - INFO -    Completion: 40.8% (306/750 steps)
2025-09-07 22:38:40,685 - INFO -    Duration: 10.2s / 25.0s
2025-09-07 22:38:40,685 - INFO -    Composite Score: 23.11
2025-09-07 22:38:41,000 - INFO - NEW BEST PERFORMANCE! Episode 37: 1.3851m
2025-09-07 22:38:41,023 - INFO - BEST MODEL SAVED! Episode 37, Error: 1.3851m
2025-09-07 22:38:41,023 - INFO - Best model path: /home/osos/Mohamed_Masters_Thesis/DHP_drone_updated/DHP/trained_models/dhp_cf2x_best
2025-09-07 22:38:41,023 - INFO - All model files saved successfully!
2025-09-07 22:38:41,132 - INFO - NEW BEST PERFORMANCE! Episode 38: 0.2083m
2025-09-07 22:38:41,154 - INFO - BEST MODEL SAVED! Episode 38, Error: 0.2083m
2025-09-07 22:38:41,154 - INFO - Best model path: /home/osos/Mohamed_Masters_Thesis/DHP_drone_updated/DHP/trained_models/dhp_cf2x_best
2025-09-07 22:38:41,154 - INFO - All model files saved successfully!
2025-09-07 22:38:41,154 - INFO - CONVERGENCE EPISODE 38: 0.2083m
2025-09-07 22:38:42,885 - INFO - NEW BEST PERFORMANCE! Episode 40: 0.1051m
2025-09-07 22:38:42,904 - INFO - BEST MODEL SAVED! Episode 40, Error: 0.1051m
2025-09-07 22:38:42,904 - INFO - Best model path: /home/osos/Mohamed_Masters_Thesis/DHP_drone_updated/DHP/trained_models/dhp_cf2x_best
2025-09-07 22:38:42,904 - INFO - All model files saved successfully!
2025-09-07 22:38:42,904 - INFO - CONVERGENCE EPISODE 40: 0.1051m
2025-09-07 22:38:42,904 - INFO -      40 |   11.10 |  136.883 |    0.1051 |   0.3s ( 1.1%) |   34.9s
2025-09-07 22:38:43,057 - INFO - CONVERGENCE EPISODE 41: 0.7214m
2025-09-07 22:38:45,663 - INFO - CONVERGENCE EPISODE 46: 0.6982m
2025-09-07 22:38:47,567 - INFO -      50 |  124.25 |   42.605 |    2.1699 |   3.0s (11.9%) |   39.5s
2025-09-07 22:38:49,894 - INFO - 🏆 NEW BEST EPISODE (SMART CRITERIA)! Episode 52
2025-09-07 22:38:49,894 - INFO -    Position Error: 1.3064m
2025-09-07 22:38:49,895 - INFO -    Completion: 38.8% (291/750 steps)
2025-09-07 22:38:49,895 - INFO -    Duration: 9.7s / 25.0s
2025-09-07 22:38:49,895 - INFO -    Composite Score: 25.74
2025-09-07 22:38:53,138 - INFO - NEW BEST PERFORMANCE! Episode 57: 0.3125m
2025-09-07 22:38:53,159 - INFO - BEST MODEL SAVED! Episode 57, Error: 0.3125m
2025-09-07 22:38:53,159 - INFO - Best model path: /home/osos/Mohamed_Masters_Thesis/DHP_drone_updated/DHP/trained_models/dhp_cf2x_best
2025-09-07 22:38:53,159 - INFO - All model files saved successfully!
2025-09-07 22:38:53,159 - INFO - CONVERGENCE EPISODE 57: 0.3125m
2025-09-07 22:38:55,691 - INFO -      60 |  234.97 |   35.428 |    1.1674 |   5.7s (22.8%) |   47.6s
2025-09-07 22:38:56,929 - INFO - CONVERGENCE EPISODE 62: 0.7479m
2025-09-07 22:38:59,108 - INFO - CONVERGENCE EPISODE 65: 0.7127m
2025-09-07 22:39:03,018 - INFO -      70 |  105.24 |   74.547 |    4.8985 |   2.8s (11.1%) |   55.0s
2025-09-07 22:39:05,305 - INFO - CONVERGENCE EPISODE 73: 0.5198m
2025-09-07 22:39:08,849 - INFO - CONVERGENCE EPISODE 78: 0.4973m
2025-09-07 22:39:11,105 - INFO -      80 |  110.73 |   81.718 |    2.9175 |   3.5s (13.9%) |   63.1s
2025-09-07 22:39:15,174 - INFO - CONVERGENCE EPISODE 86: 0.4747m
2025-09-07 22:39:18,834 - INFO -      90 |  133.44 |   57.189 |    1.2318 |   4.7s (18.7%) |   70.8s
2025-09-07 22:39:21,893 - INFO - CONVERGENCE EPISODE 95: 0.5084m
2025-09-07 22:39:26,200 - INFO - 
2025-09-07 22:39:26,200 - INFO - MILESTONE 100 ANALYSIS:
2025-09-07 22:39:26,200 - INFO -   Recent 50 episodes avg position error: 2.6324 ± 1.5187m
2025-09-07 22:39:26,200 - INFO -   Recent 50 episodes avg cost: 72.553
2025-09-07 22:39:26,200 - INFO -   Convergent episodes ratio (< 1.0m): 14.00%
2025-09-07 22:39:26,200 - INFO -   Total convergent episodes so far: 14
2025-09-07 22:39:26,200 - INFO -   Best performance: 0.3125m at episode 57
2025-09-07 22:39:26,200 - INFO -   Stable performance not yet achieved
2025-09-07 22:39:26,200 - INFO - 
2025-09-07 22:39:26,200 - INFO -     100 |  125.46 |   83.612 |    2.0667 |   3.6s (14.4%) |   78.2s
2025-09-07 22:39:32,779 - INFO -     110 |   77.87 |   90.842 |    2.4875 |   3.5s (14.1%) |   84.7s
2025-09-07 22:39:38,151 - INFO -     120 |   74.10 |   67.223 |    4.6069 |   2.3s ( 9.1%) |   90.1s
2025-09-07 22:39:48,835 - INFO - 🏆 NEW BEST EPISODE (SMART CRITERIA)! Episode 128
2025-09-07 22:39:48,835 - INFO -    Position Error: 0.7909m
2025-09-07 22:39:48,835 - INFO -    Completion: 100.0% (750/750 steps)
2025-09-07 22:39:48,835 - INFO -    Duration: 25.0s / 25.0s
2025-09-07 22:39:48,835 - INFO -    Composite Score: 142.09
2025-09-07 22:39:48,835 - INFO - 🎯 NEW BEST COMPLETED EPISODE! Episode 128
2025-09-07 22:39:48,835 - INFO -    Position Error: 0.7909m (among completed episodes)
2025-09-07 22:39:48,835 - INFO -    Completion: 100.0% (750/750 steps)
2025-09-07 22:39:48,835 - INFO -    Duration: 25.0s
2025-09-07 22:39:48,841 - INFO - CONVERGENCE EPISODE 128: 0.7909m
2025-09-07 22:39:53,999 - INFO - 🏆 NEW BEST EPISODE (SMART CRITERIA)! Episode 129
2025-09-07 22:39:54,000 - INFO -    Position Error: 0.6550m
2025-09-07 22:39:54,000 - INFO -    Completion: 100.0% (750/750 steps)
2025-09-07 22:39:54,000 - INFO -    Duration: 25.0s / 25.0s
2025-09-07 22:39:54,000 - INFO -    Composite Score: 143.45
2025-09-07 22:39:54,000 - INFO - 🎯 NEW BEST COMPLETED EPISODE! Episode 129
2025-09-07 22:39:54,000 - INFO -    Position Error: 0.6550m (among completed episodes)
2025-09-07 22:39:54,000 - INFO -    Completion: 100.0% (750/750 steps)
2025-09-07 22:39:54,000 - INFO -    Duration: 25.0s
2025-09-07 22:39:54,005 - INFO - CONVERGENCE EPISODE 129: 0.6550m
2025-09-07 22:39:59,070 - INFO - 🏆 NEW BEST EPISODE (SMART CRITERIA)! Episode 130
2025-09-07 22:39:59,070 - INFO -    Position Error: 0.6548m
2025-09-07 22:39:59,070 - INFO -    Completion: 100.0% (750/750 steps)
2025-09-07 22:39:59,070 - INFO -    Duration: 25.0s / 25.0s
2025-09-07 22:39:59,070 - INFO -    Composite Score: 143.45
2025-09-07 22:39:59,070 - INFO - 🎯 NEW BEST COMPLETED EPISODE! Episode 130
2025-09-07 22:39:59,070 - INFO -    Position Error: 0.6548m (among completed episodes)
2025-09-07 22:39:59,070 - INFO -    Completion: 100.0% (750/750 steps)
2025-09-07 22:39:59,070 - INFO -    Duration: 25.0s
2025-09-07 22:39:59,076 - INFO - CONVERGENCE EPISODE 130: 0.6548m
2025-09-07 22:39:59,076 - INFO -     130 |  538.94 |    0.229 |    0.6548 |  25.0s (100.0%) |  111.0s
2025-09-07 22:40:03,744 - INFO - 🏆 NEW BEST EPISODE (SMART CRITERIA)! Episode 131
2025-09-07 22:40:03,744 - INFO -    Position Error: 0.6545m
2025-09-07 22:40:03,744 - INFO -    Completion: 100.0% (750/750 steps)
2025-09-07 22:40:03,744 - INFO -    Duration: 25.0s / 25.0s
2025-09-07 22:40:03,744 - INFO -    Composite Score: 143.45
2025-09-07 22:40:03,744 - INFO - 🎯 NEW BEST COMPLETED EPISODE! Episode 131
2025-09-07 22:40:03,744 - INFO -    Position Error: 0.6545m (among completed episodes)
2025-09-07 22:40:03,744 - INFO -    Completion: 100.0% (750/750 steps)
2025-09-07 22:40:03,744 - INFO -    Duration: 25.0s
2025-09-07 22:40:03,751 - INFO - CONVERGENCE EPISODE 131: 0.6545m
2025-09-07 22:40:08,477 - INFO - 🏆 NEW BEST EPISODE (SMART CRITERIA)! Episode 132
2025-09-07 22:40:08,477 - INFO -    Position Error: 0.6544m
2025-09-07 22:40:08,477 - INFO -    Completion: 100.0% (750/750 steps)
2025-09-07 22:40:08,477 - INFO -    Duration: 25.0s / 25.0s
2025-09-07 22:40:08,477 - INFO -    Composite Score: 143.46
2025-09-07 22:40:08,478 - INFO - 🎯 NEW BEST COMPLETED EPISODE! Episode 132
2025-09-07 22:40:08,478 - INFO -    Position Error: 0.6544m (among completed episodes)
2025-09-07 22:40:08,478 - INFO -    Completion: 100.0% (750/750 steps)
2025-09-07 22:40:08,478 - INFO -    Duration: 25.0s
2025-09-07 22:40:08,484 - INFO - CONVERGENCE EPISODE 132: 0.6544m
2025-09-07 22:40:13,244 - INFO - 🏆 NEW BEST EPISODE (SMART CRITERIA)! Episode 133
2025-09-07 22:40:13,244 - INFO -    Position Error: 0.6544m
2025-09-07 22:40:13,244 - INFO -    Completion: 100.0% (750/750 steps)
2025-09-07 22:40:13,244 - INFO -    Duration: 25.0s / 25.0s
2025-09-07 22:40:13,244 - INFO -    Composite Score: 143.46
2025-09-07 22:40:13,245 - INFO - 🎯 NEW BEST COMPLETED EPISODE! Episode 133
2025-09-07 22:40:13,245 - INFO -    Position Error: 0.6544m (among completed episodes)
2025-09-07 22:40:13,245 - INFO -    Completion: 100.0% (750/750 steps)
2025-09-07 22:40:13,245 - INFO -    Duration: 25.0s
2025-09-07 22:40:13,251 - INFO - CONVERGENCE EPISODE 133: 0.6544m
2025-09-07 22:40:18,553 - INFO - 🏆 NEW BEST EPISODE (SMART CRITERIA)! Episode 134
2025-09-07 22:40:18,553 - INFO -    Position Error: 0.6543m
2025-09-07 22:40:18,553 - INFO -    Completion: 100.0% (750/750 steps)
2025-09-07 22:40:18,553 - INFO -    Duration: 25.0s / 25.0s
2025-09-07 22:40:18,553 - INFO -    Composite Score: 143.46
2025-09-07 22:40:18,553 - INFO - 🎯 NEW BEST COMPLETED EPISODE! Episode 134
2025-09-07 22:40:18,553 - INFO -    Position Error: 0.6543m (among completed episodes)
2025-09-07 22:40:18,553 - INFO -    Completion: 100.0% (750/750 steps)
2025-09-07 22:40:18,553 - INFO -    Duration: 25.0s
2025-09-07 22:40:18,560 - INFO - CONVERGENCE EPISODE 134: 0.6543m
2025-09-07 22:40:23,768 - INFO - 🏆 NEW BEST EPISODE (SMART CRITERIA)! Episode 135
2025-09-07 22:40:23,768 - INFO -    Position Error: 0.6542m
2025-09-07 22:40:23,768 - INFO -    Completion: 100.0% (750/750 steps)
2025-09-07 22:40:23,768 - INFO -    Duration: 25.0s / 25.0s
2025-09-07 22:40:23,768 - INFO -    Composite Score: 143.46
2025-09-07 22:40:23,768 - INFO - 🎯 NEW BEST COMPLETED EPISODE! Episode 135
2025-09-07 22:40:23,768 - INFO -    Position Error: 0.6542m (among completed episodes)
2025-09-07 22:40:23,768 - INFO -    Completion: 100.0% (750/750 steps)
2025-09-07 22:40:23,768 - INFO -    Duration: 25.0s
2025-09-07 22:40:23,776 - INFO - CONVERGENCE EPISODE 135: 0.6542m
2025-09-07 22:40:28,799 - INFO - 🏆 NEW BEST EPISODE (SMART CRITERIA)! Episode 136
2025-09-07 22:40:28,799 - INFO -    Position Error: 0.6541m
2025-09-07 22:40:28,799 - INFO -    Completion: 100.0% (750/750 steps)
2025-09-07 22:40:28,799 - INFO -    Duration: 25.0s / 25.0s
2025-09-07 22:40:28,799 - INFO -    Composite Score: 143.46
2025-09-07 22:40:28,799 - INFO - 🎯 NEW BEST COMPLETED EPISODE! Episode 136
2025-09-07 22:40:28,799 - INFO -    Position Error: 0.6541m (among completed episodes)
2025-09-07 22:40:28,799 - INFO -    Completion: 100.0% (750/750 steps)
2025-09-07 22:40:28,799 - INFO -    Duration: 25.0s
2025-09-07 22:40:28,806 - INFO - CONVERGENCE EPISODE 136: 0.6541m
2025-09-07 22:40:35,055 - INFO - 🏆 NEW BEST EPISODE (SMART CRITERIA)! Episode 137
2025-09-07 22:40:35,055 - INFO -    Position Error: 0.6540m
2025-09-07 22:40:35,055 - INFO -    Completion: 100.0% (750/750 steps)
2025-09-07 22:40:35,055 - INFO -    Duration: 25.0s / 25.0s
2025-09-07 22:40:35,056 - INFO -    Composite Score: 143.46
2025-09-07 22:40:35,056 - INFO - 🎯 NEW BEST COMPLETED EPISODE! Episode 137
2025-09-07 22:40:35,056 - INFO -    Position Error: 0.6540m (among completed episodes)
2025-09-07 22:40:35,056 - INFO -    Completion: 100.0% (750/750 steps)
2025-09-07 22:40:35,056 - INFO -    Duration: 25.0s
2025-09-07 22:40:35,064 - INFO - CONVERGENCE EPISODE 137: 0.6540m
2025-09-07 22:40:35,065 - INFO - STABLE PERFORMANCE ACHIEVED starting at episode 128
2025-09-07 22:40:40,880 - INFO - 🏆 NEW BEST EPISODE (SMART CRITERIA)! Episode 138
2025-09-07 22:40:40,880 - INFO -    Position Error: 0.6537m
2025-09-07 22:40:40,880 - INFO -    Completion: 100.0% (750/750 steps)
2025-09-07 22:40:40,880 - INFO -    Duration: 25.0s / 25.0s
2025-09-07 22:40:40,880 - INFO -    Composite Score: 143.46
2025-09-07 22:40:40,880 - INFO - 🎯 NEW BEST COMPLETED EPISODE! Episode 138
2025-09-07 22:40:40,880 - INFO -    Position Error: 0.6537m (among completed episodes)
2025-09-07 22:40:40,880 - INFO -    Completion: 100.0% (750/750 steps)
2025-09-07 22:40:40,880 - INFO -    Duration: 25.0s
2025-09-07 22:40:40,887 - INFO - CONVERGENCE EPISODE 138: 0.6537m
2025-09-07 22:40:46,856 - INFO - 🏆 NEW BEST EPISODE (SMART CRITERIA)! Episode 139
2025-09-07 22:40:46,856 - INFO -    Position Error: 0.6537m
2025-09-07 22:40:46,856 - INFO -    Completion: 100.0% (750/750 steps)
2025-09-07 22:40:46,856 - INFO -    Duration: 25.0s / 25.0s
2025-09-07 22:40:46,856 - INFO -    Composite Score: 143.46
2025-09-07 22:40:46,856 - INFO - 🎯 NEW BEST COMPLETED EPISODE! Episode 139
2025-09-07 22:40:46,856 - INFO -    Position Error: 0.6537m (among completed episodes)
2025-09-07 22:40:46,856 - INFO -    Completion: 100.0% (750/750 steps)
2025-09-07 22:40:46,856 - INFO -    Duration: 25.0s
2025-09-07 22:40:46,865 - INFO - CONVERGENCE EPISODE 139: 0.6537m
2025-09-07 22:40:52,308 - INFO - 🏆 NEW BEST EPISODE (SMART CRITERIA)! Episode 140
2025-09-07 22:40:52,308 - INFO -    Position Error: 0.6537m
2025-09-07 22:40:52,308 - INFO -    Completion: 100.0% (750/750 steps)
2025-09-07 22:40:52,308 - INFO -    Duration: 25.0s / 25.0s
2025-09-07 22:40:52,308 - INFO -    Composite Score: 143.46
2025-09-07 22:40:52,308 - INFO - 🎯 NEW BEST COMPLETED EPISODE! Episode 140
2025-09-07 22:40:52,308 - INFO -    Position Error: 0.6537m (among completed episodes)
2025-09-07 22:40:52,308 - INFO -    Completion: 100.0% (750/750 steps)
2025-09-07 22:40:52,308 - INFO -    Duration: 25.0s
2025-09-07 22:40:52,315 - INFO - CONVERGENCE EPISODE 140: 0.6537m
2025-09-07 22:40:52,316 - INFO -     140 |  543.15 |    0.150 |    0.6537 |  25.0s (100.0%) |  164.3s
2025-09-07 22:40:57,365 - INFO - 🏆 NEW BEST EPISODE (SMART CRITERIA)! Episode 141
2025-09-07 22:40:57,365 - INFO -    Position Error: 0.6537m
2025-09-07 22:40:57,365 - INFO -    Completion: 100.0% (750/750 steps)
2025-09-07 22:40:57,365 - INFO -    Duration: 25.0s / 25.0s
2025-09-07 22:40:57,365 - INFO -    Composite Score: 143.46
2025-09-07 22:40:57,365 - INFO - 🎯 NEW BEST COMPLETED EPISODE! Episode 141
2025-09-07 22:40:57,365 - INFO -    Position Error: 0.6537m (among completed episodes)
2025-09-07 22:40:57,366 - INFO -    Completion: 100.0% (750/750 steps)
2025-09-07 22:40:57,366 - INFO -    Duration: 25.0s
2025-09-07 22:40:57,375 - INFO - CONVERGENCE EPISODE 141: 0.6537m
2025-09-07 22:41:02,265 - INFO - 🏆 NEW BEST EPISODE (SMART CRITERIA)! Episode 142
2025-09-07 22:41:02,265 - INFO -    Position Error: 0.6537m
2025-09-07 22:41:02,265 - INFO -    Completion: 100.0% (750/750 steps)
2025-09-07 22:41:02,265 - INFO -    Duration: 25.0s / 25.0s
2025-09-07 22:41:02,265 - INFO -    Composite Score: 143.46
2025-09-07 22:41:02,265 - INFO - 🎯 NEW BEST COMPLETED EPISODE! Episode 142
2025-09-07 22:41:02,265 - INFO -    Position Error: 0.6537m (among completed episodes)
2025-09-07 22:41:02,265 - INFO -    Completion: 100.0% (750/750 steps)
2025-09-07 22:41:02,265 - INFO -    Duration: 25.0s
2025-09-07 22:41:02,273 - INFO - CONVERGENCE EPISODE 142: 0.6537m
2025-09-07 22:41:07,437 - INFO - 🏆 NEW BEST EPISODE (SMART CRITERIA)! Episode 143
2025-09-07 22:41:07,438 - INFO -    Position Error: 0.6537m
2025-09-07 22:41:07,438 - INFO -    Completion: 100.0% (750/750 steps)
2025-09-07 22:41:07,438 - INFO -    Duration: 25.0s / 25.0s
2025-09-07 22:41:07,438 - INFO -    Composite Score: 143.46
2025-09-07 22:41:07,438 - INFO - 🎯 NEW BEST COMPLETED EPISODE! Episode 143
2025-09-07 22:41:07,438 - INFO -    Position Error: 0.6537m (among completed episodes)
2025-09-07 22:41:07,438 - INFO -    Completion: 100.0% (750/750 steps)
2025-09-07 22:41:07,438 - INFO -    Duration: 25.0s
2025-09-07 22:41:07,446 - INFO - CONVERGENCE EPISODE 143: 0.6537m
2025-09-07 22:41:12,570 - INFO - CONVERGENCE EPISODE 144: 0.6537m
2025-09-07 22:41:17,583 - INFO - CONVERGENCE EPISODE 145: 0.6537m
2025-09-07 22:41:22,337 - INFO - CONVERGENCE EPISODE 146: 0.6537m
2025-09-07 22:41:27,445 - INFO - CONVERGENCE EPISODE 147: 0.6537m
2025-09-07 22:41:32,448 - INFO - CONVERGENCE EPISODE 148: 0.6538m
2025-09-07 22:41:38,248 - INFO - CONVERGENCE EPISODE 149: 0.6538m
2025-09-07 22:41:47,615 - INFO - CONVERGENCE EPISODE 150: 0.6538m
2025-09-07 22:41:47,616 - INFO -     150 |  543.51 |    0.126 |    0.6538 |  25.0s (100.0%) |  219.6s
2025-09-07 22:41:52,316 - INFO - CONVERGENCE EPISODE 151: 0.6538m
2025-09-07 22:41:57,016 - INFO - CONVERGENCE EPISODE 152: 0.6539m
2025-09-07 22:42:02,375 - INFO - CONVERGENCE EPISODE 153: 0.6539m
2025-09-07 22:42:07,379 - INFO - CONVERGENCE EPISODE 154: 0.6539m
2025-09-07 22:42:12,131 - INFO - CONVERGENCE EPISODE 155: 0.6539m
2025-09-07 22:42:16,889 - INFO - CONVERGENCE EPISODE 156: 0.6540m
2025-09-07 22:42:21,765 - INFO - CONVERGENCE EPISODE 157: 0.6540m
2025-09-07 22:42:26,534 - INFO - CONVERGENCE EPISODE 158: 0.6540m
2025-09-07 22:42:31,545 - INFO - CONVERGENCE EPISODE 159: 0.6540m
2025-09-07 22:42:36,820 - INFO - CONVERGENCE EPISODE 160: 0.6540m
2025-09-07 22:42:36,821 - INFO -     160 |  543.86 |    0.126 |    0.6540 |  25.0s (100.0%) |  268.8s
2025-09-07 22:42:41,774 - INFO - CONVERGENCE EPISODE 161: 0.6540m
2025-09-07 22:42:46,681 - INFO - CONVERGENCE EPISODE 162: 0.6540m
2025-09-07 22:42:51,380 - INFO - CONVERGENCE EPISODE 163: 0.6540m
2025-09-07 22:42:55,905 - INFO - CONVERGENCE EPISODE 164: 0.6541m
2025-09-07 22:43:00,706 - INFO - CONVERGENCE EPISODE 165: 0.6541m
2025-09-07 22:43:05,449 - INFO - CONVERGENCE EPISODE 166: 0.6541m
2025-09-07 22:43:10,615 - INFO - CONVERGENCE EPISODE 167: 0.6541m
2025-09-07 22:43:15,165 - INFO - CONVERGENCE EPISODE 168: 0.6541m
2025-09-07 22:43:19,888 - INFO - CONVERGENCE EPISODE 169: 0.6541m
2025-09-07 22:43:25,166 - INFO - CONVERGENCE EPISODE 170: 0.6541m
2025-09-07 22:43:25,167 - INFO -     170 |  543.91 |    0.116 |    0.6541 |  25.0s (100.0%) |  317.1s
2025-09-07 22:43:29,933 - INFO - CONVERGENCE EPISODE 171: 0.6541m
2025-09-07 22:43:34,979 - INFO - CONVERGENCE EPISODE 172: 0.6541m
2025-09-07 22:43:40,023 - INFO - CONVERGENCE EPISODE 173: 0.6541m
2025-09-07 22:43:45,317 - INFO - CONVERGENCE EPISODE 174: 0.6541m
2025-09-07 22:43:50,388 - INFO - CONVERGENCE EPISODE 175: 0.6541m
2025-09-07 22:43:55,040 - INFO - CONVERGENCE EPISODE 176: 0.6541m
2025-09-07 22:43:59,620 - INFO - CONVERGENCE EPISODE 177: 0.6541m
2025-09-07 22:44:04,311 - INFO - CONVERGENCE EPISODE 178: 0.6541m
2025-09-07 22:44:09,027 - INFO - CONVERGENCE EPISODE 179: 0.6541m
2025-09-07 22:44:13,925 - INFO - CONVERGENCE EPISODE 180: 0.6541m
2025-09-07 22:44:13,926 - INFO -     180 |  543.84 |    0.106 |    0.6541 |  25.0s (100.0%) |  365.9s
2025-09-07 22:44:18,841 - INFO - CONVERGENCE EPISODE 181: 0.6541m
2025-09-07 22:44:23,552 - INFO - CONVERGENCE EPISODE 182: 0.6541m
2025-09-07 22:44:29,135 - INFO - CONVERGENCE EPISODE 183: 0.6541m
2025-09-07 22:44:34,086 - INFO - CONVERGENCE EPISODE 184: 0.6540m
2025-09-07 22:44:40,255 - INFO - CONVERGENCE EPISODE 185: 0.6540m
2025-09-07 22:44:46,607 - INFO - CONVERGENCE EPISODE 186: 0.6540m
2025-09-07 22:44:52,627 - INFO - CONVERGENCE EPISODE 187: 0.6540m
2025-09-07 22:44:59,912 - INFO - CONVERGENCE EPISODE 188: 0.6540m
2025-09-07 22:45:05,987 - INFO - CONVERGENCE EPISODE 189: 0.6540m
2025-09-07 22:45:10,942 - INFO - CONVERGENCE EPISODE 190: 0.6540m
2025-09-07 22:45:10,943 - INFO -     190 |  543.66 |    0.089 |    0.6540 |  25.0s (100.0%) |  422.9s
2025-09-07 22:45:16,774 - INFO - CONVERGENCE EPISODE 191: 0.6540m
2025-09-07 23:58:12,460 - INFO - CONVERGENCE EPISODE 192: 0.6540m
2025-09-07 23:58:17,133 - INFO - CONVERGENCE EPISODE 193: 0.6540m
2025-09-07 23:58:23,125 - INFO - CONVERGENCE EPISODE 194: 0.6540m
2025-09-07 23:58:28,110 - INFO - CONVERGENCE EPISODE 195: 0.6540m
2025-09-07 23:58:32,823 - INFO - CONVERGENCE EPISODE 196: 0.6540m
2025-09-07 23:58:37,399 - INFO - CONVERGENCE EPISODE 197: 0.6539m
2025-09-07 23:58:42,014 - INFO - CONVERGENCE EPISODE 198: 0.6539m
2025-09-07 23:58:46,581 - INFO - CONVERGENCE EPISODE 199: 0.6539m
2025-09-07 23:58:46,583 - INFO - 
================================================================================
2025-09-07 23:58:46,583 - INFO - TRAINING COMPLETED - FINAL ANALYSIS
2025-09-07 23:58:46,583 - INFO - ================================================================================
2025-09-07 23:58:46,583 - INFO - Total training time: 4838.5 seconds (80.6 minutes)
2025-09-07 23:58:46,583 - INFO - Final episode reward: 543.57
2025-09-07 23:58:46,583 - INFO - Final position error: 0.6539m
2025-09-07 23:58:46,584 - INFO - 
EPISODE COMPLETION STATISTICS:
2025-09-07 23:58:46,584 - INFO - Average completion rate: 45.6%
2025-09-07 23:58:46,584 - INFO - Episodes completed (≥90%): 72/200 (36.0%)
2025-09-07 23:58:46,584 - INFO - Best completed episode: #143 with error 0.6537m
2025-09-07 23:58:46,584 - INFO - 
BEST EPISODE ANALYSIS:
2025-09-07 23:58:46,584 - INFO - Best overall episode (smart criteria): #143
2025-09-07 23:58:46,584 - INFO -   Position error: 0.6537m
2025-09-07 23:58:46,584 - INFO -   Composite score: 143.46
2025-09-07 23:58:46,584 - INFO - Total convergent episodes (< 1.0m): 86/200 (43.00%)
2025-09-07 23:58:46,584 - INFO - Stable performance achieved: Yes (from episode 128, duration: 72 episodes)
2025-09-07 23:58:46,584 - INFO - Position error statistics:
2025-09-07 23:58:46,585 - INFO -   Mean: 2.3327m
2025-09-07 23:58:46,585 - INFO -   Std:  1.8170m
2025-09-07 23:58:46,585 - INFO -   Min:  0.1051m
2025-09-07 23:58:46,585 - INFO -   Max:  5.9713m
2025-09-07 23:58:46,585 - INFO -   Median: 1.7657m
2025-09-07 23:58:46,585 - INFO - Performance distribution:
2025-09-07 23:58:46,585 - INFO -   Excellent (< 0.5m): 7 episodes (3.5%)
2025-09-07 23:58:46,585 - INFO -   Good (0.5-1.0m):   79 episodes (39.5%)
2025-09-07 23:58:46,585 - INFO -   Acceptable (1.0-1.5m): 12 episodes (6.0%)
2025-09-07 23:58:46,585 - INFO -   Poor (> 1.5m):     102 episodes (51.0%)
2025-09-07 23:58:46,586 - INFO - 
TRAINING CONFIGURATION EFFECTIVENESS:
2025-09-07 23:58:46,586 - INFO - ----------------------------------------
2025-09-07 23:58:46,586 - INFO - Episodes needed for first convergence: 32
2025-09-07 23:58:46,586 - INFO - Excitation phase ended at episode: 6
2025-09-07 23:58:46,589 - INFO - Training metrics saved to: /home/osos/Mohamed_Masters_Thesis/DHP_drone_updated/DHP/training_logs/dhp_split_metrics_20250907_235846.json
2025-09-07 23:58:46,589 - INFO - 
BEST MODEL CONFIRMED:
2025-09-07 23:58:46,589 - INFO -   Episode: 143
2025-09-07 23:58:46,589 - INFO -   Position Error: 0.6537m
2025-09-07 23:58:46,589 - INFO -   Model files: dhp_cf2x_best_*
2025-09-07 23:58:46,589 - INFO - ================================================================================
2025-09-07 23:58:46,589 - INFO - TRAINING SESSION COMPLETED
2025-09-07 23:58:46,590 - INFO - Detailed log saved to: /home/osos/Mohamed_Masters_Thesis/DHP_drone_updated/DHP/training_logs/dhp_split_training_20250907_223807.log
2025-09-07 23:58:46,590 - INFO - ================================================================================
2025-09-07 23:59:16,646 - INFO - 
==================================================
2025-09-07 23:59:16,647 - INFO - STARTING POLICY DEMONSTRATION
2025-09-07 23:59:16,647 - INFO - ==================================================
2025-09-07 23:59:16,874 - INFO - Restoring parameters from /home/osos/Mohamed_Masters_Thesis/DHP_drone_updated/DHP/trained_models/dhp_cf2x_best
2025-09-07 23:59:22,330 - INFO - Trajectory demonstration completed for spiral trajectory
2025-09-07 23:59:22,330 - INFO - Training and demonstration session completed successfully!
