2025-09-07 22:19:30,802 - INFO - ================================================================================
2025-09-07 22:19:30,802 - INFO - DHP SPLIT ARCHITECTURE TRAINING SESSION STARTED
2025-09-07 22:19:30,802 - INFO - ================================================================================
2025-09-07 22:19:30,802 - INFO - HYPERPARAMETERS:
2025-09-07 22:19:30,802 - INFO - ----------------------------------------
2025-09-07 22:19:30,802 - INFO - action_size              : 4
2025-09-07 22:19:30,802 - INFO - best_episode_gui         : False
2025-09-07 22:19:30,802 - INFO - coordination_strength    : 0.1
2025-09-07 22:19:30,802 - INFO - coordination_warmup_episodes: 400
2025-09-07 22:19:30,802 - INFO - dt                       : 0.03333333333333333
2025-09-07 22:19:30,802 - INFO - episode_length           : 20.0
2025-09-07 22:19:30,802 - INFO - excitation_amplitude     : 0.03
2025-09-07 22:19:30,803 - INFO - excitation_steps         : 12500
2025-09-07 22:19:30,803 - INFO - gamma                    : 0.98
2025-09-07 22:19:30,803 - INFO - gradient_clip_value      : 0.5
2025-09-07 22:19:30,803 - INFO - gui                      : False
2025-09-07 22:19:30,803 - INFO - hidden_layer_size        : [64, 64, 32]
2025-09-07 22:19:30,803 - INFO - log_interval             : 10
2025-09-07 22:19:30,803 - INFO - lr_actor                 : 0.005
2025-09-07 22:19:30,803 - INFO - lr_critic                : 0.01
2025-09-07 22:19:30,803 - INFO - lr_decay                 : 0.9999
2025-09-07 22:19:30,803 - INFO - normalize_states         : True
2025-09-07 22:19:30,803 - INFO - num_episodes             : 2500
2025-09-07 22:19:30,803 - INFO - predict_delta            : False
2025-09-07 22:19:30,803 - INFO - record                   : False
2025-09-07 22:19:30,803 - INFO - record_best_episodes     : True
2025-09-07 22:19:30,803 - INFO - recording_fps            : 30
2025-09-07 22:19:30,803 - INFO - reference_size           : 8
2025-09-07 22:19:30,803 - INFO - rls_action_size          : 4
2025-09-07 22:19:30,803 - INFO - rls_covariance           : 100.0
2025-09-07 22:19:30,803 - INFO - rls_gamma                : 0.9995
2025-09-07 22:19:30,803 - INFO - rls_state_size           : 8
2025-09-07 22:19:30,803 - INFO - save_interval            : 100
2025-09-07 22:19:30,803 - INFO - split                    : False
2025-09-07 22:19:30,803 - INFO - state_bounds             : {'z': [0.0, 5.0], 'roll': [-1.5707963267948966, 1.5707963267948966], 'pitch': [-1.5707963267948966, 1.5707963267948966], 'yaw': [-3.141592653589793, 3.141592653589793], 'vz': [-12.0, 12.0], 'wx': [-10.0, 10.0], 'wy': [-10.0, 10.0], 'wz': [-10.0, 10.0]}
2025-09-07 22:19:30,803 - INFO - state_size               : 8
2025-09-07 22:19:30,803 - INFO - target_network           : True
2025-09-07 22:19:30,803 - INFO - target_pos               : [0.5, 0.5, 1.0]
2025-09-07 22:19:30,803 - INFO - tau                      : 0.001
2025-09-07 22:19:30,803 - INFO - trajectory_type          : spiral
2025-09-07 22:19:30,804 - INFO - update_cycles            : 2
2025-09-07 22:19:30,804 - INFO - use_trajectory           : False
2025-09-07 22:19:30,804 - INFO - ----------------------------------------
2025-09-07 22:19:30,804 - INFO - Log file: /home/osos/Mohamed_Masters_Thesis/DHP_drone_updated/DHP/training_logs/dhp_split_training_20250907_221930.log
2025-09-07 22:19:30,804 - INFO - ================================================================================
2025-09-07 22:19:30,804 - INFO - 
TRAJECTORY TRAINING CONFIGURATION:
2025-09-07 22:19:30,804 - INFO -   num_episodes: 200
2025-09-07 22:19:30,804 - INFO -   episode_length: 25.0
2025-09-07 22:19:30,804 - INFO -   excitation_steps: 5000
2025-09-07 22:19:30,804 - INFO -   log_interval: 10
2025-09-07 22:19:30,804 - INFO -   save_interval: 50
2025-09-07 22:19:30,804 - INFO -   gui: False
2025-09-07 22:19:30,804 - INFO -   record: False
2025-09-07 22:19:30,804 - INFO -   normalize_states: True
2025-09-07 22:19:30,804 - INFO -   record_best_episodes: True
2025-09-07 22:19:30,804 - INFO -   coordination_warmup_episodes: 200
2025-09-07 22:19:30,804 - INFO -   coordination_strength: 0.15
2025-09-07 22:19:30,804 - INFO -   use_trajectory: True
2025-09-07 22:19:30,804 - INFO -   trajectory_type: spiral
2025-09-07 22:19:30,804 - INFO -   target_pos: [0.0, 0.0, 1.0]
2025-09-07 22:19:30,804 - INFO - 
==================================================
2025-09-07 22:19:30,805 - INFO - STARTING DHP TRAINING FOR CF2X QUADROTOR
2025-09-07 22:19:30,805 - INFO - ==================================================
2025-09-07 22:19:30,909 - WARNING - From /home/osos/Mohamed_Masters_Thesis/DHP_drone_updated/msc-thesis/agents/dhp.py:88: The name tf.Session is deprecated. Please use tf.compat.v1.Session instead.

2025-09-07 22:19:31,002 - WARNING - From /home/osos/Mohamed_Masters_Thesis/DHP_drone_updated/msc-thesis/agents/dhp.py:117: The name tf.placeholder is deprecated. Please use tf.compat.v1.placeholder instead.

2025-09-07 22:19:31,003 - WARNING - From /home/osos/Mohamed_Masters_Thesis/DHP_drone_updated/msc-thesis/agents/dhp.py:119: The name tf.placeholder_with_default is deprecated. Please use tf.compat.v1.placeholder_with_default instead.

2025-09-07 22:19:31,006 - WARNING - From /home/osos/Mohamed_Masters_Thesis/DHP_drone_updated/msc-thesis/agents/dhp.py:141: The name tf.variable_scope is deprecated. Please use tf.compat.v1.variable_scope instead.

2025-09-07 22:19:31,007 - WARNING - From /home/osos/Mohamed_Masters_Thesis/DHP_drone_updated/msc-thesis/agents/dhp.py:145: dense (from tensorflow.python.layers.core) is deprecated and will be removed in a future version.
Instructions for updating:
Use keras.layers.Dense instead.
2025-09-07 22:19:31,007 - WARNING - From /home/osos/anaconda3/envs/DHP/lib/python3.7/site-packages/tensorflow_core/python/layers/core.py:187: Layer.apply (from tensorflow.python.keras.engine.base_layer) is deprecated and will be removed in a future version.
Instructions for updating:
Please use `layer.__call__` method instead.
2025-09-07 22:19:31,035 - WARNING - From /home/osos/Mohamed_Masters_Thesis/DHP_drone_updated/msc-thesis/agents/dhp.py:150: The name tf.trainable_variables is deprecated. Please use tf.compat.v1.trainable_variables instead.

2025-09-07 22:19:31,044 - WARNING - From /home/osos/Mohamed_Masters_Thesis/DHP_drone_updated/msc-thesis/agents/dhp.py:156: The name tf.train.GradientDescentOptimizer is deprecated. Please use tf.compat.v1.train.GradientDescentOptimizer instead.

2025-09-07 22:19:31,072 - WARNING - From /home/osos/Mohamed_Masters_Thesis/DHP_drone_updated/msc-thesis/agents/dhp.py:173: The name tf.assign is deprecated. Please use tf.compat.v1.assign instead.

2025-09-07 22:19:31,184 - WARNING - From /home/osos/Mohamed_Masters_Thesis/DHP_drone_updated/msc-thesis/agents/dhp.py:97: The name tf.summary.merge_all is deprecated. Please use tf.compat.v1.summary.merge_all instead.

2025-09-07 22:19:31,184 - WARNING - From /home/osos/Mohamed_Masters_Thesis/DHP_drone_updated/msc-thesis/agents/dhp.py:98: The name tf.train.Saver is deprecated. Please use tf.compat.v1.train.Saver instead.

2025-09-07 22:19:31,196 - WARNING - From /home/osos/Mohamed_Masters_Thesis/DHP_drone_updated/msc-thesis/agents/dhp.py:99: The name tf.global_variables_initializer is deprecated. Please use tf.compat.v1.global_variables_initializer instead.

2025-09-07 22:19:31,247 - INFO - 
Training for 200 episodes...
2025-09-07 22:19:31,248 - INFO - Episode | Reward  | Avg Cost | Pos Error | Duration (Completion) | Time
2025-09-07 22:19:31,248 - INFO - -------------------------------------------------------------------------------------
2025-09-07 22:19:32,311 - INFO - 🏆 NEW BEST EPISODE (SMART CRITERIA)! Episode 0
2025-09-07 22:19:32,312 - INFO -    Position Error: 5.2877m
2025-09-07 22:19:32,312 - INFO -    Completion: 14.0% (105/750 steps)
2025-09-07 22:19:32,312 - INFO -    Duration: 3.5s / 25.0s
2025-09-07 22:19:32,312 - INFO -    Composite Score: -38.88
2025-09-07 22:19:32,313 - INFO -       0 |   70.28 |   32.617 |    5.2877 |   3.5s (14.0%) |    1.1s
2025-09-07 22:19:33,217 - INFO - 🏆 NEW BEST EPISODE (SMART CRITERIA)! Episode 1
2025-09-07 22:19:33,217 - INFO -    Position Error: 5.0898m
2025-09-07 22:19:33,217 - INFO -    Completion: 14.0% (105/750 steps)
2025-09-07 22:19:33,217 - INFO -    Duration: 3.5s / 25.0s
2025-09-07 22:19:33,217 - INFO -    Composite Score: -36.90
2025-09-07 22:19:34,865 - INFO - 🏆 NEW BEST EPISODE (SMART CRITERIA)! Episode 2
2025-09-07 22:19:34,865 - INFO -    Position Error: 4.2309m
2025-09-07 22:19:34,865 - INFO -    Completion: 30.1% (226/750 steps)
2025-09-07 22:19:34,865 - INFO -    Duration: 7.5s / 25.0s
2025-09-07 22:19:34,865 - INFO -    Composite Score: -12.18
2025-09-07 22:19:43,570 - INFO -      10 |   33.35 |   60.448 |    4.8726 |   2.6s (10.3%) |   12.3s
2025-09-07 22:19:55,514 - INFO - 🏆 NEW BEST EPISODE (SMART CRITERIA)! Episode 18
2025-09-07 22:19:55,514 - INFO -    Position Error: 3.8650m
2025-09-07 22:19:55,514 - INFO -    Completion: 100.0% (750/750 steps)
2025-09-07 22:19:55,514 - INFO -    Duration: 25.0s / 25.0s
2025-09-07 22:19:55,514 - INFO -    Composite Score: 111.35
2025-09-07 22:19:55,514 - INFO - 🎯 NEW BEST COMPLETED EPISODE! Episode 18
2025-09-07 22:19:55,515 - INFO -    Position Error: 3.8650m (among completed episodes)
2025-09-07 22:19:55,515 - INFO -    Completion: 100.0% (750/750 steps)
2025-09-07 22:19:55,515 - INFO -    Duration: 25.0s
2025-09-07 22:19:55,640 - INFO - NEW BEST PERFORMANCE! Episode 19: 0.1883m
2025-09-07 22:19:55,678 - INFO - BEST MODEL SAVED! Episode 19, Error: 0.1883m
2025-09-07 22:19:55,678 - INFO - Best model path: /home/osos/Mohamed_Masters_Thesis/DHP_drone_updated/DHP/trained_models/dhp_cf2x_best
2025-09-07 22:19:55,678 - INFO - All model files saved successfully!
2025-09-07 22:19:55,678 - INFO - CONVERGENCE EPISODE 19: 0.1883m
2025-09-07 22:19:55,889 - INFO - CONVERGENCE EPISODE 20: 0.4240m
2025-09-07 22:19:55,889 - INFO -      20 |   27.39 |   53.765 |    0.4240 |   0.7s ( 2.8%) |   24.6s
2025-09-07 22:19:57,472 - INFO - CONVERGENCE EPISODE 22: 0.2306m
2025-09-07 22:19:59,296 - INFO - CONVERGENCE EPISODE 24: 0.2115m
2025-09-07 22:19:59,515 - INFO - CONVERGENCE EPISODE 25: 0.2866m
2025-09-07 22:20:00,616 - INFO - CONVERGENCE EPISODE 27: 0.2234m
2025-09-07 22:20:02,229 - INFO - CONVERGENCE EPISODE 29: 0.3107m
2025-09-07 22:20:03,866 - INFO -      30 |   26.08 |   49.882 |    6.0275 |   7.6s (30.4%) |   32.6s
2025-09-07 22:20:04,010 - INFO - CONVERGENCE EPISODE 31: 0.2934m
2025-09-07 22:20:04,609 - INFO - CONVERGENCE EPISODE 33: 0.4439m
2025-09-07 22:20:05,748 - INFO - CONVERGENCE EPISODE 36: 0.5822m
2025-09-07 22:20:05,857 - INFO - CONVERGENCE EPISODE 37: 0.2148m
2025-09-07 22:20:07,481 - INFO - CONVERGENCE EPISODE 40: 0.6492m
2025-09-07 22:20:07,481 - INFO -      40 |   58.91 |   67.887 |    0.6492 |   1.2s ( 4.8%) |   36.2s
2025-09-07 22:20:11,560 - INFO - CONVERGENCE EPISODE 47: 0.6645m
2025-09-07 22:20:15,126 - INFO -      50 |  325.02 |   45.605 |    1.9958 |   9.7s (38.8%) |   43.9s
2025-09-07 22:20:16,589 - INFO - CONVERGENCE EPISODE 52: 0.8620m
2025-09-07 22:20:20,038 - INFO - CONVERGENCE EPISODE 56: 0.6791m
2025-09-07 22:20:20,817 - INFO - CONVERGENCE EPISODE 57: 0.6363m
2025-09-07 22:20:21,617 - INFO - CONVERGENCE EPISODE 58: 0.8938m
2025-09-07 22:20:22,339 - INFO - CONVERGENCE EPISODE 59: 0.7198m
2025-09-07 22:20:23,237 - INFO - CONVERGENCE EPISODE 60: 0.9320m
2025-09-07 22:20:23,237 - INFO -      60 |  175.20 |   66.577 |    0.9320 |   4.6s (18.4%) |   52.0s
2025-09-07 22:20:26,524 - INFO - CONVERGENCE EPISODE 64: 0.6110m
2025-09-07 22:20:28,644 - INFO - CONVERGENCE EPISODE 67: 0.4379m
2025-09-07 22:20:29,323 - INFO - CONVERGENCE EPISODE 68: 0.9889m
2025-09-07 22:20:29,983 - INFO - CONVERGENCE EPISODE 69: 0.6279m
2025-09-07 22:20:30,638 - INFO - CONVERGENCE EPISODE 70: 0.5865m
2025-09-07 22:20:30,638 - INFO -      70 |  138.01 |   54.723 |    0.5865 |   3.5s (14.0%) |   59.4s
2025-09-07 22:20:37,195 - INFO -      80 |  143.52 |    9.201 |    1.2075 |   3.5s (13.9%) |   65.9s
2025-09-07 22:20:37,643 - INFO - CONVERGENCE EPISODE 81: 0.5584m
2025-09-07 22:20:38,888 - INFO - CONVERGENCE EPISODE 83: 0.7269m
2025-09-07 22:20:44,643 - INFO - 🏆 NEW BEST EPISODE (SMART CRITERIA)! Episode 86
2025-09-07 22:20:44,643 - INFO -    Position Error: 0.6733m
2025-09-07 22:20:44,643 - INFO -    Completion: 100.0% (750/750 steps)
2025-09-07 22:20:44,643 - INFO -    Duration: 25.0s / 25.0s
2025-09-07 22:20:44,643 - INFO -    Composite Score: 143.27
2025-09-07 22:20:44,643 - INFO - 🎯 NEW BEST COMPLETED EPISODE! Episode 86
2025-09-07 22:20:44,643 - INFO -    Position Error: 0.6733m (among completed episodes)
2025-09-07 22:20:44,643 - INFO -    Completion: 100.0% (750/750 steps)
2025-09-07 22:20:44,643 - INFO -    Duration: 25.0s
2025-09-07 22:20:44,651 - INFO - CONVERGENCE EPISODE 86: 0.6733m
2025-09-07 22:20:49,148 - INFO - 🏆 NEW BEST EPISODE (SMART CRITERIA)! Episode 87
2025-09-07 22:20:49,148 - INFO -    Position Error: 0.6547m
2025-09-07 22:20:49,148 - INFO -    Completion: 100.0% (750/750 steps)
2025-09-07 22:20:49,149 - INFO -    Duration: 25.0s / 25.0s
2025-09-07 22:20:49,149 - INFO -    Composite Score: 143.45
2025-09-07 22:20:49,149 - INFO - 🎯 NEW BEST COMPLETED EPISODE! Episode 87
2025-09-07 22:20:49,149 - INFO -    Position Error: 0.6547m (among completed episodes)
2025-09-07 22:20:49,149 - INFO -    Completion: 100.0% (750/750 steps)
2025-09-07 22:20:49,149 - INFO -    Duration: 25.0s
2025-09-07 22:20:49,154 - INFO - CONVERGENCE EPISODE 87: 0.6547m
2025-09-07 22:20:53,650 - INFO - CONVERGENCE EPISODE 88: 0.6549m
2025-09-07 22:20:58,202 - INFO - CONVERGENCE EPISODE 89: 0.6551m
2025-09-07 22:21:02,820 - INFO - CONVERGENCE EPISODE 90: 0.6548m
2025-09-07 22:21:02,820 - INFO -      90 |  542.49 |    0.259 |    0.6548 |  25.0s (100.0%) |   91.6s
2025-09-07 22:21:07,387 - INFO - 🏆 NEW BEST EPISODE (SMART CRITERIA)! Episode 91
2025-09-07 22:21:07,387 - INFO -    Position Error: 0.6547m
2025-09-07 22:21:07,387 - INFO -    Completion: 100.0% (750/750 steps)
2025-09-07 22:21:07,387 - INFO -    Duration: 25.0s / 25.0s
2025-09-07 22:21:07,387 - INFO -    Composite Score: 143.45
2025-09-07 22:21:07,387 - INFO - 🎯 NEW BEST COMPLETED EPISODE! Episode 91
2025-09-07 22:21:07,387 - INFO -    Position Error: 0.6547m (among completed episodes)
2025-09-07 22:21:07,387 - INFO -    Completion: 100.0% (750/750 steps)
2025-09-07 22:21:07,387 - INFO -    Duration: 25.0s
2025-09-07 22:21:07,393 - INFO - CONVERGENCE EPISODE 91: 0.6547m
2025-09-07 22:21:11,994 - INFO - 🏆 NEW BEST EPISODE (SMART CRITERIA)! Episode 92
2025-09-07 22:21:11,994 - INFO -    Position Error: 0.6546m
2025-09-07 22:21:11,994 - INFO -    Completion: 100.0% (750/750 steps)
2025-09-07 22:21:11,994 - INFO -    Duration: 25.0s / 25.0s
2025-09-07 22:21:11,994 - INFO -    Composite Score: 143.45
2025-09-07 22:21:11,994 - INFO - 🎯 NEW BEST COMPLETED EPISODE! Episode 92
2025-09-07 22:21:11,994 - INFO -    Position Error: 0.6546m (among completed episodes)
2025-09-07 22:21:11,994 - INFO -    Completion: 100.0% (750/750 steps)
2025-09-07 22:21:11,994 - INFO -    Duration: 25.0s
2025-09-07 22:21:12,000 - INFO - CONVERGENCE EPISODE 92: 0.6546m
2025-09-07 22:21:16,468 - INFO - 🏆 NEW BEST EPISODE (SMART CRITERIA)! Episode 93
2025-09-07 22:21:16,468 - INFO -    Position Error: 0.6544m
2025-09-07 22:21:16,468 - INFO -    Completion: 100.0% (750/750 steps)
2025-09-07 22:21:16,468 - INFO -    Duration: 25.0s / 25.0s
2025-09-07 22:21:16,468 - INFO -    Composite Score: 143.46
2025-09-07 22:21:16,468 - INFO - 🎯 NEW BEST COMPLETED EPISODE! Episode 93
2025-09-07 22:21:16,468 - INFO -    Position Error: 0.6544m (among completed episodes)
2025-09-07 22:21:16,468 - INFO -    Completion: 100.0% (750/750 steps)
2025-09-07 22:21:16,468 - INFO -    Duration: 25.0s
2025-09-07 22:21:16,475 - INFO - CONVERGENCE EPISODE 93: 0.6544m
2025-09-07 22:21:20,961 - INFO - 🏆 NEW BEST EPISODE (SMART CRITERIA)! Episode 94
2025-09-07 22:21:20,961 - INFO -    Position Error: 0.6543m
2025-09-07 22:21:20,961 - INFO -    Completion: 100.0% (750/750 steps)
2025-09-07 22:21:20,961 - INFO -    Duration: 25.0s / 25.0s
2025-09-07 22:21:20,961 - INFO -    Composite Score: 143.46
2025-09-07 22:21:20,961 - INFO - 🎯 NEW BEST COMPLETED EPISODE! Episode 94
2025-09-07 22:21:20,962 - INFO -    Position Error: 0.6543m (among completed episodes)
2025-09-07 22:21:20,962 - INFO -    Completion: 100.0% (750/750 steps)
2025-09-07 22:21:20,962 - INFO -    Duration: 25.0s
2025-09-07 22:21:20,969 - INFO - CONVERGENCE EPISODE 94: 0.6543m
2025-09-07 22:21:25,486 - INFO - 🏆 NEW BEST EPISODE (SMART CRITERIA)! Episode 95
2025-09-07 22:21:25,487 - INFO -    Position Error: 0.6542m
2025-09-07 22:21:25,487 - INFO -    Completion: 100.0% (750/750 steps)
2025-09-07 22:21:25,487 - INFO -    Duration: 25.0s / 25.0s
2025-09-07 22:21:25,487 - INFO -    Composite Score: 143.46
2025-09-07 22:21:25,487 - INFO - 🎯 NEW BEST COMPLETED EPISODE! Episode 95
2025-09-07 22:21:25,487 - INFO -    Position Error: 0.6542m (among completed episodes)
2025-09-07 22:21:25,487 - INFO -    Completion: 100.0% (750/750 steps)
2025-09-07 22:21:25,487 - INFO -    Duration: 25.0s
2025-09-07 22:21:25,493 - INFO - CONVERGENCE EPISODE 95: 0.6542m
2025-09-07 22:21:25,494 - INFO - STABLE PERFORMANCE ACHIEVED starting at episode 86
2025-09-07 22:21:29,946 - INFO - 🏆 NEW BEST EPISODE (SMART CRITERIA)! Episode 96
2025-09-07 22:21:29,946 - INFO -    Position Error: 0.6540m
2025-09-07 22:21:29,946 - INFO -    Completion: 100.0% (750/750 steps)
2025-09-07 22:21:29,946 - INFO -    Duration: 25.0s / 25.0s
2025-09-07 22:21:29,946 - INFO -    Composite Score: 143.46
2025-09-07 22:21:29,946 - INFO - 🎯 NEW BEST COMPLETED EPISODE! Episode 96
2025-09-07 22:21:29,946 - INFO -    Position Error: 0.6540m (among completed episodes)
2025-09-07 22:21:29,946 - INFO -    Completion: 100.0% (750/750 steps)
2025-09-07 22:21:29,946 - INFO -    Duration: 25.0s
2025-09-07 22:21:29,953 - INFO - CONVERGENCE EPISODE 96: 0.6540m
2025-09-07 22:21:34,580 - INFO - 🏆 NEW BEST EPISODE (SMART CRITERIA)! Episode 97
2025-09-07 22:21:34,581 - INFO -    Position Error: 0.6539m
2025-09-07 22:21:34,581 - INFO -    Completion: 100.0% (750/750 steps)
2025-09-07 22:21:34,581 - INFO -    Duration: 25.0s / 25.0s
2025-09-07 22:21:34,581 - INFO -    Composite Score: 143.46
2025-09-07 22:21:34,581 - INFO - 🎯 NEW BEST COMPLETED EPISODE! Episode 97
2025-09-07 22:21:34,581 - INFO -    Position Error: 0.6539m (among completed episodes)
2025-09-07 22:21:34,581 - INFO -    Completion: 100.0% (750/750 steps)
2025-09-07 22:21:34,581 - INFO -    Duration: 25.0s
2025-09-07 22:21:34,588 - INFO - CONVERGENCE EPISODE 97: 0.6539m
2025-09-07 22:21:39,046 - INFO - 🏆 NEW BEST EPISODE (SMART CRITERIA)! Episode 98
2025-09-07 22:21:39,047 - INFO -    Position Error: 0.6539m
2025-09-07 22:21:39,047 - INFO -    Completion: 100.0% (750/750 steps)
2025-09-07 22:21:39,047 - INFO -    Duration: 25.0s / 25.0s
2025-09-07 22:21:39,047 - INFO -    Composite Score: 143.46
2025-09-07 22:21:39,047 - INFO - 🎯 NEW BEST COMPLETED EPISODE! Episode 98
2025-09-07 22:21:39,047 - INFO -    Position Error: 0.6539m (among completed episodes)
2025-09-07 22:21:39,047 - INFO -    Completion: 100.0% (750/750 steps)
2025-09-07 22:21:39,047 - INFO -    Duration: 25.0s
2025-09-07 22:21:39,055 - INFO - CONVERGENCE EPISODE 98: 0.6539m
2025-09-07 22:21:43,490 - INFO - 🏆 NEW BEST EPISODE (SMART CRITERIA)! Episode 99
2025-09-07 22:21:43,491 - INFO -    Position Error: 0.6538m
2025-09-07 22:21:43,491 - INFO -    Completion: 100.0% (750/750 steps)
2025-09-07 22:21:43,491 - INFO -    Duration: 25.0s / 25.0s
2025-09-07 22:21:43,491 - INFO -    Composite Score: 143.46
2025-09-07 22:21:43,491 - INFO - 🎯 NEW BEST COMPLETED EPISODE! Episode 99
2025-09-07 22:21:43,491 - INFO -    Position Error: 0.6538m (among completed episodes)
2025-09-07 22:21:43,491 - INFO -    Completion: 100.0% (750/750 steps)
2025-09-07 22:21:43,491 - INFO -    Duration: 25.0s
2025-09-07 22:21:43,499 - INFO - CONVERGENCE EPISODE 99: 0.6538m
2025-09-07 22:21:49,379 - INFO - 🏆 NEW BEST EPISODE (SMART CRITERIA)! Episode 100
2025-09-07 22:21:49,379 - INFO -    Position Error: 0.6538m
2025-09-07 22:21:49,379 - INFO -    Completion: 100.0% (750/750 steps)
2025-09-07 22:21:49,379 - INFO -    Duration: 25.0s / 25.0s
2025-09-07 22:21:49,379 - INFO -    Composite Score: 143.46
2025-09-07 22:21:49,379 - INFO - 🎯 NEW BEST COMPLETED EPISODE! Episode 100
2025-09-07 22:21:49,379 - INFO -    Position Error: 0.6538m (among completed episodes)
2025-09-07 22:21:49,379 - INFO -    Completion: 100.0% (750/750 steps)
2025-09-07 22:21:49,379 - INFO -    Duration: 25.0s
2025-09-07 22:21:49,389 - INFO - CONVERGENCE EPISODE 100: 0.6538m
2025-09-07 22:21:49,390 - INFO - 
2025-09-07 22:21:49,390 - INFO - MILESTONE 100 ANALYSIS:
2025-09-07 22:21:49,390 - INFO -   Recent 50 episodes avg position error: 1.4975 ± 1.2165m
2025-09-07 22:21:49,390 - INFO -   Recent 50 episodes avg cost: 44.067
2025-09-07 22:21:49,390 - INFO -   Convergent episodes ratio (< 1.0m): 56.00%
2025-09-07 22:21:49,390 - INFO -   Total convergent episodes so far: 41
2025-09-07 22:21:49,390 - INFO -   Best performance: 0.6538m at episode 100
2025-09-07 22:21:49,390 - INFO -   Stable performance maintained since episode 86
2025-09-07 22:21:49,390 - INFO - 
2025-09-07 22:21:49,390 - INFO -     100 |  542.49 |    0.107 |    0.6538 |  25.0s (100.0%) |  138.1s
2025-09-07 22:21:53,872 - INFO - 🏆 NEW BEST EPISODE (SMART CRITERIA)! Episode 101
2025-09-07 22:21:53,872 - INFO -    Position Error: 0.6538m
2025-09-07 22:21:53,872 - INFO -    Completion: 100.0% (750/750 steps)
2025-09-07 22:21:53,872 - INFO -    Duration: 25.0s / 25.0s
2025-09-07 22:21:53,872 - INFO -    Composite Score: 143.46
2025-09-07 22:21:53,872 - INFO - 🎯 NEW BEST COMPLETED EPISODE! Episode 101
2025-09-07 22:21:53,872 - INFO -    Position Error: 0.6538m (among completed episodes)
2025-09-07 22:21:53,872 - INFO -    Completion: 100.0% (750/750 steps)
2025-09-07 22:21:53,872 - INFO -    Duration: 25.0s
2025-09-07 22:21:53,880 - INFO - CONVERGENCE EPISODE 101: 0.6538m
2025-09-07 22:21:58,274 - INFO - CONVERGENCE EPISODE 102: 0.6538m
2025-09-07 22:22:02,659 - INFO - 🏆 NEW BEST EPISODE (SMART CRITERIA)! Episode 103
2025-09-07 22:22:02,659 - INFO -    Position Error: 0.6538m
2025-09-07 22:22:02,659 - INFO -    Completion: 100.0% (750/750 steps)
2025-09-07 22:22:02,659 - INFO -    Duration: 25.0s / 25.0s
2025-09-07 22:22:02,659 - INFO -    Composite Score: 143.46
2025-09-07 22:22:02,659 - INFO - 🎯 NEW BEST COMPLETED EPISODE! Episode 103
2025-09-07 22:22:02,660 - INFO -    Position Error: 0.6538m (among completed episodes)
2025-09-07 22:22:02,660 - INFO -    Completion: 100.0% (750/750 steps)
2025-09-07 22:22:02,660 - INFO -    Duration: 25.0s
2025-09-07 22:22:02,667 - INFO - CONVERGENCE EPISODE 103: 0.6538m
2025-09-07 22:22:07,108 - INFO - CONVERGENCE EPISODE 104: 0.6538m
2025-09-07 22:22:11,612 - INFO - CONVERGENCE EPISODE 105: 0.6538m
2025-09-07 22:22:16,132 - INFO - CONVERGENCE EPISODE 106: 0.6538m
2025-09-07 22:22:20,605 - INFO - CONVERGENCE EPISODE 107: 0.6539m
2025-09-07 22:22:25,159 - INFO - CONVERGENCE EPISODE 108: 0.6539m
2025-09-07 22:22:29,981 - INFO - CONVERGENCE EPISODE 109: 0.6539m
2025-09-07 22:22:34,860 - INFO - CONVERGENCE EPISODE 110: 0.6539m
2025-09-07 22:22:34,861 - INFO -     110 |  542.39 |    0.095 |    0.6539 |  25.0s (100.0%) |  183.6s
2025-09-07 22:22:39,860 - INFO - CONVERGENCE EPISODE 111: 0.6539m
2025-09-07 22:22:44,880 - INFO - CONVERGENCE EPISODE 112: 0.6539m
2025-09-07 22:22:49,528 - INFO - CONVERGENCE EPISODE 113: 0.6539m
2025-09-07 22:22:54,037 - INFO - CONVERGENCE EPISODE 114: 0.6539m
2025-09-07 22:22:58,584 - INFO - CONVERGENCE EPISODE 115: 0.6539m
2025-09-07 22:23:03,063 - INFO - CONVERGENCE EPISODE 116: 0.6540m
2025-09-07 22:23:07,710 - INFO - 🏆 NEW BEST EPISODE (SMART CRITERIA)! Episode 117
2025-09-07 22:23:07,711 - INFO -    Position Error: 0.6534m
2025-09-07 22:23:07,711 - INFO -    Completion: 100.0% (750/750 steps)
2025-09-07 22:23:07,711 - INFO -    Duration: 25.0s / 25.0s
2025-09-07 22:23:07,711 - INFO -    Composite Score: 143.47
2025-09-07 22:23:07,711 - INFO - 🎯 NEW BEST COMPLETED EPISODE! Episode 117
2025-09-07 22:23:07,711 - INFO -    Position Error: 0.6534m (among completed episodes)
2025-09-07 22:23:07,711 - INFO -    Completion: 100.0% (750/750 steps)
2025-09-07 22:23:07,711 - INFO -    Duration: 25.0s
2025-09-07 22:23:07,718 - INFO - CONVERGENCE EPISODE 117: 0.6534m
2025-09-07 22:23:12,306 - INFO - CONVERGENCE EPISODE 118: 0.6541m
2025-09-07 22:23:16,782 - INFO - 🏆 NEW BEST EPISODE (SMART CRITERIA)! Episode 119
2025-09-07 22:23:16,782 - INFO -    Position Error: 0.6519m
2025-09-07 22:23:16,782 - INFO -    Completion: 100.0% (750/750 steps)
2025-09-07 22:23:16,782 - INFO -    Duration: 25.0s / 25.0s
2025-09-07 22:23:16,782 - INFO -    Composite Score: 143.48
2025-09-07 22:23:16,782 - INFO - 🎯 NEW BEST COMPLETED EPISODE! Episode 119
2025-09-07 22:23:16,783 - INFO -    Position Error: 0.6519m (among completed episodes)
2025-09-07 22:23:16,783 - INFO -    Completion: 100.0% (750/750 steps)
2025-09-07 22:23:16,783 - INFO -    Duration: 25.0s
2025-09-07 22:23:16,790 - INFO - CONVERGENCE EPISODE 119: 0.6519m
2025-09-07 22:23:21,344 - INFO - CONVERGENCE EPISODE 120: 0.6549m
2025-09-07 22:23:21,345 - INFO -     120 |  542.14 |    0.149 |    0.6549 |  25.0s (100.0%) |  230.1s
2025-09-07 22:23:25,832 - INFO - CONVERGENCE EPISODE 121: 0.6580m
2025-09-07 22:23:30,366 - INFO - CONVERGENCE EPISODE 122: 0.6539m
2025-09-07 22:23:34,955 - INFO - CONVERGENCE EPISODE 123: 0.6619m
2025-09-07 22:23:39,385 - INFO - CONVERGENCE EPISODE 124: 0.6537m
2025-09-07 22:23:43,889 - INFO - 🏆 NEW BEST EPISODE (SMART CRITERIA)! Episode 125
2025-09-07 22:23:43,889 - INFO -    Position Error: 0.6450m
2025-09-07 22:23:43,890 - INFO -    Completion: 100.0% (750/750 steps)
2025-09-07 22:23:43,890 - INFO -    Duration: 25.0s / 25.0s
2025-09-07 22:23:43,890 - INFO -    Composite Score: 143.55
2025-09-07 22:23:43,890 - INFO - 🎯 NEW BEST COMPLETED EPISODE! Episode 125
2025-09-07 22:23:43,890 - INFO -    Position Error: 0.6450m (among completed episodes)
2025-09-07 22:23:43,890 - INFO -    Completion: 100.0% (750/750 steps)
2025-09-07 22:23:43,890 - INFO -    Duration: 25.0s
2025-09-07 22:23:43,897 - INFO - CONVERGENCE EPISODE 125: 0.6450m
2025-09-07 22:23:47,044 - INFO - NEW BEST PERFORMANCE! Episode 128: 0.1738m
2025-09-07 22:23:47,071 - INFO - BEST MODEL SAVED! Episode 128, Error: 0.1738m
2025-09-07 22:23:47,071 - INFO - Best model path: /home/osos/Mohamed_Masters_Thesis/DHP_drone_updated/DHP/trained_models/dhp_cf2x_best
2025-09-07 22:23:47,071 - INFO - All model files saved successfully!
2025-09-07 22:23:47,071 - INFO - CONVERGENCE EPISODE 128: 0.1738m
2025-09-07 22:23:48,439 - INFO -     130 |   69.27 |   47.061 |    5.0587 |   2.8s (11.2%) |  257.2s
2025-09-07 22:23:50,466 - INFO - CONVERGENCE EPISODE 133: 0.9262m
2025-09-07 22:23:51,209 - INFO - CONVERGENCE EPISODE 135: 0.6153m
2025-09-07 22:23:52,451 - INFO - CONVERGENCE EPISODE 138: 0.6944m
2025-09-07 22:23:53,465 - INFO - CONVERGENCE EPISODE 140: 0.5239m
2025-09-07 22:23:53,466 - INFO -     140 |  120.16 |    9.319 |    0.5239 |   2.8s (11.1%) |  262.2s
2025-09-07 22:23:54,296 - INFO - CONVERGENCE EPISODE 142: 0.2693m
2025-09-07 22:23:56,937 - INFO - CONVERGENCE EPISODE 145: 0.7529m
2025-09-07 22:24:00,628 - INFO -     150 |  144.86 |   33.345 |    5.4644 |   4.4s (17.6%) |  269.4s
2025-09-07 22:24:01,158 - INFO - CONVERGENCE EPISODE 151: 0.3280m
2025-09-07 22:24:02,450 - INFO - CONVERGENCE EPISODE 153: 0.4333m
2025-09-07 22:24:07,433 - INFO -     160 |  108.32 |   25.236 |    2.1591 |   3.4s (13.7%) |  276.2s
2025-09-07 22:24:09,964 - INFO - CONVERGENCE EPISODE 164: 0.5077m
2025-09-07 22:24:13,856 - INFO -     170 |  108.36 |   83.827 |    1.9590 |   3.3s (13.3%) |  282.6s
2025-09-07 22:24:18,480 - INFO - CONVERGENCE EPISODE 177: 0.9737m
2025-09-07 22:24:20,490 - INFO -     180 |   92.98 |   14.749 |    4.7481 |   3.5s (14.0%) |  289.2s
2025-09-07 22:24:24,952 - INFO - CONVERGENCE EPISODE 187: 0.6079m
2025-09-07 22:24:25,967 - INFO - CONVERGENCE EPISODE 189: 0.4378m
2025-09-07 22:24:26,615 - INFO -     190 |  103.97 |   13.501 |    1.1697 |   3.4s (13.5%) |  295.4s
2025-09-07 22:24:27,205 - INFO - CONVERGENCE EPISODE 191: 0.6620m
2025-09-07 22:24:33,612 - INFO - 
================================================================================
2025-09-07 22:24:33,612 - INFO - TRAINING COMPLETED - FINAL ANALYSIS
2025-09-07 22:24:33,612 - INFO - ================================================================================
2025-09-07 22:24:33,612 - INFO - Total training time: 302.4 seconds (5.0 minutes)
2025-09-07 22:24:33,612 - INFO - Final episode reward: 106.67
2025-09-07 22:24:33,612 - INFO - Final position error: 4.3307m
2025-09-07 22:24:33,612 - INFO - 
EPISODE COMPLETION STATISTICS:
2025-09-07 22:24:33,612 - INFO - Average completion rate: 31.8%
2025-09-07 22:24:33,612 - INFO - Episodes completed (≥90%): 41/200 (20.5%)
2025-09-07 22:24:33,612 - INFO - Best completed episode: #125 with error 0.6450m
2025-09-07 22:24:33,612 - INFO - 
BEST EPISODE ANALYSIS:
2025-09-07 22:24:33,612 - INFO - Best overall episode (smart criteria): #128
2025-09-07 22:24:33,612 - INFO -   Position error: 0.1738m
2025-09-07 22:24:33,612 - INFO -   Composite score: 143.55
2025-09-07 22:24:33,612 - INFO - Total convergent episodes (< 1.0m): 80/200 (40.00%)
2025-09-07 22:24:33,612 - INFO - Stable performance achieved: Yes (from episode 86, duration: 114 episodes)
2025-09-07 22:24:33,613 - INFO - Position error statistics:
2025-09-07 22:24:33,613 - INFO -   Mean: 2.2305m
2025-09-07 22:24:33,613 - INFO -   Std:  1.8583m
2025-09-07 22:24:33,613 - INFO -   Min:  0.1738m
2025-09-07 22:24:33,613 - INFO -   Max:  6.0792m
2025-09-07 22:24:33,613 - INFO -   Median: 1.3914m
2025-09-07 22:24:33,613 - INFO - Performance distribution:
2025-09-07 22:24:33,613 - INFO -   Excellent (< 0.5m): 16 episodes (8.0%)
2025-09-07 22:24:33,613 - INFO -   Good (0.5-1.0m):   64 episodes (32.0%)
2025-09-07 22:24:33,613 - INFO -   Acceptable (1.0-1.5m): 26 episodes (13.0%)
2025-09-07 22:24:33,613 - INFO -   Poor (> 1.5m):     94 episodes (47.0%)
2025-09-07 22:24:33,613 - INFO - 
TRAINING CONFIGURATION EFFECTIVENESS:
2025-09-07 22:24:33,613 - INFO - ----------------------------------------
2025-09-07 22:24:33,613 - INFO - Episodes needed for first convergence: 19
2025-09-07 22:24:33,613 - INFO - Excitation phase ended at episode: 6
2025-09-07 22:24:33,615 - INFO - Training metrics saved to: /home/osos/Mohamed_Masters_Thesis/DHP_drone_updated/DHP/training_logs/dhp_split_metrics_20250907_222433.json
2025-09-07 22:24:33,615 - INFO - 
BEST MODEL CONFIRMED:
2025-09-07 22:24:33,615 - INFO -   Episode: 128
2025-09-07 22:24:33,615 - INFO -   Position Error: 0.1738m
2025-09-07 22:24:33,615 - INFO -   Model files: dhp_cf2x_best_*
2025-09-07 22:24:33,615 - INFO - ================================================================================
2025-09-07 22:24:33,615 - INFO - TRAINING SESSION COMPLETED
2025-09-07 22:24:33,615 - INFO - Detailed log saved to: /home/osos/Mohamed_Masters_Thesis/DHP_drone_updated/DHP/training_logs/dhp_split_training_20250907_221930.log
2025-09-07 22:24:33,615 - INFO - ================================================================================
2025-09-07 22:25:00,729 - INFO - 
==================================================
2025-09-07 22:25:00,729 - INFO - STARTING POLICY DEMONSTRATION
2025-09-07 22:25:00,730 - INFO - ==================================================
2025-09-07 22:25:00,951 - INFO - Restoring parameters from /home/osos/Mohamed_Masters_Thesis/DHP_drone_updated/DHP/trained_models/dhp_cf2x_best
2025-09-07 22:25:04,200 - INFO - Trajectory demonstration completed for spiral trajectory
2025-09-07 22:25:04,200 - INFO - Training and demonstration session completed successfully!
