2025-09-08 18:17:24,728 - INFO - ================================================================================
2025-09-08 18:17:24,728 - INFO - DHP SPLIT ARCHITECTURE TRAINING SESSION STARTED
2025-09-08 18:17:24,728 - INFO - ================================================================================
2025-09-08 18:17:24,728 - INFO - HYPERPARAMETERS:
2025-09-08 18:17:24,728 - INFO - ----------------------------------------
2025-09-08 18:17:24,728 - INFO - action_size              : 4
2025-09-08 18:17:24,728 - INFO - best_episode_gui         : False
2025-09-08 18:17:24,728 - INFO - coordination_strength    : 0.1
2025-09-08 18:17:24,728 - INFO - coordination_warmup_episodes: 400
2025-09-08 18:17:24,728 - INFO - dt                       : 0.03333333333333333
2025-09-08 18:17:24,728 - INFO - episode_length           : 20.0
2025-09-08 18:17:24,728 - INFO - excitation_amplitude     : 0.03
2025-09-08 18:17:24,728 - INFO - excitation_steps         : 12500
2025-09-08 18:17:24,728 - INFO - gamma                    : 0.98
2025-09-08 18:17:24,728 - INFO - gradient_clip_value      : 0.5
2025-09-08 18:17:24,728 - INFO - gui                      : False
2025-09-08 18:17:24,728 - INFO - hidden_layer_size        : [64, 64, 32]
2025-09-08 18:17:24,728 - INFO - log_interval             : 10
2025-09-08 18:17:24,728 - INFO - lr_actor                 : 0.005
2025-09-08 18:17:24,729 - INFO - lr_critic                : 0.01
2025-09-08 18:17:24,729 - INFO - lr_decay                 : 0.9999
2025-09-08 18:17:24,729 - INFO - normalize_states         : True
2025-09-08 18:17:24,729 - INFO - num_episodes             : 2500
2025-09-08 18:17:24,729 - INFO - predict_delta            : False
2025-09-08 18:17:24,729 - INFO - record                   : False
2025-09-08 18:17:24,729 - INFO - record_best_episodes     : True
2025-09-08 18:17:24,729 - INFO - recording_fps            : 30
2025-09-08 18:17:24,729 - INFO - reference_size           : 8
2025-09-08 18:17:24,729 - INFO - rls_action_size          : 4
2025-09-08 18:17:24,729 - INFO - rls_covariance           : 100.0
2025-09-08 18:17:24,729 - INFO - rls_gamma                : 0.9995
2025-09-08 18:17:24,729 - INFO - rls_state_size           : 8
2025-09-08 18:17:24,729 - INFO - save_interval            : 100
2025-09-08 18:17:24,729 - INFO - split                    : False
2025-09-08 18:17:24,729 - INFO - state_bounds             : {'z': [0.0, 5.0], 'roll': [-1.5707963267948966, 1.5707963267948966], 'pitch': [-1.5707963267948966, 1.5707963267948966], 'yaw': [-3.141592653589793, 3.141592653589793], 'vz': [-12.0, 12.0], 'wx': [-10.0, 10.0], 'wy': [-10.0, 10.0], 'wz': [-10.0, 10.0]}
2025-09-08 18:17:24,729 - INFO - state_size               : 8
2025-09-08 18:17:24,729 - INFO - target_network           : True
2025-09-08 18:17:24,729 - INFO - target_pos               : [0.5, 0.5, 1.0]
2025-09-08 18:17:24,729 - INFO - tau                      : 0.001
2025-09-08 18:17:24,729 - INFO - trajectory_type          : spiral
2025-09-08 18:17:24,729 - INFO - update_cycles            : 2
2025-09-08 18:17:24,729 - INFO - use_trajectory           : False
2025-09-08 18:17:24,729 - INFO - ----------------------------------------
2025-09-08 18:17:24,729 - INFO - Log file: /home/osos/Mohamed_Masters_Thesis/DHP_drone_updated/DHP/training_logs/dhp_split_training_20250908_181724.log
2025-09-08 18:17:24,729 - INFO - ================================================================================
2025-09-08 18:17:24,729 - INFO - 
TRAJECTORY TRAINING CONFIGURATION:
2025-09-08 18:17:24,730 - INFO -   num_episodes: 500
2025-09-08 18:17:24,730 - INFO -   episode_length: 25.0
2025-09-08 18:17:24,730 - INFO -   excitation_steps: 375000
2025-09-08 18:17:24,730 - INFO -   log_interval: 10
2025-09-08 18:17:24,730 - INFO -   save_interval: 50
2025-09-08 18:17:24,730 - INFO -   gui: False
2025-09-08 18:17:24,730 - INFO -   record: False
2025-09-08 18:17:24,730 - INFO -   normalize_states: True
2025-09-08 18:17:24,730 - INFO -   record_best_episodes: True
2025-09-08 18:17:24,730 - INFO -   coordination_warmup_episodes: 200
2025-09-08 18:17:24,730 - INFO -   coordination_strength: 0.15
2025-09-08 18:17:24,730 - INFO -   use_trajectory: True
2025-09-08 18:17:24,730 - INFO -   trajectory_type: spiral
2025-09-08 18:17:24,730 - INFO -   target_pos: [0.0, 0.0, 1.0]
2025-09-08 18:17:24,730 - INFO - 
==================================================
2025-09-08 18:17:24,730 - INFO - STARTING DHP TRAINING FOR CF2X QUADROTOR
2025-09-08 18:17:24,730 - INFO - ==================================================
2025-09-08 18:17:24,841 - WARNING - From /home/osos/Mohamed_Masters_Thesis/DHP_drone_updated/msc-thesis/agents/dhp.py:88: The name tf.Session is deprecated. Please use tf.compat.v1.Session instead.

2025-09-08 18:17:24,940 - WARNING - From /home/osos/Mohamed_Masters_Thesis/DHP_drone_updated/msc-thesis/agents/dhp.py:117: The name tf.placeholder is deprecated. Please use tf.compat.v1.placeholder instead.

2025-09-08 18:17:24,943 - WARNING - From /home/osos/Mohamed_Masters_Thesis/DHP_drone_updated/msc-thesis/agents/dhp.py:119: The name tf.placeholder_with_default is deprecated. Please use tf.compat.v1.placeholder_with_default instead.

2025-09-08 18:17:24,947 - WARNING - From /home/osos/Mohamed_Masters_Thesis/DHP_drone_updated/msc-thesis/agents/dhp.py:141: The name tf.variable_scope is deprecated. Please use tf.compat.v1.variable_scope instead.

2025-09-08 18:17:24,948 - WARNING - From /home/osos/Mohamed_Masters_Thesis/DHP_drone_updated/msc-thesis/agents/dhp.py:145: dense (from tensorflow.python.layers.core) is deprecated and will be removed in a future version.
Instructions for updating:
Use keras.layers.Dense instead.
2025-09-08 18:17:24,949 - WARNING - From /home/osos/anaconda3/envs/DHP/lib/python3.7/site-packages/tensorflow_core/python/layers/core.py:187: Layer.apply (from tensorflow.python.keras.engine.base_layer) is deprecated and will be removed in a future version.
Instructions for updating:
Please use `layer.__call__` method instead.
2025-09-08 18:17:24,980 - WARNING - From /home/osos/Mohamed_Masters_Thesis/DHP_drone_updated/msc-thesis/agents/dhp.py:150: The name tf.trainable_variables is deprecated. Please use tf.compat.v1.trainable_variables instead.

2025-09-08 18:17:24,991 - WARNING - From /home/osos/Mohamed_Masters_Thesis/DHP_drone_updated/msc-thesis/agents/dhp.py:156: The name tf.train.GradientDescentOptimizer is deprecated. Please use tf.compat.v1.train.GradientDescentOptimizer instead.

2025-09-08 18:17:25,018 - WARNING - From /home/osos/Mohamed_Masters_Thesis/DHP_drone_updated/msc-thesis/agents/dhp.py:173: The name tf.assign is deprecated. Please use tf.compat.v1.assign instead.

2025-09-08 18:17:25,147 - WARNING - From /home/osos/Mohamed_Masters_Thesis/DHP_drone_updated/msc-thesis/agents/dhp.py:97: The name tf.summary.merge_all is deprecated. Please use tf.compat.v1.summary.merge_all instead.

2025-09-08 18:17:25,147 - WARNING - From /home/osos/Mohamed_Masters_Thesis/DHP_drone_updated/msc-thesis/agents/dhp.py:98: The name tf.train.Saver is deprecated. Please use tf.compat.v1.train.Saver instead.

2025-09-08 18:17:25,160 - WARNING - From /home/osos/Mohamed_Masters_Thesis/DHP_drone_updated/msc-thesis/agents/dhp.py:99: The name tf.global_variables_initializer is deprecated. Please use tf.compat.v1.global_variables_initializer instead.

2025-09-08 18:17:25,215 - INFO - 
Training for 500 episodes...
2025-09-08 18:17:25,215 - INFO - Episode | Reward  | Avg Cost | Pos Error | Duration (Completion) | Time
2025-09-08 18:17:25,215 - INFO - -------------------------------------------------------------------------------------
2025-09-08 18:17:26,407 - INFO - 🏆 NEW BEST EPISODE (SMART CRITERIA)! Episode 0
2025-09-08 18:17:26,408 - INFO -    Position Error: 5.2974m
2025-09-08 18:17:26,408 - INFO -    Completion: 16.4% (123/750 steps)
2025-09-08 18:17:26,408 - INFO -    Duration: 4.1s / 25.0s
2025-09-08 18:17:26,408 - INFO -    Composite Score: -36.57
2025-09-08 18:17:26,409 - INFO -       0 |   65.55 |   38.566 |    5.2974 |   4.1s (16.4%) |    1.2s
2025-09-08 18:17:27,298 - INFO - 🏆 NEW BEST EPISODE (SMART CRITERIA)! Episode 1
2025-09-08 18:17:27,298 - INFO -    Position Error: 5.1107m
2025-09-08 18:17:27,298 - INFO -    Completion: 17.5% (131/750 steps)
2025-09-08 18:17:27,299 - INFO -    Duration: 4.4s / 25.0s
2025-09-08 18:17:27,299 - INFO -    Composite Score: -33.64
2025-09-08 18:17:27,987 - INFO - NEW BEST PERFORMANCE! Episode 2: 4.8754m
2025-09-08 18:17:28,024 - INFO - BEST MODEL SAVED! Episode 2, Error: 4.8754m
2025-09-08 18:17:28,024 - INFO - Best model path: /home/osos/Mohamed_Masters_Thesis/DHP_drone_updated/DHP/trained_models/dhp_cf2x_best
2025-09-08 18:17:28,024 - INFO - All model files saved successfully!
2025-09-08 18:17:29,768 - INFO - 🏆 NEW BEST EPISODE (SMART CRITERIA)! Episode 4
2025-09-08 18:17:29,768 - INFO -    Position Error: 4.7679m
2025-09-08 18:17:29,768 - INFO -    Completion: 22.0% (165/750 steps)
2025-09-08 18:17:29,768 - INFO -    Duration: 5.5s / 25.0s
2025-09-08 18:17:29,768 - INFO -    Composite Score: -25.68
2025-09-08 18:17:31,690 - INFO - 🏆 NEW BEST EPISODE (SMART CRITERIA)! Episode 5
2025-09-08 18:17:31,690 - INFO -    Position Error: 4.3004m
2025-09-08 18:17:31,690 - INFO -    Completion: 39.2% (294/750 steps)
2025-09-08 18:17:31,690 - INFO -    Duration: 9.8s / 25.0s
2025-09-08 18:17:31,690 - INFO -    Composite Score: -3.80
2025-09-08 18:17:35,173 - INFO -      10 |   52.67 |   40.894 |    4.6842 |   4.6s (18.3%) |   10.0s
2025-09-08 18:17:45,667 - INFO -      20 |   47.19 |   62.078 |    4.8050 |   3.6s (14.3%) |   20.5s
2025-09-08 18:17:46,964 - INFO - NEW BEST PERFORMANCE! Episode 23: 0.7684m
2025-09-08 18:17:46,988 - INFO - BEST MODEL SAVED! Episode 23, Error: 0.7684m
2025-09-08 18:17:46,988 - INFO - Best model path: /home/osos/Mohamed_Masters_Thesis/DHP_drone_updated/DHP/trained_models/dhp_cf2x_best
2025-09-08 18:17:46,988 - INFO - All model files saved successfully!
2025-09-08 18:17:46,988 - INFO - CONVERGENCE EPISODE 23: 0.7684m
2025-09-08 18:17:48,958 - INFO - NEW BEST PERFORMANCE! Episode 25: 0.4209m
2025-09-08 18:17:48,983 - INFO - BEST MODEL SAVED! Episode 25, Error: 0.4209m
2025-09-08 18:17:48,984 - INFO - Best model path: /home/osos/Mohamed_Masters_Thesis/DHP_drone_updated/DHP/trained_models/dhp_cf2x_best
2025-09-08 18:17:48,984 - INFO - All model files saved successfully!
2025-09-08 18:17:48,984 - INFO - CONVERGENCE EPISODE 25: 0.4209m
2025-09-08 18:17:49,150 - INFO - CONVERGENCE EPISODE 26: 0.4787m
2025-09-08 18:17:49,331 - INFO - CONVERGENCE EPISODE 27: 0.6185m
2025-09-08 18:17:49,696 - INFO - CONVERGENCE EPISODE 28: 0.5485m
2025-09-08 18:17:49,825 - INFO - NEW BEST PERFORMANCE! Episode 29: 0.3177m
2025-09-08 18:17:49,848 - INFO - BEST MODEL SAVED! Episode 29, Error: 0.3177m
2025-09-08 18:17:49,848 - INFO - Best model path: /home/osos/Mohamed_Masters_Thesis/DHP_drone_updated/DHP/trained_models/dhp_cf2x_best
2025-09-08 18:17:49,848 - INFO - All model files saved successfully!
2025-09-08 18:17:49,848 - INFO - CONVERGENCE EPISODE 29: 0.3177m
2025-09-08 18:17:50,330 - INFO -      30 |   27.66 |   79.811 |    5.0616 |   2.3s ( 9.3%) |   25.1s
2025-09-08 18:17:50,493 - INFO - CONVERGENCE EPISODE 31: 0.3522m
2025-09-08 18:17:55,294 - INFO - 🏆 NEW BEST EPISODE (SMART CRITERIA)! Episode 33
2025-09-08 18:17:55,294 - INFO -    Position Error: 5.0925m
2025-09-08 18:17:55,294 - INFO -    Completion: 76.4% (573/750 steps)
2025-09-08 18:17:55,294 - INFO -    Duration: 19.1s / 25.0s
2025-09-08 18:17:55,294 - INFO -    Composite Score: 25.47
2025-09-08 18:17:56,949 - INFO - NEW BEST PERFORMANCE! Episode 36: 0.4288m
2025-09-08 18:17:56,969 - INFO - BEST MODEL SAVED! Episode 36, Error: 0.4288m
2025-09-08 18:17:56,969 - INFO - Best model path: /home/osos/Mohamed_Masters_Thesis/DHP_drone_updated/DHP/trained_models/dhp_cf2x_best
2025-09-08 18:17:56,969 - INFO - All model files saved successfully!
2025-09-08 18:17:56,969 - INFO - CONVERGENCE EPISODE 36: 0.4288m
2025-09-08 18:17:57,666 - INFO - NEW BEST PERFORMANCE! Episode 38: 0.1418m
2025-09-08 18:17:57,686 - INFO - BEST MODEL SAVED! Episode 38, Error: 0.1418m
2025-09-08 18:17:57,686 - INFO - Best model path: /home/osos/Mohamed_Masters_Thesis/DHP_drone_updated/DHP/trained_models/dhp_cf2x_best
2025-09-08 18:17:57,686 - INFO - All model files saved successfully!
2025-09-08 18:17:57,686 - INFO - CONVERGENCE EPISODE 38: 0.1418m
2025-09-08 18:17:57,785 - INFO - CONVERGENCE EPISODE 39: 0.1989m
2025-09-08 18:17:58,852 - INFO -      40 |   34.64 |   86.933 |    5.0637 |   5.2s (20.8%) |   33.6s
2025-09-08 18:18:00,806 - INFO - CONVERGENCE EPISODE 42: 0.9761m
2025-09-08 18:18:02,062 - INFO - CONVERGENCE EPISODE 44: 0.9395m
2025-09-08 18:18:05,458 - INFO -      50 |   78.37 |   74.822 |    2.0020 |   1.7s ( 6.9%) |   40.2s
2025-09-08 18:18:11,364 - INFO -      60 |  141.38 |  111.189 |    3.1769 |   3.5s (14.0%) |   46.1s
2025-09-08 18:18:19,087 - INFO -      70 |  224.07 |   14.074 |    2.1367 |   5.4s (21.5%) |   53.9s
2025-09-08 18:18:26,524 - INFO -      80 |   76.32 |   69.031 |    5.3102 |   5.1s (20.3%) |   61.3s
2025-09-08 18:18:31,057 - INFO - CONVERGENCE EPISODE 87: 0.9305m
2025-09-08 18:18:31,661 - INFO - CONVERGENCE EPISODE 88: 0.8703m
2025-09-08 18:18:32,177 - INFO - CONVERGENCE EPISODE 89: 0.4720m
2025-09-08 18:18:32,907 - INFO -      90 |  133.92 |   17.991 |    3.1608 |   3.9s (15.7%) |   67.7s
2025-09-08 18:18:40,394 - INFO - 
2025-09-08 18:18:40,394 - INFO - MILESTONE 100 ANALYSIS:
2025-09-08 18:18:40,394 - INFO -   Recent 50 episodes avg position error: 2.6481 ± 1.4956m
2025-09-08 18:18:40,394 - INFO -   Recent 50 episodes avg cost: 49.388
2025-09-08 18:18:40,394 - INFO -   Convergent episodes ratio (< 1.0m): 6.00%
2025-09-08 18:18:40,394 - INFO -   Total convergent episodes so far: 15
2025-09-08 18:18:40,394 - INFO -   Best performance: 0.1418m at episode 38
2025-09-08 18:18:40,394 - INFO -   Stable performance not yet achieved
2025-09-08 18:18:40,394 - INFO - 
2025-09-08 18:18:40,394 - INFO -     100 |  173.76 |   47.470 |    5.2595 |   5.5s (22.0%) |   75.2s
2025-09-08 18:18:46,663 - INFO - CONVERGENCE EPISODE 109: 0.7296m
2025-09-08 18:18:47,612 - INFO -     110 |  110.09 |   29.072 |    4.5296 |   5.0s (20.1%) |   82.4s
2025-09-08 18:18:51,344 - INFO - CONVERGENCE EPISODE 116: 0.8978m
2025-09-08 18:18:54,304 - INFO -     120 |   98.82 |   49.795 |    2.4573 |   3.1s (12.3%) |   89.1s
2025-09-08 18:18:55,507 - INFO - CONVERGENCE EPISODE 122: 0.9451m
2025-09-08 18:19:00,090 - INFO - CONVERGENCE EPISODE 129: 0.5007m
2025-09-08 18:19:00,754 - INFO -     130 |   81.57 |   52.756 |    4.9280 |   3.4s (13.7%) |   95.5s
2025-09-08 18:19:02,792 - INFO - CONVERGENCE EPISODE 133: 0.5302m
2025-09-08 18:19:07,518 - INFO -     140 |  111.36 |   25.908 |    1.7819 |   2.9s (11.5%) |  102.3s
2025-09-08 18:19:13,814 - INFO -     150 |   49.55 |  162.493 |    3.1715 |   2.8s (11.3%) |  108.6s
2025-09-08 18:19:20,414 - INFO - CONVERGENCE EPISODE 160: 0.5160m
2025-09-08 18:19:20,415 - INFO -     160 |   76.32 |   24.495 |    0.5160 |   2.6s (10.3%) |  115.2s
2025-09-08 18:19:24,553 - INFO - CONVERGENCE EPISODE 166: 0.3099m
2025-09-08 18:19:25,066 - INFO - CONVERGENCE EPISODE 167: 0.7108m
2025-09-08 18:19:27,302 - INFO -     170 |  105.35 |   40.425 |    1.5603 |   3.4s (13.5%) |  122.1s
2025-09-08 18:19:27,890 - INFO - CONVERGENCE EPISODE 171: 0.2935m
2025-09-08 18:19:29,740 - INFO - CONVERGENCE EPISODE 174: 0.9787m
2025-09-08 18:19:33,580 - INFO -     180 |  135.13 |   51.821 |    5.4626 |   4.6s (18.5%) |  128.4s
2025-09-08 18:19:40,004 - INFO -     190 |   98.96 |   59.143 |    4.8641 |   3.8s (15.2%) |  134.8s
2025-09-08 18:19:46,105 - INFO -     200 |   99.06 |   16.335 |    4.1616 |   4.2s (16.7%) |  140.9s
2025-09-08 18:19:49,573 - INFO - CONVERGENCE EPISODE 206: 0.9160m
2025-09-08 18:19:51,793 - INFO - CONVERGENCE EPISODE 210: 0.9069m
2025-09-08 18:19:51,793 - INFO -     210 |   89.86 |   59.963 |    0.9069 |   2.6s (10.3%) |  146.6s
2025-09-08 18:19:59,462 - INFO -     220 |  114.63 |   33.566 |    5.3562 |   4.1s (16.3%) |  154.2s
2025-09-08 18:20:04,804 - INFO - CONVERGENCE EPISODE 227: 0.7463m
2025-09-08 18:20:06,927 - INFO - CONVERGENCE EPISODE 230: 0.5045m
2025-09-08 18:20:06,927 - INFO -     230 |   87.49 |   69.408 |    0.5045 |   2.9s (11.6%) |  161.7s
2025-09-08 18:20:09,633 - INFO - CONVERGENCE EPISODE 235: 0.3022m
2025-09-08 18:20:13,471 - INFO -     240 |   80.53 |   60.931 |    4.8642 |   3.5s (14.0%) |  168.3s
2025-09-08 18:20:14,039 - INFO - CONVERGENCE EPISODE 241: 0.4523m
2025-09-08 18:20:17,979 - INFO - CONVERGENCE EPISODE 248: 0.8238m
2025-09-08 18:20:19,208 - INFO - 
2025-09-08 18:20:19,208 - INFO - MILESTONE 250 ANALYSIS:
2025-09-08 18:20:19,208 - INFO -   Recent 50 episodes avg position error: 2.6427 ± 1.4670m
2025-09-08 18:20:19,208 - INFO -   Recent 50 episodes avg cost: 44.197
2025-09-08 18:20:19,208 - INFO -   Convergent episodes ratio (< 1.0m): 14.00%
2025-09-08 18:20:19,208 - INFO -   Total convergent episodes so far: 32
2025-09-08 18:20:19,208 - INFO -   Best performance: 0.1418m at episode 38
2025-09-08 18:20:19,208 - INFO -   Stable performance not yet achieved
2025-09-08 18:20:19,208 - INFO - 
2025-09-08 18:20:19,208 - INFO -     250 |  113.84 |   40.153 |    1.1700 |   2.9s (11.7%) |  174.0s
2025-09-08 18:20:22,768 - INFO - CONVERGENCE EPISODE 256: 0.3884m
2025-09-08 18:20:24,620 - INFO - CONVERGENCE EPISODE 259: 0.4929m
2025-09-08 18:20:25,357 - INFO -     260 |  104.00 |   24.381 |    1.6919 |   3.6s (14.5%) |  180.1s
2025-09-08 18:20:25,826 - INFO - CONVERGENCE EPISODE 261: 0.8270m
2025-09-08 18:20:29,468 - INFO - CONVERGENCE EPISODE 268: 0.6614m
2025-09-08 18:20:30,750 - INFO -     270 |  120.87 |   43.179 |    2.1231 |   3.2s (12.8%) |  185.5s
2025-09-08 18:20:34,892 - INFO - CONVERGENCE EPISODE 276: 0.6358m
2025-09-08 18:20:37,493 - INFO -     280 |   90.47 |   63.880 |    1.7597 |   2.7s (10.8%) |  192.3s
2025-09-08 18:20:43,787 - INFO -     290 |  101.30 |   41.398 |    1.0617 |   2.9s (11.6%) |  198.6s
2025-09-08 18:20:44,534 - INFO - CONVERGENCE EPISODE 291: 0.5572m
2025-09-08 18:20:49,520 - INFO - CONVERGENCE EPISODE 298: 0.3179m
2025-09-08 18:20:50,833 - INFO - CONVERGENCE EPISODE 300: 0.7485m
2025-09-08 18:20:50,833 - INFO -     300 |  128.07 |   24.064 |    0.7485 |   2.8s (11.3%) |  205.6s
2025-09-08 18:20:52,893 - INFO - CONVERGENCE EPISODE 303: 0.4904m
2025-09-08 18:20:57,790 - INFO -     310 |   91.42 |   30.066 |    2.0490 |   3.1s (12.4%) |  212.6s
2025-09-08 18:21:04,354 - INFO - CONVERGENCE EPISODE 320: 0.7078m
2025-09-08 18:21:04,354 - INFO -     320 |   83.00 |   20.958 |    0.7078 |   1.9s ( 7.6%) |  219.1s
2025-09-08 18:21:06,140 - INFO - CONVERGENCE EPISODE 323: 0.5091m
2025-09-08 18:21:07,713 - INFO - CONVERGENCE EPISODE 326: 0.5903m
2025-09-08 18:21:08,871 - INFO - CONVERGENCE EPISODE 328: 0.9925m
2025-09-08 18:21:09,441 - INFO - CONVERGENCE EPISODE 329: 0.8626m
2025-09-08 18:21:10,347 - INFO -     330 |  126.31 |   78.633 |    4.8467 |   4.9s (19.5%) |  225.1s
2025-09-08 18:21:11,898 - INFO - CONVERGENCE EPISODE 332: 0.3448m
2025-09-08 18:21:17,142 - INFO -     340 |   82.26 |   51.166 |    1.2842 |   3.4s (13.5%) |  231.9s
2025-09-08 18:21:20,981 - INFO - CONVERGENCE EPISODE 346: 0.6882m
2025-09-08 18:21:23,515 - INFO -     350 |  101.73 |   45.496 |    1.0735 |   3.1s (12.4%) |  238.3s
2025-09-08 18:21:24,007 - INFO - CONVERGENCE EPISODE 351: 0.8139m
2025-09-08 18:21:26,104 - INFO - CONVERGENCE EPISODE 354: 0.6400m
2025-09-08 18:21:30,276 - INFO -     360 |   80.00 |   27.979 |    1.6630 |   2.7s (10.7%) |  245.1s
2025-09-08 18:21:32,019 - INFO - CONVERGENCE EPISODE 363: 0.4744m
2025-09-08 18:21:33,712 - INFO - CONVERGENCE EPISODE 366: 0.8798m
2025-09-08 18:21:36,355 - INFO -     370 |  104.69 |   60.597 |    1.1527 |   4.4s (17.7%) |  251.1s
2025-09-08 18:21:42,869 - INFO - CONVERGENCE EPISODE 380: 0.6207m
2025-09-08 18:21:42,869 - INFO -     380 |   92.77 |   14.496 |    0.6207 |   2.3s ( 9.2%) |  257.7s
2025-09-08 18:21:44,864 - INFO - CONVERGENCE EPISODE 383: 0.4735m
2025-09-08 18:21:45,462 - INFO - CONVERGENCE EPISODE 384: 0.7503m
2025-09-08 18:21:49,292 - INFO - CONVERGENCE EPISODE 389: 0.5900m
2025-09-08 18:21:49,788 - INFO -     390 |   91.83 |   35.709 |    1.4194 |   2.4s ( 9.7%) |  264.6s
2025-09-08 18:21:51,059 - INFO - CONVERGENCE EPISODE 392: 0.7558m
2025-09-08 18:21:54,864 - INFO - CONVERGENCE EPISODE 397: 0.6844m
2025-09-08 18:21:55,357 - INFO - CONVERGENCE EPISODE 398: 0.4130m
2025-09-08 18:21:57,863 - INFO -     400 |   87.07 |   49.517 |    5.8942 |   7.9s (31.5%) |  272.6s
2025-09-08 18:21:58,451 - INFO - CONVERGENCE EPISODE 401: 0.7404m
2025-09-08 18:22:00,027 - INFO - CONVERGENCE EPISODE 403: 0.5405m
