2025-09-08 18:53:54,202 - INFO - ================================================================================
2025-09-08 18:53:54,203 - INFO - DHP SPLIT ARCHITECTURE TRAINING SESSION STARTED
2025-09-08 18:53:54,203 - INFO - ================================================================================
2025-09-08 18:53:54,203 - INFO - HYPERPARAMETERS:
2025-09-08 18:53:54,203 - INFO - ----------------------------------------
2025-09-08 18:53:54,203 - INFO - action_size              : 4
2025-09-08 18:53:54,203 - INFO - best_episode_gui         : False
2025-09-08 18:53:54,203 - INFO - coordination_strength    : 0.1
2025-09-08 18:53:54,203 - INFO - coordination_warmup_episodes: 400
2025-09-08 18:53:54,203 - INFO - dt                       : 0.03333333333333333
2025-09-08 18:53:54,203 - INFO - episode_length           : 20.0
2025-09-08 18:53:54,203 - INFO - excitation_amplitude     : 0.03
2025-09-08 18:53:54,203 - INFO - excitation_steps         : 12500
2025-09-08 18:53:54,203 - INFO - gamma                    : 0.98
2025-09-08 18:53:54,203 - INFO - gradient_clip_value      : 0.5
2025-09-08 18:53:54,203 - INFO - gui                      : False
2025-09-08 18:53:54,203 - INFO - hidden_layer_size        : [64, 64, 32]
2025-09-08 18:53:54,203 - INFO - log_interval             : 10
2025-09-08 18:53:54,203 - INFO - lr_actor                 : 0.005
2025-09-08 18:53:54,204 - INFO - lr_critic                : 0.01
2025-09-08 18:53:54,204 - INFO - lr_decay                 : 0.9999
2025-09-08 18:53:54,204 - INFO - normalize_states         : True
2025-09-08 18:53:54,204 - INFO - num_episodes             : 2500
2025-09-08 18:53:54,204 - INFO - predict_delta            : False
2025-09-08 18:53:54,204 - INFO - record                   : False
2025-09-08 18:53:54,204 - INFO - record_best_episodes     : True
2025-09-08 18:53:54,204 - INFO - recording_fps            : 30
2025-09-08 18:53:54,204 - INFO - reference_size           : 8
2025-09-08 18:53:54,204 - INFO - rls_action_size          : 4
2025-09-08 18:53:54,204 - INFO - rls_covariance           : 100.0
2025-09-08 18:53:54,204 - INFO - rls_gamma                : 0.9995
2025-09-08 18:53:54,204 - INFO - rls_state_size           : 8
2025-09-08 18:53:54,204 - INFO - save_interval            : 100
2025-09-08 18:53:54,204 - INFO - split                    : False
2025-09-08 18:53:54,204 - INFO - state_bounds             : {'z': [0.0, 5.0], 'roll': [-1.5707963267948966, 1.5707963267948966], 'pitch': [-1.5707963267948966, 1.5707963267948966], 'yaw': [-3.141592653589793, 3.141592653589793], 'vz': [-12.0, 12.0], 'wx': [-10.0, 10.0], 'wy': [-10.0, 10.0], 'wz': [-10.0, 10.0]}
2025-09-08 18:53:54,204 - INFO - state_size               : 8
2025-09-08 18:53:54,204 - INFO - target_network           : True
2025-09-08 18:53:54,205 - INFO - target_pos               : [0.5, 0.5, 1.0]
2025-09-08 18:53:54,205 - INFO - tau                      : 0.001
2025-09-08 18:53:54,205 - INFO - trajectory_type          : spiral
2025-09-08 18:53:54,205 - INFO - update_cycles            : 2
2025-09-08 18:53:54,205 - INFO - use_trajectory           : False
2025-09-08 18:53:54,205 - INFO - ----------------------------------------
2025-09-08 18:53:54,205 - INFO - Log file: /home/osos/Mohamed_Masters_Thesis/DHP_drone_updated/DHP/training_logs/dhp_split_training_20250908_185354.log
2025-09-08 18:53:54,205 - INFO - ================================================================================
2025-09-08 18:53:54,205 - INFO - 
TRAJECTORY TRAINING CONFIGURATION:
2025-09-08 18:53:54,205 - INFO -   num_episodes: 200
2025-09-08 18:53:54,205 - INFO -   episode_length: 25.0
2025-09-08 18:53:54,205 - INFO -   excitation_steps: 5000
2025-09-08 18:53:54,205 - INFO -   log_interval: 10
2025-09-08 18:53:54,205 - INFO -   save_interval: 50
2025-09-08 18:53:54,206 - INFO -   gui: False
2025-09-08 18:53:54,206 - INFO -   record: False
2025-09-08 18:53:54,206 - INFO -   normalize_states: True
2025-09-08 18:53:54,206 - INFO -   record_best_episodes: True
2025-09-08 18:53:54,206 - INFO -   coordination_warmup_episodes: 200
2025-09-08 18:53:54,206 - INFO -   coordination_strength: 0.15
2025-09-08 18:53:54,206 - INFO -   use_trajectory: True
2025-09-08 18:53:54,206 - INFO -   trajectory_type: spiral
2025-09-08 18:53:54,206 - INFO -   target_pos: [0.0, 0.0, 1.0]
2025-09-08 18:53:54,206 - INFO - 
==================================================
2025-09-08 18:53:54,206 - INFO - STARTING DHP TRAINING FOR CF2X QUADROTOR
2025-09-08 18:53:54,206 - INFO - ==================================================
2025-09-08 18:53:54,307 - WARNING - From /home/osos/Mohamed_Masters_Thesis/DHP_drone_updated/msc-thesis/agents/dhp.py:88: The name tf.Session is deprecated. Please use tf.compat.v1.Session instead.

2025-09-08 18:53:54,405 - WARNING - From /home/osos/Mohamed_Masters_Thesis/DHP_drone_updated/msc-thesis/agents/dhp.py:117: The name tf.placeholder is deprecated. Please use tf.compat.v1.placeholder instead.

2025-09-08 18:53:54,406 - WARNING - From /home/osos/Mohamed_Masters_Thesis/DHP_drone_updated/msc-thesis/agents/dhp.py:119: The name tf.placeholder_with_default is deprecated. Please use tf.compat.v1.placeholder_with_default instead.

2025-09-08 18:53:54,409 - WARNING - From /home/osos/Mohamed_Masters_Thesis/DHP_drone_updated/msc-thesis/agents/dhp.py:141: The name tf.variable_scope is deprecated. Please use tf.compat.v1.variable_scope instead.

2025-09-08 18:53:54,409 - WARNING - From /home/osos/Mohamed_Masters_Thesis/DHP_drone_updated/msc-thesis/agents/dhp.py:145: dense (from tensorflow.python.layers.core) is deprecated and will be removed in a future version.
Instructions for updating:
Use keras.layers.Dense instead.
2025-09-08 18:53:54,409 - WARNING - From /home/osos/anaconda3/envs/DHP/lib/python3.7/site-packages/tensorflow_core/python/layers/core.py:187: Layer.apply (from tensorflow.python.keras.engine.base_layer) is deprecated and will be removed in a future version.
Instructions for updating:
Please use `layer.__call__` method instead.
2025-09-08 18:53:54,438 - WARNING - From /home/osos/Mohamed_Masters_Thesis/DHP_drone_updated/msc-thesis/agents/dhp.py:150: The name tf.trainable_variables is deprecated. Please use tf.compat.v1.trainable_variables instead.

2025-09-08 18:53:54,448 - WARNING - From /home/osos/Mohamed_Masters_Thesis/DHP_drone_updated/msc-thesis/agents/dhp.py:156: The name tf.train.GradientDescentOptimizer is deprecated. Please use tf.compat.v1.train.GradientDescentOptimizer instead.

2025-09-08 18:53:54,479 - WARNING - From /home/osos/Mohamed_Masters_Thesis/DHP_drone_updated/msc-thesis/agents/dhp.py:173: The name tf.assign is deprecated. Please use tf.compat.v1.assign instead.

2025-09-08 18:53:54,594 - WARNING - From /home/osos/Mohamed_Masters_Thesis/DHP_drone_updated/msc-thesis/agents/dhp.py:97: The name tf.summary.merge_all is deprecated. Please use tf.compat.v1.summary.merge_all instead.

2025-09-08 18:53:54,594 - WARNING - From /home/osos/Mohamed_Masters_Thesis/DHP_drone_updated/msc-thesis/agents/dhp.py:98: The name tf.train.Saver is deprecated. Please use tf.compat.v1.train.Saver instead.

2025-09-08 18:53:54,606 - WARNING - From /home/osos/Mohamed_Masters_Thesis/DHP_drone_updated/msc-thesis/agents/dhp.py:99: The name tf.global_variables_initializer is deprecated. Please use tf.compat.v1.global_variables_initializer instead.

2025-09-08 18:53:54,658 - INFO - 
Training for 200 episodes...
2025-09-08 18:53:54,658 - INFO - Episode | Reward  | Avg Cost | Pos Error | Duration (Completion) | Time
2025-09-08 18:53:54,658 - INFO - -------------------------------------------------------------------------------------
2025-09-08 18:53:55,759 - INFO - 🏆 NEW BEST EPISODE (SMART CRITERIA)! Episode 0
2025-09-08 18:53:55,759 - INFO -    Position Error: 4.8362m
2025-09-08 18:53:55,759 - INFO -    Completion: 14.5% (109/750 steps)
2025-09-08 18:53:55,759 - INFO -    Duration: 3.6s / 25.0s
2025-09-08 18:53:55,759 - INFO -    Composite Score: -33.83
2025-09-08 18:53:55,760 - INFO -       0 |   59.66 |   33.312 |    4.8362 |   3.6s (14.5%) |    1.1s
2025-09-08 18:53:56,817 - INFO - 🏆 NEW BEST EPISODE (SMART CRITERIA)! Episode 1
2025-09-08 18:53:56,817 - INFO -    Position Error: 4.6526m
2025-09-08 18:53:56,817 - INFO -    Completion: 19.9% (149/750 steps)
2025-09-08 18:53:56,817 - INFO -    Duration: 5.0s / 25.0s
2025-09-08 18:53:56,817 - INFO -    Composite Score: -26.66
2025-09-08 18:54:03,377 - INFO - NEW BEST PERFORMANCE! Episode 9: 4.6031m
2025-09-08 18:54:03,421 - INFO - BEST MODEL SAVED! Episode 9, Error: 4.6031m
2025-09-08 18:54:03,421 - INFO - Best model path: /home/osos/Mohamed_Masters_Thesis/DHP_drone_updated/DHP/trained_models/dhp_cf2x_best
2025-09-08 18:54:03,421 - INFO - All model files saved successfully!
2025-09-08 18:54:04,251 - INFO -      10 |   85.69 |   31.927 |    4.7385 |   4.0s (15.9%) |    9.6s
2025-09-08 18:54:09,332 - INFO - 🏆 NEW BEST EPISODE (SMART CRITERIA)! Episode 16
2025-09-08 18:54:09,332 - INFO -    Position Error: 4.4329m
2025-09-08 18:54:09,332 - INFO -    Completion: 21.9% (164/750 steps)
2025-09-08 18:54:09,332 - INFO -    Duration: 5.5s / 25.0s
2025-09-08 18:54:09,332 - INFO -    Composite Score: -22.46
2025-09-08 18:54:12,295 - INFO - 🏆 NEW BEST EPISODE (SMART CRITERIA)! Episode 17
2025-09-08 18:54:12,295 - INFO -    Position Error: 5.0569m
2025-09-08 18:54:12,295 - INFO -    Completion: 62.1% (466/750 steps)
2025-09-08 18:54:12,295 - INFO -    Duration: 15.5s / 25.0s
2025-09-08 18:54:12,295 - INFO -    Composite Score: 11.56
2025-09-08 18:54:12,997 - INFO - NEW BEST PERFORMANCE! Episode 18: 4.7930m
2025-09-08 18:54:13,020 - INFO - BEST MODEL SAVED! Episode 18, Error: 4.7930m
2025-09-08 18:54:13,021 - INFO - Best model path: /home/osos/Mohamed_Masters_Thesis/DHP_drone_updated/DHP/trained_models/dhp_cf2x_best
2025-09-08 18:54:13,021 - INFO - All model files saved successfully!
2025-09-08 18:54:15,359 - INFO -      20 |   81.13 |   41.993 |    5.9788 |   7.8s (31.2%) |   20.7s
2025-09-08 18:54:23,370 - INFO - 🏆 NEW BEST EPISODE (SMART CRITERIA)! Episode 25
2025-09-08 18:54:23,371 - INFO -    Position Error: 6.9928m
2025-09-08 18:54:23,371 - INFO -    Completion: 87.9% (659/750 steps)
2025-09-08 18:54:23,371 - INFO -    Duration: 22.0s / 25.0s
2025-09-08 18:54:23,371 - INFO -    Composite Score: 17.94
2025-09-08 18:54:24,090 - INFO - NEW BEST PERFORMANCE! Episode 26: 5.0379m
2025-09-08 18:54:24,115 - INFO - BEST MODEL SAVED! Episode 26, Error: 5.0379m
2025-09-08 18:54:24,115 - INFO - Best model path: /home/osos/Mohamed_Masters_Thesis/DHP_drone_updated/DHP/trained_models/dhp_cf2x_best
2025-09-08 18:54:24,115 - INFO - All model files saved successfully!
2025-09-08 18:54:28,636 - INFO -      30 |   73.65 |   41.580 |    5.8652 |   9.9s (39.5%) |   34.0s
2025-09-08 18:54:29,402 - INFO - NEW BEST PERFORMANCE! Episode 32: 0.5595m
2025-09-08 18:54:29,421 - INFO - BEST MODEL SAVED! Episode 32, Error: 0.5595m
2025-09-08 18:54:29,421 - INFO - Best model path: /home/osos/Mohamed_Masters_Thesis/DHP_drone_updated/DHP/trained_models/dhp_cf2x_best
2025-09-08 18:54:29,421 - INFO - All model files saved successfully!
2025-09-08 18:54:29,421 - INFO - CONVERGENCE EPISODE 32: 0.5595m
2025-09-08 18:54:29,615 - INFO - CONVERGENCE EPISODE 33: 0.7708m
2025-09-08 18:54:33,987 - INFO -      40 |   45.34 |   37.851 |    5.0798 |   3.2s (12.7%) |   39.3s
2025-09-08 18:54:37,849 - INFO - NEW BEST PERFORMANCE! Episode 43: 0.2790m
2025-09-08 18:54:37,873 - INFO - BEST MODEL SAVED! Episode 43, Error: 0.2790m
2025-09-08 18:54:37,873 - INFO - Best model path: /home/osos/Mohamed_Masters_Thesis/DHP_drone_updated/DHP/trained_models/dhp_cf2x_best
2025-09-08 18:54:37,873 - INFO - All model files saved successfully!
2025-09-08 18:54:37,873 - INFO - CONVERGENCE EPISODE 43: 0.2790m
2025-09-08 18:54:38,014 - INFO - NEW BEST PERFORMANCE! Episode 44: 0.2672m
2025-09-08 18:54:38,032 - INFO - BEST MODEL SAVED! Episode 44, Error: 0.2672m
2025-09-08 18:54:38,032 - INFO - Best model path: /home/osos/Mohamed_Masters_Thesis/DHP_drone_updated/DHP/trained_models/dhp_cf2x_best
2025-09-08 18:54:38,032 - INFO - All model files saved successfully!
2025-09-08 18:54:38,032 - INFO - CONVERGENCE EPISODE 44: 0.2672m
2025-09-08 18:54:42,866 - INFO - CONVERGENCE EPISODE 49: 0.3739m
2025-09-08 18:54:43,957 - INFO -      50 |   26.95 |   50.939 |    5.6428 |   5.6s (22.4%) |   49.3s
2025-09-08 18:54:44,064 - INFO - NEW BEST PERFORMANCE! Episode 51: 0.2128m
2025-09-08 18:54:44,082 - INFO - BEST MODEL SAVED! Episode 51, Error: 0.2128m
2025-09-08 18:54:44,083 - INFO - Best model path: /home/osos/Mohamed_Masters_Thesis/DHP_drone_updated/DHP/trained_models/dhp_cf2x_best
2025-09-08 18:54:44,083 - INFO - All model files saved successfully!
2025-09-08 18:54:44,083 - INFO - CONVERGENCE EPISODE 51: 0.2128m
2025-09-08 18:54:44,195 - INFO - CONVERGENCE EPISODE 52: 0.2512m
2025-09-08 18:54:44,314 - INFO - CONVERGENCE EPISODE 53: 0.2670m
2025-09-08 18:54:44,451 - INFO - CONVERGENCE EPISODE 54: 0.3415m
2025-09-08 18:54:47,017 - INFO - CONVERGENCE EPISODE 56: 0.3801m
2025-09-08 18:54:47,158 - INFO - CONVERGENCE EPISODE 57: 0.4167m
2025-09-08 18:54:48,031 - INFO - NEW BEST PERFORMANCE! Episode 59: 0.1089m
2025-09-08 18:54:48,051 - INFO - BEST MODEL SAVED! Episode 59, Error: 0.1089m
2025-09-08 18:54:48,051 - INFO - Best model path: /home/osos/Mohamed_Masters_Thesis/DHP_drone_updated/DHP/trained_models/dhp_cf2x_best
2025-09-08 18:54:48,051 - INFO - All model files saved successfully!
2025-09-08 18:54:48,051 - INFO - CONVERGENCE EPISODE 59: 0.1089m
2025-09-08 18:54:48,164 - INFO - CONVERGENCE EPISODE 60: 0.2468m
2025-09-08 18:54:48,164 - INFO -      60 |   15.91 |  199.900 |    0.2468 |   0.4s ( 1.6%) |   53.5s
2025-09-08 18:54:48,273 - INFO - CONVERGENCE EPISODE 61: 0.1584m
2025-09-08 18:54:48,370 - INFO - CONVERGENCE EPISODE 62: 0.1112m
2025-09-08 18:54:48,461 - INFO - CONVERGENCE EPISODE 63: 0.1106m
2025-09-08 18:54:48,564 - INFO - CONVERGENCE EPISODE 64: 0.1637m
2025-09-08 18:54:48,660 - INFO - CONVERGENCE EPISODE 65: 0.1367m
2025-09-08 18:54:48,764 - INFO - CONVERGENCE EPISODE 66: 0.2048m
2025-09-08 18:54:48,860 - INFO - CONVERGENCE EPISODE 67: 0.1364m
2025-09-08 18:54:48,959 - INFO - CONVERGENCE EPISODE 68: 0.1791m
2025-09-08 18:54:48,959 - INFO - STABLE PERFORMANCE ACHIEVED starting at episode 59
2025-09-08 18:54:49,057 - INFO - CONVERGENCE EPISODE 69: 0.1917m
2025-09-08 18:54:49,184 - INFO - CONVERGENCE EPISODE 70: 0.2593m
2025-09-08 18:54:49,185 - INFO -      70 |   19.59 |   97.816 |    0.2593 |   0.5s ( 2.0%) |   54.5s
2025-09-08 18:54:51,953 - INFO - CONVERGENCE EPISODE 72: 0.5561m
2025-09-08 18:54:57,070 - INFO -      80 |  113.69 |   99.185 |    1.9413 |   3.5s (13.9%) |   62.4s
2025-09-08 18:55:00,611 - INFO - CONVERGENCE EPISODE 85: 0.7103m
2025-09-08 18:55:01,301 - INFO - CONVERGENCE EPISODE 86: 0.5255m
2025-09-08 18:55:04,469 - INFO -      90 |  125.47 |   62.344 |    2.5625 |   5.9s (23.7%) |   69.8s
2025-09-08 18:55:08,197 - INFO - CONVERGENCE EPISODE 96: 0.9167m
2025-09-08 18:55:10,303 - INFO - CONVERGENCE EPISODE 99: 0.2222m
2025-09-08 18:55:10,943 - INFO - CONVERGENCE EPISODE 100: 0.4819m
2025-09-08 18:55:10,944 - INFO - 
2025-09-08 18:55:10,944 - INFO - MILESTONE 100 ANALYSIS:
2025-09-08 18:55:10,944 - INFO -   Recent 50 episodes avg position error: 1.9141 ± 1.8634m
2025-09-08 18:55:10,944 - INFO -   Recent 50 episodes avg cost: 82.873
2025-09-08 18:55:10,944 - INFO -   Convergent episodes ratio (< 1.0m): 48.00%
2025-09-08 18:55:10,944 - INFO -   Total convergent episodes so far: 29
2025-09-08 18:55:10,944 - INFO -   Best performance: 0.1089m at episode 59
2025-09-08 18:55:10,944 - INFO -   Stable performance maintained since episode 59
2025-09-08 18:55:10,944 - INFO - 
2025-09-08 18:55:10,944 - INFO -     100 |   85.53 |   51.244 |    0.4819 |   3.2s (12.7%) |   76.3s
2025-09-08 18:55:16,392 - INFO - 🏆 NEW BEST EPISODE (SMART CRITERIA)! Episode 102
2025-09-08 18:55:16,393 - INFO -    Position Error: 0.6548m
2025-09-08 18:55:16,393 - INFO -    Completion: 100.0% (750/750 steps)
2025-09-08 18:55:16,393 - INFO -    Duration: 25.0s / 25.0s
2025-09-08 18:55:16,393 - INFO -    Composite Score: 143.45
2025-09-08 18:55:16,393 - INFO - 🎯 NEW BEST COMPLETED EPISODE! Episode 102
2025-09-08 18:55:16,393 - INFO -    Position Error: 0.6548m (among completed episodes)
2025-09-08 18:55:16,393 - INFO -    Completion: 100.0% (750/750 steps)
2025-09-08 18:55:16,393 - INFO -    Duration: 25.0s
2025-09-08 18:55:16,400 - INFO - CONVERGENCE EPISODE 102: 0.6548m
2025-09-08 18:55:20,939 - INFO - CONVERGENCE EPISODE 103: 0.6549m
2025-09-08 18:55:27,656 - INFO - 🏆 NEW BEST EPISODE (SMART CRITERIA)! Episode 106
2025-09-08 18:55:27,656 - INFO -    Position Error: 0.6548m
2025-09-08 18:55:27,656 - INFO -    Completion: 100.0% (750/750 steps)
2025-09-08 18:55:27,656 - INFO -    Duration: 25.0s / 25.0s
2025-09-08 18:55:27,657 - INFO -    Composite Score: 143.45
2025-09-08 18:55:27,657 - INFO - 🎯 NEW BEST COMPLETED EPISODE! Episode 106
2025-09-08 18:55:27,657 - INFO -    Position Error: 0.6548m (among completed episodes)
2025-09-08 18:55:27,657 - INFO -    Completion: 100.0% (750/750 steps)
2025-09-08 18:55:27,657 - INFO -    Duration: 25.0s
2025-09-08 18:55:27,663 - INFO - CONVERGENCE EPISODE 106: 0.6548m
2025-09-08 18:55:32,208 - INFO - CONVERGENCE EPISODE 107: 0.6552m
2025-09-08 18:55:36,659 - INFO - 🏆 NEW BEST EPISODE (SMART CRITERIA)! Episode 108
2025-09-08 18:55:36,660 - INFO -    Position Error: 0.6543m
2025-09-08 18:55:36,660 - INFO -    Completion: 100.0% (750/750 steps)
2025-09-08 18:55:36,660 - INFO -    Duration: 25.0s / 25.0s
2025-09-08 18:55:36,660 - INFO -    Composite Score: 143.46
2025-09-08 18:55:36,660 - INFO - 🎯 NEW BEST COMPLETED EPISODE! Episode 108
2025-09-08 18:55:36,660 - INFO -    Position Error: 0.6543m (among completed episodes)
2025-09-08 18:55:36,660 - INFO -    Completion: 100.0% (750/750 steps)
2025-09-08 18:55:36,660 - INFO -    Duration: 25.0s
2025-09-08 18:55:36,666 - INFO - CONVERGENCE EPISODE 108: 0.6543m
2025-09-08 18:55:41,152 - INFO - CONVERGENCE EPISODE 109: 0.6547m
2025-09-08 18:55:45,731 - INFO - CONVERGENCE EPISODE 110: 0.6545m
2025-09-08 18:55:45,732 - INFO -     110 |  542.76 |    0.114 |    0.6545 |  25.0s (100.0%) |  111.1s
2025-09-08 18:55:51,395 - INFO - 🏆 NEW BEST EPISODE (SMART CRITERIA)! Episode 112
2025-09-08 18:55:51,395 - INFO -    Position Error: 0.6532m
2025-09-08 18:55:51,395 - INFO -    Completion: 100.0% (750/750 steps)
2025-09-08 18:55:51,395 - INFO -    Duration: 25.0s / 25.0s
2025-09-08 18:55:51,395 - INFO -    Composite Score: 143.47
2025-09-08 18:55:51,395 - INFO - 🎯 NEW BEST COMPLETED EPISODE! Episode 112
2025-09-08 18:55:51,395 - INFO -    Position Error: 0.6532m (among completed episodes)
2025-09-08 18:55:51,395 - INFO -    Completion: 100.0% (750/750 steps)
2025-09-08 18:55:51,395 - INFO -    Duration: 25.0s
2025-09-08 18:55:51,401 - INFO - CONVERGENCE EPISODE 112: 0.6532m
2025-09-08 18:55:55,988 - INFO - CONVERGENCE EPISODE 113: 0.6544m
2025-09-08 18:56:00,467 - INFO - CONVERGENCE EPISODE 114: 0.6555m
2025-09-08 18:56:05,004 - INFO - CONVERGENCE EPISODE 115: 0.6543m
2025-09-08 18:56:09,672 - INFO - CONVERGENCE EPISODE 116: 0.6547m
2025-09-08 18:56:14,192 - INFO - CONVERGENCE EPISODE 117: 0.6540m
2025-09-08 18:56:18,681 - INFO - CONVERGENCE EPISODE 118: 0.6539m
2025-09-08 18:56:23,153 - INFO - CONVERGENCE EPISODE 119: 0.6541m
2025-09-08 18:56:28,070 - INFO - CONVERGENCE EPISODE 120: 0.6537m
2025-09-08 18:56:28,070 - INFO -     120 |  542.18 |    0.092 |    0.6537 |  25.0s (100.0%) |  153.4s
2025-09-08 18:56:32,569 - INFO - CONVERGENCE EPISODE 121: 0.6538m
2025-09-08 18:56:37,132 - INFO - CONVERGENCE EPISODE 122: 0.9667m
2025-09-08 18:56:41,673 - INFO - CONVERGENCE EPISODE 123: 0.6540m
2025-09-08 18:56:46,195 - INFO - CONVERGENCE EPISODE 124: 0.6539m
2025-09-08 18:56:50,678 - INFO - CONVERGENCE EPISODE 125: 0.6539m
2025-09-08 18:56:55,116 - INFO - CONVERGENCE EPISODE 126: 0.6537m
2025-09-08 18:56:59,606 - INFO - CONVERGENCE EPISODE 127: 0.6539m
2025-09-08 18:57:04,093 - INFO - CONVERGENCE EPISODE 128: 0.6538m
2025-09-08 18:57:08,609 - INFO - CONVERGENCE EPISODE 129: 0.6537m
2025-09-08 18:57:13,352 - INFO - CONVERGENCE EPISODE 130: 0.6540m
2025-09-08 18:57:13,352 - INFO -     130 |  542.25 |    0.075 |    0.6540 |  25.0s (100.0%) |  198.7s
2025-09-08 18:57:17,980 - INFO - CONVERGENCE EPISODE 131: 0.6539m
2025-09-08 18:57:22,519 - INFO - CONVERGENCE EPISODE 132: 0.6537m
2025-09-08 18:57:26,936 - INFO - CONVERGENCE EPISODE 133: 0.6538m
2025-09-08 18:57:31,479 - INFO - CONVERGENCE EPISODE 134: 0.6540m
2025-09-08 18:57:36,013 - INFO - CONVERGENCE EPISODE 135: 0.6539m
2025-09-08 18:57:40,478 - INFO - CONVERGENCE EPISODE 136: 0.6539m
2025-09-08 18:57:44,917 - INFO - CONVERGENCE EPISODE 137: 0.6540m
2025-09-08 18:57:49,385 - INFO - CONVERGENCE EPISODE 138: 0.6538m
2025-09-08 18:57:53,830 - INFO - CONVERGENCE EPISODE 139: 0.6541m
2025-09-08 18:57:58,420 - INFO - CONVERGENCE EPISODE 140: 0.6540m
2025-09-08 18:57:58,421 - INFO -     140 |  542.24 |    0.123 |    0.6540 |  25.0s (100.0%) |  243.8s
2025-09-08 18:58:02,937 - INFO - 🏆 NEW BEST EPISODE (SMART CRITERIA)! Episode 141
2025-09-08 18:58:02,937 - INFO -    Position Error: 0.6524m
2025-09-08 18:58:02,937 - INFO -    Completion: 100.0% (750/750 steps)
2025-09-08 18:58:02,937 - INFO -    Duration: 25.0s / 25.0s
2025-09-08 18:58:02,937 - INFO -    Composite Score: 143.48
2025-09-08 18:58:02,937 - INFO - 🎯 NEW BEST COMPLETED EPISODE! Episode 141
2025-09-08 18:58:02,937 - INFO -    Position Error: 0.6524m (among completed episodes)
2025-09-08 18:58:02,937 - INFO -    Completion: 100.0% (750/750 steps)
2025-09-08 18:58:02,937 - INFO -    Duration: 25.0s
2025-09-08 18:58:02,944 - INFO - CONVERGENCE EPISODE 141: 0.6524m
2025-09-08 18:58:07,472 - INFO - CONVERGENCE EPISODE 142: 0.6645m
2025-09-08 18:58:12,151 - INFO - CONVERGENCE EPISODE 143: 0.6938m
2025-09-08 18:58:16,602 - INFO - 🏆 NEW BEST EPISODE (SMART CRITERIA)! Episode 144
2025-09-08 18:58:16,602 - INFO -    Position Error: 0.6444m
2025-09-08 18:58:16,602 - INFO -    Completion: 100.0% (750/750 steps)
2025-09-08 18:58:16,602 - INFO -    Duration: 25.0s / 25.0s
2025-09-08 18:58:16,603 - INFO -    Composite Score: 143.56
2025-09-08 18:58:16,603 - INFO - 🎯 NEW BEST COMPLETED EPISODE! Episode 144
2025-09-08 18:58:16,603 - INFO -    Position Error: 0.6444m (among completed episodes)
2025-09-08 18:58:16,603 - INFO -    Completion: 100.0% (750/750 steps)
2025-09-08 18:58:16,603 - INFO -    Duration: 25.0s
2025-09-08 18:58:16,610 - INFO - CONVERGENCE EPISODE 144: 0.6444m
2025-09-08 18:58:21,150 - INFO - 🏆 NEW BEST EPISODE (SMART CRITERIA)! Episode 145
2025-09-08 18:58:21,150 - INFO -    Position Error: 0.5651m
2025-09-08 18:58:21,150 - INFO -    Completion: 100.0% (750/750 steps)
2025-09-08 18:58:21,150 - INFO -    Duration: 25.0s / 25.0s
2025-09-08 18:58:21,150 - INFO -    Composite Score: 144.35
2025-09-08 18:58:21,150 - INFO - 🎯 NEW BEST COMPLETED EPISODE! Episode 145
2025-09-08 18:58:21,150 - INFO -    Position Error: 0.5651m (among completed episodes)
2025-09-08 18:58:21,150 - INFO -    Completion: 100.0% (750/750 steps)
2025-09-08 18:58:21,150 - INFO -    Duration: 25.0s
2025-09-08 18:58:21,160 - INFO - CONVERGENCE EPISODE 145: 0.5651m
2025-09-08 18:58:25,580 - INFO - CONVERGENCE EPISODE 146: 0.7292m
2025-09-08 18:58:30,100 - INFO - CONVERGENCE EPISODE 147: 0.5869m
2025-09-08 18:58:31,621 - INFO - NEW BEST PERFORMANCE! Episode 149: 0.4125m
2025-09-08 18:58:31,644 - INFO - BEST MODEL SAVED! Episode 149, Error: 0.4125m
2025-09-08 18:58:31,644 - INFO - Best model path: /home/osos/Mohamed_Masters_Thesis/DHP_drone_updated/DHP/trained_models/dhp_cf2x_best
2025-09-08 18:58:31,644 - INFO - All model files saved successfully!
2025-09-08 18:58:31,644 - INFO - CONVERGENCE EPISODE 149: 0.4125m
2025-09-08 18:58:31,958 - INFO - CONVERGENCE EPISODE 150: 0.4704m
2025-09-08 18:58:31,958 - INFO -     150 |   71.22 |   79.933 |    0.4704 |   1.6s ( 6.3%) |  277.3s
2025-09-08 18:58:32,392 - INFO - CONVERGENCE EPISODE 151: 0.8510m
2025-09-08 18:58:34,531 - INFO - CONVERGENCE EPISODE 154: 0.6328m
2025-09-08 18:58:36,370 - INFO - NEW BEST PERFORMANCE! Episode 157: 0.2935m
2025-09-08 18:58:36,392 - INFO - BEST MODEL SAVED! Episode 157, Error: 0.2935m
2025-09-08 18:58:36,392 - INFO - Best model path: /home/osos/Mohamed_Masters_Thesis/DHP_drone_updated/DHP/trained_models/dhp_cf2x_best
2025-09-08 18:58:36,392 - INFO - All model files saved successfully!
2025-09-08 18:58:36,392 - INFO - CONVERGENCE EPISODE 157: 0.2935m
2025-09-08 18:58:38,312 - INFO -     160 |   98.84 |   36.778 |    4.9578 |   3.5s (14.0%) |  283.7s
2025-09-08 18:58:40,867 - INFO - NEW BEST PERFORMANCE! Episode 165: 0.2264m
2025-09-08 18:58:40,887 - INFO - BEST MODEL SAVED! Episode 165, Error: 0.2264m
2025-09-08 18:58:40,887 - INFO - Best model path: /home/osos/Mohamed_Masters_Thesis/DHP_drone_updated/DHP/trained_models/dhp_cf2x_best
2025-09-08 18:58:40,887 - INFO - All model files saved successfully!
2025-09-08 18:58:40,887 - INFO - CONVERGENCE EPISODE 165: 0.2264m
2025-09-08 18:58:44,360 - INFO -     170 |   75.47 |   66.293 |    3.1565 |   4.4s (17.5%) |  289.7s
2025-09-08 18:58:46,761 - INFO - CONVERGENCE EPISODE 174: 0.9067m
2025-09-08 18:58:47,849 - INFO - CONVERGENCE EPISODE 176: 0.8651m
2025-09-08 18:58:48,350 - INFO - CONVERGENCE EPISODE 177: 0.9886m
2025-09-08 18:58:50,302 - INFO -     180 |   84.87 |   15.580 |    1.1773 |   2.2s ( 8.7%) |  295.6s
2025-09-08 18:58:53,456 - INFO - CONVERGENCE EPISODE 185: 0.9508m
2025-09-08 18:58:56,764 - INFO -     190 |  145.33 |   13.274 |    5.2939 |   4.4s (17.7%) |  302.1s
2025-09-08 18:58:57,284 - INFO - CONVERGENCE EPISODE 191: 0.6862m
2025-09-08 18:59:02,547 - INFO - CONVERGENCE EPISODE 198: 0.9475m
2025-09-08 18:59:03,443 - INFO - 
================================================================================
2025-09-08 18:59:03,443 - INFO - TRAINING COMPLETED - FINAL ANALYSIS
2025-09-08 18:59:03,443 - INFO - ================================================================================
2025-09-08 18:59:03,444 - INFO - Total training time: 308.8 seconds (5.1 minutes)
2025-09-08 18:59:03,444 - INFO - Final episode reward: 133.04
2025-09-08 18:59:03,444 - INFO - Final position error: 5.4314m
2025-09-08 18:59:03,444 - INFO - 
EPISODE COMPLETION STATISTICS:
2025-09-08 18:59:03,444 - INFO - Average completion rate: 33.1%
2025-09-08 18:59:03,444 - INFO - Episodes completed (≥90%): 43/200 (21.5%)
2025-09-08 18:59:03,444 - INFO - Best completed episode: #145 with error 0.5651m
2025-09-08 18:59:03,444 - INFO - 
BEST EPISODE ANALYSIS:
2025-09-08 18:59:03,444 - INFO - Best overall episode (smart criteria): #165
2025-09-08 18:59:03,444 - INFO -   Position error: 0.2264m
2025-09-08 18:59:03,444 - INFO -   Composite score: 144.35
2025-09-08 18:59:03,444 - INFO - Total convergent episodes (< 1.0m): 84/200 (42.00%)
2025-09-08 18:59:03,444 - INFO - Stable performance achieved: Yes (from episode 59, duration: 141 episodes)
2025-09-08 18:59:03,444 - INFO - Position error statistics:
2025-09-08 18:59:03,444 - INFO -   Mean: 2.5589m
2025-09-08 18:59:03,444 - INFO -   Std:  2.0516m
2025-09-08 18:59:03,444 - INFO -   Min:  0.1089m
2025-09-08 18:59:03,444 - INFO -   Max:  6.9928m
2025-09-08 18:59:03,444 - INFO -   Median: 1.8768m
2025-09-08 18:59:03,445 - INFO - Performance distribution:
2025-09-08 18:59:03,445 - INFO -   Excellent (< 0.5m): 27 episodes (13.5%)
2025-09-08 18:59:03,445 - INFO -   Good (0.5-1.0m):   57 episodes (28.5%)
2025-09-08 18:59:03,445 - INFO -   Acceptable (1.0-1.5m): 8 episodes (4.0%)
2025-09-08 18:59:03,445 - INFO -   Poor (> 1.5m):     108 episodes (54.0%)
2025-09-08 18:59:03,445 - INFO - 
TRAINING CONFIGURATION EFFECTIVENESS:
2025-09-08 18:59:03,445 - INFO - ----------------------------------------
2025-09-08 18:59:03,445 - INFO - Episodes needed for first convergence: 32
2025-09-08 18:59:03,445 - INFO - Excitation phase ended at episode: 6
2025-09-08 18:59:03,446 - INFO - Training metrics saved to: /home/osos/Mohamed_Masters_Thesis/DHP_drone_updated/DHP/training_logs/dhp_split_metrics_20250908_185903.json
2025-09-08 18:59:03,447 - INFO - 
BEST MODEL CONFIRMED:
2025-09-08 18:59:03,447 - INFO -   Episode: 165
2025-09-08 18:59:03,447 - INFO -   Position Error: 0.2264m
2025-09-08 18:59:03,447 - INFO -   Model files: dhp_cf2x_best_*
2025-09-08 18:59:03,447 - INFO - ================================================================================
2025-09-08 18:59:03,447 - INFO - TRAINING SESSION COMPLETED
2025-09-08 18:59:03,447 - INFO - Detailed log saved to: /home/osos/Mohamed_Masters_Thesis/DHP_drone_updated/DHP/training_logs/dhp_split_training_20250908_185354.log
2025-09-08 18:59:03,447 - INFO - ================================================================================
2025-09-08 18:59:26,677 - INFO - 
==================================================
2025-09-08 18:59:26,677 - INFO - STARTING POLICY DEMONSTRATION
2025-09-08 18:59:26,677 - INFO - ==================================================
2025-09-08 18:59:26,887 - INFO - Restoring parameters from /home/osos/Mohamed_Masters_Thesis/DHP_drone_updated/DHP/trained_models/dhp_cf2x_best
2025-09-08 18:59:29,677 - INFO - Trajectory demonstration completed for spiral trajectory
2025-09-08 18:59:29,677 - INFO - Training and demonstration session completed successfully!
