2025-09-08 17:48:11,651 - INFO - ================================================================================
2025-09-08 17:48:11,651 - INFO - DHP SPLIT ARCHITECTURE TRAINING SESSION STARTED
2025-09-08 17:48:11,651 - INFO - ================================================================================
2025-09-08 17:48:11,651 - INFO - HYPERPARAMETERS:
2025-09-08 17:48:11,651 - INFO - ----------------------------------------
2025-09-08 17:48:11,651 - INFO - action_size              : 4
2025-09-08 17:48:11,651 - INFO - best_episode_gui         : False
2025-09-08 17:48:11,652 - INFO - coordination_strength    : 0.1
2025-09-08 17:48:11,652 - INFO - coordination_warmup_episodes: 400
2025-09-08 17:48:11,652 - INFO - dt                       : 0.03333333333333333
2025-09-08 17:48:11,652 - INFO - episode_length           : 20.0
2025-09-08 17:48:11,652 - INFO - excitation_amplitude     : 0.03
2025-09-08 17:48:11,652 - INFO - excitation_steps         : 12500
2025-09-08 17:48:11,652 - INFO - gamma                    : 0.98
2025-09-08 17:48:11,652 - INFO - gradient_clip_value      : 0.5
2025-09-08 17:48:11,652 - INFO - gui                      : False
2025-09-08 17:48:11,652 - INFO - hidden_layer_size        : [64, 64, 32]
2025-09-08 17:48:11,652 - INFO - log_interval             : 10
2025-09-08 17:48:11,652 - INFO - lr_actor                 : 0.005
2025-09-08 17:48:11,652 - INFO - lr_critic                : 0.01
2025-09-08 17:48:11,652 - INFO - lr_decay                 : 0.9999
2025-09-08 17:48:11,652 - INFO - normalize_states         : True
2025-09-08 17:48:11,652 - INFO - num_episodes             : 2500
2025-09-08 17:48:11,652 - INFO - predict_delta            : False
2025-09-08 17:48:11,652 - INFO - record                   : False
2025-09-08 17:48:11,652 - INFO - record_best_episodes     : True
2025-09-08 17:48:11,652 - INFO - recording_fps            : 30
2025-09-08 17:48:11,652 - INFO - reference_size           : 8
2025-09-08 17:48:11,652 - INFO - rls_action_size          : 4
2025-09-08 17:48:11,652 - INFO - rls_covariance           : 100.0
2025-09-08 17:48:11,652 - INFO - rls_gamma                : 0.9995
2025-09-08 17:48:11,652 - INFO - rls_state_size           : 8
2025-09-08 17:48:11,652 - INFO - save_interval            : 100
2025-09-08 17:48:11,652 - INFO - split                    : False
2025-09-08 17:48:11,652 - INFO - state_bounds             : {'z': [0.0, 5.0], 'roll': [-1.5707963267948966, 1.5707963267948966], 'pitch': [-1.5707963267948966, 1.5707963267948966], 'yaw': [-3.141592653589793, 3.141592653589793], 'vz': [-12.0, 12.0], 'wx': [-10.0, 10.0], 'wy': [-10.0, 10.0], 'wz': [-10.0, 10.0]}
2025-09-08 17:48:11,652 - INFO - state_size               : 8
2025-09-08 17:48:11,652 - INFO - target_network           : True
2025-09-08 17:48:11,652 - INFO - target_pos               : [0.5, 0.5, 1.0]
2025-09-08 17:48:11,653 - INFO - tau                      : 0.001
2025-09-08 17:48:11,653 - INFO - trajectory_type          : spiral
2025-09-08 17:48:11,653 - INFO - update_cycles            : 2
2025-09-08 17:48:11,653 - INFO - use_trajectory           : False
2025-09-08 17:48:11,653 - INFO - ----------------------------------------
2025-09-08 17:48:11,653 - INFO - Log file: /home/osos/Mohamed_Masters_Thesis/DHP_drone_updated/DHP/training_logs/dhp_split_training_20250908_174811.log
2025-09-08 17:48:11,653 - INFO - ================================================================================
2025-09-08 17:48:11,653 - INFO - 
TRAJECTORY TRAINING CONFIGURATION:
2025-09-08 17:48:11,653 - INFO -   num_episodes: 500
2025-09-08 17:48:11,653 - INFO -   episode_length: 25.0
2025-09-08 17:48:11,653 - INFO -   excitation_steps: 5000
2025-09-08 17:48:11,653 - INFO -   log_interval: 10
2025-09-08 17:48:11,653 - INFO -   save_interval: 50
2025-09-08 17:48:11,653 - INFO -   gui: False
2025-09-08 17:48:11,653 - INFO -   record: False
2025-09-08 17:48:11,653 - INFO -   normalize_states: True
2025-09-08 17:48:11,653 - INFO -   record_best_episodes: True
2025-09-08 17:48:11,653 - INFO -   coordination_warmup_episodes: 200
2025-09-08 17:48:11,653 - INFO -   coordination_strength: 0.15
2025-09-08 17:48:11,653 - INFO -   use_trajectory: True
2025-09-08 17:48:11,653 - INFO -   trajectory_type: spiral
2025-09-08 17:48:11,653 - INFO -   target_pos: [0.0, 0.0, 1.0]
2025-09-08 17:48:11,653 - INFO - 
==================================================
2025-09-08 17:48:11,653 - INFO - STARTING DHP TRAINING FOR CF2X QUADROTOR
2025-09-08 17:48:11,653 - INFO - ==================================================
2025-09-08 17:48:11,767 - WARNING - From /home/osos/Mohamed_Masters_Thesis/DHP_drone_updated/msc-thesis/agents/dhp.py:88: The name tf.Session is deprecated. Please use tf.compat.v1.Session instead.

2025-09-08 17:48:11,852 - WARNING - From /home/osos/Mohamed_Masters_Thesis/DHP_drone_updated/msc-thesis/agents/dhp.py:117: The name tf.placeholder is deprecated. Please use tf.compat.v1.placeholder instead.

2025-09-08 17:48:11,854 - WARNING - From /home/osos/Mohamed_Masters_Thesis/DHP_drone_updated/msc-thesis/agents/dhp.py:119: The name tf.placeholder_with_default is deprecated. Please use tf.compat.v1.placeholder_with_default instead.

2025-09-08 17:48:11,856 - WARNING - From /home/osos/Mohamed_Masters_Thesis/DHP_drone_updated/msc-thesis/agents/dhp.py:141: The name tf.variable_scope is deprecated. Please use tf.compat.v1.variable_scope instead.

2025-09-08 17:48:11,857 - WARNING - From /home/osos/Mohamed_Masters_Thesis/DHP_drone_updated/msc-thesis/agents/dhp.py:145: dense (from tensorflow.python.layers.core) is deprecated and will be removed in a future version.
Instructions for updating:
Use keras.layers.Dense instead.
2025-09-08 17:48:11,858 - WARNING - From /home/osos/anaconda3/envs/DHP/lib/python3.7/site-packages/tensorflow_core/python/layers/core.py:187: Layer.apply (from tensorflow.python.keras.engine.base_layer) is deprecated and will be removed in a future version.
Instructions for updating:
Please use `layer.__call__` method instead.
2025-09-08 17:48:11,884 - WARNING - From /home/osos/Mohamed_Masters_Thesis/DHP_drone_updated/msc-thesis/agents/dhp.py:150: The name tf.trainable_variables is deprecated. Please use tf.compat.v1.trainable_variables instead.

2025-09-08 17:48:11,896 - WARNING - From /home/osos/Mohamed_Masters_Thesis/DHP_drone_updated/msc-thesis/agents/dhp.py:156: The name tf.train.GradientDescentOptimizer is deprecated. Please use tf.compat.v1.train.GradientDescentOptimizer instead.

2025-09-08 17:48:11,924 - WARNING - From /home/osos/Mohamed_Masters_Thesis/DHP_drone_updated/msc-thesis/agents/dhp.py:173: The name tf.assign is deprecated. Please use tf.compat.v1.assign instead.

2025-09-08 17:48:12,051 - WARNING - From /home/osos/Mohamed_Masters_Thesis/DHP_drone_updated/msc-thesis/agents/dhp.py:97: The name tf.summary.merge_all is deprecated. Please use tf.compat.v1.summary.merge_all instead.

2025-09-08 17:48:12,051 - WARNING - From /home/osos/Mohamed_Masters_Thesis/DHP_drone_updated/msc-thesis/agents/dhp.py:98: The name tf.train.Saver is deprecated. Please use tf.compat.v1.train.Saver instead.

2025-09-08 17:48:12,064 - WARNING - From /home/osos/Mohamed_Masters_Thesis/DHP_drone_updated/msc-thesis/agents/dhp.py:99: The name tf.global_variables_initializer is deprecated. Please use tf.compat.v1.global_variables_initializer instead.

2025-09-08 17:48:12,121 - INFO - 
Training for 500 episodes...
2025-09-08 17:48:12,121 - INFO - Episode | Reward  | Avg Cost | Pos Error | Duration (Completion) | Time
2025-09-08 17:48:12,121 - INFO - -------------------------------------------------------------------------------------
2025-09-08 17:48:13,062 - INFO - 🏆 NEW BEST EPISODE (SMART CRITERIA)! Episode 0
2025-09-08 17:48:13,062 - INFO -    Position Error: 5.2682m
2025-09-08 17:48:13,062 - INFO -    Completion: 12.5% (94/750 steps)
2025-09-08 17:48:13,062 - INFO -    Duration: 3.1s / 25.0s
2025-09-08 17:48:13,062 - INFO -    Composite Score: -40.15
2025-09-08 17:48:13,062 - INFO -       0 |   47.12 |   41.746 |    5.2682 |   3.1s (12.5%) |    0.9s
2025-09-08 17:48:13,899 - INFO - 🏆 NEW BEST EPISODE (SMART CRITERIA)! Episode 1
2025-09-08 17:48:13,899 - INFO -    Position Error: 5.3698m
2025-09-08 17:48:13,899 - INFO -    Completion: 16.3% (122/750 steps)
2025-09-08 17:48:13,899 - INFO -    Duration: 4.1s / 25.0s
2025-09-08 17:48:13,899 - INFO -    Composite Score: -37.43
2025-09-08 17:48:14,537 - INFO - NEW BEST PERFORMANCE! Episode 2: 5.0320m
2025-09-08 17:48:14,574 - INFO - BEST MODEL SAVED! Episode 2, Error: 5.0320m
2025-09-08 17:48:14,574 - INFO - Best model path: /home/osos/Mohamed_Masters_Thesis/DHP_drone_updated/DHP/trained_models/dhp_cf2x_best
2025-09-08 17:48:14,574 - INFO - All model files saved successfully!
2025-09-08 17:48:15,394 - INFO - 🏆 NEW BEST EPISODE (SMART CRITERIA)! Episode 3
2025-09-08 17:48:15,395 - INFO -    Position Error: 5.1906m
2025-09-08 17:48:15,395 - INFO -    Completion: 16.0% (120/750 steps)
2025-09-08 17:48:15,395 - INFO -    Duration: 4.0s / 25.0s
2025-09-08 17:48:15,395 - INFO -    Composite Score: -35.91
2025-09-08 17:48:16,120 - INFO - 🏆 NEW BEST EPISODE (SMART CRITERIA)! Episode 4
2025-09-08 17:48:16,120 - INFO -    Position Error: 4.7922m
2025-09-08 17:48:16,120 - INFO -    Completion: 14.4% (108/750 steps)
2025-09-08 17:48:16,120 - INFO -    Duration: 3.6s / 25.0s
2025-09-08 17:48:16,120 - INFO -    Composite Score: -33.52
2025-09-08 17:48:18,145 - INFO - 🏆 NEW BEST EPISODE (SMART CRITERIA)! Episode 5
2025-09-08 17:48:18,145 - INFO -    Position Error: 4.1722m
2025-09-08 17:48:18,145 - INFO -    Completion: 41.7% (313/750 steps)
2025-09-08 17:48:18,145 - INFO -    Duration: 10.4s / 25.0s
2025-09-08 17:48:18,145 - INFO -    Composite Score: 0.01
2025-09-08 17:48:25,781 - INFO -      10 |   42.69 |   50.277 |    6.0080 |  14.0s (55.9%) |   13.7s
2025-09-08 17:48:27,469 - INFO - NEW BEST PERFORMANCE! Episode 12: 0.4842m
2025-09-08 17:48:27,495 - INFO - BEST MODEL SAVED! Episode 12, Error: 0.4842m
2025-09-08 17:48:27,495 - INFO - Best model path: /home/osos/Mohamed_Masters_Thesis/DHP_drone_updated/DHP/trained_models/dhp_cf2x_best
2025-09-08 17:48:27,495 - INFO - All model files saved successfully!
2025-09-08 17:48:27,495 - INFO - CONVERGENCE EPISODE 12: 0.4842m
2025-09-08 17:48:32,015 - INFO - NEW BEST PERFORMANCE! Episode 19: 0.4688m
2025-09-08 17:48:32,038 - INFO - BEST MODEL SAVED! Episode 19, Error: 0.4688m
2025-09-08 17:48:32,038 - INFO - Best model path: /home/osos/Mohamed_Masters_Thesis/DHP_drone_updated/DHP/trained_models/dhp_cf2x_best
2025-09-08 17:48:32,038 - INFO - All model files saved successfully!
2025-09-08 17:48:32,038 - INFO - CONVERGENCE EPISODE 19: 0.4688m
2025-09-08 17:48:33,230 - INFO -      20 |   42.86 |   54.778 |    5.6414 |   6.2s (24.8%) |   21.1s
2025-09-08 17:48:33,358 - INFO - NEW BEST PERFORMANCE! Episode 21: 0.3374m
2025-09-08 17:48:33,376 - INFO - BEST MODEL SAVED! Episode 21, Error: 0.3374m
2025-09-08 17:48:33,377 - INFO - Best model path: /home/osos/Mohamed_Masters_Thesis/DHP_drone_updated/DHP/trained_models/dhp_cf2x_best
2025-09-08 17:48:33,377 - INFO - All model files saved successfully!
2025-09-08 17:48:33,377 - INFO - CONVERGENCE EPISODE 21: 0.3374m
2025-09-08 17:48:34,679 - INFO - CONVERGENCE EPISODE 25: 0.6028m
2025-09-08 17:48:35,158 - INFO - CONVERGENCE EPISODE 27: 0.5129m
2025-09-08 17:48:35,791 - INFO - NEW BEST PERFORMANCE! Episode 29: 0.2178m
2025-09-08 17:48:35,812 - INFO - BEST MODEL SAVED! Episode 29, Error: 0.2178m
2025-09-08 17:48:35,813 - INFO - Best model path: /home/osos/Mohamed_Masters_Thesis/DHP_drone_updated/DHP/trained_models/dhp_cf2x_best
2025-09-08 17:48:35,813 - INFO - All model files saved successfully!
2025-09-08 17:48:35,813 - INFO - CONVERGENCE EPISODE 29: 0.2178m
2025-09-08 17:48:36,060 - INFO - CONVERGENCE EPISODE 30: 0.4611m
2025-09-08 17:48:36,060 - INFO -      30 |   46.21 |   90.483 |    0.4611 |   1.1s ( 4.5%) |   23.9s
2025-09-08 17:48:38,286 - INFO - CONVERGENCE EPISODE 34: 0.3310m
2025-09-08 17:48:38,686 - INFO - CONVERGENCE EPISODE 35: 0.7470m
2025-09-08 17:48:39,019 - INFO - CONVERGENCE EPISODE 36: 0.8998m
2025-09-08 17:48:39,818 - INFO - CONVERGENCE EPISODE 39: 0.3857m
2025-09-08 17:48:40,299 - INFO -      40 |   72.09 |   92.281 |    3.7413 |   2.6s (10.4%) |   28.2s
2025-09-08 17:48:40,527 - INFO - CONVERGENCE EPISODE 41: 0.2559m
2025-09-08 17:48:41,206 - INFO - 🏆 NEW BEST EPISODE (SMART CRITERIA)! Episode 42
2025-09-08 17:48:41,206 - INFO -    Position Error: 1.4743m
2025-09-08 17:48:41,206 - INFO -    Completion: 14.8% (111/750 steps)
2025-09-08 17:48:41,206 - INFO -    Duration: 3.7s / 25.0s
2025-09-08 17:48:41,206 - INFO -    Composite Score: 0.06
2025-09-08 17:48:41,305 - INFO - NEW BEST PERFORMANCE! Episode 43: 0.1470m
2025-09-08 17:48:41,327 - INFO - BEST MODEL SAVED! Episode 43, Error: 0.1470m
2025-09-08 17:48:41,327 - INFO - Best model path: /home/osos/Mohamed_Masters_Thesis/DHP_drone_updated/DHP/trained_models/dhp_cf2x_best
2025-09-08 17:48:41,327 - INFO - All model files saved successfully!
2025-09-08 17:48:41,327 - INFO - CONVERGENCE EPISODE 43: 0.1470m
2025-09-08 17:48:42,741 - INFO - 🏆 NEW BEST EPISODE (SMART CRITERIA)! Episode 46
2025-09-08 17:48:42,741 - INFO -    Position Error: 0.6471m
2025-09-08 17:48:42,742 - INFO -    Completion: 11.1% (83/750 steps)
2025-09-08 17:48:42,742 - INFO -    Duration: 2.8s / 25.0s
2025-09-08 17:48:42,742 - INFO -    Composite Score: 4.60
2025-09-08 17:48:42,743 - INFO - CONVERGENCE EPISODE 46: 0.6471m
2025-09-08 17:48:44,796 - INFO -      50 |   30.58 |   54.037 |    2.1797 |   1.2s ( 4.7%) |   32.7s
2025-09-08 17:48:44,930 - INFO - NEW BEST PERFORMANCE! Episode 51: 0.3267m
2025-09-08 17:48:44,948 - INFO - BEST MODEL SAVED! Episode 51, Error: 0.3267m
2025-09-08 17:48:44,948 - INFO - Best model path: /home/osos/Mohamed_Masters_Thesis/DHP_drone_updated/DHP/trained_models/dhp_cf2x_best
2025-09-08 17:48:44,949 - INFO - All model files saved successfully!
2025-09-08 17:48:44,949 - INFO - CONVERGENCE EPISODE 51: 0.3267m
2025-09-08 17:48:45,169 - INFO - CONVERGENCE EPISODE 52: 0.6365m
2025-09-08 17:48:51,503 - INFO -      60 |   83.18 |   71.033 |    2.7417 |   5.5s (22.0%) |   39.4s
2025-09-08 17:48:52,283 - INFO - CONVERGENCE EPISODE 62: 0.9729m
2025-09-08 17:48:57,954 - INFO - 🏆 NEW BEST EPISODE (SMART CRITERIA)! Episode 69
2025-09-08 17:48:57,955 - INFO -    Position Error: 0.6539m
2025-09-08 17:48:57,955 - INFO -    Completion: 16.3% (122/750 steps)
2025-09-08 17:48:57,955 - INFO -    Duration: 4.1s / 25.0s
2025-09-08 17:48:57,955 - INFO -    Composite Score: 9.73
2025-09-08 17:48:57,956 - INFO - CONVERGENCE EPISODE 69: 0.6539m
2025-09-08 17:48:59,352 - INFO -      70 |  125.41 |   50.968 |    5.4992 |   6.5s (26.1%) |   47.2s
2025-09-08 17:49:04,032 - INFO - CONVERGENCE EPISODE 76: 0.7359m
2025-09-08 17:49:07,136 - INFO -      80 |  132.61 |  104.264 |    4.1914 |   4.6s (18.4%) |   55.0s
2025-09-08 17:49:14,638 - INFO -      90 |  114.17 |   72.369 |    4.8275 |   3.3s (13.2%) |   62.5s
2025-09-08 17:49:22,773 - INFO - 
2025-09-08 17:49:22,773 - INFO - MILESTONE 100 ANALYSIS:
2025-09-08 17:49:22,773 - INFO -   Recent 50 episodes avg position error: 2.9394 ± 1.4312m
2025-09-08 17:49:22,773 - INFO -   Recent 50 episodes avg cost: 81.637
2025-09-08 17:49:22,773 - INFO -   Convergent episodes ratio (< 1.0m): 10.00%
2025-09-08 17:49:22,773 - INFO -   Total convergent episodes so far: 19
2025-09-08 17:49:22,773 - INFO -   Best performance: 0.6539m at episode 69
2025-09-08 17:49:22,773 - INFO -   Stable performance not yet achieved
2025-09-08 17:49:22,773 - INFO - 
2025-09-08 17:49:22,773 - INFO -     100 |  110.18 |   60.635 |    2.0019 |   2.9s (11.5%) |   70.7s
2025-09-08 17:49:25,815 - INFO - 🏆 NEW BEST EPISODE (SMART CRITERIA)! Episode 101
2025-09-08 17:49:25,815 - INFO -    Position Error: 1.6923m
2025-09-08 17:49:25,815 - INFO -    Completion: 65.6% (492/750 steps)
2025-09-08 17:49:25,815 - INFO -    Duration: 16.4s / 25.0s
2025-09-08 17:49:25,815 - INFO -    Composite Score: 48.68
2025-09-08 17:49:27,948 - INFO - NEW BEST PERFORMANCE! Episode 103: 0.8353m
2025-09-08 17:49:27,967 - INFO - BEST MODEL SAVED! Episode 103, Error: 0.8353m
2025-09-08 17:49:27,967 - INFO - Best model path: /home/osos/Mohamed_Masters_Thesis/DHP_drone_updated/DHP/trained_models/dhp_cf2x_best
2025-09-08 17:49:27,967 - INFO - All model files saved successfully!
2025-09-08 17:49:27,967 - INFO - CONVERGENCE EPISODE 103: 0.8353m
2025-09-08 17:49:33,489 - INFO - 🏆 NEW BEST EPISODE (SMART CRITERIA)! Episode 105
2025-09-08 17:49:33,489 - INFO -    Position Error: 0.6557m
2025-09-08 17:49:33,489 - INFO -    Completion: 100.0% (750/750 steps)
2025-09-08 17:49:33,489 - INFO -    Duration: 25.0s / 25.0s
2025-09-08 17:49:33,489 - INFO -    Composite Score: 143.44
2025-09-08 17:49:33,490 - INFO - 🎯 NEW BEST COMPLETED EPISODE! Episode 105
2025-09-08 17:49:33,490 - INFO -    Position Error: 0.6557m (among completed episodes)
2025-09-08 17:49:33,490 - INFO -    Completion: 100.0% (750/750 steps)
2025-09-08 17:49:33,490 - INFO -    Duration: 25.0s
2025-09-08 17:49:33,498 - INFO - CONVERGENCE EPISODE 105: 0.6557m
2025-09-08 17:49:37,962 - INFO - 🏆 NEW BEST EPISODE (SMART CRITERIA)! Episode 106
2025-09-08 17:49:37,962 - INFO -    Position Error: 0.6547m
2025-09-08 17:49:37,962 - INFO -    Completion: 100.0% (750/750 steps)
2025-09-08 17:49:37,962 - INFO -    Duration: 25.0s / 25.0s
2025-09-08 17:49:37,962 - INFO -    Composite Score: 143.45
2025-09-08 17:49:37,963 - INFO - 🎯 NEW BEST COMPLETED EPISODE! Episode 106
2025-09-08 17:49:37,963 - INFO -    Position Error: 0.6547m (among completed episodes)
2025-09-08 17:49:37,963 - INFO -    Completion: 100.0% (750/750 steps)
2025-09-08 17:49:37,963 - INFO -    Duration: 25.0s
2025-09-08 17:49:37,968 - INFO - CONVERGENCE EPISODE 106: 0.6547m
2025-09-08 17:49:42,545 - INFO - CONVERGENCE EPISODE 107: 0.6551m
2025-09-08 17:49:46,994 - INFO - 🏆 NEW BEST EPISODE (SMART CRITERIA)! Episode 108
2025-09-08 17:49:46,994 - INFO -    Position Error: 0.6545m
2025-09-08 17:49:46,995 - INFO -    Completion: 100.0% (750/750 steps)
2025-09-08 17:49:46,995 - INFO -    Duration: 25.0s / 25.0s
2025-09-08 17:49:46,995 - INFO -    Composite Score: 143.45
2025-09-08 17:49:46,995 - INFO - 🎯 NEW BEST COMPLETED EPISODE! Episode 108
2025-09-08 17:49:46,995 - INFO -    Position Error: 0.6545m (among completed episodes)
2025-09-08 17:49:46,995 - INFO -    Completion: 100.0% (750/750 steps)
2025-09-08 17:49:46,995 - INFO -    Duration: 25.0s
2025-09-08 17:49:47,002 - INFO - CONVERGENCE EPISODE 108: 0.6545m
2025-09-08 17:49:51,465 - INFO - 🏆 NEW BEST EPISODE (SMART CRITERIA)! Episode 109
2025-09-08 17:49:51,465 - INFO -    Position Error: 0.6542m
2025-09-08 17:49:51,465 - INFO -    Completion: 100.0% (750/750 steps)
2025-09-08 17:49:51,465 - INFO -    Duration: 25.0s / 25.0s
2025-09-08 17:49:51,465 - INFO -    Composite Score: 143.46
2025-09-08 17:49:51,465 - INFO - 🎯 NEW BEST COMPLETED EPISODE! Episode 109
2025-09-08 17:49:51,465 - INFO -    Position Error: 0.6542m (among completed episodes)
2025-09-08 17:49:51,465 - INFO -    Completion: 100.0% (750/750 steps)
2025-09-08 17:49:51,466 - INFO -    Duration: 25.0s
2025-09-08 17:49:51,472 - INFO - CONVERGENCE EPISODE 109: 0.6542m
2025-09-08 17:49:55,949 - INFO - CONVERGENCE EPISODE 110: 0.6546m
2025-09-08 17:49:55,949 - INFO -     110 |  542.79 |    0.156 |    0.6546 |  25.0s (100.0%) |  103.8s
2025-09-08 17:50:00,453 - INFO - CONVERGENCE EPISODE 111: 0.6544m
2025-09-08 17:50:05,023 - INFO - CONVERGENCE EPISODE 112: 0.6543m
2025-09-08 17:50:09,720 - INFO - 🏆 NEW BEST EPISODE (SMART CRITERIA)! Episode 113
2025-09-08 17:50:09,720 - INFO -    Position Error: 0.6541m
2025-09-08 17:50:09,720 - INFO -    Completion: 100.0% (750/750 steps)
2025-09-08 17:50:09,720 - INFO -    Duration: 25.0s / 25.0s
2025-09-08 17:50:09,720 - INFO -    Composite Score: 143.46
2025-09-08 17:50:09,720 - INFO - 🎯 NEW BEST COMPLETED EPISODE! Episode 113
2025-09-08 17:50:09,720 - INFO -    Position Error: 0.6541m (among completed episodes)
2025-09-08 17:50:09,720 - INFO -    Completion: 100.0% (750/750 steps)
2025-09-08 17:50:09,720 - INFO -    Duration: 25.0s
2025-09-08 17:50:09,730 - INFO - CONVERGENCE EPISODE 113: 0.6541m
2025-09-08 17:50:14,237 - INFO - 🏆 NEW BEST EPISODE (SMART CRITERIA)! Episode 114
2025-09-08 17:50:14,238 - INFO -    Position Error: 0.6541m
2025-09-08 17:50:14,238 - INFO -    Completion: 100.0% (750/750 steps)
2025-09-08 17:50:14,238 - INFO -    Duration: 25.0s / 25.0s
2025-09-08 17:50:14,238 - INFO -    Composite Score: 143.46
2025-09-08 17:50:14,238 - INFO - 🎯 NEW BEST COMPLETED EPISODE! Episode 114
2025-09-08 17:50:14,238 - INFO -    Position Error: 0.6541m (among completed episodes)
2025-09-08 17:50:14,238 - INFO -    Completion: 100.0% (750/750 steps)
2025-09-08 17:50:14,238 - INFO -    Duration: 25.0s
2025-09-08 17:50:14,244 - INFO - CONVERGENCE EPISODE 114: 0.6541m
2025-09-08 17:50:14,245 - INFO - STABLE PERFORMANCE ACHIEVED starting at episode 105
2025-09-08 17:50:18,879 - INFO - 🏆 NEW BEST EPISODE (SMART CRITERIA)! Episode 115
2025-09-08 17:50:18,879 - INFO -    Position Error: 0.6539m
2025-09-08 17:50:18,879 - INFO -    Completion: 100.0% (750/750 steps)
2025-09-08 17:50:18,879 - INFO -    Duration: 25.0s / 25.0s
2025-09-08 17:50:18,879 - INFO -    Composite Score: 143.46
2025-09-08 17:50:18,879 - INFO - 🎯 NEW BEST COMPLETED EPISODE! Episode 115
2025-09-08 17:50:18,879 - INFO -    Position Error: 0.6539m (among completed episodes)
2025-09-08 17:50:18,879 - INFO -    Completion: 100.0% (750/750 steps)
2025-09-08 17:50:18,879 - INFO -    Duration: 25.0s
2025-09-08 17:50:18,886 - INFO - CONVERGENCE EPISODE 115: 0.6539m
2025-09-08 17:50:23,457 - INFO - 🏆 NEW BEST EPISODE (SMART CRITERIA)! Episode 116
2025-09-08 17:50:23,457 - INFO -    Position Error: 0.6538m
2025-09-08 17:50:23,457 - INFO -    Completion: 100.0% (750/750 steps)
2025-09-08 17:50:23,457 - INFO -    Duration: 25.0s / 25.0s
2025-09-08 17:50:23,457 - INFO -    Composite Score: 143.46
2025-09-08 17:50:23,458 - INFO - 🎯 NEW BEST COMPLETED EPISODE! Episode 116
2025-09-08 17:50:23,458 - INFO -    Position Error: 0.6538m (among completed episodes)
2025-09-08 17:50:23,458 - INFO -    Completion: 100.0% (750/750 steps)
2025-09-08 17:50:23,458 - INFO -    Duration: 25.0s
2025-09-08 17:50:23,464 - INFO - CONVERGENCE EPISODE 116: 0.6538m
2025-09-08 17:50:27,983 - INFO - 🏆 NEW BEST EPISODE (SMART CRITERIA)! Episode 117
2025-09-08 17:50:27,983 - INFO -    Position Error: 0.6537m
2025-09-08 17:50:27,983 - INFO -    Completion: 100.0% (750/750 steps)
2025-09-08 17:50:27,983 - INFO -    Duration: 25.0s / 25.0s
2025-09-08 17:50:27,983 - INFO -    Composite Score: 143.46
2025-09-08 17:50:27,983 - INFO - 🎯 NEW BEST COMPLETED EPISODE! Episode 117
2025-09-08 17:50:27,984 - INFO -    Position Error: 0.6537m (among completed episodes)
2025-09-08 17:50:27,984 - INFO -    Completion: 100.0% (750/750 steps)
2025-09-08 17:50:27,984 - INFO -    Duration: 25.0s
2025-09-08 17:50:27,990 - INFO - CONVERGENCE EPISODE 117: 0.6537m
2025-09-08 17:50:32,525 - INFO - CONVERGENCE EPISODE 118: 0.6539m
2025-09-08 17:50:37,043 - INFO - 🏆 NEW BEST EPISODE (SMART CRITERIA)! Episode 119
2025-09-08 17:50:37,043 - INFO -    Position Error: 0.6536m
2025-09-08 17:50:37,043 - INFO -    Completion: 100.0% (750/750 steps)
2025-09-08 17:50:37,043 - INFO -    Duration: 25.0s / 25.0s
2025-09-08 17:50:37,044 - INFO -    Composite Score: 143.46
2025-09-08 17:50:37,044 - INFO - 🎯 NEW BEST COMPLETED EPISODE! Episode 119
2025-09-08 17:50:37,044 - INFO -    Position Error: 0.6536m (among completed episodes)
2025-09-08 17:50:37,044 - INFO -    Completion: 100.0% (750/750 steps)
2025-09-08 17:50:37,044 - INFO -    Duration: 25.0s
2025-09-08 17:50:37,052 - INFO - CONVERGENCE EPISODE 119: 0.6536m
2025-09-08 17:50:41,646 - INFO - CONVERGENCE EPISODE 120: 0.6537m
2025-09-08 17:50:41,647 - INFO -     120 |  543.17 |    0.130 |    0.6537 |  25.0s (100.0%) |  149.5s
2025-09-08 17:50:46,302 - INFO - CONVERGENCE EPISODE 121: 0.6539m
2025-09-08 17:50:50,860 - INFO - CONVERGENCE EPISODE 122: 0.6537m
2025-09-08 17:50:55,453 - INFO - CONVERGENCE EPISODE 123: 0.6537m
2025-09-08 17:51:00,096 - INFO - CONVERGENCE EPISODE 124: 0.6536m
2025-09-08 17:51:04,721 - INFO - CONVERGENCE EPISODE 125: 0.6540m
2025-09-08 17:51:09,396 - INFO - CONVERGENCE EPISODE 126: 0.6536m
2025-09-08 17:51:13,936 - INFO - CONVERGENCE EPISODE 127: 0.6537m
2025-09-08 17:51:18,562 - INFO - CONVERGENCE EPISODE 128: 0.6537m
2025-09-08 17:51:23,138 - INFO - CONVERGENCE EPISODE 129: 0.6540m
2025-09-08 17:51:27,675 - INFO - CONVERGENCE EPISODE 130: 0.6538m
2025-09-08 17:51:27,676 - INFO -     130 |  543.54 |    0.124 |    0.6538 |  25.0s (100.0%) |  195.6s
2025-09-08 17:51:32,183 - INFO - CONVERGENCE EPISODE 131: 0.6537m
2025-09-08 17:51:36,676 - INFO - CONVERGENCE EPISODE 132: 0.6539m
2025-09-08 17:51:41,248 - INFO - CONVERGENCE EPISODE 133: 0.6537m
2025-09-08 17:51:45,767 - INFO - CONVERGENCE EPISODE 134: 0.6537m
2025-09-08 17:51:50,478 - INFO - CONVERGENCE EPISODE 135: 0.6537m
2025-09-08 17:51:55,040 - INFO - CONVERGENCE EPISODE 136: 0.6540m
2025-09-08 17:51:59,614 - INFO - CONVERGENCE EPISODE 137: 0.6540m
2025-09-08 17:52:04,222 - INFO - CONVERGENCE EPISODE 138: 0.6538m
2025-09-08 17:52:08,972 - INFO - CONVERGENCE EPISODE 139: 0.6541m
2025-09-08 17:52:13,515 - INFO - CONVERGENCE EPISODE 140: 0.6539m
2025-09-08 17:52:13,515 - INFO -     140 |  543.51 |    0.104 |    0.6539 |  25.0s (100.0%) |  241.4s
2025-09-08 17:52:18,117 - INFO - CONVERGENCE EPISODE 141: 0.6541m
2025-09-08 17:52:22,732 - INFO - CONVERGENCE EPISODE 142: 0.6541m
2025-09-08 17:52:27,284 - INFO - CONVERGENCE EPISODE 143: 0.6540m
2025-09-08 17:52:31,788 - INFO - CONVERGENCE EPISODE 144: 0.6540m
2025-09-08 17:52:36,541 - INFO - CONVERGENCE EPISODE 145: 0.6540m
2025-09-08 17:52:41,108 - INFO - CONVERGENCE EPISODE 146: 0.6539m
2025-09-08 17:52:45,689 - INFO - CONVERGENCE EPISODE 147: 0.6540m
2025-09-08 17:52:50,247 - INFO - CONVERGENCE EPISODE 148: 0.6541m
2025-09-08 17:52:54,940 - INFO - CONVERGENCE EPISODE 149: 0.6539m
2025-09-08 17:53:00,851 - INFO - CONVERGENCE EPISODE 150: 0.6541m
2025-09-08 17:53:00,851 - INFO -     150 |  543.60 |    0.110 |    0.6541 |  25.0s (100.0%) |  288.7s
2025-09-08 17:53:05,442 - INFO - CONVERGENCE EPISODE 151: 0.6541m
2025-09-08 17:53:10,180 - INFO - CONVERGENCE EPISODE 152: 0.6539m
2025-09-08 17:53:14,806 - INFO - CONVERGENCE EPISODE 153: 0.6539m
2025-09-08 17:53:19,482 - INFO - CONVERGENCE EPISODE 154: 0.6540m
2025-09-08 17:53:24,041 - INFO - CONVERGENCE EPISODE 155: 0.6538m
2025-09-08 17:53:28,710 - INFO - CONVERGENCE EPISODE 156: 0.6540m
2025-09-08 17:53:33,330 - INFO - CONVERGENCE EPISODE 157: 0.6539m
2025-09-08 17:53:38,011 - INFO - CONVERGENCE EPISODE 158: 0.6540m
2025-09-08 17:53:42,683 - INFO - CONVERGENCE EPISODE 159: 0.6539m
2025-09-08 17:53:47,376 - INFO - CONVERGENCE EPISODE 160: 0.6539m
2025-09-08 17:53:47,377 - INFO -     160 |  543.59 |    0.105 |    0.6539 |  25.0s (100.0%) |  335.3s
2025-09-08 17:53:52,093 - INFO - CONVERGENCE EPISODE 161: 0.6539m
2025-09-08 17:53:56,799 - INFO - CONVERGENCE EPISODE 162: 0.6540m
2025-09-08 17:54:01,425 - INFO - CONVERGENCE EPISODE 163: 0.6540m
2025-09-08 17:54:05,928 - INFO - CONVERGENCE EPISODE 164: 0.6540m
2025-09-08 17:54:10,695 - INFO - CONVERGENCE EPISODE 165: 0.6540m
2025-09-08 17:54:15,297 - INFO - CONVERGENCE EPISODE 166: 0.6540m
2025-09-08 17:54:19,913 - INFO - CONVERGENCE EPISODE 167: 0.6538m
2025-09-08 17:54:24,560 - INFO - CONVERGENCE EPISODE 168: 0.6539m
2025-09-08 17:54:29,081 - INFO - CONVERGENCE EPISODE 169: 0.6540m
2025-09-08 17:54:33,602 - INFO - CONVERGENCE EPISODE 170: 0.6540m
2025-09-08 17:54:33,603 - INFO -     170 |  543.48 |    0.104 |    0.6540 |  25.0s (100.0%) |  381.5s
2025-09-08 17:54:38,189 - INFO - CONVERGENCE EPISODE 171: 0.6539m
2025-09-08 17:54:42,744 - INFO - CONVERGENCE EPISODE 172: 0.6538m
2025-09-08 17:54:47,256 - INFO - CONVERGENCE EPISODE 173: 0.6539m
2025-09-08 17:54:51,899 - INFO - CONVERGENCE EPISODE 174: 0.6540m
2025-09-08 17:54:56,481 - INFO - CONVERGENCE EPISODE 175: 0.6565m
2025-09-08 17:55:00,973 - INFO - CONVERGENCE EPISODE 180: 0.7852m
2025-09-08 17:55:00,973 - INFO -     180 |  117.03 |   52.625 |    0.7852 |   3.1s (12.3%) |  408.9s
2025-09-08 17:55:01,621 - INFO - NEW BEST PERFORMANCE! Episode 181: 0.5437m
2025-09-08 17:55:01,646 - INFO - BEST MODEL SAVED! Episode 181, Error: 0.5437m
2025-09-08 17:55:01,646 - INFO - Best model path: /home/osos/Mohamed_Masters_Thesis/DHP_drone_updated/DHP/trained_models/dhp_cf2x_best
2025-09-08 17:55:01,646 - INFO - All model files saved successfully!
2025-09-08 17:55:01,646 - INFO - CONVERGENCE EPISODE 181: 0.5437m
2025-09-08 17:55:03,602 - INFO - CONVERGENCE EPISODE 184: 0.7519m
2025-09-08 17:55:06,027 - INFO - CONVERGENCE EPISODE 187: 0.9264m
2025-09-08 17:55:11,063 - INFO -     190 |  197.98 |   22.386 |    1.4388 |   6.6s (26.5%) |  418.9s
2025-09-08 17:55:14,763 - INFO - CONVERGENCE EPISODE 195: 0.8346m
2025-09-08 17:55:18,966 - INFO -     200 |  162.97 |   32.678 |    2.2833 |   4.2s (16.7%) |  426.8s
2025-09-08 17:55:26,555 - INFO -     210 |  114.35 |   34.913 |    5.0224 |   3.8s (15.3%) |  434.4s
2025-09-08 17:55:29,659 - INFO - CONVERGENCE EPISODE 215: 0.9062m
2025-09-08 17:55:30,130 - INFO - CONVERGENCE EPISODE 216: 0.7094m
2025-09-08 17:55:30,534 - INFO - NEW BEST PERFORMANCE! Episode 217: 0.3303m
2025-09-08 17:55:30,554 - INFO - BEST MODEL SAVED! Episode 217, Error: 0.3303m
2025-09-08 17:55:30,554 - INFO - Best model path: /home/osos/Mohamed_Masters_Thesis/DHP_drone_updated/DHP/trained_models/dhp_cf2x_best
2025-09-08 17:55:30,555 - INFO - All model files saved successfully!
2025-09-08 17:55:30,555 - INFO - CONVERGENCE EPISODE 217: 0.3303m
2025-09-08 17:55:31,882 - INFO - CONVERGENCE EPISODE 219: 0.6039m
2025-09-08 17:55:32,470 - INFO -     220 |   86.17 |   28.388 |    1.5014 |   3.1s (12.3%) |  440.3s
2025-09-08 17:55:34,677 - INFO - CONVERGENCE EPISODE 223: 0.8413m
2025-09-08 17:55:35,557 - INFO - CONVERGENCE EPISODE 224: 0.4392m
2025-09-08 17:55:39,634 - INFO -     230 |   85.09 |   44.480 |    1.5949 |   3.2s (12.8%) |  447.5s
2025-09-08 17:55:46,268 - INFO -     240 |  111.67 |   22.231 |    5.3799 |   4.1s (16.4%) |  454.1s
2025-09-08 17:55:46,791 - INFO - CONVERGENCE EPISODE 241: 0.9373m
2025-09-08 17:55:52,838 - INFO - 
2025-09-08 17:55:52,839 - INFO - MILESTONE 250 ANALYSIS:
2025-09-08 17:55:52,839 - INFO -   Recent 50 episodes avg position error: 2.9042 ± 1.6060m
2025-09-08 17:55:52,839 - INFO -   Recent 50 episodes avg cost: 35.796
2025-09-08 17:55:52,839 - INFO -   Convergent episodes ratio (< 1.0m): 14.00%
2025-09-08 17:55:52,839 - INFO -   Total convergent episodes so far: 103
2025-09-08 17:55:52,839 - INFO -   Best performance: 0.3303m at episode 217
2025-09-08 17:55:52,839 - INFO -   Stable performance maintained since episode 105
2025-09-08 17:55:52,839 - INFO - 
2025-09-08 17:55:52,839 - INFO -     250 |  116.46 |   26.264 |    5.4206 |   3.9s (15.5%) |  460.7s
2025-09-08 17:56:00,460 - INFO -     260 |  120.46 |   48.695 |    4.5073 |   5.1s (20.4%) |  468.3s
2025-09-08 17:56:01,627 - INFO - CONVERGENCE EPISODE 262: 0.6248m
2025-09-08 17:56:07,998 - INFO -     270 |  147.81 |   47.916 |    5.4251 |   7.1s (28.3%) |  475.9s
2025-09-08 17:56:15,137 - INFO -     280 |   88.84 |   33.923 |    1.6405 |   2.5s ( 9.9%) |  483.0s
2025-09-08 17:56:20,484 - INFO - CONVERGENCE EPISODE 288: 0.5231m
2025-09-08 17:56:21,782 - INFO -     290 |   90.01 |   50.129 |    3.7018 |   3.4s (13.7%) |  489.7s
2025-09-08 17:56:27,871 - INFO -     300 |  115.55 |   39.136 |    1.7085 |   2.9s (11.7%) |  495.8s
2025-09-08 17:56:28,469 - INFO - CONVERGENCE EPISODE 301: 0.6007m
2025-09-08 17:56:29,832 - INFO - CONVERGENCE EPISODE 303: 0.4073m
2025-09-08 17:56:33,547 - INFO - CONVERGENCE EPISODE 310: 0.6791m
2025-09-08 17:56:33,547 - INFO -     310 |   66.21 |   89.010 |    0.6791 |   2.4s ( 9.5%) |  501.4s
2025-09-08 17:56:36,642 - INFO - CONVERGENCE EPISODE 314: 0.9911m
2025-09-08 17:56:37,869 - INFO - CONVERGENCE EPISODE 316: 0.4071m
2025-09-08 17:56:40,441 - INFO - CONVERGENCE EPISODE 320: 0.7814m
2025-09-08 17:56:40,442 - INFO -     320 |   52.67 |  114.830 |    0.7814 |   3.5s (13.9%) |  508.3s
2025-09-08 17:56:47,556 - INFO -     330 |   83.40 |   57.197 |    1.5280 |   2.6s (10.3%) |  515.4s
2025-09-08 17:56:51,289 - INFO - CONVERGENCE EPISODE 335: 0.9213m
2025-09-08 17:56:52,083 - INFO - CONVERGENCE EPISODE 336: 0.9741m
2025-09-08 17:56:53,914 - INFO - CONVERGENCE EPISODE 339: 0.7806m
2025-09-08 17:56:54,527 - INFO -     340 |   83.17 |   10.115 |    1.5844 |   3.1s (12.3%) |  522.4s
2025-09-08 17:56:56,191 - INFO - CONVERGENCE EPISODE 343: 0.8445m
2025-09-08 17:56:57,945 - INFO - CONVERGENCE EPISODE 346: 0.9149m
2025-09-08 17:56:58,423 - INFO - CONVERGENCE EPISODE 347: 0.6409m
2025-09-08 17:57:00,446 - INFO -     350 |   72.08 |   65.149 |    4.8576 |   4.0s (16.1%) |  528.3s
2025-09-08 17:57:04,155 - INFO - CONVERGENCE EPISODE 355: 0.9266m
2025-09-08 17:57:04,952 - INFO - CONVERGENCE EPISODE 356: 0.9847m
2025-09-08 17:57:07,668 - INFO -     360 |   78.63 |   26.856 |    1.3416 |   2.9s (11.5%) |  535.5s
2025-09-08 17:57:12,534 - INFO - NEW BEST PERFORMANCE! Episode 367: 0.2840m
2025-09-08 17:57:12,556 - INFO - BEST MODEL SAVED! Episode 367, Error: 0.2840m
2025-09-08 17:57:12,557 - INFO - Best model path: /home/osos/Mohamed_Masters_Thesis/DHP_drone_updated/DHP/trained_models/dhp_cf2x_best
2025-09-08 17:57:12,557 - INFO - All model files saved successfully!
2025-09-08 17:57:12,557 - INFO - CONVERGENCE EPISODE 367: 0.2840m
2025-09-08 17:57:13,834 - INFO - NEW BEST PERFORMANCE! Episode 369: 0.2567m
2025-09-08 17:57:13,856 - INFO - BEST MODEL SAVED! Episode 369, Error: 0.2567m
2025-09-08 17:57:13,856 - INFO - Best model path: /home/osos/Mohamed_Masters_Thesis/DHP_drone_updated/DHP/trained_models/dhp_cf2x_best
2025-09-08 17:57:13,856 - INFO - All model files saved successfully!
2025-09-08 17:57:13,856 - INFO - CONVERGENCE EPISODE 369: 0.2567m
2025-09-08 17:57:14,524 - INFO - CONVERGENCE EPISODE 370: 0.9881m
2025-09-08 17:57:14,524 - INFO -     370 |  104.21 |   95.043 |    0.9881 |   3.4s (13.7%) |  542.4s
2025-09-08 17:57:21,488 - INFO -     380 |   79.61 |   38.834 |    1.6313 |   2.7s (10.7%) |  549.4s
2025-09-08 17:57:25,831 - INFO - CONVERGENCE EPISODE 388: 0.5380m
2025-09-08 17:57:26,999 - INFO -     390 |   80.31 |   63.709 |    1.6964 |   2.3s ( 9.3%) |  554.9s
2025-09-08 17:57:27,644 - INFO - CONVERGENCE EPISODE 391: 0.4925m
2025-09-08 17:57:30,718 - INFO - CONVERGENCE EPISODE 396: 0.5133m
2025-09-08 17:57:33,549 - INFO -     400 |   93.15 |   46.806 |    3.0612 |   3.7s (14.7%) |  561.4s
2025-09-08 17:57:35,775 - INFO - CONVERGENCE EPISODE 403: 0.8950m
2025-09-08 17:57:37,321 - INFO - CONVERGENCE EPISODE 405: 0.8231m
2025-09-08 17:57:39,171 - INFO - CONVERGENCE EPISODE 408: 0.4231m
2025-09-08 17:57:39,704 - INFO - NEW BEST PERFORMANCE! Episode 409: 0.2407m
2025-09-08 17:57:39,724 - INFO - BEST MODEL SAVED! Episode 409, Error: 0.2407m
2025-09-08 17:57:39,724 - INFO - Best model path: /home/osos/Mohamed_Masters_Thesis/DHP_drone_updated/DHP/trained_models/dhp_cf2x_best
2025-09-08 17:57:39,724 - INFO - All model files saved successfully!
2025-09-08 17:57:39,724 - INFO - CONVERGENCE EPISODE 409: 0.2407m
2025-09-08 17:57:40,267 - INFO -     410 |  108.58 |   47.384 |    1.3320 |   2.8s (11.2%) |  568.1s
2025-09-08 17:57:40,993 - INFO - CONVERGENCE EPISODE 411: 0.8950m
2025-09-08 17:57:44,414 - INFO - CONVERGENCE EPISODE 416: 0.8187m
2025-09-08 17:57:46,703 - INFO -     420 |   56.70 |   14.428 |    1.7258 |   2.7s (10.9%) |  574.6s
2025-09-08 17:57:48,221 - INFO - CONVERGENCE EPISODE 423: 0.7797m
2025-09-08 17:57:52,884 - INFO -     430 |   79.43 |   32.082 |    1.2141 |   2.7s (10.7%) |  580.8s
2025-09-08 17:57:59,448 - INFO -     440 |  110.97 |   47.238 |    4.0957 |   3.7s (14.8%) |  587.3s
2025-09-08 17:58:01,727 - INFO - CONVERGENCE EPISODE 444: 0.4606m
2025-09-08 17:58:05,457 - INFO -     450 |   96.24 |   42.313 |    4.2037 |   3.3s (13.2%) |  593.3s
2025-09-08 17:58:09,470 - INFO - CONVERGENCE EPISODE 456: 0.9369m
2025-09-08 17:58:12,230 - INFO -     460 |  112.41 |   12.813 |    4.7572 |   4.0s (15.9%) |  600.1s
2025-09-08 17:58:14,762 - INFO - CONVERGENCE EPISODE 464: 0.6934m
2025-09-08 17:58:18,057 - INFO - CONVERGENCE EPISODE 469: 0.5475m
2025-09-08 17:58:18,646 - INFO - CONVERGENCE EPISODE 470: 0.4868m
2025-09-08 17:58:18,646 - INFO -     470 |  127.52 |    5.322 |    0.4868 |   3.0s (12.0%) |  606.5s
2025-09-08 17:58:21,937 - INFO - CONVERGENCE EPISODE 475: 0.6451m
2025-09-08 17:58:25,135 - INFO -     480 |  101.94 |   34.438 |    1.4670 |   2.8s (11.1%) |  613.0s
2025-09-08 17:58:26,300 - INFO - CONVERGENCE EPISODE 482: 0.6822m
2025-09-08 17:58:29,426 - INFO - CONVERGENCE EPISODE 487: 0.4614m
2025-09-08 17:58:31,290 - INFO -     490 |   92.71 |   37.926 |    1.4469 |   2.9s (11.6%) |  619.2s
2025-09-08 17:58:32,672 - INFO - CONVERGENCE EPISODE 492: 0.7588m
2025-09-08 17:58:33,127 - INFO - CONVERGENCE EPISODE 493: 0.6825m
2025-09-08 17:58:37,037 - INFO - 
================================================================================
2025-09-08 17:58:37,037 - INFO - TRAINING COMPLETED - FINAL ANALYSIS
2025-09-08 17:58:37,037 - INFO - ================================================================================
2025-09-08 17:58:37,037 - INFO - Total training time: 624.9 seconds (10.4 minutes)
2025-09-08 17:58:37,037 - INFO - Final episode reward: 122.56
2025-09-08 17:58:37,037 - INFO - Final position error: 1.6364m
2025-09-08 17:58:37,037 - INFO - 
EPISODE COMPLETION STATISTICS:
2025-09-08 17:58:37,037 - INFO - Average completion rate: 26.2%
2025-09-08 17:58:37,037 - INFO - Episodes completed (≥90%): 71/500 (14.2%)
2025-09-08 17:58:37,037 - INFO - Best completed episode: #119 with error 0.6536m
2025-09-08 17:58:37,037 - INFO - 
BEST EPISODE ANALYSIS:
2025-09-08 17:58:37,038 - INFO - Best overall episode (smart criteria): #409
2025-09-08 17:58:37,038 - INFO -   Position error: 0.2407m
2025-09-08 17:58:37,038 - INFO -   Composite score: 143.46
2025-09-08 17:58:37,038 - INFO - Total convergent episodes (< 1.0m): 142/500 (28.40%)
2025-09-08 17:58:37,038 - INFO - Stable performance achieved: Yes (from episode 105, duration: 395 episodes)
2025-09-08 17:58:37,038 - INFO - Position error statistics:
2025-09-08 17:58:37,038 - INFO -   Mean: 2.5399m
2025-09-08 17:58:37,038 - INFO -   Std:  1.7721m
2025-09-08 17:58:37,038 - INFO -   Min:  0.1470m
2025-09-08 17:58:37,038 - INFO -   Max:  6.0080m
2025-09-08 17:58:37,038 - INFO -   Median: 1.9580m
2025-09-08 17:58:37,038 - INFO - Performance distribution:
2025-09-08 17:58:37,038 - INFO -   Excellent (< 0.5m): 22 episodes (4.4%)
2025-09-08 17:58:37,038 - INFO -   Good (0.5-1.0m):   120 episodes (24.0%)
2025-09-08 17:58:37,038 - INFO -   Acceptable (1.0-1.5m): 52 episodes (10.4%)
2025-09-08 17:58:37,038 - INFO -   Poor (> 1.5m):     306 episodes (61.2%)
2025-09-08 17:58:37,038 - INFO - 
TRAINING CONFIGURATION EFFECTIVENESS:
2025-09-08 17:58:37,038 - INFO - ----------------------------------------
2025-09-08 17:58:37,038 - INFO - Episodes needed for first convergence: 12
2025-09-08 17:58:37,039 - INFO - Excitation phase ended at episode: 6
2025-09-08 17:58:37,042 - INFO - Training metrics saved to: /home/osos/Mohamed_Masters_Thesis/DHP_drone_updated/DHP/training_logs/dhp_split_metrics_20250908_175837.json
2025-09-08 17:58:37,042 - INFO - 
BEST MODEL CONFIRMED:
2025-09-08 17:58:37,042 - INFO -   Episode: 409
2025-09-08 17:58:37,042 - INFO -   Position Error: 0.2407m
2025-09-08 17:58:37,042 - INFO -   Model files: dhp_cf2x_best_*
2025-09-08 17:58:37,042 - INFO - ================================================================================
2025-09-08 17:58:37,042 - INFO - TRAINING SESSION COMPLETED
2025-09-08 17:58:37,042 - INFO - Detailed log saved to: /home/osos/Mohamed_Masters_Thesis/DHP_drone_updated/DHP/training_logs/dhp_split_training_20250908_174811.log
2025-09-08 17:58:37,042 - INFO - ================================================================================
2025-09-08 17:59:14,930 - INFO - 
==================================================
2025-09-08 17:59:14,931 - INFO - STARTING POLICY DEMONSTRATION
2025-09-08 17:59:14,931 - INFO - ==================================================
2025-09-08 17:59:15,156 - INFO - Restoring parameters from /home/osos/Mohamed_Masters_Thesis/DHP_drone_updated/DHP/trained_models/dhp_cf2x_best
2025-09-08 17:59:19,910 - INFO - Trajectory demonstration completed for spiral trajectory
2025-09-08 17:59:19,910 - INFO - Training and demonstration session completed successfully!
