2025-09-08 18:38:26,875 - INFO - ================================================================================
2025-09-08 18:38:26,875 - INFO - DHP SPLIT ARCHITECTURE TRAINING SESSION STARTED
2025-09-08 18:38:26,875 - INFO - ================================================================================
2025-09-08 18:38:26,875 - INFO - HYPERPARAMETERS:
2025-09-08 18:38:26,875 - INFO - ----------------------------------------
2025-09-08 18:38:26,875 - INFO - action_size              : 4
2025-09-08 18:38:26,876 - INFO - best_episode_gui         : False
2025-09-08 18:38:26,876 - INFO - coordination_strength    : 0.1
2025-09-08 18:38:26,876 - INFO - coordination_warmup_episodes: 400
2025-09-08 18:38:26,876 - INFO - dt                       : 0.03333333333333333
2025-09-08 18:38:26,876 - INFO - episode_length           : 20.0
2025-09-08 18:38:26,876 - INFO - excitation_amplitude     : 0.03
2025-09-08 18:38:26,876 - INFO - excitation_steps         : 12500
2025-09-08 18:38:26,876 - INFO - gamma                    : 0.98
2025-09-08 18:38:26,876 - INFO - gradient_clip_value      : 0.5
2025-09-08 18:38:26,876 - INFO - gui                      : False
2025-09-08 18:38:26,876 - INFO - hidden_layer_size        : [64, 64, 32]
2025-09-08 18:38:26,876 - INFO - log_interval             : 10
2025-09-08 18:38:26,876 - INFO - lr_actor                 : 0.005
2025-09-08 18:38:26,876 - INFO - lr_critic                : 0.01
2025-09-08 18:38:26,876 - INFO - lr_decay                 : 0.9999
2025-09-08 18:38:26,876 - INFO - normalize_states         : True
2025-09-08 18:38:26,876 - INFO - num_episodes             : 2500
2025-09-08 18:38:26,876 - INFO - predict_delta            : False
2025-09-08 18:38:26,876 - INFO - record                   : False
2025-09-08 18:38:26,877 - INFO - record_best_episodes     : True
2025-09-08 18:38:26,877 - INFO - recording_fps            : 30
2025-09-08 18:38:26,877 - INFO - reference_size           : 8
2025-09-08 18:38:26,877 - INFO - rls_action_size          : 4
2025-09-08 18:38:26,877 - INFO - rls_covariance           : 100.0
2025-09-08 18:38:26,877 - INFO - rls_gamma                : 0.9995
2025-09-08 18:38:26,877 - INFO - rls_state_size           : 8
2025-09-08 18:38:26,877 - INFO - save_interval            : 100
2025-09-08 18:38:26,877 - INFO - split                    : False
2025-09-08 18:38:26,877 - INFO - state_bounds             : {'z': [0.0, 5.0], 'roll': [-1.5707963267948966, 1.5707963267948966], 'pitch': [-1.5707963267948966, 1.5707963267948966], 'yaw': [-3.141592653589793, 3.141592653589793], 'vz': [-12.0, 12.0], 'wx': [-10.0, 10.0], 'wy': [-10.0, 10.0], 'wz': [-10.0, 10.0]}
2025-09-08 18:38:26,877 - INFO - state_size               : 8
2025-09-08 18:38:26,877 - INFO - target_network           : True
2025-09-08 18:38:26,877 - INFO - target_pos               : [0.5, 0.5, 1.0]
2025-09-08 18:38:26,877 - INFO - tau                      : 0.001
2025-09-08 18:38:26,877 - INFO - trajectory_type          : spiral
2025-09-08 18:38:26,877 - INFO - update_cycles            : 2
2025-09-08 18:38:26,877 - INFO - use_trajectory           : False
2025-09-08 18:38:26,877 - INFO - ----------------------------------------
2025-09-08 18:38:26,877 - INFO - Log file: /home/osos/Mohamed_Masters_Thesis/DHP_drone_updated/DHP/training_logs/dhp_split_training_20250908_183826.log
2025-09-08 18:38:26,878 - INFO - ================================================================================
2025-09-08 18:38:26,878 - INFO - 
TRAJECTORY TRAINING CONFIGURATION:
2025-09-08 18:38:26,878 - INFO -   num_episodes: 500
2025-09-08 18:38:26,878 - INFO -   episode_length: 25.0
2025-09-08 18:38:26,878 - INFO -   excitation_steps: 10000
2025-09-08 18:38:26,878 - INFO -   log_interval: 10
2025-09-08 18:38:26,878 - INFO -   save_interval: 50
2025-09-08 18:38:26,878 - INFO -   gui: False
2025-09-08 18:38:26,878 - INFO -   record: False
2025-09-08 18:38:26,878 - INFO -   normalize_states: True
2025-09-08 18:38:26,878 - INFO -   record_best_episodes: True
2025-09-08 18:38:26,878 - INFO -   coordination_warmup_episodes: 200
2025-09-08 18:38:26,879 - INFO -   coordination_strength: 0.15
2025-09-08 18:38:26,879 - INFO -   use_trajectory: True
2025-09-08 18:38:26,879 - INFO -   trajectory_type: spiral
2025-09-08 18:38:26,879 - INFO -   target_pos: [0.0, 0.0, 1.0]
2025-09-08 18:38:26,879 - INFO - 
==================================================
2025-09-08 18:38:26,879 - INFO - STARTING DHP TRAINING FOR CF2X QUADROTOR
2025-09-08 18:38:26,879 - INFO - ==================================================
2025-09-08 18:38:26,993 - WARNING - From /home/osos/Mohamed_Masters_Thesis/DHP_drone_updated/msc-thesis/agents/dhp.py:88: The name tf.Session is deprecated. Please use tf.compat.v1.Session instead.

2025-09-08 18:38:27,109 - WARNING - From /home/osos/Mohamed_Masters_Thesis/DHP_drone_updated/msc-thesis/agents/dhp.py:117: The name tf.placeholder is deprecated. Please use tf.compat.v1.placeholder instead.

2025-09-08 18:38:27,110 - WARNING - From /home/osos/Mohamed_Masters_Thesis/DHP_drone_updated/msc-thesis/agents/dhp.py:119: The name tf.placeholder_with_default is deprecated. Please use tf.compat.v1.placeholder_with_default instead.

2025-09-08 18:38:27,113 - WARNING - From /home/osos/Mohamed_Masters_Thesis/DHP_drone_updated/msc-thesis/agents/dhp.py:141: The name tf.variable_scope is deprecated. Please use tf.compat.v1.variable_scope instead.

2025-09-08 18:38:27,113 - WARNING - From /home/osos/Mohamed_Masters_Thesis/DHP_drone_updated/msc-thesis/agents/dhp.py:145: dense (from tensorflow.python.layers.core) is deprecated and will be removed in a future version.
Instructions for updating:
Use keras.layers.Dense instead.
2025-09-08 18:38:27,114 - WARNING - From /home/osos/anaconda3/envs/DHP/lib/python3.7/site-packages/tensorflow_core/python/layers/core.py:187: Layer.apply (from tensorflow.python.keras.engine.base_layer) is deprecated and will be removed in a future version.
Instructions for updating:
Please use `layer.__call__` method instead.
2025-09-08 18:38:27,144 - WARNING - From /home/osos/Mohamed_Masters_Thesis/DHP_drone_updated/msc-thesis/agents/dhp.py:150: The name tf.trainable_variables is deprecated. Please use tf.compat.v1.trainable_variables instead.

2025-09-08 18:38:27,157 - WARNING - From /home/osos/Mohamed_Masters_Thesis/DHP_drone_updated/msc-thesis/agents/dhp.py:156: The name tf.train.GradientDescentOptimizer is deprecated. Please use tf.compat.v1.train.GradientDescentOptimizer instead.

2025-09-08 18:38:27,194 - WARNING - From /home/osos/Mohamed_Masters_Thesis/DHP_drone_updated/msc-thesis/agents/dhp.py:173: The name tf.assign is deprecated. Please use tf.compat.v1.assign instead.

2025-09-08 18:38:27,321 - WARNING - From /home/osos/Mohamed_Masters_Thesis/DHP_drone_updated/msc-thesis/agents/dhp.py:97: The name tf.summary.merge_all is deprecated. Please use tf.compat.v1.summary.merge_all instead.

2025-09-08 18:38:27,322 - WARNING - From /home/osos/Mohamed_Masters_Thesis/DHP_drone_updated/msc-thesis/agents/dhp.py:98: The name tf.train.Saver is deprecated. Please use tf.compat.v1.train.Saver instead.

2025-09-08 18:38:27,334 - WARNING - From /home/osos/Mohamed_Masters_Thesis/DHP_drone_updated/msc-thesis/agents/dhp.py:99: The name tf.global_variables_initializer is deprecated. Please use tf.compat.v1.global_variables_initializer instead.

2025-09-08 18:38:27,391 - INFO - 
Training for 500 episodes...
2025-09-08 18:38:27,391 - INFO - Episode | Reward  | Avg Cost | Pos Error | Duration (Completion) | Time
2025-09-08 18:38:27,391 - INFO - -------------------------------------------------------------------------------------
2025-09-08 18:38:28,315 - INFO - 🏆 NEW BEST EPISODE (SMART CRITERIA)! Episode 0
2025-09-08 18:38:28,315 - INFO -    Position Error: 5.0645m
2025-09-08 18:38:28,315 - INFO -    Completion: 13.1% (98/750 steps)
2025-09-08 18:38:28,315 - INFO -    Duration: 3.3s / 25.0s
2025-09-08 18:38:28,315 - INFO -    Composite Score: -37.58
2025-09-08 18:38:28,316 - INFO -       0 |   62.41 |   34.459 |    5.0645 |   3.3s (13.1%) |    0.9s
2025-09-08 18:38:32,989 - INFO - 🏆 NEW BEST EPISODE (SMART CRITERIA)! Episode 1
2025-09-08 18:38:32,990 - INFO -    Position Error: 4.1758m
2025-09-08 18:38:32,990 - INFO -    Completion: 94.1% (706/750 steps)
2025-09-08 18:38:32,990 - INFO -    Duration: 23.5s / 25.0s
2025-09-08 18:38:32,990 - INFO -    Composite Score: 102.38
2025-09-08 18:38:32,990 - INFO - 🎯 NEW BEST COMPLETED EPISODE! Episode 1
2025-09-08 18:38:32,990 - INFO -    Position Error: 4.1758m (among completed episodes)
2025-09-08 18:38:32,990 - INFO -    Completion: 94.1% (706/750 steps)
2025-09-08 18:38:32,990 - INFO -    Duration: 23.5s
2025-09-08 18:38:40,589 - INFO -      10 |   46.42 |   43.076 |    4.9191 |   4.1s (16.3%) |   13.2s
2025-09-08 18:38:46,130 - INFO -      20 |   49.13 |   31.655 |    5.1549 |   2.7s (10.9%) |   18.7s
2025-09-08 18:38:48,399 - INFO - NEW BEST PERFORMANCE! Episode 22: 0.4941m
2025-09-08 18:38:48,444 - INFO - BEST MODEL SAVED! Episode 22, Error: 0.4941m
2025-09-08 18:38:48,445 - INFO - Best model path: /home/osos/Mohamed_Masters_Thesis/DHP_drone_updated/DHP/trained_models/dhp_cf2x_best
2025-09-08 18:38:48,445 - INFO - All model files saved successfully!
2025-09-08 18:38:48,445 - INFO - CONVERGENCE EPISODE 22: 0.4941m
2025-09-08 18:38:50,214 - INFO - NEW BEST PERFORMANCE! Episode 25: 0.2922m
2025-09-08 18:38:50,237 - INFO - BEST MODEL SAVED! Episode 25, Error: 0.2922m
2025-09-08 18:38:50,237 - INFO - Best model path: /home/osos/Mohamed_Masters_Thesis/DHP_drone_updated/DHP/trained_models/dhp_cf2x_best
2025-09-08 18:38:50,237 - INFO - All model files saved successfully!
2025-09-08 18:38:50,237 - INFO - CONVERGENCE EPISODE 25: 0.2922m
2025-09-08 18:38:50,407 - INFO - CONVERGENCE EPISODE 26: 0.5562m
2025-09-08 18:38:51,288 - INFO - CONVERGENCE EPISODE 28: 0.3739m
2025-09-08 18:38:52,058 - INFO - CONVERGENCE EPISODE 30: 0.7815m
2025-09-08 18:38:52,058 - INFO -      30 |   54.75 |   19.638 |    0.7815 |   1.6s ( 6.3%) |   24.7s
2025-09-08 18:38:52,304 - INFO - CONVERGENCE EPISODE 31: 0.3079m
2025-09-08 18:38:52,510 - INFO - CONVERGENCE EPISODE 32: 0.8590m
2025-09-08 18:38:54,615 - INFO - NEW BEST PERFORMANCE! Episode 38: 0.2657m
2025-09-08 18:38:54,635 - INFO - BEST MODEL SAVED! Episode 38, Error: 0.2657m
2025-09-08 18:38:54,636 - INFO - Best model path: /home/osos/Mohamed_Masters_Thesis/DHP_drone_updated/DHP/trained_models/dhp_cf2x_best
2025-09-08 18:38:54,636 - INFO - All model files saved successfully!
2025-09-08 18:38:54,636 - INFO - CONVERGENCE EPISODE 38: 0.2657m
2025-09-08 18:38:56,060 - INFO -      40 |   44.99 |   74.262 |    4.8277 |   5.2s (20.7%) |   28.7s
2025-09-08 18:38:56,231 - INFO - CONVERGENCE EPISODE 41: 0.7998m
2025-09-08 18:38:57,847 - INFO - NEW BEST PERFORMANCE! Episode 44: 0.2114m
2025-09-08 18:38:57,870 - INFO - BEST MODEL SAVED! Episode 44, Error: 0.2114m
2025-09-08 18:38:57,870 - INFO - Best model path: /home/osos/Mohamed_Masters_Thesis/DHP_drone_updated/DHP/trained_models/dhp_cf2x_best
2025-09-08 18:38:57,870 - INFO - All model files saved successfully!
2025-09-08 18:38:57,870 - INFO - CONVERGENCE EPISODE 44: 0.2114m
2025-09-08 18:38:58,042 - INFO - CONVERGENCE EPISODE 45: 0.4900m
2025-09-08 18:38:58,741 - INFO - CONVERGENCE EPISODE 48: 0.7121m
2025-09-08 18:38:58,965 - INFO - CONVERGENCE EPISODE 49: 0.5432m
2025-09-08 18:38:59,290 - INFO -      50 |   21.38 |  124.967 |    4.0326 |   1.6s ( 6.4%) |   31.9s
2025-09-08 18:39:01,000 - INFO - CONVERGENCE EPISODE 53: 0.8013m
2025-09-08 18:39:01,366 - INFO - NEW BEST PERFORMANCE! Episode 55: 0.1261m
2025-09-08 18:39:01,385 - INFO - BEST MODEL SAVED! Episode 55, Error: 0.1261m
2025-09-08 18:39:01,385 - INFO - Best model path: /home/osos/Mohamed_Masters_Thesis/DHP_drone_updated/DHP/trained_models/dhp_cf2x_best
2025-09-08 18:39:01,386 - INFO - All model files saved successfully!
2025-09-08 18:39:01,386 - INFO - CONVERGENCE EPISODE 55: 0.1261m
2025-09-08 18:39:04,182 - INFO - CONVERGENCE EPISODE 59: 0.4454m
2025-09-08 18:39:04,587 - INFO -      60 |   74.55 |   42.457 |    1.1540 |   2.0s ( 8.1%) |   37.2s
2025-09-08 18:39:05,746 - INFO - CONVERGENCE EPISODE 62: 0.3663m
2025-09-08 18:39:05,960 - INFO - CONVERGENCE EPISODE 63: 0.2963m
