2025-09-12 18:53:52,782 - INFO - ================================================================================
2025-09-12 18:53:52,782 - INFO - DHP SPLIT ARCHITECTURE TRAINING SESSION STARTED
2025-09-12 18:53:52,782 - INFO - ================================================================================
2025-09-12 18:53:52,782 - INFO - HYPERPARAMETERS:
2025-09-12 18:53:52,782 - INFO - ----------------------------------------
2025-09-12 18:53:52,782 - INFO - action_size              : 4
2025-09-12 18:53:52,782 - INFO - best_episode_gui         : False
2025-09-12 18:53:52,782 - INFO - coordination_strength    : 0.1
2025-09-12 18:53:52,783 - INFO - coordination_warmup_episodes: 400
2025-09-12 18:53:52,783 - INFO - dt                       : 0.03333333333333333
2025-09-12 18:53:52,783 - INFO - episode_length           : 20.0
2025-09-12 18:53:52,783 - INFO - excitation_amplitude     : 0.03
2025-09-12 18:53:52,783 - INFO - excitation_steps         : 12500
2025-09-12 18:53:52,783 - INFO - gamma                    : 0.98
2025-09-12 18:53:52,783 - INFO - gradient_clip_value      : 0.5
2025-09-12 18:53:52,783 - INFO - gui                      : False
2025-09-12 18:53:52,783 - INFO - hidden_layer_size        : [64, 64, 32]
2025-09-12 18:53:52,783 - INFO - log_interval             : 10
2025-09-12 18:53:52,783 - INFO - lr_actor                 : 0.005
2025-09-12 18:53:52,783 - INFO - lr_critic                : 0.01
2025-09-12 18:53:52,783 - INFO - lr_decay                 : 0.9999
2025-09-12 18:53:52,783 - INFO - normalize_states         : True
2025-09-12 18:53:52,783 - INFO - num_episodes             : 2500
2025-09-12 18:53:52,783 - INFO - predict_delta            : False
2025-09-12 18:53:52,783 - INFO - record                   : False
2025-09-12 18:53:52,783 - INFO - record_best_episodes     : True
2025-09-12 18:53:52,783 - INFO - recording_fps            : 30
2025-09-12 18:53:52,783 - INFO - reference_size           : 8
2025-09-12 18:53:52,783 - INFO - rls_action_size          : 4
2025-09-12 18:53:52,783 - INFO - rls_covariance           : 100.0
2025-09-12 18:53:52,783 - INFO - rls_gamma                : 0.9995
2025-09-12 18:53:52,783 - INFO - rls_state_size           : 8
2025-09-12 18:53:52,783 - INFO - save_interval            : 100
2025-09-12 18:53:52,783 - INFO - split                    : False
2025-09-12 18:53:52,783 - INFO - state_bounds             : {'z': [0.0, 5.0], 'roll': [-1.5707963267948966, 1.5707963267948966], 'pitch': [-1.5707963267948966, 1.5707963267948966], 'yaw': [-3.141592653589793, 3.141592653589793], 'vz': [-12.0, 12.0], 'wx': [-10.0, 10.0], 'wy': [-10.0, 10.0], 'wz': [-10.0, 10.0]}
2025-09-12 18:53:52,783 - INFO - state_size               : 8
2025-09-12 18:53:52,783 - INFO - target_network           : True
2025-09-12 18:53:52,784 - INFO - target_pos               : [0.5, 0.5, 1.0]
2025-09-12 18:53:52,784 - INFO - tau                      : 0.001
2025-09-12 18:53:52,784 - INFO - trajectory_type          : spiral
2025-09-12 18:53:52,784 - INFO - update_cycles            : 5
2025-09-12 18:53:52,784 - INFO - use_trajectory           : False
2025-09-12 18:53:52,784 - INFO - ----------------------------------------
2025-09-12 18:53:52,784 - INFO - Log file: /home/osos/Mohamed_Masters_Thesis/DHP_drone_updated/DHP/training_logs/dhp_split_training_20250912_185352.log
2025-09-12 18:53:52,784 - INFO - ================================================================================
2025-09-12 18:53:52,784 - INFO - 
TRAJECTORY TRAINING CONFIGURATION:
2025-09-12 18:53:52,784 - INFO -   num_episodes: 200
2025-09-12 18:53:52,784 - INFO -   episode_length: 25.0
2025-09-12 18:53:52,784 - INFO -   excitation_steps: 5000
2025-09-12 18:53:52,784 - INFO -   log_interval: 10
2025-09-12 18:53:52,784 - INFO -   save_interval: 50
2025-09-12 18:53:52,784 - INFO -   gui: False
2025-09-12 18:53:52,784 - INFO -   record: False
2025-09-12 18:53:52,784 - INFO -   normalize_states: True
2025-09-12 18:53:52,784 - INFO -   record_best_episodes: True
2025-09-12 18:53:52,784 - INFO -   coordination_warmup_episodes: 200
2025-09-12 18:53:52,784 - INFO -   coordination_strength: 0.15
2025-09-12 18:53:52,784 - INFO -   use_trajectory: True
2025-09-12 18:53:52,785 - INFO -   trajectory_type: spiral
2025-09-12 18:53:52,785 - INFO -   target_pos: [0.0, 0.0, 1.0]
2025-09-12 18:53:52,785 - INFO - 
==================================================
2025-09-12 18:53:52,785 - INFO - STARTING DHP TRAINING FOR CF2X QUADROTOR
2025-09-12 18:53:52,785 - INFO - ==================================================
2025-09-12 18:53:52,893 - WARNING - From /home/osos/Mohamed_Masters_Thesis/DHP_drone_updated/msc-thesis/agents/dhp.py:88: The name tf.Session is deprecated. Please use tf.compat.v1.Session instead.

2025-09-12 18:53:52,970 - WARNING - From /home/osos/Mohamed_Masters_Thesis/DHP_drone_updated/msc-thesis/agents/dhp.py:117: The name tf.placeholder is deprecated. Please use tf.compat.v1.placeholder instead.

2025-09-12 18:53:52,971 - WARNING - From /home/osos/Mohamed_Masters_Thesis/DHP_drone_updated/msc-thesis/agents/dhp.py:119: The name tf.placeholder_with_default is deprecated. Please use tf.compat.v1.placeholder_with_default instead.

2025-09-12 18:53:52,974 - WARNING - From /home/osos/Mohamed_Masters_Thesis/DHP_drone_updated/msc-thesis/agents/dhp.py:141: The name tf.variable_scope is deprecated. Please use tf.compat.v1.variable_scope instead.

2025-09-12 18:53:52,974 - WARNING - From /home/osos/Mohamed_Masters_Thesis/DHP_drone_updated/msc-thesis/agents/dhp.py:145: dense (from tensorflow.python.layers.core) is deprecated and will be removed in a future version.
Instructions for updating:
Use keras.layers.Dense instead.
2025-09-12 18:53:52,975 - WARNING - From /home/osos/anaconda3/envs/DHP/lib/python3.7/site-packages/tensorflow_core/python/layers/core.py:187: Layer.apply (from tensorflow.python.keras.engine.base_layer) is deprecated and will be removed in a future version.
Instructions for updating:
Please use `layer.__call__` method instead.
2025-09-12 18:53:53,002 - WARNING - From /home/osos/Mohamed_Masters_Thesis/DHP_drone_updated/msc-thesis/agents/dhp.py:150: The name tf.trainable_variables is deprecated. Please use tf.compat.v1.trainable_variables instead.

2025-09-12 18:53:53,012 - WARNING - From /home/osos/Mohamed_Masters_Thesis/DHP_drone_updated/msc-thesis/agents/dhp.py:156: The name tf.train.GradientDescentOptimizer is deprecated. Please use tf.compat.v1.train.GradientDescentOptimizer instead.

2025-09-12 18:53:53,046 - WARNING - From /home/osos/Mohamed_Masters_Thesis/DHP_drone_updated/msc-thesis/agents/dhp.py:173: The name tf.assign is deprecated. Please use tf.compat.v1.assign instead.

2025-09-12 18:53:53,165 - WARNING - From /home/osos/Mohamed_Masters_Thesis/DHP_drone_updated/msc-thesis/agents/dhp.py:97: The name tf.summary.merge_all is deprecated. Please use tf.compat.v1.summary.merge_all instead.

2025-09-12 18:53:53,165 - WARNING - From /home/osos/Mohamed_Masters_Thesis/DHP_drone_updated/msc-thesis/agents/dhp.py:98: The name tf.train.Saver is deprecated. Please use tf.compat.v1.train.Saver instead.

2025-09-12 18:53:53,179 - WARNING - From /home/osos/Mohamed_Masters_Thesis/DHP_drone_updated/msc-thesis/agents/dhp.py:99: The name tf.global_variables_initializer is deprecated. Please use tf.compat.v1.global_variables_initializer instead.

2025-09-12 18:53:53,236 - INFO - 
Training for 200 episodes...
2025-09-12 18:53:53,236 - INFO - Episode | Reward  | Avg Cost | Pos Error | Duration (Completion) | Time
2025-09-12 18:53:53,236 - INFO - -------------------------------------------------------------------------------------
2025-09-12 18:53:54,899 - INFO - 🏆 NEW BEST EPISODE (SMART CRITERIA)! Episode 0
2025-09-12 18:53:54,899 - INFO -    Position Error: 4.8109m
2025-09-12 18:53:54,899 - INFO -    Completion: 12.9% (97/750 steps)
2025-09-12 18:53:54,899 - INFO -    Duration: 3.2s / 25.0s
2025-09-12 18:53:54,899 - INFO -    Composite Score: -35.18
2025-09-12 18:53:54,900 - INFO -       0 |   54.99 |   31.666 |    4.8109 |   3.2s (12.9%) |    1.7s
2025-09-12 18:53:56,236 - INFO - 🏆 NEW BEST EPISODE (SMART CRITERIA)! Episode 1
2025-09-12 18:53:56,236 - INFO -    Position Error: 4.7893m
2025-09-12 18:53:56,236 - INFO -    Completion: 13.6% (102/750 steps)
2025-09-12 18:53:56,236 - INFO -    Duration: 3.4s / 25.0s
2025-09-12 18:53:56,236 - INFO -    Composite Score: -34.29
2025-09-12 18:53:58,682 - INFO - 🏆 NEW BEST EPISODE (SMART CRITERIA)! Episode 2
2025-09-12 18:53:58,682 - INFO -    Position Error: 5.8151m
2025-09-12 18:53:58,682 - INFO -    Completion: 26.5% (199/750 steps)
2025-09-12 18:53:58,682 - INFO -    Duration: 6.6s / 25.0s
2025-09-12 18:53:58,682 - INFO -    Composite Score: -31.62
2025-09-12 18:54:00,047 - INFO - NEW BEST PERFORMANCE! Episode 3: 4.7758m
2025-09-12 18:54:00,145 - INFO - BEST MODEL SAVED! Episode 3, Error: 4.7758m
2025-09-12 18:54:00,145 - INFO - Best model path: /home/osos/Mohamed_Masters_Thesis/DHP_drone_updated/DHP/trained_models/dhp_cf2x_best
2025-09-12 18:54:00,145 - INFO - All model files saved successfully!
2025-09-12 18:54:08,903 - INFO - 🏆 NEW BEST EPISODE (SMART CRITERIA)! Episode 9
2025-09-12 18:54:08,903 - INFO -    Position Error: 5.9421m
2025-09-12 18:54:08,903 - INFO -    Completion: 28.8% (216/750 steps)
2025-09-12 18:54:08,903 - INFO -    Duration: 7.2s / 25.0s
2025-09-12 18:54:08,903 - INFO -    Composite Score: -30.62
2025-09-12 18:54:13,731 - INFO - 🏆 NEW BEST EPISODE (SMART CRITERIA)! Episode 10
2025-09-12 18:54:13,731 - INFO -    Position Error: 4.1789m
2025-09-12 18:54:13,731 - INFO -    Completion: 53.1% (398/750 steps)
2025-09-12 18:54:13,731 - INFO -    Duration: 13.3s / 25.0s
2025-09-12 18:54:13,731 - INFO -    Composite Score: 11.28
2025-09-12 18:54:13,734 - INFO -      10 |   35.92 |   50.906 |    4.1789 |  13.3s (53.1%) |   20.5s
2025-09-12 18:54:15,438 - INFO - NEW BEST PERFORMANCE! Episode 12: 0.1763m
2025-09-12 18:54:15,460 - INFO - BEST MODEL SAVED! Episode 12, Error: 0.1763m
2025-09-12 18:54:15,460 - INFO - Best model path: /home/osos/Mohamed_Masters_Thesis/DHP_drone_updated/DHP/trained_models/dhp_cf2x_best
2025-09-12 18:54:15,460 - INFO - All model files saved successfully!
2025-09-12 18:54:15,460 - INFO - CONVERGENCE EPISODE 12: 0.1763m
2025-09-12 18:54:15,674 - INFO - CONVERGENCE EPISODE 13: 0.2271m
2025-09-12 18:54:15,904 - INFO - CONVERGENCE EPISODE 14: 0.2992m
2025-09-12 18:54:25,770 - INFO - 🏆 NEW BEST EPISODE (SMART CRITERIA)! Episode 18
2025-09-12 18:54:25,770 - INFO -    Position Error: 3.9335m
2025-09-12 18:54:25,770 - INFO -    Completion: 64.3% (482/750 steps)
2025-09-12 18:54:25,770 - INFO -    Duration: 16.1s / 25.0s
2025-09-12 18:54:25,770 - INFO -    Composite Score: 24.93
2025-09-12 18:54:26,429 - INFO - NEW BEST PERFORMANCE! Episode 19: 1.8564m
2025-09-12 18:54:26,451 - INFO - BEST MODEL SAVED! Episode 19, Error: 1.8564m
2025-09-12 18:54:26,451 - INFO - Best model path: /home/osos/Mohamed_Masters_Thesis/DHP_drone_updated/DHP/trained_models/dhp_cf2x_best
2025-09-12 18:54:26,451 - INFO - All model files saved successfully!
2025-09-12 18:54:26,919 - INFO - NEW BEST PERFORMANCE! Episode 20: 0.2846m
2025-09-12 18:54:26,937 - INFO - BEST MODEL SAVED! Episode 20, Error: 0.2846m
2025-09-12 18:54:26,937 - INFO - Best model path: /home/osos/Mohamed_Masters_Thesis/DHP_drone_updated/DHP/trained_models/dhp_cf2x_best
2025-09-12 18:54:26,937 - INFO - All model files saved successfully!
2025-09-12 18:54:26,937 - INFO - CONVERGENCE EPISODE 20: 0.2846m
2025-09-12 18:54:26,937 - INFO -      20 |   53.20 |   36.973 |    0.2846 |   1.2s ( 4.9%) |   33.7s
2025-09-12 18:54:33,435 - INFO - CONVERGENCE EPISODE 29: 0.4577m
2025-09-12 18:54:33,964 - INFO -      30 |   54.13 |   72.641 |    1.5597 |   1.4s ( 5.6%) |   40.7s
2025-09-12 18:54:41,097 - INFO - CONVERGENCE EPISODE 37: 0.3535m
2025-09-12 18:54:43,693 - INFO - CONVERGENCE EPISODE 39: 0.9915m
2025-09-12 18:54:44,994 - INFO -      40 |  116.14 |   54.583 |    1.3629 |   3.5s (14.0%) |   51.8s
2025-09-12 18:54:46,848 - INFO - CONVERGENCE EPISODE 42: 0.9739m
2025-09-12 18:54:47,784 - INFO - CONVERGENCE EPISODE 43: 0.4807m
2025-09-12 18:54:57,984 - INFO - CONVERGENCE EPISODE 49: 0.6225m
2025-09-12 18:54:58,717 - INFO -      50 |   68.89 |   85.118 |    2.4074 |   1.8s ( 7.3%) |   65.5s
2025-09-12 18:54:59,458 - INFO - CONVERGENCE EPISODE 51: 0.8951m
2025-09-12 18:55:01,184 - INFO - CONVERGENCE EPISODE 53: 0.9705m
2025-09-12 18:55:02,229 - INFO - CONVERGENCE EPISODE 54: 0.3723m
2025-09-12 18:55:11,476 - INFO -      60 |   49.80 |  109.951 |    4.2034 |   2.5s ( 9.9%) |   78.2s
2025-09-12 18:55:17,624 - INFO - CONVERGENCE EPISODE 64: 0.9871m
2025-09-12 18:55:20,370 - INFO - CONVERGENCE EPISODE 66: 0.3305m
2025-09-12 18:55:26,554 - INFO -      70 |  171.51 |   57.327 |    1.8322 |   4.8s (19.3%) |   93.3s
2025-09-12 18:55:41,044 - INFO -      80 |  131.02 |   30.603 |    1.7006 |   3.3s (13.1%) |  107.8s
2025-09-12 18:55:42,324 - INFO - CONVERGENCE EPISODE 81: 0.5695m
2025-09-12 18:55:55,705 - INFO -      90 |  118.56 |   11.061 |    1.3024 |   3.9s (15.7%) |  122.5s
2025-09-12 18:55:59,397 - INFO - CONVERGENCE EPISODE 93: 0.9268m
2025-09-12 18:56:10,530 - INFO - 
2025-09-12 18:56:10,530 - INFO - MILESTONE 100 ANALYSIS:
2025-09-12 18:56:10,530 - INFO -   Recent 50 episodes avg position error: 2.6714 ± 1.5379m
2025-09-12 18:56:10,530 - INFO -   Recent 50 episodes avg cost: 42.759
2025-09-12 18:56:10,530 - INFO -   Convergent episodes ratio (< 1.0m): 14.00%
2025-09-12 18:56:10,531 - INFO -   Total convergent episodes so far: 17
2025-09-12 18:56:10,531 - INFO -   Best performance: 0.2846m at episode 20
2025-09-12 18:56:10,531 - INFO -   Stable performance not yet achieved
2025-09-12 18:56:10,531 - INFO - 
2025-09-12 18:56:10,531 - INFO -     100 |  165.36 |   71.093 |    1.9113 |   4.2s (16.8%) |  137.3s
2025-09-12 18:56:25,613 - INFO -     110 |   81.88 |   44.714 |    3.5679 |   3.3s (13.1%) |  152.4s
2025-09-12 18:56:40,215 - INFO -     120 |  132.03 |   31.270 |    2.2063 |   3.3s (13.3%) |  167.0s
2025-09-12 18:56:53,375 - INFO - CONVERGENCE EPISODE 130: 0.8611m
2025-09-12 18:56:53,375 - INFO -     130 |  124.95 |   42.269 |    0.8611 |   3.3s (13.2%) |  180.1s
2025-09-12 18:56:54,861 - INFO - CONVERGENCE EPISODE 131: 0.7996m
2025-09-12 18:56:58,547 - INFO - CONVERGENCE EPISODE 134: 0.5449m
2025-09-12 18:57:06,613 - INFO -     140 |   84.70 |   22.975 |    4.9413 |   3.7s (14.7%) |  193.4s
2025-09-12 18:57:16,244 - INFO - CONVERGENCE EPISODE 148: 0.4620m
2025-09-12 18:57:19,178 - INFO -     150 |   99.92 |   16.999 |    4.6178 |   4.9s (19.7%) |  205.9s
2025-09-12 18:57:30,721 - INFO -     160 |   71.61 |   45.487 |    1.4426 |   2.1s ( 8.3%) |  217.5s
2025-09-12 18:57:42,630 - INFO -     170 |   87.41 |   16.179 |    2.1426 |   3.4s (13.5%) |  229.4s
2025-09-12 18:57:43,630 - INFO - CONVERGENCE EPISODE 171: 0.3840m
2025-09-12 18:57:51,547 - INFO - CONVERGENCE EPISODE 177: 0.3044m
2025-09-12 18:57:54,764 - INFO -     180 |   67.92 |   51.906 |    2.6005 |   2.4s ( 9.5%) |  241.5s
2025-09-12 18:58:07,770 - INFO -     190 |  130.70 |   66.881 |    4.5413 |   4.5s (18.1%) |  254.5s
2025-09-12 18:58:09,784 - INFO - CONVERGENCE EPISODE 192: 0.5158m
2025-09-12 18:58:15,458 - INFO - CONVERGENCE EPISODE 197: 0.4777m
2025-09-12 18:58:18,550 - INFO - 
================================================================================
2025-09-12 18:58:18,550 - INFO - TRAINING COMPLETED - FINAL ANALYSIS
2025-09-12 18:58:18,550 - INFO - ================================================================================
2025-09-12 18:58:18,550 - INFO - Total training time: 265.3 seconds (4.4 minutes)
2025-09-12 18:58:18,551 - INFO - Final episode reward: 95.61
2025-09-12 18:58:18,551 - INFO - Final position error: 4.6324m
2025-09-12 18:58:18,551 - INFO - 
EPISODE COMPLETION STATISTICS:
2025-09-12 18:58:18,551 - INFO - Average completion rate: 14.0%
2025-09-12 18:58:18,551 - INFO - Episodes completed (≥90%): 0/200 (0.0%)
2025-09-12 18:58:18,551 - INFO - No episodes achieved ≥90% completion
2025-09-12 18:58:18,551 - INFO - 
BEST EPISODE ANALYSIS:
2025-09-12 18:58:18,551 - INFO - Best overall episode (smart criteria): #20
2025-09-12 18:58:18,551 - INFO -   Position error: 0.2846m
2025-09-12 18:58:18,551 - INFO -   Composite score: 24.93
2025-09-12 18:58:18,551 - INFO - Total convergent episodes (< 1.0m): 25/200 (12.50%)
2025-09-12 18:58:18,551 - INFO - Stable performance achieved: No
2025-09-12 18:58:18,551 - INFO - Position error statistics:
2025-09-12 18:58:18,551 - INFO -   Mean: 2.8271m
2025-09-12 18:58:18,552 - INFO -   Std:  1.6178m
2025-09-12 18:58:18,552 - INFO -   Min:  0.1763m
2025-09-12 18:58:18,552 - INFO -   Max:  5.9421m
2025-09-12 18:58:18,552 - INFO -   Median: 2.4101m
2025-09-12 18:58:18,552 - INFO - Performance distribution:
2025-09-12 18:58:18,552 - INFO -   Excellent (< 0.5m): 13 episodes (6.5%)
2025-09-12 18:58:18,552 - INFO -   Good (0.5-1.0m):   12 episodes (6.0%)
2025-09-12 18:58:18,552 - INFO -   Acceptable (1.0-1.5m): 21 episodes (10.5%)
2025-09-12 18:58:18,552 - INFO -   Poor (> 1.5m):     154 episodes (77.0%)
2025-09-12 18:58:18,552 - INFO - 
TRAINING CONFIGURATION EFFECTIVENESS:
2025-09-12 18:58:18,552 - INFO - ----------------------------------------
2025-09-12 18:58:18,552 - INFO - Episodes needed for first convergence: 12
2025-09-12 18:58:18,552 - INFO - Excitation phase ended at episode: 6
2025-09-12 18:58:18,555 - INFO - Training metrics saved to: /home/osos/Mohamed_Masters_Thesis/DHP_drone_updated/DHP/training_logs/dhp_split_metrics_20250912_185818.json
2025-09-12 18:58:18,556 - INFO - 
BEST MODEL CONFIRMED:
2025-09-12 18:58:18,556 - INFO -   Episode: 20
2025-09-12 18:58:18,556 - INFO -   Position Error: 0.2846m
2025-09-12 18:58:18,556 - INFO -   Model files: dhp_cf2x_best_*
2025-09-12 18:58:18,556 - INFO - ================================================================================
2025-09-12 18:58:18,556 - INFO - TRAINING SESSION COMPLETED
2025-09-12 18:58:18,556 - INFO - Detailed log saved to: /home/osos/Mohamed_Masters_Thesis/DHP_drone_updated/DHP/training_logs/dhp_split_training_20250912_185352.log
2025-09-12 18:58:18,556 - INFO - ================================================================================
2025-09-12 18:58:18,559 - INFO - Best episode replay data saved: /home/osos/Mohamed_Masters_Thesis/DHP_drone_updated/DHP/best_episode_replays/best_episode_replay_ep18_error3.9335_20250912_185818.pkl
2025-09-12 18:58:18,559 - INFO -   Episode: 18, Error: 3.9335m
2025-09-12 18:58:18,559 - INFO -   Action sequence: 482 steps
2025-09-12 18:58:18,559 - INFO -   Duration: 16.07 seconds
2025-09-12 18:58:18,559 - INFO -   Control frequency: 30.0 Hz
2025-09-12 19:01:54,660 - INFO - 
==================================================
2025-09-12 19:01:54,660 - INFO - STARTING BEST EPISODE REPLAY
2025-09-12 19:01:54,660 - INFO - ==================================================
