2025-09-09 09:42:29,525 - INFO - ================================================================================
2025-09-09 09:42:29,525 - INFO - DHP SPLIT ARCHITECTURE TRAINING SESSION STARTED
2025-09-09 09:42:29,525 - INFO - ================================================================================
2025-09-09 09:42:29,525 - INFO - HYPERPARAMETERS:
2025-09-09 09:42:29,526 - INFO - ----------------------------------------
2025-09-09 09:42:29,526 - INFO - action_size              : 4
2025-09-09 09:42:29,526 - INFO - best_episode_gui         : False
2025-09-09 09:42:29,526 - INFO - coordination_strength    : 0.1
2025-09-09 09:42:29,526 - INFO - coordination_warmup_episodes: 400
2025-09-09 09:42:29,526 - INFO - dt                       : 0.03333333333333333
2025-09-09 09:42:29,526 - INFO - episode_length           : 20.0
2025-09-09 09:42:29,526 - INFO - excitation_amplitude     : 0.03
2025-09-09 09:42:29,526 - INFO - excitation_steps         : 12500
2025-09-09 09:42:29,526 - INFO - gamma                    : 0.98
2025-09-09 09:42:29,526 - INFO - gradient_clip_value      : 0.5
2025-09-09 09:42:29,526 - INFO - gui                      : False
2025-09-09 09:42:29,526 - INFO - hidden_layer_size        : [64, 64, 32]
2025-09-09 09:42:29,526 - INFO - log_interval             : 10
2025-09-09 09:42:29,526 - INFO - lr_actor                 : 0.0005
2025-09-09 09:42:29,526 - INFO - lr_critic                : 0.001
2025-09-09 09:42:29,526 - INFO - lr_decay                 : 0.9999
2025-09-09 09:42:29,526 - INFO - normalize_states         : True
2025-09-09 09:42:29,527 - INFO - num_episodes             : 2500
2025-09-09 09:42:29,527 - INFO - predict_delta            : False
2025-09-09 09:42:29,527 - INFO - record                   : False
2025-09-09 09:42:29,527 - INFO - record_best_episodes     : True
2025-09-09 09:42:29,527 - INFO - recording_fps            : 30
2025-09-09 09:42:29,527 - INFO - reference_size           : 8
2025-09-09 09:42:29,527 - INFO - rls_action_size          : 4
2025-09-09 09:42:29,527 - INFO - rls_covariance           : 100.0
2025-09-09 09:42:29,527 - INFO - rls_gamma                : 0.9995
2025-09-09 09:42:29,527 - INFO - rls_state_size           : 8
2025-09-09 09:42:29,527 - INFO - save_interval            : 100
2025-09-09 09:42:29,527 - INFO - split                    : False
2025-09-09 09:42:29,527 - INFO - state_bounds             : {'z': [0.0, 5.0], 'roll': [-1.5707963267948966, 1.5707963267948966], 'pitch': [-1.5707963267948966, 1.5707963267948966], 'yaw': [-3.141592653589793, 3.141592653589793], 'vz': [-12.0, 12.0], 'wx': [-10.0, 10.0], 'wy': [-10.0, 10.0], 'wz': [-10.0, 10.0]}
2025-09-09 09:42:29,527 - INFO - state_size               : 8
2025-09-09 09:42:29,527 - INFO - target_network           : True
2025-09-09 09:42:29,528 - INFO - target_pos               : [0.5, 0.5, 1.0]
2025-09-09 09:42:29,528 - INFO - tau                      : 0.001
2025-09-09 09:42:29,528 - INFO - trajectory_type          : spiral
2025-09-09 09:42:29,528 - INFO - update_cycles            : 2
2025-09-09 09:42:29,528 - INFO - use_trajectory           : False
2025-09-09 09:42:29,528 - INFO - ----------------------------------------
2025-09-09 09:42:29,528 - INFO - Log file: /home/osos/Mohamed_Masters_Thesis/DHP_drone_updated/DHP/training_logs/dhp_split_training_20250909_094229.log
2025-09-09 09:42:29,528 - INFO - ================================================================================
2025-09-09 09:42:29,528 - INFO - 
TRAJECTORY TRAINING CONFIGURATION:
2025-09-09 09:42:29,528 - INFO -   num_episodes: 200
2025-09-09 09:42:29,528 - INFO -   episode_length: 25.0
2025-09-09 09:42:29,528 - INFO -   excitation_steps: 5000
2025-09-09 09:42:29,529 - INFO -   log_interval: 10
2025-09-09 09:42:29,529 - INFO -   save_interval: 50
2025-09-09 09:42:29,529 - INFO -   gui: False
2025-09-09 09:42:29,529 - INFO -   record: False
2025-09-09 09:42:29,529 - INFO -   normalize_states: True
2025-09-09 09:42:29,529 - INFO -   record_best_episodes: True
2025-09-09 09:42:29,529 - INFO -   coordination_warmup_episodes: 200
2025-09-09 09:42:29,529 - INFO -   coordination_strength: 0.15
2025-09-09 09:42:29,529 - INFO -   use_trajectory: True
2025-09-09 09:42:29,529 - INFO -   trajectory_type: spiral
2025-09-09 09:42:29,529 - INFO -   target_pos: [0.0, 0.0, 1.0]
2025-09-09 09:42:29,529 - INFO - 
==================================================
2025-09-09 09:42:29,529 - INFO - STARTING DHP TRAINING FOR CF2X QUADROTOR
2025-09-09 09:42:29,529 - INFO - ==================================================
2025-09-09 09:42:29,630 - WARNING - From /home/osos/Mohamed_Masters_Thesis/DHP_drone_updated/msc-thesis/agents/dhp.py:88: The name tf.Session is deprecated. Please use tf.compat.v1.Session instead.

2025-09-09 09:42:29,717 - WARNING - From /home/osos/Mohamed_Masters_Thesis/DHP_drone_updated/msc-thesis/agents/dhp.py:117: The name tf.placeholder is deprecated. Please use tf.compat.v1.placeholder instead.

2025-09-09 09:42:29,718 - WARNING - From /home/osos/Mohamed_Masters_Thesis/DHP_drone_updated/msc-thesis/agents/dhp.py:119: The name tf.placeholder_with_default is deprecated. Please use tf.compat.v1.placeholder_with_default instead.

2025-09-09 09:42:29,721 - WARNING - From /home/osos/Mohamed_Masters_Thesis/DHP_drone_updated/msc-thesis/agents/dhp.py:141: The name tf.variable_scope is deprecated. Please use tf.compat.v1.variable_scope instead.

2025-09-09 09:42:29,722 - WARNING - From /home/osos/Mohamed_Masters_Thesis/DHP_drone_updated/msc-thesis/agents/dhp.py:145: dense (from tensorflow.python.layers.core) is deprecated and will be removed in a future version.
Instructions for updating:
Use keras.layers.Dense instead.
2025-09-09 09:42:29,722 - WARNING - From /home/osos/anaconda3/envs/DHP/lib/python3.7/site-packages/tensorflow_core/python/layers/core.py:187: Layer.apply (from tensorflow.python.keras.engine.base_layer) is deprecated and will be removed in a future version.
Instructions for updating:
Please use `layer.__call__` method instead.
2025-09-09 09:42:29,748 - WARNING - From /home/osos/Mohamed_Masters_Thesis/DHP_drone_updated/msc-thesis/agents/dhp.py:150: The name tf.trainable_variables is deprecated. Please use tf.compat.v1.trainable_variables instead.

2025-09-09 09:42:29,760 - WARNING - From /home/osos/Mohamed_Masters_Thesis/DHP_drone_updated/msc-thesis/agents/dhp.py:156: The name tf.train.GradientDescentOptimizer is deprecated. Please use tf.compat.v1.train.GradientDescentOptimizer instead.

2025-09-09 09:42:29,787 - WARNING - From /home/osos/Mohamed_Masters_Thesis/DHP_drone_updated/msc-thesis/agents/dhp.py:173: The name tf.assign is deprecated. Please use tf.compat.v1.assign instead.

2025-09-09 09:42:29,900 - WARNING - From /home/osos/Mohamed_Masters_Thesis/DHP_drone_updated/msc-thesis/agents/dhp.py:97: The name tf.summary.merge_all is deprecated. Please use tf.compat.v1.summary.merge_all instead.

2025-09-09 09:42:29,900 - WARNING - From /home/osos/Mohamed_Masters_Thesis/DHP_drone_updated/msc-thesis/agents/dhp.py:98: The name tf.train.Saver is deprecated. Please use tf.compat.v1.train.Saver instead.

2025-09-09 09:42:29,911 - WARNING - From /home/osos/Mohamed_Masters_Thesis/DHP_drone_updated/msc-thesis/agents/dhp.py:99: The name tf.global_variables_initializer is deprecated. Please use tf.compat.v1.global_variables_initializer instead.

2025-09-09 09:42:29,964 - INFO - 
Training for 200 episodes...
2025-09-09 09:42:29,964 - INFO - Episode | Reward  | Avg Cost | Pos Error | Duration (Completion) | Time
2025-09-09 09:42:29,964 - INFO - -------------------------------------------------------------------------------------
2025-09-09 09:42:31,104 - INFO - 🏆 NEW BEST EPISODE (SMART CRITERIA)! Episode 0
2025-09-09 09:42:31,104 - INFO -    Position Error: 5.2676m
2025-09-09 09:42:31,104 - INFO -    Completion: 17.1% (128/750 steps)
2025-09-09 09:42:31,104 - INFO -    Duration: 4.3s / 25.0s
2025-09-09 09:42:31,104 - INFO -    Composite Score: -35.61
2025-09-09 09:42:31,105 - INFO -       0 |   78.82 |   28.616 |    5.2676 |   4.3s (17.1%) |    1.1s
2025-09-09 09:42:32,099 - INFO - 🏆 NEW BEST EPISODE (SMART CRITERIA)! Episode 1
2025-09-09 09:42:32,099 - INFO -    Position Error: 5.2668m
2025-09-09 09:42:32,099 - INFO -    Completion: 17.1% (128/750 steps)
2025-09-09 09:42:32,099 - INFO -    Duration: 4.3s / 25.0s
2025-09-09 09:42:32,099 - INFO -    Composite Score: -35.60
2025-09-09 09:42:33,310 - INFO - 🏆 NEW BEST EPISODE (SMART CRITERIA)! Episode 2
2025-09-09 09:42:33,310 - INFO -    Position Error: 5.2733m
2025-09-09 09:42:33,311 - INFO -    Completion: 19.6% (147/750 steps)
2025-09-09 09:42:33,311 - INFO -    Duration: 4.9s / 25.0s
2025-09-09 09:42:33,311 - INFO -    Composite Score: -33.13
2025-09-09 09:42:34,237 - INFO - NEW BEST PERFORMANCE! Episode 3: 5.2105m
2025-09-09 09:42:34,275 - INFO - BEST MODEL SAVED! Episode 3, Error: 5.2105m
2025-09-09 09:42:34,275 - INFO - Best model path: /home/osos/Mohamed_Masters_Thesis/DHP_drone_updated/DHP/trained_models/dhp_cf2x_best
2025-09-09 09:42:34,275 - INFO - All model files saved successfully!
2025-09-09 09:42:35,122 - INFO - NEW BEST PERFORMANCE! Episode 4: 5.1834m
2025-09-09 09:42:35,143 - INFO - BEST MODEL SAVED! Episode 4, Error: 5.1834m
2025-09-09 09:42:35,144 - INFO - Best model path: /home/osos/Mohamed_Masters_Thesis/DHP_drone_updated/DHP/trained_models/dhp_cf2x_best
2025-09-09 09:42:35,144 - INFO - All model files saved successfully!
2025-09-09 09:42:37,647 - INFO - NEW BEST PERFORMANCE! Episode 7: 5.1462m
2025-09-09 09:42:37,668 - INFO - BEST MODEL SAVED! Episode 7, Error: 5.1462m
2025-09-09 09:42:37,668 - INFO - Best model path: /home/osos/Mohamed_Masters_Thesis/DHP_drone_updated/DHP/trained_models/dhp_cf2x_best
2025-09-09 09:42:37,668 - INFO - All model files saved successfully!
2025-09-09 09:42:39,621 - INFO - 🏆 NEW BEST EPISODE (SMART CRITERIA)! Episode 9
2025-09-09 09:42:39,621 - INFO -    Position Error: 5.2349m
2025-09-09 09:42:39,621 - INFO -    Completion: 22.4% (168/750 steps)
2025-09-09 09:42:39,621 - INFO -    Duration: 5.6s / 25.0s
2025-09-09 09:42:39,621 - INFO -    Composite Score: -29.95
2025-09-09 09:42:40,826 - INFO -      10 |  171.37 |   32.492 |    5.4744 |   6.0s (24.1%) |   10.9s
2025-09-09 09:42:41,754 - INFO - NEW BEST PERFORMANCE! Episode 11: 5.2335m
2025-09-09 09:42:41,777 - INFO - BEST MODEL SAVED! Episode 11, Error: 5.2335m
2025-09-09 09:42:41,777 - INFO - Best model path: /home/osos/Mohamed_Masters_Thesis/DHP_drone_updated/DHP/trained_models/dhp_cf2x_best
2025-09-09 09:42:41,777 - INFO - All model files saved successfully!
2025-09-09 09:42:42,639 - INFO - NEW BEST PERFORMANCE! Episode 12: 5.0561m
2025-09-09 09:42:42,659 - INFO - BEST MODEL SAVED! Episode 12, Error: 5.0561m
2025-09-09 09:42:42,659 - INFO - Best model path: /home/osos/Mohamed_Masters_Thesis/DHP_drone_updated/DHP/trained_models/dhp_cf2x_best
2025-09-09 09:42:42,659 - INFO - All model files saved successfully!
2025-09-09 09:42:44,889 - INFO - NEW BEST PERFORMANCE! Episode 15: 5.0494m
2025-09-09 09:42:44,911 - INFO - BEST MODEL SAVED! Episode 15, Error: 5.0494m
2025-09-09 09:42:44,911 - INFO - Best model path: /home/osos/Mohamed_Masters_Thesis/DHP_drone_updated/DHP/trained_models/dhp_cf2x_best
2025-09-09 09:42:44,912 - INFO - All model files saved successfully!
2025-09-09 09:42:48,733 - INFO -      20 |   61.69 |   24.949 |    5.0784 |   3.4s (13.7%) |   18.8s
2025-09-09 09:42:51,708 - INFO - NEW BEST PERFORMANCE! Episode 24: 5.0432m
2025-09-09 09:42:51,727 - INFO - BEST MODEL SAVED! Episode 24, Error: 5.0432m
2025-09-09 09:42:51,727 - INFO - Best model path: /home/osos/Mohamed_Masters_Thesis/DHP_drone_updated/DHP/trained_models/dhp_cf2x_best
2025-09-09 09:42:51,727 - INFO - All model files saved successfully!
2025-09-09 09:42:55,116 - INFO - NEW BEST PERFORMANCE! Episode 29: 5.0321m
2025-09-09 09:42:55,138 - INFO - BEST MODEL SAVED! Episode 29, Error: 5.0321m
2025-09-09 09:42:55,138 - INFO - Best model path: /home/osos/Mohamed_Masters_Thesis/DHP_drone_updated/DHP/trained_models/dhp_cf2x_best
2025-09-09 09:42:55,138 - INFO - All model files saved successfully!
2025-09-09 09:42:55,775 - INFO -      30 |   57.54 |   29.419 |    5.0330 |   3.4s (13.6%) |   25.8s
2025-09-09 09:43:01,215 - INFO - NEW BEST PERFORMANCE! Episode 37: 4.9871m
2025-09-09 09:43:01,237 - INFO - BEST MODEL SAVED! Episode 37, Error: 4.9871m
2025-09-09 09:43:01,237 - INFO - Best model path: /home/osos/Mohamed_Masters_Thesis/DHP_drone_updated/DHP/trained_models/dhp_cf2x_best
2025-09-09 09:43:01,237 - INFO - All model files saved successfully!
2025-09-09 09:43:03,260 - INFO -      40 |   53.44 |   28.161 |    5.0354 |   3.2s (12.9%) |   33.3s
2025-09-09 09:43:04,649 - INFO - 🏆 NEW BEST EPISODE (SMART CRITERIA)! Episode 41
2025-09-09 09:43:04,650 - INFO -    Position Error: 5.2246m
2025-09-09 09:43:04,650 - INFO -    Completion: 30.0% (225/750 steps)
2025-09-09 09:43:04,650 - INFO -    Duration: 7.5s / 25.0s
2025-09-09 09:43:04,650 - INFO -    Composite Score: -22.25
2025-09-09 09:43:05,382 - INFO - NEW BEST PERFORMANCE! Episode 42: 4.9403m
2025-09-09 09:43:05,402 - INFO - BEST MODEL SAVED! Episode 42, Error: 4.9403m
2025-09-09 09:43:05,402 - INFO - Best model path: /home/osos/Mohamed_Masters_Thesis/DHP_drone_updated/DHP/trained_models/dhp_cf2x_best
2025-09-09 09:43:05,403 - INFO - All model files saved successfully!
2025-09-09 09:43:10,705 - INFO -      50 |   47.22 |   33.742 |    5.0228 |   3.1s (12.3%) |   40.7s
2025-09-09 09:43:16,689 - INFO -      60 |   48.83 |   40.425 |    5.1321 |   4.0s (16.1%) |   46.7s
2025-09-09 09:43:23,641 - INFO -      70 |   47.24 |   33.800 |    4.9936 |   3.7s (14.9%) |   53.7s
2025-09-09 09:43:25,841 - INFO - 🏆 NEW BEST EPISODE (SMART CRITERIA)! Episode 72
2025-09-09 09:43:25,841 - INFO -    Position Error: 4.9511m
2025-09-09 09:43:25,841 - INFO -    Completion: 32.7% (245/750 steps)
2025-09-09 09:43:25,841 - INFO -    Duration: 8.2s / 25.0s
2025-09-09 09:43:25,841 - INFO -    Composite Score: -16.84
2025-09-09 09:43:27,510 - INFO - NEW BEST PERFORMANCE! Episode 74: 4.9220m
2025-09-09 09:43:27,531 - INFO - BEST MODEL SAVED! Episode 74, Error: 4.9220m
2025-09-09 09:43:27,531 - INFO - Best model path: /home/osos/Mohamed_Masters_Thesis/DHP_drone_updated/DHP/trained_models/dhp_cf2x_best
2025-09-09 09:43:27,531 - INFO - All model files saved successfully!
2025-09-09 09:43:28,095 - INFO - NEW BEST PERFORMANCE! Episode 75: 4.9066m
2025-09-09 09:43:28,114 - INFO - BEST MODEL SAVED! Episode 75, Error: 4.9066m
2025-09-09 09:43:28,114 - INFO - Best model path: /home/osos/Mohamed_Masters_Thesis/DHP_drone_updated/DHP/trained_models/dhp_cf2x_best
2025-09-09 09:43:28,114 - INFO - All model files saved successfully!
2025-09-09 09:43:28,728 - INFO - NEW BEST PERFORMANCE! Episode 76: 4.8965m
2025-09-09 09:43:28,747 - INFO - BEST MODEL SAVED! Episode 76, Error: 4.8965m
2025-09-09 09:43:28,747 - INFO - Best model path: /home/osos/Mohamed_Masters_Thesis/DHP_drone_updated/DHP/trained_models/dhp_cf2x_best
2025-09-09 09:43:28,747 - INFO - All model files saved successfully!
2025-09-09 09:43:32,319 - INFO -      80 |   41.71 |   45.184 |    4.9373 |   3.9s (15.5%) |   62.4s
2025-09-09 09:43:40,180 - INFO -      90 |   43.41 |   46.707 |    5.1709 |   4.5s (17.9%) |   70.2s
2025-09-09 09:43:45,099 - INFO - 🏆 NEW BEST EPISODE (SMART CRITERIA)! Episode 93
2025-09-09 09:43:45,099 - INFO -    Position Error: 3.6712m
2025-09-09 09:43:45,099 - INFO -    Completion: 76.5% (574/750 steps)
2025-09-09 09:43:45,099 - INFO -    Duration: 19.1s / 25.0s
2025-09-09 09:43:45,099 - INFO -    Composite Score: 39.82
2025-09-09 09:43:50,583 - INFO - 
2025-09-09 09:43:50,583 - INFO - MILESTONE 100 ANALYSIS:
2025-09-09 09:43:50,583 - INFO -   Recent 50 episodes avg position error: 5.0302 ± 0.2431m
2025-09-09 09:43:50,583 - INFO -   Recent 50 episodes avg cost: 39.338
2025-09-09 09:43:50,583 - INFO -   Convergent episodes ratio (< 1.0m): 0.00%
2025-09-09 09:43:50,583 - INFO -   Total convergent episodes so far: 0
2025-09-09 09:43:50,583 - INFO -   Best performance: 3.6712m at episode 93
2025-09-09 09:43:50,583 - INFO -   Stable performance not yet achieved
2025-09-09 09:43:50,583 - INFO - 
2025-09-09 09:43:50,583 - INFO -     100 |   37.73 |   42.653 |    5.0028 |   3.0s (12.0%) |   80.6s
2025-09-09 09:43:59,630 - INFO -     110 |   35.13 |   37.014 |    5.1396 |   4.3s (17.2%) |   89.7s
2025-09-09 09:44:05,998 - INFO -     120 |   34.88 |   43.373 |    4.9450 |   2.5s (10.1%) |   96.0s
2025-09-09 09:44:14,443 - INFO -     130 |   37.54 |   40.413 |    5.0004 |   3.7s (14.7%) |  104.5s
2025-09-09 09:44:21,157 - INFO -     140 |   36.62 |   48.549 |    5.1797 |   3.9s (15.6%) |  111.2s
2025-09-09 09:44:27,142 - INFO -     150 |   34.20 |   51.824 |    4.8792 |   2.9s (11.7%) |  117.2s
2025-09-09 09:44:32,622 - INFO -     160 |   32.77 |   58.109 |    4.8817 |   2.6s (10.5%) |  122.7s
2025-09-09 09:44:38,102 - INFO -     170 |   31.50 |   43.510 |    4.9558 |   2.8s (11.2%) |  128.1s
2025-09-09 09:44:43,362 - INFO -     180 |   31.67 |   48.020 |    4.9373 |   3.0s (12.0%) |  133.4s
2025-09-09 09:44:49,018 - INFO -     190 |   32.17 |   49.826 |    4.9574 |   2.8s (11.2%) |  139.1s
2025-09-09 09:44:53,812 - INFO - 
================================================================================
2025-09-09 09:44:53,812 - INFO - TRAINING COMPLETED - FINAL ANALYSIS
2025-09-09 09:44:53,812 - INFO - ================================================================================
2025-09-09 09:44:53,812 - INFO - Total training time: 143.8 seconds (2.4 minutes)
2025-09-09 09:44:53,812 - INFO - Final episode reward: 32.37
2025-09-09 09:44:53,812 - INFO - Final position error: 4.9045m
2025-09-09 09:44:53,812 - INFO - 
EPISODE COMPLETION STATISTICS:
2025-09-09 09:44:53,812 - INFO - Average completion rate: 14.9%
2025-09-09 09:44:53,812 - INFO - Episodes completed (≥90%): 0/200 (0.0%)
2025-09-09 09:44:53,812 - INFO - No episodes achieved ≥90% completion
2025-09-09 09:44:53,812 - INFO - 
BEST EPISODE ANALYSIS:
2025-09-09 09:44:53,812 - INFO - Best overall episode (smart criteria): #93
2025-09-09 09:44:53,812 - INFO -   Position error: 3.6712m
2025-09-09 09:44:53,812 - INFO -   Composite score: 39.82
2025-09-09 09:44:53,812 - INFO - Total convergent episodes (< 1.0m): 0/200 (0.00%)
2025-09-09 09:44:53,812 - INFO - Stable performance achieved: No
2025-09-09 09:44:53,812 - INFO - Position error statistics:
2025-09-09 09:44:53,812 - INFO -   Mean: 5.0253m
2025-09-09 09:44:53,812 - INFO -   Std:  0.1902m
2025-09-09 09:44:53,812 - INFO -   Min:  3.6712m
2025-09-09 09:44:53,813 - INFO -   Max:  5.9880m
2025-09-09 09:44:53,813 - INFO -   Median: 4.9984m
2025-09-09 09:44:53,813 - INFO - Performance distribution:
2025-09-09 09:44:53,813 - INFO -   Excellent (< 0.5m): 0 episodes (0.0%)
2025-09-09 09:44:53,813 - INFO -   Good (0.5-1.0m):   0 episodes (0.0%)
2025-09-09 09:44:53,813 - INFO -   Acceptable (1.0-1.5m): 0 episodes (0.0%)
2025-09-09 09:44:53,813 - INFO -   Poor (> 1.5m):     200 episodes (100.0%)
2025-09-09 09:44:53,813 - INFO - 
TRAINING CONFIGURATION EFFECTIVENESS:
2025-09-09 09:44:53,813 - INFO - ----------------------------------------
2025-09-09 09:44:53,813 - INFO - Episodes needed for first convergence: N/A
2025-09-09 09:44:53,813 - INFO - Excitation phase ended at episode: 6
2025-09-09 09:44:53,814 - INFO - Training metrics saved to: /home/osos/Mohamed_Masters_Thesis/DHP_drone_updated/DHP/training_logs/dhp_split_metrics_20250909_094453.json
2025-09-09 09:44:53,814 - INFO - 
BEST MODEL CONFIRMED:
2025-09-09 09:44:53,815 - INFO -   Episode: 93
2025-09-09 09:44:53,815 - INFO -   Position Error: 3.6712m
2025-09-09 09:44:53,815 - INFO -   Model files: dhp_cf2x_best_*
2025-09-09 09:44:53,815 - INFO - ================================================================================
2025-09-09 09:44:53,815 - INFO - TRAINING SESSION COMPLETED
2025-09-09 09:44:53,815 - INFO - Detailed log saved to: /home/osos/Mohamed_Masters_Thesis/DHP_drone_updated/DHP/training_logs/dhp_split_training_20250909_094229.log
2025-09-09 09:44:53,815 - INFO - ================================================================================
2025-09-09 09:44:53,816 - INFO - Best episode replay data saved: /home/osos/Mohamed_Masters_Thesis/DHP_drone_updated/DHP/best_episode_replays/best_episode_replay_ep93_error3.6712_20250909_094453.pkl
2025-09-09 09:44:53,816 - INFO -   Episode: 93, Error: 3.6712m
2025-09-09 09:44:53,816 - INFO -   Action sequence: 574 steps
2025-09-09 09:44:53,816 - INFO -   Duration: 19.13 seconds
2025-09-09 09:44:53,816 - INFO -   Control frequency: 30.0 Hz
2025-09-09 09:45:17,973 - INFO - 
==================================================
2025-09-09 09:45:17,973 - INFO - STARTING BEST EPISODE REPLAY
2025-09-09 09:45:17,973 - INFO - ==================================================
