2025-09-12 18:52:48,857 - INFO - ================================================================================
2025-09-12 18:52:48,857 - INFO - DHP SPLIT ARCHITECTURE TRAINING SESSION STARTED
2025-09-12 18:52:48,857 - INFO - ================================================================================
2025-09-12 18:52:48,857 - INFO - HYPERPARAMETERS:
2025-09-12 18:52:48,857 - INFO - ----------------------------------------
2025-09-12 18:52:48,858 - INFO - action_size              : 4
2025-09-12 18:52:48,858 - INFO - best_episode_gui         : False
2025-09-12 18:52:48,858 - INFO - coordination_strength    : 0.1
2025-09-12 18:52:48,858 - INFO - coordination_warmup_episodes: 400
2025-09-12 18:52:48,858 - INFO - dt                       : 0.03333333333333333
2025-09-12 18:52:48,858 - INFO - episode_length           : 20.0
2025-09-12 18:52:48,858 - INFO - excitation_amplitude     : 0.03
2025-09-12 18:52:48,858 - INFO - excitation_steps         : 12500
2025-09-12 18:52:48,858 - INFO - gamma                    : 0.98
2025-09-12 18:52:48,858 - INFO - gradient_clip_value      : 0.5
2025-09-12 18:52:48,858 - INFO - gui                      : False
2025-09-12 18:52:48,858 - INFO - hidden_layer_size        : [64, 64, 32]
2025-09-12 18:52:48,858 - INFO - log_interval             : 10
2025-09-12 18:52:48,858 - INFO - lr_actor                 : 0.0005
2025-09-12 18:52:48,858 - INFO - lr_critic                : 0.001
2025-09-12 18:52:48,858 - INFO - lr_decay                 : 0.9999
2025-09-12 18:52:48,858 - INFO - normalize_states         : True
2025-09-12 18:52:48,858 - INFO - num_episodes             : 2500
2025-09-12 18:52:48,858 - INFO - predict_delta            : False
2025-09-12 18:52:48,858 - INFO - record                   : False
2025-09-12 18:52:48,858 - INFO - record_best_episodes     : True
2025-09-12 18:52:48,858 - INFO - recording_fps            : 30
2025-09-12 18:52:48,858 - INFO - reference_size           : 8
2025-09-12 18:52:48,858 - INFO - rls_action_size          : 4
2025-09-12 18:52:48,858 - INFO - rls_covariance           : 100.0
2025-09-12 18:52:48,858 - INFO - rls_gamma                : 0.9995
2025-09-12 18:52:48,858 - INFO - rls_state_size           : 8
2025-09-12 18:52:48,858 - INFO - save_interval            : 100
2025-09-12 18:52:48,858 - INFO - split                    : False
2025-09-12 18:52:48,859 - INFO - state_bounds             : {'z': [0.0, 5.0], 'roll': [-1.5707963267948966, 1.5707963267948966], 'pitch': [-1.5707963267948966, 1.5707963267948966], 'yaw': [-3.141592653589793, 3.141592653589793], 'vz': [-12.0, 12.0], 'wx': [-10.0, 10.0], 'wy': [-10.0, 10.0], 'wz': [-10.0, 10.0]}
2025-09-12 18:52:48,859 - INFO - state_size               : 8
2025-09-12 18:52:48,859 - INFO - target_network           : True
2025-09-12 18:52:48,859 - INFO - target_pos               : [0.5, 0.5, 1.0]
2025-09-12 18:52:48,859 - INFO - tau                      : 0.001
2025-09-12 18:52:48,859 - INFO - trajectory_type          : spiral
2025-09-12 18:52:48,859 - INFO - update_cycles            : 5
2025-09-12 18:52:48,859 - INFO - use_trajectory           : False
2025-09-12 18:52:48,859 - INFO - ----------------------------------------
2025-09-12 18:52:48,859 - INFO - Log file: /home/osos/Mohamed_Masters_Thesis/DHP_drone_updated/DHP/training_logs/dhp_split_training_20250912_185248.log
2025-09-12 18:52:48,859 - INFO - ================================================================================
2025-09-12 18:52:48,859 - INFO - 
TRAJECTORY TRAINING CONFIGURATION:
2025-09-12 18:52:48,859 - INFO -   num_episodes: 200
2025-09-12 18:52:48,859 - INFO -   episode_length: 25.0
2025-09-12 18:52:48,859 - INFO -   excitation_steps: 5000
2025-09-12 18:52:48,859 - INFO -   log_interval: 10
2025-09-12 18:52:48,859 - INFO -   save_interval: 50
2025-09-12 18:52:48,859 - INFO -   gui: False
2025-09-12 18:52:48,859 - INFO -   record: False
2025-09-12 18:52:48,859 - INFO -   normalize_states: True
2025-09-12 18:52:48,859 - INFO -   record_best_episodes: True
2025-09-12 18:52:48,859 - INFO -   coordination_warmup_episodes: 200
2025-09-12 18:52:48,859 - INFO -   coordination_strength: 0.15
2025-09-12 18:52:48,859 - INFO -   use_trajectory: True
2025-09-12 18:52:48,859 - INFO -   trajectory_type: spiral
2025-09-12 18:52:48,859 - INFO -   target_pos: [0.0, 0.0, 1.0]
2025-09-12 18:52:48,860 - INFO - 
==================================================
2025-09-12 18:52:48,860 - INFO - STARTING DHP TRAINING FOR CF2X QUADROTOR
2025-09-12 18:52:48,860 - INFO - ==================================================
2025-09-12 18:52:48,948 - WARNING - From /home/osos/Mohamed_Masters_Thesis/DHP_drone_updated/msc-thesis/agents/dhp.py:88: The name tf.Session is deprecated. Please use tf.compat.v1.Session instead.

2025-09-12 18:52:49,050 - WARNING - From /home/osos/Mohamed_Masters_Thesis/DHP_drone_updated/msc-thesis/agents/dhp.py:117: The name tf.placeholder is deprecated. Please use tf.compat.v1.placeholder instead.

2025-09-12 18:52:49,052 - WARNING - From /home/osos/Mohamed_Masters_Thesis/DHP_drone_updated/msc-thesis/agents/dhp.py:119: The name tf.placeholder_with_default is deprecated. Please use tf.compat.v1.placeholder_with_default instead.

2025-09-12 18:52:49,056 - WARNING - From /home/osos/Mohamed_Masters_Thesis/DHP_drone_updated/msc-thesis/agents/dhp.py:141: The name tf.variable_scope is deprecated. Please use tf.compat.v1.variable_scope instead.

2025-09-12 18:52:49,057 - WARNING - From /home/osos/Mohamed_Masters_Thesis/DHP_drone_updated/msc-thesis/agents/dhp.py:145: dense (from tensorflow.python.layers.core) is deprecated and will be removed in a future version.
Instructions for updating:
Use keras.layers.Dense instead.
2025-09-12 18:52:49,058 - WARNING - From /home/osos/anaconda3/envs/DHP/lib/python3.7/site-packages/tensorflow_core/python/layers/core.py:187: Layer.apply (from tensorflow.python.keras.engine.base_layer) is deprecated and will be removed in a future version.
Instructions for updating:
Please use `layer.__call__` method instead.
2025-09-12 18:52:49,104 - WARNING - From /home/osos/Mohamed_Masters_Thesis/DHP_drone_updated/msc-thesis/agents/dhp.py:150: The name tf.trainable_variables is deprecated. Please use tf.compat.v1.trainable_variables instead.

2025-09-12 18:52:49,118 - WARNING - From /home/osos/Mohamed_Masters_Thesis/DHP_drone_updated/msc-thesis/agents/dhp.py:156: The name tf.train.GradientDescentOptimizer is deprecated. Please use tf.compat.v1.train.GradientDescentOptimizer instead.

2025-09-12 18:52:49,146 - WARNING - From /home/osos/Mohamed_Masters_Thesis/DHP_drone_updated/msc-thesis/agents/dhp.py:173: The name tf.assign is deprecated. Please use tf.compat.v1.assign instead.

2025-09-12 18:52:49,262 - WARNING - From /home/osos/Mohamed_Masters_Thesis/DHP_drone_updated/msc-thesis/agents/dhp.py:97: The name tf.summary.merge_all is deprecated. Please use tf.compat.v1.summary.merge_all instead.

2025-09-12 18:52:49,262 - WARNING - From /home/osos/Mohamed_Masters_Thesis/DHP_drone_updated/msc-thesis/agents/dhp.py:98: The name tf.train.Saver is deprecated. Please use tf.compat.v1.train.Saver instead.

2025-09-12 18:52:49,274 - WARNING - From /home/osos/Mohamed_Masters_Thesis/DHP_drone_updated/msc-thesis/agents/dhp.py:99: The name tf.global_variables_initializer is deprecated. Please use tf.compat.v1.global_variables_initializer instead.

2025-09-12 18:52:49,327 - INFO - 
Training for 200 episodes...
2025-09-12 18:52:49,327 - INFO - Episode | Reward  | Avg Cost | Pos Error | Duration (Completion) | Time
2025-09-12 18:52:49,327 - INFO - -------------------------------------------------------------------------------------
2025-09-12 18:52:50,824 - INFO - 🏆 NEW BEST EPISODE (SMART CRITERIA)! Episode 0
2025-09-12 18:52:50,824 - INFO -    Position Error: 4.9467m
2025-09-12 18:52:50,824 - INFO -    Completion: 12.1% (91/750 steps)
2025-09-12 18:52:50,824 - INFO -    Duration: 3.0s / 25.0s
2025-09-12 18:52:50,824 - INFO -    Composite Score: -37.33
2025-09-12 18:52:50,825 - INFO -       0 |   48.56 |   32.488 |    4.9467 |   3.0s (12.1%) |    1.5s
2025-09-12 18:52:52,232 - INFO - 🏆 NEW BEST EPISODE (SMART CRITERIA)! Episode 1
2025-09-12 18:52:52,232 - INFO -    Position Error: 4.8308m
2025-09-12 18:52:52,232 - INFO -    Completion: 13.7% (103/750 steps)
2025-09-12 18:52:52,232 - INFO -    Duration: 3.4s / 25.0s
2025-09-12 18:52:52,232 - INFO -    Composite Score: -34.57
2025-09-12 18:52:58,824 - INFO - 🏆 NEW BEST EPISODE (SMART CRITERIA)! Episode 6
2025-09-12 18:52:58,824 - INFO -    Position Error: 4.7335m
2025-09-12 18:52:58,824 - INFO -    Completion: 15.7% (118/750 steps)
2025-09-12 18:52:58,824 - INFO -    Duration: 3.9s / 25.0s
2025-09-12 18:52:58,824 - INFO -    Composite Score: -31.60
2025-09-12 18:53:03,947 - INFO - 🏆 NEW BEST EPISODE (SMART CRITERIA)! Episode 9
2025-09-12 18:53:03,947 - INFO -    Position Error: 4.4440m
2025-09-12 18:53:03,947 - INFO -    Completion: 26.9% (202/750 steps)
2025-09-12 18:53:03,947 - INFO -    Duration: 6.7s / 25.0s
2025-09-12 18:53:03,947 - INFO -    Composite Score: -17.51
2025-09-12 18:53:05,559 - INFO -      10 |   58.73 |   35.005 |    4.6923 |   4.4s (17.7%) |   16.2s
2025-09-12 18:53:22,361 - INFO -      20 |   77.80 |   34.572 |    4.8198 |   4.1s (16.3%) |   33.0s
