2025-09-08 00:39:55,854 - INFO - ================================================================================
2025-09-08 00:39:55,854 - INFO - DHP SPLIT ARCHITECTURE TRAINING SESSION STARTED
2025-09-08 00:39:55,854 - INFO - ================================================================================
2025-09-08 00:39:55,854 - INFO - HYPERPARAMETERS:
2025-09-08 00:39:55,854 - INFO - ----------------------------------------
2025-09-08 00:39:55,854 - INFO - action_size              : 4
2025-09-08 00:39:55,854 - INFO - dt                       : 0.03333333333333333
2025-09-08 00:39:55,854 - INFO - episode_length           : 8.0
2025-09-08 00:39:55,854 - INFO - gamma                    : 0.98
2025-09-08 00:39:55,855 - INFO - gui                      : True
2025-09-08 00:39:55,855 - INFO - hidden_layer_size        : [64, 64, 32]
2025-09-08 00:39:55,855 - INFO - lr_actor                 : 0.005
2025-09-08 00:39:55,855 - INFO - lr_critic                : 0.01
2025-09-08 00:39:55,855 - INFO - normalize_states         : True
2025-09-08 00:39:55,855 - INFO - predict_delta            : False
2025-09-08 00:39:55,855 - INFO - record                   : False
2025-09-08 00:39:55,855 - INFO - reference_size           : 8
2025-09-08 00:39:55,855 - INFO - rls_action_size          : 4
2025-09-08 00:39:55,855 - INFO - rls_covariance           : 100.0
2025-09-08 00:39:55,855 - INFO - rls_gamma                : 0.9995
2025-09-08 00:39:55,855 - INFO - rls_state_size           : 8
2025-09-08 00:39:55,855 - INFO - split                    : False
2025-09-08 00:39:55,855 - INFO - state_bounds             : {'z': [0.0, 5.0], 'roll': [-1.5708, 1.5708], 'pitch': [-1.5708, 1.5708], 'yaw': [-3.1416, 3.1416], 'vz': [-12.0, 12.0], 'wx': [-10.0, 10.0], 'wy': [-10.0, 10.0], 'wz': [-10.0, 10.0]}
2025-09-08 00:39:55,855 - INFO - state_size               : 8
2025-09-08 00:39:55,855 - INFO - target_network           : True
2025-09-08 00:39:55,855 - INFO - target_pos               : [0.5, 0.5, 1.0]
2025-09-08 00:39:55,855 - INFO - tau                      : 0.001
2025-09-08 00:39:55,855 - INFO - use_trajectory           : False
2025-09-08 00:39:55,855 - INFO - ----------------------------------------
2025-09-08 00:39:55,855 - INFO - Log file: /home/osos/Mohamed_Masters_Thesis/DHP_drone_updated/DHP/training_logs/dhp_split_training_20250908_003955.log
2025-09-08 00:39:55,855 - INFO - ================================================================================
2025-09-08 00:39:56,368 - WARNING - From /home/osos/Mohamed_Masters_Thesis/DHP_drone_updated/msc-thesis/agents/dhp.py:474: The name tf.Session is deprecated. Please use tf.compat.v1.Session instead.

2025-09-08 00:39:56,466 - WARNING - From /home/osos/Mohamed_Masters_Thesis/DHP_drone_updated/msc-thesis/agents/dhp.py:117: The name tf.placeholder is deprecated. Please use tf.compat.v1.placeholder instead.

2025-09-08 00:39:56,467 - WARNING - From /home/osos/Mohamed_Masters_Thesis/DHP_drone_updated/msc-thesis/agents/dhp.py:119: The name tf.placeholder_with_default is deprecated. Please use tf.compat.v1.placeholder_with_default instead.

2025-09-08 00:39:56,470 - WARNING - From /home/osos/Mohamed_Masters_Thesis/DHP_drone_updated/msc-thesis/agents/dhp.py:141: The name tf.variable_scope is deprecated. Please use tf.compat.v1.variable_scope instead.

2025-09-08 00:39:56,470 - WARNING - From /home/osos/Mohamed_Masters_Thesis/DHP_drone_updated/msc-thesis/agents/dhp.py:145: dense (from tensorflow.python.layers.core) is deprecated and will be removed in a future version.
Instructions for updating:
Use keras.layers.Dense instead.
2025-09-08 00:39:56,471 - WARNING - From /home/osos/anaconda3/envs/DHP/lib/python3.7/site-packages/tensorflow_core/python/layers/core.py:187: Layer.apply (from tensorflow.python.keras.engine.base_layer) is deprecated and will be removed in a future version.
Instructions for updating:
Please use `layer.__call__` method instead.
2025-09-08 00:39:56,500 - WARNING - From /home/osos/Mohamed_Masters_Thesis/DHP_drone_updated/msc-thesis/agents/dhp.py:150: The name tf.trainable_variables is deprecated. Please use tf.compat.v1.trainable_variables instead.

2025-09-08 00:39:56,513 - WARNING - From /home/osos/Mohamed_Masters_Thesis/DHP_drone_updated/msc-thesis/agents/dhp.py:156: The name tf.train.GradientDescentOptimizer is deprecated. Please use tf.compat.v1.train.GradientDescentOptimizer instead.

2025-09-08 00:39:56,543 - WARNING - From /home/osos/Mohamed_Masters_Thesis/DHP_drone_updated/msc-thesis/agents/dhp.py:173: The name tf.assign is deprecated. Please use tf.compat.v1.assign instead.

2025-09-08 00:39:56,732 - WARNING - From /home/osos/Mohamed_Masters_Thesis/DHP_drone_updated/msc-thesis/agents/dhp.py:483: The name tf.summary.merge_all is deprecated. Please use tf.compat.v1.summary.merge_all instead.

2025-09-08 00:39:56,733 - WARNING - From /home/osos/Mohamed_Masters_Thesis/DHP_drone_updated/msc-thesis/agents/dhp.py:484: The name tf.train.Saver is deprecated. Please use tf.compat.v1.train.Saver instead.

2025-09-08 00:39:56,751 - INFO - Restoring parameters from /home/osos/Mohamed_Masters_Thesis/DHP_drone_updated/DHP/trained_models/dhp_cf2x_best
2025-09-08 00:39:57,075 - INFO - Restoring parameters from /home/osos/Mohamed_Masters_Thesis/DHP_drone_updated/DHP/trained_models/dhp_cf2x_best
