2025-09-08 22:54:42,717 - INFO - ================================================================================
2025-09-08 22:54:42,717 - INFO - DHP SPLIT ARCHITECTURE TRAINING SESSION STARTED
2025-09-08 22:54:42,717 - INFO - ================================================================================
2025-09-08 22:54:42,717 - INFO - HYPERPARAMETERS:
2025-09-08 22:54:42,717 - INFO - ----------------------------------------
2025-09-08 22:54:42,717 - INFO - action_size              : 4
2025-09-08 22:54:42,718 - INFO - best_episode_gui         : False
2025-09-08 22:54:42,718 - INFO - coordination_strength    : 0.1
2025-09-08 22:54:42,718 - INFO - coordination_warmup_episodes: 400
2025-09-08 22:54:42,718 - INFO - dt                       : 0.03333333333333333
2025-09-08 22:54:42,718 - INFO - episode_length           : 20.0
2025-09-08 22:54:42,718 - INFO - excitation_amplitude     : 0.03
2025-09-08 22:54:42,718 - INFO - excitation_steps         : 12500
2025-09-08 22:54:42,718 - INFO - gamma                    : 0.98
2025-09-08 22:54:42,718 - INFO - gradient_clip_value      : 0.5
2025-09-08 22:54:42,718 - INFO - gui                      : False
2025-09-08 22:54:42,718 - INFO - hidden_layer_size        : [64, 64, 32]
2025-09-08 22:54:42,718 - INFO - log_interval             : 10
2025-09-08 22:54:42,718 - INFO - lr_actor                 : 0.005
2025-09-08 22:54:42,718 - INFO - lr_critic                : 0.01
2025-09-08 22:54:42,718 - INFO - lr_decay                 : 0.9999
2025-09-08 22:54:42,718 - INFO - normalize_states         : True
2025-09-08 22:54:42,718 - INFO - num_episodes             : 2500
2025-09-08 22:54:42,718 - INFO - predict_delta            : False
2025-09-08 22:54:42,718 - INFO - record                   : False
2025-09-08 22:54:42,718 - INFO - record_best_episodes     : True
2025-09-08 22:54:42,718 - INFO - recording_fps            : 30
2025-09-08 22:54:42,718 - INFO - reference_size           : 8
2025-09-08 22:54:42,718 - INFO - rls_action_size          : 4
2025-09-08 22:54:42,718 - INFO - rls_covariance           : 100.0
2025-09-08 22:54:42,718 - INFO - rls_gamma                : 0.9995
2025-09-08 22:54:42,718 - INFO - rls_state_size           : 8
2025-09-08 22:54:42,718 - INFO - save_interval            : 100
2025-09-08 22:54:42,718 - INFO - split                    : False
2025-09-08 22:54:42,718 - INFO - state_bounds             : {'z': [0.0, 5.0], 'roll': [-1.5707963267948966, 1.5707963267948966], 'pitch': [-1.5707963267948966, 1.5707963267948966], 'yaw': [-3.141592653589793, 3.141592653589793], 'vz': [-12.0, 12.0], 'wx': [-10.0, 10.0], 'wy': [-10.0, 10.0], 'wz': [-10.0, 10.0]}
2025-09-08 22:54:42,718 - INFO - state_size               : 8
2025-09-08 22:54:42,718 - INFO - target_network           : True
2025-09-08 22:54:42,718 - INFO - target_pos               : [0.5, 0.5, 1.0]
2025-09-08 22:54:42,719 - INFO - tau                      : 0.001
2025-09-08 22:54:42,719 - INFO - trajectory_type          : spiral
2025-09-08 22:54:42,719 - INFO - update_cycles            : 2
2025-09-08 22:54:42,719 - INFO - use_trajectory           : False
2025-09-08 22:54:42,719 - INFO - ----------------------------------------
2025-09-08 22:54:42,719 - INFO - Log file: /home/osos/Mohamed_Masters_Thesis/DHP_drone_updated/DHP/training_logs/dhp_split_training_20250908_225442.log
2025-09-08 22:54:42,719 - INFO - ================================================================================
2025-09-08 22:54:42,719 - INFO - 
TRAJECTORY TRAINING CONFIGURATION:
2025-09-08 22:54:42,719 - INFO -   num_episodes: 200
2025-09-08 22:54:42,719 - INFO -   episode_length: 25.0
2025-09-08 22:54:42,719 - INFO -   excitation_steps: 5000
2025-09-08 22:54:42,719 - INFO -   log_interval: 10
2025-09-08 22:54:42,719 - INFO -   save_interval: 50
2025-09-08 22:54:42,719 - INFO -   gui: False
2025-09-08 22:54:42,719 - INFO -   record: False
2025-09-08 22:54:42,719 - INFO -   normalize_states: True
2025-09-08 22:54:42,719 - INFO -   record_best_episodes: True
2025-09-08 22:54:42,719 - INFO -   coordination_warmup_episodes: 200
2025-09-08 22:54:42,719 - INFO -   coordination_strength: 0.15
2025-09-08 22:54:42,719 - INFO -   use_trajectory: True
2025-09-08 22:54:42,719 - INFO -   trajectory_type: spiral
2025-09-08 22:54:42,719 - INFO -   target_pos: [0.0, 0.0, 1.0]
2025-09-08 22:54:42,719 - INFO - 
==================================================
2025-09-08 22:54:42,719 - INFO - STARTING DHP TRAINING FOR CF2X QUADROTOR
2025-09-08 22:54:42,719 - INFO - ==================================================
2025-09-08 22:54:42,821 - WARNING - From /home/osos/Mohamed_Masters_Thesis/DHP_drone_updated/msc-thesis/agents/dhp.py:88: The name tf.Session is deprecated. Please use tf.compat.v1.Session instead.

2025-09-08 22:54:42,908 - WARNING - From /home/osos/Mohamed_Masters_Thesis/DHP_drone_updated/msc-thesis/agents/dhp.py:117: The name tf.placeholder is deprecated. Please use tf.compat.v1.placeholder instead.

2025-09-08 22:54:42,910 - WARNING - From /home/osos/Mohamed_Masters_Thesis/DHP_drone_updated/msc-thesis/agents/dhp.py:119: The name tf.placeholder_with_default is deprecated. Please use tf.compat.v1.placeholder_with_default instead.

2025-09-08 22:54:42,913 - WARNING - From /home/osos/Mohamed_Masters_Thesis/DHP_drone_updated/msc-thesis/agents/dhp.py:141: The name tf.variable_scope is deprecated. Please use tf.compat.v1.variable_scope instead.

2025-09-08 22:54:42,913 - WARNING - From /home/osos/Mohamed_Masters_Thesis/DHP_drone_updated/msc-thesis/agents/dhp.py:145: dense (from tensorflow.python.layers.core) is deprecated and will be removed in a future version.
Instructions for updating:
Use keras.layers.Dense instead.
2025-09-08 22:54:42,914 - WARNING - From /home/osos/anaconda3/envs/DHP/lib/python3.7/site-packages/tensorflow_core/python/layers/core.py:187: Layer.apply (from tensorflow.python.keras.engine.base_layer) is deprecated and will be removed in a future version.
Instructions for updating:
Please use `layer.__call__` method instead.
2025-09-08 22:54:42,941 - WARNING - From /home/osos/Mohamed_Masters_Thesis/DHP_drone_updated/msc-thesis/agents/dhp.py:150: The name tf.trainable_variables is deprecated. Please use tf.compat.v1.trainable_variables instead.

2025-09-08 22:54:42,955 - WARNING - From /home/osos/Mohamed_Masters_Thesis/DHP_drone_updated/msc-thesis/agents/dhp.py:156: The name tf.train.GradientDescentOptimizer is deprecated. Please use tf.compat.v1.train.GradientDescentOptimizer instead.

2025-09-08 22:54:42,983 - WARNING - From /home/osos/Mohamed_Masters_Thesis/DHP_drone_updated/msc-thesis/agents/dhp.py:173: The name tf.assign is deprecated. Please use tf.compat.v1.assign instead.

2025-09-08 22:54:43,099 - WARNING - From /home/osos/Mohamed_Masters_Thesis/DHP_drone_updated/msc-thesis/agents/dhp.py:97: The name tf.summary.merge_all is deprecated. Please use tf.compat.v1.summary.merge_all instead.

2025-09-08 22:54:43,100 - WARNING - From /home/osos/Mohamed_Masters_Thesis/DHP_drone_updated/msc-thesis/agents/dhp.py:98: The name tf.train.Saver is deprecated. Please use tf.compat.v1.train.Saver instead.

2025-09-08 22:54:43,111 - WARNING - From /home/osos/Mohamed_Masters_Thesis/DHP_drone_updated/msc-thesis/agents/dhp.py:99: The name tf.global_variables_initializer is deprecated. Please use tf.compat.v1.global_variables_initializer instead.

2025-09-08 22:54:43,164 - INFO - 
Training for 200 episodes...
2025-09-08 22:54:43,164 - INFO - Episode | Reward  | Avg Cost | Pos Error | Duration (Completion) | Time
2025-09-08 22:54:43,164 - INFO - -------------------------------------------------------------------------------------
2025-09-08 22:54:44,252 - INFO - 🏆 NEW BEST EPISODE (SMART CRITERIA)! Episode 0
2025-09-08 22:54:44,252 - INFO -    Position Error: 4.8610m
2025-09-08 22:54:44,252 - INFO -    Completion: 16.3% (122/750 steps)
2025-09-08 22:54:44,252 - INFO -    Duration: 4.1s / 25.0s
2025-09-08 22:54:44,252 - INFO -    Composite Score: -32.34
2025-09-08 22:54:44,253 - INFO -       0 |   73.59 |   26.618 |    4.8610 |   4.1s (16.3%) |    1.1s
2025-09-08 22:54:46,727 - INFO - 🏆 NEW BEST EPISODE (SMART CRITERIA)! Episode 3
2025-09-08 22:54:46,727 - INFO -    Position Error: 5.2790m
2025-09-08 22:54:46,727 - INFO -    Completion: 20.9% (157/750 steps)
2025-09-08 22:54:46,727 - INFO -    Duration: 5.2s / 25.0s
2025-09-08 22:54:46,727 - INFO -    Composite Score: -31.86
2025-09-08 22:54:47,482 - INFO - NEW BEST PERFORMANCE! Episode 4: 5.0053m
2025-09-08 22:54:47,524 - INFO - BEST MODEL SAVED! Episode 4, Error: 5.0053m
2025-09-08 22:54:47,524 - INFO - Best model path: /home/osos/Mohamed_Masters_Thesis/DHP_drone_updated/DHP/trained_models/dhp_cf2x_best
2025-09-08 22:54:47,524 - INFO - All model files saved successfully!
2025-09-08 22:54:48,128 - INFO - NEW BEST PERFORMANCE! Episode 5: 4.8678m
2025-09-08 22:54:48,153 - INFO - BEST MODEL SAVED! Episode 5, Error: 4.8678m
2025-09-08 22:54:48,153 - INFO - Best model path: /home/osos/Mohamed_Masters_Thesis/DHP_drone_updated/DHP/trained_models/dhp_cf2x_best
2025-09-08 22:54:48,153 - INFO - All model files saved successfully!
2025-09-08 22:54:50,184 - INFO - NEW BEST PERFORMANCE! Episode 8: 4.8483m
2025-09-08 22:54:50,207 - INFO - BEST MODEL SAVED! Episode 8, Error: 4.8483m
2025-09-08 22:54:50,207 - INFO - Best model path: /home/osos/Mohamed_Masters_Thesis/DHP_drone_updated/DHP/trained_models/dhp_cf2x_best
2025-09-08 22:54:50,207 - INFO - All model files saved successfully!
2025-09-08 22:54:51,543 - INFO -      10 |   55.27 |   35.539 |    5.1082 |   3.5s (13.9%) |    8.4s
2025-09-08 22:54:55,793 - INFO - 🏆 NEW BEST EPISODE (SMART CRITERIA)! Episode 16
2025-09-08 22:54:55,793 - INFO -    Position Error: 4.9022m
2025-09-08 22:54:55,793 - INFO -    Completion: 20.8% (156/750 steps)
2025-09-08 22:54:55,793 - INFO -    Duration: 5.2s / 25.0s
2025-09-08 22:54:55,793 - INFO -    Composite Score: -28.22
2025-09-08 22:54:56,362 - INFO - NEW BEST PERFORMANCE! Episode 17: 4.8445m
2025-09-08 22:54:56,385 - INFO - BEST MODEL SAVED! Episode 17, Error: 4.8445m
2025-09-08 22:54:56,385 - INFO - Best model path: /home/osos/Mohamed_Masters_Thesis/DHP_drone_updated/DHP/trained_models/dhp_cf2x_best
2025-09-08 22:54:56,386 - INFO - All model files saved successfully!
2025-09-08 22:54:58,306 - INFO -      20 |   46.09 |   39.347 |    5.0130 |   4.0s (16.0%) |   15.1s
2025-09-08 22:55:02,528 - INFO - 🏆 NEW BEST EPISODE (SMART CRITERIA)! Episode 25
2025-09-08 22:55:02,529 - INFO -    Position Error: 5.8636m
2025-09-08 22:55:02,529 - INFO -    Completion: 37.1% (278/750 steps)
2025-09-08 22:55:02,529 - INFO -    Duration: 9.3s / 25.0s
2025-09-08 22:55:02,529 - INFO -    Composite Score: -21.57
2025-09-08 22:55:04,452 - INFO - 🏆 NEW BEST EPISODE (SMART CRITERIA)! Episode 26
2025-09-08 22:55:04,452 - INFO -    Position Error: 4.8810m
2025-09-08 22:55:04,452 - INFO -    Completion: 42.3% (317/750 steps)
2025-09-08 22:55:04,452 - INFO -    Duration: 10.6s / 25.0s
2025-09-08 22:55:04,452 - INFO -    Composite Score: -6.54
2025-09-08 22:55:06,321 - INFO - NEW BEST PERFORMANCE! Episode 28: 4.6179m
2025-09-08 22:55:06,341 - INFO - BEST MODEL SAVED! Episode 28, Error: 4.6179m
2025-09-08 22:55:06,341 - INFO - Best model path: /home/osos/Mohamed_Masters_Thesis/DHP_drone_updated/DHP/trained_models/dhp_cf2x_best
2025-09-08 22:55:06,341 - INFO - All model files saved successfully!
2025-09-08 22:55:07,268 - INFO - NEW BEST PERFORMANCE! Episode 30: 0.5429m
2025-09-08 22:55:07,288 - INFO - BEST MODEL SAVED! Episode 30, Error: 0.5429m
2025-09-08 22:55:07,288 - INFO - Best model path: /home/osos/Mohamed_Masters_Thesis/DHP_drone_updated/DHP/trained_models/dhp_cf2x_best
2025-09-08 22:55:07,288 - INFO - All model files saved successfully!
2025-09-08 22:55:07,288 - INFO - CONVERGENCE EPISODE 30: 0.5429m
2025-09-08 22:55:07,288 - INFO -      30 |   26.27 |   42.243 |    0.5429 |   0.7s ( 2.8%) |   24.1s
2025-09-08 22:55:08,157 - INFO - NEW BEST PERFORMANCE! Episode 32: 0.3378m
2025-09-08 22:55:08,176 - INFO - BEST MODEL SAVED! Episode 32, Error: 0.3378m
2025-09-08 22:55:08,176 - INFO - Best model path: /home/osos/Mohamed_Masters_Thesis/DHP_drone_updated/DHP/trained_models/dhp_cf2x_best
2025-09-08 22:55:08,176 - INFO - All model files saved successfully!
2025-09-08 22:55:08,176 - INFO - CONVERGENCE EPISODE 32: 0.3378m
2025-09-08 22:55:10,844 - INFO - 🏆 NEW BEST EPISODE (SMART CRITERIA)! Episode 33
2025-09-08 22:55:10,844 - INFO -    Position Error: 5.7468m
2025-09-08 22:55:10,844 - INFO -    Completion: 58.0% (435/750 steps)
2025-09-08 22:55:10,844 - INFO -    Duration: 14.5s / 25.0s
2025-09-08 22:55:10,844 - INFO -    Composite Score: 0.53
2025-09-08 22:55:11,637 - INFO - NEW BEST PERFORMANCE! Episode 34: 5.3320m
2025-09-08 22:55:11,659 - INFO - BEST MODEL SAVED! Episode 34, Error: 5.3320m
2025-09-08 22:55:11,659 - INFO - Best model path: /home/osos/Mohamed_Masters_Thesis/DHP_drone_updated/DHP/trained_models/dhp_cf2x_best
2025-09-08 22:55:11,659 - INFO - All model files saved successfully!
2025-09-08 22:55:11,819 - INFO - NEW BEST PERFORMANCE! Episode 35: 0.2873m
2025-09-08 22:55:11,838 - INFO - BEST MODEL SAVED! Episode 35, Error: 0.2873m
2025-09-08 22:55:11,838 - INFO - Best model path: /home/osos/Mohamed_Masters_Thesis/DHP_drone_updated/DHP/trained_models/dhp_cf2x_best
2025-09-08 22:55:11,839 - INFO - All model files saved successfully!
2025-09-08 22:55:11,839 - INFO - CONVERGENCE EPISODE 35: 0.2873m
2025-09-08 22:55:12,058 - INFO - NEW BEST PERFORMANCE! Episode 36: 0.2279m
2025-09-08 22:55:12,078 - INFO - BEST MODEL SAVED! Episode 36, Error: 0.2279m
2025-09-08 22:55:12,078 - INFO - Best model path: /home/osos/Mohamed_Masters_Thesis/DHP_drone_updated/DHP/trained_models/dhp_cf2x_best
2025-09-08 22:55:12,078 - INFO - All model files saved successfully!
2025-09-08 22:55:12,078 - INFO - CONVERGENCE EPISODE 36: 0.2279m
2025-09-08 22:55:15,736 - INFO - 🏆 NEW BEST EPISODE (SMART CRITERIA)! Episode 37
2025-09-08 22:55:15,736 - INFO -    Position Error: 6.3631m
2025-09-08 22:55:15,736 - INFO -    Completion: 72.7% (545/750 steps)
2025-09-08 22:55:15,736 - INFO -    Duration: 18.2s / 25.0s
2025-09-08 22:55:15,736 - INFO -    Composite Score: 9.04
2025-09-08 22:55:15,830 - INFO - NEW BEST PERFORMANCE! Episode 38: 0.1520m
2025-09-08 22:55:15,850 - INFO - BEST MODEL SAVED! Episode 38, Error: 0.1520m
2025-09-08 22:55:15,851 - INFO - Best model path: /home/osos/Mohamed_Masters_Thesis/DHP_drone_updated/DHP/trained_models/dhp_cf2x_best
2025-09-08 22:55:15,851 - INFO - All model files saved successfully!
2025-09-08 22:55:15,851 - INFO - CONVERGENCE EPISODE 38: 0.1520m
2025-09-08 22:55:15,951 - INFO - CONVERGENCE EPISODE 39: 0.1663m
2025-09-08 22:55:16,062 - INFO - CONVERGENCE EPISODE 40: 0.2554m
2025-09-08 22:55:16,062 - INFO -      40 |   17.61 |   54.998 |    0.2554 |   0.4s ( 1.7%) |   32.9s
2025-09-08 22:55:18,232 - INFO - CONVERGENCE EPISODE 43: 0.1693m
2025-09-08 22:55:18,326 - INFO - CONVERGENCE EPISODE 44: 0.1707m
2025-09-08 22:55:18,425 - INFO - CONVERGENCE EPISODE 45: 0.2114m
2025-09-08 22:55:18,536 - INFO - NEW BEST PERFORMANCE! Episode 46: 0.1365m
2025-09-08 22:55:18,556 - INFO - BEST MODEL SAVED! Episode 46, Error: 0.1365m
2025-09-08 22:55:18,556 - INFO - Best model path: /home/osos/Mohamed_Masters_Thesis/DHP_drone_updated/DHP/trained_models/dhp_cf2x_best
2025-09-08 22:55:18,556 - INFO - All model files saved successfully!
2025-09-08 22:55:18,556 - INFO - CONVERGENCE EPISODE 46: 0.1365m
2025-09-08 22:55:18,656 - INFO - CONVERGENCE EPISODE 47: 0.2145m
2025-09-08 22:55:18,763 - INFO - CONVERGENCE EPISODE 48: 0.1551m
2025-09-08 22:55:19,877 - INFO - CONVERGENCE EPISODE 50: 0.8584m
2025-09-08 22:55:19,877 - INFO -      50 |   28.32 |   53.144 |    0.8584 |   0.8s ( 3.2%) |   36.7s
2025-09-08 22:55:20,039 - INFO - CONVERGENCE EPISODE 51: 0.3103m
2025-09-08 22:55:20,367 - INFO - CONVERGENCE EPISODE 52: 0.6877m
2025-09-08 22:55:20,518 - INFO - CONVERGENCE EPISODE 53: 0.4569m
2025-09-08 22:55:20,654 - INFO - CONVERGENCE EPISODE 54: 0.4328m
2025-09-08 22:55:21,319 - INFO - CONVERGENCE EPISODE 56: 0.5798m
2025-09-08 22:55:22,293 - INFO - CONVERGENCE EPISODE 59: 0.1693m
2025-09-08 22:55:23,184 - INFO -      60 |   24.85 |   70.629 |    1.7707 |   4.7s (18.8%) |   40.0s
2025-09-08 22:55:25,077 - INFO - CONVERGENCE EPISODE 64: 0.3855m
2025-09-08 22:55:25,774 - INFO - CONVERGENCE EPISODE 66: 0.4729m
2025-09-08 22:55:25,893 - INFO - CONVERGENCE EPISODE 67: 0.3130m
2025-09-08 22:55:26,919 - INFO - CONVERGENCE EPISODE 69: 0.7968m
2025-09-08 22:55:27,645 - INFO -      70 |   99.85 |  126.368 |    3.8758 |   3.8s (15.3%) |   44.5s
2025-09-08 22:55:30,962 - INFO - 🏆 NEW BEST EPISODE (SMART CRITERIA)! Episode 75
2025-09-08 22:55:30,962 - INFO -    Position Error: 0.3015m
2025-09-08 22:55:30,963 - INFO -    Completion: 13.9% (104/750 steps)
2025-09-08 22:55:30,963 - INFO -    Duration: 3.5s / 25.0s
2025-09-08 22:55:30,963 - INFO -    Composite Score: 10.85
2025-09-08 22:55:30,964 - INFO - CONVERGENCE EPISODE 75: 0.3015m
2025-09-08 22:55:31,288 - INFO - CONVERGENCE EPISODE 76: 0.7013m
2025-09-08 22:55:31,910 - INFO - CONVERGENCE EPISODE 77: 0.6368m
2025-09-08 22:55:34,335 - INFO -      80 |   38.30 |   99.668 |    2.8866 |   3.6s (14.4%) |   51.2s
2025-09-08 22:55:39,726 - INFO -      90 |   52.34 |   44.878 |    5.1868 |   2.8s (11.1%) |   56.6s
2025-09-08 22:55:41,246 - INFO - CONVERGENCE EPISODE 93: 0.7296m
2025-09-08 22:55:45,991 - INFO - 🏆 NEW BEST EPISODE (SMART CRITERIA)! Episode 100
2025-09-08 22:55:45,991 - INFO -    Position Error: 0.5270m
2025-09-08 22:55:45,991 - INFO -    Completion: 16.1% (121/750 steps)
2025-09-08 22:55:45,991 - INFO -    Duration: 4.0s / 25.0s
2025-09-08 22:55:45,991 - INFO -    Composite Score: 10.86
2025-09-08 22:55:45,992 - INFO - CONVERGENCE EPISODE 100: 0.5270m
2025-09-08 22:55:45,992 - INFO - 
2025-09-08 22:55:45,992 - INFO - MILESTONE 100 ANALYSIS:
2025-09-08 22:55:45,992 - INFO -   Recent 50 episodes avg position error: 2.5337 ± 1.8688m
2025-09-08 22:55:45,992 - INFO -   Recent 50 episodes avg cost: 68.499
2025-09-08 22:55:45,992 - INFO -   Convergent episodes ratio (< 1.0m): 30.00%
2025-09-08 22:55:45,992 - INFO -   Total convergent episodes so far: 29
2025-09-08 22:55:45,992 - INFO -   Best performance: 0.5270m at episode 100
2025-09-08 22:55:45,992 - INFO -   Stable performance not yet achieved
2025-09-08 22:55:45,992 - INFO - 
2025-09-08 22:55:45,993 - INFO -     100 |  180.96 |   25.070 |    0.5270 |   4.0s (16.1%) |   62.8s
2025-09-08 22:55:52,708 - INFO -     110 |   70.17 |   69.130 |    4.8825 |   3.2s (12.9%) |   69.5s
2025-09-08 22:55:54,552 - INFO - CONVERGENCE EPISODE 113: 0.6491m
2025-09-08 22:55:58,943 - INFO -     120 |  110.28 |   31.339 |    1.3169 |   3.0s (11.9%) |   75.8s
2025-09-08 22:55:59,438 - INFO - NEW BEST PERFORMANCE! Episode 121: 0.3844m
2025-09-08 22:55:59,459 - INFO - BEST MODEL SAVED! Episode 121, Error: 0.3844m
2025-09-08 22:55:59,459 - INFO - Best model path: /home/osos/Mohamed_Masters_Thesis/DHP_drone_updated/DHP/trained_models/dhp_cf2x_best
2025-09-08 22:55:59,459 - INFO - All model files saved successfully!
2025-09-08 22:55:59,459 - INFO - CONVERGENCE EPISODE 121: 0.3844m
2025-09-08 22:56:01,323 - INFO - CONVERGENCE EPISODE 125: 0.4364m
2025-09-08 22:56:02,635 - INFO - 🏆 NEW BEST EPISODE (SMART CRITERIA)! Episode 127
2025-09-08 22:56:02,635 - INFO -    Position Error: 0.2813m
2025-09-08 22:56:02,635 - INFO -    Completion: 15.7% (118/750 steps)
2025-09-08 22:56:02,635 - INFO -    Duration: 3.9s / 25.0s
2025-09-08 22:56:02,635 - INFO -    Composite Score: 12.92
2025-09-08 22:56:02,636 - INFO - CONVERGENCE EPISODE 127: 0.2813m
2025-09-08 22:56:04,287 - INFO -     130 |   70.29 |   63.382 |    2.0195 |   2.3s ( 9.3%) |   81.1s
2025-09-08 22:56:07,456 - INFO - CONVERGENCE EPISODE 135: 0.4228m
2025-09-08 22:56:10,436 - INFO - CONVERGENCE EPISODE 139: 0.4888m
2025-09-08 22:56:11,159 - INFO -     140 |  109.46 |   19.099 |    5.0352 |   3.8s (15.3%) |   88.0s
2025-09-08 22:56:12,441 - INFO - CONVERGENCE EPISODE 142: 0.6583m
2025-09-08 22:56:14,758 - INFO - CONVERGENCE EPISODE 145: 0.8527m
2025-09-08 22:56:17,510 - INFO - 🏆 NEW BEST EPISODE (SMART CRITERIA)! Episode 149
2025-09-08 22:56:17,511 - INFO -    Position Error: 0.4052m
2025-09-08 22:56:17,511 - INFO -    Completion: 18.9% (142/750 steps)
2025-09-08 22:56:17,511 - INFO -    Duration: 4.7s / 25.0s
2025-09-08 22:56:17,511 - INFO -    Composite Score: 14.88
2025-09-08 22:56:17,512 - INFO - CONVERGENCE EPISODE 149: 0.4052m
2025-09-08 22:56:18,292 - INFO -     150 |  104.24 |   29.363 |    3.4398 |   4.3s (17.2%) |   95.1s
2025-09-08 22:56:24,984 - INFO -     160 |   97.87 |   23.305 |    1.6353 |   2.7s (10.7%) |  101.8s
2025-09-08 22:56:27,826 - INFO - CONVERGENCE EPISODE 164: 0.6954m
2025-09-08 22:56:32,295 - INFO -     170 |  114.68 |   45.541 |    5.2572 |   4.1s (16.5%) |  109.1s
2025-09-08 22:56:35,036 - INFO - CONVERGENCE EPISODE 174: 0.8370m
2025-09-08 22:56:36,878 - INFO - CONVERGENCE EPISODE 177: 0.8258m
2025-09-08 22:56:38,159 - INFO - NEW BEST PERFORMANCE! Episode 179: 0.3262m
2025-09-08 22:56:38,178 - INFO - BEST MODEL SAVED! Episode 179, Error: 0.3262m
2025-09-08 22:56:38,178 - INFO - Best model path: /home/osos/Mohamed_Masters_Thesis/DHP_drone_updated/DHP/trained_models/dhp_cf2x_best
2025-09-08 22:56:38,178 - INFO - All model files saved successfully!
2025-09-08 22:56:38,178 - INFO - CONVERGENCE EPISODE 179: 0.3262m
2025-09-08 22:56:39,069 - INFO -     180 |  135.33 |   47.525 |    5.3885 |   4.7s (18.9%) |  115.9s
2025-09-08 22:56:39,704 - INFO - CONVERGENCE EPISODE 181: 0.7101m
2025-09-08 22:56:42,961 - INFO - CONVERGENCE EPISODE 186: 0.8350m
2025-09-08 22:56:45,128 - INFO - CONVERGENCE EPISODE 189: 0.3431m
2025-09-08 22:56:45,960 - INFO -     190 |  133.35 |   19.870 |    3.7688 |   4.3s (17.1%) |  122.8s
2025-09-08 22:56:48,725 - INFO - CONVERGENCE EPISODE 194: 0.3543m
2025-09-08 22:56:52,021 - INFO - 
================================================================================
2025-09-08 22:56:52,021 - INFO - TRAINING COMPLETED - FINAL ANALYSIS
2025-09-08 22:56:52,022 - INFO - ================================================================================
2025-09-08 22:56:52,022 - INFO - Total training time: 128.9 seconds (2.1 minutes)
2025-09-08 22:56:52,022 - INFO - Final episode reward: 120.27
2025-09-08 22:56:52,022 - INFO - Final position error: 1.7734m
2025-09-08 22:56:52,022 - INFO - 
EPISODE COMPLETION STATISTICS:
2025-09-08 22:56:52,022 - INFO - Average completion rate: 13.4%
2025-09-08 22:56:52,022 - INFO - Episodes completed (≥90%): 0/200 (0.0%)
2025-09-08 22:56:52,022 - INFO - No episodes achieved ≥90% completion
2025-09-08 22:56:52,022 - INFO - 
BEST EPISODE ANALYSIS:
2025-09-08 22:56:52,022 - INFO - Best overall episode (smart criteria): #179
2025-09-08 22:56:52,022 - INFO -   Position error: 0.3262m
2025-09-08 22:56:52,023 - INFO -   Composite score: 14.88
2025-09-08 22:56:52,023 - INFO - Total convergent episodes (< 1.0m): 46/200 (23.00%)
2025-09-08 22:56:52,023 - INFO - Stable performance achieved: No
2025-09-08 22:56:52,023 - INFO - Position error statistics:
2025-09-08 22:56:52,023 - INFO -   Mean: 2.9043m
2025-09-08 22:56:52,023 - INFO -   Std:  1.9108m
2025-09-08 22:56:52,023 - INFO -   Min:  0.1365m
2025-09-08 22:56:52,023 - INFO -   Max:  6.3631m
2025-09-08 22:56:52,023 - INFO -   Median: 2.6211m
2025-09-08 22:56:52,023 - INFO - Performance distribution:
2025-09-08 22:56:52,023 - INFO -   Excellent (< 0.5m): 29 episodes (14.5%)
2025-09-08 22:56:52,024 - INFO -   Good (0.5-1.0m):   17 episodes (8.5%)
2025-09-08 22:56:52,024 - INFO -   Acceptable (1.0-1.5m): 18 episodes (9.0%)
2025-09-08 22:56:52,024 - INFO -   Poor (> 1.5m):     136 episodes (68.0%)
2025-09-08 22:56:52,024 - INFO - 
TRAINING CONFIGURATION EFFECTIVENESS:
2025-09-08 22:56:52,024 - INFO - ----------------------------------------
2025-09-08 22:56:52,024 - INFO - Episodes needed for first convergence: 30
2025-09-08 22:56:52,024 - INFO - Excitation phase ended at episode: 6
2025-09-08 22:56:52,027 - INFO - Training metrics saved to: /home/osos/Mohamed_Masters_Thesis/DHP_drone_updated/DHP/training_logs/dhp_split_metrics_20250908_225652.json
2025-09-08 22:56:52,027 - INFO - 
BEST MODEL CONFIRMED:
2025-09-08 22:56:52,027 - INFO -   Episode: 179
2025-09-08 22:56:52,027 - INFO -   Position Error: 0.3262m
2025-09-08 22:56:52,027 - INFO -   Model files: dhp_cf2x_best_*
2025-09-08 22:56:52,027 - INFO - ================================================================================
2025-09-08 22:56:52,027 - INFO - TRAINING SESSION COMPLETED
2025-09-08 22:56:52,027 - INFO - Detailed log saved to: /home/osos/Mohamed_Masters_Thesis/DHP_drone_updated/DHP/training_logs/dhp_split_training_20250908_225442.log
2025-09-08 22:56:52,027 - INFO - ================================================================================
2025-09-08 22:56:52,028 - INFO - Best episode replay data saved: /home/osos/Mohamed_Masters_Thesis/DHP_drone_updated/DHP/best_episode_replays/best_episode_replay_ep149_error0.4052_20250908_225652.pkl
2025-09-08 22:56:52,028 - INFO -   Episode: 149, Error: 0.4052m
2025-09-08 22:56:52,028 - INFO -   Action sequence: 142 steps
2025-09-08 22:56:52,028 - INFO -   Duration: 4.73 seconds
2025-09-08 22:56:52,028 - INFO -   Control frequency: 30.0 Hz
2025-09-08 22:57:11,706 - INFO - 
==================================================
2025-09-08 22:57:11,707 - INFO - STARTING BEST EPISODE REPLAY
2025-09-08 22:57:11,707 - INFO - ==================================================
2025-09-08 22:57:17,911 - INFO - Best episode replay completed successfully
2025-09-08 22:57:17,911 - INFO - Original error: 0.4052m, Replay error: 0.4052m
2025-09-08 22:57:17,911 - INFO - Training and best episode replay session completed successfully!
