2025-09-08 18:53:04,523 - INFO - ================================================================================
2025-09-08 18:53:04,523 - INFO - DHP SPLIT ARCHITECTURE TRAINING SESSION STARTED
2025-09-08 18:53:04,523 - INFO - ================================================================================
2025-09-08 18:53:04,523 - INFO - HYPERPARAMETERS:
2025-09-08 18:53:04,523 - INFO - ----------------------------------------
2025-09-08 18:53:04,523 - INFO - action_size              : 4
2025-09-08 18:53:04,523 - INFO - best_episode_gui         : False
2025-09-08 18:53:04,523 - INFO - coordination_strength    : 0.1
2025-09-08 18:53:04,523 - INFO - coordination_warmup_episodes: 400
2025-09-08 18:53:04,523 - INFO - dt                       : 0.03333333333333333
2025-09-08 18:53:04,523 - INFO - episode_length           : 20.0
2025-09-08 18:53:04,523 - INFO - excitation_amplitude     : 0.03
2025-09-08 18:53:04,523 - INFO - excitation_steps         : 12500
2025-09-08 18:53:04,523 - INFO - gamma                    : 0.98
2025-09-08 18:53:04,523 - INFO - gradient_clip_value      : 0.5
2025-09-08 18:53:04,523 - INFO - gui                      : False
2025-09-08 18:53:04,523 - INFO - hidden_layer_size        : [64, 64, 32]
2025-09-08 18:53:04,524 - INFO - log_interval             : 10
2025-09-08 18:53:04,524 - INFO - lr_actor                 : 0.005
2025-09-08 18:53:04,524 - INFO - lr_critic                : 0.01
2025-09-08 18:53:04,524 - INFO - lr_decay                 : 0.9999
2025-09-08 18:53:04,524 - INFO - normalize_states         : True
2025-09-08 18:53:04,524 - INFO - num_episodes             : 2500
2025-09-08 18:53:04,524 - INFO - predict_delta            : False
2025-09-08 18:53:04,524 - INFO - record                   : False
2025-09-08 18:53:04,524 - INFO - record_best_episodes     : True
2025-09-08 18:53:04,524 - INFO - recording_fps            : 30
2025-09-08 18:53:04,524 - INFO - reference_size           : 8
2025-09-08 18:53:04,524 - INFO - rls_action_size          : 4
2025-09-08 18:53:04,524 - INFO - rls_covariance           : 100.0
2025-09-08 18:53:04,524 - INFO - rls_gamma                : 0.9995
2025-09-08 18:53:04,524 - INFO - rls_state_size           : 8
2025-09-08 18:53:04,524 - INFO - save_interval            : 100
2025-09-08 18:53:04,524 - INFO - split                    : False
2025-09-08 18:53:04,524 - INFO - state_bounds             : {'z': [0.0, 5.0], 'roll': [-1.5707963267948966, 1.5707963267948966], 'pitch': [-1.5707963267948966, 1.5707963267948966], 'yaw': [-3.141592653589793, 3.141592653589793], 'vz': [-12.0, 12.0], 'wx': [-10.0, 10.0], 'wy': [-10.0, 10.0], 'wz': [-10.0, 10.0]}
2025-09-08 18:53:04,524 - INFO - state_size               : 8
2025-09-08 18:53:04,524 - INFO - target_network           : True
2025-09-08 18:53:04,524 - INFO - target_pos               : [0.5, 0.5, 1.0]
2025-09-08 18:53:04,524 - INFO - tau                      : 0.001
2025-09-08 18:53:04,524 - INFO - trajectory_type          : spiral
2025-09-08 18:53:04,524 - INFO - update_cycles            : 2
2025-09-08 18:53:04,524 - INFO - use_trajectory           : False
2025-09-08 18:53:04,524 - INFO - ----------------------------------------
2025-09-08 18:53:04,524 - INFO - Log file: /home/osos/Mohamed_Masters_Thesis/DHP_drone_updated/DHP/training_logs/dhp_split_training_20250908_185304.log
2025-09-08 18:53:04,524 - INFO - ================================================================================
2025-09-08 18:53:04,526 - WARNING - From /home/osos/Mohamed_Masters_Thesis/DHP_drone_updated/msc-thesis/agents/dhp.py:474: The name tf.Session is deprecated. Please use tf.compat.v1.Session instead.

2025-09-08 18:53:04,650 - WARNING - From /home/osos/Mohamed_Masters_Thesis/DHP_drone_updated/msc-thesis/agents/dhp.py:117: The name tf.placeholder is deprecated. Please use tf.compat.v1.placeholder instead.

2025-09-08 18:53:04,655 - WARNING - From /home/osos/Mohamed_Masters_Thesis/DHP_drone_updated/msc-thesis/agents/dhp.py:119: The name tf.placeholder_with_default is deprecated. Please use tf.compat.v1.placeholder_with_default instead.

2025-09-08 18:53:04,666 - WARNING - From /home/osos/Mohamed_Masters_Thesis/DHP_drone_updated/msc-thesis/agents/dhp.py:141: The name tf.variable_scope is deprecated. Please use tf.compat.v1.variable_scope instead.

2025-09-08 18:53:04,667 - WARNING - From /home/osos/Mohamed_Masters_Thesis/DHP_drone_updated/msc-thesis/agents/dhp.py:145: dense (from tensorflow.python.layers.core) is deprecated and will be removed in a future version.
Instructions for updating:
Use keras.layers.Dense instead.
2025-09-08 18:53:04,669 - WARNING - From /home/osos/anaconda3/envs/DHP/lib/python3.7/site-packages/tensorflow_core/python/layers/core.py:187: Layer.apply (from tensorflow.python.keras.engine.base_layer) is deprecated and will be removed in a future version.
Instructions for updating:
Please use `layer.__call__` method instead.
2025-09-08 18:53:04,708 - WARNING - From /home/osos/Mohamed_Masters_Thesis/DHP_drone_updated/msc-thesis/agents/dhp.py:150: The name tf.trainable_variables is deprecated. Please use tf.compat.v1.trainable_variables instead.

2025-09-08 18:53:04,718 - WARNING - From /home/osos/Mohamed_Masters_Thesis/DHP_drone_updated/msc-thesis/agents/dhp.py:156: The name tf.train.GradientDescentOptimizer is deprecated. Please use tf.compat.v1.train.GradientDescentOptimizer instead.

2025-09-08 18:53:04,750 - WARNING - From /home/osos/Mohamed_Masters_Thesis/DHP_drone_updated/msc-thesis/agents/dhp.py:173: The name tf.assign is deprecated. Please use tf.compat.v1.assign instead.

2025-09-08 18:53:04,869 - WARNING - From /home/osos/Mohamed_Masters_Thesis/DHP_drone_updated/msc-thesis/agents/dhp.py:483: The name tf.summary.merge_all is deprecated. Please use tf.compat.v1.summary.merge_all instead.

2025-09-08 18:53:04,869 - WARNING - From /home/osos/Mohamed_Masters_Thesis/DHP_drone_updated/msc-thesis/agents/dhp.py:484: The name tf.train.Saver is deprecated. Please use tf.compat.v1.train.Saver instead.

2025-09-08 18:53:04,882 - INFO - Restoring parameters from /home/osos/Mohamed_Masters_Thesis/DHP_drone_updated/DHP/trained_models/dhp_cf2x_best
