2025-09-07 22:06:27,166 - INFO - ================================================================================
2025-09-07 22:06:27,167 - INFO - DHP SPLIT ARCHITECTURE TRAINING SESSION STARTED
2025-09-07 22:06:27,167 - INFO - ================================================================================
2025-09-07 22:06:27,167 - INFO - HYPERPARAMETERS:
2025-09-07 22:06:27,167 - INFO - ----------------------------------------
2025-09-07 22:06:27,167 - INFO - action_size              : 4
2025-09-07 22:06:27,167 - INFO - enable_best_model        : True
2025-09-07 22:06:27,167 - INFO - gamma                    : 0.95
2025-09-07 22:06:27,167 - INFO - hidden_layer_size        : [64, 64]
2025-09-07 22:06:27,167 - INFO - lr_actor                 : 0.0001
2025-09-07 22:06:27,167 - INFO - lr_critic                : 0.001
2025-09-07 22:06:27,167 - INFO - reference_size           : 3
2025-09-07 22:06:27,167 - INFO - split                    : False
2025-09-07 22:06:27,167 - INFO - state_size               : 8
2025-09-07 22:06:27,167 - INFO - target_network           : True
2025-09-07 22:06:27,167 - INFO - tau                      : 0.001
2025-09-07 22:06:27,167 - INFO - ----------------------------------------
2025-09-07 22:06:27,167 - INFO - Log file: /home/osos/Mohamed_Masters_Thesis/DHP_drone_updated/DHP/training_logs/dhp_split_training_20250907_220627.log
2025-09-07 22:06:27,167 - INFO - ================================================================================
2025-09-07 22:06:27,169 - WARNING - From /home/osos/Mohamed_Masters_Thesis/DHP_drone_updated/msc-thesis/agents/dhp.py:474: The name tf.Session is deprecated. Please use tf.compat.v1.Session instead.

2025-09-07 22:06:27,277 - WARNING - From /home/osos/Mohamed_Masters_Thesis/DHP_drone_updated/msc-thesis/agents/dhp.py:117: The name tf.placeholder is deprecated. Please use tf.compat.v1.placeholder instead.

2025-09-07 22:06:27,282 - WARNING - From /home/osos/Mohamed_Masters_Thesis/DHP_drone_updated/msc-thesis/agents/dhp.py:119: The name tf.placeholder_with_default is deprecated. Please use tf.compat.v1.placeholder_with_default instead.

2025-09-07 22:06:27,293 - WARNING - From /home/osos/Mohamed_Masters_Thesis/DHP_drone_updated/msc-thesis/agents/dhp.py:141: The name tf.variable_scope is deprecated. Please use tf.compat.v1.variable_scope instead.

2025-09-07 22:06:27,294 - WARNING - From /home/osos/Mohamed_Masters_Thesis/DHP_drone_updated/msc-thesis/agents/dhp.py:145: dense (from tensorflow.python.layers.core) is deprecated and will be removed in a future version.
Instructions for updating:
Use keras.layers.Dense instead.
2025-09-07 22:06:27,296 - WARNING - From /home/osos/anaconda3/envs/DHP/lib/python3.7/site-packages/tensorflow_core/python/layers/core.py:187: Layer.apply (from tensorflow.python.keras.engine.base_layer) is deprecated and will be removed in a future version.
Instructions for updating:
Please use `layer.__call__` method instead.
2025-09-07 22:06:27,337 - WARNING - From /home/osos/Mohamed_Masters_Thesis/DHP_drone_updated/msc-thesis/agents/dhp.py:150: The name tf.trainable_variables is deprecated. Please use tf.compat.v1.trainable_variables instead.

2025-09-07 22:06:27,347 - WARNING - From /home/osos/Mohamed_Masters_Thesis/DHP_drone_updated/msc-thesis/agents/dhp.py:156: The name tf.train.GradientDescentOptimizer is deprecated. Please use tf.compat.v1.train.GradientDescentOptimizer instead.

2025-09-07 22:06:27,377 - WARNING - From /home/osos/Mohamed_Masters_Thesis/DHP_drone_updated/msc-thesis/agents/dhp.py:173: The name tf.assign is deprecated. Please use tf.compat.v1.assign instead.

2025-09-07 22:06:27,498 - WARNING - From /home/osos/Mohamed_Masters_Thesis/DHP_drone_updated/msc-thesis/agents/dhp.py:483: The name tf.summary.merge_all is deprecated. Please use tf.compat.v1.summary.merge_all instead.

2025-09-07 22:06:27,498 - WARNING - From /home/osos/Mohamed_Masters_Thesis/DHP_drone_updated/msc-thesis/agents/dhp.py:484: The name tf.train.Saver is deprecated. Please use tf.compat.v1.train.Saver instead.

