2025-09-07 22:17:11,935 - INFO - ================================================================================
2025-09-07 22:17:11,935 - INFO - DHP SPLIT ARCHITECTURE TRAINING SESSION STARTED
2025-09-07 22:17:11,935 - INFO - ================================================================================
2025-09-07 22:17:11,935 - INFO - HYPERPARAMETERS:
2025-09-07 22:17:11,935 - INFO - ----------------------------------------
2025-09-07 22:17:11,935 - INFO - action_size              : 4
2025-09-07 22:17:11,935 - INFO - best_episode_gui         : False
2025-09-07 22:17:11,935 - INFO - coordination_strength    : 0.1
2025-09-07 22:17:11,935 - INFO - coordination_warmup_episodes: 400
2025-09-07 22:17:11,935 - INFO - dt                       : 0.03333333333333333
2025-09-07 22:17:11,935 - INFO - episode_length           : 20.0
2025-09-07 22:17:11,935 - INFO - excitation_amplitude     : 0.03
2025-09-07 22:17:11,935 - INFO - excitation_steps         : 12500
2025-09-07 22:17:11,935 - INFO - gamma                    : 0.98
2025-09-07 22:17:11,935 - INFO - gradient_clip_value      : 0.5
2025-09-07 22:17:11,935 - INFO - gui                      : False
2025-09-07 22:17:11,935 - INFO - hidden_layer_size        : [64, 64, 32]
2025-09-07 22:17:11,935 - INFO - log_interval             : 10
2025-09-07 22:17:11,935 - INFO - lr_actor                 : 0.005
2025-09-07 22:17:11,935 - INFO - lr_critic                : 0.01
2025-09-07 22:17:11,935 - INFO - lr_decay                 : 0.9999
2025-09-07 22:17:11,935 - INFO - normalize_states         : True
2025-09-07 22:17:11,935 - INFO - num_episodes             : 2500
2025-09-07 22:17:11,935 - INFO - predict_delta            : False
2025-09-07 22:17:11,935 - INFO - record                   : False
2025-09-07 22:17:11,935 - INFO - record_best_episodes     : True
2025-09-07 22:17:11,935 - INFO - recording_fps            : 30
2025-09-07 22:17:11,936 - INFO - reference_size           : 8
2025-09-07 22:17:11,936 - INFO - rls_action_size          : 4
2025-09-07 22:17:11,936 - INFO - rls_covariance           : 100.0
2025-09-07 22:17:11,936 - INFO - rls_gamma                : 0.9995
2025-09-07 22:17:11,936 - INFO - rls_state_size           : 8
2025-09-07 22:17:11,936 - INFO - save_interval            : 100
2025-09-07 22:17:11,936 - INFO - split                    : False
2025-09-07 22:17:11,936 - INFO - state_bounds             : {'z': [0.0, 5.0], 'roll': [-1.5707963267948966, 1.5707963267948966], 'pitch': [-1.5707963267948966, 1.5707963267948966], 'yaw': [-3.141592653589793, 3.141592653589793], 'vz': [-12.0, 12.0], 'wx': [-10.0, 10.0], 'wy': [-10.0, 10.0], 'wz': [-10.0, 10.0]}
2025-09-07 22:17:11,936 - INFO - state_size               : 8
2025-09-07 22:17:11,936 - INFO - target_network           : True
2025-09-07 22:17:11,936 - INFO - target_pos               : [0.5, 0.5, 1.0]
2025-09-07 22:17:11,936 - INFO - tau                      : 0.001
2025-09-07 22:17:11,936 - INFO - trajectory_type          : spiral
2025-09-07 22:17:11,936 - INFO - update_cycles            : 2
2025-09-07 22:17:11,936 - INFO - use_trajectory           : False
2025-09-07 22:17:11,936 - INFO - ----------------------------------------
2025-09-07 22:17:11,936 - INFO - Log file: /home/osos/Mohamed_Masters_Thesis/DHP_drone_updated/DHP/training_logs/dhp_split_training_20250907_221711.log
2025-09-07 22:17:11,936 - INFO - ================================================================================
2025-09-07 22:17:11,936 - INFO - 
TRAJECTORY TRAINING CONFIGURATION:
2025-09-07 22:17:11,936 - INFO -   num_episodes: 200
2025-09-07 22:17:11,936 - INFO -   episode_length: 25.0
2025-09-07 22:17:11,936 - INFO -   excitation_steps: 5000
2025-09-07 22:17:11,936 - INFO -   log_interval: 10
2025-09-07 22:17:11,936 - INFO -   save_interval: 50
2025-09-07 22:17:11,936 - INFO -   gui: False
2025-09-07 22:17:11,937 - INFO -   record: False
2025-09-07 22:17:11,937 - INFO -   normalize_states: True
2025-09-07 22:17:11,937 - INFO -   record_best_episodes: True
2025-09-07 22:17:11,937 - INFO -   coordination_warmup_episodes: 200
2025-09-07 22:17:11,937 - INFO -   coordination_strength: 0.15
2025-09-07 22:17:11,937 - INFO -   use_trajectory: True
2025-09-07 22:17:11,937 - INFO -   trajectory_type: spiral
2025-09-07 22:17:11,937 - INFO -   target_pos: [0.0, 0.0, 1.0]
2025-09-07 22:17:11,937 - INFO - 
==================================================
2025-09-07 22:17:11,937 - INFO - STARTING DHP TRAINING FOR CF2X QUADROTOR
2025-09-07 22:17:11,937 - INFO - ==================================================
2025-09-07 22:17:12,054 - WARNING - From /home/osos/Mohamed_Masters_Thesis/DHP_drone_updated/msc-thesis/agents/dhp.py:88: The name tf.Session is deprecated. Please use tf.compat.v1.Session instead.

2025-09-07 22:17:12,152 - WARNING - From /home/osos/Mohamed_Masters_Thesis/DHP_drone_updated/msc-thesis/agents/dhp.py:117: The name tf.placeholder is deprecated. Please use tf.compat.v1.placeholder instead.

2025-09-07 22:17:12,154 - WARNING - From /home/osos/Mohamed_Masters_Thesis/DHP_drone_updated/msc-thesis/agents/dhp.py:119: The name tf.placeholder_with_default is deprecated. Please use tf.compat.v1.placeholder_with_default instead.

2025-09-07 22:17:12,156 - WARNING - From /home/osos/Mohamed_Masters_Thesis/DHP_drone_updated/msc-thesis/agents/dhp.py:141: The name tf.variable_scope is deprecated. Please use tf.compat.v1.variable_scope instead.

2025-09-07 22:17:12,156 - WARNING - From /home/osos/Mohamed_Masters_Thesis/DHP_drone_updated/msc-thesis/agents/dhp.py:145: dense (from tensorflow.python.layers.core) is deprecated and will be removed in a future version.
Instructions for updating:
Use keras.layers.Dense instead.
2025-09-07 22:17:12,158 - WARNING - From /home/osos/anaconda3/envs/DHP/lib/python3.7/site-packages/tensorflow_core/python/layers/core.py:187: Layer.apply (from tensorflow.python.keras.engine.base_layer) is deprecated and will be removed in a future version.
Instructions for updating:
Please use `layer.__call__` method instead.
2025-09-07 22:17:12,187 - WARNING - From /home/osos/Mohamed_Masters_Thesis/DHP_drone_updated/msc-thesis/agents/dhp.py:150: The name tf.trainable_variables is deprecated. Please use tf.compat.v1.trainable_variables instead.

2025-09-07 22:17:12,198 - WARNING - From /home/osos/Mohamed_Masters_Thesis/DHP_drone_updated/msc-thesis/agents/dhp.py:156: The name tf.train.GradientDescentOptimizer is deprecated. Please use tf.compat.v1.train.GradientDescentOptimizer instead.

2025-09-07 22:17:12,228 - WARNING - From /home/osos/Mohamed_Masters_Thesis/DHP_drone_updated/msc-thesis/agents/dhp.py:173: The name tf.assign is deprecated. Please use tf.compat.v1.assign instead.

2025-09-07 22:17:12,350 - WARNING - From /home/osos/Mohamed_Masters_Thesis/DHP_drone_updated/msc-thesis/agents/dhp.py:97: The name tf.summary.merge_all is deprecated. Please use tf.compat.v1.summary.merge_all instead.

2025-09-07 22:17:12,350 - WARNING - From /home/osos/Mohamed_Masters_Thesis/DHP_drone_updated/msc-thesis/agents/dhp.py:98: The name tf.train.Saver is deprecated. Please use tf.compat.v1.train.Saver instead.

2025-09-07 22:17:12,363 - WARNING - From /home/osos/Mohamed_Masters_Thesis/DHP_drone_updated/msc-thesis/agents/dhp.py:99: The name tf.global_variables_initializer is deprecated. Please use tf.compat.v1.global_variables_initializer instead.

2025-09-07 22:17:12,419 - INFO - 
Training for 200 episodes...
2025-09-07 22:17:12,419 - INFO - Episode | Reward  | Avg Cost | Pos Error | Duration (Completion) | Time
2025-09-07 22:17:12,420 - INFO - -------------------------------------------------------------------------------------
2025-09-07 22:17:13,404 - INFO - 🏆 NEW BEST EPISODE (SMART CRITERIA)! Episode 0
2025-09-07 22:17:13,404 - INFO -    Position Error: 5.2912m
2025-09-07 22:17:13,404 - INFO -    Completion: 12.8% (96/750 steps)
2025-09-07 22:17:13,404 - INFO -    Duration: 3.2s / 25.0s
2025-09-07 22:17:13,404 - INFO -    Composite Score: -40.11
2025-09-07 22:17:13,405 - INFO -       0 |   54.59 |   38.759 |    5.2912 |   3.2s (12.8%) |    1.0s
2025-09-07 22:17:14,711 - INFO - 🏆 NEW BEST EPISODE (SMART CRITERIA)! Episode 1
2025-09-07 22:17:14,712 - INFO -    Position Error: 5.2449m
2025-09-07 22:17:14,712 - INFO -    Completion: 22.0% (165/750 steps)
2025-09-07 22:17:14,712 - INFO -    Duration: 5.5s / 25.0s
2025-09-07 22:17:14,712 - INFO -    Composite Score: -30.45
2025-09-07 22:17:16,164 - INFO - 🏆 NEW BEST EPISODE (SMART CRITERIA)! Episode 2
2025-09-07 22:17:16,164 - INFO -    Position Error: 5.0264m
2025-09-07 22:17:16,164 - INFO -    Completion: 24.9% (187/750 steps)
2025-09-07 22:17:16,164 - INFO -    Duration: 6.2s / 25.0s
2025-09-07 22:17:16,164 - INFO -    Composite Score: -25.33
2025-09-07 22:17:20,012 - INFO - NEW BEST PERFORMANCE! Episode 6: 4.7730m
2025-09-07 22:17:20,051 - INFO - BEST MODEL SAVED! Episode 6, Error: 4.7730m
2025-09-07 22:17:20,051 - INFO - Best model path: /home/osos/Mohamed_Masters_Thesis/DHP_drone_updated/DHP/trained_models/dhp_cf2x_best
2025-09-07 22:17:20,051 - INFO - All model files saved successfully!
2025-09-07 22:17:22,165 - INFO - 🏆 NEW BEST EPISODE (SMART CRITERIA)! Episode 8
2025-09-07 22:17:22,165 - INFO -    Position Error: 4.7462m
2025-09-07 22:17:22,165 - INFO -    Completion: 22.8% (171/750 steps)
2025-09-07 22:17:22,165 - INFO -    Duration: 5.7s / 25.0s
2025-09-07 22:17:22,165 - INFO -    Composite Score: -24.66
2025-09-07 22:17:28,854 - INFO - 🏆 NEW BEST EPISODE (SMART CRITERIA)! Episode 10
2025-09-07 22:17:28,854 - INFO -    Position Error: 2.7175m
2025-09-07 22:17:28,854 - INFO -    Completion: 100.0% (750/750 steps)
2025-09-07 22:17:28,854 - INFO -    Duration: 25.0s / 25.0s
2025-09-07 22:17:28,854 - INFO -    Composite Score: 122.82
2025-09-07 22:17:28,855 - INFO - 🎯 NEW BEST COMPLETED EPISODE! Episode 10
2025-09-07 22:17:28,855 - INFO -    Position Error: 2.7175m (among completed episodes)
2025-09-07 22:17:28,855 - INFO -    Completion: 100.0% (750/750 steps)
2025-09-07 22:17:28,855 - INFO -    Duration: 25.0s
2025-09-07 22:17:28,860 - INFO -      10 |   45.99 |   55.260 |    2.7175 |  25.0s (100.0%) |   16.4s
2025-09-07 22:17:45,730 - INFO -      20 |   64.92 |   48.186 |    5.2145 |  12.9s (51.6%) |   33.3s
2025-09-07 22:17:45,927 - INFO - NEW BEST PERFORMANCE! Episode 21: 0.4356m
2025-09-07 22:17:45,951 - INFO - BEST MODEL SAVED! Episode 21, Error: 0.4356m
2025-09-07 22:17:45,951 - INFO - Best model path: /home/osos/Mohamed_Masters_Thesis/DHP_drone_updated/DHP/trained_models/dhp_cf2x_best
2025-09-07 22:17:45,952 - INFO - All model files saved successfully!
2025-09-07 22:17:45,952 - INFO - CONVERGENCE EPISODE 21: 0.4356m
2025-09-07 22:17:49,104 - INFO - NEW BEST PERFORMANCE! Episode 25: 0.2611m
2025-09-07 22:17:49,128 - INFO - BEST MODEL SAVED! Episode 25, Error: 0.2611m
2025-09-07 22:17:49,128 - INFO - Best model path: /home/osos/Mohamed_Masters_Thesis/DHP_drone_updated/DHP/trained_models/dhp_cf2x_best
2025-09-07 22:17:49,128 - INFO - All model files saved successfully!
2025-09-07 22:17:49,128 - INFO - CONVERGENCE EPISODE 25: 0.2611m
2025-09-07 22:17:49,305 - INFO - CONVERGENCE EPISODE 26: 0.5682m
2025-09-07 22:17:51,748 - INFO - CONVERGENCE EPISODE 28: 0.3732m
2025-09-07 22:17:51,922 - INFO - CONVERGENCE EPISODE 29: 0.5243m
2025-09-07 22:17:52,093 - INFO - CONVERGENCE EPISODE 30: 0.3567m
2025-09-07 22:17:52,093 - INFO -      30 |   22.69 |  138.876 |    0.3567 |   0.6s ( 2.3%) |   39.7s
2025-09-07 22:17:52,253 - INFO - NEW BEST PERFORMANCE! Episode 31: 0.2240m
2025-09-07 22:17:52,288 - INFO - BEST MODEL SAVED! Episode 31, Error: 0.2240m
2025-09-07 22:17:52,288 - INFO - Best model path: /home/osos/Mohamed_Masters_Thesis/DHP_drone_updated/DHP/trained_models/dhp_cf2x_best
2025-09-07 22:17:52,288 - INFO - All model files saved successfully!
2025-09-07 22:17:52,288 - INFO - CONVERGENCE EPISODE 31: 0.2240m
2025-09-07 22:17:52,473 - INFO - CONVERGENCE EPISODE 32: 0.2401m
2025-09-07 22:17:52,652 - INFO - CONVERGENCE EPISODE 33: 0.3037m
2025-09-07 22:17:55,016 - INFO - CONVERGENCE EPISODE 35: 0.3190m
2025-09-07 22:17:57,080 - INFO - CONVERGENCE EPISODE 37: 0.7925m
