2025-09-08 23:29:10,175 - INFO - ================================================================================
2025-09-08 23:29:10,175 - INFO - DHP SPLIT ARCHITECTURE TRAINING SESSION STARTED
2025-09-08 23:29:10,175 - INFO - ================================================================================
2025-09-08 23:29:10,175 - INFO - HYPERPARAMETERS:
2025-09-08 23:29:10,175 - INFO - ----------------------------------------
2025-09-08 23:29:10,175 - INFO - action_size              : 4
2025-09-08 23:29:10,175 - INFO - best_episode_gui         : False
2025-09-08 23:29:10,176 - INFO - coordination_strength    : 0.1
2025-09-08 23:29:10,176 - INFO - coordination_warmup_episodes: 400
2025-09-08 23:29:10,176 - INFO - dt                       : 0.03333333333333333
2025-09-08 23:29:10,176 - INFO - episode_length           : 20.0
2025-09-08 23:29:10,176 - INFO - excitation_amplitude     : 0.03
2025-09-08 23:29:10,176 - INFO - excitation_steps         : 12500
2025-09-08 23:29:10,176 - INFO - gamma                    : 0.98
2025-09-08 23:29:10,176 - INFO - gradient_clip_value      : 0.5
2025-09-08 23:29:10,176 - INFO - gui                      : False
2025-09-08 23:29:10,176 - INFO - hidden_layer_size        : [64, 64, 32]
2025-09-08 23:29:10,176 - INFO - log_interval             : 10
2025-09-08 23:29:10,176 - INFO - lr_actor                 : 0.005
2025-09-08 23:29:10,176 - INFO - lr_critic                : 0.01
2025-09-08 23:29:10,176 - INFO - lr_decay                 : 0.9999
2025-09-08 23:29:10,176 - INFO - normalize_states         : True
2025-09-08 23:29:10,176 - INFO - num_episodes             : 2500
2025-09-08 23:29:10,176 - INFO - predict_delta            : False
2025-09-08 23:29:10,176 - INFO - record                   : False
2025-09-08 23:29:10,176 - INFO - record_best_episodes     : True
2025-09-08 23:29:10,176 - INFO - recording_fps            : 30
2025-09-08 23:29:10,176 - INFO - reference_size           : 8
2025-09-08 23:29:10,176 - INFO - rls_action_size          : 4
2025-09-08 23:29:10,176 - INFO - rls_covariance           : 100.0
2025-09-08 23:29:10,176 - INFO - rls_gamma                : 0.9995
2025-09-08 23:29:10,176 - INFO - rls_state_size           : 8
2025-09-08 23:29:10,176 - INFO - save_interval            : 100
2025-09-08 23:29:10,176 - INFO - split                    : False
2025-09-08 23:29:10,176 - INFO - state_bounds             : {'z': [0.0, 5.0], 'roll': [-1.5707963267948966, 1.5707963267948966], 'pitch': [-1.5707963267948966, 1.5707963267948966], 'yaw': [-3.141592653589793, 3.141592653589793], 'vz': [-12.0, 12.0], 'wx': [-10.0, 10.0], 'wy': [-10.0, 10.0], 'wz': [-10.0, 10.0]}
2025-09-08 23:29:10,177 - INFO - state_size               : 8
2025-09-08 23:29:10,177 - INFO - target_network           : True
2025-09-08 23:29:10,177 - INFO - target_pos               : [0.5, 0.5, 1.0]
2025-09-08 23:29:10,177 - INFO - tau                      : 0.001
2025-09-08 23:29:10,177 - INFO - trajectory_type          : spiral
2025-09-08 23:29:10,177 - INFO - update_cycles            : 2
2025-09-08 23:29:10,177 - INFO - use_trajectory           : False
2025-09-08 23:29:10,177 - INFO - ----------------------------------------
2025-09-08 23:29:10,177 - INFO - Log file: /home/osos/Mohamed_Masters_Thesis/DHP_drone_updated/DHP/training_logs/dhp_split_training_20250908_232910.log
2025-09-08 23:29:10,177 - INFO - ================================================================================
2025-09-08 23:29:10,177 - INFO - 
TRAJECTORY TRAINING CONFIGURATION:
2025-09-08 23:29:10,177 - INFO -   num_episodes: 200
2025-09-08 23:29:10,177 - INFO -   episode_length: 25.0
2025-09-08 23:29:10,177 - INFO -   excitation_steps: 5000
2025-09-08 23:29:10,177 - INFO -   log_interval: 10
2025-09-08 23:29:10,177 - INFO -   save_interval: 50
2025-09-08 23:29:10,177 - INFO -   gui: False
2025-09-08 23:29:10,177 - INFO -   record: False
2025-09-08 23:29:10,177 - INFO -   normalize_states: True
2025-09-08 23:29:10,177 - INFO -   record_best_episodes: True
2025-09-08 23:29:10,177 - INFO -   coordination_warmup_episodes: 200
2025-09-08 23:29:10,177 - INFO -   coordination_strength: 0.15
2025-09-08 23:29:10,177 - INFO -   use_trajectory: True
2025-09-08 23:29:10,177 - INFO -   trajectory_type: spiral
2025-09-08 23:29:10,177 - INFO -   target_pos: [0.0, 0.0, 1.0]
2025-09-08 23:29:10,178 - INFO - 
==================================================
2025-09-08 23:29:10,178 - INFO - STARTING DHP TRAINING FOR CF2X QUADROTOR
2025-09-08 23:29:10,178 - INFO - ==================================================
2025-09-08 23:29:10,301 - WARNING - From /home/osos/Mohamed_Masters_Thesis/DHP_drone_updated/msc-thesis/agents/dhp.py:88: The name tf.Session is deprecated. Please use tf.compat.v1.Session instead.

2025-09-08 23:29:10,410 - WARNING - From /home/osos/Mohamed_Masters_Thesis/DHP_drone_updated/msc-thesis/agents/dhp.py:117: The name tf.placeholder is deprecated. Please use tf.compat.v1.placeholder instead.

2025-09-08 23:29:10,415 - WARNING - From /home/osos/Mohamed_Masters_Thesis/DHP_drone_updated/msc-thesis/agents/dhp.py:119: The name tf.placeholder_with_default is deprecated. Please use tf.compat.v1.placeholder_with_default instead.

2025-09-08 23:29:10,424 - WARNING - From /home/osos/Mohamed_Masters_Thesis/DHP_drone_updated/msc-thesis/agents/dhp.py:141: The name tf.variable_scope is deprecated. Please use tf.compat.v1.variable_scope instead.

2025-09-08 23:29:10,425 - WARNING - From /home/osos/Mohamed_Masters_Thesis/DHP_drone_updated/msc-thesis/agents/dhp.py:145: dense (from tensorflow.python.layers.core) is deprecated and will be removed in a future version.
Instructions for updating:
Use keras.layers.Dense instead.
2025-09-08 23:29:10,426 - WARNING - From /home/osos/anaconda3/envs/DHP/lib/python3.7/site-packages/tensorflow_core/python/layers/core.py:187: Layer.apply (from tensorflow.python.keras.engine.base_layer) is deprecated and will be removed in a future version.
Instructions for updating:
Please use `layer.__call__` method instead.
2025-09-08 23:29:10,461 - WARNING - From /home/osos/Mohamed_Masters_Thesis/DHP_drone_updated/msc-thesis/agents/dhp.py:150: The name tf.trainable_variables is deprecated. Please use tf.compat.v1.trainable_variables instead.

2025-09-08 23:29:10,472 - WARNING - From /home/osos/Mohamed_Masters_Thesis/DHP_drone_updated/msc-thesis/agents/dhp.py:156: The name tf.train.GradientDescentOptimizer is deprecated. Please use tf.compat.v1.train.GradientDescentOptimizer instead.

2025-09-08 23:29:10,500 - WARNING - From /home/osos/Mohamed_Masters_Thesis/DHP_drone_updated/msc-thesis/agents/dhp.py:173: The name tf.assign is deprecated. Please use tf.compat.v1.assign instead.

2025-09-08 23:29:10,622 - WARNING - From /home/osos/Mohamed_Masters_Thesis/DHP_drone_updated/msc-thesis/agents/dhp.py:97: The name tf.summary.merge_all is deprecated. Please use tf.compat.v1.summary.merge_all instead.

2025-09-08 23:29:10,622 - WARNING - From /home/osos/Mohamed_Masters_Thesis/DHP_drone_updated/msc-thesis/agents/dhp.py:98: The name tf.train.Saver is deprecated. Please use tf.compat.v1.train.Saver instead.

2025-09-08 23:29:10,635 - WARNING - From /home/osos/Mohamed_Masters_Thesis/DHP_drone_updated/msc-thesis/agents/dhp.py:99: The name tf.global_variables_initializer is deprecated. Please use tf.compat.v1.global_variables_initializer instead.

2025-09-08 23:29:10,695 - INFO - 
Training for 200 episodes...
2025-09-08 23:29:10,695 - INFO - Episode | Reward  | Avg Cost | Pos Error | Duration (Completion) | Time
2025-09-08 23:29:10,695 - INFO - -------------------------------------------------------------------------------------
2025-09-08 23:29:11,674 - INFO - 🏆 NEW BEST EPISODE (SMART CRITERIA)! Episode 0
2025-09-08 23:29:11,675 - INFO -    Position Error: 5.1665m
2025-09-08 23:29:11,675 - INFO -    Completion: 13.1% (98/750 steps)
2025-09-08 23:29:11,675 - INFO -    Duration: 3.3s / 25.0s
2025-09-08 23:29:11,675 - INFO -    Composite Score: -38.60
2025-09-08 23:29:11,676 - INFO -       0 |   54.01 |   30.490 |    5.1665 |   3.3s (13.1%) |    1.0s
2025-09-08 23:29:12,626 - INFO - 🏆 NEW BEST EPISODE (SMART CRITERIA)! Episode 1
2025-09-08 23:29:12,626 - INFO -    Position Error: 5.2907m
2025-09-08 23:29:12,626 - INFO -    Completion: 16.8% (126/750 steps)
2025-09-08 23:29:12,626 - INFO -    Duration: 4.2s / 25.0s
2025-09-08 23:29:12,626 - INFO -    Composite Score: -36.11
2025-09-08 23:29:13,305 - INFO - NEW BEST PERFORMANCE! Episode 2: 5.1920m
2025-09-08 23:29:13,345 - INFO - BEST MODEL SAVED! Episode 2, Error: 5.1920m
2025-09-08 23:29:13,345 - INFO - Best model path: /home/osos/Mohamed_Masters_Thesis/DHP_drone_updated/DHP/trained_models/dhp_cf2x_best
2025-09-08 23:29:13,345 - INFO - All model files saved successfully!
2025-09-08 23:29:14,367 - INFO - 🏆 NEW BEST EPISODE (SMART CRITERIA)! Episode 3
2025-09-08 23:29:14,367 - INFO -    Position Error: 5.2736m
2025-09-08 23:29:14,367 - INFO -    Completion: 16.8% (126/750 steps)
2025-09-08 23:29:14,367 - INFO -    Duration: 4.2s / 25.0s
2025-09-08 23:29:14,367 - INFO -    Composite Score: -35.94
2025-09-08 23:29:15,091 - INFO - NEW BEST PERFORMANCE! Episode 4: 5.2353m
2025-09-08 23:29:15,116 - INFO - BEST MODEL SAVED! Episode 4, Error: 5.2353m
2025-09-08 23:29:15,116 - INFO - Best model path: /home/osos/Mohamed_Masters_Thesis/DHP_drone_updated/DHP/trained_models/dhp_cf2x_best
2025-09-08 23:29:15,116 - INFO - All model files saved successfully!
2025-09-08 23:29:16,726 - INFO - 🏆 NEW BEST EPISODE (SMART CRITERIA)! Episode 5
2025-09-08 23:29:16,726 - INFO -    Position Error: 4.7500m
2025-09-08 23:29:16,726 - INFO -    Completion: 27.9% (209/750 steps)
2025-09-08 23:29:16,727 - INFO -    Duration: 7.0s / 25.0s
2025-09-08 23:29:16,727 - INFO -    Composite Score: -19.63
2025-09-08 23:29:21,094 - INFO -      10 |   46.65 |   41.942 |    5.3216 |   7.9s (31.7%) |   10.4s
2025-09-08 23:29:25,179 - INFO - NEW BEST PERFORMANCE! Episode 14: 4.6838m
2025-09-08 23:29:25,203 - INFO - BEST MODEL SAVED! Episode 14, Error: 4.6838m
2025-09-08 23:29:25,203 - INFO - Best model path: /home/osos/Mohamed_Masters_Thesis/DHP_drone_updated/DHP/trained_models/dhp_cf2x_best
2025-09-08 23:29:25,203 - INFO - All model files saved successfully!
2025-09-08 23:29:26,475 - INFO - NEW BEST PERFORMANCE! Episode 16: 1.7718m
2025-09-08 23:29:26,494 - INFO - BEST MODEL SAVED! Episode 16, Error: 1.7718m
2025-09-08 23:29:26,494 - INFO - Best model path: /home/osos/Mohamed_Masters_Thesis/DHP_drone_updated/DHP/trained_models/dhp_cf2x_best
2025-09-08 23:29:26,494 - INFO - All model files saved successfully!
2025-09-08 23:29:30,451 - INFO - 🏆 NEW BEST EPISODE (SMART CRITERIA)! Episode 20
2025-09-08 23:29:30,452 - INFO -    Position Error: 4.2696m
2025-09-08 23:29:30,452 - INFO -    Completion: 38.7% (290/750 steps)
2025-09-08 23:29:30,452 - INFO -    Duration: 9.7s / 25.0s
2025-09-08 23:29:30,452 - INFO -    Composite Score: -4.03
2025-09-08 23:29:30,455 - INFO -      20 |   43.30 |   46.282 |    4.2696 |   9.7s (38.7%) |   19.8s
2025-09-08 23:29:30,606 - INFO - NEW BEST PERFORMANCE! Episode 21: 0.2675m
2025-09-08 23:29:30,629 - INFO - BEST MODEL SAVED! Episode 21, Error: 0.2675m
2025-09-08 23:29:30,629 - INFO - Best model path: /home/osos/Mohamed_Masters_Thesis/DHP_drone_updated/DHP/trained_models/dhp_cf2x_best
2025-09-08 23:29:30,629 - INFO - All model files saved successfully!
2025-09-08 23:29:30,629 - INFO - CONVERGENCE EPISODE 21: 0.2675m
2025-09-08 23:29:30,789 - INFO - CONVERGENCE EPISODE 22: 0.3602m
2025-09-08 23:29:33,629 - INFO - 🏆 NEW BEST EPISODE (SMART CRITERIA)! Episode 24
2025-09-08 23:29:33,629 - INFO -    Position Error: 4.0776m
2025-09-08 23:29:33,629 - INFO -    Completion: 45.2% (339/750 steps)
2025-09-08 23:29:33,629 - INFO -    Duration: 11.3s / 25.0s
2025-09-08 23:29:33,629 - INFO -    Composite Score: 4.42
2025-09-08 23:29:33,903 - INFO - NEW BEST PERFORMANCE! Episode 25: 0.3950m
2025-09-08 23:29:33,922 - INFO - BEST MODEL SAVED! Episode 25, Error: 0.3950m
2025-09-08 23:29:33,923 - INFO - Best model path: /home/osos/Mohamed_Masters_Thesis/DHP_drone_updated/DHP/trained_models/dhp_cf2x_best
2025-09-08 23:29:33,923 - INFO - All model files saved successfully!
2025-09-08 23:29:33,923 - INFO - CONVERGENCE EPISODE 25: 0.3950m
