2025-09-08 17:32:29,560 - INFO - ================================================================================
2025-09-08 17:32:29,561 - INFO - DHP SPLIT ARCHITECTURE TRAINING SESSION STARTED
2025-09-08 17:32:29,561 - INFO - ================================================================================
2025-09-08 17:32:29,561 - INFO - HYPERPARAMETERS:
2025-09-08 17:32:29,561 - INFO - ----------------------------------------
2025-09-08 17:32:29,561 - INFO - action_size              : 4
2025-09-08 17:32:29,561 - INFO - best_episode_gui         : False
2025-09-08 17:32:29,561 - INFO - coordination_strength    : 0.1
2025-09-08 17:32:29,561 - INFO - coordination_warmup_episodes: 400
2025-09-08 17:32:29,561 - INFO - dt                       : 0.03333333333333333
2025-09-08 17:32:29,561 - INFO - episode_length           : 20.0
2025-09-08 17:32:29,561 - INFO - excitation_amplitude     : 0.03
2025-09-08 17:32:29,561 - INFO - excitation_steps         : 12500
2025-09-08 17:32:29,561 - INFO - gamma                    : 0.98
2025-09-08 17:32:29,561 - INFO - gradient_clip_value      : 0.5
2025-09-08 17:32:29,561 - INFO - gui                      : False
2025-09-08 17:32:29,561 - INFO - hidden_layer_size        : [64, 64, 32]
2025-09-08 17:32:29,562 - INFO - log_interval             : 10
2025-09-08 17:32:29,562 - INFO - lr_actor                 : 0.005
2025-09-08 17:32:29,562 - INFO - lr_critic                : 0.01
2025-09-08 17:32:29,562 - INFO - lr_decay                 : 0.9999
2025-09-08 17:32:29,562 - INFO - normalize_states         : True
2025-09-08 17:32:29,562 - INFO - num_episodes             : 2500
2025-09-08 17:32:29,562 - INFO - predict_delta            : False
2025-09-08 17:32:29,562 - INFO - record                   : False
2025-09-08 17:32:29,562 - INFO - record_best_episodes     : True
2025-09-08 17:32:29,562 - INFO - recording_fps            : 30
2025-09-08 17:32:29,562 - INFO - reference_size           : 8
2025-09-08 17:32:29,562 - INFO - rls_action_size          : 4
2025-09-08 17:32:29,562 - INFO - rls_covariance           : 100.0
2025-09-08 17:32:29,562 - INFO - rls_gamma                : 0.9995
2025-09-08 17:32:29,562 - INFO - rls_state_size           : 8
2025-09-08 17:32:29,562 - INFO - save_interval            : 100
2025-09-08 17:32:29,562 - INFO - split                    : False
2025-09-08 17:32:29,562 - INFO - state_bounds             : {'z': [0.0, 5.0], 'roll': [-1.5707963267948966, 1.5707963267948966], 'pitch': [-1.5707963267948966, 1.5707963267948966], 'yaw': [-3.141592653589793, 3.141592653589793], 'vz': [-12.0, 12.0], 'wx': [-10.0, 10.0], 'wy': [-10.0, 10.0], 'wz': [-10.0, 10.0]}
2025-09-08 17:32:29,562 - INFO - state_size               : 8
2025-09-08 17:32:29,562 - INFO - target_network           : True
2025-09-08 17:32:29,562 - INFO - target_pos               : [0.5, 0.5, 1.0]
2025-09-08 17:32:29,562 - INFO - tau                      : 0.001
2025-09-08 17:32:29,562 - INFO - trajectory_type          : spiral
2025-09-08 17:32:29,562 - INFO - update_cycles            : 2
2025-09-08 17:32:29,562 - INFO - use_trajectory           : False
2025-09-08 17:32:29,562 - INFO - ----------------------------------------
2025-09-08 17:32:29,562 - INFO - Log file: /home/osos/Mohamed_Masters_Thesis/DHP_drone_updated/DHP/training_logs/dhp_split_training_20250908_173229.log
2025-09-08 17:32:29,562 - INFO - ================================================================================
2025-09-08 17:32:29,563 - INFO - 
TRAJECTORY TRAINING CONFIGURATION:
2025-09-08 17:32:29,563 - INFO -   num_episodes: 500
2025-09-08 17:32:29,563 - INFO -   episode_length: 25.0
2025-09-08 17:32:29,563 - INFO -   excitation_steps: 5000
2025-09-08 17:32:29,563 - INFO -   log_interval: 10
2025-09-08 17:32:29,563 - INFO -   save_interval: 50
2025-09-08 17:32:29,563 - INFO -   gui: False
2025-09-08 17:32:29,563 - INFO -   record: False
2025-09-08 17:32:29,563 - INFO -   normalize_states: True
2025-09-08 17:32:29,563 - INFO -   record_best_episodes: True
2025-09-08 17:32:29,563 - INFO -   coordination_warmup_episodes: 200
2025-09-08 17:32:29,563 - INFO -   coordination_strength: 0.15
2025-09-08 17:32:29,563 - INFO -   use_trajectory: True
2025-09-08 17:32:29,563 - INFO -   trajectory_type: spiral
2025-09-08 17:32:29,563 - INFO -   target_pos: [0.0, 0.0, 1.0]
2025-09-08 17:32:29,563 - INFO - 
==================================================
2025-09-08 17:32:29,563 - INFO - STARTING DHP TRAINING FOR CF2X QUADROTOR
2025-09-08 17:32:29,563 - INFO - ==================================================
2025-09-08 17:32:29,683 - WARNING - From /home/osos/Mohamed_Masters_Thesis/DHP_drone_updated/msc-thesis/agents/dhp.py:88: The name tf.Session is deprecated. Please use tf.compat.v1.Session instead.

2025-09-08 17:32:29,786 - WARNING - From /home/osos/Mohamed_Masters_Thesis/DHP_drone_updated/msc-thesis/agents/dhp.py:117: The name tf.placeholder is deprecated. Please use tf.compat.v1.placeholder instead.

2025-09-08 17:32:29,787 - WARNING - From /home/osos/Mohamed_Masters_Thesis/DHP_drone_updated/msc-thesis/agents/dhp.py:119: The name tf.placeholder_with_default is deprecated. Please use tf.compat.v1.placeholder_with_default instead.

2025-09-08 17:32:29,789 - WARNING - From /home/osos/Mohamed_Masters_Thesis/DHP_drone_updated/msc-thesis/agents/dhp.py:141: The name tf.variable_scope is deprecated. Please use tf.compat.v1.variable_scope instead.

2025-09-08 17:32:29,790 - WARNING - From /home/osos/Mohamed_Masters_Thesis/DHP_drone_updated/msc-thesis/agents/dhp.py:145: dense (from tensorflow.python.layers.core) is deprecated and will be removed in a future version.
Instructions for updating:
Use keras.layers.Dense instead.
2025-09-08 17:32:29,791 - WARNING - From /home/osos/anaconda3/envs/DHP/lib/python3.7/site-packages/tensorflow_core/python/layers/core.py:187: Layer.apply (from tensorflow.python.keras.engine.base_layer) is deprecated and will be removed in a future version.
Instructions for updating:
Please use `layer.__call__` method instead.
2025-09-08 17:32:29,819 - WARNING - From /home/osos/Mohamed_Masters_Thesis/DHP_drone_updated/msc-thesis/agents/dhp.py:150: The name tf.trainable_variables is deprecated. Please use tf.compat.v1.trainable_variables instead.

2025-09-08 17:32:29,829 - WARNING - From /home/osos/Mohamed_Masters_Thesis/DHP_drone_updated/msc-thesis/agents/dhp.py:156: The name tf.train.GradientDescentOptimizer is deprecated. Please use tf.compat.v1.train.GradientDescentOptimizer instead.

2025-09-08 17:32:29,857 - WARNING - From /home/osos/Mohamed_Masters_Thesis/DHP_drone_updated/msc-thesis/agents/dhp.py:173: The name tf.assign is deprecated. Please use tf.compat.v1.assign instead.

2025-09-08 17:32:29,972 - WARNING - From /home/osos/Mohamed_Masters_Thesis/DHP_drone_updated/msc-thesis/agents/dhp.py:97: The name tf.summary.merge_all is deprecated. Please use tf.compat.v1.summary.merge_all instead.

2025-09-08 17:32:29,972 - WARNING - From /home/osos/Mohamed_Masters_Thesis/DHP_drone_updated/msc-thesis/agents/dhp.py:98: The name tf.train.Saver is deprecated. Please use tf.compat.v1.train.Saver instead.

2025-09-08 17:32:29,984 - WARNING - From /home/osos/Mohamed_Masters_Thesis/DHP_drone_updated/msc-thesis/agents/dhp.py:99: The name tf.global_variables_initializer is deprecated. Please use tf.compat.v1.global_variables_initializer instead.

2025-09-08 17:32:30,040 - INFO - 
Training for 500 episodes...
2025-09-08 17:32:30,040 - INFO - Episode | Reward  | Avg Cost | Pos Error | Duration (Completion) | Time
2025-09-08 17:32:30,040 - INFO - -------------------------------------------------------------------------------------
2025-09-08 17:32:31,370 - INFO - 🏆 NEW BEST EPISODE (SMART CRITERIA)! Episode 0
2025-09-08 17:32:31,370 - INFO -    Position Error: 4.8791m
2025-09-08 17:32:31,370 - INFO -    Completion: 17.9% (134/750 steps)
2025-09-08 17:32:31,370 - INFO -    Duration: 4.5s / 25.0s
2025-09-08 17:32:31,370 - INFO -    Composite Score: -30.92
2025-09-08 17:32:31,371 - INFO -       0 |   89.23 |   22.020 |    4.8791 |   4.5s (17.9%) |    1.3s
2025-09-08 17:32:36,489 - INFO - 🏆 NEW BEST EPISODE (SMART CRITERIA)! Episode 6
2025-09-08 17:32:36,489 - INFO -    Position Error: 3.9082m
2025-09-08 17:32:36,489 - INFO -    Completion: 11.9% (89/750 steps)
2025-09-08 17:32:36,489 - INFO -    Duration: 3.0s / 25.0s
2025-09-08 17:32:36,490 - INFO -    Composite Score: -27.22
2025-09-08 17:32:39,272 - INFO - 🏆 NEW BEST EPISODE (SMART CRITERIA)! Episode 9
2025-09-08 17:32:39,273 - INFO -    Position Error: 4.3048m
2025-09-08 17:32:39,273 - INFO -    Completion: 25.3% (190/750 steps)
2025-09-08 17:32:39,273 - INFO -    Duration: 6.3s / 25.0s
2025-09-08 17:32:39,273 - INFO -    Composite Score: -17.71
2025-09-08 17:32:39,925 - INFO -      10 |   65.30 |   32.556 |    4.9606 |   3.2s (12.8%) |    9.9s
2025-09-08 17:32:40,654 - INFO - NEW BEST PERFORMANCE! Episode 11: 4.0237m
2025-09-08 17:32:40,692 - INFO - BEST MODEL SAVED! Episode 11, Error: 4.0237m
2025-09-08 17:32:40,692 - INFO - Best model path: /home/osos/Mohamed_Masters_Thesis/DHP_drone_updated/DHP/trained_models/dhp_cf2x_best
2025-09-08 17:32:40,692 - INFO - All model files saved successfully!
2025-09-08 17:32:43,544 - INFO - NEW BEST PERFORMANCE! Episode 15: 3.8469m
2025-09-08 17:32:43,571 - INFO - BEST MODEL SAVED! Episode 15, Error: 3.8469m
2025-09-08 17:32:43,571 - INFO - Best model path: /home/osos/Mohamed_Masters_Thesis/DHP_drone_updated/DHP/trained_models/dhp_cf2x_best
2025-09-08 17:32:43,571 - INFO - All model files saved successfully!
2025-09-08 17:32:49,154 - INFO -      20 |   32.79 |   54.882 |    4.5040 |   3.6s (14.4%) |   19.1s
2025-09-08 17:32:49,283 - INFO - NEW BEST PERFORMANCE! Episode 21: 0.9069m
2025-09-08 17:32:49,306 - INFO - BEST MODEL SAVED! Episode 21, Error: 0.9069m
2025-09-08 17:32:49,306 - INFO - Best model path: /home/osos/Mohamed_Masters_Thesis/DHP_drone_updated/DHP/trained_models/dhp_cf2x_best
2025-09-08 17:32:49,306 - INFO - All model files saved successfully!
2025-09-08 17:32:49,306 - INFO - CONVERGENCE EPISODE 21: 0.9069m
2025-09-08 17:32:50,945 - INFO - NEW BEST PERFORMANCE! Episode 23: 0.8655m
2025-09-08 17:32:50,964 - INFO - BEST MODEL SAVED! Episode 23, Error: 0.8655m
2025-09-08 17:32:50,964 - INFO - Best model path: /home/osos/Mohamed_Masters_Thesis/DHP_drone_updated/DHP/trained_models/dhp_cf2x_best
2025-09-08 17:32:50,964 - INFO - All model files saved successfully!
2025-09-08 17:32:50,964 - INFO - CONVERGENCE EPISODE 23: 0.8655m
2025-09-08 17:32:52,101 - INFO - NEW BEST PERFORMANCE! Episode 25: 0.3608m
2025-09-08 17:32:52,119 - INFO - BEST MODEL SAVED! Episode 25, Error: 0.3608m
2025-09-08 17:32:52,119 - INFO - Best model path: /home/osos/Mohamed_Masters_Thesis/DHP_drone_updated/DHP/trained_models/dhp_cf2x_best
2025-09-08 17:32:52,119 - INFO - All model files saved successfully!
2025-09-08 17:32:52,119 - INFO - CONVERGENCE EPISODE 25: 0.3608m
2025-09-08 17:32:52,256 - INFO - CONVERGENCE EPISODE 26: 0.7942m
2025-09-08 17:32:52,403 - INFO - CONVERGENCE EPISODE 27: 0.8288m
2025-09-08 17:32:55,863 - INFO -      30 |   27.83 |   57.364 |    5.1748 |   7.0s (27.9%) |   25.8s
2025-09-08 17:32:59,460 - INFO - CONVERGENCE EPISODE 36: 0.9842m
2025-09-08 17:32:59,578 - INFO - CONVERGENCE EPISODE 37: 0.9437m
2025-09-08 17:33:01,513 - INFO -      40 |   49.78 |   94.493 |    4.4610 |   3.3s (13.3%) |   31.5s
2025-09-08 17:33:08,324 - INFO - 🏆 NEW BEST EPISODE (SMART CRITERIA)! Episode 47
2025-09-08 17:33:08,324 - INFO -    Position Error: 5.3936m
2025-09-08 17:33:08,324 - INFO -    Completion: 41.6% (312/750 steps)
2025-09-08 17:33:08,324 - INFO -    Duration: 10.4s / 25.0s
2025-09-08 17:33:08,324 - INFO -    Composite Score: -12.34
2025-09-08 17:33:08,456 - INFO - NEW BEST PERFORMANCE! Episode 48: 0.4265m
2025-09-08 17:33:08,480 - INFO - BEST MODEL SAVED! Episode 48, Error: 0.4265m
2025-09-08 17:33:08,480 - INFO - Best model path: /home/osos/Mohamed_Masters_Thesis/DHP_drone_updated/DHP/trained_models/dhp_cf2x_best
2025-09-08 17:33:08,480 - INFO - All model files saved successfully!
2025-09-08 17:33:08,480 - INFO - CONVERGENCE EPISODE 48: 0.4265m
2025-09-08 17:33:08,617 - INFO - CONVERGENCE EPISODE 49: 0.8435m
2025-09-08 17:33:09,557 - INFO -      50 |   30.71 |   77.555 |    4.2981 |   4.9s (19.7%) |   39.5s
2025-09-08 17:33:09,819 - INFO - CONVERGENCE EPISODE 51: 0.6100m
2025-09-08 17:33:10,033 - INFO - CONVERGENCE EPISODE 52: 0.4670m
2025-09-08 17:33:10,186 - INFO - CONVERGENCE EPISODE 53: 0.4639m
2025-09-08 17:33:10,342 - INFO - CONVERGENCE EPISODE 54: 0.9092m
2025-09-08 17:33:10,677 - INFO - CONVERGENCE EPISODE 56: 0.7221m
2025-09-08 17:33:10,814 - INFO - NEW BEST PERFORMANCE! Episode 57: 0.3806m
2025-09-08 17:33:10,832 - INFO - BEST MODEL SAVED! Episode 57, Error: 0.3806m
2025-09-08 17:33:10,833 - INFO - Best model path: /home/osos/Mohamed_Masters_Thesis/DHP_drone_updated/DHP/trained_models/dhp_cf2x_best
2025-09-08 17:33:10,833 - INFO - All model files saved successfully!
2025-09-08 17:33:10,833 - INFO - CONVERGENCE EPISODE 57: 0.3806m
2025-09-08 17:33:11,012 - INFO - CONVERGENCE EPISODE 58: 0.7429m
2025-09-08 17:33:12,225 - INFO -      60 |   23.56 |   54.074 |    5.9612 |   4.3s (17.2%) |   42.2s
2025-09-08 17:33:13,819 - INFO - 🏆 NEW BEST EPISODE (SMART CRITERIA)! Episode 63
2025-09-08 17:33:13,819 - INFO -    Position Error: 1.7587m
2025-09-08 17:33:13,820 - INFO -    Completion: 10.5% (79/750 steps)
2025-09-08 17:33:13,820 - INFO -    Duration: 2.6s / 25.0s
2025-09-08 17:33:13,820 - INFO -    Composite Score: -7.05
2025-09-08 17:33:16,176 - INFO - NEW BEST PERFORMANCE! Episode 69: 0.5572m
2025-09-08 17:33:16,194 - INFO - BEST MODEL SAVED! Episode 69, Error: 0.5572m
2025-09-08 17:33:16,194 - INFO - Best model path: /home/osos/Mohamed_Masters_Thesis/DHP_drone_updated/DHP/trained_models/dhp_cf2x_best
2025-09-08 17:33:16,194 - INFO - All model files saved successfully!
2025-09-08 17:33:16,194 - INFO - CONVERGENCE EPISODE 69: 0.5572m
2025-09-08 17:33:16,448 - INFO - NEW BEST PERFORMANCE! Episode 70: 0.4218m
2025-09-08 17:33:16,467 - INFO - BEST MODEL SAVED! Episode 70, Error: 0.4218m
2025-09-08 17:33:16,467 - INFO - Best model path: /home/osos/Mohamed_Masters_Thesis/DHP_drone_updated/DHP/trained_models/dhp_cf2x_best
2025-09-08 17:33:16,467 - INFO - All model files saved successfully!
2025-09-08 17:33:16,467 - INFO - CONVERGENCE EPISODE 70: 0.4218m
2025-09-08 17:33:16,467 - INFO -      70 |   43.76 |   32.597 |    0.4218 |   1.1s ( 4.5%) |   46.4s
2025-09-08 17:33:21,752 - INFO -      80 |  106.81 |  135.401 |    2.9379 |   2.8s (11.1%) |   51.7s
2025-09-08 17:33:24,115 - INFO - 🏆 NEW BEST EPISODE (SMART CRITERIA)! Episode 85
2025-09-08 17:33:24,115 - INFO -    Position Error: 0.5218m
2025-09-08 17:33:24,115 - INFO -    Completion: 11.1% (83/750 steps)
2025-09-08 17:33:24,115 - INFO -    Duration: 2.8s / 25.0s
2025-09-08 17:33:24,115 - INFO -    Composite Score: 5.85
2025-09-08 17:33:24,116 - INFO - CONVERGENCE EPISODE 85: 0.5218m
2025-09-08 17:33:27,227 - INFO -      90 |   46.02 |   73.393 |    2.4981 |   2.7s (10.9%) |   57.2s
2025-09-08 17:33:28,541 - INFO - CONVERGENCE EPISODE 93: 0.8595m
2025-09-08 17:33:29,216 - INFO - 🏆 NEW BEST EPISODE (SMART CRITERIA)! Episode 94
2025-09-08 17:33:29,216 - INFO -    Position Error: 0.5960m
2025-09-08 17:33:29,216 - INFO -    Completion: 14.3% (107/750 steps)
2025-09-08 17:33:29,216 - INFO -    Duration: 3.6s / 25.0s
2025-09-08 17:33:29,216 - INFO -    Composite Score: 8.31
2025-09-08 17:33:29,217 - INFO - CONVERGENCE EPISODE 94: 0.5960m
2025-09-08 17:33:31,402 - INFO - NEW BEST PERFORMANCE! Episode 98: 0.1764m
2025-09-08 17:33:31,421 - INFO - BEST MODEL SAVED! Episode 98, Error: 0.1764m
2025-09-08 17:33:31,421 - INFO - Best model path: /home/osos/Mohamed_Masters_Thesis/DHP_drone_updated/DHP/trained_models/dhp_cf2x_best
2025-09-08 17:33:31,421 - INFO - All model files saved successfully!
2025-09-08 17:33:31,421 - INFO - CONVERGENCE EPISODE 98: 0.1764m
2025-09-08 17:33:32,549 - INFO - 
2025-09-08 17:33:32,549 - INFO - MILESTONE 100 ANALYSIS:
2025-09-08 17:33:32,549 - INFO -   Recent 50 episodes avg position error: 2.6648 ± 1.5640m
2025-09-08 17:33:32,549 - INFO -   Recent 50 episodes avg cost: 76.938
2025-09-08 17:33:32,549 - INFO -   Convergent episodes ratio (< 1.0m): 26.00%
2025-09-08 17:33:32,549 - INFO -   Total convergent episodes so far: 22
2025-09-08 17:33:32,549 - INFO -   Best performance: 0.1764m at episode 98
2025-09-08 17:33:32,549 - INFO -   Stable performance not yet achieved
2025-09-08 17:33:32,549 - INFO - 
2025-09-08 17:33:32,549 - INFO -     100 |   47.67 |   21.090 |    2.1586 |   2.7s (10.9%) |   62.5s
2025-09-08 17:33:36,633 - INFO - CONVERGENCE EPISODE 107: 0.8427m
2025-09-08 17:33:38,865 - INFO -     110 |   43.88 |  100.997 |    1.3269 |   2.5s ( 9.9%) |   68.8s
2025-09-08 17:33:41,582 - INFO - CONVERGENCE EPISODE 114: 0.6525m
2025-09-08 17:33:43,887 - INFO - CONVERGENCE EPISODE 118: 0.4357m
2025-09-08 17:33:44,972 - INFO -     120 |   54.45 |   11.049 |    1.0604 |   2.2s ( 8.8%) |   74.9s
2025-09-08 17:33:45,937 - INFO - CONVERGENCE EPISODE 122: 0.2879m
2025-09-08 17:33:50,204 - INFO -     130 |   56.27 |   71.788 |    2.4041 |   3.4s (13.7%) |   80.2s
2025-09-08 17:33:50,649 - INFO - CONVERGENCE EPISODE 131: 0.6845m
2025-09-08 17:33:52,875 - INFO - CONVERGENCE EPISODE 135: 0.9092m
2025-09-08 17:33:53,132 - INFO - CONVERGENCE EPISODE 136: 0.3696m
2025-09-08 17:33:53,554 - INFO - CONVERGENCE EPISODE 137: 0.7963m
2025-09-08 17:33:55,019 - INFO - CONVERGENCE EPISODE 139: 0.9218m
2025-09-08 17:33:55,254 - INFO - CONVERGENCE EPISODE 140: 0.2361m
2025-09-08 17:33:55,255 - INFO -     140 |   40.81 |   54.771 |    0.2361 |   1.1s ( 4.4%) |   85.2s
2025-09-08 17:33:58,030 - INFO - CONVERGENCE EPISODE 146: 0.5751m
2025-09-08 17:33:59,846 - INFO - CONVERGENCE EPISODE 149: 0.9441m
2025-09-08 17:34:00,348 - INFO -     150 |   45.78 |   52.069 |    2.1734 |   2.4s ( 9.7%) |   90.3s
2025-09-08 17:34:05,151 - INFO -     160 |   74.25 |   85.428 |    3.0287 |   2.3s ( 9.3%) |   95.1s
2025-09-08 17:34:06,434 - INFO - CONVERGENCE EPISODE 163: 0.5583m
2025-09-08 17:34:09,475 - INFO - CONVERGENCE EPISODE 169: 0.3601m
2025-09-08 17:34:10,513 - INFO -     170 |  195.57 |   39.326 |    4.2588 |   5.1s (20.5%) |  100.5s
2025-09-08 17:34:12,095 - INFO - CONVERGENCE EPISODE 173: 0.4613m
2025-09-08 17:34:15,183 - INFO - CONVERGENCE EPISODE 179: 0.6713m
2025-09-08 17:34:15,516 - INFO - CONVERGENCE EPISODE 180: 0.6683m
2025-09-08 17:34:15,516 - INFO -     180 |   74.86 |   16.534 |    0.6683 |   1.6s ( 6.5%) |  105.5s
2025-09-08 17:34:19,363 - INFO - CONVERGENCE EPISODE 187: 0.2263m
2025-09-08 17:34:20,689 - INFO -     190 |   46.50 |   18.069 |    1.8340 |   2.1s ( 8.5%) |  110.6s
2025-09-08 17:34:25,828 - INFO - CONVERGENCE EPISODE 200: 0.6054m
2025-09-08 17:34:25,828 - INFO -     200 |   44.11 |   37.056 |    0.6054 |   1.3s ( 5.2%) |  115.8s
2025-09-08 17:34:29,479 - INFO - CONVERGENCE EPISODE 206: 0.8784m
2025-09-08 17:34:31,843 - INFO -     210 |  104.29 |   57.188 |    4.1910 |   3.9s (15.5%) |  121.8s
2025-09-08 17:34:37,958 - INFO -     220 |  122.89 |  217.120 |    2.4574 |   2.9s (11.5%) |  127.9s
2025-09-08 17:34:43,577 - INFO - CONVERGENCE EPISODE 230: 0.9072m
2025-09-08 17:34:43,577 - INFO -     230 |  133.73 |   15.934 |    0.9072 |   2.6s (10.4%) |  133.5s
2025-09-08 17:34:46,626 - INFO - CONVERGENCE EPISODE 236: 0.4177m
2025-09-08 17:34:47,133 - INFO - 🏆 NEW BEST EPISODE (SMART CRITERIA)! Episode 237
2025-09-08 17:34:47,133 - INFO -    Position Error: 0.2199m
2025-09-08 17:34:47,133 - INFO -    Completion: 10.5% (79/750 steps)
2025-09-08 17:34:47,133 - INFO -    Duration: 2.6s / 25.0s
2025-09-08 17:34:47,133 - INFO -    Composite Score: 8.33
2025-09-08 17:34:47,134 - INFO - CONVERGENCE EPISODE 237: 0.2199m
2025-09-08 17:34:47,438 - INFO - CONVERGENCE EPISODE 238: 0.7508m
2025-09-08 17:34:48,386 - INFO -     240 |   71.23 |   44.282 |    3.7960 |   2.3s ( 9.1%) |  138.3s
2025-09-08 17:34:50,213 - INFO - CONVERGENCE EPISODE 244: 0.4891m
2025-09-08 17:34:54,666 - INFO - 
2025-09-08 17:34:54,667 - INFO - MILESTONE 250 ANALYSIS:
2025-09-08 17:34:54,667 - INFO -   Recent 50 episodes avg position error: 2.9174 ± 1.4512m
2025-09-08 17:34:54,667 - INFO -   Recent 50 episodes avg cost: 56.475
2025-09-08 17:34:54,667 - INFO -   Convergent episodes ratio (< 1.0m): 12.00%
2025-09-08 17:34:54,667 - INFO -   Total convergent episodes so far: 47
2025-09-08 17:34:54,667 - INFO -   Best performance: 0.2199m at episode 237
2025-09-08 17:34:54,667 - INFO -   Stable performance not yet achieved
2025-09-08 17:34:54,667 - INFO - 
2025-09-08 17:34:54,667 - INFO -     250 |  179.37 |   92.679 |    2.6128 |   3.7s (14.7%) |  144.6s
2025-09-08 17:34:57,613 - INFO - CONVERGENCE EPISODE 256: 0.4227m
2025-09-08 17:34:59,634 - INFO -     260 |   49.73 |   24.652 |    4.3210 |   2.9s (11.7%) |  149.6s
2025-09-08 17:35:01,562 - INFO - NEW BEST PERFORMANCE! Episode 264: 0.1574m
2025-09-08 17:35:01,583 - INFO - BEST MODEL SAVED! Episode 264, Error: 0.1574m
2025-09-08 17:35:01,583 - INFO - Best model path: /home/osos/Mohamed_Masters_Thesis/DHP_drone_updated/DHP/trained_models/dhp_cf2x_best
2025-09-08 17:35:01,583 - INFO - All model files saved successfully!
2025-09-08 17:35:01,583 - INFO - CONVERGENCE EPISODE 264: 0.1574m
2025-09-08 17:35:05,058 - INFO -     270 |   62.00 |   36.270 |    4.5470 |   2.7s (10.7%) |  155.0s
2025-09-08 17:35:05,309 - INFO - CONVERGENCE EPISODE 271: 0.3289m
2025-09-08 17:35:05,766 - INFO - CONVERGENCE EPISODE 272: 0.7449m
2025-09-08 17:35:06,008 - INFO - CONVERGENCE EPISODE 273: 0.4568m
2025-09-08 17:35:09,537 - INFO -     280 |   86.66 |   95.672 |    3.0460 |   3.1s (12.5%) |  159.5s
2025-09-08 17:35:14,577 - INFO - CONVERGENCE EPISODE 288: 0.9867m
2025-09-08 17:35:15,769 - INFO -     290 |   50.36 |   40.553 |    4.0795 |   2.6s (10.3%) |  165.7s
2025-09-08 17:35:17,654 - INFO - CONVERGENCE EPISODE 294: 0.8165m
2025-09-08 17:35:21,423 - INFO -     300 |   48.84 |   60.674 |    4.3263 |   3.0s (12.0%) |  171.4s
2025-09-08 17:35:26,010 - INFO - CONVERGENCE EPISODE 308: 0.9575m
2025-09-08 17:35:27,255 - INFO -     310 |  112.93 |   55.818 |    1.6317 |   3.9s (15.5%) |  177.2s
2025-09-08 17:35:32,774 - INFO - CONVERGENCE EPISODE 319: 0.6731m
2025-09-08 17:35:33,341 - INFO -     320 |   47.76 |  122.182 |    1.2984 |   2.9s (11.5%) |  183.3s
2025-09-08 17:35:38,705 - INFO -     330 |   78.35 |   28.337 |    2.1915 |   2.1s ( 8.4%) |  188.7s
2025-09-08 17:35:40,008 - INFO - CONVERGENCE EPISODE 332: 0.9713m
2025-09-08 17:35:41,032 - INFO - CONVERGENCE EPISODE 335: 0.8227m
2025-09-08 17:35:43,713 - INFO -     340 |   80.48 |   12.641 |    1.6200 |   2.5s (10.1%) |  193.7s
2025-09-08 17:35:49,147 - INFO -     350 |   54.99 |   50.250 |    2.0015 |   2.8s (11.1%) |  199.1s
2025-09-08 17:35:55,025 - INFO -     360 |   44.56 |   64.580 |    3.6717 |   3.6s (14.3%) |  205.0s
2025-09-08 17:36:00,311 - INFO -     370 |   50.12 |   51.075 |    4.0685 |   2.4s ( 9.6%) |  210.3s
2025-09-08 17:36:04,815 - INFO -     380 |   44.43 |   42.789 |    4.1884 |   2.3s ( 9.1%) |  214.8s
2025-09-08 17:36:09,882 - INFO -     390 |   46.56 |   51.477 |    1.0702 |   1.6s ( 6.3%) |  219.8s
2025-09-08 17:36:10,908 - INFO - CONVERGENCE EPISODE 392: 0.8335m
2025-09-08 17:36:13,937 - INFO - CONVERGENCE EPISODE 397: 0.9466m
2025-09-08 17:36:15,915 - INFO -     400 |  143.74 |   30.303 |    1.9237 |   2.9s (11.5%) |  225.9s
2025-09-08 17:36:16,199 - INFO - CONVERGENCE EPISODE 401: 0.2922m
2025-09-08 17:36:20,388 - INFO -     410 |   50.03 |   21.153 |    1.6468 |   2.2s ( 8.8%) |  230.3s
2025-09-08 17:36:20,713 - INFO - CONVERGENCE EPISODE 411: 0.7518m
2025-09-08 17:36:23,609 - INFO - CONVERGENCE EPISODE 417: 0.4382m
2025-09-08 17:36:25,227 - INFO -     420 |   89.27 |   22.692 |    4.0618 |   3.1s (12.4%) |  235.2s
2025-09-08 17:36:26,698 - INFO - CONVERGENCE EPISODE 423: 0.7145m
2025-09-08 17:36:27,088 - INFO - CONVERGENCE EPISODE 424: 0.8689m
2025-09-08 17:36:28,569 - INFO - CONVERGENCE EPISODE 427: 0.3586m
2025-09-08 17:36:29,959 - INFO -     430 |  110.02 |  211.946 |    1.4003 |   2.4s ( 9.6%) |  239.9s
2025-09-08 17:36:30,345 - INFO - CONVERGENCE EPISODE 431: 0.6009m
2025-09-08 17:36:30,593 - INFO - NEW BEST PERFORMANCE! Episode 432: 0.1072m
2025-09-08 17:36:30,613 - INFO - BEST MODEL SAVED! Episode 432, Error: 0.1072m
2025-09-08 17:36:30,613 - INFO - Best model path: /home/osos/Mohamed_Masters_Thesis/DHP_drone_updated/DHP/trained_models/dhp_cf2x_best
2025-09-08 17:36:30,614 - INFO - All model files saved successfully!
2025-09-08 17:36:30,614 - INFO - CONVERGENCE EPISODE 432: 0.1072m
2025-09-08 17:36:31,046 - INFO - CONVERGENCE EPISODE 433: 0.6179m
2025-09-08 17:36:35,137 - INFO -     440 |   63.62 |   38.240 |    4.4106 |   2.6s (10.3%) |  245.1s
2025-09-08 17:36:37,139 - INFO - CONVERGENCE EPISODE 444: 0.5964m
2025-09-08 17:36:40,190 - INFO -     450 |   52.86 |   91.876 |    1.3776 |   2.4s ( 9.7%) |  250.2s
2025-09-08 17:36:44,445 - INFO -     460 |   45.54 |   28.401 |    4.3666 |   2.4s ( 9.7%) |  254.4s
2025-09-08 17:36:49,223 - INFO -     470 |   44.62 |   17.619 |    4.3062 |   2.4s ( 9.6%) |  259.2s
2025-09-08 17:36:49,922 - INFO - CONVERGENCE EPISODE 471: 0.7902m
2025-09-08 17:36:50,439 - INFO - CONVERGENCE EPISODE 472: 0.9613m
2025-09-08 17:36:55,088 - INFO -     480 |   52.76 |   61.005 |    4.7356 |   2.6s (10.5%) |  265.0s
2025-09-08 17:36:56,549 - INFO - CONVERGENCE EPISODE 483: 0.7722m
2025-09-08 17:36:57,298 - INFO - CONVERGENCE EPISODE 485: 0.7599m
2025-09-08 17:36:57,599 - INFO - CONVERGENCE EPISODE 486: 0.1634m
2025-09-08 17:36:59,515 - INFO -     490 |   88.81 |  168.964 |    1.1065 |   2.0s ( 8.0%) |  269.5s
2025-09-08 17:37:01,703 - INFO - CONVERGENCE EPISODE 494: 0.9166m
2025-09-08 17:37:04,776 - INFO - 
================================================================================
2025-09-08 17:37:04,776 - INFO - TRAINING COMPLETED - FINAL ANALYSIS
2025-09-08 17:37:04,776 - INFO - ================================================================================
2025-09-08 17:37:04,776 - INFO - Total training time: 274.7 seconds (4.6 minutes)
2025-09-08 17:37:04,776 - INFO - Final episode reward: 64.08
2025-09-08 17:37:04,776 - INFO - Final position error: 1.0728m
2025-09-08 17:37:04,776 - INFO - 
EPISODE COMPLETION STATISTICS:
2025-09-08 17:37:04,776 - INFO - Average completion rate: 11.0%
2025-09-08 17:37:04,776 - INFO - Episodes completed (≥90%): 0/500 (0.0%)
2025-09-08 17:37:04,776 - INFO - No episodes achieved ≥90% completion
2025-09-08 17:37:04,776 - INFO - 
BEST EPISODE ANALYSIS:
2025-09-08 17:37:04,776 - INFO - Best overall episode (smart criteria): #432
2025-09-08 17:37:04,776 - INFO -   Position error: 0.1072m
2025-09-08 17:37:04,776 - INFO -   Composite score: 8.33
2025-09-08 17:37:04,777 - INFO - Total convergent episodes (< 1.0m): 76/500 (15.20%)
2025-09-08 17:37:04,777 - INFO - Stable performance achieved: No
2025-09-08 17:37:04,777 - INFO - Position error statistics:
2025-09-08 17:37:04,777 - INFO -   Mean: 2.8850m
2025-09-08 17:37:04,777 - INFO -   Std:  1.5324m
2025-09-08 17:37:04,777 - INFO -   Min:  0.1072m
2025-09-08 17:37:04,777 - INFO -   Max:  6.6913m
2025-09-08 17:37:04,777 - INFO -   Median: 2.8031m
2025-09-08 17:37:04,777 - INFO - Performance distribution:
2025-09-08 17:37:04,777 - INFO -   Excellent (< 0.5m): 26 episodes (5.2%)
2025-09-08 17:37:04,777 - INFO -   Good (0.5-1.0m):   50 episodes (10.0%)
2025-09-08 17:37:04,777 - INFO -   Acceptable (1.0-1.5m): 43 episodes (8.6%)
2025-09-08 17:37:04,777 - INFO -   Poor (> 1.5m):     381 episodes (76.2%)
2025-09-08 17:37:04,777 - INFO - 
TRAINING CONFIGURATION EFFECTIVENESS:
2025-09-08 17:37:04,777 - INFO - ----------------------------------------
2025-09-08 17:37:04,777 - INFO - Episodes needed for first convergence: 21
2025-09-08 17:37:04,777 - INFO - Excitation phase ended at episode: 6
2025-09-08 17:37:04,780 - INFO - Training metrics saved to: /home/osos/Mohamed_Masters_Thesis/DHP_drone_updated/DHP/training_logs/dhp_split_metrics_20250908_173704.json
2025-09-08 17:37:04,781 - INFO - 
BEST MODEL CONFIRMED:
2025-09-08 17:37:04,781 - INFO -   Episode: 432
2025-09-08 17:37:04,781 - INFO -   Position Error: 0.1072m
2025-09-08 17:37:04,781 - INFO -   Model files: dhp_cf2x_best_*
2025-09-08 17:37:04,781 - INFO - ================================================================================
2025-09-08 17:37:04,781 - INFO - TRAINING SESSION COMPLETED
2025-09-08 17:37:04,781 - INFO - Detailed log saved to: /home/osos/Mohamed_Masters_Thesis/DHP_drone_updated/DHP/training_logs/dhp_split_training_20250908_173229.log
2025-09-08 17:37:04,781 - INFO - ================================================================================
2025-09-08 17:37:29,529 - INFO - 
==================================================
2025-09-08 17:37:29,530 - INFO - STARTING POLICY DEMONSTRATION
2025-09-08 17:37:29,530 - INFO - ==================================================
2025-09-08 17:37:29,757 - INFO - Restoring parameters from /home/osos/Mohamed_Masters_Thesis/DHP_drone_updated/DHP/trained_models/dhp_cf2x_best
2025-09-08 17:37:33,714 - INFO - Trajectory demonstration completed for spiral trajectory
2025-09-08 17:37:33,714 - INFO - Training and demonstration session completed successfully!
