2025-09-07 21:37:56,281 - INFO - ================================================================================
2025-09-07 21:37:56,281 - INFO - DHP SPLIT ARCHITECTURE TRAINING SESSION STARTED
2025-09-07 21:37:56,281 - INFO - ================================================================================
2025-09-07 21:37:56,281 - INFO - HYPERPARAMETERS:
2025-09-07 21:37:56,281 - INFO - ----------------------------------------
2025-09-07 21:37:56,281 - INFO - action_size              : 4
2025-09-07 21:37:56,282 - INFO - best_episode_gui         : False
2025-09-07 21:37:56,282 - INFO - coordination_strength    : 0.1
2025-09-07 21:37:56,282 - INFO - coordination_warmup_episodes: 400
2025-09-07 21:37:56,282 - INFO - dt                       : 0.03333333333333333
2025-09-07 21:37:56,282 - INFO - episode_length           : 20.0
2025-09-07 21:37:56,282 - INFO - excitation_amplitude     : 0.03
2025-09-07 21:37:56,282 - INFO - excitation_steps         : 12500
2025-09-07 21:37:56,282 - INFO - gamma                    : 0.98
2025-09-07 21:37:56,282 - INFO - gradient_clip_value      : 0.5
2025-09-07 21:37:56,282 - INFO - gui                      : False
2025-09-07 21:37:56,282 - INFO - hidden_layer_size        : [64, 64, 32]
2025-09-07 21:37:56,282 - INFO - log_interval             : 10
2025-09-07 21:37:56,282 - INFO - lr_actor                 : 0.005
2025-09-07 21:37:56,282 - INFO - lr_critic                : 0.01
2025-09-07 21:37:56,282 - INFO - lr_decay                 : 0.9999
2025-09-07 21:37:56,282 - INFO - normalize_states         : True
2025-09-07 21:37:56,282 - INFO - num_episodes             : 2500
2025-09-07 21:37:56,282 - INFO - predict_delta            : False
2025-09-07 21:37:56,282 - INFO - record                   : False
2025-09-07 21:37:56,282 - INFO - record_best_episodes     : True
2025-09-07 21:37:56,282 - INFO - recording_fps            : 30
2025-09-07 21:37:56,282 - INFO - reference_size           : 8
2025-09-07 21:37:56,282 - INFO - rls_action_size          : 4
2025-09-07 21:37:56,282 - INFO - rls_covariance           : 100.0
2025-09-07 21:37:56,282 - INFO - rls_gamma                : 0.9995
2025-09-07 21:37:56,282 - INFO - rls_state_size           : 8
2025-09-07 21:37:56,282 - INFO - save_interval            : 100
2025-09-07 21:37:56,282 - INFO - split                    : False
2025-09-07 21:37:56,282 - INFO - state_bounds             : {'z': [0.0, 5.0], 'roll': [-1.5707963267948966, 1.5707963267948966], 'pitch': [-1.5707963267948966, 1.5707963267948966], 'yaw': [-3.141592653589793, 3.141592653589793], 'vz': [-12.0, 12.0], 'wx': [-10.0, 10.0], 'wy': [-10.0, 10.0], 'wz': [-10.0, 10.0]}
2025-09-07 21:37:56,282 - INFO - state_size               : 8
2025-09-07 21:37:56,282 - INFO - target_network           : True
2025-09-07 21:37:56,283 - INFO - target_pos               : [0.5, 0.5, 1.0]
2025-09-07 21:37:56,283 - INFO - tau                      : 0.001
2025-09-07 21:37:56,283 - INFO - trajectory_type          : spiral
2025-09-07 21:37:56,283 - INFO - update_cycles            : 2
2025-09-07 21:37:56,283 - INFO - use_trajectory           : False
2025-09-07 21:37:56,283 - INFO - ----------------------------------------
2025-09-07 21:37:56,283 - INFO - Log file: /home/osos/Mohamed_Masters_Thesis/DHP_drone_updated/DHP/training_logs/dhp_split_training_20250907_213756.log
2025-09-07 21:37:56,283 - INFO - ================================================================================
2025-09-07 21:37:56,283 - INFO - 
TRAJECTORY TRAINING CONFIGURATION:
2025-09-07 21:37:56,283 - INFO -   num_episodes: 200
2025-09-07 21:37:56,283 - INFO -   episode_length: 25.0
2025-09-07 21:37:56,283 - INFO -   excitation_steps: 5000
2025-09-07 21:37:56,283 - INFO -   log_interval: 10
2025-09-07 21:37:56,283 - INFO -   save_interval: 50
2025-09-07 21:37:56,283 - INFO -   gui: False
2025-09-07 21:37:56,283 - INFO -   record: False
2025-09-07 21:37:56,283 - INFO -   normalize_states: True
2025-09-07 21:37:56,283 - INFO -   record_best_episodes: True
2025-09-07 21:37:56,283 - INFO -   coordination_warmup_episodes: 200
2025-09-07 21:37:56,283 - INFO -   coordination_strength: 0.15
2025-09-07 21:37:56,283 - INFO -   use_trajectory: True
2025-09-07 21:37:56,283 - INFO -   trajectory_type: spiral
2025-09-07 21:37:56,283 - INFO -   target_pos: [0.0, 0.0, 1.0]
2025-09-07 21:37:56,284 - INFO - 
==================================================
2025-09-07 21:37:56,284 - INFO - STARTING DHP TRAINING FOR CF2X QUADROTOR
2025-09-07 21:37:56,284 - INFO - ==================================================
2025-09-07 21:37:56,400 - WARNING - From /home/osos/Mohamed_Masters_Thesis/DHP_drone_updated/msc-thesis/agents/dhp.py:88: The name tf.Session is deprecated. Please use tf.compat.v1.Session instead.

2025-09-07 21:37:56,509 - WARNING - From /home/osos/Mohamed_Masters_Thesis/DHP_drone_updated/msc-thesis/agents/dhp.py:117: The name tf.placeholder is deprecated. Please use tf.compat.v1.placeholder instead.

2025-09-07 21:37:56,511 - WARNING - From /home/osos/Mohamed_Masters_Thesis/DHP_drone_updated/msc-thesis/agents/dhp.py:119: The name tf.placeholder_with_default is deprecated. Please use tf.compat.v1.placeholder_with_default instead.

2025-09-07 21:37:56,516 - WARNING - From /home/osos/Mohamed_Masters_Thesis/DHP_drone_updated/msc-thesis/agents/dhp.py:141: The name tf.variable_scope is deprecated. Please use tf.compat.v1.variable_scope instead.

2025-09-07 21:37:56,516 - WARNING - From /home/osos/Mohamed_Masters_Thesis/DHP_drone_updated/msc-thesis/agents/dhp.py:145: dense (from tensorflow.python.layers.core) is deprecated and will be removed in a future version.
Instructions for updating:
Use keras.layers.Dense instead.
2025-09-07 21:37:56,517 - WARNING - From /home/osos/anaconda3/envs/DHP/lib/python3.7/site-packages/tensorflow_core/python/layers/core.py:187: Layer.apply (from tensorflow.python.keras.engine.base_layer) is deprecated and will be removed in a future version.
Instructions for updating:
Please use `layer.__call__` method instead.
2025-09-07 21:37:56,548 - WARNING - From /home/osos/Mohamed_Masters_Thesis/DHP_drone_updated/msc-thesis/agents/dhp.py:150: The name tf.trainable_variables is deprecated. Please use tf.compat.v1.trainable_variables instead.

2025-09-07 21:37:56,558 - WARNING - From /home/osos/Mohamed_Masters_Thesis/DHP_drone_updated/msc-thesis/agents/dhp.py:156: The name tf.train.GradientDescentOptimizer is deprecated. Please use tf.compat.v1.train.GradientDescentOptimizer instead.

2025-09-07 21:37:56,587 - WARNING - From /home/osos/Mohamed_Masters_Thesis/DHP_drone_updated/msc-thesis/agents/dhp.py:173: The name tf.assign is deprecated. Please use tf.compat.v1.assign instead.

2025-09-07 21:37:56,700 - WARNING - From /home/osos/Mohamed_Masters_Thesis/DHP_drone_updated/msc-thesis/agents/dhp.py:97: The name tf.summary.merge_all is deprecated. Please use tf.compat.v1.summary.merge_all instead.

2025-09-07 21:37:56,700 - WARNING - From /home/osos/Mohamed_Masters_Thesis/DHP_drone_updated/msc-thesis/agents/dhp.py:98: The name tf.train.Saver is deprecated. Please use tf.compat.v1.train.Saver instead.

2025-09-07 21:37:56,712 - WARNING - From /home/osos/Mohamed_Masters_Thesis/DHP_drone_updated/msc-thesis/agents/dhp.py:99: The name tf.global_variables_initializer is deprecated. Please use tf.compat.v1.global_variables_initializer instead.

2025-09-07 21:37:56,762 - INFO - 
Training for 200 episodes...
2025-09-07 21:37:56,763 - INFO - Episode | Reward  | Avg Cost | Pos Error | Duration (Completion) | Time
2025-09-07 21:37:56,763 - INFO - -------------------------------------------------------------------------------------
2025-09-07 21:37:57,869 - INFO - 🏆 NEW BEST EPISODE (SMART CRITERIA)! Episode 0
2025-09-07 21:37:57,869 - INFO -    Position Error: 5.0742m
2025-09-07 21:37:57,869 - INFO -    Completion: 12.9% (97/750 steps)
2025-09-07 21:37:57,869 - INFO -    Duration: 3.2s / 25.0s
2025-09-07 21:37:57,869 - INFO -    Composite Score: -37.81
2025-09-07 21:37:57,870 - INFO -       0 |   54.38 |   37.901 |    5.0742 |   3.2s (12.9%) |    1.1s
2025-09-07 21:37:58,593 - INFO - 🏆 NEW BEST EPISODE (SMART CRITERIA)! Episode 1
2025-09-07 21:37:58,593 - INFO -    Position Error: 5.0393m
2025-09-07 21:37:58,593 - INFO -    Completion: 13.9% (104/750 steps)
2025-09-07 21:37:58,593 - INFO -    Duration: 3.5s / 25.0s
2025-09-07 21:37:58,593 - INFO -    Composite Score: -36.53
2025-09-07 21:37:59,266 - INFO - 🏆 NEW BEST EPISODE (SMART CRITERIA)! Episode 2
2025-09-07 21:37:59,266 - INFO -    Position Error: 4.9773m
2025-09-07 21:37:59,267 - INFO -    Completion: 13.3% (100/750 steps)
2025-09-07 21:37:59,267 - INFO -    Duration: 3.3s / 25.0s
2025-09-07 21:37:59,267 - INFO -    Composite Score: -36.44
2025-09-07 21:38:00,060 - INFO - 🏆 NEW BEST EPISODE (SMART CRITERIA)! Episode 3
2025-09-07 21:38:00,060 - INFO -    Position Error: 4.9505m
2025-09-07 21:38:00,060 - INFO -    Completion: 15.9% (119/750 steps)
2025-09-07 21:38:00,061 - INFO -    Duration: 4.0s / 25.0s
2025-09-07 21:38:00,061 - INFO -    Composite Score: -33.64
2025-09-07 21:38:01,510 - INFO - 🏆 NEW BEST EPISODE (SMART CRITERIA)! Episode 4
2025-09-07 21:38:01,510 - INFO -    Position Error: 5.6542m
2025-09-07 21:38:01,510 - INFO -    Completion: 29.3% (220/750 steps)
2025-09-07 21:38:01,510 - INFO -    Duration: 7.3s / 25.0s
2025-09-07 21:38:01,510 - INFO -    Composite Score: -27.21
2025-09-07 21:38:02,298 - INFO - NEW BEST PERFORMANCE! Episode 5: 5.3336m
2025-09-07 21:38:02,358 - INFO - BEST MODEL SAVED! Episode 5, Error: 5.3336m
2025-09-07 21:38:02,358 - INFO - Best model path: /home/osos/Mohamed_Masters_Thesis/DHP_drone_updated/DHP/trained_models/dhp_cf2x_best
2025-09-07 21:38:02,359 - INFO - All model files saved successfully!
2025-09-07 21:38:03,096 - INFO - NEW BEST PERFORMANCE! Episode 6: 4.8583m
2025-09-07 21:38:03,140 - INFO - BEST MODEL SAVED! Episode 6, Error: 4.8583m
2025-09-07 21:38:03,140 - INFO - Best model path: /home/osos/Mohamed_Masters_Thesis/DHP_drone_updated/DHP/trained_models/dhp_cf2x_best
2025-09-07 21:38:03,140 - INFO - All model files saved successfully!
2025-09-07 21:38:05,245 - INFO - 🏆 NEW BEST EPISODE (SMART CRITERIA)! Episode 7
2025-09-07 21:38:05,245 - INFO -    Position Error: 4.5143m
2025-09-07 21:38:05,245 - INFO -    Completion: 43.1% (323/750 steps)
2025-09-07 21:38:05,245 - INFO -    Duration: 10.8s / 25.0s
2025-09-07 21:38:05,245 - INFO -    Composite Score: -2.08
