2025-09-08 18:39:22,956 - INFO - ================================================================================
2025-09-08 18:39:22,956 - INFO - DHP SPLIT ARCHITECTURE TRAINING SESSION STARTED
2025-09-08 18:39:22,956 - INFO - ================================================================================
2025-09-08 18:39:22,956 - INFO - HYPERPARAMETERS:
2025-09-08 18:39:22,956 - INFO - ----------------------------------------
2025-09-08 18:39:22,957 - INFO - action_size              : 4
2025-09-08 18:39:22,957 - INFO - best_episode_gui         : False
2025-09-08 18:39:22,957 - INFO - coordination_strength    : 0.1
2025-09-08 18:39:22,957 - INFO - coordination_warmup_episodes: 400
2025-09-08 18:39:22,957 - INFO - dt                       : 0.03333333333333333
2025-09-08 18:39:22,957 - INFO - episode_length           : 20.0
2025-09-08 18:39:22,957 - INFO - excitation_amplitude     : 0.03
2025-09-08 18:39:22,957 - INFO - excitation_steps         : 12500
2025-09-08 18:39:22,957 - INFO - gamma                    : 0.98
2025-09-08 18:39:22,957 - INFO - gradient_clip_value      : 0.5
2025-09-08 18:39:22,957 - INFO - gui                      : False
2025-09-08 18:39:22,957 - INFO - hidden_layer_size        : [64, 64, 32]
2025-09-08 18:39:22,957 - INFO - log_interval             : 10
2025-09-08 18:39:22,957 - INFO - lr_actor                 : 0.005
2025-09-08 18:39:22,957 - INFO - lr_critic                : 0.01
2025-09-08 18:39:22,957 - INFO - lr_decay                 : 0.9999
2025-09-08 18:39:22,957 - INFO - normalize_states         : True
2025-09-08 18:39:22,957 - INFO - num_episodes             : 2500
2025-09-08 18:39:22,957 - INFO - predict_delta            : False
2025-09-08 18:39:22,957 - INFO - record                   : False
2025-09-08 18:39:22,957 - INFO - record_best_episodes     : True
2025-09-08 18:39:22,957 - INFO - recording_fps            : 30
2025-09-08 18:39:22,957 - INFO - reference_size           : 8
2025-09-08 18:39:22,957 - INFO - rls_action_size          : 4
2025-09-08 18:39:22,957 - INFO - rls_covariance           : 100.0
2025-09-08 18:39:22,957 - INFO - rls_gamma                : 0.9995
2025-09-08 18:39:22,957 - INFO - rls_state_size           : 8
2025-09-08 18:39:22,957 - INFO - save_interval            : 100
2025-09-08 18:39:22,957 - INFO - split                    : False
2025-09-08 18:39:22,957 - INFO - state_bounds             : {'z': [0.0, 5.0], 'roll': [-1.5707963267948966, 1.5707963267948966], 'pitch': [-1.5707963267948966, 1.5707963267948966], 'yaw': [-3.141592653589793, 3.141592653589793], 'vz': [-12.0, 12.0], 'wx': [-10.0, 10.0], 'wy': [-10.0, 10.0], 'wz': [-10.0, 10.0]}
2025-09-08 18:39:22,958 - INFO - state_size               : 8
2025-09-08 18:39:22,958 - INFO - target_network           : True
2025-09-08 18:39:22,958 - INFO - target_pos               : [0.5, 0.5, 1.0]
2025-09-08 18:39:22,958 - INFO - tau                      : 0.001
2025-09-08 18:39:22,958 - INFO - trajectory_type          : spiral
2025-09-08 18:39:22,958 - INFO - update_cycles            : 2
2025-09-08 18:39:22,958 - INFO - use_trajectory           : False
2025-09-08 18:39:22,958 - INFO - ----------------------------------------
2025-09-08 18:39:22,958 - INFO - Log file: /home/osos/Mohamed_Masters_Thesis/DHP_drone_updated/DHP/training_logs/dhp_split_training_20250908_183922.log
2025-09-08 18:39:22,958 - INFO - ================================================================================
2025-09-08 18:39:22,958 - INFO - 
TRAJECTORY TRAINING CONFIGURATION:
2025-09-08 18:39:22,958 - INFO -   num_episodes: 200
2025-09-08 18:39:22,958 - INFO -   episode_length: 25.0
2025-09-08 18:39:22,958 - INFO -   excitation_steps: 10000
2025-09-08 18:39:22,958 - INFO -   log_interval: 10
2025-09-08 18:39:22,958 - INFO -   save_interval: 50
2025-09-08 18:39:22,958 - INFO -   gui: False
2025-09-08 18:39:22,958 - INFO -   record: False
2025-09-08 18:39:22,958 - INFO -   normalize_states: True
2025-09-08 18:39:22,958 - INFO -   record_best_episodes: True
2025-09-08 18:39:22,958 - INFO -   coordination_warmup_episodes: 200
2025-09-08 18:39:22,958 - INFO -   coordination_strength: 0.15
2025-09-08 18:39:22,958 - INFO -   use_trajectory: True
2025-09-08 18:39:22,958 - INFO -   trajectory_type: spiral
2025-09-08 18:39:22,958 - INFO -   target_pos: [0.0, 0.0, 1.0]
2025-09-08 18:39:22,959 - INFO - 
==================================================
2025-09-08 18:39:22,959 - INFO - STARTING DHP TRAINING FOR CF2X QUADROTOR
2025-09-08 18:39:22,959 - INFO - ==================================================
2025-09-08 18:39:23,070 - WARNING - From /home/osos/Mohamed_Masters_Thesis/DHP_drone_updated/msc-thesis/agents/dhp.py:88: The name tf.Session is deprecated. Please use tf.compat.v1.Session instead.

2025-09-08 18:39:23,157 - WARNING - From /home/osos/Mohamed_Masters_Thesis/DHP_drone_updated/msc-thesis/agents/dhp.py:117: The name tf.placeholder is deprecated. Please use tf.compat.v1.placeholder instead.

2025-09-08 18:39:23,158 - WARNING - From /home/osos/Mohamed_Masters_Thesis/DHP_drone_updated/msc-thesis/agents/dhp.py:119: The name tf.placeholder_with_default is deprecated. Please use tf.compat.v1.placeholder_with_default instead.

2025-09-08 18:39:23,162 - WARNING - From /home/osos/Mohamed_Masters_Thesis/DHP_drone_updated/msc-thesis/agents/dhp.py:141: The name tf.variable_scope is deprecated. Please use tf.compat.v1.variable_scope instead.

2025-09-08 18:39:23,162 - WARNING - From /home/osos/Mohamed_Masters_Thesis/DHP_drone_updated/msc-thesis/agents/dhp.py:145: dense (from tensorflow.python.layers.core) is deprecated and will be removed in a future version.
Instructions for updating:
Use keras.layers.Dense instead.
2025-09-08 18:39:23,163 - WARNING - From /home/osos/anaconda3/envs/DHP/lib/python3.7/site-packages/tensorflow_core/python/layers/core.py:187: Layer.apply (from tensorflow.python.keras.engine.base_layer) is deprecated and will be removed in a future version.
Instructions for updating:
Please use `layer.__call__` method instead.
2025-09-08 18:39:23,200 - WARNING - From /home/osos/Mohamed_Masters_Thesis/DHP_drone_updated/msc-thesis/agents/dhp.py:150: The name tf.trainable_variables is deprecated. Please use tf.compat.v1.trainable_variables instead.

2025-09-08 18:39:23,219 - WARNING - From /home/osos/Mohamed_Masters_Thesis/DHP_drone_updated/msc-thesis/agents/dhp.py:156: The name tf.train.GradientDescentOptimizer is deprecated. Please use tf.compat.v1.train.GradientDescentOptimizer instead.

2025-09-08 18:39:23,272 - WARNING - From /home/osos/Mohamed_Masters_Thesis/DHP_drone_updated/msc-thesis/agents/dhp.py:173: The name tf.assign is deprecated. Please use tf.compat.v1.assign instead.

2025-09-08 18:39:23,399 - WARNING - From /home/osos/Mohamed_Masters_Thesis/DHP_drone_updated/msc-thesis/agents/dhp.py:97: The name tf.summary.merge_all is deprecated. Please use tf.compat.v1.summary.merge_all instead.

2025-09-08 18:39:23,399 - WARNING - From /home/osos/Mohamed_Masters_Thesis/DHP_drone_updated/msc-thesis/agents/dhp.py:98: The name tf.train.Saver is deprecated. Please use tf.compat.v1.train.Saver instead.

2025-09-08 18:39:23,411 - WARNING - From /home/osos/Mohamed_Masters_Thesis/DHP_drone_updated/msc-thesis/agents/dhp.py:99: The name tf.global_variables_initializer is deprecated. Please use tf.compat.v1.global_variables_initializer instead.

2025-09-08 18:39:23,463 - INFO - 
Training for 200 episodes...
2025-09-08 18:39:23,463 - INFO - Episode | Reward  | Avg Cost | Pos Error | Duration (Completion) | Time
2025-09-08 18:39:23,463 - INFO - -------------------------------------------------------------------------------------
2025-09-08 18:39:24,510 - INFO - 🏆 NEW BEST EPISODE (SMART CRITERIA)! Episode 0
2025-09-08 18:39:24,510 - INFO -    Position Error: 5.2318m
2025-09-08 18:39:24,511 - INFO -    Completion: 12.8% (96/750 steps)
2025-09-08 18:39:24,511 - INFO -    Duration: 3.2s / 25.0s
2025-09-08 18:39:24,511 - INFO -    Composite Score: -39.52
2025-09-08 18:39:24,511 - INFO -       0 |   53.86 |   37.401 |    5.2318 |   3.2s (12.8%) |    1.0s
2025-09-08 18:39:25,356 - INFO - 🏆 NEW BEST EPISODE (SMART CRITERIA)! Episode 1
2025-09-08 18:39:25,357 - INFO -    Position Error: 5.2569m
2025-09-08 18:39:25,357 - INFO -    Completion: 16.4% (123/750 steps)
2025-09-08 18:39:25,357 - INFO -    Duration: 4.1s / 25.0s
2025-09-08 18:39:25,357 - INFO -    Composite Score: -36.17
2025-09-08 18:39:27,075 - INFO - 🏆 NEW BEST EPISODE (SMART CRITERIA)! Episode 3
2025-09-08 18:39:27,075 - INFO -    Position Error: 5.0722m
2025-09-08 18:39:27,075 - INFO -    Completion: 16.1% (121/750 steps)
2025-09-08 18:39:27,075 - INFO -    Duration: 4.0s / 25.0s
2025-09-08 18:39:27,075 - INFO -    Composite Score: -34.59
2025-09-08 18:39:28,965 - INFO - 🏆 NEW BEST EPISODE (SMART CRITERIA)! Episode 5
2025-09-08 18:39:28,965 - INFO -    Position Error: 5.5710m
2025-09-08 18:39:28,965 - INFO -    Completion: 23.2% (174/750 steps)
2025-09-08 18:39:28,965 - INFO -    Duration: 5.8s / 25.0s
2025-09-08 18:39:28,965 - INFO -    Composite Score: -32.51
2025-09-08 18:39:29,676 - INFO - NEW BEST PERFORMANCE! Episode 6: 4.7939m
2025-09-08 18:39:29,713 - INFO - BEST MODEL SAVED! Episode 6, Error: 4.7939m
2025-09-08 18:39:29,714 - INFO - Best model path: /home/osos/Mohamed_Masters_Thesis/DHP_drone_updated/DHP/trained_models/dhp_cf2x_best
2025-09-08 18:39:29,714 - INFO - All model files saved successfully!
2025-09-08 18:39:32,311 - INFO -      10 |   35.90 |   47.455 |    5.1459 |   2.8s (11.3%) |    8.8s
2025-09-08 18:39:33,529 - INFO - 🏆 NEW BEST EPISODE (SMART CRITERIA)! Episode 11
2025-09-08 18:39:33,529 - INFO -    Position Error: 5.4201m
2025-09-08 18:39:33,529 - INFO -    Completion: 22.5% (169/750 steps)
2025-09-08 18:39:33,529 - INFO -    Duration: 5.6s / 25.0s
2025-09-08 18:39:33,529 - INFO -    Composite Score: -31.67
2025-09-08 18:39:34,953 - INFO - 🏆 NEW BEST EPISODE (SMART CRITERIA)! Episode 12
2025-09-08 18:39:34,953 - INFO -    Position Error: 4.8719m
2025-09-08 18:39:34,953 - INFO -    Completion: 22.1% (166/750 steps)
2025-09-08 18:39:34,953 - INFO -    Duration: 5.5s / 25.0s
2025-09-08 18:39:34,953 - INFO -    Composite Score: -26.59
2025-09-08 18:39:39,118 - INFO - 🏆 NEW BEST EPISODE (SMART CRITERIA)! Episode 15
2025-09-08 18:39:39,118 - INFO -    Position Error: 5.2346m
2025-09-08 18:39:39,119 - INFO -    Completion: 42.7% (320/750 steps)
2025-09-08 18:39:39,119 - INFO -    Duration: 10.7s / 25.0s
2025-09-08 18:39:39,119 - INFO -    Composite Score: -9.68
2025-09-08 18:39:39,999 - INFO - NEW BEST PERFORMANCE! Episode 16: 4.8704m
2025-09-08 18:39:40,024 - INFO - BEST MODEL SAVED! Episode 16, Error: 4.8704m
2025-09-08 18:39:40,024 - INFO - Best model path: /home/osos/Mohamed_Masters_Thesis/DHP_drone_updated/DHP/trained_models/dhp_cf2x_best
2025-09-08 18:39:40,024 - INFO - All model files saved successfully!
2025-09-08 18:39:41,874 - INFO - NEW BEST PERFORMANCE! Episode 18: 4.8014m
2025-09-08 18:39:41,900 - INFO - BEST MODEL SAVED! Episode 18, Error: 4.8014m
2025-09-08 18:39:41,900 - INFO - Best model path: /home/osos/Mohamed_Masters_Thesis/DHP_drone_updated/DHP/trained_models/dhp_cf2x_best
2025-09-08 18:39:41,900 - INFO - All model files saved successfully!
2025-09-08 18:39:43,481 - INFO - NEW BEST PERFORMANCE! Episode 20: 0.4920m
2025-09-08 18:39:43,500 - INFO - BEST MODEL SAVED! Episode 20, Error: 0.4920m
2025-09-08 18:39:43,500 - INFO - Best model path: /home/osos/Mohamed_Masters_Thesis/DHP_drone_updated/DHP/trained_models/dhp_cf2x_best
2025-09-08 18:39:43,500 - INFO - All model files saved successfully!
2025-09-08 18:39:43,500 - INFO - CONVERGENCE EPISODE 20: 0.4920m
2025-09-08 18:39:43,500 - INFO -      20 |   25.85 |   52.904 |    0.4920 |   0.7s ( 2.7%) |   20.0s
2025-09-08 18:39:46,603 - INFO - NEW BEST PERFORMANCE! Episode 25: 0.4865m
2025-09-08 18:39:46,626 - INFO - BEST MODEL SAVED! Episode 25, Error: 0.4865m
2025-09-08 18:39:46,626 - INFO - Best model path: /home/osos/Mohamed_Masters_Thesis/DHP_drone_updated/DHP/trained_models/dhp_cf2x_best
2025-09-08 18:39:46,626 - INFO - All model files saved successfully!
2025-09-08 18:39:46,626 - INFO - CONVERGENCE EPISODE 25: 0.4865m
2025-09-08 18:39:50,312 - INFO -      30 |   32.78 |   57.056 |    4.3975 |   6.8s (27.2%) |   26.8s
2025-09-08 18:39:51,672 - INFO - NEW BEST PERFORMANCE! Episode 33: 0.4099m
2025-09-08 18:39:51,696 - INFO - BEST MODEL SAVED! Episode 33, Error: 0.4099m
2025-09-08 18:39:51,696 - INFO - Best model path: /home/osos/Mohamed_Masters_Thesis/DHP_drone_updated/DHP/trained_models/dhp_cf2x_best
2025-09-08 18:39:51,696 - INFO - All model files saved successfully!
2025-09-08 18:39:51,696 - INFO - CONVERGENCE EPISODE 33: 0.4099m
2025-09-08 18:39:54,632 - INFO - NEW BEST PERFORMANCE! Episode 37: 0.3623m
2025-09-08 18:39:54,653 - INFO - BEST MODEL SAVED! Episode 37, Error: 0.3623m
2025-09-08 18:39:54,653 - INFO - Best model path: /home/osos/Mohamed_Masters_Thesis/DHP_drone_updated/DHP/trained_models/dhp_cf2x_best
2025-09-08 18:39:54,653 - INFO - All model files saved successfully!
2025-09-08 18:39:54,653 - INFO - CONVERGENCE EPISODE 37: 0.3623m
2025-09-08 18:39:54,787 - INFO - NEW BEST PERFORMANCE! Episode 38: 0.3098m
2025-09-08 18:39:54,805 - INFO - BEST MODEL SAVED! Episode 38, Error: 0.3098m
2025-09-08 18:39:54,805 - INFO - Best model path: /home/osos/Mohamed_Masters_Thesis/DHP_drone_updated/DHP/trained_models/dhp_cf2x_best
2025-09-08 18:39:54,805 - INFO - All model files saved successfully!
2025-09-08 18:39:54,805 - INFO - CONVERGENCE EPISODE 38: 0.3098m
2025-09-08 18:39:57,050 - INFO - 🏆 NEW BEST EPISODE (SMART CRITERIA)! Episode 39
2025-09-08 18:39:57,050 - INFO -    Position Error: 5.7123m
2025-09-08 18:39:57,050 - INFO -    Completion: 49.7% (373/750 steps)
2025-09-08 18:39:57,050 - INFO -    Duration: 12.4s / 25.0s
2025-09-08 18:39:57,050 - INFO -    Composite Score: -7.39
2025-09-08 18:39:57,153 - INFO - NEW BEST PERFORMANCE! Episode 40: 0.1950m
2025-09-08 18:39:57,173 - INFO - BEST MODEL SAVED! Episode 40, Error: 0.1950m
2025-09-08 18:39:57,173 - INFO - Best model path: /home/osos/Mohamed_Masters_Thesis/DHP_drone_updated/DHP/trained_models/dhp_cf2x_best
2025-09-08 18:39:57,173 - INFO - All model files saved successfully!
2025-09-08 18:39:57,173 - INFO - CONVERGENCE EPISODE 40: 0.1950m
2025-09-08 18:39:57,173 - INFO -      40 |   15.05 |   77.348 |    0.1950 |   0.4s ( 1.5%) |   33.7s
2025-09-08 18:39:57,293 - INFO - CONVERGENCE EPISODE 41: 0.3140m
2025-09-08 18:39:57,423 - INFO - CONVERGENCE EPISODE 42: 0.2617m
2025-09-08 18:39:57,571 - INFO - CONVERGENCE EPISODE 43: 0.3037m
2025-09-08 18:40:01,094 - INFO - 🏆 NEW BEST EPISODE (SMART CRITERIA)! Episode 44
2025-09-08 18:40:01,094 - INFO -    Position Error: 4.4632m
2025-09-08 18:40:01,094 - INFO -    Completion: 76.0% (570/750 steps)
2025-09-08 18:40:01,094 - INFO -    Duration: 19.0s / 25.0s
2025-09-08 18:40:01,094 - INFO -    Composite Score: 31.37
2025-09-08 18:40:01,233 - INFO - NEW BEST PERFORMANCE! Episode 45: 0.2829m
2025-09-08 18:40:01,253 - INFO - BEST MODEL SAVED! Episode 45, Error: 0.2829m
2025-09-08 18:40:01,253 - INFO - Best model path: /home/osos/Mohamed_Masters_Thesis/DHP_drone_updated/DHP/trained_models/dhp_cf2x_best
2025-09-08 18:40:01,253 - INFO - All model files saved successfully!
2025-09-08 18:40:01,253 - INFO - CONVERGENCE EPISODE 45: 0.2829m
2025-09-08 18:40:01,414 - INFO - NEW BEST PERFORMANCE! Episode 46: 0.2806m
2025-09-08 18:40:01,440 - INFO - BEST MODEL SAVED! Episode 46, Error: 0.2806m
2025-09-08 18:40:01,440 - INFO - Best model path: /home/osos/Mohamed_Masters_Thesis/DHP_drone_updated/DHP/trained_models/dhp_cf2x_best
2025-09-08 18:40:01,440 - INFO - All model files saved successfully!
2025-09-08 18:40:01,440 - INFO - CONVERGENCE EPISODE 46: 0.2806m
2025-09-08 18:40:03,173 - INFO - NEW BEST PERFORMANCE! Episode 48: 0.1083m
2025-09-08 18:40:03,192 - INFO - BEST MODEL SAVED! Episode 48, Error: 0.1083m
2025-09-08 18:40:03,193 - INFO - Best model path: /home/osos/Mohamed_Masters_Thesis/DHP_drone_updated/DHP/trained_models/dhp_cf2x_best
2025-09-08 18:40:03,193 - INFO - All model files saved successfully!
2025-09-08 18:40:03,193 - INFO - CONVERGENCE EPISODE 48: 0.1083m
2025-09-08 18:40:03,283 - INFO - CONVERGENCE EPISODE 49: 0.1473m
2025-09-08 18:40:03,717 - INFO - CONVERGENCE EPISODE 50: 0.4760m
2025-09-08 18:40:03,717 - INFO -      50 |   24.50 |  139.448 |    0.4760 |   2.2s ( 8.7%) |   40.3s
2025-09-08 18:40:11,593 - INFO -      60 |   88.01 |   75.199 |    5.2279 |   2.7s (10.7%) |   48.1s
2025-09-08 18:40:18,256 - INFO - CONVERGENCE EPISODE 69: 0.8671m
2025-09-08 18:40:18,847 - INFO -      70 |  107.59 |  127.008 |    3.8534 |   3.0s (11.9%) |   55.4s
2025-09-08 18:40:22,546 - INFO - CONVERGENCE EPISODE 76: 0.8183m
2025-09-08 18:40:23,275 - INFO - CONVERGENCE EPISODE 77: 0.6454m
2025-09-08 18:40:27,860 - INFO - 🏆 NEW BEST EPISODE (SMART CRITERIA)! Episode 79
2025-09-08 18:40:27,860 - INFO -    Position Error: 2.1919m
2025-09-08 18:40:27,860 - INFO -    Completion: 90.8% (681/750 steps)
2025-09-08 18:40:27,860 - INFO -    Duration: 22.7s / 25.0s
2025-09-08 18:40:27,860 - INFO -    Composite Score: 118.88
2025-09-08 18:40:27,860 - INFO - 🎯 NEW BEST COMPLETED EPISODE! Episode 79
2025-09-08 18:40:27,860 - INFO -    Position Error: 2.1919m (among completed episodes)
2025-09-08 18:40:27,860 - INFO -    Completion: 90.8% (681/750 steps)
2025-09-08 18:40:27,860 - INFO -    Duration: 22.7s
2025-09-08 18:40:28,464 - INFO - NEW BEST PERFORMANCE! Episode 80: 1.6028m
2025-09-08 18:40:28,486 - INFO - BEST MODEL SAVED! Episode 80, Error: 1.6028m
2025-09-08 18:40:28,486 - INFO - Best model path: /home/osos/Mohamed_Masters_Thesis/DHP_drone_updated/DHP/trained_models/dhp_cf2x_best
2025-09-08 18:40:28,486 - INFO - All model files saved successfully!
2025-09-08 18:40:28,487 - INFO -      80 |  110.65 |   81.331 |    1.6028 |   3.1s (12.4%) |   65.0s
2025-09-08 18:40:29,092 - INFO - NEW BEST PERFORMANCE! Episode 81: 0.4720m
2025-09-08 18:40:29,114 - INFO - BEST MODEL SAVED! Episode 81, Error: 0.4720m
2025-09-08 18:40:29,114 - INFO - Best model path: /home/osos/Mohamed_Masters_Thesis/DHP_drone_updated/DHP/trained_models/dhp_cf2x_best
2025-09-08 18:40:29,114 - INFO - All model files saved successfully!
2025-09-08 18:40:29,114 - INFO - CONVERGENCE EPISODE 81: 0.4720m
2025-09-08 18:40:29,579 - INFO - CONVERGENCE EPISODE 82: 0.8844m
2025-09-08 18:40:35,995 - INFO - 🏆 NEW BEST EPISODE (SMART CRITERIA)! Episode 85
2025-09-08 18:40:35,995 - INFO -    Position Error: 0.6522m
2025-09-08 18:40:35,995 - INFO -    Completion: 100.0% (750/750 steps)
2025-09-08 18:40:35,995 - INFO -    Duration: 25.0s / 25.0s
2025-09-08 18:40:35,995 - INFO -    Composite Score: 143.48
2025-09-08 18:40:35,995 - INFO - 🎯 NEW BEST COMPLETED EPISODE! Episode 85
2025-09-08 18:40:35,995 - INFO -    Position Error: 0.6522m (among completed episodes)
2025-09-08 18:40:35,995 - INFO -    Completion: 100.0% (750/750 steps)
2025-09-08 18:40:35,995 - INFO -    Duration: 25.0s
2025-09-08 18:40:36,000 - INFO - CONVERGENCE EPISODE 85: 0.6522m
2025-09-08 18:40:40,616 - INFO - CONVERGENCE EPISODE 86: 0.6538m
2025-09-08 18:40:45,150 - INFO - CONVERGENCE EPISODE 87: 0.6537m
2025-09-08 18:40:50,994 - INFO - CONVERGENCE EPISODE 89: 0.6535m
2025-09-08 18:40:55,594 - INFO - CONVERGENCE EPISODE 90: 0.6539m
2025-09-08 18:40:55,594 - INFO -      90 |  542.81 |    0.090 |    0.6539 |  25.0s (100.0%) |   92.1s
2025-09-08 18:41:00,104 - INFO - CONVERGENCE EPISODE 91: 0.6531m
2025-09-08 18:41:04,823 - INFO - CONVERGENCE EPISODE 92: 0.6540m
2025-09-08 18:41:09,546 - INFO - CONVERGENCE EPISODE 93: 0.6539m
2025-09-08 18:41:14,126 - INFO - CONVERGENCE EPISODE 94: 0.6536m
2025-09-08 18:41:18,702 - INFO - CONVERGENCE EPISODE 95: 0.6538m
2025-09-08 18:41:23,193 - INFO - CONVERGENCE EPISODE 96: 0.6533m
2025-09-08 18:41:27,763 - INFO - CONVERGENCE EPISODE 97: 0.6539m
2025-09-08 18:41:32,313 - INFO - CONVERGENCE EPISODE 98: 0.6538m
2025-09-08 18:41:32,314 - INFO - STABLE PERFORMANCE ACHIEVED starting at episode 89
2025-09-08 18:41:36,885 - INFO - CONVERGENCE EPISODE 99: 0.6533m
2025-09-08 18:41:42,780 - INFO - CONVERGENCE EPISODE 100: 0.6536m
2025-09-08 18:41:42,781 - INFO - 
2025-09-08 18:41:42,781 - INFO - MILESTONE 100 ANALYSIS:
2025-09-08 18:41:42,781 - INFO -   Recent 50 episodes avg position error: 2.1569 ± 1.7107m
2025-09-08 18:41:42,781 - INFO -   Recent 50 episodes avg cost: 46.117
2025-09-08 18:41:42,781 - INFO -   Convergent episodes ratio (< 1.0m): 40.00%
2025-09-08 18:41:42,781 - INFO -   Total convergent episodes so far: 34
2025-09-08 18:41:42,781 - INFO -   Best performance: 0.6522m at episode 85
2025-09-08 18:41:42,781 - INFO -   Stable performance maintained since episode 89
2025-09-08 18:41:42,781 - INFO - 
2025-09-08 18:41:42,781 - INFO -     100 |  542.56 |    0.109 |    0.6536 |  25.0s (100.0%) |  139.3s
2025-09-08 18:41:47,386 - INFO - CONVERGENCE EPISODE 101: 0.6536m
2025-09-08 18:41:52,006 - INFO - CONVERGENCE EPISODE 102: 0.6537m
2025-09-08 18:41:56,661 - INFO - CONVERGENCE EPISODE 103: 0.6536m
2025-09-08 18:42:01,175 - INFO - CONVERGENCE EPISODE 104: 0.6537m
2025-09-08 18:42:05,819 - INFO - CONVERGENCE EPISODE 105: 0.6540m
2025-09-08 18:42:10,702 - INFO - CONVERGENCE EPISODE 106: 0.6539m
2025-09-08 18:42:15,357 - INFO - CONVERGENCE EPISODE 107: 0.6540m
2025-09-08 18:42:20,068 - INFO - CONVERGENCE EPISODE 108: 0.6540m
2025-09-08 18:42:24,649 - INFO - CONVERGENCE EPISODE 109: 0.6537m
2025-09-08 18:42:29,305 - INFO - CONVERGENCE EPISODE 110: 0.6537m
2025-09-08 18:42:29,306 - INFO -     110 |  542.48 |    0.120 |    0.6537 |  25.0s (100.0%) |  185.8s
2025-09-08 18:42:33,877 - INFO - CONVERGENCE EPISODE 111: 0.6540m
2025-09-08 18:42:38,409 - INFO - CONVERGENCE EPISODE 112: 0.6539m
2025-09-08 18:42:43,030 - INFO - CONVERGENCE EPISODE 113: 0.6539m
2025-09-08 18:42:47,639 - INFO - CONVERGENCE EPISODE 114: 0.6540m
2025-09-08 18:42:52,223 - INFO - CONVERGENCE EPISODE 115: 0.6539m
2025-09-08 18:42:56,853 - INFO - CONVERGENCE EPISODE 116: 0.6537m
2025-09-08 18:43:01,445 - INFO - CONVERGENCE EPISODE 117: 0.6540m
2025-09-08 18:43:05,958 - INFO - CONVERGENCE EPISODE 118: 0.6540m
2025-09-08 18:43:07,616 - INFO -     120 |  134.11 |   38.049 |    2.2247 |   4.2s (16.9%) |  224.2s
2025-09-08 18:43:08,043 - INFO - CONVERGENCE EPISODE 121: 0.9317m
2025-09-08 18:43:10,170 - INFO - NEW BEST PERFORMANCE! Episode 125: 0.3264m
2025-09-08 18:43:10,191 - INFO - BEST MODEL SAVED! Episode 125, Error: 0.3264m
2025-09-08 18:43:10,191 - INFO - Best model path: /home/osos/Mohamed_Masters_Thesis/DHP_drone_updated/DHP/trained_models/dhp_cf2x_best
2025-09-08 18:43:10,191 - INFO - All model files saved successfully!
2025-09-08 18:43:10,191 - INFO - CONVERGENCE EPISODE 125: 0.3264m
2025-09-08 18:43:10,414 - INFO - CONVERGENCE EPISODE 126: 0.7983m
2025-09-08 18:43:11,253 - INFO - CONVERGENCE EPISODE 127: 0.4779m
2025-09-08 18:43:16,627 - INFO - CONVERGENCE EPISODE 129: 0.6532m
2025-09-08 18:43:21,153 - INFO - 🏆 NEW BEST EPISODE (SMART CRITERIA)! Episode 130
2025-09-08 18:43:21,153 - INFO -    Position Error: 0.6515m
2025-09-08 18:43:21,153 - INFO -    Completion: 100.0% (750/750 steps)
2025-09-08 18:43:21,153 - INFO -    Duration: 25.0s / 25.0s
2025-09-08 18:43:21,153 - INFO -    Composite Score: 143.49
2025-09-08 18:43:21,153 - INFO - 🎯 NEW BEST COMPLETED EPISODE! Episode 130
2025-09-08 18:43:21,153 - INFO -    Position Error: 0.6515m (among completed episodes)
2025-09-08 18:43:21,153 - INFO -    Completion: 100.0% (750/750 steps)
2025-09-08 18:43:21,153 - INFO -    Duration: 25.0s
2025-09-08 18:43:21,160 - INFO - CONVERGENCE EPISODE 130: 0.6515m
2025-09-08 18:43:21,161 - INFO -     130 |  541.81 |    0.386 |    0.6515 |  25.0s (100.0%) |  237.7s
2025-09-08 18:43:25,741 - INFO - CONVERGENCE EPISODE 131: 0.6581m
2025-09-08 18:43:31,619 - INFO - CONVERGENCE EPISODE 133: 0.6603m
2025-09-08 18:43:37,418 - INFO - CONVERGENCE EPISODE 135: 0.6542m
2025-09-08 18:43:45,768 - INFO -     140 |  146.85 |   17.528 |    5.5003 |   5.6s (22.3%) |  262.3s
2025-09-08 18:43:54,298 - INFO - CONVERGENCE EPISODE 147: 0.7861m
2025-09-08 18:43:57,040 - INFO -     150 |  102.84 |   19.746 |    4.7669 |   3.8s (15.3%) |  273.6s
2025-09-08 18:44:03,453 - INFO - NEW BEST PERFORMANCE! Episode 159: 0.3558m
2025-09-08 18:44:03,474 - INFO - BEST MODEL SAVED! Episode 159, Error: 0.3558m
2025-09-08 18:44:03,474 - INFO - Best model path: /home/osos/Mohamed_Masters_Thesis/DHP_drone_updated/DHP/trained_models/dhp_cf2x_best
2025-09-08 18:44:03,474 - INFO - All model files saved successfully!
2025-09-08 18:44:03,474 - INFO - CONVERGENCE EPISODE 159: 0.3558m
2025-09-08 18:44:04,161 - INFO -     160 |  108.28 |  100.759 |    1.8719 |   3.6s (14.4%) |  280.7s
2025-09-08 18:44:04,928 - INFO - CONVERGENCE EPISODE 161: 0.8258m
2025-09-08 18:44:09,803 - INFO - CONVERGENCE EPISODE 167: 0.5483m
2025-09-08 18:44:12,138 - INFO -     170 |  127.94 |   23.969 |    3.7718 |   4.5s (17.9%) |  288.7s
2025-09-08 18:44:13,581 - INFO - CONVERGENCE EPISODE 172: 0.4719m
2025-09-08 18:44:15,038 - INFO - CONVERGENCE EPISODE 173: 0.8709m
2025-09-08 18:44:20,509 - INFO - CONVERGENCE EPISODE 180: 0.5121m
2025-09-08 18:44:20,509 - INFO -     180 |  113.49 |    7.198 |    0.5121 |   3.8s (15.2%) |  297.0s
2025-09-08 18:44:21,855 - INFO - CONVERGENCE EPISODE 182: 0.5642m
2025-09-08 18:44:24,319 - INFO - CONVERGENCE EPISODE 186: 0.7361m
2025-09-08 18:44:28,104 - INFO -     190 |  102.87 |   45.046 |    5.6391 |   7.5s (30.1%) |  304.6s
2025-09-08 18:44:34,871 - INFO - 
================================================================================
2025-09-08 18:44:34,871 - INFO - TRAINING COMPLETED - FINAL ANALYSIS
2025-09-08 18:44:34,871 - INFO - ================================================================================
2025-09-08 18:44:34,871 - INFO - Total training time: 311.4 seconds (5.2 minutes)
2025-09-08 18:44:34,871 - INFO - Final episode reward: 120.81
2025-09-08 18:44:34,871 - INFO - Final position error: 1.8281m
2025-09-08 18:44:34,871 - INFO - 
EPISODE COMPLETION STATISTICS:
2025-09-08 18:44:34,872 - INFO - Average completion rate: 32.8%
2025-09-08 18:44:34,872 - INFO - Episodes completed (≥90%): 39/200 (19.5%)
2025-09-08 18:44:34,872 - INFO - Best completed episode: #130 with error 0.6515m
2025-09-08 18:44:34,872 - INFO - 
BEST EPISODE ANALYSIS:
2025-09-08 18:44:34,872 - INFO - Best overall episode (smart criteria): #159
2025-09-08 18:44:34,872 - INFO -   Position error: 0.3558m
2025-09-08 18:44:34,872 - INFO -   Composite score: 143.49
2025-09-08 18:44:34,872 - INFO - Total convergent episodes (< 1.0m): 70/200 (35.00%)
2025-09-08 18:44:34,872 - INFO - Stable performance achieved: Yes (from episode 89, duration: 111 episodes)
2025-09-08 18:44:34,872 - INFO - Position error statistics:
2025-09-08 18:44:34,872 - INFO -   Mean: 2.6889m
2025-09-08 18:44:34,872 - INFO -   Std:  1.9796m
2025-09-08 18:44:34,872 - INFO -   Min:  0.1083m
2025-09-08 18:44:34,872 - INFO -   Max:  6.0250m
2025-09-08 18:44:34,872 - INFO -   Median: 2.0128m
2025-09-08 18:44:34,872 - INFO - Performance distribution:
2025-09-08 18:44:34,872 - INFO -   Excellent (< 0.5m): 19 episodes (9.5%)
2025-09-08 18:44:34,872 - INFO -   Good (0.5-1.0m):   51 episodes (25.5%)
2025-09-08 18:44:34,872 - INFO -   Acceptable (1.0-1.5m): 11 episodes (5.5%)
2025-09-08 18:44:34,873 - INFO -   Poor (> 1.5m):     119 episodes (59.5%)
2025-09-08 18:44:34,873 - INFO - 
TRAINING CONFIGURATION EFFECTIVENESS:
2025-09-08 18:44:34,873 - INFO - ----------------------------------------
2025-09-08 18:44:34,873 - INFO - Episodes needed for first convergence: 20
2025-09-08 18:44:34,873 - INFO - Excitation phase ended at episode: 13
2025-09-08 18:44:34,874 - INFO - Training metrics saved to: /home/osos/Mohamed_Masters_Thesis/DHP_drone_updated/DHP/training_logs/dhp_split_metrics_20250908_184434.json
2025-09-08 18:44:34,874 - INFO - 
BEST MODEL CONFIRMED:
2025-09-08 18:44:34,874 - INFO -   Episode: 159
2025-09-08 18:44:34,874 - INFO -   Position Error: 0.3558m
2025-09-08 18:44:34,874 - INFO -   Model files: dhp_cf2x_best_*
2025-09-08 18:44:34,874 - INFO - ================================================================================
2025-09-08 18:44:34,875 - INFO - TRAINING SESSION COMPLETED
2025-09-08 18:44:34,875 - INFO - Detailed log saved to: /home/osos/Mohamed_Masters_Thesis/DHP_drone_updated/DHP/training_logs/dhp_split_training_20250908_183922.log
2025-09-08 18:44:34,875 - INFO - ================================================================================
2025-09-08 18:48:30,918 - INFO - 
==================================================
2025-09-08 18:48:30,918 - INFO - STARTING POLICY DEMONSTRATION
2025-09-08 18:48:30,918 - INFO - ==================================================
2025-09-08 18:48:31,133 - INFO - Restoring parameters from /home/osos/Mohamed_Masters_Thesis/DHP_drone_updated/DHP/trained_models/dhp_cf2x_best
2025-09-08 18:48:35,160 - INFO - Trajectory demonstration completed for spiral trajectory
2025-09-08 18:48:35,160 - INFO - Training and demonstration session completed successfully!
