2025-09-08 23:29:52,499 - INFO - ================================================================================
2025-09-08 23:29:52,499 - INFO - DHP SPLIT ARCHITECTURE TRAINING SESSION STARTED
2025-09-08 23:29:52,499 - INFO - ================================================================================
2025-09-08 23:29:52,499 - INFO - HYPERPARAMETERS:
2025-09-08 23:29:52,499 - INFO - ----------------------------------------
2025-09-08 23:29:52,499 - INFO - action_size              : 4
2025-09-08 23:29:52,499 - INFO - best_episode_gui         : False
2025-09-08 23:29:52,499 - INFO - coordination_strength    : 0.1
2025-09-08 23:29:52,499 - INFO - coordination_warmup_episodes: 400
2025-09-08 23:29:52,499 - INFO - dt                       : 0.03333333333333333
2025-09-08 23:29:52,499 - INFO - episode_length           : 20.0
2025-09-08 23:29:52,499 - INFO - excitation_amplitude     : 0.03
2025-09-08 23:29:52,499 - INFO - excitation_steps         : 12500
2025-09-08 23:29:52,499 - INFO - gamma                    : 0.98
2025-09-08 23:29:52,499 - INFO - gradient_clip_value      : 0.5
2025-09-08 23:29:52,499 - INFO - gui                      : False
2025-09-08 23:29:52,499 - INFO - hidden_layer_size        : [64, 64, 32]
2025-09-08 23:29:52,499 - INFO - log_interval             : 10
2025-09-08 23:29:52,499 - INFO - lr_actor                 : 0.005
2025-09-08 23:29:52,499 - INFO - lr_critic                : 0.01
2025-09-08 23:29:52,500 - INFO - lr_decay                 : 0.9999
2025-09-08 23:29:52,500 - INFO - normalize_states         : True
2025-09-08 23:29:52,500 - INFO - num_episodes             : 2500
2025-09-08 23:29:52,500 - INFO - predict_delta            : False
2025-09-08 23:29:52,500 - INFO - record                   : False
2025-09-08 23:29:52,500 - INFO - record_best_episodes     : True
2025-09-08 23:29:52,500 - INFO - recording_fps            : 30
2025-09-08 23:29:52,500 - INFO - reference_size           : 8
2025-09-08 23:29:52,500 - INFO - rls_action_size          : 4
2025-09-08 23:29:52,500 - INFO - rls_covariance           : 100.0
2025-09-08 23:29:52,500 - INFO - rls_gamma                : 0.9995
2025-09-08 23:29:52,500 - INFO - rls_state_size           : 8
2025-09-08 23:29:52,500 - INFO - save_interval            : 100
2025-09-08 23:29:52,500 - INFO - split                    : False
2025-09-08 23:29:52,500 - INFO - state_bounds             : {'z': [0.0, 5.0], 'roll': [-1.5707963267948966, 1.5707963267948966], 'pitch': [-1.5707963267948966, 1.5707963267948966], 'yaw': [-3.141592653589793, 3.141592653589793], 'vz': [-12.0, 12.0], 'wx': [-10.0, 10.0], 'wy': [-10.0, 10.0], 'wz': [-10.0, 10.0]}
2025-09-08 23:29:52,500 - INFO - state_size               : 8
2025-09-08 23:29:52,500 - INFO - target_network           : True
2025-09-08 23:29:52,500 - INFO - target_pos               : [0.5, 0.5, 1.0]
2025-09-08 23:29:52,500 - INFO - tau                      : 0.001
2025-09-08 23:29:52,500 - INFO - trajectory_type          : spiral
2025-09-08 23:29:52,500 - INFO - update_cycles            : 2
2025-09-08 23:29:52,500 - INFO - use_trajectory           : False
2025-09-08 23:29:52,500 - INFO - ----------------------------------------
2025-09-08 23:29:52,500 - INFO - Log file: /home/osos/Mohamed_Masters_Thesis/DHP_drone_updated/DHP/training_logs/dhp_split_training_20250908_232952.log
2025-09-08 23:29:52,500 - INFO - ================================================================================
2025-09-08 23:29:52,500 - INFO - 
TRAJECTORY TRAINING CONFIGURATION:
2025-09-08 23:29:52,500 - INFO -   num_episodes: 200
2025-09-08 23:29:52,500 - INFO -   episode_length: 25.0
2025-09-08 23:29:52,501 - INFO -   excitation_steps: 5000
2025-09-08 23:29:52,501 - INFO -   log_interval: 10
2025-09-08 23:29:52,501 - INFO -   save_interval: 50
2025-09-08 23:29:52,501 - INFO -   gui: False
2025-09-08 23:29:52,501 - INFO -   record: False
2025-09-08 23:29:52,501 - INFO -   normalize_states: True
2025-09-08 23:29:52,501 - INFO -   record_best_episodes: True
2025-09-08 23:29:52,501 - INFO -   coordination_warmup_episodes: 200
2025-09-08 23:29:52,501 - INFO -   coordination_strength: 0.15
2025-09-08 23:29:52,501 - INFO -   use_trajectory: True
2025-09-08 23:29:52,501 - INFO -   trajectory_type: spiral
2025-09-08 23:29:52,501 - INFO -   target_pos: [0.0, 0.0, 1.0]
2025-09-08 23:29:52,501 - INFO - 
==================================================
2025-09-08 23:29:52,501 - INFO - STARTING DHP TRAINING FOR CF2X QUADROTOR
2025-09-08 23:29:52,501 - INFO - ==================================================
2025-09-08 23:29:52,599 - WARNING - From /home/osos/Mohamed_Masters_Thesis/DHP_drone_updated/msc-thesis/agents/dhp.py:88: The name tf.Session is deprecated. Please use tf.compat.v1.Session instead.

2025-09-08 23:29:52,708 - WARNING - From /home/osos/Mohamed_Masters_Thesis/DHP_drone_updated/msc-thesis/agents/dhp.py:117: The name tf.placeholder is deprecated. Please use tf.compat.v1.placeholder instead.

2025-09-08 23:29:52,709 - WARNING - From /home/osos/Mohamed_Masters_Thesis/DHP_drone_updated/msc-thesis/agents/dhp.py:119: The name tf.placeholder_with_default is deprecated. Please use tf.compat.v1.placeholder_with_default instead.

2025-09-08 23:29:52,712 - WARNING - From /home/osos/Mohamed_Masters_Thesis/DHP_drone_updated/msc-thesis/agents/dhp.py:141: The name tf.variable_scope is deprecated. Please use tf.compat.v1.variable_scope instead.

2025-09-08 23:29:52,712 - WARNING - From /home/osos/Mohamed_Masters_Thesis/DHP_drone_updated/msc-thesis/agents/dhp.py:145: dense (from tensorflow.python.layers.core) is deprecated and will be removed in a future version.
Instructions for updating:
Use keras.layers.Dense instead.
2025-09-08 23:29:52,712 - WARNING - From /home/osos/anaconda3/envs/DHP/lib/python3.7/site-packages/tensorflow_core/python/layers/core.py:187: Layer.apply (from tensorflow.python.keras.engine.base_layer) is deprecated and will be removed in a future version.
Instructions for updating:
Please use `layer.__call__` method instead.
2025-09-08 23:29:52,742 - WARNING - From /home/osos/Mohamed_Masters_Thesis/DHP_drone_updated/msc-thesis/agents/dhp.py:150: The name tf.trainable_variables is deprecated. Please use tf.compat.v1.trainable_variables instead.

2025-09-08 23:29:52,754 - WARNING - From /home/osos/Mohamed_Masters_Thesis/DHP_drone_updated/msc-thesis/agents/dhp.py:156: The name tf.train.GradientDescentOptimizer is deprecated. Please use tf.compat.v1.train.GradientDescentOptimizer instead.

2025-09-08 23:29:52,785 - WARNING - From /home/osos/Mohamed_Masters_Thesis/DHP_drone_updated/msc-thesis/agents/dhp.py:173: The name tf.assign is deprecated. Please use tf.compat.v1.assign instead.

2025-09-08 23:29:52,901 - WARNING - From /home/osos/Mohamed_Masters_Thesis/DHP_drone_updated/msc-thesis/agents/dhp.py:97: The name tf.summary.merge_all is deprecated. Please use tf.compat.v1.summary.merge_all instead.

2025-09-08 23:29:52,902 - WARNING - From /home/osos/Mohamed_Masters_Thesis/DHP_drone_updated/msc-thesis/agents/dhp.py:98: The name tf.train.Saver is deprecated. Please use tf.compat.v1.train.Saver instead.

2025-09-08 23:29:52,913 - WARNING - From /home/osos/Mohamed_Masters_Thesis/DHP_drone_updated/msc-thesis/agents/dhp.py:99: The name tf.global_variables_initializer is deprecated. Please use tf.compat.v1.global_variables_initializer instead.

2025-09-08 23:29:52,965 - INFO - 
Training for 200 episodes...
2025-09-08 23:29:52,965 - INFO - Episode | Reward  | Avg Cost | Pos Error | Duration (Completion) | Time
2025-09-08 23:29:52,965 - INFO - -------------------------------------------------------------------------------------
2025-09-08 23:29:54,057 - INFO - 🏆 NEW BEST EPISODE (SMART CRITERIA)! Episode 0
2025-09-08 23:29:54,057 - INFO -    Position Error: 4.8770m
2025-09-08 23:29:54,057 - INFO -    Completion: 15.7% (118/750 steps)
2025-09-08 23:29:54,057 - INFO -    Duration: 3.9s / 25.0s
2025-09-08 23:29:54,057 - INFO -    Composite Score: -33.04
2025-09-08 23:29:54,058 - INFO -       0 |   46.17 |   41.821 |    4.8770 |   3.9s (15.7%) |    1.1s
2025-09-08 23:29:55,199 - INFO - 🏆 NEW BEST EPISODE (SMART CRITERIA)! Episode 1
2025-09-08 23:29:55,199 - INFO -    Position Error: 4.7673m
2025-09-08 23:29:55,199 - INFO -    Completion: 18.9% (142/750 steps)
2025-09-08 23:29:55,199 - INFO -    Duration: 4.7s / 25.0s
2025-09-08 23:29:55,199 - INFO -    Composite Score: -28.74
2025-09-08 23:29:58,143 - INFO - 🏆 NEW BEST EPISODE (SMART CRITERIA)! Episode 4
2025-09-08 23:29:58,143 - INFO -    Position Error: 5.0692m
2025-09-08 23:29:58,143 - INFO -    Completion: 23.7% (178/750 steps)
2025-09-08 23:29:58,144 - INFO -    Duration: 5.9s / 25.0s
2025-09-08 23:29:58,144 - INFO -    Composite Score: -26.96
2025-09-08 23:30:00,925 - INFO - 🏆 NEW BEST EPISODE (SMART CRITERIA)! Episode 5
2025-09-08 23:30:00,925 - INFO -    Position Error: 5.2057m
2025-09-08 23:30:00,925 - INFO -    Completion: 50.9% (382/750 steps)
2025-09-08 23:30:00,925 - INFO -    Duration: 12.7s / 25.0s
2025-09-08 23:30:00,925 - INFO -    Composite Score: -1.12
2025-09-08 23:30:01,707 - INFO - NEW BEST PERFORMANCE! Episode 6: 4.9463m
2025-09-08 23:30:01,750 - INFO - BEST MODEL SAVED! Episode 6, Error: 4.9463m
2025-09-08 23:30:01,750 - INFO - Best model path: /home/osos/Mohamed_Masters_Thesis/DHP_drone_updated/DHP/trained_models/dhp_cf2x_best
2025-09-08 23:30:01,750 - INFO - All model files saved successfully!
2025-09-08 23:30:02,501 - INFO - NEW BEST PERFORMANCE! Episode 7: 4.9210m
2025-09-08 23:30:02,526 - INFO - BEST MODEL SAVED! Episode 7, Error: 4.9210m
2025-09-08 23:30:02,526 - INFO - Best model path: /home/osos/Mohamed_Masters_Thesis/DHP_drone_updated/DHP/trained_models/dhp_cf2x_best
2025-09-08 23:30:02,526 - INFO - All model files saved successfully!
2025-09-08 23:30:03,193 - INFO - NEW BEST PERFORMANCE! Episode 8: 4.8755m
2025-09-08 23:30:03,213 - INFO - BEST MODEL SAVED! Episode 8, Error: 4.8755m
2025-09-08 23:30:03,213 - INFO - Best model path: /home/osos/Mohamed_Masters_Thesis/DHP_drone_updated/DHP/trained_models/dhp_cf2x_best
2025-09-08 23:30:03,213 - INFO - All model files saved successfully!
2025-09-08 23:30:05,818 - INFO -      10 |   51.99 |   43.382 |    5.8374 |   8.6s (34.4%) |   12.9s
2025-09-08 23:30:05,959 - INFO - NEW BEST PERFORMANCE! Episode 11: 0.2780m
2025-09-08 23:30:05,978 - INFO - BEST MODEL SAVED! Episode 11, Error: 0.2780m
2025-09-08 23:30:05,978 - INFO - Best model path: /home/osos/Mohamed_Masters_Thesis/DHP_drone_updated/DHP/trained_models/dhp_cf2x_best
2025-09-08 23:30:05,978 - INFO - All model files saved successfully!
2025-09-08 23:30:05,978 - INFO - CONVERGENCE EPISODE 11: 0.2780m
2025-09-08 23:30:06,140 - INFO - CONVERGENCE EPISODE 12: 0.3579m
2025-09-08 23:30:06,298 - INFO - CONVERGENCE EPISODE 13: 0.3324m
2025-09-08 23:30:06,457 - INFO - CONVERGENCE EPISODE 14: 0.3251m
2025-09-08 23:30:06,622 - INFO - CONVERGENCE EPISODE 15: 0.3831m
2025-09-08 23:30:12,217 - INFO - 🏆 NEW BEST EPISODE (SMART CRITERIA)! Episode 19
2025-09-08 23:30:12,217 - INFO -    Position Error: 5.5573m
2025-09-08 23:30:12,217 - INFO -    Completion: 58.3% (437/750 steps)
2025-09-08 23:30:12,217 - INFO -    Duration: 14.6s / 25.0s
2025-09-08 23:30:12,217 - INFO -    Composite Score: 2.69
2025-09-08 23:30:13,846 - INFO -      20 |   76.53 |   50.426 |    5.7701 |   7.7s (30.9%) |   20.9s
2025-09-08 23:30:13,996 - INFO - NEW BEST PERFORMANCE! Episode 21: 0.2699m
2025-09-08 23:30:14,018 - INFO - BEST MODEL SAVED! Episode 21, Error: 0.2699m
2025-09-08 23:30:14,018 - INFO - Best model path: /home/osos/Mohamed_Masters_Thesis/DHP_drone_updated/DHP/trained_models/dhp_cf2x_best
2025-09-08 23:30:14,018 - INFO - All model files saved successfully!
2025-09-08 23:30:14,018 - INFO - CONVERGENCE EPISODE 21: 0.2699m
2025-09-08 23:30:15,347 - INFO - NEW BEST PERFORMANCE! Episode 23: 0.1320m
2025-09-08 23:30:15,370 - INFO - BEST MODEL SAVED! Episode 23, Error: 0.1320m
2025-09-08 23:30:15,371 - INFO - Best model path: /home/osos/Mohamed_Masters_Thesis/DHP_drone_updated/DHP/trained_models/dhp_cf2x_best
2025-09-08 23:30:15,371 - INFO - All model files saved successfully!
2025-09-08 23:30:15,371 - INFO - CONVERGENCE EPISODE 23: 0.1320m
2025-09-08 23:30:15,464 - INFO - CONVERGENCE EPISODE 24: 0.1333m
2025-09-08 23:30:15,569 - INFO - CONVERGENCE EPISODE 25: 0.1668m
2025-09-08 23:30:15,672 - INFO - CONVERGENCE EPISODE 26: 0.1632m
2025-09-08 23:30:15,826 - INFO - CONVERGENCE EPISODE 27: 0.1660m
2025-09-08 23:30:15,942 - INFO - CONVERGENCE EPISODE 28: 0.1706m
2025-09-08 23:30:16,064 - INFO - CONVERGENCE EPISODE 29: 0.2001m
2025-09-08 23:30:17,222 - INFO -      30 |   27.13 |   51.699 |    5.4259 |   5.5s (22.1%) |   24.3s
2025-09-08 23:30:19,763 - INFO - 🏆 NEW BEST EPISODE (SMART CRITERIA)! Episode 31
2025-09-08 23:30:19,764 - INFO -    Position Error: 4.2653m
2025-09-08 23:30:19,764 - INFO -    Completion: 49.2% (369/750 steps)
2025-09-08 23:30:19,764 - INFO -    Duration: 12.3s / 25.0s
2025-09-08 23:30:19,764 - INFO -    Composite Score: 6.55
2025-09-08 23:30:19,898 - INFO - NEW BEST PERFORMANCE! Episode 32: 0.2781m
2025-09-08 23:30:19,921 - INFO - BEST MODEL SAVED! Episode 32, Error: 0.2781m
2025-09-08 23:30:19,921 - INFO - Best model path: /home/osos/Mohamed_Masters_Thesis/DHP_drone_updated/DHP/trained_models/dhp_cf2x_best
2025-09-08 23:30:19,921 - INFO - All model files saved successfully!
2025-09-08 23:30:19,921 - INFO - CONVERGENCE EPISODE 32: 0.2781m
2025-09-08 23:30:20,110 - INFO - CONVERGENCE EPISODE 33: 0.6085m
2025-09-08 23:30:21,827 - INFO - CONVERGENCE EPISODE 35: 0.3423m
2025-09-08 23:30:22,225 - INFO - CONVERGENCE EPISODE 36: 0.5646m
2025-09-08 23:30:22,437 - INFO - CONVERGENCE EPISODE 37: 0.3722m
2025-09-08 23:30:22,731 - INFO - CONVERGENCE EPISODE 38: 0.3782m
2025-09-08 23:30:23,770 - INFO - NEW BEST PERFORMANCE! Episode 40: 0.2165m
2025-09-08 23:30:23,788 - INFO - BEST MODEL SAVED! Episode 40, Error: 0.2165m
2025-09-08 23:30:23,788 - INFO - Best model path: /home/osos/Mohamed_Masters_Thesis/DHP_drone_updated/DHP/trained_models/dhp_cf2x_best
2025-09-08 23:30:23,789 - INFO - All model files saved successfully!
2025-09-08 23:30:23,789 - INFO - CONVERGENCE EPISODE 40: 0.2165m
2025-09-08 23:30:23,789 - INFO -      40 |   16.63 |   68.063 |    0.2165 |   0.4s ( 1.6%) |   30.8s
2025-09-08 23:30:24,038 - INFO - CONVERGENCE EPISODE 41: 0.3861m
2025-09-08 23:30:24,333 - INFO - CONVERGENCE EPISODE 42: 0.8653m
2025-09-08 23:30:25,467 - INFO - NEW BEST PERFORMANCE! Episode 45: 0.1260m
2025-09-08 23:30:25,488 - INFO - BEST MODEL SAVED! Episode 45, Error: 0.1260m
2025-09-08 23:30:25,489 - INFO - Best model path: /home/osos/Mohamed_Masters_Thesis/DHP_drone_updated/DHP/trained_models/dhp_cf2x_best
2025-09-08 23:30:25,489 - INFO - All model files saved successfully!
2025-09-08 23:30:25,489 - INFO - CONVERGENCE EPISODE 45: 0.1260m
2025-09-08 23:30:27,332 - INFO - CONVERGENCE EPISODE 49: 0.5194m
2025-09-08 23:30:27,853 - INFO -      50 |   73.71 |   63.392 |    1.2582 |   2.4s ( 9.7%) |   34.9s
2025-09-08 23:30:34,197 - INFO -      60 |  119.72 |  118.211 |    2.4076 |   2.7s (10.8%) |   41.2s
2025-09-08 23:30:34,839 - INFO - CONVERGENCE EPISODE 61: 0.7975m
2025-09-08 23:30:36,826 - INFO - 🏆 NEW BEST EPISODE (SMART CRITERIA)! Episode 64
2025-09-08 23:30:36,826 - INFO -    Position Error: 0.8315m
2025-09-08 23:30:36,826 - INFO -    Completion: 15.2% (114/750 steps)
2025-09-08 23:30:36,826 - INFO -    Duration: 3.8s / 25.0s
2025-09-08 23:30:36,826 - INFO -    Composite Score: 6.89
2025-09-08 23:30:36,828 - INFO - CONVERGENCE EPISODE 64: 0.8315m
2025-09-08 23:30:41,323 - INFO -      70 |   76.73 |  152.649 |    4.6454 |   2.6s (10.5%) |   48.4s
2025-09-08 23:30:42,526 - INFO - NEW BEST PERFORMANCE! Episode 72: 0.7529m
2025-09-08 23:30:42,545 - INFO - BEST MODEL SAVED! Episode 72, Error: 0.7529m
2025-09-08 23:30:42,545 - INFO - Best model path: /home/osos/Mohamed_Masters_Thesis/DHP_drone_updated/DHP/trained_models/dhp_cf2x_best
2025-09-08 23:30:42,545 - INFO - All model files saved successfully!
2025-09-08 23:30:42,545 - INFO - CONVERGENCE EPISODE 72: 0.7529m
2025-09-08 23:30:45,068 - INFO - NEW BEST PERFORMANCE! Episode 75: 0.6411m
2025-09-08 23:30:45,093 - INFO - BEST MODEL SAVED! Episode 75, Error: 0.6411m
2025-09-08 23:30:45,093 - INFO - Best model path: /home/osos/Mohamed_Masters_Thesis/DHP_drone_updated/DHP/trained_models/dhp_cf2x_best
2025-09-08 23:30:45,093 - INFO - All model files saved successfully!
2025-09-08 23:30:45,093 - INFO - CONVERGENCE EPISODE 75: 0.6411m
2025-09-08 23:30:46,258 - INFO - 🏆 NEW BEST EPISODE (SMART CRITERIA)! Episode 77
2025-09-08 23:30:46,258 - INFO -    Position Error: 0.5694m
2025-09-08 23:30:46,258 - INFO -    Completion: 16.4% (123/750 steps)
2025-09-08 23:30:46,258 - INFO -    Duration: 4.1s / 25.0s
2025-09-08 23:30:46,259 - INFO -    Composite Score: 10.71
2025-09-08 23:30:46,259 - INFO - CONVERGENCE EPISODE 77: 0.5694m
2025-09-08 23:30:46,524 - INFO - CONVERGENCE EPISODE 78: 0.8870m
2025-09-08 23:30:48,083 - INFO -      80 |  113.56 |   62.134 |    5.1310 |   4.3s (17.2%) |   55.1s
2025-09-08 23:30:51,235 - INFO - CONVERGENCE EPISODE 86: 0.7785m
2025-09-08 23:30:53,176 - INFO -      90 |   85.51 |   73.783 |    1.2224 |   2.8s (11.3%) |   60.2s
2025-09-08 23:30:59,045 - INFO - 🏆 NEW BEST EPISODE (SMART CRITERIA)! Episode 99
2025-09-08 23:30:59,045 - INFO -    Position Error: 0.2134m
2025-09-08 23:30:59,045 - INFO -    Completion: 13.9% (104/750 steps)
2025-09-08 23:30:59,046 - INFO -    Duration: 3.5s / 25.0s
2025-09-08 23:30:59,046 - INFO -    Composite Score: 11.73
2025-09-08 23:30:59,047 - INFO - CONVERGENCE EPISODE 99: 0.2134m
2025-09-08 23:30:59,599 - INFO - CONVERGENCE EPISODE 100: 0.7775m
2025-09-08 23:30:59,599 - INFO - 
2025-09-08 23:30:59,599 - INFO - MILESTONE 100 ANALYSIS:
2025-09-08 23:30:59,600 - INFO -   Recent 50 episodes avg position error: 2.7918 ± 1.6606m
2025-09-08 23:30:59,600 - INFO -   Recent 50 episodes avg cost: 63.149
2025-09-08 23:30:59,600 - INFO -   Convergent episodes ratio (< 1.0m): 18.00%
2025-09-08 23:30:59,600 - INFO -   Total convergent episodes so far: 33
2025-09-08 23:30:59,600 - INFO -   Best performance: 0.2134m at episode 99
2025-09-08 23:30:59,600 - INFO -   Stable performance not yet achieved
2025-09-08 23:30:59,600 - INFO - 
2025-09-08 23:30:59,600 - INFO -     100 |   94.21 |   14.303 |    0.7775 |   3.0s (11.9%) |   66.6s
2025-09-08 23:31:02,708 - INFO - CONVERGENCE EPISODE 105: 0.5117m
2025-09-08 23:31:06,288 - INFO -     110 |   81.38 |   45.131 |    3.1239 |   3.0s (12.1%) |   73.3s
2025-09-08 23:31:09,091 - INFO - CONVERGENCE EPISODE 115: 0.9890m
2025-09-08 23:31:11,134 - INFO - CONVERGENCE EPISODE 118: 0.2999m
2025-09-08 23:31:12,223 - INFO - CONVERGENCE EPISODE 120: 0.2618m
2025-09-08 23:31:12,224 - INFO -     120 |  106.91 |   78.671 |    0.2618 |   2.5s (10.1%) |   79.3s
2025-09-08 23:31:15,499 - INFO - CONVERGENCE EPISODE 125: 0.4434m
2025-09-08 23:31:18,559 - INFO -     130 |   65.48 |   91.429 |    5.0417 |   3.3s (13.2%) |   85.6s
2025-09-08 23:31:19,822 - INFO - CONVERGENCE EPISODE 132: 0.5997m
2025-09-08 23:31:20,848 - INFO - CONVERGENCE EPISODE 134: 0.4333m
2025-09-08 23:31:22,247 - INFO - CONVERGENCE EPISODE 136: 0.3692m
2025-09-08 23:31:23,760 - INFO - CONVERGENCE EPISODE 139: 0.7514m
2025-09-08 23:31:24,232 - INFO -     140 |   92.16 |   45.364 |    1.3311 |   2.4s ( 9.6%) |   91.3s
2025-09-08 23:31:31,162 - INFO -     150 |  115.48 |   54.261 |    5.1770 |   4.6s (18.3%) |   98.2s
2025-09-08 23:31:37,584 - INFO - CONVERGENCE EPISODE 160: 0.5551m
2025-09-08 23:31:37,584 - INFO -     160 |  126.35 |   10.980 |    0.5551 |   2.9s (11.5%) |  104.6s
2025-09-08 23:31:38,874 - INFO - CONVERGENCE EPISODE 162: 0.5541m
2025-09-08 23:31:40,402 - INFO - CONVERGENCE EPISODE 165: 0.2926m
2025-09-08 23:31:44,174 - INFO -     170 |   65.79 |   33.977 |    4.9769 |   2.9s (11.7%) |  111.2s
2025-09-08 23:31:48,275 - INFO - CONVERGENCE EPISODE 176: 0.2267m
2025-09-08 23:31:51,002 - INFO - CONVERGENCE EPISODE 180: 0.5570m
2025-09-08 23:31:51,002 - INFO -     180 |  113.81 |    6.559 |    0.5570 |   2.8s (11.1%) |  118.0s
2025-09-08 23:31:57,485 - INFO -     190 |   88.89 |   75.712 |    4.8151 |   4.5s (17.9%) |  124.5s
2025-09-08 23:32:03,746 - INFO - 
================================================================================
2025-09-08 23:32:03,747 - INFO - TRAINING COMPLETED - FINAL ANALYSIS
2025-09-08 23:32:03,747 - INFO - ================================================================================
2025-09-08 23:32:03,747 - INFO - Total training time: 130.8 seconds (2.2 minutes)
2025-09-08 23:32:03,747 - INFO - Final episode reward: 104.98
2025-09-08 23:32:03,747 - INFO - Final position error: 1.3368m
2025-09-08 23:32:03,747 - INFO - 
EPISODE COMPLETION STATISTICS:
2025-09-08 23:32:03,747 - INFO - Average completion rate: 13.0%
2025-09-08 23:32:03,747 - INFO - Episodes completed (≥90%): 0/200 (0.0%)
2025-09-08 23:32:03,747 - INFO - No episodes achieved ≥90% completion
2025-09-08 23:32:03,747 - INFO - 
BEST EPISODE ANALYSIS:
2025-09-08 23:32:03,747 - INFO - Best overall episode (smart criteria): #99
2025-09-08 23:32:03,747 - INFO -   Position error: 0.2134m
2025-09-08 23:32:03,747 - INFO -   Composite score: 11.73
2025-09-08 23:32:03,747 - INFO - Total convergent episodes (< 1.0m): 47/200 (23.50%)
2025-09-08 23:32:03,747 - INFO - Stable performance achieved: No
2025-09-08 23:32:03,747 - INFO - Position error statistics:
2025-09-08 23:32:03,747 - INFO -   Mean: 2.6645m
2025-09-08 23:32:03,747 - INFO -   Std:  1.8405m
2025-09-08 23:32:03,747 - INFO -   Min:  0.1260m
2025-09-08 23:32:03,747 - INFO -   Max:  5.8374m
2025-09-08 23:32:03,748 - INFO -   Median: 2.2608m
2025-09-08 23:32:03,748 - INFO - Performance distribution:
2025-09-08 23:32:03,748 - INFO -   Excellent (< 0.5m): 28 episodes (14.0%)
2025-09-08 23:32:03,748 - INFO -   Good (0.5-1.0m):   19 episodes (9.5%)
2025-09-08 23:32:03,748 - INFO -   Acceptable (1.0-1.5m): 23 episodes (11.5%)
2025-09-08 23:32:03,748 - INFO -   Poor (> 1.5m):     130 episodes (65.0%)
2025-09-08 23:32:03,748 - INFO - 
TRAINING CONFIGURATION EFFECTIVENESS:
2025-09-08 23:32:03,748 - INFO - ----------------------------------------
2025-09-08 23:32:03,748 - INFO - Episodes needed for first convergence: 11
2025-09-08 23:32:03,748 - INFO - Excitation phase ended at episode: 6
2025-09-08 23:32:03,749 - INFO - Training metrics saved to: /home/osos/Mohamed_Masters_Thesis/DHP_drone_updated/DHP/training_logs/dhp_split_metrics_20250908_233203.json
2025-09-08 23:32:03,750 - INFO - 
BEST MODEL CONFIRMED:
2025-09-08 23:32:03,750 - INFO -   Episode: 99
2025-09-08 23:32:03,750 - INFO -   Position Error: 0.2134m
2025-09-08 23:32:03,750 - INFO -   Model files: dhp_cf2x_best_*
2025-09-08 23:32:03,750 - INFO - ================================================================================
2025-09-08 23:32:03,750 - INFO - TRAINING SESSION COMPLETED
2025-09-08 23:32:03,750 - INFO - Detailed log saved to: /home/osos/Mohamed_Masters_Thesis/DHP_drone_updated/DHP/training_logs/dhp_split_training_20250908_232952.log
2025-09-08 23:32:03,750 - INFO - ================================================================================
2025-09-08 23:32:03,750 - INFO - Best episode replay data saved: /home/osos/Mohamed_Masters_Thesis/DHP_drone_updated/DHP/best_episode_replays/best_episode_replay_ep99_error0.2134_20250908_233203.pkl
2025-09-08 23:32:03,750 - INFO -   Episode: 99, Error: 0.2134m
2025-09-08 23:32:03,750 - INFO -   Action sequence: 104 steps
2025-09-08 23:32:03,750 - INFO -   Duration: 3.47 seconds
2025-09-08 23:32:03,750 - INFO -   Control frequency: 30.0 Hz
2025-09-08 23:32:22,406 - INFO - 
==================================================
2025-09-08 23:32:22,406 - INFO - STARTING BEST EPISODE REPLAY
2025-09-08 23:32:22,406 - INFO - ==================================================
2025-09-08 23:32:27,480 - INFO - Best episode replay completed successfully
2025-09-08 23:32:27,480 - INFO - Original error: 0.2134m, Replay error: 0.2134m
2025-09-08 23:32:27,480 - INFO - Training and best episode replay session completed successfully!
