2025-09-08 19:45:56,684 - INFO - ================================================================================
2025-09-08 19:45:56,684 - INFO - DHP SPLIT ARCHITECTURE TRAINING SESSION STARTED
2025-09-08 19:45:56,684 - INFO - ================================================================================
2025-09-08 19:45:56,684 - INFO - HYPERPARAMETERS:
2025-09-08 19:45:56,684 - INFO - ----------------------------------------
2025-09-08 19:45:56,684 - INFO - action_size              : 4
2025-09-08 19:45:56,684 - INFO - best_episode_gui         : False
2025-09-08 19:45:56,684 - INFO - coordination_strength    : 0.1
2025-09-08 19:45:56,684 - INFO - coordination_warmup_episodes: 400
2025-09-08 19:45:56,684 - INFO - dt                       : 0.03333333333333333
2025-09-08 19:45:56,684 - INFO - episode_length           : 20.0
2025-09-08 19:45:56,684 - INFO - excitation_amplitude     : 0.03
2025-09-08 19:45:56,684 - INFO - excitation_steps         : 12500
2025-09-08 19:45:56,684 - INFO - gamma                    : 0.98
2025-09-08 19:45:56,685 - INFO - gradient_clip_value      : 0.5
2025-09-08 19:45:56,685 - INFO - gui                      : False
2025-09-08 19:45:56,685 - INFO - hidden_layer_size        : [64, 64, 32]
2025-09-08 19:45:56,685 - INFO - log_interval             : 10
2025-09-08 19:45:56,685 - INFO - lr_actor                 : 0.005
2025-09-08 19:45:56,685 - INFO - lr_critic                : 0.01
2025-09-08 19:45:56,685 - INFO - lr_decay                 : 0.9999
2025-09-08 19:45:56,685 - INFO - normalize_states         : True
2025-09-08 19:45:56,685 - INFO - num_episodes             : 2500
2025-09-08 19:45:56,685 - INFO - predict_delta            : False
2025-09-08 19:45:56,685 - INFO - record                   : False
2025-09-08 19:45:56,685 - INFO - record_best_episodes     : True
2025-09-08 19:45:56,685 - INFO - recording_fps            : 30
2025-09-08 19:45:56,685 - INFO - reference_size           : 8
2025-09-08 19:45:56,685 - INFO - rls_action_size          : 4
2025-09-08 19:45:56,685 - INFO - rls_covariance           : 100.0
2025-09-08 19:45:56,685 - INFO - rls_gamma                : 0.9995
2025-09-08 19:45:56,685 - INFO - rls_state_size           : 8
2025-09-08 19:45:56,685 - INFO - save_interval            : 100
2025-09-08 19:45:56,685 - INFO - split                    : False
2025-09-08 19:45:56,685 - INFO - state_bounds             : {'z': [0.0, 5.0], 'roll': [-1.5707963267948966, 1.5707963267948966], 'pitch': [-1.5707963267948966, 1.5707963267948966], 'yaw': [-3.141592653589793, 3.141592653589793], 'vz': [-12.0, 12.0], 'wx': [-10.0, 10.0], 'wy': [-10.0, 10.0], 'wz': [-10.0, 10.0]}
2025-09-08 19:45:56,685 - INFO - state_size               : 8
2025-09-08 19:45:56,685 - INFO - target_network           : True
2025-09-08 19:45:56,685 - INFO - target_pos               : [0.5, 0.5, 1.0]
2025-09-08 19:45:56,685 - INFO - tau                      : 0.001
2025-09-08 19:45:56,685 - INFO - trajectory_type          : spiral
2025-09-08 19:45:56,685 - INFO - update_cycles            : 2
2025-09-08 19:45:56,686 - INFO - use_trajectory           : False
2025-09-08 19:45:56,686 - INFO - ----------------------------------------
2025-09-08 19:45:56,686 - INFO - Log file: /home/osos/Mohamed_Masters_Thesis/DHP_drone_updated/DHP/training_logs/dhp_split_training_20250908_194556.log
2025-09-08 19:45:56,686 - INFO - ================================================================================
2025-09-08 19:45:56,686 - INFO - 
TRAJECTORY TRAINING CONFIGURATION:
2025-09-08 19:45:56,686 - INFO -   num_episodes: 200
2025-09-08 19:45:56,686 - INFO -   episode_length: 25.0
2025-09-08 19:45:56,686 - INFO -   excitation_steps: 5000
2025-09-08 19:45:56,686 - INFO -   log_interval: 10
2025-09-08 19:45:56,686 - INFO -   save_interval: 50
2025-09-08 19:45:56,686 - INFO -   gui: False
2025-09-08 19:45:56,686 - INFO -   record: False
2025-09-08 19:45:56,686 - INFO -   normalize_states: True
2025-09-08 19:45:56,686 - INFO -   record_best_episodes: True
2025-09-08 19:45:56,686 - INFO -   coordination_warmup_episodes: 200
2025-09-08 19:45:56,686 - INFO -   coordination_strength: 0.15
2025-09-08 19:45:56,686 - INFO -   use_trajectory: True
2025-09-08 19:45:56,686 - INFO -   trajectory_type: spiral
2025-09-08 19:45:56,686 - INFO -   target_pos: [0.0, 0.0, 1.0]
2025-09-08 19:45:56,687 - INFO - 
==================================================
2025-09-08 19:45:56,687 - INFO - STARTING DHP TRAINING FOR CF2X QUADROTOR
2025-09-08 19:45:56,687 - INFO - ==================================================
2025-09-08 19:45:56,799 - WARNING - From /home/osos/Mohamed_Masters_Thesis/DHP_drone_updated/msc-thesis/agents/dhp.py:88: The name tf.Session is deprecated. Please use tf.compat.v1.Session instead.

2025-09-08 19:45:56,883 - WARNING - From /home/osos/Mohamed_Masters_Thesis/DHP_drone_updated/msc-thesis/agents/dhp.py:117: The name tf.placeholder is deprecated. Please use tf.compat.v1.placeholder instead.

2025-09-08 19:45:56,885 - WARNING - From /home/osos/Mohamed_Masters_Thesis/DHP_drone_updated/msc-thesis/agents/dhp.py:119: The name tf.placeholder_with_default is deprecated. Please use tf.compat.v1.placeholder_with_default instead.

2025-09-08 19:45:56,887 - WARNING - From /home/osos/Mohamed_Masters_Thesis/DHP_drone_updated/msc-thesis/agents/dhp.py:141: The name tf.variable_scope is deprecated. Please use tf.compat.v1.variable_scope instead.

2025-09-08 19:45:56,888 - WARNING - From /home/osos/Mohamed_Masters_Thesis/DHP_drone_updated/msc-thesis/agents/dhp.py:145: dense (from tensorflow.python.layers.core) is deprecated and will be removed in a future version.
Instructions for updating:
Use keras.layers.Dense instead.
2025-09-08 19:45:56,888 - WARNING - From /home/osos/anaconda3/envs/DHP/lib/python3.7/site-packages/tensorflow_core/python/layers/core.py:187: Layer.apply (from tensorflow.python.keras.engine.base_layer) is deprecated and will be removed in a future version.
Instructions for updating:
Please use `layer.__call__` method instead.
2025-09-08 19:45:56,915 - WARNING - From /home/osos/Mohamed_Masters_Thesis/DHP_drone_updated/msc-thesis/agents/dhp.py:150: The name tf.trainable_variables is deprecated. Please use tf.compat.v1.trainable_variables instead.

2025-09-08 19:45:56,926 - WARNING - From /home/osos/Mohamed_Masters_Thesis/DHP_drone_updated/msc-thesis/agents/dhp.py:156: The name tf.train.GradientDescentOptimizer is deprecated. Please use tf.compat.v1.train.GradientDescentOptimizer instead.

2025-09-08 19:45:56,954 - WARNING - From /home/osos/Mohamed_Masters_Thesis/DHP_drone_updated/msc-thesis/agents/dhp.py:173: The name tf.assign is deprecated. Please use tf.compat.v1.assign instead.

2025-09-08 19:45:57,077 - WARNING - From /home/osos/Mohamed_Masters_Thesis/DHP_drone_updated/msc-thesis/agents/dhp.py:97: The name tf.summary.merge_all is deprecated. Please use tf.compat.v1.summary.merge_all instead.

2025-09-08 19:45:57,078 - WARNING - From /home/osos/Mohamed_Masters_Thesis/DHP_drone_updated/msc-thesis/agents/dhp.py:98: The name tf.train.Saver is deprecated. Please use tf.compat.v1.train.Saver instead.

2025-09-08 19:45:57,089 - WARNING - From /home/osos/Mohamed_Masters_Thesis/DHP_drone_updated/msc-thesis/agents/dhp.py:99: The name tf.global_variables_initializer is deprecated. Please use tf.compat.v1.global_variables_initializer instead.

2025-09-08 19:45:57,143 - INFO - 
Training for 200 episodes...
2025-09-08 19:45:57,144 - INFO - Episode | Reward  | Avg Cost | Pos Error | Duration (Completion) | Time
2025-09-08 19:45:57,144 - INFO - -------------------------------------------------------------------------------------
2025-09-08 19:45:59,538 - INFO - 🏆 NEW BEST EPISODE (SMART CRITERIA)! Episode 0
2025-09-08 19:45:59,538 - INFO -    Position Error: 5.9379m
2025-09-08 19:45:59,538 - INFO -    Completion: 38.7% (290/750 steps)
2025-09-08 19:45:59,538 - INFO -    Duration: 9.7s / 25.0s
2025-09-08 19:45:59,538 - INFO -    Composite Score: -20.71
2025-09-08 19:45:59,540 - INFO -       0 |   69.54 |   40.602 |    5.9379 |   9.7s (38.7%) |    2.4s
2025-09-08 19:46:01,516 - INFO - 🏆 NEW BEST EPISODE (SMART CRITERIA)! Episode 1
2025-09-08 19:46:01,516 - INFO -    Position Error: 5.7127m
2025-09-08 19:46:01,516 - INFO -    Completion: 40.8% (306/750 steps)
2025-09-08 19:46:01,516 - INFO -    Duration: 10.2s / 25.0s
2025-09-08 19:46:01,516 - INFO -    Composite Score: -16.33
2025-09-08 19:46:03,680 - INFO - 🏆 NEW BEST EPISODE (SMART CRITERIA)! Episode 2
2025-09-08 19:46:03,680 - INFO -    Position Error: 5.3171m
2025-09-08 19:46:03,680 - INFO -    Completion: 44.9% (337/750 steps)
2025-09-08 19:46:03,681 - INFO -    Duration: 11.2s / 25.0s
2025-09-08 19:46:03,681 - INFO -    Composite Score: -8.24
2025-09-08 19:46:04,390 - INFO - NEW BEST PERFORMANCE! Episode 3: 5.0525m
2025-09-08 19:46:04,429 - INFO - BEST MODEL SAVED! Episode 3, Error: 5.0525m
2025-09-08 19:46:04,429 - INFO - Best model path: /home/osos/Mohamed_Masters_Thesis/DHP_drone_updated/DHP/trained_models/dhp_cf2x_best
2025-09-08 19:46:04,429 - INFO - All model files saved successfully!
2025-09-08 19:46:05,283 - INFO - NEW BEST PERFORMANCE! Episode 4: 4.6842m
2025-09-08 19:46:05,304 - INFO - BEST MODEL SAVED! Episode 4, Error: 4.6842m
2025-09-08 19:46:05,304 - INFO - Best model path: /home/osos/Mohamed_Masters_Thesis/DHP_drone_updated/DHP/trained_models/dhp_cf2x_best
2025-09-08 19:46:05,305 - INFO - All model files saved successfully!
2025-09-08 19:46:07,441 - INFO - 🏆 NEW BEST EPISODE (SMART CRITERIA)! Episode 5
2025-09-08 19:46:07,441 - INFO -    Position Error: 5.2723m
2025-09-08 19:46:07,441 - INFO -    Completion: 46.8% (351/750 steps)
2025-09-08 19:46:07,441 - INFO -    Duration: 11.7s / 25.0s
2025-09-08 19:46:07,441 - INFO -    Composite Score: -5.92
2025-09-08 19:46:07,981 - INFO - NEW BEST PERFORMANCE! Episode 6: 5.0038m
2025-09-08 19:46:08,004 - INFO - BEST MODEL SAVED! Episode 6, Error: 5.0038m
2025-09-08 19:46:08,004 - INFO - Best model path: /home/osos/Mohamed_Masters_Thesis/DHP_drone_updated/DHP/trained_models/dhp_cf2x_best
2025-09-08 19:46:08,004 - INFO - All model files saved successfully!
2025-09-08 19:46:10,904 - INFO - NEW BEST PERFORMANCE! Episode 9: 4.7360m
2025-09-08 19:46:10,922 - INFO - BEST MODEL SAVED! Episode 9, Error: 4.7360m
2025-09-08 19:46:10,922 - INFO - Best model path: /home/osos/Mohamed_Masters_Thesis/DHP_drone_updated/DHP/trained_models/dhp_cf2x_best
2025-09-08 19:46:10,923 - INFO - All model files saved successfully!
2025-09-08 19:46:11,465 - INFO -      10 |   31.73 |   39.232 |    4.8761 |   2.7s (10.9%) |   14.3s
2025-09-08 19:46:13,546 - INFO - NEW BEST PERFORMANCE! Episode 12: 3.2619m
2025-09-08 19:46:13,564 - INFO - BEST MODEL SAVED! Episode 12, Error: 3.2619m
2025-09-08 19:46:13,564 - INFO - Best model path: /home/osos/Mohamed_Masters_Thesis/DHP_drone_updated/DHP/trained_models/dhp_cf2x_best
2025-09-08 19:46:13,565 - INFO - All model files saved successfully!
2025-09-08 19:46:14,228 - INFO - NEW BEST PERFORMANCE! Episode 14: 0.6191m
2025-09-08 19:46:14,249 - INFO - BEST MODEL SAVED! Episode 14, Error: 0.6191m
2025-09-08 19:46:14,249 - INFO - Best model path: /home/osos/Mohamed_Masters_Thesis/DHP_drone_updated/DHP/trained_models/dhp_cf2x_best
2025-09-08 19:46:14,249 - INFO - All model files saved successfully!
2025-09-08 19:46:14,250 - INFO - CONVERGENCE EPISODE 14: 0.6191m
2025-09-08 19:46:14,931 - INFO - NEW BEST PERFORMANCE! Episode 16: 0.4607m
2025-09-08 19:46:14,950 - INFO - BEST MODEL SAVED! Episode 16, Error: 0.4607m
2025-09-08 19:46:14,950 - INFO - Best model path: /home/osos/Mohamed_Masters_Thesis/DHP_drone_updated/DHP/trained_models/dhp_cf2x_best
2025-09-08 19:46:14,950 - INFO - All model files saved successfully!
2025-09-08 19:46:14,950 - INFO - CONVERGENCE EPISODE 16: 0.4607m
2025-09-08 19:46:15,107 - INFO - CONVERGENCE EPISODE 17: 0.4611m
2025-09-08 19:46:19,126 - INFO - NEW BEST PERFORMANCE! Episode 20: 0.3960m
2025-09-08 19:46:19,146 - INFO - BEST MODEL SAVED! Episode 20, Error: 0.3960m
2025-09-08 19:46:19,146 - INFO - Best model path: /home/osos/Mohamed_Masters_Thesis/DHP_drone_updated/DHP/trained_models/dhp_cf2x_best
2025-09-08 19:46:19,146 - INFO - All model files saved successfully!
2025-09-08 19:46:19,146 - INFO - CONVERGENCE EPISODE 20: 0.3960m
2025-09-08 19:46:19,146 - INFO -      20 |   27.59 |   80.204 |    0.3960 |   0.7s ( 2.8%) |   22.0s
2025-09-08 19:46:19,359 - INFO - CONVERGENCE EPISODE 21: 0.7168m
2025-09-08 19:46:19,593 - INFO - CONVERGENCE EPISODE 22: 0.5775m
2025-09-08 19:46:19,749 - INFO - NEW BEST PERFORMANCE! Episode 23: 0.3898m
2025-09-08 19:46:19,771 - INFO - BEST MODEL SAVED! Episode 23, Error: 0.3898m
2025-09-08 19:46:19,771 - INFO - Best model path: /home/osos/Mohamed_Masters_Thesis/DHP_drone_updated/DHP/trained_models/dhp_cf2x_best
2025-09-08 19:46:19,771 - INFO - All model files saved successfully!
2025-09-08 19:46:19,771 - INFO - CONVERGENCE EPISODE 23: 0.3898m
2025-09-08 19:46:19,962 - INFO - CONVERGENCE EPISODE 24: 0.3989m
2025-09-08 19:46:20,124 - INFO - NEW BEST PERFORMANCE! Episode 25: 0.2868m
2025-09-08 19:46:20,144 - INFO - BEST MODEL SAVED! Episode 25, Error: 0.2868m
2025-09-08 19:46:20,144 - INFO - Best model path: /home/osos/Mohamed_Masters_Thesis/DHP_drone_updated/DHP/trained_models/dhp_cf2x_best
2025-09-08 19:46:20,144 - INFO - All model files saved successfully!
2025-09-08 19:46:20,144 - INFO - CONVERGENCE EPISODE 25: 0.2868m
2025-09-08 19:46:20,281 - INFO - NEW BEST PERFORMANCE! Episode 26: 0.2770m
2025-09-08 19:46:20,301 - INFO - BEST MODEL SAVED! Episode 26, Error: 0.2770m
2025-09-08 19:46:20,301 - INFO - Best model path: /home/osos/Mohamed_Masters_Thesis/DHP_drone_updated/DHP/trained_models/dhp_cf2x_best
2025-09-08 19:46:20,302 - INFO - All model files saved successfully!
2025-09-08 19:46:20,302 - INFO - CONVERGENCE EPISODE 26: 0.2770m
2025-09-08 19:46:20,459 - INFO - CONVERGENCE EPISODE 27: 0.4051m
2025-09-08 19:46:20,622 - INFO - CONVERGENCE EPISODE 28: 0.4772m
2025-09-08 19:46:20,766 - INFO - CONVERGENCE EPISODE 29: 0.4483m
2025-09-08 19:46:20,766 - INFO - STABLE PERFORMANCE ACHIEVED starting at episode 20
2025-09-08 19:46:20,929 - INFO - CONVERGENCE EPISODE 30: 0.4762m
2025-09-08 19:46:20,929 - INFO -      30 |   24.91 |  108.531 |    0.4762 |   0.6s ( 2.5%) |   23.8s
2025-09-08 19:46:21,094 - INFO - CONVERGENCE EPISODE 31: 0.4707m
2025-09-08 19:46:21,263 - INFO - CONVERGENCE EPISODE 32: 0.4502m
2025-09-08 19:46:21,444 - INFO - CONVERGENCE EPISODE 33: 0.4862m
2025-09-08 19:46:21,605 - INFO - CONVERGENCE EPISODE 34: 0.3739m
2025-09-08 19:46:21,751 - INFO - CONVERGENCE EPISODE 35: 0.3937m
2025-09-08 19:46:21,888 - INFO - CONVERGENCE EPISODE 36: 0.4122m
2025-09-08 19:46:22,029 - INFO - CONVERGENCE EPISODE 37: 0.2997m
2025-09-08 19:46:22,170 - INFO - CONVERGENCE EPISODE 38: 0.3446m
2025-09-08 19:46:22,315 - INFO - CONVERGENCE EPISODE 39: 0.3616m
2025-09-08 19:46:22,465 - INFO - CONVERGENCE EPISODE 40: 0.4076m
2025-09-08 19:46:22,465 - INFO -      40 |   22.52 |  111.946 |    0.4076 |   0.6s ( 2.3%) |   25.3s
2025-09-08 19:46:22,611 - INFO - CONVERGENCE EPISODE 41: 0.3580m
2025-09-08 19:46:22,752 - INFO - CONVERGENCE EPISODE 42: 0.3156m
2025-09-08 19:46:22,890 - INFO - CONVERGENCE EPISODE 43: 0.3541m
2025-09-08 19:46:23,088 - INFO - CONVERGENCE EPISODE 44: 0.9209m
2025-09-08 19:46:25,080 - INFO - CONVERGENCE EPISODE 46: 0.4464m
2025-09-08 19:46:25,945 - INFO - CONVERGENCE EPISODE 48: 0.2917m
2025-09-08 19:46:26,921 - INFO - CONVERGENCE EPISODE 50: 0.3468m
2025-09-08 19:46:26,921 - INFO -      50 |   73.55 |   16.027 |    0.3468 |   1.8s ( 7.2%) |   29.8s
2025-09-08 19:46:27,211 - INFO - NEW BEST PERFORMANCE! Episode 51: 0.2728m
2025-09-08 19:46:27,230 - INFO - BEST MODEL SAVED! Episode 51, Error: 0.2728m
2025-09-08 19:46:27,230 - INFO - Best model path: /home/osos/Mohamed_Masters_Thesis/DHP_drone_updated/DHP/trained_models/dhp_cf2x_best
2025-09-08 19:46:27,230 - INFO - All model files saved successfully!
2025-09-08 19:46:27,230 - INFO - CONVERGENCE EPISODE 51: 0.2728m
2025-09-08 19:46:27,519 - INFO - CONVERGENCE EPISODE 52: 0.3581m
2025-09-08 19:46:27,805 - INFO - NEW BEST PERFORMANCE! Episode 53: 0.1044m
2025-09-08 19:46:27,825 - INFO - BEST MODEL SAVED! Episode 53, Error: 0.1044m
2025-09-08 19:46:27,825 - INFO - Best model path: /home/osos/Mohamed_Masters_Thesis/DHP_drone_updated/DHP/trained_models/dhp_cf2x_best
2025-09-08 19:46:27,825 - INFO - All model files saved successfully!
2025-09-08 19:46:27,825 - INFO - CONVERGENCE EPISODE 53: 0.1044m
2025-09-08 19:46:28,105 - INFO - CONVERGENCE EPISODE 54: 0.7020m
2025-09-08 19:46:28,414 - INFO - CONVERGENCE EPISODE 55: 0.2439m
2025-09-08 19:46:28,833 - INFO - CONVERGENCE EPISODE 56: 0.8166m
2025-09-08 19:46:30,287 - INFO - CONVERGENCE EPISODE 59: 0.3861m
2025-09-08 19:46:30,717 - INFO -      60 |   37.52 |   49.672 |    1.1876 |   1.8s ( 7.2%) |   33.6s
2025-09-08 19:46:31,641 - INFO - CONVERGENCE EPISODE 63: 0.4018m
2025-09-08 19:46:34,435 - INFO - CONVERGENCE EPISODE 69: 0.8790m
2025-09-08 19:46:34,852 - INFO -      70 |   22.65 |   70.048 |    1.0425 |   2.2s ( 8.7%) |   37.7s
2025-09-08 19:46:36,991 - INFO - CONVERGENCE EPISODE 74: 0.3651m
2025-09-08 19:46:37,710 - INFO - 🏆 NEW BEST EPISODE (SMART CRITERIA)! Episode 76
2025-09-08 19:46:37,710 - INFO -    Position Error: 1.0947m
2025-09-08 19:46:37,710 - INFO -    Completion: 10.4% (78/750 steps)
2025-09-08 19:46:37,710 - INFO -    Duration: 2.6s / 25.0s
2025-09-08 19:46:37,711 - INFO -    Composite Score: -0.55
2025-09-08 19:46:39,195 - INFO - 🏆 NEW BEST EPISODE (SMART CRITERIA)! Episode 78
2025-09-08 19:46:39,195 - INFO -    Position Error: 1.2471m
2025-09-08 19:46:39,195 - INFO -    Completion: 18.7% (140/750 steps)
2025-09-08 19:46:39,195 - INFO -    Duration: 4.7s / 25.0s
2025-09-08 19:46:39,196 - INFO -    Composite Score: 6.20
2025-09-08 19:46:40,231 - INFO -      80 |  117.29 |   82.165 |    1.2489 |   2.4s ( 9.7%) |   43.1s
2025-09-08 19:46:40,737 - INFO - NEW BEST PERFORMANCE! Episode 81: 0.9578m
2025-09-08 19:46:40,758 - INFO - BEST MODEL SAVED! Episode 81, Error: 0.9578m
2025-09-08 19:46:40,758 - INFO - Best model path: /home/osos/Mohamed_Masters_Thesis/DHP_drone_updated/DHP/trained_models/dhp_cf2x_best
2025-09-08 19:46:40,758 - INFO - All model files saved successfully!
2025-09-08 19:46:40,758 - INFO - CONVERGENCE EPISODE 81: 0.9578m
2025-09-08 19:46:44,815 - INFO - NEW BEST PERFORMANCE! Episode 86: 0.7129m
2025-09-08 19:46:44,837 - INFO - BEST MODEL SAVED! Episode 86, Error: 0.7129m
2025-09-08 19:46:44,837 - INFO - Best model path: /home/osos/Mohamed_Masters_Thesis/DHP_drone_updated/DHP/trained_models/dhp_cf2x_best
2025-09-08 19:46:44,837 - INFO - All model files saved successfully!
2025-09-08 19:46:44,837 - INFO - CONVERGENCE EPISODE 86: 0.7129m
2025-09-08 19:46:47,457 - INFO -      90 |  131.69 |   50.784 |    1.5644 |   3.1s (12.5%) |   50.3s
2025-09-08 19:46:48,017 - INFO - 🏆 NEW BEST EPISODE (SMART CRITERIA)! Episode 91
2025-09-08 19:46:48,017 - INFO -    Position Error: 0.4875m
2025-09-08 19:46:48,017 - INFO -    Completion: 11.5% (86/750 steps)
2025-09-08 19:46:48,017 - INFO -    Duration: 2.9s / 25.0s
2025-09-08 19:46:48,017 - INFO -    Composite Score: 6.59
2025-09-08 19:46:48,019 - INFO - CONVERGENCE EPISODE 91: 0.4875m
2025-09-08 19:46:52,750 - INFO - 🏆 NEW BEST EPISODE (SMART CRITERIA)! Episode 96
2025-09-08 19:46:52,750 - INFO -    Position Error: 1.1561m
2025-09-08 19:46:52,750 - INFO -    Completion: 22.5% (169/750 steps)
2025-09-08 19:46:52,751 - INFO -    Duration: 5.6s / 25.0s
2025-09-08 19:46:52,751 - INFO -    Composite Score: 10.97
2025-09-08 19:46:56,068 - INFO - 
2025-09-08 19:46:56,068 - INFO - MILESTONE 100 ANALYSIS:
2025-09-08 19:46:56,068 - INFO -   Recent 50 episodes avg position error: 1.7842 ± 1.3335m
2025-09-08 19:46:56,068 - INFO -   Recent 50 episodes avg cost: 70.526
2025-09-08 19:46:56,068 - INFO -   Convergent episodes ratio (< 1.0m): 26.00%
2025-09-08 19:46:56,068 - INFO -   Total convergent episodes so far: 44
2025-09-08 19:46:56,068 - INFO -   Best performance: 1.1561m at episode 96
2025-09-08 19:46:56,068 - INFO -   Stable performance maintained since episode 20
2025-09-08 19:46:56,068 - INFO - 
2025-09-08 19:46:56,068 - INFO -     100 |  279.19 |  128.457 |    3.7344 |   6.5s (25.9%) |   58.9s
2025-09-08 19:46:59,902 - INFO - NEW BEST PERFORMANCE! Episode 105: 0.8995m
2025-09-08 19:46:59,925 - INFO - BEST MODEL SAVED! Episode 105, Error: 0.8995m
2025-09-08 19:46:59,925 - INFO - Best model path: /home/osos/Mohamed_Masters_Thesis/DHP_drone_updated/DHP/trained_models/dhp_cf2x_best
2025-09-08 19:46:59,925 - INFO - All model files saved successfully!
2025-09-08 19:46:59,925 - INFO - CONVERGENCE EPISODE 105: 0.8995m
2025-09-08 19:47:00,266 - INFO - NEW BEST PERFORMANCE! Episode 106: 0.2434m
2025-09-08 19:47:00,285 - INFO - BEST MODEL SAVED! Episode 106, Error: 0.2434m
2025-09-08 19:47:00,285 - INFO - Best model path: /home/osos/Mohamed_Masters_Thesis/DHP_drone_updated/DHP/trained_models/dhp_cf2x_best
2025-09-08 19:47:00,286 - INFO - All model files saved successfully!
2025-09-08 19:47:00,286 - INFO - CONVERGENCE EPISODE 106: 0.2434m
2025-09-08 19:47:00,688 - INFO - CONVERGENCE EPISODE 107: 0.4064m
2025-09-08 19:47:01,137 - INFO - CONVERGENCE EPISODE 108: 0.5399m
2025-09-08 19:47:02,794 - INFO -     110 |   91.63 |   58.006 |    4.3567 |   5.7s (22.8%) |   65.7s
2025-09-08 19:47:03,243 - INFO - NEW BEST PERFORMANCE! Episode 111: 0.2320m
2025-09-08 19:47:03,262 - INFO - BEST MODEL SAVED! Episode 111, Error: 0.2320m
2025-09-08 19:47:03,262 - INFO - Best model path: /home/osos/Mohamed_Masters_Thesis/DHP_drone_updated/DHP/trained_models/dhp_cf2x_best
2025-09-08 19:47:03,262 - INFO - All model files saved successfully!
2025-09-08 19:47:03,262 - INFO - CONVERGENCE EPISODE 111: 0.2320m
2025-09-08 19:47:05,737 - INFO - CONVERGENCE EPISODE 116: 0.9747m
2025-09-08 19:47:08,331 - INFO -     120 |   79.10 |   47.393 |    1.0149 |   2.7s (10.8%) |   71.2s
2025-09-08 19:47:10,871 - INFO - CONVERGENCE EPISODE 124: 0.9084m
2025-09-08 19:47:12,326 - INFO - CONVERGENCE EPISODE 127: 0.8060m
2025-09-08 19:47:13,738 - INFO -     130 |   93.37 |   46.284 |    1.5489 |   2.4s ( 9.7%) |   76.6s
2025-09-08 19:47:14,247 - INFO - CONVERGENCE EPISODE 132: 0.5375m
2025-09-08 19:47:15,368 - INFO - CONVERGENCE EPISODE 134: 0.9254m
2025-09-08 19:47:16,713 - INFO - CONVERGENCE EPISODE 137: 0.5710m
2025-09-08 19:47:17,584 - INFO - CONVERGENCE EPISODE 139: 0.8316m
2025-09-08 19:47:17,889 - INFO - CONVERGENCE EPISODE 140: 0.8340m
2025-09-08 19:47:17,889 - INFO -     140 |   63.72 |  112.369 |    0.8340 |   1.5s ( 5.9%) |   80.7s
2025-09-08 19:47:21,588 - INFO - CONVERGENCE EPISODE 145: 0.3255m
2025-09-08 19:47:22,325 - INFO - CONVERGENCE EPISODE 147: 0.5705m
2025-09-08 19:47:23,194 - INFO - CONVERGENCE EPISODE 149: 0.7519m
2025-09-08 19:47:23,529 - INFO - CONVERGENCE EPISODE 150: 0.5894m
2025-09-08 19:47:23,529 - INFO -     150 |   67.30 |  115.188 |    0.5894 |   1.6s ( 6.5%) |   86.4s
2025-09-08 19:47:26,505 - INFO - CONVERGENCE EPISODE 156: 0.8882m
2025-09-08 19:47:29,267 - INFO -     160 |   42.76 |   54.376 |    1.9358 |   1.9s ( 7.6%) |   92.1s
2025-09-08 19:47:34,934 - INFO -     170 |   64.54 |   59.317 |    2.6831 |   2.2s ( 8.7%) |   97.8s
2025-09-08 19:47:40,065 - INFO - CONVERGENCE EPISODE 180: 0.8915m
2025-09-08 19:47:40,065 - INFO -     180 |   60.83 |   67.354 |    0.8915 |   2.2s ( 8.7%) |  102.9s
2025-09-08 19:47:41,226 - INFO - CONVERGENCE EPISODE 183: 0.6794m
2025-09-08 19:47:44,757 - INFO - CONVERGENCE EPISODE 190: 0.6263m
2025-09-08 19:47:44,757 - INFO -     190 |   53.71 |   52.525 |    0.6263 |   1.5s ( 6.0%) |  107.6s
2025-09-08 19:47:46,796 - INFO - CONVERGENCE EPISODE 193: 0.3923m
2025-09-08 19:47:48,817 - INFO - CONVERGENCE EPISODE 197: 0.7406m
2025-09-08 19:47:50,096 - INFO - CONVERGENCE EPISODE 199: 0.9180m
2025-09-08 19:47:50,096 - INFO - 
================================================================================
2025-09-08 19:47:50,097 - INFO - TRAINING COMPLETED - FINAL ANALYSIS
2025-09-08 19:47:50,097 - INFO - ================================================================================
2025-09-08 19:47:50,097 - INFO - Total training time: 113.0 seconds (1.9 minutes)
2025-09-08 19:47:50,097 - INFO - Final episode reward: 108.33
2025-09-08 19:47:50,097 - INFO - Final position error: 0.9180m
2025-09-08 19:47:50,097 - INFO - 
EPISODE COMPLETION STATISTICS:
2025-09-08 19:47:50,097 - INFO - Average completion rate: 10.9%
2025-09-08 19:47:50,097 - INFO - Episodes completed (≥90%): 0/200 (0.0%)
2025-09-08 19:47:50,097 - INFO - No episodes achieved ≥90% completion
2025-09-08 19:47:50,097 - INFO - 
BEST EPISODE ANALYSIS:
2025-09-08 19:47:50,097 - INFO - Best overall episode (smart criteria): #111
2025-09-08 19:47:50,097 - INFO -   Position error: 0.2320m
2025-09-08 19:47:50,097 - INFO -   Composite score: 10.97
2025-09-08 19:47:50,097 - INFO - Total convergent episodes (< 1.0m): 68/200 (34.00%)
2025-09-08 19:47:50,097 - INFO - Stable performance achieved: Yes (from episode 20, duration: 180 episodes)
2025-09-08 19:47:50,097 - INFO - Position error statistics:
2025-09-08 19:47:50,097 - INFO -   Mean: 2.1432m
2025-09-08 19:47:50,098 - INFO -   Std:  1.7129m
2025-09-08 19:47:50,098 - INFO -   Min:  0.1044m
2025-09-08 19:47:50,098 - INFO -   Max:  5.9379m
2025-09-08 19:47:50,098 - INFO -   Median: 1.4936m
2025-09-08 19:47:50,098 - INFO - Performance distribution:
2025-09-08 19:47:50,098 - INFO -   Excellent (< 0.5m): 40 episodes (20.0%)
2025-09-08 19:47:50,098 - INFO -   Good (0.5-1.0m):   28 episodes (14.0%)
2025-09-08 19:47:50,098 - INFO -   Acceptable (1.0-1.5m): 32 episodes (16.0%)
2025-09-08 19:47:50,098 - INFO -   Poor (> 1.5m):     100 episodes (50.0%)
2025-09-08 19:47:50,098 - INFO - 
TRAINING CONFIGURATION EFFECTIVENESS:
2025-09-08 19:47:50,098 - INFO - ----------------------------------------
2025-09-08 19:47:50,098 - INFO - Episodes needed for first convergence: 14
2025-09-08 19:47:50,098 - INFO - Excitation phase ended at episode: 6
2025-09-08 19:47:50,100 - INFO - Training metrics saved to: /home/osos/Mohamed_Masters_Thesis/DHP_drone_updated/DHP/training_logs/dhp_split_metrics_20250908_194750.json
2025-09-08 19:47:50,100 - INFO - 
BEST MODEL CONFIRMED:
2025-09-08 19:47:50,100 - INFO -   Episode: 111
2025-09-08 19:47:50,100 - INFO -   Position Error: 0.2320m
2025-09-08 19:47:50,100 - INFO -   Model files: dhp_cf2x_best_*
2025-09-08 19:47:50,100 - INFO - ================================================================================
2025-09-08 19:47:50,100 - INFO - TRAINING SESSION COMPLETED
2025-09-08 19:47:50,100 - INFO - Detailed log saved to: /home/osos/Mohamed_Masters_Thesis/DHP_drone_updated/DHP/training_logs/dhp_split_training_20250908_194556.log
2025-09-08 19:47:50,100 - INFO - ================================================================================
2025-09-08 19:47:50,101 - INFO - Best episode replay data saved: /home/osos/Mohamed_Masters_Thesis/DHP_drone_updated/DHP/best_episode_replays/best_episode_replay_ep96_error1.1561_20250908_194750.pkl
2025-09-08 19:47:50,101 - INFO -   Episode: 96, Error: 1.1561m
2025-09-08 19:47:50,101 - INFO -   Action sequence: 169 steps
2025-09-08 19:47:50,101 - INFO -   Duration: 5.63 seconds
2025-09-08 19:47:50,101 - INFO -   Control frequency: 30.0 Hz
2025-09-08 19:48:18,203 - INFO - 
==================================================
2025-09-08 19:48:18,203 - INFO - STARTING BEST EPISODE REPLAY
2025-09-08 19:48:18,203 - INFO - ==================================================
2025-09-08 19:48:25,139 - INFO - Best episode replay completed successfully
2025-09-08 19:48:25,139 - INFO - Original error: 1.1561m, Replay error: 1.3517m
2025-09-08 19:48:25,139 - INFO - Training and best episode replay session completed successfully!
