2025-09-08 20:25:24,627 - INFO - ================================================================================
2025-09-08 20:25:24,627 - INFO - DHP SPLIT ARCHITECTURE TRAINING SESSION STARTED
2025-09-08 20:25:24,627 - INFO - ================================================================================
2025-09-08 20:25:24,627 - INFO - HYPERPARAMETERS:
2025-09-08 20:25:24,627 - INFO - ----------------------------------------
2025-09-08 20:25:24,627 - INFO - action_size              : 4
2025-09-08 20:25:24,627 - INFO - best_episode_gui         : False
2025-09-08 20:25:24,627 - INFO - coordination_strength    : 0.1
2025-09-08 20:25:24,627 - INFO - coordination_warmup_episodes: 400
2025-09-08 20:25:24,627 - INFO - dt                       : 0.03333333333333333
2025-09-08 20:25:24,627 - INFO - episode_length           : 20.0
2025-09-08 20:25:24,627 - INFO - excitation_amplitude     : 0.03
2025-09-08 20:25:24,627 - INFO - excitation_steps         : 12500
2025-09-08 20:25:24,627 - INFO - gamma                    : 0.98
2025-09-08 20:25:24,627 - INFO - gradient_clip_value      : 0.5
2025-09-08 20:25:24,627 - INFO - gui                      : False
2025-09-08 20:25:24,627 - INFO - hidden_layer_size        : [64, 64, 32]
2025-09-08 20:25:24,627 - INFO - log_interval             : 10
2025-09-08 20:25:24,627 - INFO - lr_actor                 : 0.005
2025-09-08 20:25:24,627 - INFO - lr_critic                : 0.01
2025-09-08 20:25:24,627 - INFO - lr_decay                 : 0.9999
2025-09-08 20:25:24,627 - INFO - normalize_states         : True
2025-09-08 20:25:24,628 - INFO - num_episodes             : 2500
2025-09-08 20:25:24,628 - INFO - predict_delta            : False
2025-09-08 20:25:24,628 - INFO - record                   : False
2025-09-08 20:25:24,628 - INFO - record_best_episodes     : True
2025-09-08 20:25:24,628 - INFO - recording_fps            : 30
2025-09-08 20:25:24,628 - INFO - reference_size           : 8
2025-09-08 20:25:24,628 - INFO - rls_action_size          : 4
2025-09-08 20:25:24,628 - INFO - rls_covariance           : 100.0
2025-09-08 20:25:24,628 - INFO - rls_gamma                : 0.9995
2025-09-08 20:25:24,628 - INFO - rls_state_size           : 8
2025-09-08 20:25:24,628 - INFO - save_interval            : 100
2025-09-08 20:25:24,628 - INFO - split                    : False
2025-09-08 20:25:24,628 - INFO - state_bounds             : {'z': [0.0, 5.0], 'roll': [-1.5707963267948966, 1.5707963267948966], 'pitch': [-1.5707963267948966, 1.5707963267948966], 'yaw': [-3.141592653589793, 3.141592653589793], 'vz': [-12.0, 12.0], 'wx': [-10.0, 10.0], 'wy': [-10.0, 10.0], 'wz': [-10.0, 10.0]}
2025-09-08 20:25:24,628 - INFO - state_size               : 8
2025-09-08 20:25:24,628 - INFO - target_network           : True
2025-09-08 20:25:24,628 - INFO - target_pos               : [0.5, 0.5, 1.0]
2025-09-08 20:25:24,628 - INFO - tau                      : 0.001
2025-09-08 20:25:24,628 - INFO - trajectory_type          : spiral
2025-09-08 20:25:24,628 - INFO - update_cycles            : 2
2025-09-08 20:25:24,628 - INFO - use_trajectory           : False
2025-09-08 20:25:24,628 - INFO - ----------------------------------------
2025-09-08 20:25:24,629 - INFO - Log file: /home/osos/Mohamed_Masters_Thesis/DHP_drone_updated/DHP/training_logs/dhp_split_training_20250908_202524.log
2025-09-08 20:25:24,629 - INFO - ================================================================================
2025-09-08 20:25:24,629 - INFO - 
TRAJECTORY TRAINING CONFIGURATION:
2025-09-08 20:25:24,629 - INFO -   num_episodes: 200
2025-09-08 20:25:24,629 - INFO -   episode_length: 25.0
2025-09-08 20:25:24,629 - INFO -   excitation_steps: 5000
2025-09-08 20:25:24,629 - INFO -   log_interval: 10
2025-09-08 20:25:24,629 - INFO -   save_interval: 50
2025-09-08 20:25:24,629 - INFO -   gui: False
2025-09-08 20:25:24,629 - INFO -   record: False
2025-09-08 20:25:24,629 - INFO -   normalize_states: True
2025-09-08 20:25:24,629 - INFO -   record_best_episodes: True
2025-09-08 20:25:24,629 - INFO -   coordination_warmup_episodes: 200
2025-09-08 20:25:24,629 - INFO -   coordination_strength: 0.15
2025-09-08 20:25:24,629 - INFO -   use_trajectory: True
2025-09-08 20:25:24,629 - INFO -   trajectory_type: spiral
2025-09-08 20:25:24,629 - INFO -   target_pos: [0.0, 0.0, 1.0]
2025-09-08 20:25:24,630 - INFO - 
==================================================
2025-09-08 20:25:24,630 - INFO - STARTING DHP TRAINING FOR CF2X QUADROTOR
2025-09-08 20:25:24,630 - INFO - ==================================================
2025-09-08 20:25:24,721 - WARNING - From /home/osos/Mohamed_Masters_Thesis/DHP_drone_updated/msc-thesis/agents/dhp.py:88: The name tf.Session is deprecated. Please use tf.compat.v1.Session instead.

2025-09-08 20:25:24,818 - WARNING - From /home/osos/Mohamed_Masters_Thesis/DHP_drone_updated/msc-thesis/agents/dhp.py:117: The name tf.placeholder is deprecated. Please use tf.compat.v1.placeholder instead.

2025-09-08 20:25:24,819 - WARNING - From /home/osos/Mohamed_Masters_Thesis/DHP_drone_updated/msc-thesis/agents/dhp.py:119: The name tf.placeholder_with_default is deprecated. Please use tf.compat.v1.placeholder_with_default instead.

2025-09-08 20:25:24,821 - WARNING - From /home/osos/Mohamed_Masters_Thesis/DHP_drone_updated/msc-thesis/agents/dhp.py:141: The name tf.variable_scope is deprecated. Please use tf.compat.v1.variable_scope instead.

2025-09-08 20:25:24,822 - WARNING - From /home/osos/Mohamed_Masters_Thesis/DHP_drone_updated/msc-thesis/agents/dhp.py:145: dense (from tensorflow.python.layers.core) is deprecated and will be removed in a future version.
Instructions for updating:
Use keras.layers.Dense instead.
2025-09-08 20:25:24,822 - WARNING - From /home/osos/anaconda3/envs/DHP/lib/python3.7/site-packages/tensorflow_core/python/layers/core.py:187: Layer.apply (from tensorflow.python.keras.engine.base_layer) is deprecated and will be removed in a future version.
Instructions for updating:
Please use `layer.__call__` method instead.
2025-09-08 20:25:24,853 - WARNING - From /home/osos/Mohamed_Masters_Thesis/DHP_drone_updated/msc-thesis/agents/dhp.py:150: The name tf.trainable_variables is deprecated. Please use tf.compat.v1.trainable_variables instead.

2025-09-08 20:25:24,864 - WARNING - From /home/osos/Mohamed_Masters_Thesis/DHP_drone_updated/msc-thesis/agents/dhp.py:156: The name tf.train.GradientDescentOptimizer is deprecated. Please use tf.compat.v1.train.GradientDescentOptimizer instead.

2025-09-08 20:25:24,894 - WARNING - From /home/osos/Mohamed_Masters_Thesis/DHP_drone_updated/msc-thesis/agents/dhp.py:173: The name tf.assign is deprecated. Please use tf.compat.v1.assign instead.

2025-09-08 20:25:25,011 - WARNING - From /home/osos/Mohamed_Masters_Thesis/DHP_drone_updated/msc-thesis/agents/dhp.py:97: The name tf.summary.merge_all is deprecated. Please use tf.compat.v1.summary.merge_all instead.

2025-09-08 20:25:25,011 - WARNING - From /home/osos/Mohamed_Masters_Thesis/DHP_drone_updated/msc-thesis/agents/dhp.py:98: The name tf.train.Saver is deprecated. Please use tf.compat.v1.train.Saver instead.

2025-09-08 20:25:25,023 - WARNING - From /home/osos/Mohamed_Masters_Thesis/DHP_drone_updated/msc-thesis/agents/dhp.py:99: The name tf.global_variables_initializer is deprecated. Please use tf.compat.v1.global_variables_initializer instead.

2025-09-08 20:25:25,077 - INFO - 
Training for 200 episodes...
2025-09-08 20:25:25,077 - INFO - Episode | Reward  | Avg Cost | Pos Error | Duration (Completion) | Time
2025-09-08 20:25:25,077 - INFO - -------------------------------------------------------------------------------------
2025-09-08 20:25:26,298 - INFO - 🏆 NEW BEST EPISODE (SMART CRITERIA)! Episode 0
2025-09-08 20:25:26,298 - INFO -    Position Error: 5.1912m
2025-09-08 20:25:26,298 - INFO -    Completion: 14.5% (109/750 steps)
2025-09-08 20:25:26,298 - INFO -    Duration: 3.6s / 25.0s
2025-09-08 20:25:26,298 - INFO -    Composite Score: -37.38
2025-09-08 20:25:26,299 - INFO -       0 |   65.57 |   35.232 |    5.1912 |   3.6s (14.5%) |    1.2s
2025-09-08 20:25:28,065 - INFO - 🏆 NEW BEST EPISODE (SMART CRITERIA)! Episode 2
2025-09-08 20:25:28,066 - INFO -    Position Error: 5.3226m
2025-09-08 20:25:28,066 - INFO -    Completion: 18.3% (137/750 steps)
2025-09-08 20:25:28,066 - INFO -    Duration: 4.6s / 25.0s
2025-09-08 20:25:28,066 - INFO -    Composite Score: -34.96
2025-09-08 20:25:28,685 - INFO - NEW BEST PERFORMANCE! Episode 3: 5.0645m
2025-09-08 20:25:28,724 - INFO - BEST MODEL SAVED! Episode 3, Error: 5.0645m
2025-09-08 20:25:28,724 - INFO - Best model path: /home/osos/Mohamed_Masters_Thesis/DHP_drone_updated/DHP/trained_models/dhp_cf2x_best
2025-09-08 20:25:28,724 - INFO - All model files saved successfully!
2025-09-08 20:25:30,463 - INFO - 🏆 NEW BEST EPISODE (SMART CRITERIA)! Episode 5
2025-09-08 20:25:30,463 - INFO -    Position Error: 5.3537m
2025-09-08 20:25:30,463 - INFO -    Completion: 19.2% (144/750 steps)
2025-09-08 20:25:30,464 - INFO -    Duration: 4.8s / 25.0s
2025-09-08 20:25:30,464 - INFO -    Composite Score: -34.34
2025-09-08 20:25:31,212 - INFO - NEW BEST PERFORMANCE! Episode 6: 5.0994m
2025-09-08 20:25:31,234 - INFO - BEST MODEL SAVED! Episode 6, Error: 5.0994m
2025-09-08 20:25:31,234 - INFO - Best model path: /home/osos/Mohamed_Masters_Thesis/DHP_drone_updated/DHP/trained_models/dhp_cf2x_best
2025-09-08 20:25:31,234 - INFO - All model files saved successfully!
2025-09-08 20:25:33,678 - INFO - NEW BEST PERFORMANCE! Episode 9: 5.0463m
2025-09-08 20:25:33,699 - INFO - BEST MODEL SAVED! Episode 9, Error: 5.0463m
2025-09-08 20:25:33,699 - INFO - Best model path: /home/osos/Mohamed_Masters_Thesis/DHP_drone_updated/DHP/trained_models/dhp_cf2x_best
2025-09-08 20:25:33,700 - INFO - All model files saved successfully!
2025-09-08 20:25:34,387 - INFO -      10 |   56.56 |   37.964 |    5.0769 |   3.3s (13.3%) |    9.3s
2025-09-08 20:25:36,600 - INFO - 🏆 NEW BEST EPISODE (SMART CRITERIA)! Episode 11
2025-09-08 20:25:36,600 - INFO -    Position Error: 5.8612m
2025-09-08 20:25:36,600 - INFO -    Completion: 43.7% (328/750 steps)
2025-09-08 20:25:36,600 - INFO -    Duration: 10.9s / 25.0s
2025-09-08 20:25:36,600 - INFO -    Composite Score: -14.88
2025-09-08 20:25:37,316 - INFO - NEW BEST PERFORMANCE! Episode 12: 5.1675m
2025-09-08 20:25:37,338 - INFO - BEST MODEL SAVED! Episode 12, Error: 5.1675m
2025-09-08 20:25:37,338 - INFO - Best model path: /home/osos/Mohamed_Masters_Thesis/DHP_drone_updated/DHP/trained_models/dhp_cf2x_best
2025-09-08 20:25:37,338 - INFO - All model files saved successfully!
2025-09-08 20:25:40,319 - INFO - NEW BEST PERFORMANCE! Episode 15: 5.1228m
2025-09-08 20:25:40,342 - INFO - BEST MODEL SAVED! Episode 15, Error: 5.1228m
2025-09-08 20:25:40,343 - INFO - Best model path: /home/osos/Mohamed_Masters_Thesis/DHP_drone_updated/DHP/trained_models/dhp_cf2x_best
2025-09-08 20:25:40,343 - INFO - All model files saved successfully!
2025-09-08 20:25:42,037 - INFO - NEW BEST PERFORMANCE! Episode 17: 5.1100m
2025-09-08 20:25:42,057 - INFO - BEST MODEL SAVED! Episode 17, Error: 5.1100m
2025-09-08 20:25:42,057 - INFO - Best model path: /home/osos/Mohamed_Masters_Thesis/DHP_drone_updated/DHP/trained_models/dhp_cf2x_best
2025-09-08 20:25:42,057 - INFO - All model files saved successfully!
2025-09-08 20:25:44,655 - INFO - 🏆 NEW BEST EPISODE (SMART CRITERIA)! Episode 18
2025-09-08 20:25:44,655 - INFO -    Position Error: 6.1680m
2025-09-08 20:25:44,655 - INFO -    Completion: 54.4% (408/750 steps)
2025-09-08 20:25:44,655 - INFO -    Duration: 13.6s / 25.0s
2025-09-08 20:25:44,655 - INFO -    Composite Score: -7.28
2025-09-08 20:25:45,330 - INFO - NEW BEST PERFORMANCE! Episode 19: 4.9929m
2025-09-08 20:25:45,351 - INFO - BEST MODEL SAVED! Episode 19, Error: 4.9929m
2025-09-08 20:25:45,351 - INFO - Best model path: /home/osos/Mohamed_Masters_Thesis/DHP_drone_updated/DHP/trained_models/dhp_cf2x_best
2025-09-08 20:25:45,351 - INFO - All model files saved successfully!
2025-09-08 20:25:46,515 - INFO - NEW BEST PERFORMANCE! Episode 20: 4.8058m
2025-09-08 20:25:46,538 - INFO - BEST MODEL SAVED! Episode 20, Error: 4.8058m
2025-09-08 20:25:46,538 - INFO - Best model path: /home/osos/Mohamed_Masters_Thesis/DHP_drone_updated/DHP/trained_models/dhp_cf2x_best
2025-09-08 20:25:46,539 - INFO - All model files saved successfully!
2025-09-08 20:25:46,539 - INFO -      20 |   75.72 |   47.303 |    4.8058 |   5.7s (22.7%) |   21.5s
2025-09-08 20:25:49,889 - INFO - 🏆 NEW BEST EPISODE (SMART CRITERIA)! Episode 22
2025-09-08 20:25:49,889 - INFO -    Position Error: 4.4690m
2025-09-08 20:25:49,889 - INFO -    Completion: 54.0% (405/750 steps)
2025-09-08 20:25:49,889 - INFO -    Duration: 13.5s / 25.0s
2025-09-08 20:25:49,889 - INFO -    Composite Score: 9.31
2025-09-08 20:25:58,334 - INFO - NEW BEST PERFORMANCE! Episode 28: 0.3181m
2025-09-08 20:25:58,354 - INFO - BEST MODEL SAVED! Episode 28, Error: 0.3181m
2025-09-08 20:25:58,354 - INFO - Best model path: /home/osos/Mohamed_Masters_Thesis/DHP_drone_updated/DHP/trained_models/dhp_cf2x_best
2025-09-08 20:25:58,354 - INFO - All model files saved successfully!
2025-09-08 20:25:58,354 - INFO - CONVERGENCE EPISODE 28: 0.3181m
2025-09-08 20:26:00,564 - INFO - CONVERGENCE EPISODE 30: 0.3390m
2025-09-08 20:26:00,564 - INFO -      30 |   22.58 |  153.305 |    0.3390 |   0.6s ( 2.3%) |   35.5s
2025-09-08 20:26:00,762 - INFO - CONVERGENCE EPISODE 31: 0.5348m
2025-09-08 20:26:00,886 - INFO - NEW BEST PERFORMANCE! Episode 32: 0.2290m
2025-09-08 20:26:00,904 - INFO - BEST MODEL SAVED! Episode 32, Error: 0.2290m
2025-09-08 20:26:00,905 - INFO - Best model path: /home/osos/Mohamed_Masters_Thesis/DHP_drone_updated/DHP/trained_models/dhp_cf2x_best
2025-09-08 20:26:00,905 - INFO - All model files saved successfully!
2025-09-08 20:26:00,905 - INFO - CONVERGENCE EPISODE 32: 0.2290m
2025-09-08 20:26:01,013 - INFO - NEW BEST PERFORMANCE! Episode 33: 0.1975m
2025-09-08 20:26:01,033 - INFO - BEST MODEL SAVED! Episode 33, Error: 0.1975m
2025-09-08 20:26:01,033 - INFO - Best model path: /home/osos/Mohamed_Masters_Thesis/DHP_drone_updated/DHP/trained_models/dhp_cf2x_best
2025-09-08 20:26:01,033 - INFO - All model files saved successfully!
2025-09-08 20:26:01,034 - INFO - CONVERGENCE EPISODE 33: 0.1975m
2025-09-08 20:26:01,151 - INFO - CONVERGENCE EPISODE 34: 0.2229m
2025-09-08 20:26:05,393 - INFO - 🏆 NEW BEST EPISODE (SMART CRITERIA)! Episode 35
2025-09-08 20:26:05,393 - INFO -    Position Error: 7.1296m
2025-09-08 20:26:05,393 - INFO -    Completion: 88.7% (665/750 steps)
2025-09-08 20:26:05,394 - INFO -    Duration: 22.2s / 25.0s
2025-09-08 20:26:05,394 - INFO -    Composite Score: 17.37
2025-09-08 20:26:05,483 - INFO - NEW BEST PERFORMANCE! Episode 36: 0.0987m
2025-09-08 20:26:05,506 - INFO - BEST MODEL SAVED! Episode 36, Error: 0.0987m
2025-09-08 20:26:05,506 - INFO - Best model path: /home/osos/Mohamed_Masters_Thesis/DHP_drone_updated/DHP/trained_models/dhp_cf2x_best
2025-09-08 20:26:05,506 - INFO - All model files saved successfully!
2025-09-08 20:26:05,506 - INFO - CONVERGENCE EPISODE 36: 0.0987m
2025-09-08 20:26:05,625 - INFO - CONVERGENCE EPISODE 37: 0.2735m
2025-09-08 20:26:06,144 - INFO - CONVERGENCE EPISODE 39: 0.2932m
2025-09-08 20:26:06,455 - INFO -      40 |   51.50 |   73.970 |    2.0990 |   1.5s ( 6.0%) |   41.4s
2025-09-08 20:26:06,641 - INFO - CONVERGENCE EPISODE 41: 0.6708m
2025-09-08 20:26:06,811 - INFO - CONVERGENCE EPISODE 42: 0.6626m
2025-09-08 20:26:07,378 - INFO - CONVERGENCE EPISODE 44: 0.8938m
2025-09-08 20:26:08,962 - INFO - CONVERGENCE EPISODE 47: 0.9714m
2025-09-08 20:26:09,299 - INFO - CONVERGENCE EPISODE 48: 0.8878m
2025-09-08 20:26:09,469 - INFO - CONVERGENCE EPISODE 49: 0.6983m
2025-09-08 20:26:09,794 - INFO -      50 |   43.14 |   96.870 |    2.5448 |   1.4s ( 5.7%) |   44.7s
2025-09-08 20:26:10,251 - INFO - CONVERGENCE EPISODE 52: 0.5269m
2025-09-08 20:26:11,594 - INFO - CONVERGENCE EPISODE 55: 0.6791m
2025-09-08 20:26:11,848 - INFO - CONVERGENCE EPISODE 56: 0.1634m
2025-09-08 20:26:12,144 - INFO - CONVERGENCE EPISODE 57: 0.9346m
2025-09-08 20:26:12,769 - INFO - CONVERGENCE EPISODE 59: 0.8613m
2025-09-08 20:26:13,092 - INFO -      60 |   37.77 |   28.672 |    1.2208 |   1.4s ( 5.7%) |   48.0s
2025-09-08 20:26:13,278 - INFO - CONVERGENCE EPISODE 61: 0.8595m
2025-09-08 20:26:13,449 - INFO - CONVERGENCE EPISODE 62: 0.6653m
2025-09-08 20:26:13,782 - INFO - CONVERGENCE EPISODE 63: 0.8043m
2025-09-08 20:26:14,439 - INFO - CONVERGENCE EPISODE 65: 0.3893m
2025-09-08 20:26:14,812 - INFO - CONVERGENCE EPISODE 66: 0.9992m
2025-09-08 20:26:14,977 - INFO - CONVERGENCE EPISODE 67: 0.7266m
2025-09-08 20:26:16,890 - INFO -      70 |   86.99 |   67.088 |    5.1481 |   2.7s (10.8%) |   51.8s
2025-09-08 20:26:22,848 - INFO -      80 |   71.92 |   99.737 |    4.5164 |   3.3s (13.1%) |   57.8s
2025-09-08 20:26:23,984 - INFO - CONVERGENCE EPISODE 82: 0.9970m
2025-09-08 20:26:28,552 - INFO -      90 |   92.15 |   71.921 |    4.5478 |   2.9s (11.5%) |   63.5s
2025-09-08 20:26:30,351 - INFO - CONVERGENCE EPISODE 93: 0.3575m
2025-09-08 20:26:35,410 - INFO - 🏆 NEW BEST EPISODE (SMART CRITERIA)! Episode 95
2025-09-08 20:26:35,410 - INFO -    Position Error: 2.4150m
2025-09-08 20:26:35,410 - INFO -    Completion: 97.5% (731/750 steps)
2025-09-08 20:26:35,410 - INFO -    Duration: 24.4s / 25.0s
2025-09-08 20:26:35,410 - INFO -    Composite Score: 123.32
2025-09-08 20:26:35,410 - INFO - 🎯 NEW BEST COMPLETED EPISODE! Episode 95
2025-09-08 20:26:35,410 - INFO -    Position Error: 2.4150m (among completed episodes)
2025-09-08 20:26:35,410 - INFO -    Completion: 97.5% (731/750 steps)
2025-09-08 20:26:35,410 - INFO -    Duration: 24.4s
2025-09-08 20:26:39,511 - INFO - 🎯 NEW BEST COMPLETED EPISODE! Episode 96
2025-09-08 20:26:39,512 - INFO -    Position Error: 2.0979m (among completed episodes)
2025-09-08 20:26:39,512 - INFO -    Completion: 92.4% (693/750 steps)
2025-09-08 20:26:39,512 - INFO -    Duration: 23.1s
2025-09-08 20:26:39,513 - INFO - NEW BEST PERFORMANCE! Episode 96: 2.0979m
2025-09-08 20:26:39,534 - INFO - BEST MODEL SAVED! Episode 96, Error: 2.0979m
2025-09-08 20:26:39,534 - INFO - Best model path: /home/osos/Mohamed_Masters_Thesis/DHP_drone_updated/DHP/trained_models/dhp_cf2x_best
2025-09-08 20:26:39,534 - INFO - All model files saved successfully!
2025-09-08 20:26:47,672 - INFO - 🏆 NEW BEST EPISODE (SMART CRITERIA)! Episode 98
2025-09-08 20:26:47,673 - INFO -    Position Error: 1.6005m
2025-09-08 20:26:47,673 - INFO -    Completion: 95.6% (717/750 steps)
2025-09-08 20:26:47,673 - INFO -    Duration: 23.9s / 25.0s
2025-09-08 20:26:47,673 - INFO -    Composite Score: 129.59
2025-09-08 20:26:47,673 - INFO - 🎯 NEW BEST COMPLETED EPISODE! Episode 98
2025-09-08 20:26:47,673 - INFO -    Position Error: 1.6005m (among completed episodes)
2025-09-08 20:26:47,673 - INFO -    Completion: 95.6% (717/750 steps)
2025-09-08 20:26:47,673 - INFO -    Duration: 23.9s
2025-09-08 20:26:56,899 - INFO - 🏆 NEW BEST EPISODE (SMART CRITERIA)! Episode 100
2025-09-08 20:26:56,899 - INFO -    Position Error: 1.2809m
2025-09-08 20:26:56,899 - INFO -    Completion: 96.3% (722/750 steps)
2025-09-08 20:26:56,899 - INFO -    Duration: 24.1s / 25.0s
2025-09-08 20:26:56,899 - INFO -    Composite Score: 133.46
2025-09-08 20:26:56,900 - INFO - 🎯 NEW BEST COMPLETED EPISODE! Episode 100
2025-09-08 20:26:56,900 - INFO -    Position Error: 1.2809m (among completed episodes)
2025-09-08 20:26:56,900 - INFO -    Completion: 96.3% (722/750 steps)
2025-09-08 20:26:56,900 - INFO -    Duration: 24.1s
2025-09-08 20:26:56,909 - INFO - 
2025-09-08 20:26:56,910 - INFO - MILESTONE 100 ANALYSIS:
2025-09-08 20:26:56,910 - INFO -   Recent 50 episodes avg position error: 2.5589 ± 1.6816m
2025-09-08 20:26:56,910 - INFO -   Recent 50 episodes avg cost: 74.624
2025-09-08 20:26:56,910 - INFO -   Convergent episodes ratio (< 1.0m): 26.00%
2025-09-08 20:26:56,910 - INFO -   Total convergent episodes so far: 28
2025-09-08 20:26:56,910 - INFO -   Best performance: 1.2809m at episode 100
2025-09-08 20:26:56,910 - INFO -   Stable performance not yet achieved
2025-09-08 20:26:56,910 - INFO - 
2025-09-08 20:26:56,910 - INFO -     100 |  528.20 |    4.604 |    1.2809 |  24.1s (96.3%) |   91.8s
2025-09-08 20:27:20,355 - INFO - 🎯 NEW BEST COMPLETED EPISODE! Episode 107
2025-09-08 20:27:20,355 - INFO -    Position Error: 1.0044m (among completed episodes)
2025-09-08 20:27:20,355 - INFO -    Completion: 91.2% (684/750 steps)
2025-09-08 20:27:20,355 - INFO -    Duration: 22.8s
2025-09-08 20:27:20,357 - INFO - NEW BEST PERFORMANCE! Episode 107: 1.0044m
2025-09-08 20:27:20,379 - INFO - BEST MODEL SAVED! Episode 107, Error: 1.0044m
2025-09-08 20:27:20,379 - INFO - Best model path: /home/osos/Mohamed_Masters_Thesis/DHP_drone_updated/DHP/trained_models/dhp_cf2x_best
2025-09-08 20:27:20,379 - INFO - All model files saved successfully!
2025-09-08 20:27:29,319 - INFO - 🏆 NEW BEST EPISODE (SMART CRITERIA)! Episode 109
2025-09-08 20:27:29,319 - INFO -    Position Error: 1.3758m
2025-09-08 20:27:29,319 - INFO -    Completion: 100.0% (750/750 steps)
2025-09-08 20:27:29,319 - INFO -    Duration: 25.0s / 25.0s
2025-09-08 20:27:29,319 - INFO -    Composite Score: 136.24
2025-09-08 20:27:30,487 - INFO -     110 |  208.05 |  114.924 |    4.3604 |   6.1s (24.4%) |  125.4s
2025-09-08 20:27:35,945 - INFO - NEW BEST PERFORMANCE! Episode 114: 0.4368m
2025-09-08 20:27:35,968 - INFO - BEST MODEL SAVED! Episode 114, Error: 0.4368m
2025-09-08 20:27:35,968 - INFO - Best model path: /home/osos/Mohamed_Masters_Thesis/DHP_drone_updated/DHP/trained_models/dhp_cf2x_best
2025-09-08 20:27:35,968 - INFO - All model files saved successfully!
2025-09-08 20:27:35,968 - INFO - CONVERGENCE EPISODE 114: 0.4368m
2025-09-08 20:27:37,823 - INFO - NEW BEST PERFORMANCE! Episode 116: 0.1622m
2025-09-08 20:27:37,843 - INFO - BEST MODEL SAVED! Episode 116, Error: 0.1622m
2025-09-08 20:27:37,843 - INFO - Best model path: /home/osos/Mohamed_Masters_Thesis/DHP_drone_updated/DHP/trained_models/dhp_cf2x_best
2025-09-08 20:27:37,843 - INFO - All model files saved successfully!
2025-09-08 20:27:37,843 - INFO - CONVERGENCE EPISODE 116: 0.1622m
2025-09-08 20:27:41,552 - INFO -     120 |  294.38 |   13.140 |    1.7977 |   6.2s (24.7%) |  136.5s
2025-09-08 20:27:46,017 - INFO - CONVERGENCE EPISODE 125: 0.9397m
2025-09-08 20:27:51,613 - INFO -     130 |  187.66 |   24.736 |    2.5020 |   4.3s (17.1%) |  146.5s
2025-09-08 20:27:57,689 - INFO - CONVERGENCE EPISODE 136: 0.5962m
2025-09-08 20:28:01,918 - INFO -     140 |  102.49 |   15.081 |    4.9864 |   3.5s (14.0%) |  156.8s
2025-09-08 20:28:11,785 - INFO -     150 |  161.26 |   13.476 |    3.3144 |   4.5s (17.9%) |  166.7s
2025-09-08 20:28:19,843 - INFO - CONVERGENCE EPISODE 158: 0.7123m
2025-09-08 20:28:21,797 - INFO -     160 |  133.77 |   29.465 |    2.2361 |   3.7s (14.8%) |  176.7s
2025-09-08 20:28:23,537 - INFO - CONVERGENCE EPISODE 162: 0.9271m
2025-09-08 20:28:30,918 - INFO - CONVERGENCE EPISODE 170: 0.4870m
2025-09-08 20:28:30,918 - INFO -     170 |  135.32 |    5.713 |    0.4870 |   2.9s (11.5%) |  185.8s
2025-09-08 20:28:32,529 - INFO - CONVERGENCE EPISODE 172: 0.6634m
2025-09-08 20:28:39,878 - INFO -     180 |  128.44 |   49.599 |    3.6710 |   4.2s (16.9%) |  194.8s
2025-09-08 20:28:40,752 - INFO - CONVERGENCE EPISODE 181: 0.8937m
2025-09-08 20:28:41,586 - INFO - CONVERGENCE EPISODE 182: 0.7972m
2025-09-08 20:28:47,270 - INFO - CONVERGENCE EPISODE 188: 0.8176m
2025-09-08 20:28:47,757 - INFO - CONVERGENCE EPISODE 189: 0.2177m
2025-09-08 20:28:48,895 - INFO -     190 |  198.57 |  104.987 |    5.0077 |   5.3s (21.3%) |  203.8s
2025-09-08 20:28:53,719 - INFO - CONVERGENCE EPISODE 197: 0.8631m
2025-09-08 20:28:54,842 - INFO - 
================================================================================
2025-09-08 20:28:54,842 - INFO - TRAINING COMPLETED - FINAL ANALYSIS
2025-09-08 20:28:54,842 - INFO - ================================================================================
2025-09-08 20:28:54,842 - INFO - Total training time: 209.8 seconds (3.5 minutes)
2025-09-08 20:28:54,842 - INFO - Final episode reward: 71.47
2025-09-08 20:28:54,842 - INFO - Final position error: 2.9563m
2025-09-08 20:28:54,842 - INFO - 
EPISODE COMPLETION STATISTICS:
2025-09-08 20:28:54,843 - INFO - Average completion rate: 20.8%
2025-09-08 20:28:54,843 - INFO - Episodes completed (≥90%): 11/200 (5.5%)
2025-09-08 20:28:54,843 - INFO - Best completed episode: #107 with error 1.0044m
2025-09-08 20:28:54,843 - INFO - 
BEST EPISODE ANALYSIS:
2025-09-08 20:28:54,843 - INFO - Best overall episode (smart criteria): #116
2025-09-08 20:28:54,843 - INFO -   Position error: 0.1622m
2025-09-08 20:28:54,843 - INFO -   Composite score: 136.24
2025-09-08 20:28:54,843 - INFO - Total convergent episodes (< 1.0m): 41/200 (20.50%)
2025-09-08 20:28:54,843 - INFO - Stable performance achieved: No
2025-09-08 20:28:54,843 - INFO - Position error statistics:
2025-09-08 20:28:54,843 - INFO -   Mean: 2.8970m
2025-09-08 20:28:54,843 - INFO -   Std:  1.8048m
2025-09-08 20:28:54,843 - INFO -   Min:  0.0987m
2025-09-08 20:28:54,843 - INFO -   Max:  7.1296m
2025-09-08 20:28:54,843 - INFO -   Median: 2.5962m
2025-09-08 20:28:54,843 - INFO - Performance distribution:
2025-09-08 20:28:54,843 - INFO -   Excellent (< 0.5m): 15 episodes (7.5%)
2025-09-08 20:28:54,843 - INFO -   Good (0.5-1.0m):   26 episodes (13.0%)
2025-09-08 20:28:54,843 - INFO -   Acceptable (1.0-1.5m): 18 episodes (9.0%)
2025-09-08 20:28:54,844 - INFO -   Poor (> 1.5m):     141 episodes (70.5%)
2025-09-08 20:28:54,844 - INFO - 
TRAINING CONFIGURATION EFFECTIVENESS:
2025-09-08 20:28:54,844 - INFO - ----------------------------------------
2025-09-08 20:28:54,844 - INFO - Episodes needed for first convergence: 28
2025-09-08 20:28:54,844 - INFO - Excitation phase ended at episode: 6
2025-09-08 20:28:54,845 - INFO - Training metrics saved to: /home/osos/Mohamed_Masters_Thesis/DHP_drone_updated/DHP/training_logs/dhp_split_metrics_20250908_202854.json
2025-09-08 20:28:54,845 - INFO - 
BEST MODEL CONFIRMED:
2025-09-08 20:28:54,845 - INFO -   Episode: 116
2025-09-08 20:28:54,845 - INFO -   Position Error: 0.1622m
2025-09-08 20:28:54,845 - INFO -   Model files: dhp_cf2x_best_*
2025-09-08 20:28:54,845 - INFO - ================================================================================
2025-09-08 20:28:54,845 - INFO - TRAINING SESSION COMPLETED
2025-09-08 20:28:54,845 - INFO - Detailed log saved to: /home/osos/Mohamed_Masters_Thesis/DHP_drone_updated/DHP/training_logs/dhp_split_training_20250908_202524.log
2025-09-08 20:28:54,845 - INFO - ================================================================================
2025-09-08 20:28:54,848 - INFO - Best episode replay data saved: /home/osos/Mohamed_Masters_Thesis/DHP_drone_updated/DHP/best_episode_replays/best_episode_replay_ep109_error1.3758_20250908_202854.pkl
2025-09-08 20:28:54,848 - INFO -   Episode: 109, Error: 1.3758m
2025-09-08 20:28:54,848 - INFO -   Action sequence: 750 steps
2025-09-08 20:28:54,848 - INFO -   Duration: 25.00 seconds
2025-09-08 20:28:54,848 - INFO -   Control frequency: 30.0 Hz
2025-09-08 20:29:21,681 - INFO - 
==================================================
2025-09-08 20:29:21,682 - INFO - STARTING BEST EPISODE REPLAY
2025-09-08 20:29:21,682 - INFO - ==================================================
2025-09-08 20:29:48,198 - INFO - Best episode replay completed successfully
2025-09-08 20:29:48,199 - INFO - Original error: 1.3758m, Replay error: 1.3758m
2025-09-08 20:29:48,199 - INFO - Training and best episode replay session completed successfully!
