2025-09-12 19:02:05,317 - INFO - ================================================================================
2025-09-12 19:02:05,317 - INFO - DHP SPLIT ARCHITECTURE TRAINING SESSION STARTED
2025-09-12 19:02:05,317 - INFO - ================================================================================
2025-09-12 19:02:05,317 - INFO - HYPERPARAMETERS:
2025-09-12 19:02:05,317 - INFO - ----------------------------------------
2025-09-12 19:02:05,317 - INFO - action_size              : 4
2025-09-12 19:02:05,317 - INFO - best_episode_gui         : False
2025-09-12 19:02:05,317 - INFO - coordination_strength    : 0.1
2025-09-12 19:02:05,317 - INFO - coordination_warmup_episodes: 400
2025-09-12 19:02:05,317 - INFO - dt                       : 0.03333333333333333
2025-09-12 19:02:05,317 - INFO - episode_length           : 20.0
2025-09-12 19:02:05,317 - INFO - excitation_amplitude     : 0.03
2025-09-12 19:02:05,317 - INFO - excitation_steps         : 12500
2025-09-12 19:02:05,317 - INFO - gamma                    : 0.98
2025-09-12 19:02:05,318 - INFO - gradient_clip_value      : 0.5
2025-09-12 19:02:05,318 - INFO - gui                      : False
2025-09-12 19:02:05,318 - INFO - hidden_layer_size        : [64, 64, 32]
2025-09-12 19:02:05,318 - INFO - log_interval             : 10
2025-09-12 19:02:05,318 - INFO - lr_actor                 : 0.005
2025-09-12 19:02:05,318 - INFO - lr_critic                : 0.01
2025-09-12 19:02:05,318 - INFO - lr_decay                 : 0.9999
2025-09-12 19:02:05,318 - INFO - normalize_states         : True
2025-09-12 19:02:05,318 - INFO - num_episodes             : 2500
2025-09-12 19:02:05,318 - INFO - predict_delta            : False
2025-09-12 19:02:05,318 - INFO - record                   : False
2025-09-12 19:02:05,318 - INFO - record_best_episodes     : True
2025-09-12 19:02:05,318 - INFO - recording_fps            : 30
2025-09-12 19:02:05,318 - INFO - reference_size           : 8
2025-09-12 19:02:05,318 - INFO - rls_action_size          : 4
2025-09-12 19:02:05,318 - INFO - rls_covariance           : 100.0
2025-09-12 19:02:05,318 - INFO - rls_gamma                : 0.9995
2025-09-12 19:02:05,318 - INFO - rls_state_size           : 8
2025-09-12 19:02:05,318 - INFO - save_interval            : 100
2025-09-12 19:02:05,318 - INFO - split                    : False
2025-09-12 19:02:05,318 - INFO - state_bounds             : {'z': [0.0, 5.0], 'roll': [-1.5707963267948966, 1.5707963267948966], 'pitch': [-1.5707963267948966, 1.5707963267948966], 'yaw': [-3.141592653589793, 3.141592653589793], 'vz': [-12.0, 12.0], 'wx': [-10.0, 10.0], 'wy': [-10.0, 10.0], 'wz': [-10.0, 10.0]}
2025-09-12 19:02:05,318 - INFO - state_size               : 8
2025-09-12 19:02:05,318 - INFO - target_network           : True
2025-09-12 19:02:05,318 - INFO - target_pos               : [0.5, 0.5, 1.0]
2025-09-12 19:02:05,318 - INFO - tau                      : 0.001
2025-09-12 19:02:05,318 - INFO - trajectory_type          : spiral
2025-09-12 19:02:05,318 - INFO - update_cycles            : 5
2025-09-12 19:02:05,319 - INFO - use_trajectory           : False
2025-09-12 19:02:05,319 - INFO - ----------------------------------------
2025-09-12 19:02:05,319 - INFO - Log file: /home/osos/Mohamed_Masters_Thesis/DHP_drone_updated/DHP/training_logs/dhp_split_training_20250912_190205.log
2025-09-12 19:02:05,319 - INFO - ================================================================================
2025-09-12 19:02:05,319 - INFO - 
TRAJECTORY TRAINING CONFIGURATION:
2025-09-12 19:02:05,319 - INFO -   num_episodes: 200
2025-09-12 19:02:05,319 - INFO -   episode_length: 25.0
2025-09-12 19:02:05,319 - INFO -   excitation_steps: 5000
2025-09-12 19:02:05,319 - INFO -   log_interval: 10
2025-09-12 19:02:05,319 - INFO -   save_interval: 50
2025-09-12 19:02:05,319 - INFO -   gui: False
2025-09-12 19:02:05,319 - INFO -   record: False
2025-09-12 19:02:05,319 - INFO -   normalize_states: True
2025-09-12 19:02:05,319 - INFO -   record_best_episodes: True
2025-09-12 19:02:05,319 - INFO -   coordination_warmup_episodes: 200
2025-09-12 19:02:05,319 - INFO -   coordination_strength: 0.15
2025-09-12 19:02:05,319 - INFO -   use_trajectory: True
2025-09-12 19:02:05,319 - INFO -   trajectory_type: spiral
2025-09-12 19:02:05,319 - INFO -   target_pos: [0.0, 0.0, 1.0]
2025-09-12 19:02:05,319 - INFO - 
==================================================
2025-09-12 19:02:05,319 - INFO - STARTING DHP TRAINING FOR CF2X QUADROTOR
2025-09-12 19:02:05,319 - INFO - ==================================================
2025-09-12 19:02:05,418 - WARNING - From /home/osos/Mohamed_Masters_Thesis/DHP_drone_updated/msc-thesis/agents/dhp.py:88: The name tf.Session is deprecated. Please use tf.compat.v1.Session instead.

2025-09-12 19:02:05,497 - WARNING - From /home/osos/Mohamed_Masters_Thesis/DHP_drone_updated/msc-thesis/agents/dhp.py:117: The name tf.placeholder is deprecated. Please use tf.compat.v1.placeholder instead.

2025-09-12 19:02:05,498 - WARNING - From /home/osos/Mohamed_Masters_Thesis/DHP_drone_updated/msc-thesis/agents/dhp.py:119: The name tf.placeholder_with_default is deprecated. Please use tf.compat.v1.placeholder_with_default instead.

2025-09-12 19:02:05,500 - WARNING - From /home/osos/Mohamed_Masters_Thesis/DHP_drone_updated/msc-thesis/agents/dhp.py:141: The name tf.variable_scope is deprecated. Please use tf.compat.v1.variable_scope instead.

2025-09-12 19:02:05,500 - WARNING - From /home/osos/Mohamed_Masters_Thesis/DHP_drone_updated/msc-thesis/agents/dhp.py:145: dense (from tensorflow.python.layers.core) is deprecated and will be removed in a future version.
Instructions for updating:
Use keras.layers.Dense instead.
2025-09-12 19:02:05,501 - WARNING - From /home/osos/anaconda3/envs/DHP/lib/python3.7/site-packages/tensorflow_core/python/layers/core.py:187: Layer.apply (from tensorflow.python.keras.engine.base_layer) is deprecated and will be removed in a future version.
Instructions for updating:
Please use `layer.__call__` method instead.
2025-09-12 19:02:05,527 - WARNING - From /home/osos/Mohamed_Masters_Thesis/DHP_drone_updated/msc-thesis/agents/dhp.py:150: The name tf.trainable_variables is deprecated. Please use tf.compat.v1.trainable_variables instead.

2025-09-12 19:02:05,537 - WARNING - From /home/osos/Mohamed_Masters_Thesis/DHP_drone_updated/msc-thesis/agents/dhp.py:156: The name tf.train.GradientDescentOptimizer is deprecated. Please use tf.compat.v1.train.GradientDescentOptimizer instead.

2025-09-12 19:02:05,569 - WARNING - From /home/osos/Mohamed_Masters_Thesis/DHP_drone_updated/msc-thesis/agents/dhp.py:173: The name tf.assign is deprecated. Please use tf.compat.v1.assign instead.

2025-09-12 19:02:05,686 - WARNING - From /home/osos/Mohamed_Masters_Thesis/DHP_drone_updated/msc-thesis/agents/dhp.py:97: The name tf.summary.merge_all is deprecated. Please use tf.compat.v1.summary.merge_all instead.

2025-09-12 19:02:05,686 - WARNING - From /home/osos/Mohamed_Masters_Thesis/DHP_drone_updated/msc-thesis/agents/dhp.py:98: The name tf.train.Saver is deprecated. Please use tf.compat.v1.train.Saver instead.

2025-09-12 19:02:05,697 - WARNING - From /home/osos/Mohamed_Masters_Thesis/DHP_drone_updated/msc-thesis/agents/dhp.py:99: The name tf.global_variables_initializer is deprecated. Please use tf.compat.v1.global_variables_initializer instead.

2025-09-12 19:02:05,751 - INFO - 
Training for 200 episodes...
2025-09-12 19:02:05,751 - INFO - Episode | Reward  | Avg Cost | Pos Error | Duration (Completion) | Time
2025-09-12 19:02:05,751 - INFO - -------------------------------------------------------------------------------------
2025-09-12 19:02:08,310 - INFO - 🏆 NEW BEST EPISODE (SMART CRITERIA)! Episode 0
2025-09-12 19:02:08,310 - INFO -    Position Error: 5.3346m
2025-09-12 19:02:08,310 - INFO -    Completion: 22.7% (170/750 steps)
2025-09-12 19:02:08,310 - INFO -    Duration: 5.7s / 25.0s
2025-09-12 19:02:08,310 - INFO -    Composite Score: -30.68
2025-09-12 19:02:08,312 - INFO -       0 |   52.40 |   41.835 |    5.3346 |   5.7s (22.7%) |    2.6s
2025-09-12 19:02:11,168 - INFO - 🏆 NEW BEST EPISODE (SMART CRITERIA)! Episode 1
2025-09-12 19:02:11,168 - INFO -    Position Error: 5.9686m
2025-09-12 19:02:11,168 - INFO -    Completion: 32.4% (243/750 steps)
2025-09-12 19:02:11,168 - INFO -    Duration: 8.1s / 25.0s
2025-09-12 19:02:11,168 - INFO -    Composite Score: -27.29
2025-09-12 19:02:15,661 - INFO - 🏆 NEW BEST EPISODE (SMART CRITERIA)! Episode 2
2025-09-12 19:02:15,662 - INFO -    Position Error: 4.5091m
2025-09-12 19:02:15,662 - INFO -    Completion: 51.1% (383/750 steps)
2025-09-12 19:02:15,662 - INFO -    Duration: 12.8s / 25.0s
2025-09-12 19:02:15,662 - INFO -    Composite Score: 5.98
2025-09-12 19:02:23,492 - INFO - NEW BEST PERFORMANCE! Episode 6: 0.2536m
2025-09-12 19:02:23,530 - INFO - BEST MODEL SAVED! Episode 6, Error: 0.2536m
2025-09-12 19:02:23,530 - INFO - Best model path: /home/osos/Mohamed_Masters_Thesis/DHP_drone_updated/DHP/trained_models/dhp_cf2x_best
2025-09-12 19:02:23,530 - INFO - All model files saved successfully!
2025-09-12 19:02:23,530 - INFO - CONVERGENCE EPISODE 6: 0.2536m
2025-09-12 19:02:25,470 - INFO - CONVERGENCE EPISODE 8: 0.3786m
2025-09-12 19:02:31,224 - INFO -      10 |   44.20 |   61.755 |    5.0416 |  13.3s (53.1%) |   25.5s
2025-09-12 19:02:34,227 - INFO - NEW BEST PERFORMANCE! Episode 12: 0.1530m
2025-09-12 19:02:34,248 - INFO - BEST MODEL SAVED! Episode 12, Error: 0.1530m
2025-09-12 19:02:34,248 - INFO - Best model path: /home/osos/Mohamed_Masters_Thesis/DHP_drone_updated/DHP/trained_models/dhp_cf2x_best
2025-09-12 19:02:34,248 - INFO - All model files saved successfully!
2025-09-12 19:02:34,248 - INFO - CONVERGENCE EPISODE 12: 0.1530m
2025-09-12 19:02:34,399 - INFO - NEW BEST PERFORMANCE! Episode 13: 0.0923m
2025-09-12 19:02:34,423 - INFO - BEST MODEL SAVED! Episode 13, Error: 0.0923m
2025-09-12 19:02:34,423 - INFO - Best model path: /home/osos/Mohamed_Masters_Thesis/DHP_drone_updated/DHP/trained_models/dhp_cf2x_best
2025-09-12 19:02:34,423 - INFO - All model files saved successfully!
2025-09-12 19:02:34,423 - INFO - CONVERGENCE EPISODE 13: 0.0923m
2025-09-12 19:02:34,768 - INFO - CONVERGENCE EPISODE 14: 0.5683m
2025-09-12 19:02:39,010 - INFO - CONVERGENCE EPISODE 18: 0.5246m
2025-09-12 19:02:39,993 - INFO -      20 |   36.17 |   82.551 |    1.5397 |   1.1s ( 4.3%) |   34.2s
2025-09-12 19:02:41,156 - INFO - CONVERGENCE EPISODE 22: 0.5800m
2025-09-12 19:02:46,045 - INFO - CONVERGENCE EPISODE 26: 0.3928m
2025-09-12 19:02:46,324 - INFO - CONVERGENCE EPISODE 27: 0.4935m
2025-09-12 19:02:48,448 - INFO -      30 |   36.42 |  163.696 |    1.3063 |   1.0s ( 4.1%) |   42.7s
2025-09-12 19:02:49,168 - INFO - CONVERGENCE EPISODE 31: 0.3000m
2025-09-12 19:02:50,625 - INFO - CONVERGENCE EPISODE 33: 0.2383m
2025-09-12 19:02:56,452 - INFO - 🏆 NEW BEST EPISODE (SMART CRITERIA)! Episode 40
2025-09-12 19:02:56,453 - INFO -    Position Error: 0.5627m
2025-09-12 19:02:56,453 - INFO -    Completion: 12.9% (97/750 steps)
2025-09-12 19:02:56,453 - INFO -    Duration: 3.2s / 25.0s
2025-09-12 19:02:56,453 - INFO -    Composite Score: 7.31
2025-09-12 19:02:56,454 - INFO - CONVERGENCE EPISODE 40: 0.5627m
2025-09-12 19:02:56,454 - INFO -      40 |  163.24 |   50.440 |    0.5627 |   3.2s (12.9%) |   50.7s
2025-09-12 19:02:57,528 - INFO - CONVERGENCE EPISODE 41: 0.6648m
2025-09-12 19:03:12,457 - INFO - 🏆 NEW BEST EPISODE (SMART CRITERIA)! Episode 48
2025-09-12 19:03:12,457 - INFO -    Position Error: 0.6425m
2025-09-12 19:03:12,457 - INFO -    Completion: 89.1% (668/750 steps)
2025-09-12 19:03:12,457 - INFO -    Duration: 22.3s / 25.0s
2025-09-12 19:03:12,457 - INFO -    Composite Score: 82.64
2025-09-12 19:03:12,461 - INFO - CONVERGENCE EPISODE 48: 0.6425m
2025-09-12 19:03:14,730 - INFO -      50 |   86.99 |   54.857 |    2.0141 |   2.7s (10.9%) |   69.0s
2025-09-12 19:03:23,240 - INFO - 🏆 NEW BEST EPISODE (SMART CRITERIA)! Episode 52
2025-09-12 19:03:23,241 - INFO -    Position Error: 0.6410m
2025-09-12 19:03:23,241 - INFO -    Completion: 89.1% (668/750 steps)
2025-09-12 19:03:23,241 - INFO -    Duration: 22.3s / 25.0s
2025-09-12 19:03:23,241 - INFO -    Composite Score: 82.66
2025-09-12 19:03:23,246 - INFO - CONVERGENCE EPISODE 52: 0.6410m
2025-09-12 19:03:32,382 - INFO - CONVERGENCE EPISODE 54: 0.6419m
2025-09-12 19:03:40,271 - INFO - CONVERGENCE EPISODE 55: 0.6412m
2025-09-12 19:03:48,148 - INFO - CONVERGENCE EPISODE 56: 0.6412m
2025-09-12 19:03:55,962 - INFO - CONVERGENCE EPISODE 57: 0.6411m
2025-09-12 19:04:03,773 - INFO - CONVERGENCE EPISODE 58: 0.6415m
2025-09-12 19:04:11,601 - INFO - 🏆 NEW BEST EPISODE (SMART CRITERIA)! Episode 59
2025-09-12 19:04:11,601 - INFO -    Position Error: 0.6400m
2025-09-12 19:04:11,601 - INFO -    Completion: 89.1% (668/750 steps)
2025-09-12 19:04:11,601 - INFO -    Duration: 22.3s / 25.0s
2025-09-12 19:04:11,601 - INFO -    Composite Score: 82.67
2025-09-12 19:04:11,606 - INFO - CONVERGENCE EPISODE 59: 0.6400m
2025-09-12 19:04:13,843 - INFO -      60 |  221.72 |   31.112 |    2.9054 |   6.2s (24.8%) |  128.1s
2025-09-12 19:04:26,215 - INFO - CONVERGENCE EPISODE 64: 0.9838m
2025-09-12 19:04:36,811 - INFO -      70 |  163.87 |   23.607 |    4.2623 |   4.8s (19.3%) |  151.1s
2025-09-12 19:04:52,347 - INFO -      80 |  106.97 |   22.531 |    1.3962 |   3.8s (15.2%) |  166.6s
2025-09-12 19:04:57,104 - INFO - CONVERGENCE EPISODE 83: 0.7253m
2025-09-12 19:05:07,392 - INFO -      90 |   56.05 |   19.668 |    1.6641 |   2.5s ( 9.9%) |  181.6s
2025-09-12 19:05:19,645 - INFO - 
2025-09-12 19:05:19,645 - INFO - MILESTONE 100 ANALYSIS:
2025-09-12 19:05:19,645 - INFO -   Recent 50 episodes avg position error: 2.4290 ± 1.4263m
2025-09-12 19:05:19,645 - INFO -   Recent 50 episodes avg cost: 34.588
2025-09-12 19:05:19,645 - INFO -   Convergent episodes ratio (< 1.0m): 18.00%
2025-09-12 19:05:19,645 - INFO -   Total convergent episodes so far: 23
2025-09-12 19:05:19,645 - INFO -   Best performance: 0.6400m at episode 59
2025-09-12 19:05:19,645 - INFO -   Stable performance not yet achieved
2025-09-12 19:05:19,645 - INFO - 
2025-09-12 19:05:19,645 - INFO -     100 |  123.06 |   46.464 |    5.0892 |   4.2s (16.7%) |  193.9s
2025-09-12 19:05:22,389 - INFO - NEW BEST PERFORMANCE! Episode 102: 0.3088m
2025-09-12 19:05:22,413 - INFO - BEST MODEL SAVED! Episode 102, Error: 0.3088m
2025-09-12 19:05:22,413 - INFO - Best model path: /home/osos/Mohamed_Masters_Thesis/DHP_drone_updated/DHP/trained_models/dhp_cf2x_best
2025-09-12 19:05:22,413 - INFO - All model files saved successfully!
2025-09-12 19:05:22,413 - INFO - CONVERGENCE EPISODE 102: 0.3088m
2025-09-12 19:05:32,947 - INFO -     110 |  134.80 |   32.906 |    4.2188 |   4.5s (18.1%) |  207.2s
2025-09-12 19:05:36,647 - INFO - CONVERGENCE EPISODE 113: 0.9028m
2025-09-12 19:05:47,208 - INFO -     120 |   66.97 |   78.021 |    5.0060 |   3.0s (11.9%) |  221.5s
2025-09-12 19:05:59,570 - INFO -     130 |  126.30 |   21.996 |    1.9848 |   3.8s (15.1%) |  233.8s
2025-09-12 19:06:04,701 - INFO - CONVERGENCE EPISODE 134: 0.4400m
2025-09-12 19:06:09,679 - INFO - CONVERGENCE EPISODE 138: 0.6165m
2025-09-12 19:06:11,065 - INFO - CONVERGENCE EPISODE 139: 0.6203m
2025-09-12 19:06:12,237 - INFO -     140 |   94.08 |   11.991 |    2.4835 |   3.3s (13.1%) |  246.5s
2025-09-12 19:06:14,276 - INFO - CONVERGENCE EPISODE 142: 0.8150m
2025-09-12 19:06:22,041 - INFO - CONVERGENCE EPISODE 148: 0.5584m
2025-09-12 19:06:24,627 - INFO -     150 |  116.69 |   22.192 |    4.9844 |   3.8s (15.3%) |  258.9s
2025-09-12 19:06:27,102 - INFO - CONVERGENCE EPISODE 152: 0.8428m
2025-09-12 19:06:38,128 - INFO -     160 |  109.07 |   39.682 |    3.2407 |   3.6s (14.3%) |  272.4s
2025-09-12 19:06:51,585 - INFO -     170 |  102.96 |   89.590 |    1.0596 |   3.4s (13.5%) |  285.8s
2025-09-12 19:07:04,095 - INFO -     180 |  135.93 |   37.629 |    1.1925 |   5.4s (21.6%) |  298.3s
2025-09-12 19:07:16,926 - INFO -     190 |  108.06 |   32.120 |    1.6704 |   3.0s (11.9%) |  311.2s
2025-09-12 19:07:17,910 - INFO - CONVERGENCE EPISODE 191: 0.5073m
2025-09-12 19:07:22,700 - INFO - CONVERGENCE EPISODE 195: 0.3611m
2025-09-12 19:07:23,503 - INFO - CONVERGENCE EPISODE 196: 0.8356m
2025-09-12 19:07:27,605 - INFO - 
================================================================================
2025-09-12 19:07:27,605 - INFO - TRAINING COMPLETED - FINAL ANALYSIS
2025-09-12 19:07:27,606 - INFO - ================================================================================
2025-09-12 19:07:27,606 - INFO - Total training time: 321.9 seconds (5.4 minutes)
2025-09-12 19:07:27,606 - INFO - Final episode reward: 86.11
2025-09-12 19:07:27,606 - INFO - Final position error: 1.0334m
2025-09-12 19:07:27,606 - INFO - 
EPISODE COMPLETION STATISTICS:
2025-09-12 19:07:27,606 - INFO - Average completion rate: 17.8%
2025-09-12 19:07:27,606 - INFO - Episodes completed (≥90%): 0/200 (0.0%)
2025-09-12 19:07:27,606 - INFO - No episodes achieved ≥90% completion
2025-09-12 19:07:27,606 - INFO - 
BEST EPISODE ANALYSIS:
2025-09-12 19:07:27,606 - INFO - Best overall episode (smart criteria): #102
2025-09-12 19:07:27,606 - INFO -   Position error: 0.3088m
2025-09-12 19:07:27,606 - INFO -   Composite score: 82.67
2025-09-12 19:07:27,606 - INFO - Total convergent episodes (< 1.0m): 34/200 (17.00%)
2025-09-12 19:07:27,606 - INFO - Stable performance achieved: No
2025-09-12 19:07:27,607 - INFO - Position error statistics:
2025-09-12 19:07:27,607 - INFO -   Mean: 2.8386m
2025-09-12 19:07:27,607 - INFO -   Std:  1.7018m
2025-09-12 19:07:27,607 - INFO -   Min:  0.0923m
2025-09-12 19:07:27,607 - INFO -   Max:  5.9867m
2025-09-12 19:07:27,607 - INFO -   Median: 2.5586m
2025-09-12 19:07:27,607 - INFO - Performance distribution:
2025-09-12 19:07:27,607 - INFO -   Excellent (< 0.5m): 11 episodes (5.5%)
2025-09-12 19:07:27,607 - INFO -   Good (0.5-1.0m):   23 episodes (11.5%)
2025-09-12 19:07:27,607 - INFO -   Acceptable (1.0-1.5m): 19 episodes (9.5%)
2025-09-12 19:07:27,607 - INFO -   Poor (> 1.5m):     147 episodes (73.5%)
2025-09-12 19:07:27,607 - INFO - 
TRAINING CONFIGURATION EFFECTIVENESS:
2025-09-12 19:07:27,607 - INFO - ----------------------------------------
2025-09-12 19:07:27,607 - INFO - Episodes needed for first convergence: 6
2025-09-12 19:07:27,607 - INFO - Excitation phase ended at episode: 6
2025-09-12 19:07:27,609 - INFO - Training metrics saved to: /home/osos/Mohamed_Masters_Thesis/DHP_drone_updated/DHP/training_logs/dhp_split_metrics_20250912_190727.json
2025-09-12 19:07:27,609 - INFO - 
BEST MODEL CONFIRMED:
2025-09-12 19:07:27,609 - INFO -   Episode: 102
2025-09-12 19:07:27,609 - INFO -   Position Error: 0.3088m
2025-09-12 19:07:27,609 - INFO -   Model files: dhp_cf2x_best_*
2025-09-12 19:07:27,609 - INFO - ================================================================================
2025-09-12 19:07:27,609 - INFO - TRAINING SESSION COMPLETED
2025-09-12 19:07:27,609 - INFO - Detailed log saved to: /home/osos/Mohamed_Masters_Thesis/DHP_drone_updated/DHP/training_logs/dhp_split_training_20250912_190205.log
2025-09-12 19:07:27,609 - INFO - ================================================================================
2025-09-12 19:07:27,611 - INFO - Best episode replay data saved: /home/osos/Mohamed_Masters_Thesis/DHP_drone_updated/DHP/best_episode_replays/best_episode_replay_ep59_error0.6400_20250912_190727.pkl
2025-09-12 19:07:27,611 - INFO -   Episode: 59, Error: 0.6400m
2025-09-12 19:07:27,611 - INFO -   Action sequence: 668 steps
2025-09-12 19:07:27,611 - INFO -   Duration: 22.27 seconds
2025-09-12 19:07:27,611 - INFO -   Control frequency: 30.0 Hz
2025-09-12 19:08:42,742 - INFO - 
==================================================
2025-09-12 19:08:42,742 - INFO - STARTING BEST EPISODE REPLAY
2025-09-12 19:08:42,742 - INFO - ==================================================
2025-09-12 19:09:06,392 - INFO - Best episode replay completed successfully
2025-09-12 19:09:06,393 - INFO - Original error: 0.6400m, Replay error: 0.6400m
2025-09-12 19:09:06,393 - INFO - Training and best episode replay session completed successfully!
