2025-09-07 18:54:31,098 - INFO - ================================================================================
2025-09-07 18:54:31,098 - INFO - DHP SPLIT ARCHITECTURE TRAINING SESSION STARTED
2025-09-07 18:54:31,098 - INFO - ================================================================================
2025-09-07 18:54:31,098 - INFO - HYPERPARAMETERS:
2025-09-07 18:54:31,098 - INFO - ----------------------------------------
2025-09-07 18:54:31,098 - INFO - action_size              : 4
2025-09-07 18:54:31,098 - INFO - best_episode_gui         : False
2025-09-07 18:54:31,098 - INFO - coordination_strength    : 0.1
2025-09-07 18:54:31,098 - INFO - coordination_warmup_episodes: 400
2025-09-07 18:54:31,098 - INFO - dt                       : 0.03333333333333333
2025-09-07 18:54:31,098 - INFO - episode_length           : 20.0
2025-09-07 18:54:31,098 - INFO - excitation_amplitude     : 0.03
2025-09-07 18:54:31,098 - INFO - excitation_steps         : 12500
2025-09-07 18:54:31,098 - INFO - gamma                    : 0.98
2025-09-07 18:54:31,098 - INFO - gradient_clip_value      : 0.5
2025-09-07 18:54:31,098 - INFO - gui                      : False
2025-09-07 18:54:31,098 - INFO - hidden_layer_size        : [64, 64, 32]
2025-09-07 18:54:31,098 - INFO - log_interval             : 10
2025-09-07 18:54:31,099 - INFO - lr_actor                 : 0.005
2025-09-07 18:54:31,099 - INFO - lr_critic                : 0.01
2025-09-07 18:54:31,099 - INFO - lr_decay                 : 0.9999
2025-09-07 18:54:31,099 - INFO - normalize_states         : True
2025-09-07 18:54:31,099 - INFO - num_episodes             : 2500
2025-09-07 18:54:31,099 - INFO - predict_delta            : False
2025-09-07 18:54:31,099 - INFO - record                   : False
2025-09-07 18:54:31,099 - INFO - record_best_episodes     : True
2025-09-07 18:54:31,099 - INFO - recording_fps            : 30
2025-09-07 18:54:31,099 - INFO - reference_size           : 8
2025-09-07 18:54:31,099 - INFO - rls_action_size          : 4
2025-09-07 18:54:31,099 - INFO - rls_covariance           : 100.0
2025-09-07 18:54:31,099 - INFO - rls_gamma                : 0.9995
2025-09-07 18:54:31,099 - INFO - rls_state_size           : 8
2025-09-07 18:54:31,099 - INFO - save_interval            : 100
2025-09-07 18:54:31,099 - INFO - split                    : False
2025-09-07 18:54:31,099 - INFO - state_bounds             : {'z': [0.0, 5.0], 'roll': [-1.5707963267948966, 1.5707963267948966], 'pitch': [-1.5707963267948966, 1.5707963267948966], 'yaw': [-3.141592653589793, 3.141592653589793], 'vz': [-12.0, 12.0], 'wx': [-10.0, 10.0], 'wy': [-10.0, 10.0], 'wz': [-10.0, 10.0]}
2025-09-07 18:54:31,099 - INFO - state_size               : 8
2025-09-07 18:54:31,099 - INFO - target_network           : True
2025-09-07 18:54:31,099 - INFO - target_pos               : [0.5, 0.5, 1.0]
2025-09-07 18:54:31,099 - INFO - tau                      : 0.001
2025-09-07 18:54:31,099 - INFO - trajectory_type          : spiral
2025-09-07 18:54:31,099 - INFO - update_cycles            : 2
2025-09-07 18:54:31,099 - INFO - use_trajectory           : False
2025-09-07 18:54:31,099 - INFO - ----------------------------------------
2025-09-07 18:54:31,099 - INFO - Log file: /home/osos/Mohamed_Masters_Thesis/DHP_drone_updated/DHP/training_logs/dhp_split_training_20250907_185431.log
2025-09-07 18:54:31,099 - INFO - ================================================================================
2025-09-07 18:54:31,100 - INFO - 
TRAJECTORY TRAINING CONFIGURATION:
2025-09-07 18:54:31,100 - INFO -   num_episodes: 200
2025-09-07 18:54:31,100 - INFO -   episode_length: 25.0
2025-09-07 18:54:31,100 - INFO -   excitation_steps: 5000
2025-09-07 18:54:31,100 - INFO -   log_interval: 10
2025-09-07 18:54:31,100 - INFO -   save_interval: 50
2025-09-07 18:54:31,100 - INFO -   gui: False
2025-09-07 18:54:31,100 - INFO -   record: False
2025-09-07 18:54:31,100 - INFO -   normalize_states: True
2025-09-07 18:54:31,100 - INFO -   record_best_episodes: True
2025-09-07 18:54:31,100 - INFO -   coordination_warmup_episodes: 200
2025-09-07 18:54:31,100 - INFO -   coordination_strength: 0.15
2025-09-07 18:54:31,100 - INFO -   use_trajectory: True
2025-09-07 18:54:31,100 - INFO -   trajectory_type: spiral
2025-09-07 18:54:31,100 - INFO -   target_pos: [0.0, 0.0, 1.0]
2025-09-07 18:54:31,100 - INFO - 
==================================================
2025-09-07 18:54:31,100 - INFO - STARTING DHP TRAINING FOR CF2X QUADROTOR
2025-09-07 18:54:31,100 - INFO - ==================================================
2025-09-07 18:54:31,240 - WARNING - From /home/osos/Mohamed_Masters_Thesis/DHP_drone_updated/msc-thesis/agents/dhp.py:88: The name tf.Session is deprecated. Please use tf.compat.v1.Session instead.

2025-09-07 18:54:31,341 - WARNING - From /home/osos/Mohamed_Masters_Thesis/DHP_drone_updated/msc-thesis/agents/dhp.py:117: The name tf.placeholder is deprecated. Please use tf.compat.v1.placeholder instead.

2025-09-07 18:54:31,346 - WARNING - From /home/osos/Mohamed_Masters_Thesis/DHP_drone_updated/msc-thesis/agents/dhp.py:119: The name tf.placeholder_with_default is deprecated. Please use tf.compat.v1.placeholder_with_default instead.

2025-09-07 18:54:31,359 - WARNING - From /home/osos/Mohamed_Masters_Thesis/DHP_drone_updated/msc-thesis/agents/dhp.py:141: The name tf.variable_scope is deprecated. Please use tf.compat.v1.variable_scope instead.

2025-09-07 18:54:31,360 - WARNING - From /home/osos/Mohamed_Masters_Thesis/DHP_drone_updated/msc-thesis/agents/dhp.py:145: dense (from tensorflow.python.layers.core) is deprecated and will be removed in a future version.
Instructions for updating:
Use keras.layers.Dense instead.
2025-09-07 18:54:31,363 - WARNING - From /home/osos/anaconda3/envs/DHP/lib/python3.7/site-packages/tensorflow_core/python/layers/core.py:187: Layer.apply (from tensorflow.python.keras.engine.base_layer) is deprecated and will be removed in a future version.
Instructions for updating:
Please use `layer.__call__` method instead.
2025-09-07 18:54:31,422 - WARNING - From /home/osos/Mohamed_Masters_Thesis/DHP_drone_updated/msc-thesis/agents/dhp.py:150: The name tf.trainable_variables is deprecated. Please use tf.compat.v1.trainable_variables instead.

2025-09-07 18:54:31,440 - WARNING - From /home/osos/Mohamed_Masters_Thesis/DHP_drone_updated/msc-thesis/agents/dhp.py:156: The name tf.train.GradientDescentOptimizer is deprecated. Please use tf.compat.v1.train.GradientDescentOptimizer instead.

2025-09-07 18:54:31,489 - WARNING - From /home/osos/Mohamed_Masters_Thesis/DHP_drone_updated/msc-thesis/agents/dhp.py:173: The name tf.assign is deprecated. Please use tf.compat.v1.assign instead.

2025-09-07 18:54:31,658 - WARNING - From /home/osos/Mohamed_Masters_Thesis/DHP_drone_updated/msc-thesis/agents/dhp.py:97: The name tf.summary.merge_all is deprecated. Please use tf.compat.v1.summary.merge_all instead.

2025-09-07 18:54:31,659 - WARNING - From /home/osos/Mohamed_Masters_Thesis/DHP_drone_updated/msc-thesis/agents/dhp.py:98: The name tf.train.Saver is deprecated. Please use tf.compat.v1.train.Saver instead.

2025-09-07 18:54:31,679 - WARNING - From /home/osos/Mohamed_Masters_Thesis/DHP_drone_updated/msc-thesis/agents/dhp.py:99: The name tf.global_variables_initializer is deprecated. Please use tf.compat.v1.global_variables_initializer instead.

2025-09-07 18:54:31,780 - INFO - 
Training for 200 episodes...
2025-09-07 18:54:31,780 - INFO - Episode | Reward  | Avg Cost | Pos Error | Duration (Completion) | Time
2025-09-07 18:54:31,780 - INFO - -------------------------------------------------------------------------------------
2025-09-07 18:54:33,344 - INFO - 🏆 NEW BEST EPISODE (SMART CRITERIA)! Episode 0
2025-09-07 18:54:33,344 - INFO -    Position Error: 5.0697m
2025-09-07 18:54:33,344 - INFO -    Completion: 18.0% (135/750 steps)
2025-09-07 18:54:33,344 - INFO -    Duration: 4.5s / 25.0s
2025-09-07 18:54:33,344 - INFO -    Composite Score: -32.70
2025-09-07 18:54:33,345 - INFO -       0 |   56.33 |   42.172 |    5.0697 |   4.5s (18.0%) |    1.6s
2025-09-07 18:54:40,398 - INFO - 🏆 NEW BEST EPISODE (SMART CRITERIA)! Episode 5
2025-09-07 18:54:40,398 - INFO -    Position Error: 5.2605m
2025-09-07 18:54:40,398 - INFO -    Completion: 23.6% (177/750 steps)
2025-09-07 18:54:40,398 - INFO -    Duration: 5.9s / 25.0s
2025-09-07 18:54:40,398 - INFO -    Composite Score: -29.00
2025-09-07 18:54:41,359 - INFO - NEW BEST PERFORMANCE! Episode 6: 5.0135m
2025-09-07 18:54:41,414 - INFO - BEST MODEL SAVED! Episode 6, Error: 5.0135m
2025-09-07 18:54:41,415 - INFO - Best model path: /home/osos/Mohamed_Masters_Thesis/DHP_drone_updated/DHP/trained_models/dhp_cf2x_best
2025-09-07 18:54:48,689 - INFO - 🏆 NEW BEST EPISODE (SMART CRITERIA)! Episode 7
2025-09-07 18:54:48,689 - INFO -    Position Error: 1.7664m
2025-09-07 18:54:48,689 - INFO -    Completion: 100.0% (750/750 steps)
2025-09-07 18:54:48,689 - INFO -    Duration: 25.0s / 25.0s
2025-09-07 18:54:48,690 - INFO -    Composite Score: 132.34
2025-09-07 18:54:48,690 - INFO - 🎯 NEW BEST COMPLETED EPISODE! Episode 7
2025-09-07 18:54:48,690 - INFO -    Position Error: 1.7664m (among completed episodes)
2025-09-07 18:54:48,690 - INFO -    Completion: 100.0% (750/750 steps)
2025-09-07 18:54:48,690 - INFO -    Duration: 25.0s
2025-09-07 18:54:48,930 - INFO - NEW BEST PERFORMANCE! Episode 8: 0.3639m
2025-09-07 18:54:48,956 - INFO - BEST MODEL SAVED! Episode 8, Error: 0.3639m
2025-09-07 18:54:48,958 - INFO - Best model path: /home/osos/Mohamed_Masters_Thesis/DHP_drone_updated/DHP/trained_models/dhp_cf2x_best
2025-09-07 18:54:48,959 - INFO - CONVERGENCE EPISODE 8: 0.3639m
2025-09-07 18:54:49,196 - INFO - CONVERGENCE EPISODE 9: 0.3647m
2025-09-07 18:54:50,021 - INFO -      10 |   29.37 |   54.472 |    4.8384 |   2.6s (10.5%) |   18.2s
2025-09-07 18:55:03,602 - INFO - CONVERGENCE EPISODE 20: 0.5706m
2025-09-07 18:55:03,602 - INFO -      20 |   28.57 |   80.257 |    0.5706 |   0.7s ( 2.9%) |   31.8s
2025-09-07 18:55:04,590 - INFO - CONVERGENCE EPISODE 22: 0.4013m
2025-09-07 18:55:04,801 - INFO - NEW BEST PERFORMANCE! Episode 23: 0.3373m
2025-09-07 18:55:04,827 - INFO - BEST MODEL SAVED! Episode 23, Error: 0.3373m
2025-09-07 18:55:04,830 - INFO - Best model path: /home/osos/Mohamed_Masters_Thesis/DHP_drone_updated/DHP/trained_models/dhp_cf2x_best
2025-09-07 18:55:04,830 - INFO - CONVERGENCE EPISODE 23: 0.3373m
2025-09-07 18:55:05,056 - INFO - CONVERGENCE EPISODE 24: 0.3887m
2025-09-07 18:55:10,466 - INFO - NEW BEST PERFORMANCE! Episode 28: 0.2356m
2025-09-07 18:55:10,492 - INFO - BEST MODEL SAVED! Episode 28, Error: 0.2356m
2025-09-07 18:55:10,494 - INFO - Best model path: /home/osos/Mohamed_Masters_Thesis/DHP_drone_updated/DHP/trained_models/dhp_cf2x_best
2025-09-07 18:55:10,494 - INFO - CONVERGENCE EPISODE 28: 0.2356m
2025-09-07 18:55:13,578 - INFO - CONVERGENCE EPISODE 30: 0.5697m
2025-09-07 18:55:13,579 - INFO -      30 |   44.50 |   80.113 |    0.5697 |   1.1s ( 4.4%) |   41.8s
2025-09-07 18:55:14,326 - INFO - CONVERGENCE EPISODE 32: 0.5886m
2025-09-07 18:55:14,846 - INFO - CONVERGENCE EPISODE 33: 0.3970m
2025-09-07 18:55:15,915 - INFO - CONVERGENCE EPISODE 35: 0.4040m
2025-09-07 18:55:19,539 - INFO - CONVERGENCE EPISODE 39: 0.5007m
2025-09-07 18:55:19,923 - INFO - CONVERGENCE EPISODE 40: 0.6319m
2025-09-07 18:55:19,924 - INFO -      40 |   48.94 |   23.748 |    0.6319 |   1.1s ( 4.5%) |   48.1s
2025-09-07 18:55:22,169 - INFO - CONVERGENCE EPISODE 45: 0.2932m
2025-09-07 18:55:23,320 - INFO - CONVERGENCE EPISODE 48: 0.6059m
2025-09-07 18:55:24,157 - INFO - CONVERGENCE EPISODE 50: 0.4035m
2025-09-07 18:55:24,157 - INFO -      50 |   63.37 |   59.444 |    0.4035 |   1.3s ( 5.1%) |   52.4s
2025-09-07 18:55:28,858 - INFO - CONVERGENCE EPISODE 55: 0.6123m
2025-09-07 18:55:29,624 - INFO - CONVERGENCE EPISODE 57: 0.7145m
2025-09-07 18:55:32,516 - INFO -      60 |  144.14 |   65.701 |    3.6265 |   3.9s (15.6%) |   60.7s
2025-09-07 18:55:39,382 - INFO - CONVERGENCE EPISODE 65: 0.8148m
2025-09-07 18:55:44,259 - INFO -      70 |  125.97 |   46.622 |    2.8471 |   3.1s (12.3%) |   72.5s
2025-09-07 18:55:50,216 - INFO - CONVERGENCE EPISODE 75: 0.9163m
2025-09-07 18:55:58,691 - INFO -      80 |   93.40 |   84.772 |    4.8737 |   2.5s (10.1%) |   86.9s
2025-09-07 18:56:10,356 - INFO - 🏆 NEW BEST EPISODE (SMART CRITERIA)! Episode 83
2025-09-07 18:56:10,356 - INFO -    Position Error: 0.7435m
2025-09-07 18:56:10,356 - INFO -    Completion: 100.0% (750/750 steps)
2025-09-07 18:56:10,356 - INFO -    Duration: 25.0s / 25.0s
2025-09-07 18:56:10,356 - INFO -    Composite Score: 142.57
2025-09-07 18:56:10,356 - INFO - 🎯 NEW BEST COMPLETED EPISODE! Episode 83
2025-09-07 18:56:10,356 - INFO -    Position Error: 0.7435m (among completed episodes)
2025-09-07 18:56:10,356 - INFO -    Completion: 100.0% (750/750 steps)
2025-09-07 18:56:10,356 - INFO -    Duration: 25.0s
2025-09-07 18:56:10,366 - INFO - CONVERGENCE EPISODE 83: 0.7435m
2025-09-07 18:56:17,806 - INFO - 🏆 NEW BEST EPISODE (SMART CRITERIA)! Episode 84
2025-09-07 18:56:17,806 - INFO -    Position Error: 0.6590m
2025-09-07 18:56:17,806 - INFO -    Completion: 100.0% (750/750 steps)
2025-09-07 18:56:17,806 - INFO -    Duration: 25.0s / 25.0s
2025-09-07 18:56:17,806 - INFO -    Composite Score: 143.41
2025-09-07 18:56:17,806 - INFO - 🎯 NEW BEST COMPLETED EPISODE! Episode 84
2025-09-07 18:56:17,806 - INFO -    Position Error: 0.6590m (among completed episodes)
2025-09-07 18:56:17,806 - INFO -    Completion: 100.0% (750/750 steps)
2025-09-07 18:56:17,807 - INFO -    Duration: 25.0s
2025-09-07 18:56:17,817 - INFO - CONVERGENCE EPISODE 84: 0.6590m
2025-09-07 18:56:25,330 - INFO - 🏆 NEW BEST EPISODE (SMART CRITERIA)! Episode 85
2025-09-07 18:56:25,330 - INFO -    Position Error: 0.6542m
2025-09-07 18:56:25,330 - INFO -    Completion: 100.0% (750/750 steps)
2025-09-07 18:56:25,330 - INFO -    Duration: 25.0s / 25.0s
2025-09-07 18:56:25,330 - INFO -    Composite Score: 143.46
2025-09-07 18:56:25,330 - INFO - 🎯 NEW BEST COMPLETED EPISODE! Episode 85
2025-09-07 18:56:25,330 - INFO -    Position Error: 0.6542m (among completed episodes)
2025-09-07 18:56:25,330 - INFO -    Completion: 100.0% (750/750 steps)
2025-09-07 18:56:25,330 - INFO -    Duration: 25.0s
2025-09-07 18:56:25,339 - INFO - CONVERGENCE EPISODE 85: 0.6542m
2025-09-07 18:56:32,781 - INFO - 🏆 NEW BEST EPISODE (SMART CRITERIA)! Episode 86
2025-09-07 18:56:32,781 - INFO -    Position Error: 0.6542m
2025-09-07 18:56:32,781 - INFO -    Completion: 100.0% (750/750 steps)
2025-09-07 18:56:32,781 - INFO -    Duration: 25.0s / 25.0s
2025-09-07 18:56:32,781 - INFO -    Composite Score: 143.46
2025-09-07 18:56:32,781 - INFO - 🎯 NEW BEST COMPLETED EPISODE! Episode 86
2025-09-07 18:56:32,781 - INFO -    Position Error: 0.6542m (among completed episodes)
2025-09-07 18:56:32,781 - INFO -    Completion: 100.0% (750/750 steps)
2025-09-07 18:56:32,781 - INFO -    Duration: 25.0s
2025-09-07 18:56:32,793 - INFO - CONVERGENCE EPISODE 86: 0.6542m
2025-09-07 18:56:40,290 - INFO - 🏆 NEW BEST EPISODE (SMART CRITERIA)! Episode 87
2025-09-07 18:56:40,290 - INFO -    Position Error: 0.6541m
2025-09-07 18:56:40,290 - INFO -    Completion: 100.0% (750/750 steps)
2025-09-07 18:56:40,290 - INFO -    Duration: 25.0s / 25.0s
2025-09-07 18:56:40,291 - INFO -    Composite Score: 143.46
2025-09-07 18:56:40,291 - INFO - 🎯 NEW BEST COMPLETED EPISODE! Episode 87
2025-09-07 18:56:40,291 - INFO -    Position Error: 0.6541m (among completed episodes)
2025-09-07 18:56:40,291 - INFO -    Completion: 100.0% (750/750 steps)
2025-09-07 18:56:40,291 - INFO -    Duration: 25.0s
2025-09-07 18:56:40,301 - INFO - CONVERGENCE EPISODE 87: 0.6541m
2025-09-07 18:56:47,785 - INFO - 🏆 NEW BEST EPISODE (SMART CRITERIA)! Episode 88
2025-09-07 18:56:47,785 - INFO -    Position Error: 0.6541m
2025-09-07 18:56:47,785 - INFO -    Completion: 100.0% (750/750 steps)
2025-09-07 18:56:47,785 - INFO -    Duration: 25.0s / 25.0s
2025-09-07 18:56:47,785 - INFO -    Composite Score: 143.46
2025-09-07 18:56:47,785 - INFO - 🎯 NEW BEST COMPLETED EPISODE! Episode 88
2025-09-07 18:56:47,785 - INFO -    Position Error: 0.6541m (among completed episodes)
2025-09-07 18:56:47,785 - INFO -    Completion: 100.0% (750/750 steps)
2025-09-07 18:56:47,785 - INFO -    Duration: 25.0s
2025-09-07 18:56:47,795 - INFO - CONVERGENCE EPISODE 88: 0.6541m
2025-09-07 18:56:55,322 - INFO - 🏆 NEW BEST EPISODE (SMART CRITERIA)! Episode 89
2025-09-07 18:56:55,322 - INFO -    Position Error: 0.6540m
2025-09-07 18:56:55,322 - INFO -    Completion: 100.0% (750/750 steps)
2025-09-07 18:56:55,323 - INFO -    Duration: 25.0s / 25.0s
2025-09-07 18:56:55,323 - INFO -    Composite Score: 143.46
2025-09-07 18:56:55,323 - INFO - 🎯 NEW BEST COMPLETED EPISODE! Episode 89
2025-09-07 18:56:55,323 - INFO -    Position Error: 0.6540m (among completed episodes)
2025-09-07 18:56:55,323 - INFO -    Completion: 100.0% (750/750 steps)
2025-09-07 18:56:55,323 - INFO -    Duration: 25.0s
2025-09-07 18:56:55,335 - INFO - CONVERGENCE EPISODE 89: 0.6540m
2025-09-07 18:57:03,414 - INFO - 🏆 NEW BEST EPISODE (SMART CRITERIA)! Episode 90
2025-09-07 18:57:03,414 - INFO -    Position Error: 0.6540m
2025-09-07 18:57:03,415 - INFO -    Completion: 100.0% (750/750 steps)
2025-09-07 18:57:03,415 - INFO -    Duration: 25.0s / 25.0s
2025-09-07 18:57:03,415 - INFO -    Composite Score: 143.46
2025-09-07 18:57:03,415 - INFO - 🎯 NEW BEST COMPLETED EPISODE! Episode 90
2025-09-07 18:57:03,415 - INFO -    Position Error: 0.6540m (among completed episodes)
2025-09-07 18:57:03,415 - INFO -    Completion: 100.0% (750/750 steps)
2025-09-07 18:57:03,415 - INFO -    Duration: 25.0s
2025-09-07 18:57:03,426 - INFO - CONVERGENCE EPISODE 90: 0.6540m
2025-09-07 18:57:03,427 - INFO -      90 |  543.18 |    0.263 |    0.6540 |  25.0s (100.0%) |  151.6s
2025-09-07 18:57:10,934 - INFO - 🏆 NEW BEST EPISODE (SMART CRITERIA)! Episode 91
2025-09-07 18:57:10,934 - INFO -    Position Error: 0.6540m
2025-09-07 18:57:10,934 - INFO -    Completion: 100.0% (750/750 steps)
2025-09-07 18:57:10,935 - INFO -    Duration: 25.0s / 25.0s
2025-09-07 18:57:10,935 - INFO -    Composite Score: 143.46
2025-09-07 18:57:10,935 - INFO - 🎯 NEW BEST COMPLETED EPISODE! Episode 91
2025-09-07 18:57:10,935 - INFO -    Position Error: 0.6540m (among completed episodes)
2025-09-07 18:57:10,935 - INFO -    Completion: 100.0% (750/750 steps)
2025-09-07 18:57:10,935 - INFO -    Duration: 25.0s
2025-09-07 18:57:10,949 - INFO - CONVERGENCE EPISODE 91: 0.6540m
2025-09-07 18:57:18,559 - INFO - 🏆 NEW BEST EPISODE (SMART CRITERIA)! Episode 92
2025-09-07 18:57:18,559 - INFO -    Position Error: 0.6539m
2025-09-07 18:57:18,559 - INFO -    Completion: 100.0% (750/750 steps)
2025-09-07 18:57:18,559 - INFO -    Duration: 25.0s / 25.0s
2025-09-07 18:57:18,559 - INFO -    Composite Score: 143.46
2025-09-07 18:57:18,559 - INFO - 🎯 NEW BEST COMPLETED EPISODE! Episode 92
2025-09-07 18:57:18,559 - INFO -    Position Error: 0.6539m (among completed episodes)
2025-09-07 18:57:18,559 - INFO -    Completion: 100.0% (750/750 steps)
2025-09-07 18:57:18,559 - INFO -    Duration: 25.0s
2025-09-07 18:57:18,571 - INFO - CONVERGENCE EPISODE 92: 0.6539m
2025-09-07 18:57:18,572 - INFO - STABLE PERFORMANCE ACHIEVED starting at episode 83
2025-09-07 18:57:26,193 - INFO - 🏆 NEW BEST EPISODE (SMART CRITERIA)! Episode 93
2025-09-07 18:57:26,193 - INFO -    Position Error: 0.6537m
2025-09-07 18:57:26,193 - INFO -    Completion: 100.0% (750/750 steps)
2025-09-07 18:57:26,193 - INFO -    Duration: 25.0s / 25.0s
2025-09-07 18:57:26,193 - INFO -    Composite Score: 143.46
2025-09-07 18:57:26,193 - INFO - 🎯 NEW BEST COMPLETED EPISODE! Episode 93
2025-09-07 18:57:26,193 - INFO -    Position Error: 0.6537m (among completed episodes)
2025-09-07 18:57:26,193 - INFO -    Completion: 100.0% (750/750 steps)
2025-09-07 18:57:26,193 - INFO -    Duration: 25.0s
2025-09-07 18:57:26,206 - INFO - CONVERGENCE EPISODE 93: 0.6537m
2025-09-07 18:57:33,761 - INFO - 🏆 NEW BEST EPISODE (SMART CRITERIA)! Episode 94
2025-09-07 18:57:33,761 - INFO -    Position Error: 0.6537m
2025-09-07 18:57:33,761 - INFO -    Completion: 100.0% (750/750 steps)
2025-09-07 18:57:33,761 - INFO -    Duration: 25.0s / 25.0s
2025-09-07 18:57:33,761 - INFO -    Composite Score: 143.46
2025-09-07 18:57:33,761 - INFO - 🎯 NEW BEST COMPLETED EPISODE! Episode 94
2025-09-07 18:57:33,761 - INFO -    Position Error: 0.6537m (among completed episodes)
2025-09-07 18:57:33,761 - INFO -    Completion: 100.0% (750/750 steps)
2025-09-07 18:57:33,761 - INFO -    Duration: 25.0s
2025-09-07 18:57:33,774 - INFO - CONVERGENCE EPISODE 94: 0.6537m
2025-09-07 18:57:41,581 - INFO - 🏆 NEW BEST EPISODE (SMART CRITERIA)! Episode 95
2025-09-07 18:57:41,581 - INFO -    Position Error: 0.6537m
2025-09-07 18:57:41,581 - INFO -    Completion: 100.0% (750/750 steps)
2025-09-07 18:57:41,581 - INFO -    Duration: 25.0s / 25.0s
2025-09-07 18:57:41,581 - INFO -    Composite Score: 143.46
2025-09-07 18:57:41,581 - INFO - 🎯 NEW BEST COMPLETED EPISODE! Episode 95
2025-09-07 18:57:41,581 - INFO -    Position Error: 0.6537m (among completed episodes)
2025-09-07 18:57:41,581 - INFO -    Completion: 100.0% (750/750 steps)
2025-09-07 18:57:41,581 - INFO -    Duration: 25.0s
2025-09-07 18:57:41,591 - INFO - CONVERGENCE EPISODE 95: 0.6537m
2025-09-07 18:57:49,201 - INFO - CONVERGENCE EPISODE 96: 0.6537m
2025-09-07 18:57:56,918 - INFO - CONVERGENCE EPISODE 97: 0.6537m
2025-09-07 18:58:04,881 - INFO - CONVERGENCE EPISODE 98: 0.6537m
2025-09-07 18:58:12,509 - INFO - CONVERGENCE EPISODE 99: 0.6537m
2025-09-07 18:58:22,909 - INFO - CONVERGENCE EPISODE 100: 0.6538m
2025-09-07 18:58:22,910 - INFO - 
2025-09-07 18:58:22,910 - INFO - MILESTONE 100 ANALYSIS:
2025-09-07 18:58:22,910 - INFO -   Recent 50 episodes avg position error: 1.9470 ± 1.4379m
2025-09-07 18:58:22,910 - INFO -   Recent 50 episodes avg cost: 42.654
2025-09-07 18:58:22,910 - INFO -   Convergent episodes ratio (< 1.0m): 44.00%
2025-09-07 18:58:22,910 - INFO -   Total convergent episodes so far: 38
2025-09-07 18:58:22,911 - INFO -   Best performance: 0.6537m at episode 95
2025-09-07 18:58:22,911 - INFO -   Stable performance maintained since episode 83
2025-09-07 18:58:22,911 - INFO - 
2025-09-07 18:58:22,911 - INFO -     100 |  542.89 |    0.221 |    0.6538 |  25.0s (100.0%) |  231.1s
2025-09-07 18:58:31,552 - INFO - CONVERGENCE EPISODE 101: 0.6538m
2025-09-07 18:58:40,047 - INFO - CONVERGENCE EPISODE 102: 0.6538m
2025-09-07 18:58:47,729 - INFO - CONVERGENCE EPISODE 103: 0.6539m
2025-09-07 18:58:55,441 - INFO - CONVERGENCE EPISODE 104: 0.6540m
2025-09-07 18:59:03,548 - INFO - CONVERGENCE EPISODE 105: 0.6539m
2025-09-07 18:59:11,254 - INFO - CONVERGENCE EPISODE 106: 0.6540m
2025-09-07 18:59:18,918 - INFO - CONVERGENCE EPISODE 107: 0.6541m
2025-09-07 18:59:26,604 - INFO - CONVERGENCE EPISODE 108: 0.6541m
2025-09-07 18:59:34,228 - INFO - CONVERGENCE EPISODE 109: 0.6541m
2025-09-07 18:59:41,905 - INFO - CONVERGENCE EPISODE 110: 0.6541m
2025-09-07 18:59:41,906 - INFO -     110 |  542.80 |    0.181 |    0.6541 |  25.0s (100.0%) |  310.1s
2025-09-07 18:59:49,547 - INFO - CONVERGENCE EPISODE 111: 0.6541m
2025-09-07 18:59:57,164 - INFO - CONVERGENCE EPISODE 112: 0.6542m
2025-09-07 19:00:05,120 - INFO - CONVERGENCE EPISODE 113: 0.6542m
2025-09-07 19:00:12,833 - INFO - CONVERGENCE EPISODE 114: 0.6542m
2025-09-07 19:00:20,547 - INFO - CONVERGENCE EPISODE 115: 0.6542m
2025-09-07 19:00:28,245 - INFO - CONVERGENCE EPISODE 116: 0.6542m
2025-09-07 19:00:35,946 - INFO - CONVERGENCE EPISODE 117: 0.6542m
2025-09-07 19:00:43,848 - INFO - CONVERGENCE EPISODE 118: 0.6542m
2025-09-07 19:00:51,530 - INFO - CONVERGENCE EPISODE 119: 0.6543m
2025-09-07 19:00:59,228 - INFO - CONVERGENCE EPISODE 120: 0.6543m
2025-09-07 19:00:59,229 - INFO -     120 |  542.80 |    0.158 |    0.6543 |  25.0s (100.0%) |  387.4s
2025-09-07 19:01:07,214 - INFO - CONVERGENCE EPISODE 121: 0.6543m
2025-09-07 19:01:14,845 - INFO - CONVERGENCE EPISODE 122: 0.6543m
2025-09-07 19:01:22,478 - INFO - CONVERGENCE EPISODE 123: 0.6543m
2025-09-07 19:01:30,318 - INFO - CONVERGENCE EPISODE 124: 0.6543m
2025-09-07 19:01:38,037 - INFO - CONVERGENCE EPISODE 125: 0.6543m
2025-09-07 19:01:45,755 - INFO - CONVERGENCE EPISODE 126: 0.6543m
2025-09-07 19:01:53,507 - INFO - CONVERGENCE EPISODE 127: 0.6543m
2025-09-07 19:02:01,280 - INFO - CONVERGENCE EPISODE 128: 0.6543m
2025-09-07 19:02:09,211 - INFO - CONVERGENCE EPISODE 129: 0.6543m
2025-09-07 19:02:16,933 - INFO - CONVERGENCE EPISODE 130: 0.6543m
2025-09-07 19:02:16,933 - INFO -     130 |  542.74 |    0.140 |    0.6543 |  25.0s (100.0%) |  465.2s
2025-09-07 19:02:24,627 - INFO - CONVERGENCE EPISODE 131: 0.6543m
2025-09-07 19:02:32,469 - INFO - CONVERGENCE EPISODE 132: 0.6543m
2025-09-07 19:02:40,198 - INFO - CONVERGENCE EPISODE 133: 0.6543m
2025-09-07 19:02:47,927 - INFO - CONVERGENCE EPISODE 134: 0.6543m
2025-09-07 19:02:55,668 - INFO - CONVERGENCE EPISODE 135: 0.6543m
2025-09-07 19:03:03,793 - INFO - CONVERGENCE EPISODE 136: 0.6543m
2025-09-07 19:03:11,514 - INFO - CONVERGENCE EPISODE 137: 0.6543m
2025-09-07 19:03:19,402 - INFO - CONVERGENCE EPISODE 138: 0.6543m
2025-09-07 19:03:27,299 - INFO - CONVERGENCE EPISODE 139: 0.6542m
2025-09-07 19:03:34,986 - INFO - CONVERGENCE EPISODE 140: 0.6543m
2025-09-07 19:03:34,987 - INFO -     140 |  542.73 |    0.130 |    0.6543 |  25.0s (100.0%) |  543.2s
2025-09-07 19:03:42,789 - INFO - CONVERGENCE EPISODE 141: 0.6543m
2025-09-07 19:03:50,577 - INFO - CONVERGENCE EPISODE 142: 0.6543m
2025-09-07 19:03:58,262 - INFO - CONVERGENCE EPISODE 143: 0.6543m
2025-09-07 19:04:06,320 - INFO - CONVERGENCE EPISODE 144: 0.6543m
2025-09-07 19:04:14,019 - INFO - CONVERGENCE EPISODE 145: 0.6543m
2025-09-07 19:04:21,745 - INFO - CONVERGENCE EPISODE 146: 0.6542m
2025-09-07 19:04:29,603 - INFO - CONVERGENCE EPISODE 147: 0.6542m
2025-09-07 19:04:37,533 - INFO - CONVERGENCE EPISODE 148: 0.6542m
2025-09-07 19:04:45,222 - INFO - CONVERGENCE EPISODE 149: 0.6542m
2025-09-07 19:04:55,306 - INFO - CONVERGENCE EPISODE 150: 0.6542m
2025-09-07 19:04:55,307 - INFO -     150 |  542.56 |    0.099 |    0.6542 |  25.0s (100.0%) |  623.5s
2025-09-07 19:05:03,354 - INFO - CONVERGENCE EPISODE 151: 0.6542m
2025-09-07 19:05:11,161 - INFO - CONVERGENCE EPISODE 152: 0.6541m
2025-09-07 19:05:18,999 - INFO - CONVERGENCE EPISODE 153: 0.6542m
2025-09-07 19:05:26,771 - INFO - CONVERGENCE EPISODE 154: 0.6542m
2025-09-07 19:05:34,522 - INFO - CONVERGENCE EPISODE 155: 0.6541m
2025-09-07 19:05:42,269 - INFO - CONVERGENCE EPISODE 156: 0.6542m
2025-09-07 19:05:50,081 - INFO - CONVERGENCE EPISODE 157: 0.6542m
2025-09-07 19:05:57,804 - INFO - CONVERGENCE EPISODE 158: 0.6542m
2025-09-07 19:06:05,911 - INFO - CONVERGENCE EPISODE 159: 0.6541m
2025-09-07 19:06:13,718 - INFO - CONVERGENCE EPISODE 160: 0.6541m
2025-09-07 19:06:13,718 - INFO -     160 |  542.53 |    0.098 |    0.6541 |  25.0s (100.0%) |  701.9s
2025-09-07 19:06:21,494 - INFO - CONVERGENCE EPISODE 161: 0.6541m
2025-09-07 19:06:29,234 - INFO - CONVERGENCE EPISODE 162: 0.6541m
2025-09-07 19:06:36,967 - INFO - CONVERGENCE EPISODE 163: 0.6541m
2025-09-07 19:06:44,760 - INFO - CONVERGENCE EPISODE 164: 0.6541m
2025-09-07 19:06:52,540 - INFO - CONVERGENCE EPISODE 165: 0.6541m
2025-09-07 19:07:00,310 - INFO - CONVERGENCE EPISODE 166: 0.6541m
2025-09-07 19:07:08,436 - INFO - CONVERGENCE EPISODE 167: 0.6541m
2025-09-07 19:07:16,157 - INFO - CONVERGENCE EPISODE 168: 0.6541m
2025-09-07 19:07:24,017 - INFO - CONVERGENCE EPISODE 169: 0.6541m
2025-09-07 19:07:31,974 - INFO - CONVERGENCE EPISODE 170: 0.6540m
2025-09-07 19:07:31,975 - INFO -     170 |  542.33 |    0.079 |    0.6540 |  25.0s (100.0%) |  780.2s
2025-09-07 19:07:39,744 - INFO - CONVERGENCE EPISODE 171: 0.6541m
2025-09-07 19:07:47,597 - INFO - CONVERGENCE EPISODE 172: 0.6541m
2025-09-07 19:07:55,450 - INFO - CONVERGENCE EPISODE 173: 0.6540m
2025-09-07 19:08:03,612 - INFO - CONVERGENCE EPISODE 174: 0.6540m
2025-09-07 19:08:11,455 - INFO - CONVERGENCE EPISODE 175: 0.6540m
2025-09-07 19:08:19,201 - INFO - CONVERGENCE EPISODE 176: 0.6540m
2025-09-07 19:08:27,073 - INFO - CONVERGENCE EPISODE 177: 0.6540m
2025-09-07 19:08:34,951 - INFO - CONVERGENCE EPISODE 178: 0.6540m
2025-09-07 19:08:42,585 - INFO - CONVERGENCE EPISODE 179: 0.6540m
2025-09-07 19:08:50,206 - INFO - CONVERGENCE EPISODE 180: 0.6540m
2025-09-07 19:08:50,207 - INFO -     180 |  542.23 |    0.076 |    0.6540 |  25.0s (100.0%) |  858.4s
2025-09-07 19:08:58,038 - INFO - CONVERGENCE EPISODE 181: 0.6540m
2025-09-07 19:09:06,265 - INFO - CONVERGENCE EPISODE 182: 0.6540m
2025-09-07 19:09:14,025 - INFO - CONVERGENCE EPISODE 183: 0.6540m
2025-09-07 19:09:21,760 - INFO - CONVERGENCE EPISODE 184: 0.6539m
2025-09-07 19:09:29,542 - INFO - CONVERGENCE EPISODE 185: 0.6539m
2025-09-07 19:09:37,335 - INFO - CONVERGENCE EPISODE 186: 0.6539m
2025-09-07 19:09:45,101 - INFO - CONVERGENCE EPISODE 187: 0.6538m
2025-09-07 19:09:52,875 - INFO - CONVERGENCE EPISODE 188: 0.6538m
2025-09-07 19:10:00,603 - INFO - CONVERGENCE EPISODE 189: 0.6537m
2025-09-07 19:10:08,792 - INFO - CONVERGENCE EPISODE 190: 0.6537m
2025-09-07 19:10:08,793 - INFO -     190 |  542.17 |    0.121 |    0.6537 |  25.0s (100.0%) |  937.0s
2025-09-07 19:10:16,586 - INFO - 🏆 NEW BEST EPISODE (SMART CRITERIA)! Episode 191
2025-09-07 19:10:16,586 - INFO -    Position Error: 0.6502m
2025-09-07 19:10:16,586 - INFO -    Completion: 100.0% (750/750 steps)
2025-09-07 19:10:16,587 - INFO -    Duration: 25.0s / 25.0s
2025-09-07 19:10:16,587 - INFO -    Composite Score: 143.50
2025-09-07 19:10:16,587 - INFO - 🎯 NEW BEST COMPLETED EPISODE! Episode 191
2025-09-07 19:10:16,587 - INFO -    Position Error: 0.6502m (among completed episodes)
2025-09-07 19:10:16,587 - INFO -    Completion: 100.0% (750/750 steps)
2025-09-07 19:10:16,587 - INFO -    Duration: 25.0s
2025-09-07 19:10:16,597 - INFO - CONVERGENCE EPISODE 191: 0.6502m
2025-09-07 19:10:24,499 - INFO - CONVERGENCE EPISODE 192: 0.6535m
2025-09-07 19:10:32,254 - INFO - CONVERGENCE EPISODE 193: 0.6542m
2025-09-07 19:10:40,023 - INFO - CONVERGENCE EPISODE 194: 0.6529m
2025-09-07 19:10:47,908 - INFO - CONVERGENCE EPISODE 195: 0.6563m
2025-09-07 19:10:55,652 - INFO - CONVERGENCE EPISODE 196: 0.6542m
2025-09-07 19:11:03,712 - INFO - CONVERGENCE EPISODE 197: 0.6516m
2025-09-07 19:11:11,461 - INFO - CONVERGENCE EPISODE 198: 0.6524m
2025-09-07 19:11:13,758 - INFO - 
================================================================================
2025-09-07 19:11:13,759 - INFO - TRAINING COMPLETED - FINAL ANALYSIS
2025-09-07 19:11:13,759 - INFO - ================================================================================
2025-09-07 19:11:13,759 - INFO - Total training time: 1002.0 seconds (16.7 minutes)
2025-09-07 19:11:13,759 - INFO - Final episode reward: 316.64
2025-09-07 19:11:13,759 - INFO - Final position error: 5.1124m
2025-09-07 19:11:13,759 - INFO - 
EPISODE COMPLETION STATISTICS:
2025-09-07 19:11:13,759 - INFO - Average completion rate: 64.0%
2025-09-07 19:11:13,759 - INFO - Episodes completed (≥90%): 117/200 (58.5%)
2025-09-07 19:11:13,759 - INFO - Best completed episode: #191 with error 0.6502m
2025-09-07 19:11:13,759 - INFO - 
BEST EPISODE ANALYSIS:
2025-09-07 19:11:13,759 - INFO - Best overall episode (smart criteria): #191
2025-09-07 19:11:13,759 - INFO -   Position error: 0.6502m
2025-09-07 19:11:13,759 - INFO -   Composite score: 143.50
2025-09-07 19:11:13,760 - INFO - Total convergent episodes (< 1.0m): 136/200 (68.00%)
2025-09-07 19:11:13,760 - INFO - Stable performance achieved: Yes (from episode 83, duration: 117 episodes)
2025-09-07 19:11:13,760 - INFO - Position error statistics:
2025-09-07 19:11:13,760 - INFO -   Mean: 1.5967m
2025-09-07 19:11:13,760 - INFO -   Std:  1.6635m
2025-09-07 19:11:13,760 - INFO -   Min:  0.2356m
2025-09-07 19:11:13,760 - INFO -   Max:  6.0521m
2025-09-07 19:11:13,760 - INFO -   Median: 0.6542m
2025-09-07 19:11:13,760 - INFO - Performance distribution:
2025-09-07 19:11:13,760 - INFO -   Excellent (< 0.5m): 10 episodes (5.0%)
2025-09-07 19:11:13,760 - INFO -   Good (0.5-1.0m):   126 episodes (63.0%)
2025-09-07 19:11:13,760 - INFO -   Acceptable (1.0-1.5m): 7 episodes (3.5%)
2025-09-07 19:11:13,760 - INFO -   Poor (> 1.5m):     57 episodes (28.5%)
2025-09-07 19:11:13,760 - INFO - 
TRAINING CONFIGURATION EFFECTIVENESS:
2025-09-07 19:11:13,760 - INFO - ----------------------------------------
2025-09-07 19:11:13,760 - INFO - Episodes needed for first convergence: 8
2025-09-07 19:11:13,761 - INFO - Excitation phase ended at episode: 6
2025-09-07 19:11:13,763 - INFO - Training metrics saved to: /home/osos/Mohamed_Masters_Thesis/DHP_drone_updated/DHP/training_logs/dhp_split_metrics_20250907_191113.json
2025-09-07 19:11:13,763 - INFO - 
BEST MODEL CONFIRMED:
2025-09-07 19:11:13,763 - INFO -   Episode: 191
2025-09-07 19:11:13,763 - INFO -   Position Error: 0.6502m
2025-09-07 19:11:13,763 - INFO -   Model files: dhp_cf2x_best_*
2025-09-07 19:11:13,763 - INFO - ================================================================================
2025-09-07 19:11:13,763 - INFO - TRAINING SESSION COMPLETED
2025-09-07 19:11:13,763 - INFO - Detailed log saved to: /home/osos/Mohamed_Masters_Thesis/DHP_drone_updated/DHP/training_logs/dhp_split_training_20250907_185431.log
2025-09-07 19:11:13,763 - INFO - ================================================================================
2025-09-07 19:56:47,513 - INFO - 
==================================================
2025-09-07 19:56:47,513 - INFO - STARTING POLICY DEMONSTRATION
2025-09-07 19:56:47,513 - INFO - ==================================================
2025-09-07 19:56:51,902 - INFO - Trajectory demonstration completed for spiral trajectory
2025-09-07 19:56:51,902 - INFO - Training and demonstration session completed successfully!
