2025-09-19 19:37:27,610 - INFO - ================================================================================
2025-09-19 19:37:27,610 - INFO - SAC DRONE TRAINING SESSION STARTED
2025-09-19 19:37:27,610 - INFO - ================================================================================
2025-09-19 19:37:27,610 - INFO - HYPERPARAMETERS:
2025-09-19 19:37:27,610 - INFO - ----------------------------------------
2025-09-19 19:37:27,610 - INFO - action_noise_std         : 0.0
2025-09-19 19:37:27,610 - INFO - action_size              : 4
2025-09-19 19:37:27,610 - INFO - batch_size               : 256
2025-09-19 19:37:27,610 - INFO - buffer_size              : 300000
2025-09-19 19:37:27,610 - INFO - dt                       : 0.03333333333333333
2025-09-19 19:37:27,610 - INFO - ent_coef                 : 0.2
2025-09-19 19:37:27,610 - INFO - episode_length           : 10.0
2025-09-19 19:37:27,610 - INFO - gamma                    : 0.98
2025-09-19 19:37:27,611 - INFO - gradient_steps           : 1
2025-09-19 19:37:27,611 - INFO - gui                      : True
2025-09-19 19:37:27,611 - INFO - input_size               : 23
2025-09-19 19:37:27,611 - INFO - learning_rate            : 0.0003
2025-09-19 19:37:27,611 - INFO - learning_starts          : 10000
2025-09-19 19:37:27,611 - INFO - log_interval             : 50
2025-09-19 19:37:27,611 - INFO - log_path                 : ./sac_training_logs/
2025-09-19 19:37:27,611 - INFO - model_path               : ./sac_trained_models/
2025-09-19 19:37:27,611 - INFO - num_envs                 : 4
2025-09-19 19:37:27,611 - INFO - policy_architecture      : [256, 256]
2025-09-19 19:37:27,611 - INFO - q_network_architecture   : [256, 256]
2025-09-19 19:37:27,611 - INFO - randomize_reset          : True
2025-09-19 19:37:27,611 - INFO - record                   : False
2025-09-19 19:37:27,611 - INFO - reference_size           : 3
2025-09-19 19:37:27,611 - INFO - save_interval            : 100
2025-09-19 19:37:27,611 - INFO - seed                     : 42
2025-09-19 19:37:27,611 - INFO - state_size               : 20
2025-09-19 19:37:27,611 - INFO - target_pos               : [0.0, 0.0, 1.0]
2025-09-19 19:37:27,611 - INFO - target_update_interval   : 1
2025-09-19 19:37:27,611 - INFO - tau                      : 0.005
2025-09-19 19:37:27,611 - INFO - total_timesteps          : 187500
2025-09-19 19:37:27,611 - INFO - train_freq               : 1
2025-09-19 19:37:27,611 - INFO - trajectory_type          : spiral
2025-09-19 19:37:27,611 - INFO - use_sde                  : False
2025-09-19 19:37:27,611 - INFO - use_trajectory           : True
2025-09-19 19:37:27,611 - INFO - ----------------------------------------
2025-09-19 19:37:27,611 - INFO - Log file: /home/osos/Mohamed_Masters_Thesis/SAC_drone/sac_training_logs/sac_drone_training_20250919_193727.log
2025-09-19 19:37:27,611 - INFO - ================================================================================
2025-09-19 19:37:27,612 - INFO - 
==================================================
2025-09-19 19:37:27,612 - INFO - STARTING ROBUST SAC DRONE TRAINING FOR CF2X QUADROTOR
2025-09-19 19:37:27,612 - INFO - ==================================================
2025-09-19 19:37:33,628 - INFO - Training Configuration:
2025-09-19 19:37:33,628 - INFO -   - Total timesteps: 336000 (~1400 episodes)
2025-09-19 19:37:33,628 - INFO -   - Steps per episode: 240
2025-09-19 19:37:33,628 - INFO -   - Parallel environments: 4
2025-09-19 19:37:33,629 - INFO -   - Evaluation frequency: 5000 steps
2025-09-19 19:37:33,629 - INFO -   - Enhanced monitoring and checkpointing enabled
2025-09-19 19:37:33,749 - INFO - NEW BEST PERFORMANCE! Episode 0: 0.1781m
2025-09-19 19:37:33,758 - INFO - BEST SAC DRONE MODEL SAVED! Episode 0, Error: 0.1781m
2025-09-19 19:37:33,758 - INFO - Episode    0 | Reward:   13.13 | Pos Error: 0.1781m | Time:    0.1s
2025-09-19 19:37:33,845 - INFO - STABLE PERFORMANCE ACHIEVED starting at episode 0
2025-09-19 19:37:34,008 - INFO - NEW BEST PERFORMANCE! Episode 26: 0.1480m
2025-09-19 19:37:34,017 - INFO - BEST SAC DRONE MODEL SAVED! Episode 26, Error: 0.1480m
2025-09-19 19:37:34,212 - INFO - Episode   50 | Reward:   13.30 | Pos Error: 1.4852m | Time:    0.6s
2025-09-19 19:37:34,545 - INFO - Episode  100 | Reward:   19.60 | Pos Error: 0.7420m | Time:    0.9s
2025-09-19 19:37:34,788 - INFO - Episode  150 | Reward:   20.20 | Pos Error: 2.0920m | Time:    1.2s
2025-09-19 19:37:35,031 - INFO - Episode  200 | Reward:   20.34 | Pos Error: 2.9616m | Time:    1.4s
2025-09-19 19:37:35,277 - INFO - Episode  250 | Reward:   12.95 | Pos Error: 0.9089m | Time:    1.6s
2025-09-19 19:37:35,578 - INFO - Episode  300 | Reward:   19.35 | Pos Error: 1.2952m | Time:    1.9s
2025-09-19 19:37:35,919 - INFO - Episode  350 | Reward:   16.80 | Pos Error: 0.6302m | Time:    2.3s
2025-09-19 19:37:36,187 - INFO - Episode  400 | Reward:   19.57 | Pos Error: 0.8645m | Time:    2.6s
2025-09-19 19:37:36,489 - INFO - Episode  450 | Reward:   12.02 | Pos Error: 0.3801m | Time:    2.9s
2025-09-19 19:37:36,806 - INFO - NEW BEST PERFORMANCE! Episode 497: 0.1038m
2025-09-19 19:37:36,815 - INFO - BEST SAC DRONE MODEL SAVED! Episode 497, Error: 0.1038m
2025-09-19 19:37:36,882 - INFO - Episode  500 | Reward:   13.17 | Pos Error: 0.3718m | Time:    3.3s
2025-09-19 19:37:37,275 - INFO - Episode  550 | Reward:   17.17 | Pos Error: 0.4349m | Time:    3.6s
2025-09-19 19:37:37,574 - INFO - Episode  600 | Reward:   18.91 | Pos Error: 0.5086m | Time:    3.9s
2025-09-19 19:37:37,930 - INFO - Episode  650 | Reward:   18.76 | Pos Error: 0.2756m | Time:    4.3s
2025-09-19 19:37:38,282 - INFO - Episode  700 | Reward:   27.72 | Pos Error: 0.8791m | Time:    4.7s
2025-09-19 19:37:38,546 - INFO - Episode  750 | Reward:   10.60 | Pos Error: 0.2580m | Time:    4.9s
2025-09-19 19:37:38,915 - INFO - Episode  800 | Reward:   11.37 | Pos Error: 0.3508m | Time:    5.3s
2025-09-19 19:37:39,270 - INFO - Episode  850 | Reward:   13.95 | Pos Error: 0.4462m | Time:    5.6s
2025-09-19 19:37:39,587 - INFO - Episode  900 | Reward:   17.38 | Pos Error: 1.0748m | Time:    6.0s
2025-09-19 19:37:39,899 - INFO - Episode  950 | Reward:   30.89 | Pos Error: 0.8919m | Time:    6.3s
2025-09-19 19:37:40,146 - INFO - Episode 1000 | Reward:   19.87 | Pos Error: 0.6172m | Time:    6.5s
2025-09-19 19:37:40,538 - INFO - Episode 1050 | Reward:   14.12 | Pos Error: 0.6125m | Time:    6.9s
2025-09-19 19:37:40,818 - INFO - Episode 1100 | Reward:   14.52 | Pos Error: 0.5952m | Time:    7.2s
2025-09-19 19:37:41,080 - INFO - Episode 1150 | Reward:   18.18 | Pos Error: 0.7466m | Time:    7.5s
2025-09-19 19:37:41,428 - INFO - Episode 1200 | Reward:   21.49 | Pos Error: 0.5356m | Time:    7.8s
2025-09-19 19:37:41,835 - INFO - Episode 1250 | Reward:   21.82 | Pos Error: 1.4330m | Time:    8.2s
2025-09-19 19:37:42,087 - INFO - Episode 1300 | Reward:   24.44 | Pos Error: 1.5573m | Time:    8.5s
2025-09-19 19:37:42,426 - INFO - Episode 1350 | Reward:   18.87 | Pos Error: 0.9780m | Time:    8.8s
2025-09-19 19:37:42,720 - INFO - Episode 1400 | Reward:   18.10 | Pos Error: 0.2804m | Time:    9.1s
2025-09-19 19:37:43,078 - INFO - Episode 1450 | Reward:   20.55 | Pos Error: 0.4646m | Time:    9.4s
2025-09-19 19:37:43,374 - INFO - Episode 1500 | Reward:   26.39 | Pos Error: 5.1003m | Time:    9.7s
2025-09-19 19:37:43,672 - INFO - Episode 1550 | Reward:   12.59 | Pos Error: 0.4502m | Time:   10.0s
2025-09-19 19:37:43,976 - INFO - Episode 1600 | Reward:   15.82 | Pos Error: 1.6301m | Time:   10.3s
2025-09-19 19:37:44,300 - INFO - Episode 1650 | Reward:   14.92 | Pos Error: 0.5594m | Time:   10.7s
2025-09-19 19:37:44,699 - INFO - Episode 1700 | Reward:   22.05 | Pos Error: 0.4884m | Time:   11.1s
2025-09-19 19:37:44,954 - INFO - Episode 1750 | Reward:   15.88 | Pos Error: 0.7447m | Time:   11.3s
2025-09-19 19:37:45,253 - INFO - Episode 1800 | Reward:   11.21 | Pos Error: 0.5703m | Time:   11.6s
2025-09-19 19:37:45,594 - INFO - Episode 1850 | Reward:   16.04 | Pos Error: 1.8243m | Time:   12.0s
2025-09-19 19:37:45,891 - INFO - Episode 1900 | Reward:   59.97 | Pos Error: 5.0538m | Time:   12.3s
2025-09-19 19:37:46,201 - INFO - Episode 1950 | Reward:   15.65 | Pos Error: 1.3010m | Time:   12.6s
2025-09-19 19:37:46,499 - INFO - Episode 2000 | Reward:   10.05 | Pos Error: 0.2505m | Time:   12.9s
2025-09-19 19:37:46,873 - INFO - Episode 2050 | Reward:   11.41 | Pos Error: 0.4699m | Time:   13.2s
2025-09-19 19:37:47,247 - INFO - Episode 2100 | Reward:   24.37 | Pos Error: 0.7035m | Time:   13.6s
2025-09-19 19:37:47,556 - INFO - Episode 2150 | Reward:   15.47 | Pos Error: 0.8349m | Time:   13.9s
2025-09-19 19:37:47,820 - INFO - Episode 2200 | Reward:   20.05 | Pos Error: 2.4125m | Time:   14.2s
2025-09-19 19:37:48,182 - INFO - Episode 2250 | Reward:   14.02 | Pos Error: 0.9634m | Time:   14.6s
2025-09-19 19:37:48,491 - INFO - Episode 2300 | Reward:   29.22 | Pos Error: 0.6762m | Time:   14.9s
2025-09-19 19:37:48,811 - INFO - Episode 2350 | Reward:    9.79 | Pos Error: 0.4442m | Time:   15.2s
2025-09-19 19:37:49,059 - INFO - Episode 2400 | Reward:   25.45 | Pos Error: 0.4946m | Time:   15.4s
2025-09-19 19:37:49,346 - INFO - Episode 2450 | Reward:   18.99 | Pos Error: 0.3058m | Time:   15.7s
2025-09-19 19:37:49,711 - INFO - Episode 2500 | Reward:   15.19 | Pos Error: 0.9126m | Time:   16.1s
2025-09-19 19:37:50,740 - INFO - NEW BEST PERFORMANCE! Episode 2548: 0.0927m
2025-09-19 19:37:50,757 - INFO - BEST SAC DRONE MODEL SAVED! Episode 2548, Error: 0.0927m
2025-09-19 19:37:50,792 - INFO - Episode 2550 | Reward:   12.95 | Pos Error: 0.0927m | Time:   17.2s
2025-09-19 19:37:51,795 - INFO - Episode 2600 | Reward:   24.23 | Pos Error: 0.4105m | Time:   18.2s
2025-09-19 19:37:52,801 - INFO - Episode 2650 | Reward:   18.40 | Pos Error: 0.9902m | Time:   19.2s
2025-09-19 19:37:53,712 - INFO - Episode 2700 | Reward:   14.48 | Pos Error: 0.3178m | Time:   20.1s
2025-09-19 19:37:54,699 - INFO - Episode 2750 | Reward:   19.87 | Pos Error: 1.1002m | Time:   21.1s
2025-09-19 19:37:55,672 - INFO - Episode 2800 | Reward:    8.87 | Pos Error: 0.2640m | Time:   22.0s
2025-09-19 19:37:56,649 - INFO - Episode 2850 | Reward:   21.45 | Pos Error: 0.5630m | Time:   23.0s
2025-09-19 19:37:57,604 - INFO - Episode 2900 | Reward:   16.81 | Pos Error: 0.2440m | Time:   24.0s
2025-09-19 19:37:58,649 - INFO - Episode 2950 | Reward:   18.76 | Pos Error: 0.6642m | Time:   25.0s
2025-09-19 19:37:59,638 - INFO - Episode 3000 | Reward:   30.24 | Pos Error: 1.6973m | Time:   26.0s
2025-09-19 19:38:00,634 - INFO - Episode 3050 | Reward:   18.16 | Pos Error: 1.0338m | Time:   27.0s
2025-09-19 19:38:01,527 - INFO - Episode 3100 | Reward:    9.98 | Pos Error: 0.6161m | Time:   27.9s
2025-09-19 19:38:02,479 - INFO - Episode 3150 | Reward:   19.19 | Pos Error: 1.9631m | Time:   28.9s
2025-09-19 19:38:03,424 - INFO - Episode 3200 | Reward:   14.05 | Pos Error: 0.6938m | Time:   29.8s
2025-09-19 19:38:04,313 - INFO - Episode 3250 | Reward:   13.13 | Pos Error: 0.7184m | Time:   30.7s
2025-09-19 19:38:05,174 - INFO - Episode 3300 | Reward:    9.72 | Pos Error: 0.4078m | Time:   31.5s
2025-09-19 19:38:06,197 - INFO - Episode 3350 | Reward:   20.10 | Pos Error: 0.8118m | Time:   32.6s
2025-09-19 19:38:07,235 - INFO - Episode 3400 | Reward:   25.31 | Pos Error: 3.8398m | Time:   33.6s
2025-09-19 19:38:08,092 - INFO - NEW BEST PERFORMANCE! Episode 3439: 0.0452m
2025-09-19 19:38:08,108 - INFO - BEST SAC DRONE MODEL SAVED! Episode 3439, Error: 0.0452m
2025-09-19 19:38:08,358 - INFO - Episode 3450 | Reward:    9.78 | Pos Error: 0.4801m | Time:   34.7s
2025-09-19 19:38:09,294 - INFO - Episode 3500 | Reward:   21.70 | Pos Error: 0.9854m | Time:   35.7s
2025-09-19 19:38:10,211 - INFO - Episode 3550 | Reward:   12.69 | Pos Error: 0.4229m | Time:   36.6s
2025-09-19 19:38:11,150 - INFO - Episode 3600 | Reward:   78.24 | Pos Error: 4.9326m | Time:   37.5s
2025-09-19 19:38:12,211 - INFO - Episode 3650 | Reward:    9.13 | Pos Error: 0.3925m | Time:   38.6s
2025-09-19 19:38:13,243 - INFO - Episode 3700 | Reward:   16.37 | Pos Error: 0.6447m | Time:   39.6s
2025-09-19 19:38:14,270 - INFO - Episode 3750 | Reward:   14.39 | Pos Error: 0.6692m | Time:   40.6s
2025-09-19 19:38:15,319 - INFO - Episode 3800 | Reward:   12.84 | Pos Error: 0.6440m | Time:   41.7s
2025-09-19 19:38:16,328 - INFO - Episode 3850 | Reward:   14.78 | Pos Error: 0.2039m | Time:   42.7s
2025-09-19 19:38:17,390 - INFO - Episode 3900 | Reward:   10.50 | Pos Error: 0.5141m | Time:   43.8s
2025-09-19 19:38:18,394 - INFO - Episode 3950 | Reward:   11.15 | Pos Error: 0.1607m | Time:   44.8s
2025-09-19 19:38:19,354 - INFO - Episode 4000 | Reward:   21.93 | Pos Error: 0.6728m | Time:   45.7s
2025-09-19 19:38:20,459 - INFO - Episode 4050 | Reward:   16.31 | Pos Error: 0.1961m | Time:   46.8s
2025-09-19 19:38:21,502 - INFO - Episode 4100 | Reward:   13.68 | Pos Error: 0.5265m | Time:   47.9s
2025-09-19 19:38:22,489 - INFO - Episode 4150 | Reward:   14.29 | Pos Error: 0.3217m | Time:   48.9s
2025-09-19 19:38:23,487 - INFO - Episode 4200 | Reward:   13.85 | Pos Error: 0.6377m | Time:   49.9s
2025-09-19 19:38:24,578 - INFO - Episode 4250 | Reward:   19.12 | Pos Error: 2.0836m | Time:   50.9s
2025-09-19 19:38:25,521 - INFO - Episode 4300 | Reward:   10.39 | Pos Error: 0.5208m | Time:   51.9s
2025-09-19 19:38:26,419 - INFO - Episode 4350 | Reward:    7.49 | Pos Error: 0.2878m | Time:   52.8s
2025-09-19 19:38:27,394 - INFO - Episode 4400 | Reward:   16.40 | Pos Error: 0.2459m | Time:   53.8s
2025-09-19 19:38:28,376 - INFO - Episode 4450 | Reward:   13.92 | Pos Error: 1.2764m | Time:   54.7s
2025-09-19 19:38:29,421 - INFO - Episode 4500 | Reward:   11.43 | Pos Error: 0.2948m | Time:   55.8s
2025-09-19 19:38:30,493 - INFO - Episode 4550 | Reward:   26.64 | Pos Error: 0.2351m | Time:   56.9s
2025-09-19 19:38:31,553 - INFO - Episode 4600 | Reward:   62.37 | Pos Error: 5.2986m | Time:   57.9s
2025-09-19 19:38:32,584 - INFO - Episode 4650 | Reward:    8.99 | Pos Error: 0.3201m | Time:   59.0s
2025-09-19 19:38:33,673 - INFO - Episode 4700 | Reward:   16.38 | Pos Error: 1.2194m | Time:   60.0s
2025-09-19 19:38:34,654 - INFO - Episode 4750 | Reward:   11.60 | Pos Error: 0.3436m | Time:   61.0s
2025-09-19 19:38:35,709 - INFO - Episode 4800 | Reward:   18.45 | Pos Error: 1.0709m | Time:   62.1s
2025-09-19 19:38:36,907 - INFO - Episode 4850 | Reward:   10.80 | Pos Error: 0.2572m | Time:   63.3s
2025-09-19 19:38:38,092 - INFO - Episode 4900 | Reward:    7.48 | Pos Error: 0.2770m | Time:   64.5s
2025-09-19 19:38:39,371 - INFO - Episode 4950 | Reward:    9.09 | Pos Error: 0.3680m | Time:   65.7s
2025-09-19 19:38:41,058 - INFO - Episode 5000 | Reward:   16.08 | Pos Error: 0.4636m | Time:   67.4s
2025-09-19 19:38:42,238 - INFO - Episode 5050 | Reward:    8.95 | Pos Error: 0.2119m | Time:   68.6s
2025-09-19 19:38:43,480 - INFO - Episode 5100 | Reward:   10.92 | Pos Error: 0.6564m | Time:   69.9s
2025-09-19 19:38:44,723 - INFO - Episode 5150 | Reward:   17.73 | Pos Error: 0.7684m | Time:   71.1s
2025-09-19 19:38:45,754 - INFO - Episode 5200 | Reward:   22.73 | Pos Error: 0.4596m | Time:   72.1s
2025-09-19 19:38:46,993 - INFO - Episode 5250 | Reward:   11.29 | Pos Error: 0.5270m | Time:   73.4s
2025-09-19 19:38:48,213 - INFO - Episode 5300 | Reward:   10.22 | Pos Error: 0.3108m | Time:   74.6s
2025-09-19 19:38:48,637 - INFO - NEW BEST PERFORMANCE! Episode 5315: 0.0394m
2025-09-19 19:38:48,657 - INFO - BEST SAC DRONE MODEL SAVED! Episode 5315, Error: 0.0394m
2025-09-19 19:38:49,640 - INFO - Episode 5350 | Reward:    9.12 | Pos Error: 0.3486m | Time:   76.0s
2025-09-19 19:38:50,839 - INFO - Episode 5400 | Reward:   10.05 | Pos Error: 0.3455m | Time:   77.2s
2025-09-19 19:38:52,122 - INFO - Episode 5450 | Reward:    8.17 | Pos Error: 0.3815m | Time:   78.5s
2025-09-19 19:38:53,517 - INFO - Episode 5500 | Reward:    9.81 | Pos Error: 0.2527m | Time:   79.9s
2025-09-19 19:38:54,732 - INFO - Episode 5550 | Reward:   15.30 | Pos Error: 0.2669m | Time:   81.1s
2025-09-19 19:38:55,963 - INFO - Episode 5600 | Reward:   10.44 | Pos Error: 0.3298m | Time:   82.3s
2025-09-19 19:38:57,091 - INFO - Episode 5650 | Reward:   12.95 | Pos Error: 0.2592m | Time:   83.5s
2025-09-19 19:38:57,717 - INFO - NEW BEST PERFORMANCE! Episode 5675: 0.0259m
2025-09-19 19:38:57,739 - INFO - BEST SAC DRONE MODEL SAVED! Episode 5675, Error: 0.0259m
2025-09-19 19:38:58,417 - INFO - Episode 5700 | Reward:   13.18 | Pos Error: 0.2635m | Time:   84.8s
2025-09-19 19:38:59,703 - INFO - Episode 5750 | Reward:    9.89 | Pos Error: 0.2084m | Time:   86.1s
2025-09-19 19:39:01,063 - INFO - Episode 5800 | Reward:    8.83 | Pos Error: 0.2592m | Time:   87.4s
2025-09-19 19:39:02,460 - INFO - Episode 5850 | Reward:    7.10 | Pos Error: 0.1726m | Time:   88.8s
2025-09-19 19:39:03,809 - INFO - Episode 5900 | Reward:   11.80 | Pos Error: 0.2920m | Time:   90.2s
2025-09-19 19:39:05,013 - INFO - Episode 5950 | Reward:    8.53 | Pos Error: 0.2054m | Time:   91.4s
2025-09-19 19:39:05,411 - INFO - NEW BEST PERFORMANCE! Episode 5966: 0.0216m
2025-09-19 19:39:05,433 - INFO - BEST SAC DRONE MODEL SAVED! Episode 5966, Error: 0.0216m
2025-09-19 19:39:06,394 - INFO - Episode 6000 | Reward:    7.00 | Pos Error: 0.2079m | Time:   92.8s
2025-09-19 19:39:07,724 - INFO - Episode 6050 | Reward:   12.57 | Pos Error: 0.2598m | Time:   94.1s
2025-09-19 19:39:09,217 - INFO - Episode 6100 | Reward:    6.35 | Pos Error: 0.1438m | Time:   95.6s
2025-09-19 19:39:10,583 - INFO - Episode 6150 | Reward:    7.67 | Pos Error: 0.0660m | Time:   97.0s
2025-09-19 19:39:12,034 - INFO - Episode 6200 | Reward:    9.42 | Pos Error: 0.4186m | Time:   98.4s
2025-09-19 19:39:13,563 - INFO - Episode 6250 | Reward:    7.95 | Pos Error: 0.2584m | Time:   99.9s
2025-09-19 19:39:15,099 - INFO - Episode 6300 | Reward:    7.53 | Pos Error: 0.1517m | Time:  101.5s
2025-09-19 19:39:16,629 - INFO - Episode 6350 | Reward:    5.36 | Pos Error: 0.1366m | Time:  103.0s
2025-09-19 19:39:17,990 - INFO - Episode 6400 | Reward:    7.58 | Pos Error: 0.1435m | Time:  104.4s
2025-09-19 19:39:19,474 - INFO - Episode 6450 | Reward:    6.51 | Pos Error: 0.1601m | Time:  105.8s
2025-09-19 19:39:20,983 - INFO - Episode 6500 | Reward:    7.49 | Pos Error: 0.1191m | Time:  107.4s
2025-09-19 19:39:22,400 - INFO - Episode 6550 | Reward:    6.48 | Pos Error: 0.1033m | Time:  108.8s
2025-09-19 19:39:23,980 - INFO - Episode 6600 | Reward:    5.57 | Pos Error: 0.0970m | Time:  110.4s
2025-09-19 19:39:25,523 - INFO - Episode 6650 | Reward:    6.87 | Pos Error: 0.2757m | Time:  111.9s
2025-09-19 19:39:27,049 - INFO - Episode 6700 | Reward:    5.97 | Pos Error: 0.2301m | Time:  113.4s
2025-09-19 19:39:28,581 - INFO - Episode 6750 | Reward:    5.52 | Pos Error: 0.1393m | Time:  115.0s
2025-09-19 19:39:30,122 - INFO - Episode 6800 | Reward:    6.50 | Pos Error: 0.1769m | Time:  116.5s
2025-09-19 19:39:31,523 - INFO - Episode 6850 | Reward:    5.52 | Pos Error: 0.1250m | Time:  117.9s
2025-09-19 19:39:33,107 - INFO - Episode 6900 | Reward:    6.31 | Pos Error: 0.0682m | Time:  119.5s
2025-09-19 19:39:34,672 - INFO - Episode 6950 | Reward:    6.20 | Pos Error: 0.1737m | Time:  121.0s
2025-09-19 19:39:36,214 - INFO - Episode 7000 | Reward:    5.77 | Pos Error: 0.0870m | Time:  122.6s
2025-09-19 19:39:36,970 - INFO - NEW BEST PERFORMANCE! Episode 7025: 0.0183m
2025-09-19 19:39:36,986 - INFO - BEST SAC DRONE MODEL SAVED! Episode 7025, Error: 0.0183m
2025-09-19 19:39:37,784 - INFO - Episode 7050 | Reward:    5.81 | Pos Error: 0.0953m | Time:  124.2s
2025-09-19 19:39:39,320 - INFO - Episode 7100 | Reward:    5.53 | Pos Error: 0.0359m | Time:  125.7s
2025-09-19 19:39:40,903 - INFO - Episode 7150 | Reward:    5.77 | Pos Error: 0.0462m | Time:  127.3s
2025-09-19 19:39:42,628 - INFO - Episode 7200 | Reward:    5.70 | Pos Error: 0.1320m | Time:  129.0s
2025-09-19 19:39:44,098 - INFO - Episode 7250 | Reward:    5.76 | Pos Error: 0.0995m | Time:  130.5s
2025-09-19 19:39:45,597 - INFO - Episode 7300 | Reward:    5.73 | Pos Error: 0.0907m | Time:  132.0s
2025-09-19 19:39:47,155 - INFO - Episode 7350 | Reward:    7.24 | Pos Error: 0.1925m | Time:  133.5s
2025-09-19 19:39:48,715 - INFO - Episode 7400 | Reward:    5.70 | Pos Error: 0.0847m | Time:  135.1s
2025-09-19 19:39:50,311 - INFO - Episode 7450 | Reward:    5.36 | Pos Error: 0.1391m | Time:  136.7s
2025-09-19 19:39:51,988 - INFO - Episode 7500 | Reward:    5.51 | Pos Error: 0.0818m | Time:  138.4s
2025-09-19 19:39:53,641 - INFO - Episode 7550 | Reward:    4.59 | Pos Error: 0.1155m | Time:  140.0s
2025-09-19 19:39:55,091 - INFO - Episode 7600 | Reward:    5.79 | Pos Error: 0.1150m | Time:  141.5s
2025-09-19 19:39:56,730 - INFO - Episode 7650 | Reward:    5.84 | Pos Error: 0.0888m | Time:  143.1s
2025-09-19 19:39:58,166 - INFO - Episode 7700 | Reward:    5.63 | Pos Error: 0.1030m | Time:  144.5s
2025-09-19 19:39:59,689 - INFO - Episode 7750 | Reward:    5.50 | Pos Error: 0.1226m | Time:  146.1s
2025-09-19 19:40:01,209 - INFO - Episode 7800 | Reward:    4.70 | Pos Error: 0.0422m | Time:  147.6s
2025-09-19 19:40:02,727 - INFO - Episode 7850 | Reward:    5.49 | Pos Error: 0.1304m | Time:  149.1s
2025-09-19 19:40:04,299 - INFO - Episode 7900 | Reward:    6.93 | Pos Error: 0.0665m | Time:  150.7s
2025-09-19 19:40:05,830 - INFO - Episode 7950 | Reward:    5.84 | Pos Error: 0.0420m | Time:  152.2s
2025-09-19 19:40:07,312 - INFO - Episode 8000 | Reward:    5.54 | Pos Error: 0.1893m | Time:  153.7s
2025-09-19 19:40:08,993 - INFO - Episode 8050 | Reward:    5.30 | Pos Error: 0.1437m | Time:  155.4s
2025-09-19 19:40:10,517 - INFO - Episode 8100 | Reward:    5.53 | Pos Error: 0.1157m | Time:  156.9s
2025-09-19 19:40:12,043 - INFO - Episode 8150 | Reward:    5.23 | Pos Error: 0.1136m | Time:  158.4s
2025-09-19 19:40:13,538 - INFO - Episode 8200 | Reward:    5.76 | Pos Error: 0.0727m | Time:  159.9s
2025-09-19 19:40:14,591 - INFO - NEW BEST PERFORMANCE! Episode 8236: 0.0134m
2025-09-19 19:40:14,613 - INFO - BEST SAC DRONE MODEL SAVED! Episode 8236, Error: 0.0134m
2025-09-19 19:40:15,092 - INFO - Episode 8250 | Reward:    4.67 | Pos Error: 0.1154m | Time:  161.5s
2025-09-19 19:40:16,584 - INFO - Episode 8300 | Reward:    6.16 | Pos Error: 0.1579m | Time:  163.0s
2025-09-19 19:40:18,174 - INFO - Episode 8350 | Reward:    4.76 | Pos Error: 0.0229m | Time:  164.5s
2025-09-19 19:40:19,823 - INFO - Episode 8400 | Reward:    6.26 | Pos Error: 0.2186m | Time:  166.2s
2025-09-19 19:40:21,448 - INFO - Episode 8450 | Reward:    5.56 | Pos Error: 0.0748m | Time:  167.8s
2025-09-19 19:40:23,076 - INFO - Episode 8500 | Reward:    4.81 | Pos Error: 0.1082m | Time:  169.4s
2025-09-19 19:40:24,568 - INFO - Episode 8550 | Reward:    6.08 | Pos Error: 0.1421m | Time:  170.9s
2025-09-19 19:40:26,123 - INFO - Episode 8600 | Reward:    4.92 | Pos Error: 0.0401m | Time:  172.5s
2025-09-19 19:40:27,676 - INFO - Episode 8650 | Reward:    5.31 | Pos Error: 0.1621m | Time:  174.0s
2025-09-19 19:40:29,109 - INFO - Episode 8700 | Reward:    5.84 | Pos Error: 0.0475m | Time:  175.5s
2025-09-19 19:40:30,660 - INFO - Episode 8750 | Reward:    5.70 | Pos Error: 0.0788m | Time:  177.0s
2025-09-19 19:40:32,178 - INFO - Episode 8800 | Reward:    6.01 | Pos Error: 0.0644m | Time:  178.5s
2025-09-19 19:40:33,678 - INFO - Episode 8850 | Reward:    5.72 | Pos Error: 0.0781m | Time:  180.0s
2025-09-19 19:40:35,194 - INFO - Episode 8900 | Reward:    4.95 | Pos Error: 0.0738m | Time:  181.6s
2025-09-19 19:40:36,844 - INFO - Episode 8950 | Reward:    6.43 | Pos Error: 0.1303m | Time:  183.2s
2025-09-19 19:40:37,560 - INFO - NEW BEST PERFORMANCE! Episode 8972: 0.0072m
2025-09-19 19:40:37,575 - INFO - BEST SAC DRONE MODEL SAVED! Episode 8972, Error: 0.0072m
2025-09-19 19:40:38,455 - INFO - Episode 9000 | Reward:    6.21 | Pos Error: 0.1802m | Time:  184.8s
2025-09-19 19:40:39,935 - INFO - Episode 9050 | Reward:    5.96 | Pos Error: 0.0719m | Time:  186.3s
2025-09-19 19:40:41,466 - INFO - Episode 9100 | Reward:    4.67 | Pos Error: 0.0856m | Time:  187.8s
2025-09-19 19:40:43,043 - INFO - Episode 9150 | Reward:    4.65 | Pos Error: 0.1367m | Time:  189.4s
2025-09-19 19:40:44,673 - INFO - Episode 9200 | Reward:    5.52 | Pos Error: 0.1013m | Time:  191.0s
2025-09-19 19:40:46,187 - INFO - Episode 9250 | Reward:    5.67 | Pos Error: 0.0156m | Time:  192.6s
2025-09-19 19:40:47,694 - INFO - Episode 9300 | Reward:    6.47 | Pos Error: 0.0348m | Time:  194.1s
2025-09-19 19:40:49,233 - INFO - Episode 9350 | Reward:    5.37 | Pos Error: 0.1238m | Time:  195.6s
2025-09-19 19:40:50,593 - INFO - Episode 9400 | Reward:    5.78 | Pos Error: 0.0483m | Time:  197.0s
2025-09-19 19:40:52,017 - INFO - Episode 9450 | Reward:    5.68 | Pos Error: 0.0856m | Time:  198.4s
2025-09-19 19:40:53,527 - INFO - Episode 9500 | Reward:    6.50 | Pos Error: 0.1119m | Time:  199.9s
2025-09-19 19:40:55,062 - INFO - Episode 9550 | Reward:    5.70 | Pos Error: 0.0503m | Time:  201.4s
2025-09-19 19:40:56,548 - INFO - Episode 9600 | Reward:    5.80 | Pos Error: 0.0465m | Time:  202.9s
2025-09-19 19:40:58,109 - INFO - Episode 9650 | Reward:    5.95 | Pos Error: 0.0221m | Time:  204.5s
2025-09-19 19:40:59,650 - INFO - Episode 9700 | Reward:    4.86 | Pos Error: 0.0679m | Time:  206.0s
2025-09-19 19:41:01,170 - INFO - Episode 9750 | Reward:    6.81 | Pos Error: 0.0599m | Time:  207.5s
2025-09-19 19:41:02,656 - INFO - Episode 9800 | Reward:    6.39 | Pos Error: 0.1057m | Time:  209.0s
2025-09-19 19:41:04,062 - INFO - Episode 9850 | Reward:    5.64 | Pos Error: 0.0940m | Time:  210.4s
2025-09-19 19:41:05,497 - INFO - Episode 9900 | Reward:    6.33 | Pos Error: 0.1410m | Time:  211.9s
2025-09-19 19:41:06,983 - INFO - Episode 9950 | Reward:    4.74 | Pos Error: 0.0534m | Time:  213.4s
2025-09-19 19:41:08,784 - INFO - Episode 10000 | Reward:    4.66 | Pos Error: 0.0499m | Time:  215.2s
2025-09-19 19:41:10,236 - INFO - Episode 10050 | Reward:    6.68 | Pos Error: 0.0967m | Time:  216.6s
2025-09-19 19:41:11,856 - INFO - Episode 10100 | Reward:    5.80 | Pos Error: 0.0920m | Time:  218.2s
2025-09-19 19:41:13,327 - INFO - Episode 10150 | Reward:    5.44 | Pos Error: 0.0909m | Time:  219.7s
2025-09-19 19:41:14,867 - INFO - Episode 10200 | Reward:    5.88 | Pos Error: 0.0712m | Time:  221.2s
2025-09-19 19:41:16,467 - INFO - Episode 10250 | Reward:    6.66 | Pos Error: 0.0253m | Time:  222.8s
2025-09-19 19:41:16,688 - INFO - NEW BEST PERFORMANCE! Episode 10256: 0.0070m
2025-09-19 19:41:16,705 - INFO - BEST SAC DRONE MODEL SAVED! Episode 10256, Error: 0.0070m
2025-09-19 19:41:18,092 - INFO - Episode 10300 | Reward:    4.61 | Pos Error: 0.1228m | Time:  224.5s
2025-09-19 19:41:19,642 - INFO - Episode 10350 | Reward:    6.35 | Pos Error: 0.1556m | Time:  226.0s
2025-09-19 19:41:21,129 - INFO - Episode 10400 | Reward:    5.58 | Pos Error: 0.1204m | Time:  227.5s
2025-09-19 19:41:22,544 - INFO - Episode 10450 | Reward:    6.59 | Pos Error: 0.1305m | Time:  228.9s
2025-09-19 19:41:24,189 - INFO - Episode 10500 | Reward:    6.72 | Pos Error: 0.0460m | Time:  230.6s
2025-09-19 19:41:25,663 - INFO - Episode 10550 | Reward:    5.63 | Pos Error: 0.0563m | Time:  232.0s
2025-09-19 19:41:27,143 - INFO - Episode 10600 | Reward:    6.28 | Pos Error: 0.0814m | Time:  233.5s
2025-09-19 19:41:28,582 - INFO - Episode 10650 | Reward:    5.51 | Pos Error: 0.0991m | Time:  235.0s
2025-09-19 19:41:30,068 - INFO - Episode 10700 | Reward:    6.51 | Pos Error: 0.1275m | Time:  236.4s
2025-09-19 19:41:31,493 - INFO - Episode 10750 | Reward:    5.53 | Pos Error: 0.1100m | Time:  237.9s
2025-09-19 19:41:32,964 - INFO - Episode 10800 | Reward:    6.61 | Pos Error: 0.1193m | Time:  239.3s
2025-09-19 19:41:34,419 - INFO - Episode 10850 | Reward:    6.20 | Pos Error: 0.0854m | Time:  240.8s
2025-09-19 19:41:35,970 - INFO - Episode 10900 | Reward:    5.97 | Pos Error: 0.0646m | Time:  242.3s
2025-09-19 19:41:37,480 - INFO - Episode 10950 | Reward:    6.85 | Pos Error: 0.0633m | Time:  243.9s
2025-09-19 19:41:39,136 - INFO - Episode 11000 | Reward:    5.49 | Pos Error: 0.1560m | Time:  245.5s
2025-09-19 19:41:40,686 - INFO - Episode 11050 | Reward:    6.69 | Pos Error: 0.0131m | Time:  247.1s
2025-09-19 19:41:42,110 - INFO - Episode 11100 | Reward:    5.71 | Pos Error: 0.0959m | Time:  248.5s
2025-09-19 19:41:43,608 - INFO - Episode 11150 | Reward:    6.75 | Pos Error: 0.0530m | Time:  250.0s
2025-09-19 19:41:45,001 - INFO - Episode 11200 | Reward:    5.84 | Pos Error: 0.1021m | Time:  251.4s
2025-09-19 19:41:46,502 - INFO - Episode 11250 | Reward:    4.87 | Pos Error: 0.0752m | Time:  252.9s
2025-09-19 19:41:48,045 - INFO - Episode 11300 | Reward:    5.54 | Pos Error: 0.1547m | Time:  254.4s
2025-09-19 19:41:49,635 - INFO - Episode 11350 | Reward:    6.05 | Pos Error: 0.0633m | Time:  256.0s
2025-09-19 19:41:51,243 - INFO - Episode 11400 | Reward:    6.44 | Pos Error: 0.0581m | Time:  257.6s
2025-09-19 19:41:52,763 - INFO - Episode 11450 | Reward:    5.97 | Pos Error: 0.0402m | Time:  259.1s
2025-09-19 19:41:54,225 - INFO - Episode 11500 | Reward:    6.60 | Pos Error: 0.1128m | Time:  260.6s
2025-09-19 19:41:55,829 - INFO - Episode 11550 | Reward:    5.25 | Pos Error: 0.1349m | Time:  262.2s
2025-09-19 19:41:57,337 - INFO - Episode 11600 | Reward:    6.55 | Pos Error: 0.1362m | Time:  263.7s
2025-09-19 19:41:58,798 - INFO - Episode 11650 | Reward:    4.64 | Pos Error: 0.1151m | Time:  265.2s
2025-09-19 19:42:00,257 - INFO - Episode 11700 | Reward:    5.44 | Pos Error: 0.1101m | Time:  266.6s
2025-09-19 19:42:01,824 - INFO - Episode 11750 | Reward:    4.88 | Pos Error: 0.0714m | Time:  268.2s
2025-09-19 19:42:03,302 - INFO - Episode 11800 | Reward:    5.86 | Pos Error: 0.0656m | Time:  269.7s
2025-09-19 19:42:03,855 - INFO - NEW BEST PERFORMANCE! Episode 11819: 0.0043m
2025-09-19 19:42:03,872 - INFO - BEST SAC DRONE MODEL SAVED! Episode 11819, Error: 0.0043m
2025-09-19 19:42:04,798 - INFO - Episode 11850 | Reward:    5.87 | Pos Error: 0.0767m | Time:  271.2s
2025-09-19 19:42:06,327 - INFO - Episode 11900 | Reward:    5.65 | Pos Error: 0.1217m | Time:  272.7s
2025-09-19 19:42:07,912 - INFO - Episode 11950 | Reward:    4.64 | Pos Error: 0.0829m | Time:  274.3s
2025-09-19 19:42:09,267 - INFO - Episode 12000 | Reward:    5.66 | Pos Error: 0.1235m | Time:  275.6s
2025-09-19 19:42:10,808 - INFO - Episode 12050 | Reward:    6.40 | Pos Error: 0.1039m | Time:  277.2s
2025-09-19 19:42:12,321 - INFO - Episode 12100 | Reward:    6.25 | Pos Error: 0.0967m | Time:  278.7s
2025-09-19 19:42:13,820 - INFO - Episode 12150 | Reward:    6.68 | Pos Error: 0.0459m | Time:  280.2s
2025-09-19 19:42:15,277 - INFO - Episode 12200 | Reward:    6.15 | Pos Error: 0.1855m | Time:  281.6s
2025-09-19 19:42:16,683 - INFO - Episode 12250 | Reward:    5.45 | Pos Error: 0.0682m | Time:  283.1s
2025-09-19 19:42:18,264 - INFO - Episode 12300 | Reward:    5.53 | Pos Error: 0.0711m | Time:  284.6s
2025-09-19 19:42:19,807 - INFO - Episode 12350 | Reward:    5.83 | Pos Error: 0.0755m | Time:  286.2s
2025-09-19 19:42:21,217 - INFO - Episode 12400 | Reward:    6.50 | Pos Error: 0.1012m | Time:  287.6s
2025-09-19 19:42:22,767 - INFO - Episode 12450 | Reward:    5.59 | Pos Error: 0.0354m | Time:  289.1s
2025-09-19 19:42:24,308 - INFO - Episode 12500 | Reward:    6.62 | Pos Error: 0.1074m | Time:  290.7s
2025-09-19 19:42:25,765 - INFO - Episode 12550 | Reward:    6.12 | Pos Error: 0.1497m | Time:  292.1s
2025-09-19 19:42:27,209 - INFO - Episode 12600 | Reward:    6.83 | Pos Error: 0.0617m | Time:  293.6s
2025-09-19 19:42:28,638 - INFO - Episode 12650 | Reward:    5.46 | Pos Error: 0.1063m | Time:  295.0s
2025-09-19 19:42:30,004 - INFO - Episode 12700 | Reward:    6.53 | Pos Error: 0.0636m | Time:  296.4s
2025-09-19 19:42:31,244 - INFO - Episode 12750 | Reward:    7.25 | Pos Error: 0.1539m | Time:  297.6s
2025-09-19 19:42:32,704 - INFO - Episode 12800 | Reward:    6.82 | Pos Error: 0.0982m | Time:  299.1s
2025-09-19 19:42:34,135 - INFO - Episode 12850 | Reward:    6.63 | Pos Error: 0.1033m | Time:  300.5s
2025-09-19 19:42:35,560 - INFO - Episode 12900 | Reward:    6.52 | Pos Error: 0.0735m | Time:  301.9s
2025-09-19 19:42:37,073 - INFO - Episode 12950 | Reward:    5.52 | Pos Error: 0.1181m | Time:  303.4s
2025-09-19 19:42:38,408 - INFO - Episode 13000 | Reward:    5.50 | Pos Error: 0.0503m | Time:  304.8s
2025-09-19 19:42:39,851 - INFO - Episode 13050 | Reward:    5.65 | Pos Error: 0.0397m | Time:  306.2s
2025-09-19 19:42:41,373 - INFO - Episode 13100 | Reward:    6.42 | Pos Error: 0.1114m | Time:  307.7s
2025-09-19 19:42:42,901 - INFO - Episode 13150 | Reward:    6.65 | Pos Error: 0.0864m | Time:  309.3s
2025-09-19 19:42:44,290 - INFO - Episode 13200 | Reward:    6.71 | Pos Error: 0.1062m | Time:  310.7s
2025-09-19 19:42:45,686 - INFO - Episode 13250 | Reward:    6.72 | Pos Error: 0.0550m | Time:  312.1s
2025-09-19 19:42:47,185 - INFO - Episode 13300 | Reward:    6.33 | Pos Error: 0.1096m | Time:  313.6s
2025-09-19 19:42:48,600 - INFO - Episode 13350 | Reward:    7.49 | Pos Error: 0.0831m | Time:  315.0s
2025-09-19 19:42:50,119 - INFO - Episode 13400 | Reward:    6.79 | Pos Error: 0.0652m | Time:  316.5s
2025-09-19 19:42:51,611 - INFO - Episode 13450 | Reward:    6.32 | Pos Error: 0.1506m | Time:  318.0s
2025-09-19 19:42:53,096 - INFO - Episode 13500 | Reward:    5.98 | Pos Error: 0.0541m | Time:  319.5s
2025-09-19 19:42:54,623 - INFO - Episode 13550 | Reward:    6.86 | Pos Error: 0.0250m | Time:  321.0s
2025-09-19 19:42:56,211 - INFO - Episode 13600 | Reward:    5.93 | Pos Error: 0.0610m | Time:  322.6s
2025-09-19 19:42:57,683 - INFO - Episode 13650 | Reward:    6.63 | Pos Error: 0.0494m | Time:  324.1s
2025-09-19 19:42:59,097 - INFO - Episode 13700 | Reward:    6.75 | Pos Error: 0.0804m | Time:  325.5s
2025-09-19 19:43:00,510 - INFO - Episode 13750 | Reward:    6.73 | Pos Error: 0.0352m | Time:  326.9s
2025-09-19 19:43:01,995 - INFO - Episode 13800 | Reward:    6.20 | Pos Error: 0.1113m | Time:  328.4s
2025-09-19 19:43:03,488 - INFO - Episode 13850 | Reward:    6.80 | Pos Error: 0.0768m | Time:  329.9s
2025-09-19 19:43:04,906 - INFO - Episode 13900 | Reward:    6.49 | Pos Error: 0.1424m | Time:  331.3s
2025-09-19 19:43:06,378 - INFO - Episode 13950 | Reward:    6.47 | Pos Error: 0.0682m | Time:  332.8s
2025-09-19 19:43:08,003 - INFO - Episode 14000 | Reward:    6.88 | Pos Error: 0.0471m | Time:  334.4s
2025-09-19 19:43:09,552 - INFO - Episode 14050 | Reward:    5.52 | Pos Error: 0.0983m | Time:  335.9s
2025-09-19 19:43:11,030 - INFO - Episode 14100 | Reward:    6.32 | Pos Error: 0.1503m | Time:  337.4s
2025-09-19 19:43:12,450 - INFO - Episode 14150 | Reward:    5.58 | Pos Error: 0.0986m | Time:  338.8s
2025-09-19 19:43:14,080 - INFO - Episode 14200 | Reward:    4.69 | Pos Error: 0.0297m | Time:  340.5s
2025-09-19 19:43:15,624 - INFO - Episode 14250 | Reward:    5.87 | Pos Error: 0.0344m | Time:  342.0s
2025-09-19 19:43:17,108 - INFO - Episode 14300 | Reward:    6.87 | Pos Error: 0.0547m | Time:  343.5s
2025-09-19 19:43:18,356 - INFO - Episode 14350 | Reward:    4.86 | Pos Error: 0.0250m | Time:  344.7s
2025-09-19 19:43:19,895 - INFO - Episode 14400 | Reward:    5.82 | Pos Error: 0.0831m | Time:  346.3s
2025-09-19 19:43:21,378 - INFO - Episode 14450 | Reward:    5.86 | Pos Error: 0.0367m | Time:  347.7s
2025-09-19 19:43:22,779 - INFO - Episode 14500 | Reward:    6.71 | Pos Error: 0.0341m | Time:  349.2s
2025-09-19 19:43:24,211 - INFO - Episode 14550 | Reward:    5.52 | Pos Error: 0.1397m | Time:  350.6s
2025-09-19 19:43:25,433 - INFO - Episode 14600 | Reward:    5.44 | Pos Error: 0.0779m | Time:  351.8s
2025-09-19 19:43:26,932 - INFO - Episode 14650 | Reward:    5.48 | Pos Error: 0.1182m | Time:  353.3s
2025-09-19 19:43:28,512 - INFO - Episode 14700 | Reward:    5.65 | Pos Error: 0.0838m | Time:  354.9s
2025-09-19 19:43:29,970 - INFO - Episode 14750 | Reward:    6.70 | Pos Error: 0.0407m | Time:  356.3s
2025-09-19 19:43:31,535 - INFO - Episode 14800 | Reward:    6.35 | Pos Error: 0.1214m | Time:  357.9s
2025-09-19 19:43:33,044 - INFO - Episode 14850 | Reward:    6.64 | Pos Error: 0.0944m | Time:  359.4s
2025-09-19 19:43:34,381 - INFO - Episode 14900 | Reward:    6.79 | Pos Error: 0.1082m | Time:  360.8s
2025-09-19 19:43:35,800 - INFO - Episode 14950 | Reward:    6.81 | Pos Error: 0.0438m | Time:  362.2s
2025-09-19 19:43:37,454 - INFO - Episode 15000 | Reward:    6.74 | Pos Error: 0.1196m | Time:  363.8s
2025-09-19 19:43:39,028 - INFO - Episode 15050 | Reward:    6.88 | Pos Error: 0.0853m | Time:  365.4s
2025-09-19 19:43:40,624 - INFO - Episode 15100 | Reward:    5.51 | Pos Error: 0.1325m | Time:  367.0s
2025-09-19 19:43:42,155 - INFO - Episode 15150 | Reward:    6.80 | Pos Error: 0.0951m | Time:  368.5s
2025-09-19 19:43:43,638 - INFO - Episode 15200 | Reward:    6.74 | Pos Error: 0.0781m | Time:  370.0s
2025-09-19 19:43:44,990 - INFO - Episode 15250 | Reward:    5.50 | Pos Error: 0.1059m | Time:  371.4s
2025-09-19 19:43:46,378 - INFO - Episode 15300 | Reward:    6.27 | Pos Error: 0.0812m | Time:  372.7s
2025-09-19 19:43:47,882 - INFO - Episode 15350 | Reward:    5.54 | Pos Error: 0.0842m | Time:  374.3s
2025-09-19 19:43:49,283 - INFO - Episode 15400 | Reward:    6.36 | Pos Error: 0.1430m | Time:  375.7s
2025-09-19 19:43:50,734 - INFO - Episode 15450 | Reward:    5.69 | Pos Error: 0.0277m | Time:  377.1s
2025-09-19 19:43:52,328 - INFO - Episode 15500 | Reward:    5.63 | Pos Error: 0.0937m | Time:  378.7s
2025-09-19 19:43:53,804 - INFO - Episode 15550 | Reward:    6.36 | Pos Error: 0.1475m | Time:  380.2s
2025-09-19 19:43:55,402 - INFO - Episode 15600 | Reward:    5.38 | Pos Error: 0.1161m | Time:  381.8s
2025-09-19 19:43:57,071 - INFO - Episode 15650 | Reward:    5.90 | Pos Error: 0.0728m | Time:  383.4s
2025-09-19 19:43:58,547 - INFO - Episode 15700 | Reward:    6.69 | Pos Error: 0.0774m | Time:  384.9s
2025-09-19 19:44:00,060 - INFO - Episode 15750 | Reward:    5.75 | Pos Error: 0.1072m | Time:  386.4s
2025-09-19 19:44:01,581 - INFO - Episode 15800 | Reward:    5.30 | Pos Error: 0.1288m | Time:  388.0s
2025-09-19 19:44:03,215 - INFO - Episode 15850 | Reward:    5.86 | Pos Error: 0.1001m | Time:  389.6s
2025-09-19 19:44:04,704 - INFO - Episode 15900 | Reward:    5.68 | Pos Error: 0.0824m | Time:  391.1s
2025-09-19 19:44:06,199 - INFO - Episode 15950 | Reward:    5.55 | Pos Error: 0.1096m | Time:  392.6s
2025-09-19 19:44:07,750 - INFO - Episode 16000 | Reward:    6.40 | Pos Error: 0.1318m | Time:  394.1s
2025-09-19 19:44:09,197 - INFO - Episode 16050 | Reward:    6.20 | Pos Error: 0.1413m | Time:  395.6s
2025-09-19 19:44:10,594 - INFO - Episode 16100 | Reward:    6.80 | Pos Error: 0.0559m | Time:  397.0s
2025-09-19 19:44:12,009 - INFO - Episode 16150 | Reward:    6.21 | Pos Error: 0.1422m | Time:  398.4s
2025-09-19 19:44:13,459 - INFO - Episode 16200 | Reward:    5.85 | Pos Error: 0.0606m | Time:  399.8s
2025-09-19 19:44:14,913 - INFO - Episode 16250 | Reward:    5.64 | Pos Error: 0.0959m | Time:  401.3s
2025-09-19 19:44:16,292 - INFO - Episode 16300 | Reward:    6.81 | Pos Error: 0.0555m | Time:  402.7s
2025-09-19 19:44:17,574 - INFO - Episode 16350 | Reward:    6.02 | Pos Error: 0.0624m | Time:  403.9s
2025-09-19 19:44:19,030 - INFO - Episode 16400 | Reward:    6.50 | Pos Error: 0.1079m | Time:  405.4s
2025-09-19 19:44:20,365 - INFO - Episode 16450 | Reward:    6.77 | Pos Error: 0.0552m | Time:  406.7s
2025-09-19 19:44:21,877 - INFO - Episode 16500 | Reward:    6.72 | Pos Error: 0.0784m | Time:  408.2s
2025-09-19 19:44:23,386 - INFO - Episode 16550 | Reward:    5.80 | Pos Error: 0.0806m | Time:  409.8s
2025-09-19 19:44:24,948 - INFO - Episode 16600 | Reward:    6.78 | Pos Error: 0.1180m | Time:  411.3s
2025-09-19 19:44:26,519 - INFO - Episode 16650 | Reward:    5.81 | Pos Error: 0.0750m | Time:  412.9s
2025-09-19 19:44:27,969 - INFO - Episode 16700 | Reward:    6.79 | Pos Error: 0.0726m | Time:  414.3s
2025-09-19 19:44:29,538 - INFO - Episode 16750 | Reward:    6.06 | Pos Error: 0.0459m | Time:  415.9s
2025-09-19 19:44:31,076 - INFO - Episode 16800 | Reward:    4.65 | Pos Error: 0.0723m | Time:  417.4s
2025-09-19 19:44:32,445 - INFO - Episode 16850 | Reward:    5.66 | Pos Error: 0.0884m | Time:  418.8s
2025-09-19 19:44:34,128 - INFO - Episode 16900 | Reward:    5.98 | Pos Error: 0.0403m | Time:  420.5s
2025-09-19 19:44:35,527 - INFO - Episode 16950 | Reward:    5.64 | Pos Error: 0.1151m | Time:  421.9s
2025-09-19 19:44:36,998 - INFO - Episode 17000 | Reward:    5.74 | Pos Error: 0.0738m | Time:  423.4s
2025-09-19 19:44:38,529 - INFO - Episode 17050 | Reward:    4.74 | Pos Error: 0.0512m | Time:  424.9s
2025-09-19 19:44:40,036 - INFO - Episode 17100 | Reward:    6.74 | Pos Error: 0.0760m | Time:  426.4s
2025-09-19 19:44:41,488 - INFO - Episode 17150 | Reward:    5.54 | Pos Error: 0.0716m | Time:  427.9s
2025-09-19 19:44:43,077 - INFO - Episode 17200 | Reward:    4.62 | Pos Error: 0.1080m | Time:  429.4s
2025-09-19 19:44:44,508 - INFO - Episode 17250 | Reward:    6.61 | Pos Error: 0.1306m | Time:  430.9s
2025-09-19 19:44:45,861 - INFO - Episode 17300 | Reward:    4.55 | Pos Error: 0.0611m | Time:  432.2s
2025-09-19 19:44:47,343 - INFO - Episode 17350 | Reward:    5.41 | Pos Error: 0.1001m | Time:  433.7s
2025-09-19 19:44:48,913 - INFO - Episode 17400 | Reward:    4.72 | Pos Error: 0.0331m | Time:  435.3s
2025-09-19 19:44:50,345 - INFO - Episode 17450 | Reward:    5.82 | Pos Error: 0.0793m | Time:  436.7s
2025-09-19 19:44:51,913 - INFO - Episode 17500 | Reward:    5.87 | Pos Error: 0.0642m | Time:  438.3s
2025-09-19 19:44:53,488 - INFO - Episode 17550 | Reward:    5.51 | Pos Error: 0.0773m | Time:  439.9s
2025-09-19 19:44:55,008 - INFO - Episode 17600 | Reward:    5.51 | Pos Error: 0.1353m | Time:  441.4s
2025-09-19 19:44:56,473 - INFO - Episode 17650 | Reward:    5.98 | Pos Error: 0.0496m | Time:  442.8s
2025-09-19 19:44:57,966 - INFO - Episode 17700 | Reward:    5.43 | Pos Error: 0.1407m | Time:  444.3s
2025-09-19 19:44:59,533 - INFO - Episode 17750 | Reward:    6.81 | Pos Error: 0.0727m | Time:  445.9s
2025-09-19 19:45:01,175 - INFO - Episode 17800 | Reward:    7.59 | Pos Error: 0.0470m | Time:  447.5s
2025-09-19 19:45:02,719 - INFO - Episode 17850 | Reward:    5.52 | Pos Error: 0.1370m | Time:  449.1s
2025-09-19 19:45:04,233 - INFO - Episode 17900 | Reward:    6.54 | Pos Error: 0.1453m | Time:  450.6s
2025-09-19 19:45:05,696 - INFO - Episode 17950 | Reward:    5.58 | Pos Error: 0.1154m | Time:  452.1s
2025-09-19 19:45:07,247 - INFO - Episode 18000 | Reward:    6.03 | Pos Error: 0.0273m | Time:  453.6s
2025-09-19 19:45:08,629 - INFO - Episode 18050 | Reward:    5.94 | Pos Error: 0.0795m | Time:  455.0s
2025-09-19 19:45:10,058 - INFO - Episode 18100 | Reward:    6.40 | Pos Error: 0.1551m | Time:  456.4s
2025-09-19 19:45:11,653 - INFO - Episode 18150 | Reward:    6.36 | Pos Error: 0.1719m | Time:  458.0s
2025-09-19 19:45:13,135 - INFO - Episode 18200 | Reward:    5.67 | Pos Error: 0.1485m | Time:  459.5s
2025-09-19 19:45:14,544 - INFO - Episode 18250 | Reward:    6.12 | Pos Error: 0.1881m | Time:  460.9s
2025-09-19 19:45:16,006 - INFO - Episode 18300 | Reward:    6.36 | Pos Error: 0.1100m | Time:  462.4s
2025-09-19 19:45:17,530 - INFO - Episode 18350 | Reward:    6.68 | Pos Error: 0.0355m | Time:  463.9s
2025-09-19 19:45:19,034 - INFO - Episode 18400 | Reward:    7.50 | Pos Error: 0.0700m | Time:  465.4s
2025-09-19 19:45:20,585 - INFO - Episode 18450 | Reward:    5.69 | Pos Error: 0.1005m | Time:  467.0s
2025-09-19 19:45:21,987 - INFO - Episode 18500 | Reward:    5.91 | Pos Error: 0.0610m | Time:  468.4s
2025-09-19 19:45:23,413 - INFO - Episode 18550 | Reward:    4.61 | Pos Error: 0.1160m | Time:  469.8s
2025-09-19 19:45:25,029 - INFO - Episode 18600 | Reward:    4.97 | Pos Error: 0.0865m | Time:  471.4s
2025-09-19 19:45:26,477 - INFO - Episode 18650 | Reward:    4.65 | Pos Error: 0.1168m | Time:  472.8s
2025-09-19 19:45:28,072 - INFO - Episode 18700 | Reward:    4.86 | Pos Error: 0.1074m | Time:  474.4s
2025-09-19 19:45:29,767 - INFO - Episode 18750 | Reward:    4.74 | Pos Error: 0.0971m | Time:  476.1s
2025-09-19 19:45:31,329 - INFO - Episode 18800 | Reward:    4.73 | Pos Error: 0.0782m | Time:  477.7s
2025-09-19 19:45:32,900 - INFO - Episode 18850 | Reward:    5.02 | Pos Error: 0.0816m | Time:  479.3s
2025-09-19 19:45:34,463 - INFO - Episode 18900 | Reward:    5.79 | Pos Error: 0.0391m | Time:  480.8s
2025-09-19 19:45:35,920 - INFO - Episode 18950 | Reward:    4.67 | Pos Error: 0.0916m | Time:  482.3s
2025-09-19 19:45:37,479 - INFO - Episode 19000 | Reward:    4.86 | Pos Error: 0.0463m | Time:  483.9s
2025-09-19 19:45:38,977 - INFO - Episode 19050 | Reward:    6.00 | Pos Error: 0.0217m | Time:  485.3s
2025-09-19 19:45:40,459 - INFO - Episode 19100 | Reward:    4.68 | Pos Error: 0.1125m | Time:  486.8s
2025-09-19 19:45:42,137 - INFO - Episode 19150 | Reward:    5.70 | Pos Error: 0.0893m | Time:  488.5s
2025-09-19 19:45:43,669 - INFO - Episode 19200 | Reward:    4.63 | Pos Error: 0.1227m | Time:  490.0s
2025-09-19 19:45:45,152 - INFO - Episode 19250 | Reward:    4.75 | Pos Error: 0.0534m | Time:  491.5s
2025-09-19 19:45:46,760 - INFO - Episode 19300 | Reward:    5.83 | Pos Error: 0.0158m | Time:  493.1s
2025-09-19 19:45:48,335 - INFO - Episode 19350 | Reward:    5.95 | Pos Error: 0.1035m | Time:  494.7s
2025-09-19 19:45:49,833 - INFO - Episode 19400 | Reward:    5.89 | Pos Error: 0.0443m | Time:  496.2s
2025-09-19 19:45:51,514 - INFO - Episode 19450 | Reward:    4.89 | Pos Error: 0.0894m | Time:  497.9s
2025-09-19 19:45:53,077 - INFO - Episode 19500 | Reward:    6.04 | Pos Error: 0.0933m | Time:  499.4s
2025-09-19 19:45:54,583 - INFO - Episode 19550 | Reward:    6.02 | Pos Error: 0.0359m | Time:  501.0s
2025-09-19 19:45:56,244 - INFO - Episode 19600 | Reward:    4.84 | Pos Error: 0.1028m | Time:  502.6s
2025-09-19 19:45:57,940 - INFO - Episode 19650 | Reward:    5.72 | Pos Error: 0.0433m | Time:  504.3s
2025-09-19 19:45:59,602 - INFO - Episode 19700 | Reward:    6.36 | Pos Error: 0.1547m | Time:  506.0s
2025-09-19 19:46:01,080 - INFO - Episode 19750 | Reward:    5.94 | Pos Error: 0.0636m | Time:  507.5s
2025-09-19 19:46:02,692 - INFO - Episode 19800 | Reward:    5.82 | Pos Error: 0.0489m | Time:  509.1s
2025-09-19 19:46:04,118 - INFO - Episode 19850 | Reward:    5.75 | Pos Error: 0.0838m | Time:  510.5s
2025-09-19 19:46:05,613 - INFO - Episode 19900 | Reward:    5.93 | Pos Error: 0.0418m | Time:  512.0s
2025-09-19 19:46:07,221 - INFO - Episode 19950 | Reward:    6.54 | Pos Error: 0.1177m | Time:  513.6s
2025-09-19 19:46:09,046 - INFO - Episode 20000 | Reward:    6.50 | Pos Error: 0.1475m | Time:  515.4s
2025-09-19 19:46:10,542 - INFO - Episode 20050 | Reward:    6.69 | Pos Error: 0.0398m | Time:  516.9s
2025-09-19 19:46:12,110 - INFO - Episode 20100 | Reward:    5.73 | Pos Error: 0.1106m | Time:  518.5s
2025-09-19 19:46:13,769 - INFO - Episode 20150 | Reward:    4.56 | Pos Error: 0.0577m | Time:  520.1s
2025-09-19 19:46:15,194 - INFO - Episode 20200 | Reward:    6.73 | Pos Error: 0.0546m | Time:  521.6s
2025-09-19 19:46:16,745 - INFO - Episode 20250 | Reward:    5.97 | Pos Error: 0.0266m | Time:  523.1s
2025-09-19 19:46:18,226 - INFO - Episode 20300 | Reward:    6.41 | Pos Error: 0.1015m | Time:  524.6s
2025-09-19 19:46:19,810 - INFO - Episode 20350 | Reward:    6.68 | Pos Error: 0.1256m | Time:  526.2s
2025-09-19 19:46:21,229 - INFO - Episode 20400 | Reward:    4.69 | Pos Error: 0.1253m | Time:  527.6s
2025-09-19 19:46:22,715 - INFO - Episode 20450 | Reward:    6.32 | Pos Error: 0.1092m | Time:  529.1s
2025-09-19 19:46:24,239 - INFO - Episode 20500 | Reward:    4.53 | Pos Error: 0.1238m | Time:  530.6s
2025-09-19 19:46:25,611 - INFO - Episode 20550 | Reward:    7.50 | Pos Error: 0.1393m | Time:  532.0s
2025-09-19 19:46:26,916 - INFO - Episode 20600 | Reward:    4.67 | Pos Error: 0.1082m | Time:  533.3s
2025-09-19 19:46:28,453 - INFO - Episode 20650 | Reward:    4.79 | Pos Error: 0.0830m | Time:  534.8s
2025-09-19 19:46:29,940 - INFO - Episode 20700 | Reward:    7.43 | Pos Error: 0.1160m | Time:  536.3s
2025-09-19 19:46:31,318 - INFO - Episode 20750 | Reward:    7.48 | Pos Error: 0.1240m | Time:  537.7s
2025-09-19 19:46:32,574 - INFO - Episode 20800 | Reward:    6.54 | Pos Error: 0.1251m | Time:  538.9s
2025-09-19 19:46:34,022 - INFO - Episode 20850 | Reward:    5.81 | Pos Error: 0.0765m | Time:  540.4s
2025-09-19 19:46:35,543 - INFO - Episode 20900 | Reward:    6.82 | Pos Error: 0.0369m | Time:  541.9s
2025-09-19 19:46:36,992 - INFO - Episode 20950 | Reward:    5.71 | Pos Error: 0.1084m | Time:  543.4s
2025-09-19 19:46:38,545 - INFO - Episode 21000 | Reward:    6.36 | Pos Error: 0.1809m | Time:  544.9s
2025-09-19 19:46:39,920 - INFO - Episode 21050 | Reward:    7.59 | Pos Error: 0.1262m | Time:  546.3s
2025-09-19 19:46:41,378 - INFO - Episode 21100 | Reward:    6.74 | Pos Error: 0.0303m | Time:  547.7s
2025-09-19 19:46:42,780 - INFO - Episode 21150 | Reward:    7.39 | Pos Error: 0.1205m | Time:  549.2s
2025-09-19 19:46:44,159 - INFO - Episode 21200 | Reward:    7.60 | Pos Error: 0.0407m | Time:  550.5s
2025-09-19 19:46:45,454 - INFO - Episode 21250 | Reward:    6.27 | Pos Error: 0.1670m | Time:  551.8s
2025-09-19 19:46:46,924 - INFO - Episode 21300 | Reward:    6.16 | Pos Error: 0.1437m | Time:  553.3s
2025-09-19 19:46:48,434 - INFO - Episode 21350 | Reward:    7.40 | Pos Error: 0.1508m | Time:  554.8s
2025-09-19 19:46:49,923 - INFO - Episode 21400 | Reward:    6.12 | Pos Error: 0.1873m | Time:  556.3s
2025-09-19 19:46:51,238 - INFO - Episode 21450 | Reward:    6.43 | Pos Error: 0.1448m | Time:  557.6s
2025-09-19 19:46:52,609 - INFO - Episode 21500 | Reward:    7.25 | Pos Error: 0.0772m | Time:  559.0s
2025-09-19 19:46:53,898 - INFO - Episode 21550 | Reward:    6.39 | Pos Error: 0.1446m | Time:  560.3s
2025-09-19 19:46:55,147 - INFO - Episode 21600 | Reward:    6.69 | Pos Error: 0.1172m | Time:  561.5s
2025-09-19 19:46:56,529 - INFO - Episode 21650 | Reward:    7.35 | Pos Error: 0.1312m | Time:  562.9s
2025-09-19 19:46:57,824 - INFO - Episode 21700 | Reward:    6.67 | Pos Error: 0.0913m | Time:  564.2s
2025-09-19 19:46:59,249 - INFO - Episode 21750 | Reward:    7.25 | Pos Error: 0.1820m | Time:  565.6s
2025-09-19 19:47:00,613 - INFO - Episode 21800 | Reward:    7.19 | Pos Error: 0.1591m | Time:  567.0s
2025-09-19 19:47:02,057 - INFO - Episode 21850 | Reward:    6.76 | Pos Error: 0.0698m | Time:  568.4s
2025-09-19 19:47:03,429 - INFO - Episode 21900 | Reward:    7.34 | Pos Error: 0.1122m | Time:  569.8s
2025-09-19 19:47:04,816 - INFO - Episode 21950 | Reward:    6.57 | Pos Error: 0.1411m | Time:  571.2s
2025-09-19 19:47:06,257 - INFO - Episode 22000 | Reward:    6.42 | Pos Error: 0.0856m | Time:  572.6s
2025-09-19 19:47:07,690 - INFO - Episode 22050 | Reward:    6.89 | Pos Error: 0.0973m | Time:  574.1s
2025-09-19 19:47:09,168 - INFO - Episode 22100 | Reward:    6.24 | Pos Error: 0.1157m | Time:  575.5s
2025-09-19 19:47:10,566 - INFO - Episode 22150 | Reward:    6.78 | Pos Error: 0.1181m | Time:  576.9s
2025-09-19 19:47:11,974 - INFO - Episode 22200 | Reward:    6.49 | Pos Error: 0.0647m | Time:  578.3s
2025-09-19 19:47:13,365 - INFO - Episode 22250 | Reward:    6.39 | Pos Error: 0.0970m | Time:  579.7s
2025-09-19 19:47:14,909 - INFO - Episode 22300 | Reward:    6.58 | Pos Error: 0.0636m | Time:  581.3s
2025-09-19 19:47:16,365 - INFO - Episode 22350 | Reward:    5.30 | Pos Error: 0.1803m | Time:  582.7s
2025-09-19 19:47:17,789 - INFO - Episode 22400 | Reward:    7.53 | Pos Error: 0.0669m | Time:  584.2s
2025-09-19 19:47:19,277 - INFO - Episode 22450 | Reward:    7.61 | Pos Error: 0.0524m | Time:  585.6s
2025-09-19 19:47:20,882 - INFO - Episode 22500 | Reward:    6.33 | Pos Error: 0.0983m | Time:  587.3s
2025-09-19 19:47:22,230 - INFO - Episode 22550 | Reward:    6.74 | Pos Error: 0.0615m | Time:  588.6s
2025-09-19 19:47:23,628 - INFO - Episode 22600 | Reward:    6.66 | Pos Error: 0.1174m | Time:  590.0s
2025-09-19 19:47:25,107 - INFO - Episode 22650 | Reward:    6.48 | Pos Error: 0.0781m | Time:  591.5s
2025-09-19 19:47:26,487 - INFO - Episode 22700 | Reward:    6.51 | Pos Error: 0.1316m | Time:  592.9s
2025-09-19 19:47:27,918 - INFO - Episode 22750 | Reward:    7.61 | Pos Error: 0.0709m | Time:  594.3s
2025-09-19 19:47:29,351 - INFO - Episode 22800 | Reward:    6.78 | Pos Error: 0.0366m | Time:  595.7s
2025-09-19 19:47:30,744 - INFO - Episode 22850 | Reward:    7.45 | Pos Error: 0.1468m | Time:  597.1s
2025-09-19 19:47:32,056 - INFO - Episode 22900 | Reward:    7.33 | Pos Error: 0.1023m | Time:  598.4s
2025-09-19 19:47:33,415 - INFO - Episode 22950 | Reward:    7.22 | Pos Error: 0.1032m | Time:  599.8s
2025-09-19 19:47:34,747 - INFO - Episode 23000 | Reward:    6.83 | Pos Error: 0.0496m | Time:  601.1s
2025-09-19 19:47:36,177 - INFO - Episode 23050 | Reward:    7.60 | Pos Error: 0.1101m | Time:  602.5s
2025-09-19 19:47:37,587 - INFO - Episode 23100 | Reward:    6.89 | Pos Error: 0.0866m | Time:  604.0s
2025-09-19 19:47:39,034 - INFO - Episode 23150 | Reward:    7.44 | Pos Error: 0.0478m | Time:  605.4s
2025-09-19 19:47:40,404 - INFO - Episode 23200 | Reward:    6.61 | Pos Error: 0.0656m | Time:  606.8s
2025-09-19 19:47:41,843 - INFO - Episode 23250 | Reward:    7.59 | Pos Error: 0.0299m | Time:  608.2s
2025-09-19 19:47:43,225 - INFO - Episode 23300 | Reward:    6.55 | Pos Error: 0.1392m | Time:  609.6s
2025-09-19 19:47:44,613 - INFO - Episode 23350 | Reward:    6.03 | Pos Error: 0.1917m | Time:  611.0s
2025-09-19 19:47:46,128 - INFO - Episode 23400 | Reward:    6.81 | Pos Error: 0.0921m | Time:  612.5s
2025-09-19 19:47:47,589 - INFO - Episode 23450 | Reward:    7.61 | Pos Error: 0.0941m | Time:  614.0s
2025-09-19 19:47:48,972 - INFO - Episode 23500 | Reward:    7.16 | Pos Error: 0.1206m | Time:  615.3s
2025-09-19 19:47:50,244 - INFO - Episode 23550 | Reward:    6.77 | Pos Error: 0.0787m | Time:  616.6s
2025-09-19 19:47:51,675 - INFO - Episode 23600 | Reward:    6.50 | Pos Error: 0.1086m | Time:  618.0s
2025-09-19 19:47:53,045 - INFO - Episode 23650 | Reward:    6.28 | Pos Error: 0.1492m | Time:  619.4s
2025-09-19 19:47:54,580 - INFO - Episode 23700 | Reward:    6.34 | Pos Error: 0.1702m | Time:  621.0s
2025-09-19 19:47:56,042 - INFO - Episode 23750 | Reward:    7.66 | Pos Error: 0.0665m | Time:  622.4s
2025-09-19 19:47:57,422 - INFO - Episode 23800 | Reward:    6.09 | Pos Error: 0.1287m | Time:  623.8s
2025-09-19 19:47:58,797 - INFO - Episode 23850 | Reward:    6.35 | Pos Error: 0.1694m | Time:  625.2s
2025-09-19 19:48:00,244 - INFO - Episode 23900 | Reward:    6.32 | Pos Error: 0.1193m | Time:  626.6s
2025-09-19 19:48:01,797 - INFO - Episode 23950 | Reward:    7.48 | Pos Error: 0.1167m | Time:  628.2s
2025-09-19 19:48:03,086 - INFO - Episode 24000 | Reward:    7.52 | Pos Error: 0.1633m | Time:  629.5s
2025-09-19 19:48:04,656 - INFO - Episode 24050 | Reward:    5.35 | Pos Error: 0.1347m | Time:  631.0s
2025-09-19 19:48:06,139 - INFO - Episode 24100 | Reward:    6.30 | Pos Error: 0.1717m | Time:  632.5s
2025-09-19 19:48:07,465 - INFO - Episode 24150 | Reward:    6.56 | Pos Error: 0.1170m | Time:  633.8s
2025-09-19 19:48:08,798 - INFO - Episode 24200 | Reward:    6.26 | Pos Error: 0.1671m | Time:  635.2s
2025-09-19 19:48:10,077 - INFO - Episode 24250 | Reward:    6.46 | Pos Error: 0.1229m | Time:  636.4s
2025-09-19 19:48:11,472 - INFO - Episode 24300 | Reward:    6.75 | Pos Error: 0.1311m | Time:  637.8s
2025-09-19 19:48:12,798 - INFO - Episode 24350 | Reward:    7.47 | Pos Error: 0.0944m | Time:  639.2s
2025-09-19 19:48:14,209 - INFO - Episode 24400 | Reward:    7.66 | Pos Error: 0.0201m | Time:  640.6s
2025-09-19 19:48:15,620 - INFO - Episode 24450 | Reward:    7.48 | Pos Error: 0.1284m | Time:  642.0s
2025-09-19 19:48:17,153 - INFO - Episode 24500 | Reward:    7.56 | Pos Error: 0.0409m | Time:  643.5s
2025-09-19 19:48:18,593 - INFO - Episode 24550 | Reward:    5.43 | Pos Error: 0.1318m | Time:  645.0s
2025-09-19 19:48:20,162 - INFO - Episode 24600 | Reward:    7.12 | Pos Error: 0.1516m | Time:  646.5s
2025-09-19 19:48:21,593 - INFO - Episode 24650 | Reward:    6.16 | Pos Error: 0.1761m | Time:  648.0s
2025-09-19 19:48:22,818 - INFO - Episode 24700 | Reward:    6.11 | Pos Error: 0.1758m | Time:  649.2s
2025-09-19 19:48:24,075 - INFO - Episode 24750 | Reward:    7.35 | Pos Error: 0.0597m | Time:  650.4s
2025-09-19 19:48:25,411 - INFO - Episode 24800 | Reward:    6.42 | Pos Error: 0.1679m | Time:  651.8s
2025-09-19 19:48:26,840 - INFO - Episode 24850 | Reward:    6.55 | Pos Error: 0.0672m | Time:  653.2s
2025-09-19 19:48:28,340 - INFO - Episode 24900 | Reward:    6.37 | Pos Error: 0.1141m | Time:  654.7s
2025-09-19 19:48:29,879 - INFO - Episode 24950 | Reward:    5.49 | Pos Error: 0.0987m | Time:  656.3s
2025-09-19 19:48:31,550 - INFO - Episode 25000 | Reward:    6.21 | Pos Error: 0.1591m | Time:  657.9s
2025-09-19 19:48:33,117 - INFO - Episode 25050 | Reward:    7.65 | Pos Error: 0.0324m | Time:  659.5s
2025-09-19 19:48:34,573 - INFO - Episode 25100 | Reward:    7.22 | Pos Error: 0.1017m | Time:  660.9s
2025-09-19 19:48:36,000 - INFO - Episode 25150 | Reward:    6.38 | Pos Error: 0.1470m | Time:  662.4s
2025-09-19 19:48:37,433 - INFO - Episode 25200 | Reward:    7.44 | Pos Error: 0.1633m | Time:  663.8s
2025-09-19 19:48:38,956 - INFO - Episode 25250 | Reward:    6.23 | Pos Error: 0.0771m | Time:  665.3s
2025-09-19 19:48:40,413 - INFO - Episode 25300 | Reward:    6.36 | Pos Error: 0.1196m | Time:  666.8s
2025-09-19 19:48:41,878 - INFO - Episode 25350 | Reward:    7.59 | Pos Error: 0.1439m | Time:  668.2s
2025-09-19 19:48:43,350 - INFO - Episode 25400 | Reward:    7.43 | Pos Error: 0.0732m | Time:  669.7s
2025-09-19 19:48:44,798 - INFO - Episode 25450 | Reward:    7.32 | Pos Error: 0.1213m | Time:  671.2s
2025-09-19 19:48:46,264 - INFO - Episode 25500 | Reward:    6.70 | Pos Error: 0.1205m | Time:  672.6s
2025-09-19 19:48:47,820 - INFO - Episode 25550 | Reward:    6.32 | Pos Error: 0.1463m | Time:  674.2s
2025-09-19 19:48:49,370 - INFO - Episode 25600 | Reward:    7.66 | Pos Error: 0.0360m | Time:  675.7s
2025-09-19 19:48:50,829 - INFO - Episode 25650 | Reward:    6.66 | Pos Error: 0.0551m | Time:  677.2s
2025-09-19 19:48:52,146 - INFO - Episode 25700 | Reward:    6.62 | Pos Error: 0.0952m | Time:  678.5s
2025-09-19 19:48:53,647 - INFO - Episode 25750 | Reward:    6.48 | Pos Error: 0.1043m | Time:  680.0s
2025-09-19 19:48:54,990 - INFO - Episode 25800 | Reward:    6.34 | Pos Error: 0.1528m | Time:  681.4s
2025-09-19 19:48:56,513 - INFO - Episode 25850 | Reward:    6.23 | Pos Error: 0.1121m | Time:  682.9s
2025-09-19 19:48:57,901 - INFO - Episode 25900 | Reward:    6.66 | Pos Error: 0.0879m | Time:  684.3s
2025-09-19 19:48:59,360 - INFO - Episode 25950 | Reward:    6.34 | Pos Error: 0.1513m | Time:  685.7s
2025-09-19 19:49:00,805 - INFO - Episode 26000 | Reward:    6.45 | Pos Error: 0.1391m | Time:  687.2s
2025-09-19 19:49:02,263 - INFO - Episode 26050 | Reward:    6.52 | Pos Error: 0.1616m | Time:  688.6s
2025-09-19 19:49:03,751 - INFO - Episode 26100 | Reward:    6.43 | Pos Error: 0.1760m | Time:  690.1s
2025-09-19 19:49:05,209 - INFO - Episode 26150 | Reward:    6.77 | Pos Error: 0.0917m | Time:  691.6s
2025-09-19 19:49:06,666 - INFO - Episode 26200 | Reward:    6.54 | Pos Error: 0.1281m | Time:  693.0s
2025-09-19 19:49:08,100 - INFO - Episode 26250 | Reward:    6.38 | Pos Error: 0.1701m | Time:  694.5s
2025-09-19 19:49:09,571 - INFO - Episode 26300 | Reward:    6.41 | Pos Error: 0.1456m | Time:  695.9s
2025-09-19 19:49:11,012 - INFO - Episode 26350 | Reward:    5.48 | Pos Error: 0.1280m | Time:  697.4s
2025-09-19 19:49:12,535 - INFO - Episode 26400 | Reward:    5.57 | Pos Error: 0.1369m | Time:  698.9s
2025-09-19 19:49:13,831 - INFO - Episode 26450 | Reward:    7.65 | Pos Error: 0.1242m | Time:  700.2s
2025-09-19 19:49:15,231 - INFO - Episode 26500 | Reward:    6.04 | Pos Error: 0.1689m | Time:  701.6s
2025-09-19 19:49:16,718 - INFO - Episode 26550 | Reward:    6.23 | Pos Error: 0.1224m | Time:  703.1s
2025-09-19 19:49:18,198 - INFO - Episode 26600 | Reward:    6.52 | Pos Error: 0.1398m | Time:  704.6s
2025-09-19 19:49:19,686 - INFO - Episode 26650 | Reward:    7.44 | Pos Error: 0.1277m | Time:  706.1s
2025-09-19 19:49:21,076 - INFO - Episode 26700 | Reward:    6.32 | Pos Error: 0.1789m | Time:  707.4s
2025-09-19 19:49:22,590 - INFO - Episode 26750 | Reward:    7.53 | Pos Error: 0.0739m | Time:  709.0s
2025-09-19 19:49:23,965 - INFO - Episode 26800 | Reward:    7.46 | Pos Error: 0.0896m | Time:  710.3s
2025-09-19 19:49:25,247 - INFO - Episode 26850 | Reward:    6.76 | Pos Error: 0.1264m | Time:  711.6s
2025-09-19 19:49:26,527 - INFO - Episode 26900 | Reward:    6.47 | Pos Error: 0.1301m | Time:  712.9s
2025-09-19 19:49:27,892 - INFO - Episode 26950 | Reward:    6.48 | Pos Error: 0.0712m | Time:  714.3s
2025-09-19 19:49:29,311 - INFO - Episode 27000 | Reward:    6.48 | Pos Error: 0.1011m | Time:  715.7s
2025-09-19 19:49:30,711 - INFO - Episode 27050 | Reward:    6.67 | Pos Error: 0.0710m | Time:  717.1s
2025-09-19 19:49:32,172 - INFO - Episode 27100 | Reward:    7.59 | Pos Error: 0.0548m | Time:  718.5s
2025-09-19 19:49:33,606 - INFO - Episode 27150 | Reward:    6.75 | Pos Error: 0.0831m | Time:  720.0s
2025-09-19 19:49:35,070 - INFO - Episode 27200 | Reward:    7.49 | Pos Error: 0.1005m | Time:  721.4s
2025-09-19 19:49:36,527 - INFO - Episode 27250 | Reward:    7.58 | Pos Error: 0.0858m | Time:  722.9s
2025-09-19 19:49:38,108 - INFO - Episode 27300 | Reward:    6.28 | Pos Error: 0.1502m | Time:  724.5s
2025-09-19 19:49:39,650 - INFO - Episode 27350 | Reward:    6.09 | Pos Error: 0.1507m | Time:  726.0s
2025-09-19 19:49:41,085 - INFO - Episode 27400 | Reward:    7.33 | Pos Error: 0.1261m | Time:  727.5s
2025-09-19 19:49:42,706 - INFO - Episode 27450 | Reward:    7.67 | Pos Error: 0.0726m | Time:  729.1s
2025-09-19 19:49:44,155 - INFO - Episode 27500 | Reward:    7.63 | Pos Error: 0.0774m | Time:  730.5s
2025-09-19 19:49:45,716 - INFO - Episode 27550 | Reward:    6.44 | Pos Error: 0.0722m | Time:  732.1s
2025-09-19 19:49:47,192 - INFO - Episode 27600 | Reward:    6.15 | Pos Error: 0.1296m | Time:  733.6s
2025-09-19 19:49:48,689 - INFO - Episode 27650 | Reward:    7.55 | Pos Error: 0.1083m | Time:  735.1s
2025-09-19 19:49:50,349 - INFO - Episode 27700 | Reward:    6.35 | Pos Error: 0.0816m | Time:  736.7s
2025-09-19 19:49:51,860 - INFO - Episode 27750 | Reward:    6.09 | Pos Error: 0.1214m | Time:  738.2s
2025-09-19 19:49:53,325 - INFO - Episode 27800 | Reward:    5.52 | Pos Error: 0.0748m | Time:  739.7s
2025-09-19 19:49:54,708 - INFO - Episode 27850 | Reward:    6.51 | Pos Error: 0.0866m | Time:  741.1s
2025-09-19 19:49:56,098 - INFO - Episode 27900 | Reward:    7.68 | Pos Error: 0.0496m | Time:  742.5s
2025-09-19 19:49:57,523 - INFO - Episode 27950 | Reward:    7.44 | Pos Error: 0.1471m | Time:  743.9s
2025-09-19 19:49:58,952 - INFO - Episode 28000 | Reward:    6.77 | Pos Error: 0.0255m | Time:  745.3s
2025-09-19 19:50:00,351 - INFO - Episode 28050 | Reward:    6.38 | Pos Error: 0.1588m | Time:  746.7s
2025-09-19 19:50:01,674 - INFO - Episode 28100 | Reward:    7.50 | Pos Error: 0.0785m | Time:  748.0s
2025-09-19 19:50:03,044 - INFO - Episode 28150 | Reward:    6.43 | Pos Error: 0.0996m | Time:  749.4s
2025-09-19 19:50:04,411 - INFO - Episode 28200 | Reward:    7.66 | Pos Error: 0.0553m | Time:  750.8s
2025-09-19 19:50:05,655 - INFO - Episode 28250 | Reward:    7.54 | Pos Error: 0.1145m | Time:  752.0s
2025-09-19 19:50:06,942 - INFO - Episode 28300 | Reward:    7.51 | Pos Error: 0.0771m | Time:  753.3s
2025-09-19 19:50:08,394 - INFO - Episode 28350 | Reward:    6.28 | Pos Error: 0.1017m | Time:  754.8s
2025-09-19 19:50:09,920 - INFO - Episode 28400 | Reward:    6.15 | Pos Error: 0.1539m | Time:  756.3s
2025-09-19 19:50:11,512 - INFO - Episode 28450 | Reward:    6.54 | Pos Error: 0.0848m | Time:  757.9s
2025-09-19 19:50:13,103 - INFO - Episode 28500 | Reward:    6.55 | Pos Error: 0.1287m | Time:  759.5s
2025-09-19 19:50:14,700 - INFO - Episode 28550 | Reward:    7.62 | Pos Error: 0.1061m | Time:  761.1s
2025-09-19 19:50:16,389 - INFO - Episode 28600 | Reward:    6.18 | Pos Error: 0.1426m | Time:  762.8s
2025-09-19 19:50:17,961 - INFO - Episode 28650 | Reward:    6.13 | Pos Error: 0.1868m | Time:  764.3s
2025-09-19 19:50:19,640 - INFO - Episode 28700 | Reward:    6.22 | Pos Error: 0.1077m | Time:  766.0s
2025-09-19 19:50:21,458 - INFO - Episode 28750 | Reward:    6.49 | Pos Error: 0.0955m | Time:  767.8s
2025-09-19 19:50:23,263 - INFO - Episode 28800 | Reward:    5.47 | Pos Error: 0.1286m | Time:  769.6s
2025-09-19 19:50:24,983 - INFO - Episode 28850 | Reward:    6.44 | Pos Error: 0.1080m | Time:  771.4s
2025-09-19 19:50:26,805 - INFO - Episode 28900 | Reward:    7.62 | Pos Error: 0.0954m | Time:  773.2s
2025-09-19 19:50:28,529 - INFO - Episode 28950 | Reward:    6.06 | Pos Error: 0.1972m | Time:  774.9s
2025-09-19 19:50:30,224 - INFO - Episode 29000 | Reward:    7.51 | Pos Error: 0.1061m | Time:  776.6s
2025-09-19 19:50:31,958 - INFO - Episode 29050 | Reward:    6.11 | Pos Error: 0.1676m | Time:  778.3s
2025-09-19 19:50:33,615 - INFO - Episode 29100 | Reward:    7.38 | Pos Error: 0.1477m | Time:  780.0s
2025-09-19 19:50:35,329 - INFO - Episode 29150 | Reward:    6.28 | Pos Error: 0.1738m | Time:  781.7s
2025-09-19 19:50:37,052 - INFO - Episode 29200 | Reward:    7.64 | Pos Error: 0.0524m | Time:  783.4s
2025-09-19 19:50:38,647 - INFO - Episode 29250 | Reward:    7.58 | Pos Error: 0.1138m | Time:  785.0s
2025-09-19 19:50:40,288 - INFO - Episode 29300 | Reward:    6.43 | Pos Error: 0.1121m | Time:  786.7s
2025-09-19 19:50:41,854 - INFO - Episode 29350 | Reward:    6.18 | Pos Error: 0.1338m | Time:  788.2s
2025-09-19 19:50:43,443 - INFO - Episode 29400 | Reward:    7.49 | Pos Error: 0.1305m | Time:  789.8s
2025-09-19 19:50:45,092 - INFO - Episode 29450 | Reward:    6.63 | Pos Error: 0.0978m | Time:  791.5s
2025-09-19 19:50:47,259 - INFO - Episode 29500 | Reward:    6.26 | Pos Error: 0.1267m | Time:  793.6s
2025-09-19 19:50:49,362 - INFO - Episode 29550 | Reward:    5.24 | Pos Error: 0.1822m | Time:  795.7s
2025-09-19 19:50:51,526 - INFO - Episode 29600 | Reward:    6.30 | Pos Error: 0.1011m | Time:  797.9s
2025-09-19 19:50:53,731 - INFO - Episode 29650 | Reward:    7.38 | Pos Error: 0.0821m | Time:  800.1s
2025-09-19 19:50:55,807 - INFO - Episode 29700 | Reward:    6.33 | Pos Error: 0.1077m | Time:  802.2s
2025-09-19 19:50:57,739 - INFO - Episode 29750 | Reward:    7.37 | Pos Error: 0.1102m | Time:  804.1s
2025-09-19 19:50:59,535 - INFO - Episode 29800 | Reward:    7.36 | Pos Error: 0.1238m | Time:  805.9s
2025-09-19 19:51:01,357 - INFO - Episode 29850 | Reward:    6.41 | Pos Error: 0.0894m | Time:  807.7s
2025-09-19 19:51:03,426 - INFO - Episode 29900 | Reward:    6.12 | Pos Error: 0.1731m | Time:  809.8s
2025-09-19 19:51:05,264 - INFO - Episode 29950 | Reward:    7.39 | Pos Error: 0.1864m | Time:  811.6s
2025-09-19 19:51:07,332 - INFO - Episode 30000 | Reward:    6.19 | Pos Error: 0.1424m | Time:  813.7s
2025-09-19 19:51:09,191 - INFO - Episode 30050 | Reward:    6.63 | Pos Error: 0.1196m | Time:  815.6s
2025-09-19 19:51:11,045 - INFO - Episode 30100 | Reward:    5.38 | Pos Error: 0.1016m | Time:  817.4s
2025-09-19 19:51:12,833 - INFO - Episode 30150 | Reward:    7.46 | Pos Error: 0.0758m | Time:  819.2s
2025-09-19 19:51:14,825 - INFO - Episode 30200 | Reward:    7.51 | Pos Error: 0.1471m | Time:  821.2s
2025-09-19 19:51:16,699 - INFO - Episode 30250 | Reward:    7.55 | Pos Error: 0.0671m | Time:  823.1s
2025-09-19 19:51:18,626 - INFO - Episode 30300 | Reward:    6.66 | Pos Error: 0.0956m | Time:  825.0s
2025-09-19 19:51:20,391 - INFO - Episode 30350 | Reward:    7.48 | Pos Error: 0.1173m | Time:  826.8s
2025-09-19 19:51:22,330 - INFO - Episode 30400 | Reward:    7.50 | Pos Error: 0.0923m | Time:  828.7s
2025-09-19 19:51:24,357 - INFO - Episode 30450 | Reward:    7.19 | Pos Error: 0.1310m | Time:  830.7s
2025-09-19 19:51:26,155 - INFO - Episode 30500 | Reward:    7.41 | Pos Error: 0.1388m | Time:  832.5s
2025-09-19 19:51:28,052 - INFO - Episode 30550 | Reward:    7.47 | Pos Error: 0.1377m | Time:  834.4s
2025-09-19 19:51:29,706 - INFO - Episode 30600 | Reward:    5.32 | Pos Error: 0.1085m | Time:  836.1s
2025-09-19 19:51:31,545 - INFO - Episode 30650 | Reward:    6.25 | Pos Error: 0.1721m | Time:  837.9s
2025-09-19 19:51:33,367 - INFO - Episode 30700 | Reward:    6.51 | Pos Error: 0.1133m | Time:  839.7s
2025-09-19 19:51:35,585 - INFO - Episode 30750 | Reward:  210.33 | Pos Error: 4.3995m | Time:  842.0s
2025-09-19 19:51:37,723 - INFO - Episode 30800 | Reward:    6.34 | Pos Error: 0.0981m | Time:  844.1s
2025-09-19 19:51:39,628 - INFO - Episode 30850 | Reward:    7.46 | Pos Error: 0.1331m | Time:  846.0s
2025-09-19 19:51:41,541 - INFO - Episode 30900 | Reward:    8.18 | Pos Error: 0.1606m | Time:  847.9s
2025-09-19 19:51:43,275 - INFO - Episode 30950 | Reward:    7.45 | Pos Error: 0.1106m | Time:  849.6s
2025-09-19 19:51:45,171 - INFO - Episode 31000 | Reward:    6.43 | Pos Error: 0.1330m | Time:  851.5s
2025-09-19 19:51:47,394 - INFO - Episode 31050 | Reward:    5.54 | Pos Error: 0.1054m | Time:  853.8s
2025-09-19 19:51:49,416 - INFO - Episode 31100 | Reward:    6.30 | Pos Error: 0.1116m | Time:  855.8s
2025-09-19 19:51:51,627 - INFO - Episode 31150 | Reward:    7.24 | Pos Error: 0.1446m | Time:  858.0s
2025-09-19 19:51:53,754 - INFO - Episode 31200 | Reward:    6.41 | Pos Error: 0.1150m | Time:  860.1s
2025-09-19 19:51:55,700 - INFO - Episode 31250 | Reward:    6.24 | Pos Error: 0.0982m | Time:  862.1s
2025-09-19 19:51:57,506 - INFO - Episode 31300 | Reward:    6.36 | Pos Error: 0.1320m | Time:  863.9s
2025-09-19 19:51:59,384 - INFO - Episode 31350 | Reward:    6.67 | Pos Error: 0.0678m | Time:  865.8s
2025-09-19 19:52:01,221 - INFO - Episode 31400 | Reward:    6.66 | Pos Error: 0.1252m | Time:  867.6s
2025-09-19 19:52:02,928 - INFO - Episode 31450 | Reward:    6.33 | Pos Error: 0.1456m | Time:  869.3s
2025-09-19 19:52:04,730 - INFO - Episode 31500 | Reward:    6.73 | Pos Error: 0.1033m | Time:  871.1s
2025-09-19 19:52:06,526 - INFO - Episode 31550 | Reward:    5.55 | Pos Error: 0.1315m | Time:  872.9s
2025-09-19 19:52:08,366 - INFO - Episode 31600 | Reward:    7.57 | Pos Error: 0.0751m | Time:  874.7s
2025-09-19 19:52:10,383 - INFO - Episode 31650 | Reward:    6.55 | Pos Error: 0.0750m | Time:  876.8s
2025-09-19 19:52:12,234 - INFO - Episode 31700 | Reward:    7.58 | Pos Error: 0.0936m | Time:  878.6s
2025-09-19 19:52:13,947 - INFO - Episode 31750 | Reward:    5.38 | Pos Error: 0.1400m | Time:  880.3s
2025-09-19 19:52:15,548 - INFO - Episode 31800 | Reward:    6.45 | Pos Error: 0.1462m | Time:  881.9s
2025-09-19 19:52:17,174 - INFO - Episode 31850 | Reward:    6.35 | Pos Error: 0.1732m | Time:  883.5s
2025-09-19 19:52:18,931 - INFO - Episode 31900 | Reward:    5.46 | Pos Error: 0.1286m | Time:  885.3s
2025-09-19 19:52:20,911 - INFO - Episode 31950 | Reward:    6.47 | Pos Error: 0.1269m | Time:  887.3s
2025-09-19 19:52:22,785 - INFO - Episode 32000 | Reward:    7.54 | Pos Error: 0.0904m | Time:  889.2s
2025-09-19 19:52:24,520 - INFO - Episode 32050 | Reward:    6.51 | Pos Error: 0.1125m | Time:  890.9s
2025-09-19 19:52:26,474 - INFO - Episode 32100 | Reward:    6.40 | Pos Error: 0.1208m | Time:  892.8s
2025-09-19 19:52:28,306 - INFO - Episode 32150 | Reward:    6.25 | Pos Error: 0.1660m | Time:  894.7s
2025-09-19 19:52:30,127 - INFO - Episode 32200 | Reward:    6.47 | Pos Error: 0.1348m | Time:  896.5s
2025-09-19 19:52:31,938 - INFO - Episode 32250 | Reward:    6.40 | Pos Error: 0.0866m | Time:  898.3s
2025-09-19 19:52:33,804 - INFO - Episode 32300 | Reward:    7.27 | Pos Error: 0.1382m | Time:  900.2s
2025-09-19 19:52:35,618 - INFO - Episode 32350 | Reward:    7.38 | Pos Error: 0.1477m | Time:  902.0s
2025-09-19 19:52:37,340 - INFO - Episode 32400 | Reward:    6.68 | Pos Error: 0.1221m | Time:  903.7s
2025-09-19 19:52:39,066 - INFO - Episode 32450 | Reward:    7.54 | Pos Error: 0.1407m | Time:  905.4s
2025-09-19 19:52:40,819 - INFO - Episode 32500 | Reward:    6.58 | Pos Error: 0.0484m | Time:  907.2s
2025-09-19 19:52:42,637 - INFO - Episode 32550 | Reward:    6.71 | Pos Error: 0.0541m | Time:  909.0s
2025-09-19 19:52:44,499 - INFO - Episode 32600 | Reward:    7.57 | Pos Error: 0.1072m | Time:  910.9s
2025-09-19 19:52:46,434 - INFO - Episode 32650 | Reward:    7.67 | Pos Error: 0.0414m | Time:  912.8s
2025-09-19 19:52:48,240 - INFO - Episode 32700 | Reward:    7.27 | Pos Error: 0.1935m | Time:  914.6s
2025-09-19 19:52:50,187 - INFO - Episode 32750 | Reward:    5.53 | Pos Error: 0.0649m | Time:  916.6s
2025-09-19 19:52:52,058 - INFO - Episode 32800 | Reward:    7.30 | Pos Error: 0.1567m | Time:  918.4s
2025-09-19 19:52:53,728 - INFO - Episode 32850 | Reward:    6.54 | Pos Error: 0.1701m | Time:  920.1s
2025-09-19 19:52:55,623 - INFO - Episode 32900 | Reward:    7.68 | Pos Error: 0.0719m | Time:  922.0s
2025-09-19 19:52:57,657 - INFO - Episode 32950 | Reward:    6.32 | Pos Error: 0.0810m | Time:  924.0s
2025-09-19 19:52:59,453 - INFO - Episode 33000 | Reward:    7.30 | Pos Error: 0.1451m | Time:  925.8s
2025-09-19 19:53:01,334 - INFO - Episode 33050 | Reward:    6.66 | Pos Error: 0.0874m | Time:  927.7s
2025-09-19 19:53:03,198 - INFO - Episode 33100 | Reward:    6.48 | Pos Error: 0.0992m | Time:  929.6s
2025-09-19 19:53:05,015 - INFO - Episode 33150 | Reward:    7.50 | Pos Error: 0.1001m | Time:  931.4s
2025-09-19 19:53:06,837 - INFO - Episode 33200 | Reward:    7.31 | Pos Error: 0.0937m | Time:  933.2s
2025-09-19 19:53:08,735 - INFO - Episode 33250 | Reward:    5.98 | Pos Error: 0.2009m | Time:  935.1s
2025-09-19 19:53:10,694 - INFO - Episode 33300 | Reward:    7.42 | Pos Error: 0.0928m | Time:  937.1s
2025-09-19 19:53:12,598 - INFO - Episode 33350 | Reward:    6.18 | Pos Error: 0.1403m | Time:  939.0s
2025-09-19 19:53:14,637 - INFO - Episode 33400 | Reward:    6.42 | Pos Error: 0.0533m | Time:  941.0s
2025-09-19 19:53:16,611 - INFO - Episode 33450 | Reward:    7.55 | Pos Error: 0.1178m | Time:  943.0s
2025-09-19 19:53:18,447 - INFO - Episode 33500 | Reward:    6.17 | Pos Error: 0.1737m | Time:  944.8s
2025-09-19 19:53:20,391 - INFO - Episode 33550 | Reward:    7.34 | Pos Error: 0.1570m | Time:  946.8s
2025-09-19 19:53:22,988 - INFO - Episode 33600 | Reward:    7.64 | Pos Error: 0.0527m | Time:  949.4s
2025-09-19 19:53:25,351 - INFO - Episode 33650 | Reward:    7.36 | Pos Error: 0.1185m | Time:  951.7s
2025-09-19 19:53:27,713 - INFO - Episode 33700 | Reward:    7.49 | Pos Error: 0.0958m | Time:  954.1s
2025-09-19 19:53:29,888 - INFO - Episode 33750 | Reward:    6.49 | Pos Error: 0.1273m | Time:  956.3s
2025-09-19 19:53:32,041 - INFO - Episode 33800 | Reward:    6.24 | Pos Error: 0.1395m | Time:  958.4s
2025-09-19 19:53:34,053 - INFO - Episode 33850 | Reward:    7.57 | Pos Error: 0.1136m | Time:  960.4s
2025-09-19 19:53:36,331 - INFO - Episode 33900 | Reward:    6.41 | Pos Error: 0.0816m | Time:  962.7s
2025-09-19 19:53:38,448 - INFO - Episode 33950 | Reward:    6.13 | Pos Error: 0.1121m | Time:  964.8s
2025-09-19 19:53:40,522 - INFO - Episode 34000 | Reward:    6.21 | Pos Error: 0.1551m | Time:  966.9s
2025-09-19 19:53:42,665 - INFO - Episode 34050 | Reward:    7.44 | Pos Error: 0.1359m | Time:  969.0s
2025-09-19 19:53:44,694 - INFO - Episode 34100 | Reward:    7.62 | Pos Error: 0.1519m | Time:  971.1s
2025-09-19 19:53:46,906 - INFO - Episode 34150 | Reward:    7.20 | Pos Error: 0.0715m | Time:  973.3s
2025-09-19 19:53:48,763 - INFO - Episode 34200 | Reward:    7.21 | Pos Error: 0.1333m | Time:  975.1s
2025-09-19 19:53:50,846 - INFO - Episode 34250 | Reward:    6.11 | Pos Error: 0.1716m | Time:  977.2s
2025-09-19 19:53:52,790 - INFO - Episode 34300 | Reward:    7.54 | Pos Error: 0.0615m | Time:  979.2s
2025-09-19 19:53:55,274 - INFO - Episode 34350 | Reward:    6.54 | Pos Error: 0.1142m | Time:  981.6s
2025-09-19 19:53:57,522 - INFO - Episode 34400 | Reward:    6.01 | Pos Error: 0.1805m | Time:  983.9s
2025-09-19 19:53:59,467 - INFO - Episode 34450 | Reward:    6.54 | Pos Error: 0.1195m | Time:  985.8s
2025-09-19 19:54:01,517 - INFO - Episode 34500 | Reward:    7.47 | Pos Error: 0.1139m | Time:  987.9s
2025-09-19 19:54:03,752 - INFO - Episode 34550 | Reward:    6.23 | Pos Error: 0.1159m | Time:  990.1s
2025-09-19 19:54:06,010 - INFO - Episode 34600 | Reward:    7.49 | Pos Error: 0.1189m | Time:  992.4s
2025-09-19 19:54:08,279 - INFO - Episode 34650 | Reward:    6.26 | Pos Error: 0.1539m | Time:  994.7s
2025-09-19 19:54:10,268 - INFO - Episode 34700 | Reward:    7.66 | Pos Error: 0.0786m | Time:  996.6s
2025-09-19 19:54:12,222 - INFO - Episode 34750 | Reward:    7.53 | Pos Error: 0.1230m | Time:  998.6s
2025-09-19 19:54:14,095 - INFO - Episode 34800 | Reward:    6.56 | Pos Error: 0.1277m | Time: 1000.5s
2025-09-19 19:54:16,557 - INFO - Episode 34850 | Reward:    6.40 | Pos Error: 0.0768m | Time: 1002.9s
2025-09-19 19:54:18,714 - INFO - Episode 34900 | Reward:    7.30 | Pos Error: 0.1317m | Time: 1005.1s
2025-09-19 19:54:21,018 - INFO - Episode 34950 | Reward:    6.45 | Pos Error: 0.1055m | Time: 1007.4s
2025-09-19 19:54:23,547 - INFO - Episode 35000 | Reward:    6.61 | Pos Error: 0.1530m | Time: 1009.9s
2025-09-19 19:54:25,436 - INFO - Episode 35050 | Reward:    7.55 | Pos Error: 0.1121m | Time: 1011.8s
2025-09-19 19:54:27,269 - INFO - Episode 35100 | Reward:    6.67 | Pos Error: 0.1231m | Time: 1013.6s
2025-09-19 19:54:29,199 - INFO - Episode 35150 | Reward:    7.32 | Pos Error: 0.1137m | Time: 1015.6s
2025-09-19 19:54:31,106 - INFO - Episode 35200 | Reward:    6.12 | Pos Error: 0.1674m | Time: 1017.5s
2025-09-19 19:54:32,804 - INFO - Episode 35250 | Reward:    7.15 | Pos Error: 0.1116m | Time: 1019.2s
2025-09-19 19:54:34,945 - INFO - Episode 35300 | Reward:    7.42 | Pos Error: 0.0648m | Time: 1021.3s
2025-09-19 19:54:36,769 - INFO - Episode 35350 | Reward:    6.19 | Pos Error: 0.1760m | Time: 1023.1s
2025-09-19 19:54:38,608 - INFO - Episode 35400 | Reward:    6.30 | Pos Error: 0.1032m | Time: 1025.0s
2025-09-19 19:54:40,761 - INFO - Episode 35450 | Reward:    7.58 | Pos Error: 0.0657m | Time: 1027.1s
2025-09-19 19:54:43,138 - INFO - Episode 35500 | Reward:    6.36 | Pos Error: 0.0746m | Time: 1029.5s
2025-09-19 19:54:45,437 - INFO - Episode 35550 | Reward:    6.51 | Pos Error: 0.0876m | Time: 1031.8s
2025-09-19 19:54:47,242 - INFO - Episode 35600 | Reward:    7.47 | Pos Error: 0.1360m | Time: 1033.6s
2025-09-19 19:54:49,061 - INFO - Episode 35650 | Reward:    6.48 | Pos Error: 0.0568m | Time: 1035.4s
2025-09-19 19:54:50,775 - INFO - Episode 35700 | Reward:    7.59 | Pos Error: 0.1030m | Time: 1037.1s
2025-09-19 19:54:52,562 - INFO - Episode 35750 | Reward:    6.25 | Pos Error: 0.0847m | Time: 1038.9s
2025-09-19 19:54:54,284 - INFO - Episode 35800 | Reward:    6.26 | Pos Error: 0.1156m | Time: 1040.7s
2025-09-19 19:54:55,908 - INFO - Episode 35850 | Reward:    7.55 | Pos Error: 0.0586m | Time: 1042.3s
2025-09-19 19:54:57,554 - INFO - Episode 35900 | Reward:    7.62 | Pos Error: 0.1247m | Time: 1043.9s
2025-09-19 19:54:59,060 - INFO - Episode 35950 | Reward:    7.66 | Pos Error: 0.1220m | Time: 1045.4s
2025-09-19 19:55:00,504 - INFO - Episode 36000 | Reward:    6.61 | Pos Error: 0.0586m | Time: 1046.9s
2025-09-19 19:55:01,955 - INFO - Episode 36050 | Reward:    6.47 | Pos Error: 0.1347m | Time: 1048.3s
2025-09-19 19:55:03,479 - INFO - Episode 36100 | Reward:    6.59 | Pos Error: 0.1138m | Time: 1049.9s
2025-09-19 19:55:04,988 - INFO - Episode 36150 | Reward:    5.53 | Pos Error: 0.0679m | Time: 1051.4s
2025-09-19 19:55:06,652 - INFO - Episode 36200 | Reward:    5.51 | Pos Error: 0.1132m | Time: 1053.0s
2025-09-19 19:55:08,558 - INFO - Episode 36250 | Reward:    6.40 | Pos Error: 0.0914m | Time: 1054.9s
2025-09-19 19:55:10,460 - INFO - Episode 36300 | Reward:    6.14 | Pos Error: 0.1768m | Time: 1056.8s
2025-09-19 19:55:12,382 - INFO - Episode 36350 | Reward:    6.06 | Pos Error: 0.1752m | Time: 1058.8s
2025-09-19 19:55:14,124 - INFO - Episode 36400 | Reward:    6.29 | Pos Error: 0.1575m | Time: 1060.5s
2025-09-19 19:55:15,742 - INFO - Episode 36450 | Reward:    6.23 | Pos Error: 0.1466m | Time: 1062.1s
2025-09-19 19:55:17,759 - INFO - Episode 36500 | Reward:    6.61 | Pos Error: 0.0876m | Time: 1064.1s
2025-09-19 19:55:19,847 - INFO - Episode 36550 | Reward:    6.40 | Pos Error: 0.1303m | Time: 1066.2s
2025-09-19 19:55:21,824 - INFO - Episode 36600 | Reward:    6.29 | Pos Error: 0.1317m | Time: 1068.2s
2025-09-19 19:55:23,567 - INFO - Episode 36650 | Reward:    6.28 | Pos Error: 0.1144m | Time: 1069.9s
2025-09-19 19:55:25,212 - INFO - Episode 36700 | Reward:    6.11 | Pos Error: 0.1177m | Time: 1071.6s
2025-09-19 19:55:26,900 - INFO - Episode 36750 | Reward:    7.30 | Pos Error: 0.1618m | Time: 1073.3s
2025-09-19 19:55:28,723 - INFO - Episode 36800 | Reward:    6.39 | Pos Error: 0.0758m | Time: 1075.1s
2025-09-19 19:55:30,540 - INFO - Episode 36850 | Reward:    7.52 | Pos Error: 0.1100m | Time: 1076.9s
2025-09-19 19:55:32,334 - INFO - Episode 36900 | Reward:    6.55 | Pos Error: 0.1413m | Time: 1078.7s
2025-09-19 19:55:33,996 - INFO - Episode 36950 | Reward:    7.47 | Pos Error: 0.1125m | Time: 1080.4s
2025-09-19 19:55:35,704 - INFO - Episode 37000 | Reward:    6.25 | Pos Error: 0.1010m | Time: 1082.1s
2025-09-19 19:55:37,396 - INFO - Episode 37050 | Reward:    6.76 | Pos Error: 0.0686m | Time: 1083.8s
2025-09-19 19:55:38,930 - INFO - Episode 37100 | Reward:    7.52 | Pos Error: 0.1109m | Time: 1085.3s
2025-09-19 19:55:40,795 - INFO - Episode 37150 | Reward:    7.35 | Pos Error: 0.1444m | Time: 1087.2s
2025-09-19 19:55:42,487 - INFO - Episode 37200 | Reward:    7.56 | Pos Error: 0.1112m | Time: 1088.9s
2025-09-19 19:55:44,246 - INFO - Episode 37250 | Reward:    6.53 | Pos Error: 0.0808m | Time: 1090.6s
2025-09-19 19:55:45,833 - INFO - Episode 37300 | Reward:    7.42 | Pos Error: 0.0881m | Time: 1092.2s
2025-09-19 19:55:47,605 - INFO - Episode 37350 | Reward:    6.69 | Pos Error: 0.0864m | Time: 1094.0s
2025-09-19 19:55:49,310 - INFO - Episode 37400 | Reward:    7.49 | Pos Error: 0.0931m | Time: 1095.7s
2025-09-19 19:55:51,020 - INFO - Episode 37450 | Reward:    6.45 | Pos Error: 0.1516m | Time: 1097.4s
2025-09-19 19:55:52,747 - INFO - Episode 37500 | Reward:    7.65 | Pos Error: 0.0805m | Time: 1099.1s
2025-09-19 19:55:54,401 - INFO - Episode 37550 | Reward:    6.40 | Pos Error: 0.0849m | Time: 1100.8s
2025-09-19 19:55:56,235 - INFO - Episode 37600 | Reward:    6.18 | Pos Error: 0.1116m | Time: 1102.6s
2025-09-19 19:55:57,802 - INFO - Episode 37650 | Reward:    6.42 | Pos Error: 0.1195m | Time: 1104.2s
2025-09-19 19:55:59,326 - INFO - Episode 37700 | Reward:    7.21 | Pos Error: 0.1053m | Time: 1105.7s
2025-09-19 19:56:00,942 - INFO - Episode 37750 | Reward:    6.42 | Pos Error: 0.0949m | Time: 1107.3s
2025-09-19 19:56:02,500 - INFO - Episode 37800 | Reward:    6.24 | Pos Error: 0.1180m | Time: 1108.9s
2025-09-19 19:56:04,116 - INFO - Episode 37850 | Reward:    6.39 | Pos Error: 0.1512m | Time: 1110.5s
2025-09-19 19:56:05,793 - INFO - Episode 37900 | Reward:    5.37 | Pos Error: 0.1358m | Time: 1112.2s
2025-09-19 19:56:07,565 - INFO - Episode 37950 | Reward:    6.69 | Pos Error: 0.1113m | Time: 1113.9s
2025-09-19 19:56:09,173 - INFO - Episode 38000 | Reward:    7.24 | Pos Error: 0.1086m | Time: 1115.5s
2025-09-19 19:56:10,858 - INFO - Episode 38050 | Reward:    6.49 | Pos Error: 0.1579m | Time: 1117.2s
2025-09-19 19:56:12,307 - INFO - Episode 38100 | Reward:    6.48 | Pos Error: 0.0949m | Time: 1118.7s
2025-09-19 19:56:13,861 - INFO - Episode 38150 | Reward:    6.37 | Pos Error: 0.1261m | Time: 1120.2s
2025-09-19 19:56:15,423 - INFO - Episode 38200 | Reward:    6.35 | Pos Error: 0.1735m | Time: 1121.8s
2025-09-19 19:56:17,048 - INFO - Episode 38250 | Reward:    5.53 | Pos Error: 0.0993m | Time: 1123.4s
2025-09-19 19:56:18,624 - INFO - Episode 38300 | Reward:    6.34 | Pos Error: 0.0455m | Time: 1125.0s
2025-09-19 19:56:20,129 - INFO - Episode 38350 | Reward:    7.36 | Pos Error: 0.1306m | Time: 1126.5s
2025-09-19 19:56:21,704 - INFO - Episode 38400 | Reward:    7.41 | Pos Error: 0.0770m | Time: 1128.1s
2025-09-19 19:56:23,442 - INFO - Episode 38450 | Reward:    7.56 | Pos Error: 0.1116m | Time: 1129.8s
2025-09-19 19:56:25,170 - INFO - Episode 38500 | Reward:    6.35 | Pos Error: 0.1545m | Time: 1131.5s
2025-09-19 19:56:26,811 - INFO - Episode 38550 | Reward:    7.61 | Pos Error: 0.1290m | Time: 1133.2s
2025-09-19 19:56:28,687 - INFO - Episode 38600 | Reward:    7.37 | Pos Error: 0.1359m | Time: 1135.1s
2025-09-19 19:56:30,503 - INFO - Episode 38650 | Reward:    6.49 | Pos Error: 0.1300m | Time: 1136.9s
2025-09-19 19:56:32,485 - INFO - Episode 38700 | Reward:    7.46 | Pos Error: 0.1491m | Time: 1138.9s
2025-09-19 19:56:34,303 - INFO - Episode 38750 | Reward:    7.62 | Pos Error: 0.0515m | Time: 1140.7s
2025-09-19 19:56:36,008 - INFO - Episode 38800 | Reward:    6.70 | Pos Error: 0.1121m | Time: 1142.4s
2025-09-19 19:56:37,666 - INFO - Episode 38850 | Reward:    7.30 | Pos Error: 0.1447m | Time: 1144.0s
2025-09-19 19:56:39,434 - INFO - Episode 38900 | Reward:    6.27 | Pos Error: 0.1727m | Time: 1145.8s
2025-09-19 19:56:41,088 - INFO - Episode 38950 | Reward:    6.26 | Pos Error: 0.1297m | Time: 1147.5s
2025-09-19 19:56:42,832 - INFO - Episode 39000 | Reward:    5.54 | Pos Error: 0.0848m | Time: 1149.2s
2025-09-19 19:56:44,482 - INFO - Episode 39050 | Reward:    5.55 | Pos Error: 0.0766m | Time: 1150.9s
2025-09-19 19:56:46,064 - INFO - Episode 39100 | Reward:    7.59 | Pos Error: 0.0431m | Time: 1152.4s
2025-09-19 19:56:47,697 - INFO - Episode 39150 | Reward:    6.62 | Pos Error: 0.1030m | Time: 1154.1s
2025-09-19 19:56:49,374 - INFO - Episode 39200 | Reward:    6.77 | Pos Error: 0.0604m | Time: 1155.7s
2025-09-19 19:56:51,001 - INFO - Episode 39250 | Reward:    5.57 | Pos Error: 0.1271m | Time: 1157.4s
2025-09-19 19:56:52,659 - INFO - Episode 39300 | Reward:    6.16 | Pos Error: 0.1364m | Time: 1159.0s
2025-09-19 19:56:54,224 - INFO - Episode 39350 | Reward:    6.48 | Pos Error: 0.1086m | Time: 1160.6s
