2025-09-19 19:02:57,184 - INFO - ================================================================================
2025-09-19 19:02:57,184 - INFO - SAC DRONE TRAINING SESSION STARTED
2025-09-19 19:02:57,184 - INFO - ================================================================================
2025-09-19 19:02:57,184 - INFO - HYPERPARAMETERS:
2025-09-19 19:02:57,184 - INFO - ----------------------------------------
2025-09-19 19:02:57,185 - INFO - action_noise_std         : 0.0
2025-09-19 19:02:57,185 - INFO - action_size              : 4
2025-09-19 19:02:57,185 - INFO - batch_size               : 256
2025-09-19 19:02:57,185 - INFO - buffer_size              : 300000
2025-09-19 19:02:57,185 - INFO - dt                       : 0.03333333333333333
2025-09-19 19:02:57,185 - INFO - ent_coef                 : auto
2025-09-19 19:02:57,185 - INFO - episode_length           : 10.0
2025-09-19 19:02:57,185 - INFO - gamma                    : 0.98
2025-09-19 19:02:57,185 - INFO - gradient_steps           : 1
2025-09-19 19:02:57,185 - INFO - gui                      : True
2025-09-19 19:02:57,185 - INFO - input_size               : 23
2025-09-19 19:02:57,185 - INFO - learning_rate            : 0.0003
2025-09-19 19:02:57,185 - INFO - learning_starts          : 10000
2025-09-19 19:02:57,185 - INFO - log_interval             : 50
2025-09-19 19:02:57,185 - INFO - log_path                 : ./sac_training_logs/
2025-09-19 19:02:57,185 - INFO - model_path               : ./sac_trained_models/
2025-09-19 19:02:57,185 - INFO - num_envs                 : 4
2025-09-19 19:02:57,185 - INFO - policy_architecture      : [256, 256]
2025-09-19 19:02:57,185 - INFO - q_network_architecture   : [256, 256]
2025-09-19 19:02:57,185 - INFO - record                   : False
2025-09-19 19:02:57,185 - INFO - reference_size           : 3
2025-09-19 19:02:57,185 - INFO - save_interval            : 100
2025-09-19 19:02:57,185 - INFO - seed                     : 42
2025-09-19 19:02:57,185 - INFO - state_size               : 20
2025-09-19 19:02:57,185 - INFO - target_pos               : [0.0, 0.0, 1.0]
2025-09-19 19:02:57,185 - INFO - target_update_interval   : 1
2025-09-19 19:02:57,185 - INFO - tau                      : 0.005
2025-09-19 19:02:57,185 - INFO - total_timesteps          : 600000
2025-09-19 19:02:57,185 - INFO - train_freq               : 1
2025-09-19 19:02:57,186 - INFO - use_sde                  : False
2025-09-19 19:02:57,186 - INFO - ----------------------------------------
2025-09-19 19:02:57,186 - INFO - Log file: /home/osos/Mohamed_Masters_Thesis/SAC_drone/sac_training_logs/sac_drone_training_20250919_190257.log
2025-09-19 19:02:57,186 - INFO - ================================================================================
2025-09-19 19:02:57,186 - INFO - 
==================================================
2025-09-19 19:02:57,186 - INFO - STARTING ROBUST SAC DRONE TRAINING FOR CF2X QUADROTOR
2025-09-19 19:02:57,186 - INFO - ==================================================
2025-09-19 19:03:03,065 - INFO - Training Configuration:
2025-09-19 19:03:03,065 - INFO -   - Total timesteps: 336000 (~1400 episodes)
2025-09-19 19:03:03,065 - INFO -   - Steps per episode: 240
2025-09-19 19:03:03,065 - INFO -   - Parallel environments: 4
2025-09-19 19:03:03,065 - INFO -   - Evaluation frequency: 5000 steps
2025-09-19 19:03:03,066 - INFO -   - Enhanced monitoring and checkpointing enabled
2025-09-19 19:03:03,177 - INFO - NEW BEST PERFORMANCE! Episode 0: 0.2135m
2025-09-19 19:03:03,191 - INFO - BEST SAC DRONE MODEL SAVED! Episode 0, Error: 0.2135m
2025-09-19 19:03:03,192 - INFO - Episode    0 | Reward:   13.90 | Pos Error: 0.2135m | Time:    0.1s
2025-09-19 19:03:03,247 - INFO - STABLE PERFORMANCE ACHIEVED starting at episode 0
2025-09-19 19:03:03,382 - INFO - NEW BEST PERFORMANCE! Episode 26: 0.1378m
2025-09-19 19:03:03,391 - INFO - BEST SAC DRONE MODEL SAVED! Episode 26, Error: 0.1378m
2025-09-19 19:03:03,525 - INFO - Episode   50 | Reward:   15.89 | Pos Error: 0.3515m | Time:    0.5s
2025-09-19 19:03:03,728 - INFO - Episode  100 | Reward:   19.26 | Pos Error: 0.5161m | Time:    0.7s
2025-09-19 19:03:03,964 - INFO - Episode  150 | Reward:   10.76 | Pos Error: 0.2604m | Time:    0.9s
2025-09-19 19:03:04,179 - INFO - Episode  200 | Reward:   70.84 | Pos Error: 5.3534m | Time:    1.1s
2025-09-19 19:03:04,345 - INFO - Episode  250 | Reward:   14.94 | Pos Error: 0.3875m | Time:    1.3s
2025-09-19 19:03:04,518 - INFO - Episode  300 | Reward:   43.32 | Pos Error: 4.9486m | Time:    1.5s
2025-09-19 19:03:04,694 - INFO - Episode  350 | Reward:  148.16 | Pos Error: 4.5201m | Time:    1.6s
2025-09-19 19:03:04,891 - INFO - Episode  400 | Reward:   37.45 | Pos Error: 5.0908m | Time:    1.8s
2025-09-19 19:03:05,301 - INFO - Episode  450 | Reward:   15.62 | Pos Error: 0.4636m | Time:    2.2s
2025-09-19 19:03:05,634 - INFO - Episode  500 | Reward:   13.49 | Pos Error: 0.3192m | Time:    2.6s
2025-09-19 19:03:05,934 - INFO - Episode  550 | Reward:   17.41 | Pos Error: 0.1974m | Time:    2.9s
2025-09-19 19:03:06,200 - INFO - Episode  600 | Reward:   35.42 | Pos Error: 4.8748m | Time:    3.1s
2025-09-19 19:03:06,504 - INFO - Episode  650 | Reward:   13.33 | Pos Error: 0.3210m | Time:    3.4s
2025-09-19 19:03:06,752 - INFO - Episode  700 | Reward:   12.49 | Pos Error: 0.2574m | Time:    3.7s
2025-09-19 19:03:06,913 - INFO - Episode  750 | Reward:   37.32 | Pos Error: 4.9729m | Time:    3.8s
2025-09-19 19:03:07,049 - INFO - Episode  800 | Reward:   37.32 | Pos Error: 4.9729m | Time:    4.0s
2025-09-19 19:03:07,206 - INFO - Episode  850 | Reward:   37.32 | Pos Error: 4.9729m | Time:    4.1s
2025-09-19 19:03:07,346 - INFO - Episode  900 | Reward:   37.32 | Pos Error: 4.9729m | Time:    4.3s
2025-09-19 19:03:07,567 - INFO - Episode  950 | Reward:   14.02 | Pos Error: 0.3276m | Time:    4.5s
2025-09-19 19:03:07,790 - INFO - Episode 1000 | Reward:   16.13 | Pos Error: 0.3474m | Time:    4.7s
2025-09-19 19:03:07,959 - INFO - Episode 1050 | Reward:   50.09 | Pos Error: 4.9088m | Time:    4.9s
2025-09-19 19:03:08,231 - INFO - Episode 1100 | Reward:   14.25 | Pos Error: 0.3005m | Time:    5.2s
2025-09-19 19:03:08,444 - INFO - Episode 1150 | Reward:   17.28 | Pos Error: 0.2932m | Time:    5.4s
2025-09-19 19:03:08,592 - INFO - Episode 1200 | Reward:   17.28 | Pos Error: 0.2932m | Time:    5.5s
2025-09-19 19:03:08,835 - INFO - Episode 1250 | Reward:   41.86 | Pos Error: 5.1993m | Time:    5.8s
2025-09-19 19:03:09,024 - INFO - Episode 1300 | Reward:   68.70 | Pos Error: 5.3181m | Time:    6.0s
2025-09-19 19:03:09,220 - INFO - Episode 1350 | Reward:   15.85 | Pos Error: 0.7087m | Time:    6.2s
2025-09-19 19:03:09,417 - INFO - Episode 1400 | Reward:   85.52 | Pos Error: 5.1337m | Time:    6.4s
2025-09-19 19:03:09,587 - INFO - Episode 1450 | Reward:   51.93 | Pos Error: 4.9472m | Time:    6.5s
2025-09-19 19:03:09,942 - INFO - Episode 1500 | Reward:   14.36 | Pos Error: 0.2837m | Time:    6.9s
2025-09-19 19:03:10,200 - INFO - Episode 1550 | Reward:   11.72 | Pos Error: 0.2719m | Time:    7.1s
2025-09-19 19:03:10,490 - INFO - Episode 1600 | Reward:   11.37 | Pos Error: 0.2952m | Time:    7.4s
2025-09-19 19:03:10,772 - INFO - Episode 1650 | Reward:   22.90 | Pos Error: 0.6185m | Time:    7.7s
2025-09-19 19:03:11,022 - INFO - Episode 1700 | Reward:   14.90 | Pos Error: 0.4131m | Time:    8.0s
2025-09-19 19:03:11,275 - INFO - Episode 1750 | Reward:   36.32 | Pos Error: 5.1532m | Time:    8.2s
2025-09-19 19:03:11,447 - INFO - Episode 1800 | Reward:   36.32 | Pos Error: 5.1532m | Time:    8.4s
2025-09-19 19:03:11,646 - INFO - Episode 1850 | Reward:   77.23 | Pos Error: 4.7666m | Time:    8.6s
2025-09-19 19:03:11,895 - INFO - Episode 1900 | Reward:   44.03 | Pos Error: 5.0019m | Time:    8.8s
2025-09-19 19:03:12,084 - INFO - Episode 1950 | Reward:   25.54 | Pos Error: 0.4848m | Time:    9.0s
2025-09-19 19:03:12,293 - INFO - Episode 2000 | Reward:   11.67 | Pos Error: 0.2389m | Time:    9.2s
2025-09-19 19:03:12,530 - INFO - Episode 2050 | Reward:   15.02 | Pos Error: 0.3693m | Time:    9.5s
2025-09-19 19:03:12,891 - INFO - Episode 2100 | Reward:   25.97 | Pos Error: 0.1590m | Time:    9.8s
2025-09-19 19:03:13,086 - INFO - Episode 2150 | Reward:   48.95 | Pos Error: 5.1761m | Time:   10.0s
2025-09-19 19:03:13,315 - INFO - Episode 2200 | Reward:   42.91 | Pos Error: 5.2087m | Time:   10.3s
2025-09-19 19:03:13,648 - INFO - Episode 2250 | Reward:   10.78 | Pos Error: 0.2291m | Time:   10.6s
2025-09-19 19:03:13,814 - INFO - Episode 2300 | Reward:   10.78 | Pos Error: 0.2291m | Time:   10.7s
2025-09-19 19:03:14,060 - INFO - Episode 2350 | Reward:   13.64 | Pos Error: 0.2798m | Time:   11.0s
2025-09-19 19:03:14,281 - INFO - Episode 2400 | Reward:   75.32 | Pos Error: 5.3532m | Time:   11.2s
2025-09-19 19:03:14,598 - INFO - Episode 2450 | Reward:  108.37 | Pos Error: 4.8040m | Time:   11.5s
2025-09-19 19:03:14,995 - INFO - Episode 2500 | Reward:   41.41 | Pos Error: 5.0532m | Time:   11.9s
2025-09-19 19:03:15,789 - INFO - Episode 2550 | Reward:   16.03 | Pos Error: 0.1928m | Time:   12.7s
2025-09-19 19:03:16,596 - INFO - Episode 2600 | Reward:   16.03 | Pos Error: 0.1928m | Time:   13.5s
2025-09-19 19:03:17,528 - INFO - Episode 2650 | Reward:   67.48 | Pos Error: 5.0080m | Time:   14.5s
2025-09-19 19:03:18,432 - INFO - Episode 2700 | Reward:  111.51 | Pos Error: 5.1290m | Time:   15.4s
2025-09-19 19:03:19,408 - INFO - Episode 2750 | Reward:   13.25 | Pos Error: 0.2907m | Time:   16.3s
2025-09-19 19:03:20,350 - INFO - Episode 2800 | Reward:   63.97 | Pos Error: 4.7777m | Time:   17.3s
2025-09-19 19:03:21,261 - INFO - Episode 2850 | Reward:   21.05 | Pos Error: 0.2289m | Time:   18.2s
2025-09-19 19:03:22,149 - INFO - Episode 2900 | Reward:   30.59 | Pos Error: 5.0819m | Time:   19.1s
2025-09-19 19:03:23,142 - INFO - Episode 2950 | Reward:   13.37 | Pos Error: 0.2839m | Time:   20.1s
2025-09-19 19:03:24,173 - INFO - Episode 3000 | Reward:   24.69 | Pos Error: 0.4791m | Time:   21.1s
2025-09-19 19:03:25,156 - INFO - Episode 3050 | Reward:   35.47 | Pos Error: 5.2059m | Time:   22.1s
2025-09-19 19:03:26,178 - INFO - Episode 3100 | Reward:   15.35 | Pos Error: 0.2423m | Time:   23.1s
2025-09-19 19:03:27,132 - INFO - Episode 3150 | Reward:   37.40 | Pos Error: 5.1645m | Time:   24.1s
2025-09-19 19:03:28,073 - INFO - Episode 3200 | Reward:   10.47 | Pos Error: 0.2497m | Time:   25.0s
2025-09-19 19:03:29,008 - INFO - Episode 3250 | Reward:   14.88 | Pos Error: 0.3889m | Time:   25.9s
2025-09-19 19:03:29,922 - INFO - Episode 3300 | Reward:   33.37 | Pos Error: 5.0077m | Time:   26.9s
2025-09-19 19:03:30,823 - INFO - Episode 3350 | Reward:  125.16 | Pos Error: 6.1085m | Time:   27.8s
2025-09-19 19:03:31,794 - INFO - Episode 3400 | Reward:   11.90 | Pos Error: 0.2606m | Time:   28.7s
2025-09-19 19:03:32,821 - INFO - Episode 3450 | Reward:   11.87 | Pos Error: 0.2502m | Time:   29.8s
2025-09-19 19:03:33,782 - INFO - Episode 3500 | Reward:  147.51 | Pos Error: 5.9938m | Time:   30.7s
2025-09-19 19:03:34,629 - INFO - Episode 3550 | Reward:  147.51 | Pos Error: 5.9938m | Time:   31.6s
2025-09-19 19:03:35,519 - INFO - Episode 3600 | Reward:   45.71 | Pos Error: 5.0256m | Time:   32.5s
2025-09-19 19:03:36,479 - INFO - Episode 3650 | Reward:   11.62 | Pos Error: 0.2578m | Time:   33.4s
2025-09-19 19:03:37,504 - INFO - Episode 3700 | Reward:   11.57 | Pos Error: 0.3019m | Time:   34.4s
2025-09-19 19:03:38,566 - INFO - Episode 3750 | Reward:   17.58 | Pos Error: 0.2785m | Time:   35.5s
2025-09-19 19:03:39,613 - INFO - Episode 3800 | Reward:   12.58 | Pos Error: 0.2977m | Time:   36.5s
2025-09-19 19:03:40,678 - INFO - Episode 3850 | Reward:   15.97 | Pos Error: 0.3469m | Time:   37.6s
2025-09-19 19:03:41,735 - INFO - Episode 3900 | Reward:   13.00 | Pos Error: 0.3195m | Time:   38.7s
2025-09-19 19:03:42,720 - INFO - Episode 3950 | Reward:   14.60 | Pos Error: 0.2389m | Time:   39.7s
2025-09-19 19:03:43,737 - INFO - Episode 4000 | Reward:   17.70 | Pos Error: 0.4524m | Time:   40.7s
2025-09-19 19:03:44,880 - INFO - Episode 4050 | Reward:   16.09 | Pos Error: 0.3037m | Time:   41.8s
2025-09-19 19:03:46,109 - INFO - Episode 4100 | Reward:   16.16 | Pos Error: 0.3645m | Time:   43.0s
2025-09-19 19:03:47,120 - INFO - Episode 4150 | Reward:   16.95 | Pos Error: 0.4300m | Time:   44.1s
2025-09-19 19:03:48,304 - INFO - Episode 4200 | Reward:    9.08 | Pos Error: 0.1919m | Time:   45.2s
2025-09-19 19:03:49,249 - INFO - Episode 4250 | Reward:   34.62 | Pos Error: 5.2039m | Time:   46.2s
2025-09-19 19:03:50,181 - INFO - Episode 4300 | Reward:   44.97 | Pos Error: 4.8738m | Time:   47.1s
2025-09-19 19:03:51,341 - INFO - Episode 4350 | Reward:   16.09 | Pos Error: 0.3272m | Time:   48.3s
2025-09-19 19:03:52,485 - INFO - Episode 4400 | Reward:   13.82 | Pos Error: 0.2497m | Time:   49.4s
2025-09-19 19:03:53,604 - INFO - Episode 4450 | Reward:   11.42 | Pos Error: 0.2797m | Time:   50.5s
2025-09-19 19:03:54,794 - INFO - Episode 4500 | Reward:   12.77 | Pos Error: 0.2301m | Time:   51.7s
2025-09-19 19:03:55,952 - INFO - Episode 4550 | Reward:   10.85 | Pos Error: 0.2143m | Time:   52.9s
2025-09-19 19:03:56,233 - INFO - NEW BEST PERFORMANCE! Episode 4562: 0.1363m
2025-09-19 19:03:56,256 - INFO - BEST SAC DRONE MODEL SAVED! Episode 4562, Error: 0.1363m
2025-09-19 19:03:57,081 - INFO - Episode 4600 | Reward:    9.87 | Pos Error: 0.2030m | Time:   54.0s
2025-09-19 19:03:58,207 - INFO - Episode 4650 | Reward:   10.23 | Pos Error: 0.1556m | Time:   55.1s
2025-09-19 19:03:59,382 - INFO - Episode 4700 | Reward:   11.15 | Pos Error: 0.1781m | Time:   56.3s
2025-09-19 19:04:00,494 - INFO - Episode 4750 | Reward:   10.19 | Pos Error: 0.1837m | Time:   57.4s
2025-09-19 19:04:01,755 - INFO - Episode 4800 | Reward:   11.12 | Pos Error: 0.1784m | Time:   58.7s
2025-09-19 19:04:01,870 - INFO - NEW BEST PERFORMANCE! Episode 4805: 0.1348m
2025-09-19 19:04:01,887 - INFO - BEST SAC DRONE MODEL SAVED! Episode 4805, Error: 0.1348m
2025-09-19 19:04:03,001 - INFO - Episode 4850 | Reward:   10.09 | Pos Error: 0.1810m | Time:   59.9s
2025-09-19 19:04:03,576 - INFO - NEW BEST PERFORMANCE! Episode 4870: 0.1248m
2025-09-19 19:04:03,593 - INFO - BEST SAC DRONE MODEL SAVED! Episode 4870, Error: 0.1248m
2025-09-19 19:04:04,426 - INFO - Episode 4900 | Reward:    8.55 | Pos Error: 0.1497m | Time:   61.4s
2025-09-19 19:04:05,704 - INFO - Episode 4950 | Reward:    8.54 | Pos Error: 0.1523m | Time:   62.6s
2025-09-19 19:04:07,035 - INFO - NEW BEST PERFORMANCE! Episode 4985: 0.1160m
2025-09-19 19:04:07,056 - INFO - BEST SAC DRONE MODEL SAVED! Episode 4985, Error: 0.1160m
2025-09-19 19:04:07,466 - INFO - Episode 5000 | Reward:    7.47 | Pos Error: 0.1352m | Time:   64.4s
2025-09-19 19:04:08,758 - INFO - Episode 5050 | Reward:   10.52 | Pos Error: 0.1516m | Time:   65.7s
2025-09-19 19:04:10,092 - INFO - Episode 5100 | Reward:    7.62 | Pos Error: 0.1316m | Time:   67.0s
2025-09-19 19:04:11,481 - INFO - Episode 5150 | Reward:   11.30 | Pos Error: 0.1890m | Time:   68.4s
2025-09-19 19:04:11,771 - INFO - NEW BEST PERFORMANCE! Episode 5162: 0.1119m
2025-09-19 19:04:11,789 - INFO - BEST SAC DRONE MODEL SAVED! Episode 5162, Error: 0.1119m
2025-09-19 19:04:12,733 - INFO - Episode 5200 | Reward:    9.58 | Pos Error: 0.1436m | Time:   69.7s
2025-09-19 19:04:14,087 - INFO - Episode 5250 | Reward:   11.33 | Pos Error: 0.1329m | Time:   71.0s
2025-09-19 19:04:14,258 - INFO - NEW BEST PERFORMANCE! Episode 5255: 0.1009m
2025-09-19 19:04:14,282 - INFO - BEST SAC DRONE MODEL SAVED! Episode 5255, Error: 0.1009m
2025-09-19 19:04:15,591 - INFO - Episode 5300 | Reward:    8.64 | Pos Error: 0.1446m | Time:   72.5s
2025-09-19 19:04:17,062 - INFO - Episode 5350 | Reward:    7.72 | Pos Error: 0.1142m | Time:   74.0s
2025-09-19 19:04:18,466 - INFO - Episode 5400 | Reward:    7.62 | Pos Error: 0.1436m | Time:   75.4s
2025-09-19 19:04:19,935 - INFO - Episode 5450 | Reward:    7.49 | Pos Error: 0.1522m | Time:   76.9s
2025-09-19 19:04:21,488 - INFO - Episode 5500 | Reward:    6.72 | Pos Error: 0.1328m | Time:   78.4s
2025-09-19 19:04:22,973 - INFO - Episode 5550 | Reward:    7.60 | Pos Error: 0.1291m | Time:   79.9s
2025-09-19 19:04:24,513 - INFO - Episode 5600 | Reward:    6.88 | Pos Error: 0.1051m | Time:   81.4s
2025-09-19 19:04:26,028 - INFO - Episode 5650 | Reward:    8.32 | Pos Error: 0.1811m | Time:   83.0s
2025-09-19 19:04:27,447 - INFO - Episode 5700 | Reward:    6.69 | Pos Error: 0.1220m | Time:   84.4s
2025-09-19 19:04:28,985 - INFO - Episode 5750 | Reward:    6.65 | Pos Error: 0.1245m | Time:   85.9s
2025-09-19 19:04:30,489 - INFO - NEW BEST PERFORMANCE! Episode 5799: 0.0955m
2025-09-19 19:04:30,506 - INFO - BEST SAC DRONE MODEL SAVED! Episode 5799, Error: 0.0955m
2025-09-19 19:04:30,523 - INFO - Episode 5800 | Reward:    5.95 | Pos Error: 0.0955m | Time:   87.5s
2025-09-19 19:04:32,190 - INFO - Episode 5850 | Reward:    6.76 | Pos Error: 0.1126m | Time:   89.1s
2025-09-19 19:04:33,908 - INFO - Episode 5900 | Reward:    5.91 | Pos Error: 0.1081m | Time:   90.8s
2025-09-19 19:04:35,556 - INFO - Episode 5950 | Reward:    5.95 | Pos Error: 0.1075m | Time:   92.5s
2025-09-19 19:04:37,119 - INFO - Episode 6000 | Reward:    5.89 | Pos Error: 0.1059m | Time:   94.1s
2025-09-19 19:04:38,896 - INFO - Episode 6050 | Reward:    5.82 | Pos Error: 0.1134m | Time:   95.8s
2025-09-19 19:04:40,671 - INFO - Episode 6100 | Reward:    5.81 | Pos Error: 0.1145m | Time:   97.6s
2025-09-19 19:04:42,307 - INFO - Episode 6150 | Reward:    5.85 | Pos Error: 0.1099m | Time:   99.2s
2025-09-19 19:04:43,829 - INFO - Episode 6200 | Reward:    5.81 | Pos Error: 0.1135m | Time:  100.8s
2025-09-19 19:04:45,352 - INFO - Episode 6250 | Reward:    5.83 | Pos Error: 0.1127m | Time:  102.3s
2025-09-19 19:04:46,938 - INFO - Episode 6300 | Reward:    5.82 | Pos Error: 0.1141m | Time:  103.9s
2025-09-19 19:04:48,447 - INFO - Episode 6350 | Reward:    5.83 | Pos Error: 0.1118m | Time:  105.4s
2025-09-19 19:04:49,978 - INFO - Episode 6400 | Reward:    5.80 | Pos Error: 0.1155m | Time:  106.9s
2025-09-19 19:04:51,596 - INFO - Episode 6450 | Reward:    5.81 | Pos Error: 0.1137m | Time:  108.5s
2025-09-19 19:04:53,222 - INFO - Episode 6500 | Reward:    5.81 | Pos Error: 0.1139m | Time:  110.2s
2025-09-19 19:04:54,711 - INFO - Episode 6550 | Reward:    5.82 | Pos Error: 0.1128m | Time:  111.6s
2025-09-19 19:04:56,385 - INFO - Episode 6600 | Reward:    5.81 | Pos Error: 0.1143m | Time:  113.3s
2025-09-19 19:04:58,183 - INFO - Episode 6650 | Reward:    5.83 | Pos Error: 0.1117m | Time:  115.1s
2025-09-19 19:04:59,811 - INFO - Episode 6700 | Reward:    5.88 | Pos Error: 0.1145m | Time:  116.7s
2025-09-19 19:05:01,408 - INFO - Episode 6750 | Reward:    5.78 | Pos Error: 0.1255m | Time:  118.3s
2025-09-19 19:05:02,955 - INFO - Episode 6800 | Reward:    5.80 | Pos Error: 0.1237m | Time:  119.9s
2025-09-19 19:05:04,604 - INFO - Episode 6850 | Reward:    5.80 | Pos Error: 0.1236m | Time:  121.5s
2025-09-19 19:05:06,156 - INFO - Episode 6900 | Reward:    5.80 | Pos Error: 0.1234m | Time:  123.1s
2025-09-19 19:05:07,713 - INFO - Episode 6950 | Reward:    5.78 | Pos Error: 0.1250m | Time:  124.6s
2025-09-19 19:05:09,235 - INFO - Episode 7000 | Reward:    5.78 | Pos Error: 0.1251m | Time:  126.2s
2025-09-19 19:05:10,826 - INFO - Episode 7050 | Reward:    5.77 | Pos Error: 0.1258m | Time:  127.8s
2025-09-19 19:05:12,483 - INFO - Episode 7100 | Reward:    5.77 | Pos Error: 0.1257m | Time:  129.4s
2025-09-19 19:05:14,081 - INFO - Episode 7150 | Reward:    5.78 | Pos Error: 0.1256m | Time:  131.0s
2025-09-19 19:05:15,680 - INFO - Episode 7200 | Reward:    5.77 | Pos Error: 0.1259m | Time:  132.6s
2025-09-19 19:05:17,257 - INFO - Episode 7250 | Reward:    5.77 | Pos Error: 0.1261m | Time:  134.2s
2025-09-19 19:05:18,839 - INFO - Episode 7300 | Reward:    5.77 | Pos Error: 0.1258m | Time:  135.8s
2025-09-19 19:05:20,459 - INFO - Episode 7350 | Reward:    5.77 | Pos Error: 0.1257m | Time:  137.4s
2025-09-19 19:05:22,094 - INFO - Episode 7400 | Reward:    5.78 | Pos Error: 0.1251m | Time:  139.0s
2025-09-19 19:05:23,701 - INFO - Episode 7450 | Reward:    5.77 | Pos Error: 0.1260m | Time:  140.6s
2025-09-19 19:05:25,229 - INFO - Episode 7500 | Reward:    5.78 | Pos Error: 0.1249m | Time:  142.2s
2025-09-19 19:05:26,914 - INFO - Episode 7550 | Reward:    5.79 | Pos Error: 0.1239m | Time:  143.8s
2025-09-19 19:05:28,709 - INFO - Episode 7600 | Reward:    5.77 | Pos Error: 0.1262m | Time:  145.6s
2025-09-19 19:05:30,449 - INFO - Episode 7650 | Reward:    5.77 | Pos Error: 0.1265m | Time:  147.4s
2025-09-19 19:05:32,197 - INFO - Episode 7700 | Reward:    5.80 | Pos Error: 0.1230m | Time:  149.1s
2025-09-19 19:05:33,803 - INFO - Episode 7750 | Reward:    5.79 | Pos Error: 0.1243m | Time:  150.7s
2025-09-19 19:05:35,546 - INFO - Episode 7800 | Reward:    5.79 | Pos Error: 0.1164m | Time:  152.5s
2025-09-19 19:05:37,246 - INFO - Episode 7850 | Reward:    5.78 | Pos Error: 0.1160m | Time:  154.2s
2025-09-19 19:05:38,857 - INFO - Episode 7900 | Reward:    5.77 | Pos Error: 0.1169m | Time:  155.8s
2025-09-19 19:05:40,511 - INFO - Episode 7950 | Reward:    5.08 | Pos Error: 0.0992m | Time:  157.4s
2025-09-19 19:05:42,121 - INFO - Episode 8000 | Reward:    5.76 | Pos Error: 0.1173m | Time:  159.1s
2025-09-19 19:05:43,949 - INFO - Episode 8050 | Reward:    5.77 | Pos Error: 0.1173m | Time:  160.9s
2025-09-19 19:05:45,701 - INFO - Episode 8100 | Reward:    5.77 | Pos Error: 0.1174m | Time:  162.6s
2025-09-19 19:05:47,282 - INFO - Episode 8150 | Reward:    5.07 | Pos Error: 0.0992m | Time:  164.2s
2025-09-19 19:05:49,023 - INFO - Episode 8200 | Reward:    5.07 | Pos Error: 0.0993m | Time:  166.0s
2025-09-19 19:05:50,791 - INFO - Episode 8250 | Reward:    5.07 | Pos Error: 0.0992m | Time:  167.7s
2025-09-19 19:05:52,406 - INFO - Episode 8300 | Reward:    5.77 | Pos Error: 0.1175m | Time:  169.3s
2025-09-19 19:05:54,228 - INFO - Episode 8350 | Reward:    5.77 | Pos Error: 0.1171m | Time:  171.2s
2025-09-19 19:05:55,930 - INFO - Episode 8400 | Reward:    5.77 | Pos Error: 0.1171m | Time:  172.9s
2025-09-19 19:05:57,694 - INFO - Episode 8450 | Reward:    5.07 | Pos Error: 0.0993m | Time:  174.6s
2025-09-19 19:05:59,394 - INFO - Episode 8500 | Reward:    5.08 | Pos Error: 0.0992m | Time:  176.3s
2025-09-19 19:06:00,987 - INFO - Episode 8550 | Reward:    5.77 | Pos Error: 0.1172m | Time:  177.9s
2025-09-19 19:06:02,672 - INFO - Episode 8600 | Reward:    5.77 | Pos Error: 0.1173m | Time:  179.6s
2025-09-19 19:06:04,389 - INFO - Episode 8650 | Reward:    5.07 | Pos Error: 0.0994m | Time:  181.3s
2025-09-19 19:06:06,147 - INFO - Episode 8700 | Reward:    5.07 | Pos Error: 0.0994m | Time:  183.1s
2025-09-19 19:06:07,969 - INFO - Episode 8750 | Reward:    5.07 | Pos Error: 0.0993m | Time:  184.9s
2025-09-19 19:06:09,554 - INFO - Episode 8800 | Reward:    5.07 | Pos Error: 0.0994m | Time:  186.5s
2025-09-19 19:06:11,364 - INFO - Episode 8850 | Reward:    5.07 | Pos Error: 0.0993m | Time:  188.3s
2025-09-19 19:06:13,026 - INFO - Episode 8900 | Reward:    5.07 | Pos Error: 0.0994m | Time:  190.0s
2025-09-19 19:06:14,625 - INFO - Episode 8950 | Reward:    5.07 | Pos Error: 0.0993m | Time:  191.6s
2025-09-19 19:06:16,468 - INFO - Episode 9000 | Reward:    5.07 | Pos Error: 0.0994m | Time:  193.4s
2025-09-19 19:06:18,215 - INFO - Episode 9050 | Reward:    5.07 | Pos Error: 0.0994m | Time:  195.2s
2025-09-19 19:06:20,008 - INFO - Episode 9100 | Reward:    5.07 | Pos Error: 0.0994m | Time:  196.9s
2025-09-19 19:06:22,232 - INFO - Episode 9150 | Reward:    5.07 | Pos Error: 0.0992m | Time:  199.2s
2025-09-19 19:06:24,062 - INFO - Episode 9200 | Reward:    5.08 | Pos Error: 0.0992m | Time:  201.0s
2025-09-19 19:06:25,972 - INFO - Episode 9250 | Reward:    5.08 | Pos Error: 0.0991m | Time:  202.9s
2025-09-19 19:06:27,897 - INFO - Episode 9300 | Reward:    5.08 | Pos Error: 0.0991m | Time:  204.8s
2025-09-19 19:06:29,693 - INFO - Episode 9350 | Reward:    5.07 | Pos Error: 0.0994m | Time:  206.6s
2025-09-19 19:06:31,405 - INFO - Episode 9400 | Reward:    5.07 | Pos Error: 0.0994m | Time:  208.3s
2025-09-19 19:06:33,117 - INFO - Episode 9450 | Reward:    5.07 | Pos Error: 0.0994m | Time:  210.1s
2025-09-19 19:06:34,699 - INFO - Episode 9500 | Reward:    5.07 | Pos Error: 0.0994m | Time:  211.6s
2025-09-19 19:06:36,400 - INFO - Episode 9550 | Reward:    5.07 | Pos Error: 0.0994m | Time:  213.3s
2025-09-19 19:06:38,048 - INFO - Episode 9600 | Reward:    5.07 | Pos Error: 0.0994m | Time:  215.0s
2025-09-19 19:06:39,618 - INFO - Episode 9650 | Reward:    5.07 | Pos Error: 0.0995m | Time:  216.6s
2025-09-19 19:06:41,228 - INFO - Episode 9700 | Reward:    5.07 | Pos Error: 0.0993m | Time:  218.2s
2025-09-19 19:06:42,769 - INFO - Episode 9750 | Reward:    5.07 | Pos Error: 0.0994m | Time:  219.7s
2025-09-19 19:06:44,246 - INFO - Episode 9800 | Reward:    5.07 | Pos Error: 0.0994m | Time:  221.2s
2025-09-19 19:06:45,725 - INFO - Episode 9850 | Reward:    5.07 | Pos Error: 0.0992m | Time:  222.7s
2025-09-19 19:06:47,217 - INFO - Episode 9900 | Reward:    5.07 | Pos Error: 0.0993m | Time:  224.2s
2025-09-19 19:06:48,894 - INFO - Episode 9950 | Reward:    5.07 | Pos Error: 0.0994m | Time:  225.8s
2025-09-19 19:06:50,748 - INFO - Episode 10000 | Reward:    5.07 | Pos Error: 0.0993m | Time:  227.7s
2025-09-19 19:06:52,306 - INFO - Episode 10050 | Reward:    5.08 | Pos Error: 0.0993m | Time:  229.2s
2025-09-19 19:06:54,108 - INFO - Episode 10100 | Reward:    5.07 | Pos Error: 0.0993m | Time:  231.0s
2025-09-19 19:06:55,856 - INFO - Episode 10150 | Reward:    5.07 | Pos Error: 0.0994m | Time:  232.8s
2025-09-19 19:06:57,821 - INFO - Episode 10200 | Reward:    5.07 | Pos Error: 0.0992m | Time:  234.8s
2025-09-19 19:06:59,537 - INFO - Episode 10250 | Reward:    5.07 | Pos Error: 0.0995m | Time:  236.5s
2025-09-19 19:07:01,324 - INFO - Episode 10300 | Reward:    5.07 | Pos Error: 0.0994m | Time:  238.3s
2025-09-19 19:07:03,165 - INFO - Episode 10350 | Reward:    5.07 | Pos Error: 0.0994m | Time:  240.1s
2025-09-19 19:07:04,839 - INFO - Episode 10400 | Reward:    5.07 | Pos Error: 0.0994m | Time:  241.8s
2025-09-19 19:07:06,547 - INFO - Episode 10450 | Reward:    5.07 | Pos Error: 0.0994m | Time:  243.5s
2025-09-19 19:07:08,272 - INFO - Episode 10500 | Reward:    5.07 | Pos Error: 0.0994m | Time:  245.2s
2025-09-19 19:07:10,001 - INFO - Episode 10550 | Reward:    5.07 | Pos Error: 0.0994m | Time:  246.9s
2025-09-19 19:07:11,802 - INFO - Episode 10600 | Reward:    5.07 | Pos Error: 0.0993m | Time:  248.7s
2025-09-19 19:07:13,547 - INFO - Episode 10650 | Reward:    5.08 | Pos Error: 0.0992m | Time:  250.5s
2025-09-19 19:07:15,262 - INFO - Episode 10700 | Reward:    5.07 | Pos Error: 0.0994m | Time:  252.2s
2025-09-19 19:07:17,142 - INFO - Episode 10750 | Reward:    5.07 | Pos Error: 0.0994m | Time:  254.1s
2025-09-19 19:07:18,965 - INFO - Episode 10800 | Reward:    5.07 | Pos Error: 0.0994m | Time:  255.9s
2025-09-19 19:07:20,613 - INFO - Episode 10850 | Reward:    5.07 | Pos Error: 0.0995m | Time:  257.5s
2025-09-19 19:07:22,371 - INFO - Episode 10900 | Reward:    5.07 | Pos Error: 0.0995m | Time:  259.3s
2025-09-19 19:07:24,117 - INFO - Episode 10950 | Reward:    5.07 | Pos Error: 0.0994m | Time:  261.1s
2025-09-19 19:07:25,843 - INFO - Episode 11000 | Reward:    5.07 | Pos Error: 0.0994m | Time:  262.8s
2025-09-19 19:07:27,617 - INFO - Episode 11050 | Reward:    5.07 | Pos Error: 0.0994m | Time:  264.6s
2025-09-19 19:07:29,306 - INFO - Episode 11100 | Reward:    5.07 | Pos Error: 0.0994m | Time:  266.2s
2025-09-19 19:07:31,026 - INFO - Episode 11150 | Reward:    5.07 | Pos Error: 0.0994m | Time:  268.0s
