2025-09-19 19:16:34,336 - INFO - ================================================================================
2025-09-19 19:16:34,336 - INFO - SAC DRONE TRAINING SESSION STARTED
2025-09-19 19:16:34,336 - INFO - ================================================================================
2025-09-19 19:16:34,336 - INFO - HYPERPARAMETERS:
2025-09-19 19:16:34,336 - INFO - ----------------------------------------
2025-09-19 19:16:34,336 - INFO - action_noise_std         : 0.0
2025-09-19 19:16:34,337 - INFO - action_size              : 4
2025-09-19 19:16:34,337 - INFO - batch_size               : 256
2025-09-19 19:16:34,337 - INFO - buffer_size              : 300000
2025-09-19 19:16:34,337 - INFO - dt                       : 0.03333333333333333
2025-09-19 19:16:34,337 - INFO - ent_coef                 : 0.2
2025-09-19 19:16:34,337 - INFO - episode_length           : 10.0
2025-09-19 19:16:34,337 - INFO - gamma                    : 0.98
2025-09-19 19:16:34,337 - INFO - gradient_steps           : 1
2025-09-19 19:16:34,337 - INFO - gui                      : True
2025-09-19 19:16:34,337 - INFO - input_size               : 23
2025-09-19 19:16:34,337 - INFO - learning_rate            : 0.0003
2025-09-19 19:16:34,337 - INFO - learning_starts          : 10000
2025-09-19 19:16:34,337 - INFO - log_interval             : 50
2025-09-19 19:16:34,337 - INFO - log_path                 : ./sac_training_logs/
2025-09-19 19:16:34,337 - INFO - model_path               : ./sac_trained_models/
2025-09-19 19:16:34,337 - INFO - num_envs                 : 4
2025-09-19 19:16:34,337 - INFO - policy_architecture      : [256, 256]
2025-09-19 19:16:34,337 - INFO - q_network_architecture   : [256, 256]
2025-09-19 19:16:34,337 - INFO - randomize_reset          : True
2025-09-19 19:16:34,337 - INFO - record                   : False
2025-09-19 19:16:34,337 - INFO - reference_size           : 3
2025-09-19 19:16:34,337 - INFO - save_interval            : 100
2025-09-19 19:16:34,337 - INFO - seed                     : 42
2025-09-19 19:16:34,337 - INFO - state_size               : 20
2025-09-19 19:16:34,337 - INFO - target_pos               : [0.0, 0.0, 1.0]
2025-09-19 19:16:34,337 - INFO - target_update_interval   : 1
2025-09-19 19:16:34,337 - INFO - tau                      : 0.005
2025-09-19 19:16:34,338 - INFO - total_timesteps          : 600000
2025-09-19 19:16:34,338 - INFO - train_freq               : 1
2025-09-19 19:16:34,338 - INFO - trajectory_type          : spiral
2025-09-19 19:16:34,338 - INFO - use_sde                  : False
2025-09-19 19:16:34,338 - INFO - use_trajectory           : True
2025-09-19 19:16:34,338 - INFO - ----------------------------------------
2025-09-19 19:16:34,338 - INFO - Log file: /home/osos/Mohamed_Masters_Thesis/SAC_drone/sac_training_logs/sac_drone_training_20250919_191634.log
2025-09-19 19:16:34,338 - INFO - ================================================================================
2025-09-19 19:16:34,338 - INFO - 
==================================================
2025-09-19 19:16:34,338 - INFO - STARTING ROBUST SAC DRONE TRAINING FOR CF2X QUADROTOR
2025-09-19 19:16:34,338 - INFO - ==================================================
2025-09-19 19:16:40,572 - INFO - Training Configuration:
2025-09-19 19:16:40,572 - INFO -   - Total timesteps: 336000 (~1400 episodes)
2025-09-19 19:16:40,572 - INFO -   - Steps per episode: 240
2025-09-19 19:16:40,572 - INFO -   - Parallel environments: 4
2025-09-19 19:16:40,572 - INFO -   - Evaluation frequency: 5000 steps
2025-09-19 19:16:40,572 - INFO -   - Enhanced monitoring and checkpointing enabled
2025-09-19 19:16:40,704 - INFO - NEW BEST PERFORMANCE! Episode 0: 0.1781m
2025-09-19 19:16:40,714 - INFO - BEST SAC DRONE MODEL SAVED! Episode 0, Error: 0.1781m
2025-09-19 19:16:40,714 - INFO - Episode    0 | Reward:   13.13 | Pos Error: 0.1781m | Time:    0.1s
2025-09-19 19:16:40,795 - INFO - STABLE PERFORMANCE ACHIEVED starting at episode 0
2025-09-19 19:16:40,979 - INFO - NEW BEST PERFORMANCE! Episode 26: 0.1480m
2025-09-19 19:16:40,988 - INFO - BEST SAC DRONE MODEL SAVED! Episode 26, Error: 0.1480m
2025-09-19 19:16:41,171 - INFO - Episode   50 | Reward:   13.30 | Pos Error: 1.4852m | Time:    0.6s
2025-09-19 19:16:41,476 - INFO - Episode  100 | Reward:   19.60 | Pos Error: 0.7420m | Time:    0.9s
2025-09-19 19:16:41,699 - INFO - Episode  150 | Reward:   20.20 | Pos Error: 2.0920m | Time:    1.1s
2025-09-19 19:16:41,881 - INFO - Episode  200 | Reward:   20.34 | Pos Error: 2.9616m | Time:    1.3s
2025-09-19 19:16:42,108 - INFO - Episode  250 | Reward:   12.95 | Pos Error: 0.9089m | Time:    1.5s
2025-09-19 19:16:42,380 - INFO - Episode  300 | Reward:   19.35 | Pos Error: 1.2952m | Time:    1.8s
2025-09-19 19:16:42,641 - INFO - Episode  350 | Reward:   16.80 | Pos Error: 0.6302m | Time:    2.1s
2025-09-19 19:16:42,891 - INFO - Episode  400 | Reward:   19.57 | Pos Error: 0.8645m | Time:    2.3s
2025-09-19 19:16:43,217 - INFO - Episode  450 | Reward:   12.02 | Pos Error: 0.3801m | Time:    2.6s
2025-09-19 19:16:43,534 - INFO - NEW BEST PERFORMANCE! Episode 497: 0.1038m
2025-09-19 19:16:43,543 - INFO - BEST SAC DRONE MODEL SAVED! Episode 497, Error: 0.1038m
2025-09-19 19:16:43,607 - INFO - Episode  500 | Reward:   13.17 | Pos Error: 0.3718m | Time:    3.0s
2025-09-19 19:16:43,968 - INFO - Episode  550 | Reward:   17.17 | Pos Error: 0.4349m | Time:    3.4s
2025-09-19 19:16:44,260 - INFO - Episode  600 | Reward:   18.91 | Pos Error: 0.5086m | Time:    3.7s
2025-09-19 19:16:44,610 - INFO - Episode  650 | Reward:   18.76 | Pos Error: 0.2756m | Time:    4.0s
2025-09-19 19:16:44,929 - INFO - Episode  700 | Reward:   27.72 | Pos Error: 0.8791m | Time:    4.4s
2025-09-19 19:16:45,199 - INFO - Episode  750 | Reward:   10.60 | Pos Error: 0.2580m | Time:    4.6s
2025-09-19 19:16:45,548 - INFO - Episode  800 | Reward:   11.37 | Pos Error: 0.3508m | Time:    5.0s
2025-09-19 19:16:45,903 - INFO - Episode  850 | Reward:   13.95 | Pos Error: 0.4462m | Time:    5.3s
2025-09-19 19:16:46,190 - INFO - Episode  900 | Reward:   17.38 | Pos Error: 1.0748m | Time:    5.6s
2025-09-19 19:16:46,496 - INFO - Episode  950 | Reward:   30.89 | Pos Error: 0.8919m | Time:    5.9s
2025-09-19 19:16:46,747 - INFO - Episode 1000 | Reward:   19.87 | Pos Error: 0.6172m | Time:    6.2s
2025-09-19 19:16:47,109 - INFO - Episode 1050 | Reward:   14.12 | Pos Error: 0.6125m | Time:    6.5s
2025-09-19 19:16:47,373 - INFO - Episode 1100 | Reward:   14.52 | Pos Error: 0.5952m | Time:    6.8s
2025-09-19 19:16:47,637 - INFO - Episode 1150 | Reward:   18.18 | Pos Error: 0.7466m | Time:    7.1s
2025-09-19 19:16:47,988 - INFO - Episode 1200 | Reward:   21.49 | Pos Error: 0.5356m | Time:    7.4s
2025-09-19 19:16:48,380 - INFO - Episode 1250 | Reward:   21.82 | Pos Error: 1.4330m | Time:    7.8s
2025-09-19 19:16:48,666 - INFO - Episode 1300 | Reward:   24.44 | Pos Error: 1.5573m | Time:    8.1s
2025-09-19 19:16:48,997 - INFO - Episode 1350 | Reward:   18.87 | Pos Error: 0.9780m | Time:    8.4s
2025-09-19 19:16:49,238 - INFO - Episode 1400 | Reward:   18.10 | Pos Error: 0.2804m | Time:    8.7s
2025-09-19 19:16:49,617 - INFO - Episode 1450 | Reward:   20.55 | Pos Error: 0.4646m | Time:    9.0s
2025-09-19 19:16:49,920 - INFO - Episode 1500 | Reward:   26.39 | Pos Error: 5.1003m | Time:    9.3s
2025-09-19 19:16:50,220 - INFO - Episode 1550 | Reward:   12.59 | Pos Error: 0.4502m | Time:    9.6s
2025-09-19 19:16:50,515 - INFO - Episode 1600 | Reward:   15.82 | Pos Error: 1.6301m | Time:    9.9s
2025-09-19 19:16:50,810 - INFO - Episode 1650 | Reward:   14.92 | Pos Error: 0.5594m | Time:   10.2s
2025-09-19 19:16:51,206 - INFO - Episode 1700 | Reward:   22.05 | Pos Error: 0.4884m | Time:   10.6s
2025-09-19 19:16:51,490 - INFO - Episode 1750 | Reward:   15.88 | Pos Error: 0.7447m | Time:   10.9s
2025-09-19 19:16:51,815 - INFO - Episode 1800 | Reward:   11.21 | Pos Error: 0.5703m | Time:   11.2s
2025-09-19 19:16:52,205 - INFO - Episode 1850 | Reward:   16.04 | Pos Error: 1.8243m | Time:   11.6s
2025-09-19 19:16:52,532 - INFO - Episode 1900 | Reward:   59.97 | Pos Error: 5.0538m | Time:   12.0s
2025-09-19 19:16:52,869 - INFO - Episode 1950 | Reward:   15.65 | Pos Error: 1.3010m | Time:   12.3s
2025-09-19 19:16:53,197 - INFO - Episode 2000 | Reward:   10.05 | Pos Error: 0.2505m | Time:   12.6s
2025-09-19 19:16:53,536 - INFO - Episode 2050 | Reward:   11.41 | Pos Error: 0.4699m | Time:   13.0s
2025-09-19 19:16:53,866 - INFO - Episode 2100 | Reward:   24.37 | Pos Error: 0.7035m | Time:   13.3s
2025-09-19 19:16:54,189 - INFO - Episode 2150 | Reward:   15.47 | Pos Error: 0.8349m | Time:   13.6s
2025-09-19 19:16:54,425 - INFO - Episode 2200 | Reward:   20.05 | Pos Error: 2.4125m | Time:   13.9s
2025-09-19 19:16:54,779 - INFO - Episode 2250 | Reward:   14.02 | Pos Error: 0.9634m | Time:   14.2s
2025-09-19 19:16:55,046 - INFO - Episode 2300 | Reward:   29.22 | Pos Error: 0.6762m | Time:   14.5s
2025-09-19 19:16:55,411 - INFO - Episode 2350 | Reward:    9.79 | Pos Error: 0.4442m | Time:   14.8s
2025-09-19 19:16:55,666 - INFO - Episode 2400 | Reward:   25.45 | Pos Error: 0.4946m | Time:   15.1s
2025-09-19 19:16:55,957 - INFO - Episode 2450 | Reward:   18.99 | Pos Error: 0.3058m | Time:   15.4s
2025-09-19 19:16:56,369 - INFO - Episode 2500 | Reward:   15.19 | Pos Error: 0.9126m | Time:   15.8s
2025-09-19 19:16:57,450 - INFO - NEW BEST PERFORMANCE! Episode 2548: 0.0927m
2025-09-19 19:16:57,467 - INFO - BEST SAC DRONE MODEL SAVED! Episode 2548, Error: 0.0927m
2025-09-19 19:16:57,501 - INFO - Episode 2550 | Reward:   12.95 | Pos Error: 0.0927m | Time:   16.9s
2025-09-19 19:16:58,475 - INFO - Episode 2600 | Reward:   24.23 | Pos Error: 0.4105m | Time:   17.9s
2025-09-19 19:16:59,518 - INFO - Episode 2650 | Reward:   18.40 | Pos Error: 0.9902m | Time:   18.9s
2025-09-19 19:17:00,395 - INFO - Episode 2700 | Reward:   14.48 | Pos Error: 0.3178m | Time:   19.8s
2025-09-19 19:17:01,415 - INFO - Episode 2750 | Reward:   19.87 | Pos Error: 1.1002m | Time:   20.8s
2025-09-19 19:17:02,291 - INFO - Episode 2800 | Reward:    8.87 | Pos Error: 0.2640m | Time:   21.7s
2025-09-19 19:17:03,277 - INFO - Episode 2850 | Reward:   21.45 | Pos Error: 0.5630m | Time:   22.7s
2025-09-19 19:17:04,311 - INFO - Episode 2900 | Reward:   16.81 | Pos Error: 0.2440m | Time:   23.7s
2025-09-19 19:17:05,377 - INFO - Episode 2950 | Reward:   18.76 | Pos Error: 0.6642m | Time:   24.8s
2025-09-19 19:17:06,360 - INFO - Episode 3000 | Reward:   30.24 | Pos Error: 1.6973m | Time:   25.8s
2025-09-19 19:17:07,425 - INFO - Episode 3050 | Reward:   18.16 | Pos Error: 1.0338m | Time:   26.9s
2025-09-19 19:17:08,369 - INFO - Episode 3100 | Reward:    9.98 | Pos Error: 0.6161m | Time:   27.8s
2025-09-19 19:17:09,272 - INFO - Episode 3150 | Reward:   19.19 | Pos Error: 1.9631m | Time:   28.7s
2025-09-19 19:17:10,274 - INFO - Episode 3200 | Reward:   14.05 | Pos Error: 0.6938m | Time:   29.7s
2025-09-19 19:17:11,242 - INFO - Episode 3250 | Reward:   13.13 | Pos Error: 0.7184m | Time:   30.7s
2025-09-19 19:17:12,268 - INFO - Episode 3300 | Reward:    9.72 | Pos Error: 0.4078m | Time:   31.7s
2025-09-19 19:17:13,249 - INFO - Episode 3350 | Reward:   20.10 | Pos Error: 0.8118m | Time:   32.7s
2025-09-19 19:17:14,386 - INFO - Episode 3400 | Reward:   25.31 | Pos Error: 3.8398m | Time:   33.8s
2025-09-19 19:17:15,276 - INFO - NEW BEST PERFORMANCE! Episode 3439: 0.0452m
2025-09-19 19:17:15,297 - INFO - BEST SAC DRONE MODEL SAVED! Episode 3439, Error: 0.0452m
2025-09-19 19:17:15,519 - INFO - Episode 3450 | Reward:    9.78 | Pos Error: 0.4801m | Time:   34.9s
2025-09-19 19:17:16,502 - INFO - Episode 3500 | Reward:   21.70 | Pos Error: 0.9854m | Time:   35.9s
2025-09-19 19:17:17,382 - INFO - Episode 3550 | Reward:   12.69 | Pos Error: 0.4229m | Time:   36.8s
2025-09-19 19:17:18,306 - INFO - Episode 3600 | Reward:   78.24 | Pos Error: 4.9326m | Time:   37.7s
2025-09-19 19:17:19,310 - INFO - Episode 3650 | Reward:    9.13 | Pos Error: 0.3925m | Time:   38.7s
2025-09-19 19:17:20,297 - INFO - Episode 3700 | Reward:   16.37 | Pos Error: 0.6447m | Time:   39.7s
2025-09-19 19:17:21,277 - INFO - Episode 3750 | Reward:   14.39 | Pos Error: 0.6692m | Time:   40.7s
2025-09-19 19:17:22,247 - INFO - Episode 3800 | Reward:   12.84 | Pos Error: 0.6440m | Time:   41.7s
2025-09-19 19:17:23,292 - INFO - Episode 3850 | Reward:   14.78 | Pos Error: 0.2039m | Time:   42.7s
2025-09-19 19:17:24,331 - INFO - Episode 3900 | Reward:   10.50 | Pos Error: 0.5141m | Time:   43.8s
2025-09-19 19:17:25,349 - INFO - Episode 3950 | Reward:   11.15 | Pos Error: 0.1607m | Time:   44.8s
2025-09-19 19:17:26,331 - INFO - Episode 4000 | Reward:   21.93 | Pos Error: 0.6728m | Time:   45.8s
2025-09-19 19:17:27,357 - INFO - Episode 4050 | Reward:   16.31 | Pos Error: 0.1961m | Time:   46.8s
2025-09-19 19:17:28,341 - INFO - Episode 4100 | Reward:   13.68 | Pos Error: 0.5265m | Time:   47.8s
2025-09-19 19:17:29,297 - INFO - Episode 4150 | Reward:   14.29 | Pos Error: 0.3217m | Time:   48.7s
2025-09-19 19:17:30,287 - INFO - Episode 4200 | Reward:   13.85 | Pos Error: 0.6377m | Time:   49.7s
2025-09-19 19:17:31,344 - INFO - Episode 4250 | Reward:   19.12 | Pos Error: 2.0836m | Time:   50.8s
2025-09-19 19:17:32,330 - INFO - Episode 4300 | Reward:   10.39 | Pos Error: 0.5208m | Time:   51.8s
2025-09-19 19:17:33,335 - INFO - Episode 4350 | Reward:    7.49 | Pos Error: 0.2878m | Time:   52.8s
2025-09-19 19:17:34,219 - INFO - Episode 4400 | Reward:   16.40 | Pos Error: 0.2459m | Time:   53.6s
2025-09-19 19:17:35,157 - INFO - Episode 4450 | Reward:   13.92 | Pos Error: 1.2764m | Time:   54.6s
2025-09-19 19:17:36,106 - INFO - Episode 4500 | Reward:   11.43 | Pos Error: 0.2948m | Time:   55.5s
2025-09-19 19:17:36,982 - INFO - Episode 4550 | Reward:   26.64 | Pos Error: 0.2351m | Time:   56.4s
2025-09-19 19:17:37,962 - INFO - Episode 4600 | Reward:   62.37 | Pos Error: 5.2986m | Time:   57.4s
2025-09-19 19:17:38,948 - INFO - Episode 4650 | Reward:    8.99 | Pos Error: 0.3201m | Time:   58.4s
2025-09-19 19:17:40,027 - INFO - Episode 4700 | Reward:   16.38 | Pos Error: 1.2194m | Time:   59.5s
2025-09-19 19:17:40,998 - INFO - Episode 4750 | Reward:   11.60 | Pos Error: 0.3436m | Time:   60.4s
2025-09-19 19:17:41,998 - INFO - Episode 4800 | Reward:   18.45 | Pos Error: 1.0709m | Time:   61.4s
2025-09-19 19:17:43,158 - INFO - Episode 4850 | Reward:   10.80 | Pos Error: 0.2572m | Time:   62.6s
2025-09-19 19:17:44,236 - INFO - Episode 4900 | Reward:    7.48 | Pos Error: 0.2770m | Time:   63.7s
2025-09-19 19:17:45,476 - INFO - Episode 4950 | Reward:    9.09 | Pos Error: 0.3680m | Time:   64.9s
2025-09-19 19:17:47,001 - INFO - Episode 5000 | Reward:   16.08 | Pos Error: 0.4636m | Time:   66.4s
2025-09-19 19:17:48,048 - INFO - Episode 5050 | Reward:    8.95 | Pos Error: 0.2119m | Time:   67.5s
2025-09-19 19:17:49,295 - INFO - Episode 5100 | Reward:   10.92 | Pos Error: 0.6564m | Time:   68.7s
2025-09-19 19:17:50,373 - INFO - Episode 5150 | Reward:   17.73 | Pos Error: 0.7684m | Time:   69.8s
2025-09-19 19:17:51,421 - INFO - Episode 5200 | Reward:   22.73 | Pos Error: 0.4596m | Time:   70.8s
2025-09-19 19:17:52,599 - INFO - Episode 5250 | Reward:   11.29 | Pos Error: 0.5270m | Time:   72.0s
2025-09-19 19:17:53,756 - INFO - Episode 5300 | Reward:   10.22 | Pos Error: 0.3108m | Time:   73.2s
2025-09-19 19:17:54,158 - INFO - NEW BEST PERFORMANCE! Episode 5315: 0.0394m
2025-09-19 19:17:54,178 - INFO - BEST SAC DRONE MODEL SAVED! Episode 5315, Error: 0.0394m
2025-09-19 19:17:55,043 - INFO - Episode 5350 | Reward:    9.12 | Pos Error: 0.3486m | Time:   74.5s
2025-09-19 19:17:56,199 - INFO - Episode 5400 | Reward:   10.05 | Pos Error: 0.3455m | Time:   75.6s
2025-09-19 19:17:57,413 - INFO - Episode 5450 | Reward:    8.17 | Pos Error: 0.3815m | Time:   76.8s
2025-09-19 19:17:58,739 - INFO - Episode 5500 | Reward:    9.81 | Pos Error: 0.2527m | Time:   78.2s
2025-09-19 19:17:59,819 - INFO - Episode 5550 | Reward:   15.30 | Pos Error: 0.2669m | Time:   79.2s
2025-09-19 19:18:00,876 - INFO - Episode 5600 | Reward:   10.44 | Pos Error: 0.3298m | Time:   80.3s
2025-09-19 19:18:01,934 - INFO - Episode 5650 | Reward:   12.95 | Pos Error: 0.2592m | Time:   81.4s
2025-09-19 19:18:02,528 - INFO - NEW BEST PERFORMANCE! Episode 5675: 0.0259m
2025-09-19 19:18:02,546 - INFO - BEST SAC DRONE MODEL SAVED! Episode 5675, Error: 0.0259m
2025-09-19 19:18:03,174 - INFO - Episode 5700 | Reward:   13.18 | Pos Error: 0.2635m | Time:   82.6s
2025-09-19 19:18:04,374 - INFO - Episode 5750 | Reward:    9.89 | Pos Error: 0.2084m | Time:   83.8s
2025-09-19 19:18:05,668 - INFO - Episode 5800 | Reward:    8.83 | Pos Error: 0.2592m | Time:   85.1s
2025-09-19 19:18:06,892 - INFO - Episode 5850 | Reward:    7.10 | Pos Error: 0.1726m | Time:   86.3s
2025-09-19 19:18:08,192 - INFO - Episode 5900 | Reward:   11.80 | Pos Error: 0.2920m | Time:   87.6s
2025-09-19 19:18:09,391 - INFO - Episode 5950 | Reward:    8.53 | Pos Error: 0.2054m | Time:   88.8s
2025-09-19 19:18:09,760 - INFO - NEW BEST PERFORMANCE! Episode 5966: 0.0216m
2025-09-19 19:18:09,782 - INFO - BEST SAC DRONE MODEL SAVED! Episode 5966, Error: 0.0216m
2025-09-19 19:18:10,712 - INFO - Episode 6000 | Reward:    7.00 | Pos Error: 0.2079m | Time:   90.1s
2025-09-19 19:18:11,994 - INFO - Episode 6050 | Reward:   12.57 | Pos Error: 0.2598m | Time:   91.4s
2025-09-19 19:18:13,395 - INFO - Episode 6100 | Reward:    6.35 | Pos Error: 0.1438m | Time:   92.8s
2025-09-19 19:18:14,730 - INFO - Episode 6150 | Reward:    7.67 | Pos Error: 0.0660m | Time:   94.2s
2025-09-19 19:18:16,190 - INFO - Episode 6200 | Reward:    9.42 | Pos Error: 0.4186m | Time:   95.6s
2025-09-19 19:18:17,634 - INFO - Episode 6250 | Reward:    7.95 | Pos Error: 0.2584m | Time:   97.1s
2025-09-19 19:18:18,971 - INFO - Episode 6300 | Reward:    7.53 | Pos Error: 0.1517m | Time:   98.4s
2025-09-19 19:18:20,487 - INFO - Episode 6350 | Reward:    5.36 | Pos Error: 0.1366m | Time:   99.9s
2025-09-19 19:18:21,792 - INFO - Episode 6400 | Reward:    7.58 | Pos Error: 0.1435m | Time:  101.2s
2025-09-19 19:18:23,157 - INFO - Episode 6450 | Reward:    6.51 | Pos Error: 0.1601m | Time:  102.6s
2025-09-19 19:18:24,573 - INFO - Episode 6500 | Reward:    7.49 | Pos Error: 0.1191m | Time:  104.0s
2025-09-19 19:18:25,906 - INFO - Episode 6550 | Reward:    6.48 | Pos Error: 0.1033m | Time:  105.3s
2025-09-19 19:18:27,403 - INFO - Episode 6600 | Reward:    5.57 | Pos Error: 0.0970m | Time:  106.8s
2025-09-19 19:18:28,889 - INFO - Episode 6650 | Reward:    6.87 | Pos Error: 0.2757m | Time:  108.3s
2025-09-19 19:18:30,390 - INFO - Episode 6700 | Reward:    5.97 | Pos Error: 0.2301m | Time:  109.8s
2025-09-19 19:18:32,836 - INFO - Episode 6750 | Reward:    5.52 | Pos Error: 0.1393m | Time:  112.3s
2025-09-19 19:18:34,272 - INFO - Episode 6800 | Reward:    6.50 | Pos Error: 0.1769m | Time:  113.7s
2025-09-19 19:18:35,567 - INFO - Episode 6850 | Reward:    5.52 | Pos Error: 0.1250m | Time:  115.0s
2025-09-19 19:18:37,022 - INFO - Episode 6900 | Reward:    6.31 | Pos Error: 0.0682m | Time:  116.5s
2025-09-19 19:18:38,509 - INFO - Episode 6950 | Reward:    6.20 | Pos Error: 0.1737m | Time:  117.9s
2025-09-19 19:18:40,054 - INFO - Episode 7000 | Reward:    5.77 | Pos Error: 0.0870m | Time:  119.5s
2025-09-19 19:18:40,855 - INFO - NEW BEST PERFORMANCE! Episode 7025: 0.0183m
2025-09-19 19:18:40,873 - INFO - BEST SAC DRONE MODEL SAVED! Episode 7025, Error: 0.0183m
2025-09-19 19:18:41,602 - INFO - Episode 7050 | Reward:    5.81 | Pos Error: 0.0953m | Time:  121.0s
2025-09-19 19:18:43,098 - INFO - Episode 7100 | Reward:    5.53 | Pos Error: 0.0359m | Time:  122.5s
2025-09-19 19:18:44,588 - INFO - Episode 7150 | Reward:    5.77 | Pos Error: 0.0462m | Time:  124.0s
2025-09-19 19:18:46,204 - INFO - Episode 7200 | Reward:    5.70 | Pos Error: 0.1320m | Time:  125.6s
2025-09-19 19:18:47,725 - INFO - Episode 7250 | Reward:    5.76 | Pos Error: 0.0995m | Time:  127.2s
2025-09-19 19:18:49,222 - INFO - Episode 7300 | Reward:    5.73 | Pos Error: 0.0907m | Time:  128.7s
2025-09-19 19:18:50,765 - INFO - Episode 7350 | Reward:    7.24 | Pos Error: 0.1925m | Time:  130.2s
2025-09-19 19:18:52,352 - INFO - Episode 7400 | Reward:    5.70 | Pos Error: 0.0847m | Time:  131.8s
2025-09-19 19:18:54,045 - INFO - Episode 7450 | Reward:    5.36 | Pos Error: 0.1391m | Time:  133.5s
2025-09-19 19:18:55,739 - INFO - Episode 7500 | Reward:    5.51 | Pos Error: 0.0818m | Time:  135.2s
2025-09-19 19:18:57,331 - INFO - Episode 7550 | Reward:    4.59 | Pos Error: 0.1155m | Time:  136.8s
2025-09-19 19:18:58,755 - INFO - Episode 7600 | Reward:    5.79 | Pos Error: 0.1150m | Time:  138.2s
2025-09-19 19:19:00,366 - INFO - Episode 7650 | Reward:    5.84 | Pos Error: 0.0888m | Time:  139.8s
2025-09-19 19:19:01,824 - INFO - Episode 7700 | Reward:    5.63 | Pos Error: 0.1030m | Time:  141.3s
2025-09-19 19:19:03,334 - INFO - Episode 7750 | Reward:    5.50 | Pos Error: 0.1226m | Time:  142.8s
2025-09-19 19:19:04,858 - INFO - Episode 7800 | Reward:    4.70 | Pos Error: 0.0422m | Time:  144.3s
2025-09-19 19:19:06,435 - INFO - Episode 7850 | Reward:    5.49 | Pos Error: 0.1304m | Time:  145.9s
2025-09-19 19:19:08,063 - INFO - Episode 7900 | Reward:    6.93 | Pos Error: 0.0665m | Time:  147.5s
2025-09-19 19:19:09,599 - INFO - Episode 7950 | Reward:    5.84 | Pos Error: 0.0420m | Time:  149.0s
2025-09-19 19:19:11,087 - INFO - Episode 8000 | Reward:    5.54 | Pos Error: 0.1893m | Time:  150.5s
2025-09-19 19:19:12,757 - INFO - Episode 8050 | Reward:    5.30 | Pos Error: 0.1437m | Time:  152.2s
2025-09-19 19:19:14,265 - INFO - Episode 8100 | Reward:    5.53 | Pos Error: 0.1157m | Time:  153.7s
2025-09-19 19:19:15,815 - INFO - Episode 8150 | Reward:    5.23 | Pos Error: 0.1136m | Time:  155.2s
2025-09-19 19:19:17,297 - INFO - Episode 8200 | Reward:    5.76 | Pos Error: 0.0727m | Time:  156.7s
2025-09-19 19:19:18,386 - INFO - NEW BEST PERFORMANCE! Episode 8236: 0.0134m
2025-09-19 19:19:18,403 - INFO - BEST SAC DRONE MODEL SAVED! Episode 8236, Error: 0.0134m
2025-09-19 19:19:18,870 - INFO - Episode 8250 | Reward:    4.67 | Pos Error: 0.1154m | Time:  158.3s
2025-09-19 19:19:20,455 - INFO - Episode 8300 | Reward:    6.16 | Pos Error: 0.1579m | Time:  159.9s
2025-09-19 19:19:21,927 - INFO - Episode 8350 | Reward:    4.76 | Pos Error: 0.0229m | Time:  161.4s
2025-09-19 19:19:23,566 - INFO - Episode 8400 | Reward:    6.26 | Pos Error: 0.2186m | Time:  163.0s
2025-09-19 19:19:25,226 - INFO - Episode 8450 | Reward:    5.56 | Pos Error: 0.0748m | Time:  164.7s
2025-09-19 19:19:26,829 - INFO - Episode 8500 | Reward:    4.81 | Pos Error: 0.1082m | Time:  166.3s
2025-09-19 19:19:28,323 - INFO - Episode 8550 | Reward:    6.08 | Pos Error: 0.1421m | Time:  167.8s
2025-09-19 19:19:29,864 - INFO - Episode 8600 | Reward:    4.92 | Pos Error: 0.0401m | Time:  169.3s
2025-09-19 19:19:31,447 - INFO - Episode 8650 | Reward:    5.31 | Pos Error: 0.1621m | Time:  170.9s
2025-09-19 19:19:32,817 - INFO - Episode 8700 | Reward:    5.84 | Pos Error: 0.0475m | Time:  172.2s
2025-09-19 19:19:34,373 - INFO - Episode 8750 | Reward:    5.70 | Pos Error: 0.0788m | Time:  173.8s
2025-09-19 19:19:35,920 - INFO - Episode 8800 | Reward:    6.01 | Pos Error: 0.0644m | Time:  175.3s
2025-09-19 19:19:37,359 - INFO - Episode 8850 | Reward:    5.72 | Pos Error: 0.0781m | Time:  176.8s
2025-09-19 19:19:38,845 - INFO - Episode 8900 | Reward:    4.95 | Pos Error: 0.0738m | Time:  178.3s
2025-09-19 19:19:40,405 - INFO - Episode 8950 | Reward:    6.43 | Pos Error: 0.1303m | Time:  179.8s
2025-09-19 19:19:41,110 - INFO - NEW BEST PERFORMANCE! Episode 8972: 0.0072m
2025-09-19 19:19:41,129 - INFO - BEST SAC DRONE MODEL SAVED! Episode 8972, Error: 0.0072m
2025-09-19 19:19:42,014 - INFO - Episode 9000 | Reward:    6.21 | Pos Error: 0.1802m | Time:  181.4s
2025-09-19 19:19:43,485 - INFO - Episode 9050 | Reward:    5.96 | Pos Error: 0.0719m | Time:  182.9s
2025-09-19 19:19:45,006 - INFO - Episode 9100 | Reward:    4.67 | Pos Error: 0.0856m | Time:  184.4s
2025-09-19 19:19:46,617 - INFO - Episode 9150 | Reward:    4.65 | Pos Error: 0.1367m | Time:  186.0s
2025-09-19 19:19:48,267 - INFO - Episode 9200 | Reward:    5.52 | Pos Error: 0.1013m | Time:  187.7s
2025-09-19 19:19:49,752 - INFO - Episode 9250 | Reward:    5.67 | Pos Error: 0.0156m | Time:  189.2s
2025-09-19 19:19:51,216 - INFO - Episode 9300 | Reward:    6.47 | Pos Error: 0.0348m | Time:  190.6s
2025-09-19 19:19:52,727 - INFO - Episode 9350 | Reward:    5.37 | Pos Error: 0.1238m | Time:  192.2s
2025-09-19 19:19:54,078 - INFO - Episode 9400 | Reward:    5.78 | Pos Error: 0.0483m | Time:  193.5s
2025-09-19 19:19:55,489 - INFO - Episode 9450 | Reward:    5.68 | Pos Error: 0.0856m | Time:  194.9s
2025-09-19 19:19:57,042 - INFO - Episode 9500 | Reward:    6.50 | Pos Error: 0.1119m | Time:  196.5s
2025-09-19 19:19:58,539 - INFO - Episode 9550 | Reward:    5.70 | Pos Error: 0.0503m | Time:  198.0s
2025-09-19 19:19:59,990 - INFO - Episode 9600 | Reward:    5.80 | Pos Error: 0.0465m | Time:  199.4s
2025-09-19 19:20:01,530 - INFO - Episode 9650 | Reward:    5.95 | Pos Error: 0.0221m | Time:  201.0s
2025-09-19 19:20:03,093 - INFO - Episode 9700 | Reward:    4.86 | Pos Error: 0.0679m | Time:  202.5s
2025-09-19 19:20:04,582 - INFO - Episode 9750 | Reward:    6.81 | Pos Error: 0.0599m | Time:  204.0s
2025-09-19 19:20:06,065 - INFO - Episode 9800 | Reward:    6.39 | Pos Error: 0.1057m | Time:  205.5s
2025-09-19 19:20:07,519 - INFO - Episode 9850 | Reward:    5.64 | Pos Error: 0.0940m | Time:  206.9s
2025-09-19 19:20:08,904 - INFO - Episode 9900 | Reward:    6.33 | Pos Error: 0.1410m | Time:  208.3s
2025-09-19 19:20:10,370 - INFO - Episode 9950 | Reward:    4.74 | Pos Error: 0.0534m | Time:  209.8s
2025-09-19 19:20:12,092 - INFO - Episode 10000 | Reward:    4.66 | Pos Error: 0.0499m | Time:  211.5s
2025-09-19 19:20:13,545 - INFO - Episode 10050 | Reward:    6.68 | Pos Error: 0.0967m | Time:  213.0s
2025-09-19 19:20:15,062 - INFO - Episode 10100 | Reward:    5.80 | Pos Error: 0.0920m | Time:  214.5s
2025-09-19 19:20:16,462 - INFO - Episode 10150 | Reward:    5.44 | Pos Error: 0.0909m | Time:  215.9s
2025-09-19 19:20:17,986 - INFO - Episode 10200 | Reward:    5.88 | Pos Error: 0.0712m | Time:  217.4s
2025-09-19 19:20:19,618 - INFO - Episode 10250 | Reward:    6.66 | Pos Error: 0.0253m | Time:  219.0s
2025-09-19 19:20:19,846 - INFO - NEW BEST PERFORMANCE! Episode 10256: 0.0070m
2025-09-19 19:20:20,528 - INFO - BEST SAC DRONE MODEL SAVED! Episode 10256, Error: 0.0070m
2025-09-19 19:20:21,841 - INFO - Episode 10300 | Reward:    4.61 | Pos Error: 0.1228m | Time:  221.3s
2025-09-19 19:20:23,420 - INFO - Episode 10350 | Reward:    6.35 | Pos Error: 0.1556m | Time:  222.8s
2025-09-19 19:20:24,972 - INFO - Episode 10400 | Reward:    5.58 | Pos Error: 0.1204m | Time:  224.4s
2025-09-19 19:20:26,559 - INFO - Episode 10450 | Reward:    6.59 | Pos Error: 0.1305m | Time:  226.0s
2025-09-19 19:20:28,120 - INFO - Episode 10500 | Reward:    6.72 | Pos Error: 0.0460m | Time:  227.5s
2025-09-19 19:20:29,666 - INFO - Episode 10550 | Reward:    5.63 | Pos Error: 0.0563m | Time:  229.1s
2025-09-19 19:20:31,131 - INFO - Episode 10600 | Reward:    6.28 | Pos Error: 0.0814m | Time:  230.6s
2025-09-19 19:20:32,534 - INFO - Episode 10650 | Reward:    5.51 | Pos Error: 0.0991m | Time:  232.0s
2025-09-19 19:20:33,989 - INFO - Episode 10700 | Reward:    6.51 | Pos Error: 0.1275m | Time:  233.4s
2025-09-19 19:20:35,477 - INFO - Episode 10750 | Reward:    5.53 | Pos Error: 0.1100m | Time:  234.9s
2025-09-19 19:20:36,921 - INFO - Episode 10800 | Reward:    6.61 | Pos Error: 0.1193m | Time:  236.3s
2025-09-19 19:20:38,342 - INFO - Episode 10850 | Reward:    6.20 | Pos Error: 0.0854m | Time:  237.8s
2025-09-19 19:20:39,863 - INFO - Episode 10900 | Reward:    5.97 | Pos Error: 0.0646m | Time:  239.3s
2025-09-19 19:20:41,383 - INFO - Episode 10950 | Reward:    6.85 | Pos Error: 0.0633m | Time:  240.8s
2025-09-19 19:20:42,965 - INFO - Episode 11000 | Reward:    5.49 | Pos Error: 0.1560m | Time:  242.4s
2025-09-19 19:20:44,465 - INFO - Episode 11050 | Reward:    6.69 | Pos Error: 0.0131m | Time:  243.9s
2025-09-19 19:20:45,860 - INFO - Episode 11100 | Reward:    5.71 | Pos Error: 0.0959m | Time:  245.3s
2025-09-19 19:20:47,397 - INFO - Episode 11150 | Reward:    6.75 | Pos Error: 0.0530m | Time:  246.8s
2025-09-19 19:20:48,912 - INFO - Episode 11200 | Reward:    5.84 | Pos Error: 0.1021m | Time:  248.3s
2025-09-19 19:20:50,469 - INFO - Episode 11250 | Reward:    4.87 | Pos Error: 0.0752m | Time:  249.9s
2025-09-19 19:20:52,068 - INFO - Episode 11300 | Reward:    5.54 | Pos Error: 0.1547m | Time:  251.5s
2025-09-19 19:20:53,688 - INFO - Episode 11350 | Reward:    6.05 | Pos Error: 0.0633m | Time:  253.1s
2025-09-19 19:20:55,236 - INFO - Episode 11400 | Reward:    6.44 | Pos Error: 0.0581m | Time:  254.7s
2025-09-19 19:20:56,877 - INFO - Episode 11450 | Reward:    5.97 | Pos Error: 0.0402m | Time:  256.3s
2025-09-19 19:20:58,328 - INFO - Episode 11500 | Reward:    6.60 | Pos Error: 0.1128m | Time:  257.8s
2025-09-19 19:20:59,971 - INFO - Episode 11550 | Reward:    5.25 | Pos Error: 0.1349m | Time:  259.4s
2025-09-19 19:21:01,441 - INFO - Episode 11600 | Reward:    6.55 | Pos Error: 0.1362m | Time:  260.9s
2025-09-19 19:21:02,976 - INFO - Episode 11650 | Reward:    4.64 | Pos Error: 0.1151m | Time:  262.4s
2025-09-19 19:21:04,386 - INFO - Episode 11700 | Reward:    5.44 | Pos Error: 0.1101m | Time:  263.8s
2025-09-19 19:21:05,934 - INFO - Episode 11750 | Reward:    4.88 | Pos Error: 0.0714m | Time:  265.4s
2025-09-19 19:21:07,433 - INFO - Episode 11800 | Reward:    5.86 | Pos Error: 0.0656m | Time:  266.9s
2025-09-19 19:21:08,000 - INFO - NEW BEST PERFORMANCE! Episode 11819: 0.0043m
2025-09-19 19:21:08,018 - INFO - BEST SAC DRONE MODEL SAVED! Episode 11819, Error: 0.0043m
2025-09-19 19:21:08,950 - INFO - Episode 11850 | Reward:    5.87 | Pos Error: 0.0767m | Time:  268.4s
2025-09-19 19:21:10,411 - INFO - Episode 11900 | Reward:    5.65 | Pos Error: 0.1217m | Time:  269.8s
2025-09-19 19:21:11,922 - INFO - Episode 11950 | Reward:    4.64 | Pos Error: 0.0829m | Time:  271.4s
2025-09-19 19:21:13,262 - INFO - Episode 12000 | Reward:    5.66 | Pos Error: 0.1235m | Time:  272.7s
2025-09-19 19:21:14,850 - INFO - Episode 12050 | Reward:    6.40 | Pos Error: 0.1039m | Time:  274.3s
2025-09-19 19:21:16,328 - INFO - Episode 12100 | Reward:    6.25 | Pos Error: 0.0967m | Time:  275.8s
2025-09-19 19:21:17,790 - INFO - Episode 12150 | Reward:    6.68 | Pos Error: 0.0459m | Time:  277.2s
2025-09-19 19:21:19,311 - INFO - Episode 12200 | Reward:    6.15 | Pos Error: 0.1855m | Time:  278.7s
2025-09-19 19:21:20,744 - INFO - Episode 12250 | Reward:    5.45 | Pos Error: 0.0682m | Time:  280.2s
2025-09-19 19:21:22,270 - INFO - Episode 12300 | Reward:    5.53 | Pos Error: 0.0711m | Time:  281.7s
2025-09-19 19:21:23,743 - INFO - Episode 12350 | Reward:    5.83 | Pos Error: 0.0755m | Time:  283.2s
2025-09-19 19:21:25,100 - INFO - Episode 12400 | Reward:    6.50 | Pos Error: 0.1012m | Time:  284.5s
2025-09-19 19:21:26,621 - INFO - Episode 12450 | Reward:    5.59 | Pos Error: 0.0354m | Time:  286.0s
2025-09-19 19:21:28,152 - INFO - Episode 12500 | Reward:    6.62 | Pos Error: 0.1074m | Time:  287.6s
2025-09-19 19:21:29,631 - INFO - Episode 12550 | Reward:    6.12 | Pos Error: 0.1497m | Time:  289.1s
2025-09-19 19:21:31,065 - INFO - Episode 12600 | Reward:    6.83 | Pos Error: 0.0617m | Time:  290.5s
2025-09-19 19:21:32,473 - INFO - Episode 12650 | Reward:    5.46 | Pos Error: 0.1063m | Time:  291.9s
2025-09-19 19:21:33,885 - INFO - Episode 12700 | Reward:    6.53 | Pos Error: 0.0636m | Time:  293.3s
2025-09-19 19:21:35,215 - INFO - Episode 12750 | Reward:    7.25 | Pos Error: 0.1539m | Time:  294.6s
2025-09-19 19:21:36,712 - INFO - Episode 12800 | Reward:    6.82 | Pos Error: 0.0982m | Time:  296.1s
2025-09-19 19:21:38,155 - INFO - Episode 12850 | Reward:    6.63 | Pos Error: 0.1033m | Time:  297.6s
2025-09-19 19:21:39,587 - INFO - Episode 12900 | Reward:    6.52 | Pos Error: 0.0735m | Time:  299.0s
2025-09-19 19:21:41,141 - INFO - Episode 12950 | Reward:    5.52 | Pos Error: 0.1181m | Time:  300.6s
2025-09-19 19:21:42,464 - INFO - Episode 13000 | Reward:    5.50 | Pos Error: 0.0503m | Time:  301.9s
2025-09-19 19:21:43,895 - INFO - Episode 13050 | Reward:    5.65 | Pos Error: 0.0397m | Time:  303.3s
2025-09-19 19:21:45,371 - INFO - Episode 13100 | Reward:    6.42 | Pos Error: 0.1114m | Time:  304.8s
2025-09-19 19:21:46,869 - INFO - Episode 13150 | Reward:    6.65 | Pos Error: 0.0864m | Time:  306.3s
2025-09-19 19:21:48,288 - INFO - Episode 13200 | Reward:    6.71 | Pos Error: 0.1062m | Time:  307.7s
2025-09-19 19:21:49,632 - INFO - Episode 13250 | Reward:    6.72 | Pos Error: 0.0550m | Time:  309.1s
2025-09-19 19:21:51,088 - INFO - Episode 13300 | Reward:    6.33 | Pos Error: 0.1096m | Time:  310.5s
2025-09-19 19:21:52,481 - INFO - Episode 13350 | Reward:    7.49 | Pos Error: 0.0831m | Time:  311.9s
2025-09-19 19:21:53,987 - INFO - Episode 13400 | Reward:    6.79 | Pos Error: 0.0652m | Time:  313.4s
2025-09-19 19:21:55,555 - INFO - Episode 13450 | Reward:    6.32 | Pos Error: 0.1506m | Time:  315.0s
2025-09-19 19:21:57,111 - INFO - Episode 13500 | Reward:    5.98 | Pos Error: 0.0541m | Time:  316.5s
2025-09-19 19:21:58,574 - INFO - Episode 13550 | Reward:    6.86 | Pos Error: 0.0250m | Time:  318.0s
2025-09-19 19:22:00,125 - INFO - Episode 13600 | Reward:    5.93 | Pos Error: 0.0610m | Time:  319.6s
2025-09-19 19:22:01,606 - INFO - Episode 13650 | Reward:    6.63 | Pos Error: 0.0494m | Time:  321.0s
2025-09-19 19:22:03,019 - INFO - Episode 13700 | Reward:    6.75 | Pos Error: 0.0804m | Time:  322.4s
2025-09-19 19:22:04,417 - INFO - Episode 13750 | Reward:    6.73 | Pos Error: 0.0352m | Time:  323.8s
2025-09-19 19:22:05,957 - INFO - Episode 13800 | Reward:    6.20 | Pos Error: 0.1113m | Time:  325.4s
2025-09-19 19:22:07,331 - INFO - Episode 13850 | Reward:    6.80 | Pos Error: 0.0768m | Time:  326.8s
2025-09-19 19:22:08,792 - INFO - Episode 13900 | Reward:    6.49 | Pos Error: 0.1424m | Time:  328.2s
2025-09-19 19:22:10,273 - INFO - Episode 13950 | Reward:    6.47 | Pos Error: 0.0682m | Time:  329.7s
2025-09-19 19:22:11,843 - INFO - Episode 14000 | Reward:    6.88 | Pos Error: 0.0471m | Time:  331.3s
2025-09-19 19:22:13,353 - INFO - Episode 14050 | Reward:    5.52 | Pos Error: 0.0983m | Time:  332.8s
2025-09-19 19:22:14,799 - INFO - Episode 14100 | Reward:    6.32 | Pos Error: 0.1503m | Time:  334.2s
2025-09-19 19:22:16,169 - INFO - Episode 14150 | Reward:    5.58 | Pos Error: 0.0986m | Time:  335.6s
2025-09-19 19:22:17,795 - INFO - Episode 14200 | Reward:    4.69 | Pos Error: 0.0297m | Time:  337.2s
2025-09-19 19:22:19,377 - INFO - Episode 14250 | Reward:    5.87 | Pos Error: 0.0344m | Time:  338.8s
2025-09-19 19:22:20,841 - INFO - Episode 14300 | Reward:    6.87 | Pos Error: 0.0547m | Time:  340.3s
2025-09-19 19:22:22,105 - INFO - Episode 14350 | Reward:    4.86 | Pos Error: 0.0250m | Time:  341.5s
2025-09-19 19:22:23,708 - INFO - Episode 14400 | Reward:    5.82 | Pos Error: 0.0831m | Time:  343.1s
2025-09-19 19:22:25,214 - INFO - Episode 14450 | Reward:    5.86 | Pos Error: 0.0367m | Time:  344.6s
2025-09-19 19:22:26,571 - INFO - Episode 14500 | Reward:    6.71 | Pos Error: 0.0341m | Time:  346.0s
2025-09-19 19:22:27,985 - INFO - Episode 14550 | Reward:    5.52 | Pos Error: 0.1397m | Time:  347.4s
2025-09-19 19:22:29,323 - INFO - Episode 14600 | Reward:    5.44 | Pos Error: 0.0779m | Time:  348.8s
2025-09-19 19:22:30,738 - INFO - Episode 14650 | Reward:    5.48 | Pos Error: 0.1182m | Time:  350.2s
2025-09-19 19:22:32,261 - INFO - Episode 14700 | Reward:    5.65 | Pos Error: 0.0838m | Time:  351.7s
2025-09-19 19:22:33,621 - INFO - Episode 14750 | Reward:    6.70 | Pos Error: 0.0407m | Time:  353.0s
2025-09-19 19:22:35,182 - INFO - Episode 14800 | Reward:    6.35 | Pos Error: 0.1214m | Time:  354.6s
2025-09-19 19:22:36,591 - INFO - Episode 14850 | Reward:    6.64 | Pos Error: 0.0944m | Time:  356.0s
2025-09-19 19:22:37,962 - INFO - Episode 14900 | Reward:    6.79 | Pos Error: 0.1082m | Time:  357.4s
2025-09-19 19:22:39,455 - INFO - Episode 14950 | Reward:    6.81 | Pos Error: 0.0438m | Time:  358.9s
2025-09-19 19:22:41,118 - INFO - Episode 15000 | Reward:    6.74 | Pos Error: 0.1196m | Time:  360.5s
2025-09-19 19:22:42,725 - INFO - Episode 15050 | Reward:    6.88 | Pos Error: 0.0853m | Time:  362.2s
2025-09-19 19:22:44,388 - INFO - Episode 15100 | Reward:    5.51 | Pos Error: 0.1325m | Time:  363.8s
2025-09-19 19:22:45,910 - INFO - Episode 15150 | Reward:    6.80 | Pos Error: 0.0951m | Time:  365.3s
2025-09-19 19:22:47,425 - INFO - Episode 15200 | Reward:    6.74 | Pos Error: 0.0781m | Time:  366.9s
2025-09-19 19:22:48,756 - INFO - Episode 15250 | Reward:    5.50 | Pos Error: 0.1059m | Time:  368.2s
2025-09-19 19:22:50,222 - INFO - Episode 15300 | Reward:    6.27 | Pos Error: 0.0812m | Time:  369.7s
2025-09-19 19:22:51,877 - INFO - Episode 15350 | Reward:    5.54 | Pos Error: 0.0842m | Time:  371.3s
2025-09-19 19:22:53,381 - INFO - Episode 15400 | Reward:    6.36 | Pos Error: 0.1430m | Time:  372.8s
2025-09-19 19:22:54,857 - INFO - Episode 15450 | Reward:    5.69 | Pos Error: 0.0277m | Time:  374.3s
2025-09-19 19:22:56,461 - INFO - Episode 15500 | Reward:    5.63 | Pos Error: 0.0937m | Time:  375.9s
2025-09-19 19:22:57,932 - INFO - Episode 15550 | Reward:    6.36 | Pos Error: 0.1475m | Time:  377.4s
2025-09-19 19:22:59,539 - INFO - Episode 15600 | Reward:    5.38 | Pos Error: 0.1161m | Time:  379.0s
2025-09-19 19:23:01,069 - INFO - Episode 15650 | Reward:    5.90 | Pos Error: 0.0728m | Time:  380.5s
2025-09-19 19:23:02,538 - INFO - Episode 15700 | Reward:    6.69 | Pos Error: 0.0774m | Time:  382.0s
2025-09-19 19:23:04,043 - INFO - Episode 15750 | Reward:    5.75 | Pos Error: 0.1072m | Time:  383.5s
2025-09-19 19:23:05,609 - INFO - Episode 15800 | Reward:    5.30 | Pos Error: 0.1288m | Time:  385.0s
2025-09-19 19:23:07,286 - INFO - Episode 15850 | Reward:    5.86 | Pos Error: 0.1001m | Time:  386.7s
2025-09-19 19:23:08,721 - INFO - Episode 15900 | Reward:    5.68 | Pos Error: 0.0824m | Time:  388.1s
2025-09-19 19:23:10,225 - INFO - Episode 15950 | Reward:    5.55 | Pos Error: 0.1096m | Time:  389.7s
2025-09-19 19:23:11,802 - INFO - Episode 16000 | Reward:    6.40 | Pos Error: 0.1318m | Time:  391.2s
2025-09-19 19:23:13,284 - INFO - Episode 16050 | Reward:    6.20 | Pos Error: 0.1413m | Time:  392.7s
2025-09-19 19:23:14,755 - INFO - Episode 16100 | Reward:    6.80 | Pos Error: 0.0559m | Time:  394.2s
2025-09-19 19:23:16,225 - INFO - Episode 16150 | Reward:    6.21 | Pos Error: 0.1422m | Time:  395.7s
2025-09-19 19:23:17,811 - INFO - Episode 16200 | Reward:    5.85 | Pos Error: 0.0606m | Time:  397.2s
2025-09-19 19:23:19,242 - INFO - Episode 16250 | Reward:    5.64 | Pos Error: 0.0959m | Time:  398.7s
2025-09-19 19:23:20,592 - INFO - Episode 16300 | Reward:    6.81 | Pos Error: 0.0555m | Time:  400.0s
2025-09-19 19:23:21,942 - INFO - Episode 16350 | Reward:    6.02 | Pos Error: 0.0624m | Time:  401.4s
2025-09-19 19:23:23,385 - INFO - Episode 16400 | Reward:    6.50 | Pos Error: 0.1079m | Time:  402.8s
2025-09-19 19:23:24,803 - INFO - Episode 16450 | Reward:    6.77 | Pos Error: 0.0552m | Time:  404.2s
2025-09-19 19:23:26,339 - INFO - Episode 16500 | Reward:    6.72 | Pos Error: 0.0784m | Time:  405.8s
2025-09-19 19:23:27,859 - INFO - Episode 16550 | Reward:    5.80 | Pos Error: 0.0806m | Time:  407.3s
2025-09-19 19:23:29,384 - INFO - Episode 16600 | Reward:    6.78 | Pos Error: 0.1180m | Time:  408.8s
2025-09-19 19:23:31,032 - INFO - Episode 16650 | Reward:    5.81 | Pos Error: 0.0750m | Time:  410.5s
2025-09-19 19:23:32,452 - INFO - Episode 16700 | Reward:    6.79 | Pos Error: 0.0726m | Time:  411.9s
2025-09-19 19:23:34,000 - INFO - Episode 16750 | Reward:    6.06 | Pos Error: 0.0459m | Time:  413.4s
2025-09-19 19:23:35,522 - INFO - Episode 16800 | Reward:    4.65 | Pos Error: 0.0723m | Time:  415.0s
2025-09-19 19:23:36,821 - INFO - Episode 16850 | Reward:    5.66 | Pos Error: 0.0884m | Time:  416.2s
2025-09-19 19:23:38,467 - INFO - Episode 16900 | Reward:    5.98 | Pos Error: 0.0403m | Time:  417.9s
2025-09-19 19:23:39,886 - INFO - Episode 16950 | Reward:    5.64 | Pos Error: 0.1151m | Time:  419.3s
2025-09-19 19:23:41,305 - INFO - Episode 17000 | Reward:    5.74 | Pos Error: 0.0738m | Time:  420.7s
2025-09-19 19:23:42,854 - INFO - Episode 17050 | Reward:    4.74 | Pos Error: 0.0512m | Time:  422.3s
2025-09-19 19:23:44,322 - INFO - Episode 17100 | Reward:    6.74 | Pos Error: 0.0760m | Time:  423.8s
2025-09-19 19:23:45,841 - INFO - Episode 17150 | Reward:    5.54 | Pos Error: 0.0716m | Time:  425.3s
2025-09-19 19:23:47,412 - INFO - Episode 17200 | Reward:    4.62 | Pos Error: 0.1080m | Time:  426.8s
2025-09-19 19:23:48,892 - INFO - Episode 17250 | Reward:    6.61 | Pos Error: 0.1306m | Time:  428.3s
2025-09-19 19:23:50,303 - INFO - Episode 17300 | Reward:    4.55 | Pos Error: 0.0611m | Time:  429.7s
2025-09-19 19:23:51,834 - INFO - Episode 17350 | Reward:    5.41 | Pos Error: 0.1001m | Time:  431.3s
2025-09-19 19:23:53,433 - INFO - Episode 17400 | Reward:    4.72 | Pos Error: 0.0331m | Time:  432.9s
2025-09-19 19:23:54,811 - INFO - Episode 17450 | Reward:    5.82 | Pos Error: 0.0793m | Time:  434.2s
2025-09-19 19:23:56,473 - INFO - Episode 17500 | Reward:    5.87 | Pos Error: 0.0642m | Time:  435.9s
2025-09-19 19:23:58,026 - INFO - Episode 17550 | Reward:    5.51 | Pos Error: 0.0773m | Time:  437.5s
2025-09-19 19:23:59,561 - INFO - Episode 17600 | Reward:    5.51 | Pos Error: 0.1353m | Time:  439.0s
2025-09-19 19:24:01,023 - INFO - Episode 17650 | Reward:    5.98 | Pos Error: 0.0496m | Time:  440.5s
2025-09-19 19:24:02,566 - INFO - Episode 17700 | Reward:    5.43 | Pos Error: 0.1407m | Time:  442.0s
2025-09-19 19:24:04,080 - INFO - Episode 17750 | Reward:    6.81 | Pos Error: 0.0727m | Time:  443.5s
2025-09-19 19:24:05,647 - INFO - Episode 17800 | Reward:    7.59 | Pos Error: 0.0470m | Time:  445.1s
2025-09-19 19:24:07,169 - INFO - Episode 17850 | Reward:    5.52 | Pos Error: 0.1370m | Time:  446.6s
2025-09-19 19:24:08,679 - INFO - Episode 17900 | Reward:    6.54 | Pos Error: 0.1453m | Time:  448.1s
2025-09-19 19:24:10,238 - INFO - Episode 17950 | Reward:    5.58 | Pos Error: 0.1154m | Time:  449.7s
2025-09-19 19:24:11,765 - INFO - Episode 18000 | Reward:    6.03 | Pos Error: 0.0273m | Time:  451.2s
2025-09-19 19:24:13,151 - INFO - Episode 18050 | Reward:    5.94 | Pos Error: 0.0795m | Time:  452.6s
2025-09-19 19:24:14,564 - INFO - Episode 18100 | Reward:    6.40 | Pos Error: 0.1551m | Time:  454.0s
2025-09-19 19:24:16,155 - INFO - Episode 18150 | Reward:    6.36 | Pos Error: 0.1719m | Time:  455.6s
2025-09-19 19:24:17,660 - INFO - Episode 18200 | Reward:    5.67 | Pos Error: 0.1485m | Time:  457.1s
2025-09-19 19:24:19,082 - INFO - Episode 18250 | Reward:    6.12 | Pos Error: 0.1881m | Time:  458.5s
2025-09-19 19:24:20,603 - INFO - Episode 18300 | Reward:    6.36 | Pos Error: 0.1100m | Time:  460.0s
2025-09-19 19:24:22,117 - INFO - Episode 18350 | Reward:    6.68 | Pos Error: 0.0355m | Time:  461.5s
2025-09-19 19:24:23,618 - INFO - Episode 18400 | Reward:    7.50 | Pos Error: 0.0700m | Time:  463.0s
2025-09-19 19:24:25,140 - INFO - Episode 18450 | Reward:    5.69 | Pos Error: 0.1005m | Time:  464.6s
2025-09-19 19:24:26,637 - INFO - Episode 18500 | Reward:    5.91 | Pos Error: 0.0610m | Time:  466.1s
2025-09-19 19:24:28,003 - INFO - Episode 18550 | Reward:    4.61 | Pos Error: 0.1160m | Time:  467.4s
2025-09-19 19:24:29,687 - INFO - Episode 18600 | Reward:    4.97 | Pos Error: 0.0865m | Time:  469.1s
2025-09-19 19:24:31,151 - INFO - Episode 18650 | Reward:    4.65 | Pos Error: 0.1168m | Time:  470.6s
2025-09-19 19:24:32,775 - INFO - Episode 18700 | Reward:    4.86 | Pos Error: 0.1074m | Time:  472.2s
2025-09-19 19:24:34,547 - INFO - Episode 18750 | Reward:    4.74 | Pos Error: 0.0971m | Time:  474.0s
2025-09-19 19:24:36,094 - INFO - Episode 18800 | Reward:    4.73 | Pos Error: 0.0782m | Time:  475.5s
2025-09-19 19:24:37,685 - INFO - Episode 18850 | Reward:    5.02 | Pos Error: 0.0816m | Time:  477.1s
2025-09-19 19:24:39,288 - INFO - Episode 18900 | Reward:    5.79 | Pos Error: 0.0391m | Time:  478.7s
2025-09-19 19:24:40,776 - INFO - Episode 18950 | Reward:    4.67 | Pos Error: 0.0916m | Time:  480.2s
2025-09-19 19:24:42,362 - INFO - Episode 19000 | Reward:    4.86 | Pos Error: 0.0463m | Time:  481.8s
2025-09-19 19:24:43,782 - INFO - Episode 19050 | Reward:    6.00 | Pos Error: 0.0217m | Time:  483.2s
2025-09-19 19:24:45,286 - INFO - Episode 19100 | Reward:    4.68 | Pos Error: 0.1125m | Time:  484.7s
2025-09-19 19:24:46,922 - INFO - Episode 19150 | Reward:    5.70 | Pos Error: 0.0893m | Time:  486.4s
2025-09-19 19:24:48,489 - INFO - Episode 19200 | Reward:    4.63 | Pos Error: 0.1227m | Time:  487.9s
2025-09-19 19:24:50,030 - INFO - Episode 19250 | Reward:    4.75 | Pos Error: 0.0534m | Time:  489.5s
2025-09-19 19:24:51,674 - INFO - Episode 19300 | Reward:    5.83 | Pos Error: 0.0158m | Time:  491.1s
2025-09-19 19:24:53,305 - INFO - Episode 19350 | Reward:    5.95 | Pos Error: 0.1035m | Time:  492.7s
2025-09-19 19:24:54,864 - INFO - Episode 19400 | Reward:    5.89 | Pos Error: 0.0443m | Time:  494.3s
2025-09-19 19:24:56,592 - INFO - Episode 19450 | Reward:    4.89 | Pos Error: 0.0894m | Time:  496.0s
2025-09-19 19:24:58,102 - INFO - Episode 19500 | Reward:    6.04 | Pos Error: 0.0933m | Time:  497.5s
2025-09-19 19:24:59,642 - INFO - Episode 19550 | Reward:    6.02 | Pos Error: 0.0359m | Time:  499.1s
2025-09-19 19:25:01,191 - INFO - Episode 19600 | Reward:    4.84 | Pos Error: 0.1028m | Time:  500.6s
2025-09-19 19:25:02,902 - INFO - Episode 19650 | Reward:    5.72 | Pos Error: 0.0433m | Time:  502.3s
2025-09-19 19:25:04,548 - INFO - Episode 19700 | Reward:    6.36 | Pos Error: 0.1547m | Time:  504.0s
2025-09-19 19:25:05,992 - INFO - Episode 19750 | Reward:    5.94 | Pos Error: 0.0636m | Time:  505.4s
2025-09-19 19:25:07,625 - INFO - Episode 19800 | Reward:    5.82 | Pos Error: 0.0489m | Time:  507.1s
2025-09-19 19:25:09,035 - INFO - Episode 19850 | Reward:    5.75 | Pos Error: 0.0838m | Time:  508.5s
2025-09-19 19:25:10,498 - INFO - Episode 19900 | Reward:    5.93 | Pos Error: 0.0418m | Time:  509.9s
2025-09-19 19:25:12,103 - INFO - Episode 19950 | Reward:    6.54 | Pos Error: 0.1177m | Time:  511.5s
2025-09-19 19:25:13,882 - INFO - Episode 20000 | Reward:    6.50 | Pos Error: 0.1475m | Time:  513.3s
2025-09-19 19:25:15,406 - INFO - Episode 20050 | Reward:    6.69 | Pos Error: 0.0398m | Time:  514.8s
2025-09-19 19:25:16,927 - INFO - Episode 20100 | Reward:    5.73 | Pos Error: 0.1106m | Time:  516.4s
2025-09-19 19:25:18,593 - INFO - Episode 20150 | Reward:    4.56 | Pos Error: 0.0577m | Time:  518.0s
2025-09-19 19:25:20,116 - INFO - Episode 20200 | Reward:    6.73 | Pos Error: 0.0546m | Time:  519.5s
2025-09-19 19:25:21,715 - INFO - Episode 20250 | Reward:    5.97 | Pos Error: 0.0266m | Time:  521.1s
2025-09-19 19:25:23,213 - INFO - Episode 20300 | Reward:    6.41 | Pos Error: 0.1015m | Time:  522.6s
2025-09-19 19:25:24,745 - INFO - Episode 20350 | Reward:    6.68 | Pos Error: 0.1256m | Time:  524.2s
2025-09-19 19:25:26,261 - INFO - Episode 20400 | Reward:    4.69 | Pos Error: 0.1253m | Time:  525.7s
2025-09-19 19:25:27,697 - INFO - Episode 20450 | Reward:    6.32 | Pos Error: 0.1092m | Time:  527.1s
2025-09-19 19:25:29,285 - INFO - Episode 20500 | Reward:    4.53 | Pos Error: 0.1238m | Time:  528.7s
2025-09-19 19:25:30,673 - INFO - Episode 20550 | Reward:    7.50 | Pos Error: 0.1393m | Time:  530.1s
2025-09-19 19:25:32,000 - INFO - Episode 20600 | Reward:    4.67 | Pos Error: 0.1082m | Time:  531.4s
2025-09-19 19:25:33,476 - INFO - Episode 20650 | Reward:    4.79 | Pos Error: 0.0830m | Time:  532.9s
2025-09-19 19:25:34,938 - INFO - Episode 20700 | Reward:    7.43 | Pos Error: 0.1160m | Time:  534.4s
2025-09-19 19:25:36,436 - INFO - Episode 20750 | Reward:    7.48 | Pos Error: 0.1240m | Time:  535.9s
2025-09-19 19:25:37,774 - INFO - Episode 20800 | Reward:    6.54 | Pos Error: 0.1251m | Time:  537.2s
2025-09-19 19:25:39,269 - INFO - Episode 20850 | Reward:    5.81 | Pos Error: 0.0765m | Time:  538.7s
2025-09-19 19:25:40,801 - INFO - Episode 20900 | Reward:    6.82 | Pos Error: 0.0369m | Time:  540.2s
2025-09-19 19:25:42,335 - INFO - Episode 20950 | Reward:    5.71 | Pos Error: 0.1084m | Time:  541.8s
2025-09-19 19:25:43,914 - INFO - Episode 21000 | Reward:    6.36 | Pos Error: 0.1809m | Time:  543.3s
2025-09-19 19:25:45,229 - INFO - Episode 21050 | Reward:    7.59 | Pos Error: 0.1262m | Time:  544.7s
2025-09-19 19:25:46,637 - INFO - Episode 21100 | Reward:    6.74 | Pos Error: 0.0303m | Time:  546.1s
2025-09-19 19:25:48,121 - INFO - Episode 21150 | Reward:    7.39 | Pos Error: 0.1205m | Time:  547.5s
2025-09-19 19:25:49,491 - INFO - Episode 21200 | Reward:    7.60 | Pos Error: 0.0407m | Time:  548.9s
2025-09-19 19:25:50,981 - INFO - Episode 21250 | Reward:    6.27 | Pos Error: 0.1670m | Time:  550.4s
2025-09-19 19:25:52,413 - INFO - Episode 21300 | Reward:    6.16 | Pos Error: 0.1437m | Time:  551.8s
2025-09-19 19:25:53,921 - INFO - Episode 21350 | Reward:    7.40 | Pos Error: 0.1508m | Time:  553.3s
2025-09-19 19:25:55,520 - INFO - Episode 21400 | Reward:    6.12 | Pos Error: 0.1873m | Time:  554.9s
2025-09-19 19:25:56,855 - INFO - Episode 21450 | Reward:    6.43 | Pos Error: 0.1448m | Time:  556.3s
2025-09-19 19:25:58,143 - INFO - Episode 21500 | Reward:    7.25 | Pos Error: 0.0772m | Time:  557.6s
2025-09-19 19:25:59,469 - INFO - Episode 21550 | Reward:    6.39 | Pos Error: 0.1446m | Time:  558.9s
2025-09-19 19:26:00,735 - INFO - Episode 21600 | Reward:    6.69 | Pos Error: 0.1172m | Time:  560.2s
2025-09-19 19:26:01,997 - INFO - Episode 21650 | Reward:    7.35 | Pos Error: 0.1312m | Time:  561.4s
2025-09-19 19:26:03,405 - INFO - Episode 21700 | Reward:    6.67 | Pos Error: 0.0913m | Time:  562.8s
2025-09-19 19:26:04,870 - INFO - Episode 21750 | Reward:    7.25 | Pos Error: 0.1820m | Time:  564.3s
2025-09-19 19:26:06,266 - INFO - Episode 21800 | Reward:    7.19 | Pos Error: 0.1591m | Time:  565.7s
2025-09-19 19:26:07,757 - INFO - Episode 21850 | Reward:    6.76 | Pos Error: 0.0698m | Time:  567.2s
2025-09-19 19:26:09,200 - INFO - Episode 21900 | Reward:    7.34 | Pos Error: 0.1122m | Time:  568.6s
2025-09-19 19:26:10,588 - INFO - Episode 21950 | Reward:    6.57 | Pos Error: 0.1411m | Time:  570.0s
2025-09-19 19:26:11,975 - INFO - Episode 22000 | Reward:    6.42 | Pos Error: 0.0856m | Time:  571.4s
2025-09-19 19:26:13,340 - INFO - Episode 22050 | Reward:    6.89 | Pos Error: 0.0973m | Time:  572.8s
2025-09-19 19:26:14,729 - INFO - Episode 22100 | Reward:    6.24 | Pos Error: 0.1157m | Time:  574.2s
2025-09-19 19:26:16,124 - INFO - Episode 22150 | Reward:    6.78 | Pos Error: 0.1181m | Time:  575.6s
2025-09-19 19:26:17,525 - INFO - Episode 22200 | Reward:    6.49 | Pos Error: 0.0647m | Time:  577.0s
2025-09-19 19:26:18,988 - INFO - Episode 22250 | Reward:    6.39 | Pos Error: 0.0970m | Time:  578.4s
2025-09-19 19:26:20,541 - INFO - Episode 22300 | Reward:    6.58 | Pos Error: 0.0636m | Time:  580.0s
2025-09-19 19:26:22,064 - INFO - Episode 22350 | Reward:    5.30 | Pos Error: 0.1803m | Time:  581.5s
2025-09-19 19:26:23,479 - INFO - Episode 22400 | Reward:    7.53 | Pos Error: 0.0669m | Time:  582.9s
2025-09-19 19:26:24,949 - INFO - Episode 22450 | Reward:    7.61 | Pos Error: 0.0524m | Time:  584.4s
2025-09-19 19:26:26,548 - INFO - Episode 22500 | Reward:    6.33 | Pos Error: 0.0983m | Time:  586.0s
2025-09-19 19:26:27,906 - INFO - Episode 22550 | Reward:    6.74 | Pos Error: 0.0615m | Time:  587.3s
2025-09-19 19:26:29,363 - INFO - Episode 22600 | Reward:    6.66 | Pos Error: 0.1174m | Time:  588.8s
2025-09-19 19:26:30,852 - INFO - Episode 22650 | Reward:    6.48 | Pos Error: 0.0781m | Time:  590.3s
2025-09-19 19:26:32,290 - INFO - Episode 22700 | Reward:    6.51 | Pos Error: 0.1316m | Time:  591.7s
2025-09-19 19:26:33,734 - INFO - Episode 22750 | Reward:    7.61 | Pos Error: 0.0709m | Time:  593.2s
2025-09-19 19:26:35,126 - INFO - Episode 22800 | Reward:    6.78 | Pos Error: 0.0366m | Time:  594.6s
2025-09-19 19:26:36,438 - INFO - Episode 22850 | Reward:    7.45 | Pos Error: 0.1468m | Time:  595.9s
2025-09-19 19:26:37,702 - INFO - Episode 22900 | Reward:    7.33 | Pos Error: 0.1023m | Time:  597.1s
2025-09-19 19:26:39,016 - INFO - Episode 22950 | Reward:    7.22 | Pos Error: 0.1032m | Time:  598.4s
2025-09-19 19:26:40,349 - INFO - Episode 23000 | Reward:    6.83 | Pos Error: 0.0496m | Time:  599.8s
2025-09-19 19:26:41,750 - INFO - Episode 23050 | Reward:    7.60 | Pos Error: 0.1101m | Time:  601.2s
2025-09-19 19:26:43,254 - INFO - Episode 23100 | Reward:    6.89 | Pos Error: 0.0866m | Time:  602.7s
2025-09-19 19:26:44,760 - INFO - Episode 23150 | Reward:    7.44 | Pos Error: 0.0478m | Time:  604.2s
2025-09-19 19:26:46,067 - INFO - Episode 23200 | Reward:    6.61 | Pos Error: 0.0656m | Time:  605.5s
2025-09-19 19:26:47,474 - INFO - Episode 23250 | Reward:    7.59 | Pos Error: 0.0299m | Time:  606.9s
2025-09-19 19:26:48,816 - INFO - Episode 23300 | Reward:    6.55 | Pos Error: 0.1392m | Time:  608.2s
2025-09-19 19:26:50,247 - INFO - Episode 23350 | Reward:    6.03 | Pos Error: 0.1917m | Time:  609.7s
2025-09-19 19:26:51,747 - INFO - Episode 23400 | Reward:    6.81 | Pos Error: 0.0921m | Time:  611.2s
2025-09-19 19:26:53,249 - INFO - Episode 23450 | Reward:    7.61 | Pos Error: 0.0941m | Time:  612.7s
2025-09-19 19:26:54,647 - INFO - Episode 23500 | Reward:    7.16 | Pos Error: 0.1206m | Time:  614.1s
2025-09-19 19:26:56,031 - INFO - Episode 23550 | Reward:    6.77 | Pos Error: 0.0787m | Time:  615.5s
2025-09-19 19:26:57,440 - INFO - Episode 23600 | Reward:    6.50 | Pos Error: 0.1086m | Time:  616.9s
2025-09-19 19:26:58,909 - INFO - Episode 23650 | Reward:    6.28 | Pos Error: 0.1492m | Time:  618.3s
2025-09-19 19:27:00,452 - INFO - Episode 23700 | Reward:    6.34 | Pos Error: 0.1702m | Time:  619.9s
2025-09-19 19:27:01,756 - INFO - Episode 23750 | Reward:    7.66 | Pos Error: 0.0665m | Time:  621.2s
2025-09-19 19:27:03,162 - INFO - Episode 23800 | Reward:    6.09 | Pos Error: 0.1287m | Time:  622.6s
2025-09-19 19:27:04,552 - INFO - Episode 23850 | Reward:    6.35 | Pos Error: 0.1694m | Time:  624.0s
2025-09-19 19:27:05,939 - INFO - Episode 23900 | Reward:    6.32 | Pos Error: 0.1193m | Time:  625.4s
2025-09-19 19:27:07,450 - INFO - Episode 23950 | Reward:    7.48 | Pos Error: 0.1167m | Time:  626.9s
2025-09-19 19:27:08,731 - INFO - Episode 24000 | Reward:    7.52 | Pos Error: 0.1633m | Time:  628.2s
2025-09-19 19:27:10,304 - INFO - Episode 24050 | Reward:    5.35 | Pos Error: 0.1347m | Time:  629.7s
2025-09-19 19:27:11,823 - INFO - Episode 24100 | Reward:    6.30 | Pos Error: 0.1717m | Time:  631.3s
2025-09-19 19:27:13,239 - INFO - Episode 24150 | Reward:    6.56 | Pos Error: 0.1170m | Time:  632.7s
2025-09-19 19:27:14,584 - INFO - Episode 24200 | Reward:    6.26 | Pos Error: 0.1671m | Time:  634.0s
2025-09-19 19:27:15,860 - INFO - Episode 24250 | Reward:    6.46 | Pos Error: 0.1229m | Time:  635.3s
2025-09-19 19:27:17,210 - INFO - Episode 24300 | Reward:    6.75 | Pos Error: 0.1311m | Time:  636.6s
2025-09-19 19:27:18,526 - INFO - Episode 24350 | Reward:    7.47 | Pos Error: 0.0944m | Time:  638.0s
2025-09-19 19:27:19,985 - INFO - Episode 24400 | Reward:    7.66 | Pos Error: 0.0201m | Time:  639.4s
2025-09-19 19:27:21,516 - INFO - Episode 24450 | Reward:    7.48 | Pos Error: 0.1284m | Time:  640.9s
2025-09-19 19:27:23,035 - INFO - Episode 24500 | Reward:    7.56 | Pos Error: 0.0409m | Time:  642.5s
2025-09-19 19:27:24,460 - INFO - Episode 24550 | Reward:    5.43 | Pos Error: 0.1318m | Time:  643.9s
2025-09-19 19:27:25,921 - INFO - Episode 24600 | Reward:    7.12 | Pos Error: 0.1516m | Time:  645.3s
2025-09-19 19:27:27,304 - INFO - Episode 24650 | Reward:    6.16 | Pos Error: 0.1761m | Time:  646.7s
2025-09-19 19:27:28,530 - INFO - Episode 24700 | Reward:    6.11 | Pos Error: 0.1758m | Time:  648.0s
2025-09-19 19:27:29,808 - INFO - Episode 24750 | Reward:    7.35 | Pos Error: 0.0597m | Time:  649.2s
2025-09-19 19:27:31,181 - INFO - Episode 24800 | Reward:    6.42 | Pos Error: 0.1679m | Time:  650.6s
2025-09-19 19:27:32,587 - INFO - Episode 24850 | Reward:    6.55 | Pos Error: 0.0672m | Time:  652.0s
2025-09-19 19:27:34,072 - INFO - Episode 24900 | Reward:    6.37 | Pos Error: 0.1141m | Time:  653.5s
2025-09-19 19:27:35,526 - INFO - Episode 24950 | Reward:    5.49 | Pos Error: 0.0987m | Time:  655.0s
2025-09-19 19:27:37,168 - INFO - Episode 25000 | Reward:    6.21 | Pos Error: 0.1591m | Time:  656.6s
2025-09-19 19:27:38,758 - INFO - Episode 25050 | Reward:    7.65 | Pos Error: 0.0324m | Time:  658.2s
2025-09-19 19:27:40,286 - INFO - Episode 25100 | Reward:    7.22 | Pos Error: 0.1017m | Time:  659.7s
2025-09-19 19:27:41,817 - INFO - Episode 25150 | Reward:    6.38 | Pos Error: 0.1470m | Time:  661.2s
2025-09-19 19:27:43,212 - INFO - Episode 25200 | Reward:    7.44 | Pos Error: 0.1633m | Time:  662.6s
2025-09-19 19:27:44,687 - INFO - Episode 25250 | Reward:    6.23 | Pos Error: 0.0771m | Time:  664.1s
2025-09-19 19:27:46,152 - INFO - Episode 25300 | Reward:    6.36 | Pos Error: 0.1196m | Time:  665.6s
2025-09-19 19:27:47,537 - INFO - Episode 25350 | Reward:    7.59 | Pos Error: 0.1439m | Time:  667.0s
2025-09-19 19:27:49,059 - INFO - Episode 25400 | Reward:    7.43 | Pos Error: 0.0732m | Time:  668.5s
2025-09-19 19:27:50,445 - INFO - Episode 25450 | Reward:    7.32 | Pos Error: 0.1213m | Time:  669.9s
2025-09-19 19:27:51,937 - INFO - Episode 25500 | Reward:    6.70 | Pos Error: 0.1205m | Time:  671.4s
2025-09-19 19:27:53,529 - INFO - Episode 25550 | Reward:    6.32 | Pos Error: 0.1463m | Time:  673.0s
2025-09-19 19:27:55,083 - INFO - Episode 25600 | Reward:    7.66 | Pos Error: 0.0360m | Time:  674.5s
2025-09-19 19:27:56,565 - INFO - Episode 25650 | Reward:    6.66 | Pos Error: 0.0551m | Time:  676.0s
2025-09-19 19:27:57,848 - INFO - Episode 25700 | Reward:    6.62 | Pos Error: 0.0952m | Time:  677.3s
2025-09-19 19:27:59,288 - INFO - Episode 25750 | Reward:    6.48 | Pos Error: 0.1043m | Time:  678.7s
2025-09-19 19:28:00,663 - INFO - Episode 25800 | Reward:    6.34 | Pos Error: 0.1528m | Time:  680.1s
2025-09-19 19:28:02,079 - INFO - Episode 25850 | Reward:    6.23 | Pos Error: 0.1121m | Time:  681.5s
2025-09-19 19:28:03,494 - INFO - Episode 25900 | Reward:    6.66 | Pos Error: 0.0879m | Time:  682.9s
2025-09-19 19:28:04,977 - INFO - Episode 25950 | Reward:    6.34 | Pos Error: 0.1513m | Time:  684.4s
2025-09-19 19:28:06,487 - INFO - Episode 26000 | Reward:    6.45 | Pos Error: 0.1391m | Time:  685.9s
2025-09-19 19:28:08,024 - INFO - Episode 26050 | Reward:    6.52 | Pos Error: 0.1616m | Time:  687.5s
2025-09-19 19:28:09,564 - INFO - Episode 26100 | Reward:    6.43 | Pos Error: 0.1760m | Time:  689.0s
2025-09-19 19:28:10,964 - INFO - Episode 26150 | Reward:    6.77 | Pos Error: 0.0917m | Time:  690.4s
2025-09-19 19:28:12,474 - INFO - Episode 26200 | Reward:    6.54 | Pos Error: 0.1281m | Time:  691.9s
2025-09-19 19:28:13,939 - INFO - Episode 26250 | Reward:    6.38 | Pos Error: 0.1701m | Time:  693.4s
2025-09-19 19:28:15,374 - INFO - Episode 26300 | Reward:    6.41 | Pos Error: 0.1456m | Time:  694.8s
2025-09-19 19:28:16,744 - INFO - Episode 26350 | Reward:    5.48 | Pos Error: 0.1280m | Time:  696.2s
2025-09-19 19:28:18,234 - INFO - Episode 26400 | Reward:    5.57 | Pos Error: 0.1369m | Time:  697.7s
2025-09-19 19:28:19,473 - INFO - Episode 26450 | Reward:    7.65 | Pos Error: 0.1242m | Time:  698.9s
2025-09-19 19:28:20,987 - INFO - Episode 26500 | Reward:    6.04 | Pos Error: 0.1689m | Time:  700.4s
2025-09-19 19:28:22,444 - INFO - Episode 26550 | Reward:    6.23 | Pos Error: 0.1224m | Time:  701.9s
2025-09-19 19:28:23,962 - INFO - Episode 26600 | Reward:    6.52 | Pos Error: 0.1398m | Time:  703.4s
2025-09-19 19:28:25,364 - INFO - Episode 26650 | Reward:    7.44 | Pos Error: 0.1277m | Time:  704.8s
2025-09-19 19:28:26,961 - INFO - Episode 26700 | Reward:    6.32 | Pos Error: 0.1789m | Time:  706.4s
2025-09-19 19:28:28,445 - INFO - Episode 26750 | Reward:    7.53 | Pos Error: 0.0739m | Time:  707.9s
2025-09-19 19:28:29,810 - INFO - Episode 26800 | Reward:    7.46 | Pos Error: 0.0896m | Time:  709.2s
2025-09-19 19:28:31,138 - INFO - Episode 26850 | Reward:    6.76 | Pos Error: 0.1264m | Time:  710.6s
2025-09-19 19:28:32,529 - INFO - Episode 26900 | Reward:    6.47 | Pos Error: 0.1301m | Time:  712.0s
2025-09-19 19:28:33,963 - INFO - Episode 26950 | Reward:    6.48 | Pos Error: 0.0712m | Time:  713.4s
2025-09-19 19:28:35,345 - INFO - Episode 27000 | Reward:    6.48 | Pos Error: 0.1011m | Time:  714.8s
2025-09-19 19:28:36,679 - INFO - Episode 27050 | Reward:    6.67 | Pos Error: 0.0710m | Time:  716.1s
2025-09-19 19:28:38,191 - INFO - Episode 27100 | Reward:    7.59 | Pos Error: 0.0548m | Time:  717.6s
2025-09-19 19:28:39,661 - INFO - Episode 27150 | Reward:    6.75 | Pos Error: 0.0831m | Time:  719.1s
2025-09-19 19:28:41,191 - INFO - Episode 27200 | Reward:    7.49 | Pos Error: 0.1005m | Time:  720.6s
2025-09-19 19:28:42,723 - INFO - Episode 27250 | Reward:    7.58 | Pos Error: 0.0858m | Time:  722.2s
2025-09-19 19:28:44,288 - INFO - Episode 27300 | Reward:    6.28 | Pos Error: 0.1502m | Time:  723.7s
2025-09-19 19:28:45,822 - INFO - Episode 27350 | Reward:    6.09 | Pos Error: 0.1507m | Time:  725.2s
2025-09-19 19:28:47,258 - INFO - Episode 27400 | Reward:    7.33 | Pos Error: 0.1261m | Time:  726.7s
2025-09-19 19:28:48,819 - INFO - Episode 27450 | Reward:    7.67 | Pos Error: 0.0726m | Time:  728.2s
2025-09-19 19:28:50,181 - INFO - Episode 27500 | Reward:    7.63 | Pos Error: 0.0774m | Time:  729.6s
2025-09-19 19:28:51,648 - INFO - Episode 27550 | Reward:    6.44 | Pos Error: 0.0722m | Time:  731.1s
2025-09-19 19:28:53,090 - INFO - Episode 27600 | Reward:    6.15 | Pos Error: 0.1296m | Time:  732.5s
2025-09-19 19:28:54,534 - INFO - Episode 27650 | Reward:    7.55 | Pos Error: 0.1083m | Time:  734.0s
2025-09-19 19:28:56,057 - INFO - Episode 27700 | Reward:    6.35 | Pos Error: 0.0816m | Time:  735.5s
2025-09-19 19:28:57,485 - INFO - Episode 27750 | Reward:    6.09 | Pos Error: 0.1214m | Time:  736.9s
2025-09-19 19:28:58,864 - INFO - Episode 27800 | Reward:    5.52 | Pos Error: 0.0748m | Time:  738.3s
2025-09-19 19:29:00,114 - INFO - Episode 27850 | Reward:    6.51 | Pos Error: 0.0866m | Time:  739.5s
2025-09-19 19:29:01,303 - INFO - Episode 27900 | Reward:    7.68 | Pos Error: 0.0496m | Time:  740.7s
2025-09-19 19:29:02,672 - INFO - Episode 27950 | Reward:    7.44 | Pos Error: 0.1471m | Time:  742.1s
2025-09-19 19:29:03,994 - INFO - Episode 28000 | Reward:    6.77 | Pos Error: 0.0255m | Time:  743.4s
2025-09-19 19:29:05,355 - INFO - Episode 28050 | Reward:    6.38 | Pos Error: 0.1588m | Time:  744.8s
2025-09-19 19:29:06,669 - INFO - Episode 28100 | Reward:    7.50 | Pos Error: 0.0785m | Time:  746.1s
2025-09-19 19:29:08,018 - INFO - Episode 28150 | Reward:    6.43 | Pos Error: 0.0996m | Time:  747.4s
2025-09-19 19:29:09,295 - INFO - Episode 28200 | Reward:    7.66 | Pos Error: 0.0553m | Time:  748.7s
2025-09-19 19:29:10,474 - INFO - Episode 28250 | Reward:    7.54 | Pos Error: 0.1145m | Time:  749.9s
2025-09-19 19:29:11,722 - INFO - Episode 28300 | Reward:    7.51 | Pos Error: 0.0771m | Time:  751.1s
2025-09-19 19:29:13,088 - INFO - Episode 28350 | Reward:    6.28 | Pos Error: 0.1017m | Time:  752.5s
2025-09-19 19:29:14,481 - INFO - Episode 28400 | Reward:    6.15 | Pos Error: 0.1539m | Time:  753.9s
2025-09-19 19:29:15,917 - INFO - Episode 28450 | Reward:    6.54 | Pos Error: 0.0848m | Time:  755.3s
2025-09-19 19:29:17,377 - INFO - Episode 28500 | Reward:    6.55 | Pos Error: 0.1287m | Time:  756.8s
2025-09-19 19:29:18,870 - INFO - Episode 28550 | Reward:    7.62 | Pos Error: 0.1061m | Time:  758.3s
2025-09-19 19:29:20,298 - INFO - Episode 28600 | Reward:    6.18 | Pos Error: 0.1426m | Time:  759.7s
2025-09-19 19:29:21,790 - INFO - Episode 28650 | Reward:    6.13 | Pos Error: 0.1868m | Time:  761.2s
2025-09-19 19:29:23,222 - INFO - Episode 28700 | Reward:    6.22 | Pos Error: 0.1077m | Time:  762.7s
2025-09-19 19:29:24,630 - INFO - Episode 28750 | Reward:    6.49 | Pos Error: 0.0955m | Time:  764.1s
2025-09-19 19:29:26,193 - INFO - Episode 28800 | Reward:    5.47 | Pos Error: 0.1286m | Time:  765.6s
2025-09-19 19:29:27,641 - INFO - Episode 28850 | Reward:    6.44 | Pos Error: 0.1080m | Time:  767.1s
2025-09-19 19:29:29,135 - INFO - Episode 28900 | Reward:    7.62 | Pos Error: 0.0954m | Time:  768.6s
2025-09-19 19:29:30,603 - INFO - Episode 28950 | Reward:    6.06 | Pos Error: 0.1972m | Time:  770.0s
2025-09-19 19:29:32,061 - INFO - Episode 29000 | Reward:    7.51 | Pos Error: 0.1061m | Time:  771.5s
2025-09-19 19:29:33,522 - INFO - Episode 29050 | Reward:    6.11 | Pos Error: 0.1676m | Time:  773.0s
2025-09-19 19:29:34,914 - INFO - Episode 29100 | Reward:    7.38 | Pos Error: 0.1477m | Time:  774.3s
2025-09-19 19:29:36,282 - INFO - Episode 29150 | Reward:    6.28 | Pos Error: 0.1738m | Time:  775.7s
2025-09-19 19:29:37,695 - INFO - Episode 29200 | Reward:    7.64 | Pos Error: 0.0524m | Time:  777.1s
2025-09-19 19:29:38,976 - INFO - Episode 29250 | Reward:    7.58 | Pos Error: 0.1138m | Time:  778.4s
2025-09-19 19:29:40,280 - INFO - Episode 29300 | Reward:    6.43 | Pos Error: 0.1121m | Time:  779.7s
2025-09-19 19:29:41,562 - INFO - Episode 29350 | Reward:    6.18 | Pos Error: 0.1338m | Time:  781.0s
2025-09-19 19:29:42,781 - INFO - Episode 29400 | Reward:    7.49 | Pos Error: 0.1305m | Time:  782.2s
2025-09-19 19:29:44,131 - INFO - Episode 29450 | Reward:    6.63 | Pos Error: 0.0978m | Time:  783.6s
2025-09-19 19:29:45,502 - INFO - Episode 29500 | Reward:    6.26 | Pos Error: 0.1267m | Time:  784.9s
2025-09-19 19:29:46,808 - INFO - Episode 29550 | Reward:    5.24 | Pos Error: 0.1822m | Time:  786.2s
2025-09-19 19:29:48,347 - INFO - Episode 29600 | Reward:    6.30 | Pos Error: 0.1011m | Time:  787.8s
2025-09-19 19:29:49,780 - INFO - Episode 29650 | Reward:    7.38 | Pos Error: 0.0821m | Time:  789.2s
2025-09-19 19:29:51,180 - INFO - Episode 29700 | Reward:    6.33 | Pos Error: 0.1077m | Time:  790.6s
2025-09-19 19:29:52,641 - INFO - Episode 29750 | Reward:    7.37 | Pos Error: 0.1102m | Time:  792.1s
2025-09-19 19:29:54,082 - INFO - Episode 29800 | Reward:    7.36 | Pos Error: 0.1238m | Time:  793.5s
2025-09-19 19:29:55,512 - INFO - Episode 29850 | Reward:    6.41 | Pos Error: 0.0894m | Time:  794.9s
2025-09-19 19:29:57,001 - INFO - Episode 29900 | Reward:    6.12 | Pos Error: 0.1731m | Time:  796.4s
2025-09-19 19:29:58,391 - INFO - Episode 29950 | Reward:    7.39 | Pos Error: 0.1864m | Time:  797.8s
2025-09-19 19:29:59,993 - INFO - Episode 30000 | Reward:    6.19 | Pos Error: 0.1424m | Time:  799.4s
2025-09-19 19:30:01,368 - INFO - Episode 30050 | Reward:    6.63 | Pos Error: 0.1196m | Time:  800.8s
2025-09-19 19:30:02,792 - INFO - Episode 30100 | Reward:    5.38 | Pos Error: 0.1016m | Time:  802.2s
2025-09-19 19:30:04,213 - INFO - Episode 30150 | Reward:    7.46 | Pos Error: 0.0758m | Time:  803.6s
2025-09-19 19:30:05,659 - INFO - Episode 30200 | Reward:    7.51 | Pos Error: 0.1471m | Time:  805.1s
2025-09-19 19:30:07,122 - INFO - Episode 30250 | Reward:    7.55 | Pos Error: 0.0671m | Time:  806.6s
2025-09-19 19:30:08,743 - INFO - Episode 30300 | Reward:    6.66 | Pos Error: 0.0956m | Time:  808.2s
2025-09-19 19:30:10,066 - INFO - Episode 30350 | Reward:    7.48 | Pos Error: 0.1173m | Time:  809.5s
2025-09-19 19:30:11,345 - INFO - Episode 30400 | Reward:    7.50 | Pos Error: 0.0923m | Time:  810.8s
2025-09-19 19:30:12,625 - INFO - Episode 30450 | Reward:    7.19 | Pos Error: 0.1310m | Time:  812.1s
2025-09-19 19:30:13,982 - INFO - Episode 30500 | Reward:    7.41 | Pos Error: 0.1388m | Time:  813.4s
2025-09-19 19:30:15,379 - INFO - Episode 30550 | Reward:    7.47 | Pos Error: 0.1377m | Time:  814.8s
2025-09-19 19:30:16,624 - INFO - Episode 30600 | Reward:    5.32 | Pos Error: 0.1085m | Time:  816.1s
2025-09-19 19:30:17,873 - INFO - Episode 30650 | Reward:    6.25 | Pos Error: 0.1721m | Time:  817.3s
2025-09-19 19:30:19,247 - INFO - Episode 30700 | Reward:    6.51 | Pos Error: 0.1133m | Time:  818.7s
2025-09-19 19:30:20,696 - INFO - Episode 30750 | Reward:  210.33 | Pos Error: 4.3995m | Time:  820.1s
2025-09-19 19:30:22,138 - INFO - Episode 30800 | Reward:    6.34 | Pos Error: 0.0981m | Time:  821.6s
2025-09-19 19:30:23,577 - INFO - Episode 30850 | Reward:    7.46 | Pos Error: 0.1331m | Time:  823.0s
2025-09-19 19:30:25,041 - INFO - Episode 30900 | Reward:    8.18 | Pos Error: 0.1606m | Time:  824.5s
2025-09-19 19:30:26,410 - INFO - Episode 30950 | Reward:    7.45 | Pos Error: 0.1106m | Time:  825.8s
2025-09-19 19:30:27,845 - INFO - Episode 31000 | Reward:    6.43 | Pos Error: 0.1330m | Time:  827.3s
2025-09-19 19:30:29,305 - INFO - Episode 31050 | Reward:    5.54 | Pos Error: 0.1054m | Time:  828.7s
2025-09-19 19:30:30,826 - INFO - Episode 31100 | Reward:    6.30 | Pos Error: 0.1116m | Time:  830.3s
2025-09-19 19:30:32,297 - INFO - Episode 31150 | Reward:    7.24 | Pos Error: 0.1446m | Time:  831.7s
2025-09-19 19:30:33,764 - INFO - Episode 31200 | Reward:    6.41 | Pos Error: 0.1150m | Time:  833.2s
2025-09-19 19:30:35,295 - INFO - Episode 31250 | Reward:    6.24 | Pos Error: 0.0982m | Time:  834.7s
2025-09-19 19:30:36,743 - INFO - Episode 31300 | Reward:    6.36 | Pos Error: 0.1320m | Time:  836.2s
2025-09-19 19:30:38,272 - INFO - Episode 31350 | Reward:    6.67 | Pos Error: 0.0678m | Time:  837.7s
2025-09-19 19:30:39,685 - INFO - Episode 31400 | Reward:    6.66 | Pos Error: 0.1252m | Time:  839.1s
2025-09-19 19:30:41,098 - INFO - Episode 31450 | Reward:    6.33 | Pos Error: 0.1456m | Time:  840.5s
2025-09-19 19:30:42,660 - INFO - Episode 31500 | Reward:    6.73 | Pos Error: 0.1033m | Time:  842.1s
2025-09-19 19:30:44,107 - INFO - Episode 31550 | Reward:    5.55 | Pos Error: 0.1315m | Time:  843.5s
2025-09-19 19:30:45,521 - INFO - Episode 31600 | Reward:    7.57 | Pos Error: 0.0751m | Time:  844.9s
2025-09-19 19:30:47,049 - INFO - Episode 31650 | Reward:    6.55 | Pos Error: 0.0750m | Time:  846.5s
2025-09-19 19:30:48,453 - INFO - Episode 31700 | Reward:    7.58 | Pos Error: 0.0936m | Time:  847.9s
2025-09-19 19:30:49,841 - INFO - Episode 31750 | Reward:    5.38 | Pos Error: 0.1400m | Time:  849.3s
2025-09-19 19:30:51,140 - INFO - Episode 31800 | Reward:    6.45 | Pos Error: 0.1462m | Time:  850.6s
2025-09-19 19:30:52,535 - INFO - Episode 31850 | Reward:    6.35 | Pos Error: 0.1732m | Time:  852.0s
2025-09-19 19:30:53,976 - INFO - Episode 31900 | Reward:    5.46 | Pos Error: 0.1286m | Time:  853.4s
2025-09-19 19:30:55,567 - INFO - Episode 31950 | Reward:    6.47 | Pos Error: 0.1269m | Time:  855.0s
2025-09-19 19:30:57,090 - INFO - Episode 32000 | Reward:    7.54 | Pos Error: 0.0904m | Time:  856.5s
2025-09-19 19:30:58,502 - INFO - Episode 32050 | Reward:    6.51 | Pos Error: 0.1125m | Time:  857.9s
2025-09-19 19:31:00,057 - INFO - Episode 32100 | Reward:    6.40 | Pos Error: 0.1208m | Time:  859.5s
2025-09-19 19:31:01,488 - INFO - Episode 32150 | Reward:    6.25 | Pos Error: 0.1660m | Time:  860.9s
2025-09-19 19:31:02,932 - INFO - Episode 32200 | Reward:    6.47 | Pos Error: 0.1348m | Time:  862.4s
2025-09-19 19:31:04,260 - INFO - Episode 32250 | Reward:    6.40 | Pos Error: 0.0866m | Time:  863.7s
2025-09-19 19:31:05,763 - INFO - Episode 32300 | Reward:    7.27 | Pos Error: 0.1382m | Time:  865.2s
2025-09-19 19:31:07,173 - INFO - Episode 32350 | Reward:    7.38 | Pos Error: 0.1477m | Time:  866.6s
2025-09-19 19:31:08,623 - INFO - Episode 32400 | Reward:    6.68 | Pos Error: 0.1221m | Time:  868.1s
2025-09-19 19:31:09,967 - INFO - Episode 32450 | Reward:    7.54 | Pos Error: 0.1407m | Time:  869.4s
2025-09-19 19:31:11,310 - INFO - Episode 32500 | Reward:    6.58 | Pos Error: 0.0484m | Time:  870.7s
2025-09-19 19:31:12,753 - INFO - Episode 32550 | Reward:    6.71 | Pos Error: 0.0541m | Time:  872.2s
2025-09-19 19:31:14,246 - INFO - Episode 32600 | Reward:    7.57 | Pos Error: 0.1072m | Time:  873.7s
2025-09-19 19:31:15,691 - INFO - Episode 32650 | Reward:    7.67 | Pos Error: 0.0414m | Time:  875.1s
2025-09-19 19:31:17,093 - INFO - Episode 32700 | Reward:    7.27 | Pos Error: 0.1935m | Time:  876.5s
2025-09-19 19:31:18,600 - INFO - Episode 32750 | Reward:    5.53 | Pos Error: 0.0649m | Time:  878.0s
2025-09-19 19:31:20,031 - INFO - Episode 32800 | Reward:    7.30 | Pos Error: 0.1567m | Time:  879.5s
2025-09-19 19:31:21,403 - INFO - Episode 32850 | Reward:    6.54 | Pos Error: 0.1701m | Time:  880.8s
2025-09-19 19:31:22,773 - INFO - Episode 32900 | Reward:    7.68 | Pos Error: 0.0719m | Time:  882.2s
2025-09-19 19:31:24,255 - INFO - Episode 32950 | Reward:    6.32 | Pos Error: 0.0810m | Time:  883.7s
2025-09-19 19:31:25,661 - INFO - Episode 33000 | Reward:    7.30 | Pos Error: 0.1451m | Time:  885.1s
2025-09-19 19:31:27,150 - INFO - Episode 33050 | Reward:    6.66 | Pos Error: 0.0874m | Time:  886.6s
2025-09-19 19:31:28,536 - INFO - Episode 33100 | Reward:    6.48 | Pos Error: 0.0992m | Time:  888.0s
2025-09-19 19:31:29,922 - INFO - Episode 33150 | Reward:    7.50 | Pos Error: 0.1001m | Time:  889.3s
2025-09-19 19:31:31,342 - INFO - Episode 33200 | Reward:    7.31 | Pos Error: 0.0937m | Time:  890.8s
2025-09-19 19:31:32,882 - INFO - Episode 33250 | Reward:    5.98 | Pos Error: 0.2009m | Time:  892.3s
2025-09-19 19:31:34,424 - INFO - Episode 33300 | Reward:    7.42 | Pos Error: 0.0928m | Time:  893.9s
2025-09-19 19:31:35,910 - INFO - Episode 33350 | Reward:    6.18 | Pos Error: 0.1403m | Time:  895.3s
2025-09-19 19:31:37,379 - INFO - Episode 33400 | Reward:    6.42 | Pos Error: 0.0533m | Time:  896.8s
2025-09-19 19:31:38,938 - INFO - Episode 33450 | Reward:    7.55 | Pos Error: 0.1178m | Time:  898.4s
2025-09-19 19:31:40,426 - INFO - Episode 33500 | Reward:    6.17 | Pos Error: 0.1737m | Time:  899.9s
2025-09-19 19:31:41,832 - INFO - Episode 33550 | Reward:    7.34 | Pos Error: 0.1570m | Time:  901.3s
2025-09-19 19:31:43,330 - INFO - Episode 33600 | Reward:    7.64 | Pos Error: 0.0527m | Time:  902.8s
2025-09-19 19:31:44,755 - INFO - Episode 33650 | Reward:    7.36 | Pos Error: 0.1185m | Time:  904.2s
2025-09-19 19:31:46,186 - INFO - Episode 33700 | Reward:    7.49 | Pos Error: 0.0958m | Time:  905.6s
2025-09-19 19:31:47,679 - INFO - Episode 33750 | Reward:    6.49 | Pos Error: 0.1273m | Time:  907.1s
2025-09-19 19:31:49,242 - INFO - Episode 33800 | Reward:    6.24 | Pos Error: 0.1395m | Time:  908.7s
2025-09-19 19:31:50,690 - INFO - Episode 33850 | Reward:    7.57 | Pos Error: 0.1136m | Time:  910.1s
2025-09-19 19:31:52,265 - INFO - Episode 33900 | Reward:    6.41 | Pos Error: 0.0816m | Time:  911.7s
2025-09-19 19:31:53,715 - INFO - Episode 33950 | Reward:    6.13 | Pos Error: 0.1121m | Time:  913.1s
2025-09-19 19:31:55,231 - INFO - Episode 34000 | Reward:    6.21 | Pos Error: 0.1551m | Time:  914.7s
2025-09-19 19:31:56,741 - INFO - Episode 34050 | Reward:    7.44 | Pos Error: 0.1359m | Time:  916.2s
2025-09-19 19:31:58,141 - INFO - Episode 34100 | Reward:    7.62 | Pos Error: 0.1519m | Time:  917.6s
2025-09-19 19:31:59,631 - INFO - Episode 34150 | Reward:    7.20 | Pos Error: 0.0715m | Time:  919.1s
2025-09-19 19:32:00,902 - INFO - Episode 34200 | Reward:    7.21 | Pos Error: 0.1333m | Time:  920.3s
2025-09-19 19:32:02,393 - INFO - Episode 34250 | Reward:    6.11 | Pos Error: 0.1716m | Time:  921.8s
2025-09-19 19:32:03,771 - INFO - Episode 34300 | Reward:    7.54 | Pos Error: 0.0615m | Time:  923.2s
2025-09-19 19:32:05,163 - INFO - Episode 34350 | Reward:    6.54 | Pos Error: 0.1142m | Time:  924.6s
2025-09-19 19:32:06,469 - INFO - Episode 34400 | Reward:    6.01 | Pos Error: 0.1805m | Time:  925.9s
2025-09-19 19:32:07,907 - INFO - Episode 34450 | Reward:    6.54 | Pos Error: 0.1195m | Time:  927.3s
2025-09-19 19:32:09,338 - INFO - Episode 34500 | Reward:    7.47 | Pos Error: 0.1139m | Time:  928.8s
2025-09-19 19:32:10,804 - INFO - Episode 34550 | Reward:    6.23 | Pos Error: 0.1159m | Time:  930.2s
2025-09-19 19:32:12,375 - INFO - Episode 34600 | Reward:    7.49 | Pos Error: 0.1189m | Time:  931.8s
2025-09-19 19:32:13,858 - INFO - Episode 34650 | Reward:    6.26 | Pos Error: 0.1539m | Time:  933.3s
2025-09-19 19:32:15,257 - INFO - Episode 34700 | Reward:    7.66 | Pos Error: 0.0786m | Time:  934.7s
2025-09-19 19:32:16,674 - INFO - Episode 34750 | Reward:    7.53 | Pos Error: 0.1230m | Time:  936.1s
2025-09-19 19:32:17,977 - INFO - Episode 34800 | Reward:    6.56 | Pos Error: 0.1277m | Time:  937.4s
2025-09-19 19:32:19,346 - INFO - Episode 34850 | Reward:    6.40 | Pos Error: 0.0768m | Time:  938.8s
2025-09-19 19:32:20,585 - INFO - Episode 34900 | Reward:    7.30 | Pos Error: 0.1317m | Time:  940.0s
2025-09-19 19:32:21,817 - INFO - Episode 34950 | Reward:    6.45 | Pos Error: 0.1055m | Time:  941.2s
2025-09-19 19:32:23,278 - INFO - Episode 35000 | Reward:    6.61 | Pos Error: 0.1530m | Time:  942.7s
2025-09-19 19:32:24,545 - INFO - Episode 35050 | Reward:    7.55 | Pos Error: 0.1121m | Time:  944.0s
2025-09-19 19:32:25,788 - INFO - Episode 35100 | Reward:    6.67 | Pos Error: 0.1231m | Time:  945.2s
2025-09-19 19:32:27,108 - INFO - Episode 35150 | Reward:    7.32 | Pos Error: 0.1137m | Time:  946.5s
2025-09-19 19:32:28,391 - INFO - Episode 35200 | Reward:    6.12 | Pos Error: 0.1674m | Time:  947.8s
2025-09-19 19:32:29,608 - INFO - Episode 35250 | Reward:    7.15 | Pos Error: 0.1116m | Time:  949.0s
2025-09-19 19:32:30,864 - INFO - Episode 35300 | Reward:    7.42 | Pos Error: 0.0648m | Time:  950.3s
2025-09-19 19:32:32,163 - INFO - Episode 35350 | Reward:    6.19 | Pos Error: 0.1760m | Time:  951.6s
2025-09-19 19:32:33,440 - INFO - Episode 35400 | Reward:    6.30 | Pos Error: 0.1032m | Time:  952.9s
2025-09-19 19:32:34,715 - INFO - Episode 35450 | Reward:    7.58 | Pos Error: 0.0657m | Time:  954.1s
2025-09-19 19:32:36,070 - INFO - Episode 35500 | Reward:    6.36 | Pos Error: 0.0746m | Time:  955.5s
2025-09-19 19:32:37,538 - INFO - Episode 35550 | Reward:    6.51 | Pos Error: 0.0876m | Time:  957.0s
2025-09-19 19:32:38,976 - INFO - Episode 35600 | Reward:    7.47 | Pos Error: 0.1360m | Time:  958.4s
2025-09-19 19:32:40,337 - INFO - Episode 35650 | Reward:    6.48 | Pos Error: 0.0568m | Time:  959.8s
2025-09-19 19:32:41,633 - INFO - Episode 35700 | Reward:    7.59 | Pos Error: 0.1030m | Time:  961.1s
2025-09-19 19:32:42,957 - INFO - Episode 35750 | Reward:    6.25 | Pos Error: 0.0847m | Time:  962.4s
2025-09-19 19:32:44,276 - INFO - Episode 35800 | Reward:    6.26 | Pos Error: 0.1156m | Time:  963.7s
2025-09-19 19:32:45,519 - INFO - Episode 35850 | Reward:    7.55 | Pos Error: 0.0586m | Time:  964.9s
2025-09-19 19:32:46,768 - INFO - Episode 35900 | Reward:    7.62 | Pos Error: 0.1247m | Time:  966.2s
2025-09-19 19:32:47,995 - INFO - Episode 35950 | Reward:    7.66 | Pos Error: 0.1220m | Time:  967.4s
2025-09-19 19:32:49,251 - INFO - Episode 36000 | Reward:    6.61 | Pos Error: 0.0586m | Time:  968.7s
2025-09-19 19:32:50,409 - INFO - Episode 36050 | Reward:    6.47 | Pos Error: 0.1347m | Time:  969.8s
2025-09-19 19:32:51,572 - INFO - Episode 36100 | Reward:    6.59 | Pos Error: 0.1138m | Time:  971.0s
2025-09-19 19:32:52,710 - INFO - Episode 36150 | Reward:    5.53 | Pos Error: 0.0679m | Time:  972.1s
2025-09-19 19:32:53,962 - INFO - Episode 36200 | Reward:    5.51 | Pos Error: 0.1132m | Time:  973.4s
2025-09-19 19:32:55,376 - INFO - Episode 36250 | Reward:    6.40 | Pos Error: 0.0914m | Time:  974.8s
2025-09-19 19:32:56,806 - INFO - Episode 36300 | Reward:    6.14 | Pos Error: 0.1768m | Time:  976.2s
2025-09-19 19:32:58,216 - INFO - Episode 36350 | Reward:    6.06 | Pos Error: 0.1752m | Time:  977.6s
2025-09-19 19:32:59,594 - INFO - Episode 36400 | Reward:    6.29 | Pos Error: 0.1575m | Time:  979.0s
2025-09-19 19:33:00,851 - INFO - Episode 36450 | Reward:    6.23 | Pos Error: 0.1466m | Time:  980.3s
2025-09-19 19:33:02,250 - INFO - Episode 36500 | Reward:    6.61 | Pos Error: 0.0876m | Time:  981.7s
2025-09-19 19:33:03,711 - INFO - Episode 36550 | Reward:    6.40 | Pos Error: 0.1303m | Time:  983.1s
2025-09-19 19:33:05,072 - INFO - Episode 36600 | Reward:    6.29 | Pos Error: 0.1317m | Time:  984.5s
2025-09-19 19:33:06,532 - INFO - Episode 36650 | Reward:    6.28 | Pos Error: 0.1144m | Time:  986.0s
2025-09-19 19:33:07,964 - INFO - Episode 36700 | Reward:    6.11 | Pos Error: 0.1177m | Time:  987.4s
2025-09-19 19:33:09,450 - INFO - Episode 36750 | Reward:    7.30 | Pos Error: 0.1618m | Time:  988.9s
2025-09-19 19:33:10,986 - INFO - Episode 36800 | Reward:    6.39 | Pos Error: 0.0758m | Time:  990.4s
2025-09-19 19:33:12,461 - INFO - Episode 36850 | Reward:    7.52 | Pos Error: 0.1100m | Time:  991.9s
2025-09-19 19:33:13,991 - INFO - Episode 36900 | Reward:    6.55 | Pos Error: 0.1413m | Time:  993.4s
2025-09-19 19:33:15,440 - INFO - Episode 36950 | Reward:    7.47 | Pos Error: 0.1125m | Time:  994.9s
2025-09-19 19:33:16,839 - INFO - Episode 37000 | Reward:    6.25 | Pos Error: 0.1010m | Time:  996.3s
2025-09-19 19:33:18,252 - INFO - Episode 37050 | Reward:    6.76 | Pos Error: 0.0686m | Time:  997.7s
2025-09-19 19:33:19,568 - INFO - Episode 37100 | Reward:    7.52 | Pos Error: 0.1109m | Time:  999.0s
2025-09-19 19:33:21,035 - INFO - Episode 37150 | Reward:    7.35 | Pos Error: 0.1444m | Time: 1000.5s
2025-09-19 19:33:22,488 - INFO - Episode 37200 | Reward:    7.56 | Pos Error: 0.1112m | Time: 1001.9s
2025-09-19 19:33:23,979 - INFO - Episode 37250 | Reward:    6.53 | Pos Error: 0.0808m | Time: 1003.4s
2025-09-19 19:33:25,344 - INFO - Episode 37300 | Reward:    7.42 | Pos Error: 0.0881m | Time: 1004.8s
2025-09-19 19:33:26,848 - INFO - Episode 37350 | Reward:    6.69 | Pos Error: 0.0864m | Time: 1006.3s
2025-09-19 19:33:28,281 - INFO - Episode 37400 | Reward:    7.49 | Pos Error: 0.0931m | Time: 1007.7s
2025-09-19 19:33:29,810 - INFO - Episode 37450 | Reward:    6.45 | Pos Error: 0.1516m | Time: 1009.2s
2025-09-19 19:33:31,382 - INFO - Episode 37500 | Reward:    7.65 | Pos Error: 0.0805m | Time: 1010.8s
2025-09-19 19:33:32,833 - INFO - Episode 37550 | Reward:    6.40 | Pos Error: 0.0849m | Time: 1012.3s
2025-09-19 19:33:34,339 - INFO - Episode 37600 | Reward:    6.18 | Pos Error: 0.1116m | Time: 1013.8s
2025-09-19 19:33:35,678 - INFO - Episode 37650 | Reward:    6.42 | Pos Error: 0.1195m | Time: 1015.1s
2025-09-19 19:33:36,982 - INFO - Episode 37700 | Reward:    7.21 | Pos Error: 0.1053m | Time: 1016.4s
2025-09-19 19:33:38,391 - INFO - Episode 37750 | Reward:    6.42 | Pos Error: 0.0949m | Time: 1017.8s
2025-09-19 19:33:39,716 - INFO - Episode 37800 | Reward:    6.24 | Pos Error: 0.1180m | Time: 1019.1s
2025-09-19 19:33:40,961 - INFO - Episode 37850 | Reward:    6.39 | Pos Error: 0.1512m | Time: 1020.4s
2025-09-19 19:33:42,343 - INFO - Episode 37900 | Reward:    5.37 | Pos Error: 0.1358m | Time: 1021.8s
2025-09-19 19:33:43,807 - INFO - Episode 37950 | Reward:    6.69 | Pos Error: 0.1113m | Time: 1023.2s
2025-09-19 19:33:45,188 - INFO - Episode 38000 | Reward:    7.24 | Pos Error: 0.1086m | Time: 1024.6s
2025-09-19 19:33:46,510 - INFO - Episode 38050 | Reward:    6.49 | Pos Error: 0.1579m | Time: 1025.9s
2025-09-19 19:33:47,771 - INFO - Episode 38100 | Reward:    6.48 | Pos Error: 0.0949m | Time: 1027.2s
2025-09-19 19:33:49,085 - INFO - Episode 38150 | Reward:    6.37 | Pos Error: 0.1261m | Time: 1028.5s
2025-09-19 19:33:50,438 - INFO - Episode 38200 | Reward:    6.35 | Pos Error: 0.1735m | Time: 1029.9s
2025-09-19 19:33:51,834 - INFO - Episode 38250 | Reward:    5.53 | Pos Error: 0.0993m | Time: 1031.3s
2025-09-19 19:33:53,236 - INFO - Episode 38300 | Reward:    6.34 | Pos Error: 0.0455m | Time: 1032.7s
2025-09-19 19:33:54,517 - INFO - Episode 38350 | Reward:    7.36 | Pos Error: 0.1306m | Time: 1033.9s
2025-09-19 19:33:55,925 - INFO - Episode 38400 | Reward:    7.41 | Pos Error: 0.0770m | Time: 1035.4s
2025-09-19 19:33:57,398 - INFO - Episode 38450 | Reward:    7.56 | Pos Error: 0.1116m | Time: 1036.8s
2025-09-19 19:33:58,853 - INFO - Episode 38500 | Reward:    6.35 | Pos Error: 0.1545m | Time: 1038.3s
2025-09-19 19:34:00,236 - INFO - Episode 38550 | Reward:    7.61 | Pos Error: 0.1290m | Time: 1039.7s
2025-09-19 19:34:01,746 - INFO - Episode 38600 | Reward:    7.37 | Pos Error: 0.1359m | Time: 1041.2s
2025-09-19 19:34:03,181 - INFO - Episode 38650 | Reward:    6.49 | Pos Error: 0.1300m | Time: 1042.6s
2025-09-19 19:34:04,709 - INFO - Episode 38700 | Reward:    7.46 | Pos Error: 0.1491m | Time: 1044.1s
2025-09-19 19:34:06,237 - INFO - Episode 38750 | Reward:    7.62 | Pos Error: 0.0515m | Time: 1045.7s
2025-09-19 19:34:07,682 - INFO - Episode 38800 | Reward:    6.70 | Pos Error: 0.1121m | Time: 1047.1s
2025-09-19 19:34:09,127 - INFO - Episode 38850 | Reward:    7.30 | Pos Error: 0.1447m | Time: 1048.6s
2025-09-19 19:34:10,634 - INFO - Episode 38900 | Reward:    6.27 | Pos Error: 0.1727m | Time: 1050.1s
2025-09-19 19:34:12,044 - INFO - Episode 38950 | Reward:    6.26 | Pos Error: 0.1297m | Time: 1051.5s
2025-09-19 19:34:13,541 - INFO - Episode 39000 | Reward:    5.54 | Pos Error: 0.0848m | Time: 1053.0s
2025-09-19 19:34:14,972 - INFO - Episode 39050 | Reward:    5.55 | Pos Error: 0.0766m | Time: 1054.4s
2025-09-19 19:34:16,377 - INFO - Episode 39100 | Reward:    7.59 | Pos Error: 0.0431m | Time: 1055.8s
2025-09-19 19:34:17,807 - INFO - Episode 39150 | Reward:    6.62 | Pos Error: 0.1030m | Time: 1057.2s
2025-09-19 19:34:19,282 - INFO - Episode 39200 | Reward:    6.77 | Pos Error: 0.0604m | Time: 1058.7s
2025-09-19 19:34:20,717 - INFO - Episode 39250 | Reward:    5.57 | Pos Error: 0.1271m | Time: 1060.1s
2025-09-19 19:34:22,113 - INFO - Episode 39300 | Reward:    6.16 | Pos Error: 0.1364m | Time: 1061.5s
2025-09-19 19:34:23,514 - INFO - Episode 39350 | Reward:    6.48 | Pos Error: 0.1086m | Time: 1062.9s
2025-09-19 19:34:25,052 - INFO - Episode 39400 | Reward:    6.20 | Pos Error: 0.1592m | Time: 1064.5s
2025-09-19 19:34:26,505 - INFO - Episode 39450 | Reward:    6.74 | Pos Error: 0.0935m | Time: 1065.9s
2025-09-19 19:34:28,023 - INFO - Episode 39500 | Reward:    6.24 | Pos Error: 0.1586m | Time: 1067.5s
2025-09-19 19:34:29,329 - INFO - Episode 39550 | Reward:    6.59 | Pos Error: 0.0787m | Time: 1068.8s
2025-09-19 19:34:30,595 - INFO - Episode 39600 | Reward:    7.21 | Pos Error: 0.1389m | Time: 1070.0s
2025-09-19 19:34:32,087 - INFO - Episode 39650 | Reward:    6.26 | Pos Error: 0.1243m | Time: 1071.5s
2025-09-19 19:34:33,462 - INFO - Episode 39700 | Reward:    6.53 | Pos Error: 0.1170m | Time: 1072.9s
2025-09-19 19:34:34,921 - INFO - Episode 39750 | Reward:    5.50 | Pos Error: 0.0853m | Time: 1074.3s
2025-09-19 19:34:36,322 - INFO - Episode 39800 | Reward:    6.70 | Pos Error: 0.1334m | Time: 1075.8s
2025-09-19 19:34:37,811 - INFO - Episode 39850 | Reward:    6.52 | Pos Error: 0.1430m | Time: 1077.2s
2025-09-19 19:34:39,201 - INFO - Episode 39900 | Reward:    7.63 | Pos Error: 0.1235m | Time: 1078.6s
2025-09-19 19:34:40,722 - INFO - Episode 39950 | Reward:    6.25 | Pos Error: 0.1132m | Time: 1080.2s
2025-09-19 19:34:42,585 - INFO - Episode 40000 | Reward:    6.26 | Pos Error: 0.1373m | Time: 1082.0s
2025-09-19 19:34:43,964 - INFO - Episode 40050 | Reward:    7.66 | Pos Error: 0.0868m | Time: 1083.4s
2025-09-19 19:34:45,340 - INFO - Episode 40100 | Reward:    6.66 | Pos Error: 0.1199m | Time: 1084.8s
2025-09-19 19:34:46,636 - INFO - Episode 40150 | Reward:    6.40 | Pos Error: 0.1150m | Time: 1086.1s
2025-09-19 19:34:48,080 - INFO - Episode 40200 | Reward:    6.52 | Pos Error: 0.1255m | Time: 1087.5s
2025-09-19 19:34:49,432 - INFO - Episode 40250 | Reward:    7.38 | Pos Error: 0.1398m | Time: 1088.9s
2025-09-19 19:34:50,771 - INFO - Episode 40300 | Reward:    7.27 | Pos Error: 0.1208m | Time: 1090.2s
2025-09-19 19:34:52,169 - INFO - Episode 40350 | Reward:    6.10 | Pos Error: 0.1403m | Time: 1091.6s
2025-09-19 19:34:53,600 - INFO - Episode 40400 | Reward:    5.22 | Pos Error: 0.1450m | Time: 1093.0s
2025-09-19 19:34:54,991 - INFO - Episode 40450 | Reward:    7.66 | Pos Error: 0.1061m | Time: 1094.4s
2025-09-19 19:34:56,379 - INFO - Episode 40500 | Reward:    6.46 | Pos Error: 0.1352m | Time: 1095.8s
2025-09-19 19:34:57,829 - INFO - Episode 40550 | Reward:    6.41 | Pos Error: 0.0862m | Time: 1097.3s
2025-09-19 19:34:59,290 - INFO - Episode 40600 | Reward:    6.10 | Pos Error: 0.1469m | Time: 1098.7s
2025-09-19 19:35:00,709 - INFO - Episode 40650 | Reward:    6.41 | Pos Error: 0.0978m | Time: 1100.1s
2025-09-19 19:35:02,247 - INFO - Episode 40700 | Reward:    6.45 | Pos Error: 0.1684m | Time: 1101.7s
2025-09-19 19:35:03,692 - INFO - Episode 40750 | Reward:    7.47 | Pos Error: 0.1006m | Time: 1103.1s
2025-09-19 19:35:05,156 - INFO - Episode 40800 | Reward:    7.41 | Pos Error: 0.1190m | Time: 1104.6s
2025-09-19 19:35:06,628 - INFO - Episode 40850 | Reward:    5.51 | Pos Error: 0.1060m | Time: 1106.1s
2025-09-19 19:35:08,197 - INFO - Episode 40900 | Reward:    5.26 | Pos Error: 0.1704m | Time: 1107.6s
2025-09-19 19:35:09,635 - INFO - Episode 40950 | Reward:    7.56 | Pos Error: 0.0933m | Time: 1109.1s
2025-09-19 19:35:11,076 - INFO - Episode 41000 | Reward:    5.31 | Pos Error: 0.1281m | Time: 1110.5s
2025-09-19 19:35:12,478 - INFO - Episode 41050 | Reward:    6.73 | Pos Error: 0.1165m | Time: 1111.9s
2025-09-19 19:35:13,905 - INFO - Episode 41100 | Reward:    6.38 | Pos Error: 0.1509m | Time: 1113.3s
2025-09-19 19:35:15,331 - INFO - Episode 41150 | Reward:    6.29 | Pos Error: 0.1769m | Time: 1114.8s
2025-09-19 19:35:16,793 - INFO - Episode 41200 | Reward:    6.35 | Pos Error: 0.1347m | Time: 1116.2s
2025-09-19 19:35:18,271 - INFO - Episode 41250 | Reward:    6.60 | Pos Error: 0.1096m | Time: 1117.7s
2025-09-19 19:35:19,755 - INFO - Episode 41300 | Reward:    7.48 | Pos Error: 0.0208m | Time: 1119.2s
2025-09-19 19:35:21,288 - INFO - Episode 41350 | Reward:    6.25 | Pos Error: 0.1052m | Time: 1120.7s
2025-09-19 19:35:22,682 - INFO - Episode 41400 | Reward:    6.46 | Pos Error: 0.1206m | Time: 1122.1s
2025-09-19 19:35:24,126 - INFO - Episode 41450 | Reward:    6.44 | Pos Error: 0.0807m | Time: 1123.6s
2025-09-19 19:35:25,527 - INFO - Episode 41500 | Reward:    7.65 | Pos Error: 0.0871m | Time: 1125.0s
2025-09-19 19:35:26,911 - INFO - Episode 41550 | Reward:    7.64 | Pos Error: 0.0946m | Time: 1126.3s
2025-09-19 19:35:28,278 - INFO - Episode 41600 | Reward:    7.39 | Pos Error: 0.1220m | Time: 1127.7s
2025-09-19 19:35:29,666 - INFO - Episode 41650 | Reward:    7.50 | Pos Error: 0.0876m | Time: 1129.1s
2025-09-19 19:35:31,213 - INFO - Episode 41700 | Reward:    6.25 | Pos Error: 0.1548m | Time: 1130.6s
2025-09-19 19:35:32,508 - INFO - Episode 41750 | Reward:    6.32 | Pos Error: 0.1403m | Time: 1131.9s
2025-09-19 19:35:33,903 - INFO - Episode 41800 | Reward:    7.65 | Pos Error: 0.0808m | Time: 1133.3s
2025-09-19 19:35:35,398 - INFO - Episode 41850 | Reward:    5.32 | Pos Error: 0.1169m | Time: 1134.8s
2025-09-19 19:35:36,925 - INFO - Episode 41900 | Reward:    6.09 | Pos Error: 0.1303m | Time: 1136.4s
2025-09-19 19:35:38,427 - INFO - Episode 41950 | Reward:    7.52 | Pos Error: 0.1008m | Time: 1137.9s
2025-09-19 19:35:39,867 - INFO - Episode 42000 | Reward:    7.54 | Pos Error: 0.1143m | Time: 1139.3s
2025-09-19 19:35:41,310 - INFO - Episode 42050 | Reward:    6.27 | Pos Error: 0.0521m | Time: 1140.7s
2025-09-19 19:35:42,769 - INFO - Episode 42100 | Reward:    7.47 | Pos Error: 0.1012m | Time: 1142.2s
2025-09-19 19:35:44,212 - INFO - Episode 42150 | Reward:    7.66 | Pos Error: 0.0759m | Time: 1143.6s
2025-09-19 19:35:45,560 - INFO - Episode 42200 | Reward:    6.14 | Pos Error: 0.1806m | Time: 1145.0s
2025-09-19 19:35:46,902 - INFO - Episode 42250 | Reward:    6.42 | Pos Error: 0.0834m | Time: 1146.3s
2025-09-19 19:35:48,303 - INFO - Episode 42300 | Reward:    6.53 | Pos Error: 0.0850m | Time: 1147.7s
2025-09-19 19:35:49,732 - INFO - Episode 42350 | Reward:    6.57 | Pos Error: 0.1154m | Time: 1149.2s
2025-09-19 19:35:51,156 - INFO - Episode 42400 | Reward:    6.21 | Pos Error: 0.1220m | Time: 1150.6s
2025-09-19 19:35:52,616 - INFO - Episode 42450 | Reward:    6.38 | Pos Error: 0.1176m | Time: 1152.0s
2025-09-19 19:35:54,178 - INFO - Episode 42500 | Reward:    7.44 | Pos Error: 0.1382m | Time: 1153.6s
2025-09-19 19:35:55,775 - INFO - Episode 42550 | Reward:    6.41 | Pos Error: 0.0647m | Time: 1155.2s
2025-09-19 19:35:57,210 - INFO - Episode 42600 | Reward:    7.53 | Pos Error: 0.1253m | Time: 1156.6s
2025-09-19 19:35:58,674 - INFO - Episode 42650 | Reward:    6.37 | Pos Error: 0.1187m | Time: 1158.1s
2025-09-19 19:36:00,144 - INFO - Episode 42700 | Reward:    7.48 | Pos Error: 0.1289m | Time: 1159.6s
2025-09-19 19:36:01,606 - INFO - Episode 42750 | Reward:    7.64 | Pos Error: 0.1230m | Time: 1161.0s
2025-09-19 19:36:02,880 - INFO - Episode 42800 | Reward:    7.41 | Pos Error: 0.1155m | Time: 1162.3s
2025-09-19 19:36:04,246 - INFO - Episode 42850 | Reward:    7.61 | Pos Error: 0.0406m | Time: 1163.7s
2025-09-19 19:36:05,674 - INFO - Episode 42900 | Reward:    7.59 | Pos Error: 0.0334m | Time: 1165.1s
2025-09-19 19:36:07,070 - INFO - Episode 42950 | Reward:    6.36 | Pos Error: 0.0842m | Time: 1166.5s
2025-09-19 19:36:08,481 - INFO - Episode 43000 | Reward:    7.19 | Pos Error: 0.1882m | Time: 1167.9s
2025-09-19 19:36:10,049 - INFO - Episode 43050 | Reward:    7.57 | Pos Error: 0.1578m | Time: 1169.5s
2025-09-19 19:36:11,540 - INFO - Episode 43100 | Reward:    6.47 | Pos Error: 0.1037m | Time: 1171.0s
2025-09-19 19:36:12,903 - INFO - Episode 43150 | Reward:    6.73 | Pos Error: 0.1107m | Time: 1172.3s
2025-09-19 19:36:14,297 - INFO - Episode 43200 | Reward:    7.40 | Pos Error: 0.0819m | Time: 1173.7s
2025-09-19 19:36:15,818 - INFO - Episode 43250 | Reward:    6.77 | Pos Error: 0.0860m | Time: 1175.2s
2025-09-19 19:36:17,355 - INFO - Episode 43300 | Reward:    5.51 | Pos Error: 0.1032m | Time: 1176.8s
2025-09-19 19:36:18,858 - INFO - Episode 43350 | Reward:    7.62 | Pos Error: 0.1066m | Time: 1178.3s
2025-09-19 19:36:20,323 - INFO - Episode 43400 | Reward:    6.56 | Pos Error: 0.1156m | Time: 1179.8s
2025-09-19 19:36:21,775 - INFO - Episode 43450 | Reward:    7.62 | Pos Error: 0.0830m | Time: 1181.2s
2025-09-19 19:36:23,144 - INFO - Episode 43500 | Reward:    7.57 | Pos Error: 0.0454m | Time: 1182.6s
2025-09-19 19:36:24,604 - INFO - Episode 43550 | Reward:    7.43 | Pos Error: 0.0904m | Time: 1184.0s
2025-09-19 19:36:26,123 - INFO - Episode 43600 | Reward:    7.62 | Pos Error: 0.0931m | Time: 1185.6s
2025-09-19 19:36:27,615 - INFO - Episode 43650 | Reward:    6.41 | Pos Error: 0.1529m | Time: 1187.0s
2025-09-19 19:36:29,291 - INFO - Episode 43700 | Reward:    7.64 | Pos Error: 0.1342m | Time: 1188.7s
2025-09-19 19:36:30,759 - INFO - Episode 43750 | Reward:    6.30 | Pos Error: 0.0698m | Time: 1190.2s
2025-09-19 19:36:32,344 - INFO - Episode 43800 | Reward:    6.14 | Pos Error: 0.1386m | Time: 1191.8s
2025-09-19 19:36:33,899 - INFO - Episode 43850 | Reward:    7.53 | Pos Error: 0.1346m | Time: 1193.3s
2025-09-19 19:36:35,282 - INFO - Episode 43900 | Reward:    7.65 | Pos Error: 0.0488m | Time: 1194.7s
2025-09-19 19:36:36,851 - INFO - Episode 43950 | Reward:    6.25 | Pos Error: 0.1319m | Time: 1196.3s
2025-09-19 19:36:38,362 - INFO - Episode 44000 | Reward:    6.11 | Pos Error: 0.1287m | Time: 1197.8s
2025-09-19 19:36:40,446 - INFO - Episode 44050 | Reward:    7.64 | Pos Error: 0.0709m | Time: 1199.9s
2025-09-19 19:36:42,195 - INFO - Episode 44100 | Reward:    7.12 | Pos Error: 0.1513m | Time: 1201.6s
2025-09-19 19:36:43,957 - INFO - Episode 44150 | Reward:    7.39 | Pos Error: 0.1253m | Time: 1203.4s
2025-09-19 19:36:45,484 - INFO - Episode 44200 | Reward:    7.60 | Pos Error: 0.1283m | Time: 1204.9s
2025-09-19 19:36:47,121 - INFO - Episode 44250 | Reward:    6.65 | Pos Error: 0.0664m | Time: 1206.5s
2025-09-19 19:36:48,815 - INFO - Episode 44300 | Reward:    6.33 | Pos Error: 0.0999m | Time: 1208.2s
2025-09-19 19:36:50,704 - INFO - Episode 44350 | Reward:    6.52 | Pos Error: 0.1489m | Time: 1210.1s
