2025-09-19 18:57:27,674 - INFO - ================================================================================
2025-09-19 18:57:27,674 - INFO - SAC DRONE TRAINING SESSION STARTED
2025-09-19 18:57:27,674 - INFO - ================================================================================
2025-09-19 18:57:27,674 - INFO - HYPERPARAMETERS:
2025-09-19 18:57:27,674 - INFO - ----------------------------------------
2025-09-19 18:57:27,674 - INFO - action_noise_std         : 0.0
2025-09-19 18:57:27,674 - INFO - action_size              : 4
2025-09-19 18:57:27,674 - INFO - batch_size               : 256
2025-09-19 18:57:27,674 - INFO - buffer_size              : 300000
2025-09-19 18:57:27,674 - INFO - dt                       : 0.03333333333333333
2025-09-19 18:57:27,674 - INFO - ent_coef                 : auto
2025-09-19 18:57:27,674 - INFO - episode_length           : 10.0
2025-09-19 18:57:27,675 - INFO - gamma                    : 0.98
2025-09-19 18:57:27,675 - INFO - gradient_steps           : 1
2025-09-19 18:57:27,675 - INFO - gui                      : True
2025-09-19 18:57:27,675 - INFO - input_size               : 23
2025-09-19 18:57:27,675 - INFO - learning_rate            : 0.0003
2025-09-19 18:57:27,675 - INFO - learning_starts          : 10000
2025-09-19 18:57:27,675 - INFO - log_interval             : 50
2025-09-19 18:57:27,675 - INFO - log_path                 : ./sac_training_logs/
2025-09-19 18:57:27,675 - INFO - model_path               : ./sac_trained_models/
2025-09-19 18:57:27,675 - INFO - num_envs                 : 4
2025-09-19 18:57:27,675 - INFO - policy_architecture      : [256, 256]
2025-09-19 18:57:27,675 - INFO - q_network_architecture   : [256, 256]
2025-09-19 18:57:27,675 - INFO - record                   : False
2025-09-19 18:57:27,675 - INFO - reference_size           : 3
2025-09-19 18:57:27,675 - INFO - save_interval            : 100
2025-09-19 18:57:27,675 - INFO - seed                     : 42
2025-09-19 18:57:27,675 - INFO - state_size               : 20
2025-09-19 18:57:27,675 - INFO - target_pos               : [0.0, 0.0, 1.0]
2025-09-19 18:57:27,675 - INFO - target_update_interval   : 1
2025-09-19 18:57:27,675 - INFO - tau                      : 0.005
2025-09-19 18:57:27,675 - INFO - total_timesteps          : 600000
2025-09-19 18:57:27,675 - INFO - train_freq               : 1
2025-09-19 18:57:27,675 - INFO - use_sde                  : False
2025-09-19 18:57:27,675 - INFO - ----------------------------------------
2025-09-19 18:57:27,675 - INFO - Log file: /home/osos/Mohamed_Masters_Thesis/SAC_drone/sac_training_logs/sac_drone_training_20250919_185727.log
2025-09-19 18:57:27,675 - INFO - ================================================================================
2025-09-19 18:57:27,676 - INFO - 
==================================================
2025-09-19 18:57:27,676 - INFO - STARTING ROBUST SAC DRONE TRAINING FOR CF2X QUADROTOR
2025-09-19 18:57:27,676 - INFO - ==================================================
