2025-09-16 01:17:55,884 - INFO - ================================================================================
2025-09-16 01:17:55,884 - INFO - SAC DRONE TRAINING SESSION STARTED
2025-09-16 01:17:55,884 - INFO - ================================================================================
2025-09-16 01:17:55,884 - INFO - HYPERPARAMETERS:
2025-09-16 01:17:55,884 - INFO - ----------------------------------------
2025-09-16 01:17:55,884 - INFO - action_noise_std         : 0.1
2025-09-16 01:17:55,884 - INFO - action_size              : 4
2025-09-16 01:17:55,884 - INFO - batch_size               : 128
2025-09-16 01:17:55,884 - INFO - buffer_size              : 50000
2025-09-16 01:17:55,884 - INFO - dt                       : 0.03333333333333333
2025-09-16 01:17:55,884 - INFO - ent_coef                 : auto
2025-09-16 01:17:55,884 - INFO - episode_length           : 10.0
2025-09-16 01:17:55,884 - INFO - gamma                    : 0.98
2025-09-16 01:17:55,884 - INFO - gradient_steps           : 1
2025-09-16 01:17:55,884 - INFO - gui                      : True
2025-09-16 01:17:55,884 - INFO - input_size               : 23
2025-09-16 01:17:55,885 - INFO - learning_rate            : 0.0003
2025-09-16 01:17:55,885 - INFO - learning_starts          : 1000
2025-09-16 01:17:55,885 - INFO - log_interval             : 50
2025-09-16 01:17:55,885 - INFO - normalize_states         : True
2025-09-16 01:17:55,885 - INFO - policy_architecture      : [64, 64]
2025-09-16 01:17:55,885 - INFO - q_network_architecture   : [64, 64]
2025-09-16 01:17:55,885 - INFO - record                   : False
2025-09-16 01:17:55,885 - INFO - reference_size           : 3
2025-09-16 01:17:55,885 - INFO - save_interval            : 100
2025-09-16 01:17:55,885 - INFO - state_size               : 20
2025-09-16 01:17:55,885 - INFO - target_pos               : [0.0, 0.0, 1.0]
2025-09-16 01:17:55,885 - INFO - target_update_interval   : 2
2025-09-16 01:17:55,885 - INFO - tau                      : 0.01
2025-09-16 01:17:55,885 - INFO - total_timesteps          : 600000
2025-09-16 01:17:55,885 - INFO - train_freq               : 4
2025-09-16 01:17:55,885 - INFO - use_sde                  : False
2025-09-16 01:17:55,885 - INFO - ----------------------------------------
2025-09-16 01:17:55,885 - INFO - Log file: /home/osos/Mohamed_Masters_Thesis/SAC_drone/sac_training_logs/sac_drone_training_20250916_011755.log
2025-09-16 01:17:55,885 - INFO - ================================================================================
2025-09-16 01:17:55,885 - INFO - 
==================================================
2025-09-16 01:17:55,885 - INFO - STARTING SAC DRONE TRAINING FOR CF2X QUADROTOR
2025-09-16 01:17:55,885 - INFO - ==================================================
