2025-08-15 01:32:10,504 - INFO - ================================================================================
2025-08-15 01:32:10,504 - INFO - DHP PENDULUM TRAINING SESSION STARTED
2025-08-15 01:32:10,504 - INFO - ================================================================================
2025-08-15 01:32:10,504 - INFO - HYPERPARAMETERS:
2025-08-15 01:32:10,504 - INFO - ----------------------------------------
2025-08-15 01:32:10,504 - INFO - action_size              : 1
2025-08-15 01:32:10,504 - INFO - best_episode_gui         : False
2025-08-15 01:32:10,504 - INFO - episode_length           : 200
2025-08-15 01:32:10,504 - INFO - excitation_amplitude     : 0.2
2025-08-15 01:32:10,504 - INFO - excitation_steps         : 7500
2025-08-15 01:32:10,504 - INFO - fixed_target             : None
2025-08-15 01:32:10,504 - INFO - gamma                    : 0.95
2025-08-15 01:32:10,505 - INFO - gui                      : False
2025-08-15 01:32:10,505 - INFO - hidden_layer_size        : [64, 64, 32]
2025-08-15 01:32:10,505 - INFO - log_interval             : 50
2025-08-15 01:32:10,505 - INFO - lr_actor                 : 0.005
2025-08-15 01:32:10,505 - INFO - lr_critic                : 0.01
2025-08-15 01:32:10,505 - INFO - max_steps                : 200
2025-08-15 01:32:10,505 - INFO - normalize_states         : True
2025-08-15 01:32:10,505 - INFO - num_episodes             : 1500
2025-08-15 01:32:10,505 - INFO - predict_delta            : False
2025-08-15 01:32:10,505 - INFO - record                   : False
2025-08-15 01:32:10,505 - INFO - record_best_episodes     : True
2025-08-15 01:32:10,505 - INFO - recording_fps            : 30
2025-08-15 01:32:10,505 - INFO - reference_size           : 3
2025-08-15 01:32:10,505 - INFO - rls_action_size          : 1
2025-08-15 01:32:10,505 - INFO - rls_covariance           : 100.0
2025-08-15 01:32:10,505 - INFO - rls_gamma                : 0.9995
2025-08-15 01:32:10,505 - INFO - rls_state_size           : 3
2025-08-15 01:32:10,505 - INFO - save_interval            : 200
2025-08-15 01:32:10,505 - INFO - split                    : False
2025-08-15 01:32:10,505 - INFO - state_bounds             : {'cos_theta': [-1.0, 1.0], 'sin_theta': [-1.0, 1.0], 'theta_dot': [-8.0, 8.0]}
2025-08-15 01:32:10,505 - INFO - state_size               : 3
2025-08-15 01:32:10,505 - INFO - target_network           : True
2025-08-15 01:32:10,505 - INFO - tau                      : 0.001
2025-08-15 01:32:10,505 - INFO - update_cycles            : 2
2025-08-15 01:32:10,505 - INFO - ----------------------------------------
2025-08-15 01:32:10,505 - INFO - Log file: /home/osos/Mohamed_Masters_Thesis/DHP_pendulum/training_logs/dhp_pendulum_training_20250815_013210.log
2025-08-15 01:32:10,505 - INFO - ================================================================================
2025-08-15 01:32:10,505 - INFO - 
CONFIGURATION OVERRIDES APPLIED:
2025-08-15 01:32:10,506 - INFO -   num_episodes: 400
2025-08-15 01:32:10,506 - INFO -   episode_length: 200
2025-08-15 01:32:10,506 - INFO -   max_steps: 200
2025-08-15 01:32:10,506 - INFO -   excitation_steps: 7500
2025-08-15 01:32:10,506 - INFO -   excitation_amplitude: 0.2
2025-08-15 01:32:10,506 - INFO -   log_interval: 50
2025-08-15 01:32:10,506 - INFO -   save_interval: 200
2025-08-15 01:32:10,506 - INFO -   gui: False
2025-08-15 01:32:10,506 - INFO -   record: False
2025-08-15 01:32:10,506 - INFO -   normalize_states: True
2025-08-15 01:32:10,506 - INFO -   record_best_episodes: True
2025-08-15 01:32:10,506 - INFO -   lr_critic: 0.001
2025-08-15 01:32:10,506 - INFO -   lr_actor: 0.0005
2025-08-15 01:32:10,506 - INFO -   hidden_layer_size: [64, 64, 32]
2025-08-15 01:32:10,506 - INFO -   gamma: 0.95
2025-08-15 01:32:10,506 - INFO -   update_cycles: 2
2025-08-15 01:32:10,506 - INFO -   tau: 0.001
2025-08-15 01:32:10,506 - INFO - 
==================================================
2025-08-15 01:32:10,506 - INFO - STARTING DHP TRAINING FOR PENDULUM
2025-08-15 01:32:10,506 - INFO - ==================================================
2025-08-15 01:32:10,508 - WARNING - From /home/osos/Mohamed_Masters_Thesis/msc-thesis/agents/dhp.py:70: The name tf.Session is deprecated. Please use tf.compat.v1.Session instead.

2025-08-15 01:32:10,626 - WARNING - From /home/osos/Mohamed_Masters_Thesis/msc-thesis/agents/dhp.py:100: The name tf.placeholder is deprecated. Please use tf.compat.v1.placeholder instead.

2025-08-15 01:32:10,630 - WARNING - From /home/osos/Mohamed_Masters_Thesis/msc-thesis/agents/dhp.py:102: The name tf.placeholder_with_default is deprecated. Please use tf.compat.v1.placeholder_with_default instead.

2025-08-15 01:32:10,639 - WARNING - From /home/osos/Mohamed_Masters_Thesis/msc-thesis/agents/dhp.py:124: The name tf.variable_scope is deprecated. Please use tf.compat.v1.variable_scope instead.

2025-08-15 01:32:10,640 - WARNING - From /home/osos/Mohamed_Masters_Thesis/msc-thesis/agents/dhp.py:128: dense (from tensorflow.python.layers.core) is deprecated and will be removed in a future version.
Instructions for updating:
Use keras.layers.Dense instead.
2025-08-15 01:32:10,642 - WARNING - From /home/osos/anaconda3/envs/DHP/lib/python3.7/site-packages/tensorflow_core/python/layers/core.py:187: Layer.apply (from tensorflow.python.keras.engine.base_layer) is deprecated and will be removed in a future version.
Instructions for updating:
Please use `layer.__call__` method instead.
2025-08-15 01:32:10,679 - WARNING - From /home/osos/Mohamed_Masters_Thesis/msc-thesis/agents/dhp.py:133: The name tf.trainable_variables is deprecated. Please use tf.compat.v1.trainable_variables instead.

2025-08-15 01:32:10,689 - WARNING - From /home/osos/Mohamed_Masters_Thesis/msc-thesis/agents/dhp.py:139: The name tf.train.GradientDescentOptimizer is deprecated. Please use tf.compat.v1.train.GradientDescentOptimizer instead.

2025-08-15 01:32:10,717 - WARNING - From /home/osos/Mohamed_Masters_Thesis/msc-thesis/agents/dhp.py:156: The name tf.assign is deprecated. Please use tf.compat.v1.assign instead.

2025-08-15 01:32:10,776 - WARNING - From /home/osos/Mohamed_Masters_Thesis/msc-thesis/agents/dhp.py:79: The name tf.summary.merge_all is deprecated. Please use tf.compat.v1.summary.merge_all instead.

2025-08-15 01:32:10,777 - WARNING - From /home/osos/Mohamed_Masters_Thesis/msc-thesis/agents/dhp.py:80: The name tf.train.Saver is deprecated. Please use tf.compat.v1.train.Saver instead.

2025-08-15 01:32:10,787 - WARNING - From /home/osos/Mohamed_Masters_Thesis/msc-thesis/agents/dhp.py:81: The name tf.global_variables_initializer is deprecated. Please use tf.compat.v1.global_variables_initializer instead.

2025-08-15 01:32:10,830 - INFO - 
Training for 400 episodes...
2025-08-15 01:32:10,831 - INFO - Episode | Reward  | Avg Cost | Pos Error | Success | Time
2025-08-15 01:32:10,831 - INFO - ------------------------------------------------------------
2025-08-15 01:32:12,094 - INFO - CONVERGENCE EPISODE 0: 0.1936 rad
2025-08-15 01:32:12,094 - INFO -       0 | -543.77 |   13.407 |    0.1936 |   0.000 |    1.3s
2025-08-15 01:32:37,446 - INFO - CONVERGENCE EPISODE 26: 0.3033 rad
2025-08-15 01:32:38,430 - INFO - CONVERGENCE EPISODE 27: 0.2144 rad
2025-08-15 01:32:45,278 - INFO - CONVERGENCE EPISODE 34: 0.4128 rad
2025-08-15 01:32:53,124 - INFO - CONVERGENCE EPISODE 42: 0.4061 rad
2025-08-15 01:32:57,052 - INFO - CONVERGENCE EPISODE 46: 0.0409 rad
2025-08-15 01:33:00,996 - INFO -      50 | -1220.02 |   41.598 |    2.0117 |   0.000 |   50.2s
2025-08-15 01:33:05,985 - INFO - CONVERGENCE EPISODE 55: 0.2401 rad
2025-08-15 01:33:17,863 - INFO - CONVERGENCE EPISODE 67: 0.0723 rad
2025-08-15 01:33:27,491 - INFO - CONVERGENCE EPISODE 77: 0.0236 rad
2025-08-15 01:33:31,407 - INFO - CONVERGENCE EPISODE 81: 0.3275 rad
2025-08-15 01:33:46,956 - INFO - CONVERGENCE EPISODE 97: 0.3193 rad
2025-08-15 01:33:47,937 - INFO - CONVERGENCE EPISODE 98: 0.2827 rad
2025-08-15 01:33:49,878 - INFO - 
2025-08-15 01:33:49,878 - INFO - MILESTONE 100 ANALYSIS:
2025-08-15 01:33:49,878 - INFO -   Recent 50 episodes avg position error: 1.4879 ± 0.8978 rad
2025-08-15 01:33:49,878 - INFO -   Recent 50 episodes avg cost: 33.749
2025-08-15 01:33:49,878 - INFO -   Recent 50 episodes success rate: 4.00%
2025-08-15 01:33:49,878 - INFO -   Convergent episodes ratio (< 0.5 rad): 12.00%
2025-08-15 01:33:49,878 - INFO -   Total convergent episodes so far: 12
2025-08-15 01:33:49,878 - INFO -   Best performance: 0.0236 rad at episode 77
2025-08-15 01:33:49,878 - INFO -   Stable performance not yet achieved
2025-08-15 01:33:49,878 - INFO - 
2025-08-15 01:33:49,878 - INFO -     100 | -740.54 |   34.367 |    2.4032 |   0.000 |   99.0s
2025-08-15 01:34:01,535 - INFO - CONVERGENCE EPISODE 112: 0.4606 rad
2025-08-15 01:34:04,449 - INFO - CONVERGENCE EPISODE 115: 0.3684 rad
2025-08-15 01:34:11,231 - INFO - CONVERGENCE EPISODE 122: 0.4144 rad
2025-08-15 01:34:16,068 - INFO - CONVERGENCE EPISODE 127: 0.2620 rad
2025-08-15 01:34:17,033 - INFO - CONVERGENCE EPISODE 128: 0.0615 rad
2025-08-15 01:34:21,847 - INFO - CONVERGENCE EPISODE 133: 0.1843 rad
2025-08-15 01:34:25,708 - INFO - CONVERGENCE EPISODE 137: 0.3984 rad
2025-08-15 01:34:28,623 - INFO - CONVERGENCE EPISODE 140: 0.2151 rad
2025-08-15 01:34:29,608 - INFO - CONVERGENCE EPISODE 141: 0.1017 rad
2025-08-15 01:34:31,592 - INFO - CONVERGENCE EPISODE 143: 0.1046 rad
2025-08-15 01:34:33,838 - INFO - CONVERGENCE EPISODE 145: 0.0095 rad
2025-08-15 01:34:38,711 - INFO -     150 | -1105.05 |   36.065 |    0.8725 |   0.000 |  147.9s
2025-08-15 01:34:42,716 - INFO - CONVERGENCE EPISODE 154: 0.2197 rad
2025-08-15 01:34:50,606 - INFO - CONVERGENCE EPISODE 162: 0.1094 rad
2025-08-15 01:35:14,204 - INFO - CONVERGENCE EPISODE 186: 0.0424 rad
2025-08-15 01:35:24,983 - INFO - CONVERGENCE EPISODE 197: 0.2410 rad
2025-08-15 01:35:27,935 - INFO -     200 | -405.36 |   10.091 |    0.8076 |   0.000 |  197.1s
2025-08-15 01:35:28,909 - INFO - CONVERGENCE EPISODE 201: 0.3229 rad
2025-08-15 01:35:32,765 - INFO - CONVERGENCE EPISODE 205: 0.3789 rad
2025-08-15 01:35:34,905 - INFO - CONVERGENCE EPISODE 207: 0.4398 rad
2025-08-15 01:35:38,799 - INFO - CONVERGENCE EPISODE 211: 0.1962 rad
2025-08-15 01:35:46,548 - INFO - CONVERGENCE EPISODE 219: 0.1763 rad
2025-08-15 01:35:47,511 - INFO - CONVERGENCE EPISODE 220: 0.3146 rad
2025-08-15 01:36:03,986 - INFO - CONVERGENCE EPISODE 237: 0.3676 rad
2025-08-15 01:36:08,848 - INFO - CONVERGENCE EPISODE 242: 0.2936 rad
2025-08-15 01:36:12,714 - INFO - CONVERGENCE EPISODE 246: 0.3388 rad
2025-08-15 01:36:16,575 - INFO - 
2025-08-15 01:36:16,576 - INFO - MILESTONE 250 ANALYSIS:
2025-08-15 01:36:16,576 - INFO -   Recent 50 episodes avg position error: 1.5703 ± 0.9032 rad
2025-08-15 01:36:16,576 - INFO -   Recent 50 episodes avg cost: 34.024
2025-08-15 01:36:16,576 - INFO -   Recent 50 episodes success rate: 0.00%
2025-08-15 01:36:16,576 - INFO -   Convergent episodes ratio (< 0.5 rad): 18.00%
2025-08-15 01:36:16,576 - INFO -   Total convergent episodes so far: 36
2025-08-15 01:36:16,576 - INFO -   Best performance: 0.0095 rad at episode 145
2025-08-15 01:36:16,576 - INFO -   Stable performance not yet achieved
2025-08-15 01:36:16,576 - INFO - 
2025-08-15 01:36:16,576 - INFO -     250 | -131.87 |    4.749 |    0.8929 |   0.000 |  245.7s
2025-08-15 01:36:19,565 - INFO - CONVERGENCE EPISODE 253: 0.1419 rad
2025-08-15 01:36:23,442 - INFO - CONVERGENCE EPISODE 257: 0.2610 rad
2025-08-15 01:36:25,371 - INFO - CONVERGENCE EPISODE 259: 0.1170 rad
2025-08-15 01:36:34,555 - INFO - CONVERGENCE EPISODE 268: 0.3943 rad
2025-08-15 01:36:43,482 - INFO - CONVERGENCE EPISODE 277: 0.1558 rad
2025-08-15 01:36:49,382 - INFO - CONVERGENCE EPISODE 283: 0.2924 rad
2025-08-15 01:36:53,326 - INFO - CONVERGENCE EPISODE 287: 0.2363 rad
2025-08-15 01:36:54,297 - INFO - CONVERGENCE EPISODE 288: 0.4391 rad
2025-08-15 01:37:04,032 - INFO - CONVERGENCE EPISODE 298: 0.1037 rad
2025-08-15 01:37:05,956 - INFO -     300 | -1215.85 |   43.372 |    0.7461 |   0.000 |  295.1s
2025-08-15 01:37:06,923 - INFO - CONVERGENCE EPISODE 301: 0.3187 rad
2025-08-15 01:37:14,750 - INFO - CONVERGENCE EPISODE 309: 0.1173 rad
2025-08-15 01:37:24,488 - INFO - CONVERGENCE EPISODE 319: 0.2176 rad
2025-08-15 01:37:25,531 - INFO - CONVERGENCE EPISODE 320: 0.1047 rad
2025-08-15 01:37:45,162 - INFO - CONVERGENCE EPISODE 340: 0.2313 rad
2025-08-15 01:37:53,039 - INFO - CONVERGENCE EPISODE 348: 0.0532 rad
2025-08-15 01:37:55,012 - INFO -     350 | -113.35 |    5.656 |    0.7387 |   0.000 |  344.2s
2025-08-15 01:37:56,006 - INFO - CONVERGENCE EPISODE 351: 0.2430 rad
2025-08-15 01:37:59,968 - INFO - CONVERGENCE EPISODE 355: 0.0382 rad
2025-08-15 01:38:05,775 - INFO - CONVERGENCE EPISODE 361: 0.4454 rad
2025-08-15 01:38:11,599 - INFO - CONVERGENCE EPISODE 367: 0.1570 rad
2025-08-15 01:38:26,493 - INFO - CONVERGENCE EPISODE 382: 0.3073 rad
2025-08-15 01:38:30,505 - INFO - CONVERGENCE EPISODE 386: 0.2260 rad
2025-08-15 01:38:33,575 - INFO - CONVERGENCE EPISODE 389: 0.2006 rad
2025-08-15 01:38:38,423 - INFO - CONVERGENCE EPISODE 394: 0.1481 rad
2025-08-15 01:38:43,237 - INFO - 
================================================================================
2025-08-15 01:38:43,237 - INFO - TRAINING COMPLETED - FINAL ANALYSIS
2025-08-15 01:38:43,237 - INFO - ================================================================================
2025-08-15 01:38:43,237 - INFO - Total training time: 392.4 seconds (6.5 minutes)
2025-08-15 01:38:43,237 - INFO - Final episode reward: -1261.55
2025-08-15 01:38:43,237 - INFO - Final position error: 2.2909 rad
2025-08-15 01:38:43,238 - INFO - Final success rate: 0.000
2025-08-15 01:38:43,238 - INFO - Best position error achieved: 0.0095 rad at episode 145
2025-08-15 01:38:43,238 - INFO - Total convergent episodes (< 0.5 rad): 59/400 (14.75%)
2025-08-15 01:38:43,238 - INFO - Recent success rate (last 100 episodes): 2.00%
2025-08-15 01:38:43,238 - INFO - Stable performance achieved: No
2025-08-15 01:38:43,238 - INFO - Position error statistics:
2025-08-15 01:38:43,238 - INFO -   Mean: 1.5474 rad (88.7°)
2025-08-15 01:38:43,238 - INFO -   Std:  0.9175 rad (52.6°)
2025-08-15 01:38:43,238 - INFO -   Min:  0.0095 rad (0.5°)
2025-08-15 01:38:43,239 - INFO -   Max:  3.1331 rad (179.5°)
2025-08-15 01:38:43,239 - INFO -   Median: 1.5199 rad (87.1°)
2025-08-15 01:38:43,239 - INFO - Performance distribution:
2025-08-15 01:38:43,239 - INFO -   Excellent (< 0.1 rad / 5.7°): 8 episodes (2.0%)
2025-08-15 01:38:43,239 - INFO -   Good (0.1-0.3 rad / 5.7°-17.2°): 31 episodes (7.8%)
2025-08-15 01:38:43,239 - INFO -   Acceptable (0.3-0.5 rad / 17.2°-28.6°): 20 episodes (5.0%)
2025-08-15 01:38:43,239 - INFO -   Poor (> 0.5 rad / 28.6°): 341 episodes (85.2%)
2025-08-15 01:38:43,239 - INFO - 
TRAINING CONFIGURATION EFFECTIVENESS:
2025-08-15 01:38:43,239 - INFO - ----------------------------------------
2025-08-15 01:38:43,239 - INFO - Episodes needed for first convergence: 0
2025-08-15 01:38:43,239 - INFO - Excitation phase ended at episode: 37
2025-08-15 01:38:43,243 - INFO - Training metrics saved to: /home/osos/Mohamed_Masters_Thesis/DHP_pendulum/training_logs/dhp_pendulum_metrics_20250815_013843.json
2025-08-15 01:38:43,243 - INFO - 
BEST MODEL CONFIRMED:
2025-08-15 01:38:43,243 - INFO -   Episode: 145
2025-08-15 01:38:43,243 - INFO -   Position Error: 0.0095 rad (0.5°)
2025-08-15 01:38:43,243 - INFO -   Model files: dhp_pendulum_best_*
2025-08-15 01:38:43,244 - INFO - ================================================================================
2025-08-15 01:38:43,244 - INFO - TRAINING SESSION COMPLETED
2025-08-15 01:38:43,244 - INFO - Detailed log saved to: /home/osos/Mohamed_Masters_Thesis/DHP_pendulum/training_logs/dhp_pendulum_training_20250815_013210.log
2025-08-15 01:38:43,244 - INFO - ================================================================================
2025-08-15 01:38:43,303 - INFO - SESSION-BEST EPISODE RECORDED: Episode 145
2025-08-15 01:38:43,303 - INFO -   Replay error: 0.5035 rad vs training error: 0.0095 rad
2025-08-15 01:38:43,303 - INFO -   Target angle: -1.394 rad
2025-08-15 01:38:43,359 - INFO - Model saved with state normalization ENABLED
2025-08-15 01:39:55,811 - INFO - 
==================================================
2025-08-15 01:39:55,812 - INFO - STARTING POLICY DEMONSTRATION
2025-08-15 01:39:55,812 - INFO - ==================================================
2025-08-15 01:39:55,986 - INFO - Demonstration final angle error: 50.0°
2025-08-15 01:39:55,986 - INFO - Training and demonstration session completed successfully!
2025-08-15 01:40:16,985 - INFO - ================================================================================
2025-08-15 01:40:16,985 - INFO - DHP PENDULUM TRAINING SESSION STARTED
2025-08-15 01:40:16,985 - INFO - ================================================================================
2025-08-15 01:40:16,986 - INFO - HYPERPARAMETERS:
2025-08-15 01:40:16,986 - INFO - ----------------------------------------
2025-08-15 01:40:16,986 - INFO - action_size              : 1
2025-08-15 01:40:16,987 - INFO - best_episode_gui         : False
2025-08-15 01:40:16,987 - INFO - episode_length           : 200
2025-08-15 01:40:16,987 - INFO - excitation_amplitude     : 0.2
2025-08-15 01:40:16,988 - INFO - excitation_steps         : 7500
2025-08-15 01:40:16,988 - INFO - fixed_target             : None
2025-08-15 01:40:16,988 - INFO - gamma                    : 0.95
2025-08-15 01:40:16,989 - INFO - gui                      : False
2025-08-15 01:40:16,989 - INFO - hidden_layer_size        : [64, 64, 32]
2025-08-15 01:40:16,989 - INFO - log_interval             : 50
2025-08-15 01:40:16,989 - INFO - lr_actor                 : 0.005
2025-08-15 01:40:16,989 - INFO - lr_critic                : 0.01
2025-08-15 01:40:16,989 - INFO - max_steps                : 200
2025-08-15 01:40:16,989 - INFO - normalize_states         : True
2025-08-15 01:40:16,989 - INFO - num_episodes             : 1500
2025-08-15 01:40:16,989 - INFO - predict_delta            : False
2025-08-15 01:40:16,989 - INFO - record                   : False
2025-08-15 01:40:16,989 - INFO - record_best_episodes     : True
2025-08-15 01:40:16,989 - INFO - recording_fps            : 30
2025-08-15 01:40:16,990 - INFO - reference_size           : 3
2025-08-15 01:40:16,990 - INFO - rls_action_size          : 1
2025-08-15 01:40:16,990 - INFO - rls_covariance           : 100.0
2025-08-15 01:40:16,990 - INFO - rls_gamma                : 0.9995
2025-08-15 01:40:16,990 - INFO - rls_state_size           : 3
2025-08-15 01:40:16,990 - INFO - save_interval            : 200
2025-08-15 01:40:16,990 - INFO - split                    : False
2025-08-15 01:40:16,990 - INFO - state_bounds             : {'cos_theta': [-1.0, 1.0], 'sin_theta': [-1.0, 1.0], 'theta_dot': [-8.0, 8.0]}
2025-08-15 01:40:16,990 - INFO - state_size               : 3
2025-08-15 01:40:16,990 - INFO - target_network           : True
2025-08-15 01:40:16,990 - INFO - tau                      : 0.001
2025-08-15 01:40:16,990 - INFO - update_cycles            : 2
2025-08-15 01:40:16,990 - INFO - ----------------------------------------
2025-08-15 01:40:16,990 - INFO - Log file: /home/osos/Mohamed_Masters_Thesis/DHP_pendulum/training_logs/dhp_pendulum_training_20250815_014016.log
2025-08-15 01:40:16,990 - INFO - ================================================================================
2025-08-15 01:40:16,991 - INFO - 
==================================================
2025-08-15 01:40:16,991 - INFO - STARTING DHP TRAINING FOR PENDULUM
2025-08-15 01:40:16,991 - INFO - ==================================================
2025-08-15 01:40:17,164 - INFO - 
Training for 1500 episodes...
2025-08-15 01:40:17,164 - INFO - Episode | Reward  | Avg Cost | Pos Error | Success | Time
2025-08-15 01:40:17,164 - INFO - ------------------------------------------------------------
2025-08-15 01:40:18,528 - INFO -       0 | -390.83 |   17.684 |    0.7810 |   0.000 |    1.4s
2025-08-15 01:40:24,478 - INFO - CONVERGENCE EPISODE 6: 0.3836 rad
2025-08-15 01:40:32,528 - INFO - CONVERGENCE EPISODE 14: 0.2182 rad
2025-08-15 01:40:38,608 - INFO - CONVERGENCE EPISODE 20: 0.1931 rad
2025-08-15 01:40:44,556 - INFO - CONVERGENCE EPISODE 26: 0.2063 rad
2025-08-15 01:40:45,559 - INFO - CONVERGENCE EPISODE 27: 0.4435 rad
2025-08-15 01:40:52,488 - INFO - CONVERGENCE EPISODE 34: 0.4067 rad
2025-08-15 01:40:58,121 - INFO -      50 |    0.00 |    1.000 |   10.0000 |   0.000 |   41.0s
2025-08-15 01:40:58,187 - INFO - 
2025-08-15 01:40:58,187 - INFO - MILESTONE 100 ANALYSIS:
2025-08-15 01:40:58,187 - INFO -   Recent 50 episodes avg position error: 10.0000 ± 0.0000 rad
2025-08-15 01:40:58,188 - INFO -   Recent 50 episodes avg cost: 1.000
2025-08-15 01:40:58,188 - INFO -   Recent 50 episodes success rate: 0.00%
2025-08-15 01:40:58,188 - INFO -   Convergent episodes ratio (< 0.5 rad): 0.00%
2025-08-15 01:40:58,188 - INFO -   Total convergent episodes so far: 6
2025-08-15 01:40:58,188 - INFO -   Best performance: 0.1931 rad at episode 20
2025-08-15 01:40:58,188 - INFO -   Stable performance not yet achieved
2025-08-15 01:40:58,188 - INFO - 
2025-08-15 01:40:58,188 - INFO -     100 |    0.00 |    1.000 |   10.0000 |   0.000 |   41.0s
2025-08-15 01:40:58,258 - INFO -     150 |    0.00 |    1.000 |   10.0000 |   0.000 |   41.1s
2025-08-15 01:40:58,322 - INFO -     200 |    0.00 |    1.000 |   10.0000 |   0.000 |   41.2s
2025-08-15 01:40:58,390 - INFO - 
2025-08-15 01:40:58,390 - INFO - MILESTONE 250 ANALYSIS:
2025-08-15 01:40:58,390 - INFO -   Recent 50 episodes avg position error: 10.0000 ± 0.0000 rad
2025-08-15 01:40:58,390 - INFO -   Recent 50 episodes avg cost: 1.000
2025-08-15 01:40:58,390 - INFO -   Recent 50 episodes success rate: 0.00%
2025-08-15 01:40:58,390 - INFO -   Convergent episodes ratio (< 0.5 rad): 0.00%
2025-08-15 01:40:58,390 - INFO -   Total convergent episodes so far: 6
2025-08-15 01:40:58,390 - INFO -   Best performance: 0.1931 rad at episode 20
2025-08-15 01:40:58,390 - INFO -   Stable performance not yet achieved
2025-08-15 01:40:58,390 - INFO - 
2025-08-15 01:40:58,390 - INFO -     250 |    0.00 |    1.000 |   10.0000 |   0.000 |   41.2s
2025-08-15 01:40:58,453 - INFO -     300 |    0.00 |    1.000 |   10.0000 |   0.000 |   41.3s
2025-08-15 01:40:58,520 - INFO -     350 |    0.00 |    1.000 |   10.0000 |   0.000 |   41.4s
2025-08-15 01:40:58,586 - INFO -     400 |    0.00 |    1.000 |   10.0000 |   0.000 |   41.4s
2025-08-15 01:40:58,650 - INFO -     450 |    0.00 |    1.000 |   10.0000 |   0.000 |   41.5s
2025-08-15 01:40:58,718 - INFO - 
2025-08-15 01:40:58,718 - INFO - MILESTONE 500 ANALYSIS:
2025-08-15 01:40:58,718 - INFO -   Recent 50 episodes avg position error: 10.0000 ± 0.0000 rad
2025-08-15 01:40:58,718 - INFO -   Recent 50 episodes avg cost: 1.000
2025-08-15 01:40:58,719 - INFO -   Recent 50 episodes success rate: 0.00%
2025-08-15 01:40:58,719 - INFO -   Convergent episodes ratio (< 0.5 rad): 0.00%
2025-08-15 01:40:58,719 - INFO -   Total convergent episodes so far: 6
2025-08-15 01:40:58,719 - INFO -   Best performance: 0.1931 rad at episode 20
2025-08-15 01:40:58,719 - INFO -   Stable performance not yet achieved
2025-08-15 01:40:58,719 - INFO - 
2025-08-15 01:40:58,719 - INFO -     500 |    0.00 |    1.000 |   10.0000 |   0.000 |   41.6s
2025-08-15 01:40:58,797 - INFO -     550 |    0.00 |    1.000 |   10.0000 |   0.000 |   41.6s
2025-08-15 01:40:58,872 - INFO -     600 |    0.00 |    1.000 |   10.0000 |   0.000 |   41.7s
2025-08-15 01:40:58,950 - INFO -     650 |    0.00 |    1.000 |   10.0000 |   0.000 |   41.8s
2025-08-15 01:40:59,027 - INFO -     700 |    0.00 |    1.000 |   10.0000 |   0.000 |   41.9s
2025-08-15 01:40:59,103 - INFO - 
2025-08-15 01:40:59,103 - INFO - MILESTONE 750 ANALYSIS:
2025-08-15 01:40:59,103 - INFO -   Recent 50 episodes avg position error: 10.0000 ± 0.0000 rad
2025-08-15 01:40:59,103 - INFO -   Recent 50 episodes avg cost: 1.000
2025-08-15 01:40:59,103 - INFO -   Recent 50 episodes success rate: 0.00%
2025-08-15 01:40:59,104 - INFO -   Convergent episodes ratio (< 0.5 rad): 0.00%
2025-08-15 01:40:59,104 - INFO -   Total convergent episodes so far: 6
2025-08-15 01:40:59,104 - INFO -   Best performance: 0.1931 rad at episode 20
2025-08-15 01:40:59,104 - INFO -   Stable performance not yet achieved
2025-08-15 01:40:59,104 - INFO - 
2025-08-15 01:40:59,104 - INFO -     750 |    0.00 |    1.000 |   10.0000 |   0.000 |   41.9s
2025-08-15 01:40:59,176 - INFO -     800 |    0.00 |    1.000 |   10.0000 |   0.000 |   42.0s
2025-08-15 01:40:59,246 - INFO -     850 |    0.00 |    1.000 |   10.0000 |   0.000 |   42.1s
2025-08-15 01:40:59,316 - INFO -     900 |    0.00 |    1.000 |   10.0000 |   0.000 |   42.2s
2025-08-15 01:40:59,385 - INFO -     950 |    0.00 |    1.000 |   10.0000 |   0.000 |   42.2s
2025-08-15 01:40:59,456 - INFO - 
2025-08-15 01:40:59,456 - INFO - MILESTONE 1000 ANALYSIS:
2025-08-15 01:40:59,457 - INFO -   Recent 50 episodes avg position error: 10.0000 ± 0.0000 rad
2025-08-15 01:40:59,457 - INFO -   Recent 50 episodes avg cost: 1.000
2025-08-15 01:40:59,457 - INFO -   Recent 50 episodes success rate: 0.00%
2025-08-15 01:40:59,457 - INFO -   Convergent episodes ratio (< 0.5 rad): 0.00%
2025-08-15 01:40:59,457 - INFO -   Total convergent episodes so far: 6
2025-08-15 01:40:59,457 - INFO -   Best performance: 0.1931 rad at episode 20
2025-08-15 01:40:59,457 - INFO -   Stable performance not yet achieved
2025-08-15 01:40:59,457 - INFO - 
2025-08-15 01:40:59,457 - INFO -    1000 |    0.00 |    1.000 |   10.0000 |   0.000 |   42.3s
2025-08-15 01:40:59,528 - INFO -    1050 |    0.00 |    1.000 |   10.0000 |   0.000 |   42.4s
2025-08-15 01:40:59,596 - INFO -    1100 |    0.00 |    1.000 |   10.0000 |   0.000 |   42.4s
2025-08-15 01:40:59,661 - INFO -    1150 |    0.00 |    1.000 |   10.0000 |   0.000 |   42.5s
2025-08-15 01:40:59,730 - INFO -    1200 |    0.00 |    1.000 |   10.0000 |   0.000 |   42.6s
2025-08-15 01:40:59,793 - INFO - 
2025-08-15 01:40:59,794 - INFO - MILESTONE 1250 ANALYSIS:
2025-08-15 01:40:59,794 - INFO -   Recent 50 episodes avg position error: 10.0000 ± 0.0000 rad
2025-08-15 01:40:59,794 - INFO -   Recent 50 episodes avg cost: 1.000
2025-08-15 01:40:59,794 - INFO -   Recent 50 episodes success rate: 0.00%
2025-08-15 01:40:59,794 - INFO -   Convergent episodes ratio (< 0.5 rad): 0.00%
2025-08-15 01:40:59,794 - INFO -   Total convergent episodes so far: 6
2025-08-15 01:40:59,794 - INFO -   Best performance: 0.1931 rad at episode 20
2025-08-15 01:40:59,794 - INFO -   Stable performance not yet achieved
2025-08-15 01:40:59,794 - INFO - 
2025-08-15 01:40:59,794 - INFO -    1250 |    0.00 |    1.000 |   10.0000 |   0.000 |   42.6s
2025-08-15 01:40:59,862 - INFO -    1300 |    0.00 |    1.000 |   10.0000 |   0.000 |   42.7s
2025-08-15 01:40:59,937 - INFO -    1350 |    0.00 |    1.000 |   10.0000 |   0.000 |   42.8s
2025-08-15 01:41:00,005 - INFO -    1400 |    0.00 |    1.000 |   10.0000 |   0.000 |   42.8s
2025-08-15 01:41:00,075 - INFO -    1450 |    0.00 |    1.000 |   10.0000 |   0.000 |   42.9s
2025-08-15 01:41:00,141 - INFO - 
================================================================================
2025-08-15 01:41:00,141 - INFO - TRAINING COMPLETED - FINAL ANALYSIS
2025-08-15 01:41:00,141 - INFO - ================================================================================
2025-08-15 01:41:00,141 - INFO - Total training time: 43.0 seconds (0.7 minutes)
2025-08-15 01:41:00,141 - INFO - Final episode reward: 0.00
2025-08-15 01:41:00,141 - INFO - Final position error: 10.0000 rad
2025-08-15 01:41:00,141 - INFO - Final success rate: 0.000
2025-08-15 01:41:00,141 - INFO - Best position error achieved: 0.1931 rad at episode 20
2025-08-15 01:41:00,141 - INFO - Total convergent episodes (< 0.5 rad): 6/1500 (0.40%)
2025-08-15 01:41:00,141 - INFO - Recent success rate (last 100 episodes): 0.00%
2025-08-15 01:41:00,142 - INFO - Stable performance achieved: No
2025-08-15 01:41:00,142 - INFO - Position error statistics:
2025-08-15 01:41:00,142 - INFO -   Mean: 9.7788 rad (560.3°)
2025-08-15 01:41:00,142 - INFO -   Std:  1.3439 rad (77.0°)
2025-08-15 01:41:00,142 - INFO -   Min:  0.1931 rad (11.1°)
2025-08-15 01:41:00,142 - INFO -   Max:  10.0000 rad (573.0°)
2025-08-15 01:41:00,142 - INFO -   Median: 10.0000 rad (573.0°)
2025-08-15 01:41:00,142 - INFO - Performance distribution:
2025-08-15 01:41:00,142 - INFO -   Excellent (< 0.1 rad / 5.7°): 0 episodes (0.0%)
2025-08-15 01:41:00,143 - INFO -   Good (0.1-0.3 rad / 5.7°-17.2°): 3 episodes (0.2%)
2025-08-15 01:41:00,143 - INFO -   Acceptable (0.3-0.5 rad / 17.2°-28.6°): 3 episodes (0.2%)
2025-08-15 01:41:00,143 - INFO -   Poor (> 0.5 rad / 28.6°): 1494 episodes (99.6%)
2025-08-15 01:41:00,143 - INFO - 
TRAINING CONFIGURATION EFFECTIVENESS:
2025-08-15 01:41:00,143 - INFO - ----------------------------------------
2025-08-15 01:41:00,143 - INFO - Episodes needed for first convergence: 6
2025-08-15 01:41:00,143 - INFO - Excitation phase ended at episode: 37
2025-08-15 01:41:00,159 - INFO - Training metrics saved to: /home/osos/Mohamed_Masters_Thesis/DHP_pendulum/training_logs/dhp_pendulum_metrics_20250815_014100.json
2025-08-15 01:41:00,160 - INFO - 
BEST MODEL CONFIRMED:
2025-08-15 01:41:00,160 - INFO -   Episode: 20
2025-08-15 01:41:00,160 - INFO -   Position Error: 0.1931 rad (11.1°)
2025-08-15 01:41:00,160 - INFO -   Model files: dhp_pendulum_best_*
2025-08-15 01:41:00,160 - INFO - ================================================================================
2025-08-15 01:41:00,160 - INFO - TRAINING SESSION COMPLETED
2025-08-15 01:41:00,160 - INFO - Detailed log saved to: /home/osos/Mohamed_Masters_Thesis/DHP_pendulum/training_logs/dhp_pendulum_training_20250815_014016.log
2025-08-15 01:41:00,160 - INFO - ================================================================================
2025-08-15 01:41:00,230 - INFO - SESSION-BEST EPISODE RECORDED: Episode 20
2025-08-15 01:41:00,230 - INFO -   Replay error: 0.6452 rad vs training error: 0.1931 rad
2025-08-15 01:41:00,230 - INFO -   Target angle: -3.008 rad
2025-08-15 01:41:00,276 - INFO - Model saved with state normalization ENABLED
2025-08-15 01:41:23,113 - INFO - ================================================================================
2025-08-15 01:41:23,113 - INFO - DHP PENDULUM TRAINING SESSION STARTED
2025-08-15 01:41:23,113 - INFO - ================================================================================
2025-08-15 01:41:23,113 - INFO - HYPERPARAMETERS:
2025-08-15 01:41:23,113 - INFO - ----------------------------------------
2025-08-15 01:41:23,113 - INFO - action_size              : 1
2025-08-15 01:41:23,113 - INFO - best_episode_gui         : False
2025-08-15 01:41:23,113 - INFO - episode_length           : 200
2025-08-15 01:41:23,113 - INFO - excitation_amplitude     : 0.2
2025-08-15 01:41:23,114 - INFO - excitation_steps         : 7500
2025-08-15 01:41:23,114 - INFO - fixed_target             : None
2025-08-15 01:41:23,114 - INFO - gamma                    : 0.95
2025-08-15 01:41:23,114 - INFO - gui                      : False
2025-08-15 01:41:23,114 - INFO - hidden_layer_size        : [64, 64, 32]
2025-08-15 01:41:23,114 - INFO - log_interval             : 50
2025-08-15 01:41:23,114 - INFO - lr_actor                 : 0.005
2025-08-15 01:41:23,114 - INFO - lr_critic                : 0.01
2025-08-15 01:41:23,114 - INFO - max_steps                : 200
2025-08-15 01:41:23,114 - INFO - normalize_states         : True
2025-08-15 01:41:23,114 - INFO - num_episodes             : 1500
2025-08-15 01:41:23,114 - INFO - predict_delta            : False
2025-08-15 01:41:23,114 - INFO - record                   : False
2025-08-15 01:41:23,114 - INFO - record_best_episodes     : True
2025-08-15 01:41:23,114 - INFO - recording_fps            : 30
2025-08-15 01:41:23,115 - INFO - reference_size           : 3
2025-08-15 01:41:23,115 - INFO - rls_action_size          : 1
2025-08-15 01:41:23,115 - INFO - rls_covariance           : 100.0
2025-08-15 01:41:23,115 - INFO - rls_gamma                : 0.9995
2025-08-15 01:41:23,115 - INFO - rls_state_size           : 3
2025-08-15 01:41:23,115 - INFO - save_interval            : 200
2025-08-15 01:41:23,115 - INFO - split                    : False
2025-08-15 01:41:23,115 - INFO - state_bounds             : {'cos_theta': [-1.0, 1.0], 'sin_theta': [-1.0, 1.0], 'theta_dot': [-8.0, 8.0]}
2025-08-15 01:41:23,115 - INFO - state_size               : 3
2025-08-15 01:41:23,115 - INFO - target_network           : True
2025-08-15 01:41:23,115 - INFO - tau                      : 0.001
2025-08-15 01:41:23,115 - INFO - update_cycles            : 2
2025-08-15 01:41:23,115 - INFO - ----------------------------------------
2025-08-15 01:41:23,115 - INFO - Log file: /home/osos/Mohamed_Masters_Thesis/DHP_pendulum/training_logs/dhp_pendulum_training_20250815_014123.log
2025-08-15 01:41:23,115 - INFO - ================================================================================
2025-08-15 01:41:23,116 - INFO - 
==================================================
2025-08-15 01:41:23,116 - INFO - STARTING DHP TRAINING FOR PENDULUM
2025-08-15 01:41:23,116 - INFO - ==================================================
2025-08-15 01:41:23,311 - INFO - 
Training for 1500 episodes...
2025-08-15 01:41:23,311 - INFO - Episode | Reward  | Avg Cost | Pos Error | Success | Time
2025-08-15 01:41:23,311 - INFO - ------------------------------------------------------------
2025-08-15 01:41:24,619 - INFO -       0 | -1056.01 |   52.800 |    1.3677 |   0.000 |    1.3s
2025-08-15 01:41:27,453 - INFO - CONVERGENCE EPISODE 3: 0.0615 rad
2025-08-15 01:41:39,423 - INFO - CONVERGENCE EPISODE 16: 0.3212 rad
2025-08-15 01:41:45,878 - INFO - CONVERGENCE EPISODE 23: 0.3132 rad
2025-08-15 01:41:47,711 - INFO - CONVERGENCE EPISODE 25: 0.3987 rad
2025-08-15 01:41:52,328 - INFO - CONVERGENCE EPISODE 30: 0.3472 rad
2025-08-15 01:41:54,252 - INFO - CONVERGENCE EPISODE 32: 0.1950 rad
2025-08-15 01:41:56,198 - INFO - CONVERGENCE EPISODE 34: 0.2720 rad
2025-08-15 01:41:57,186 - INFO - CONVERGENCE EPISODE 35: 0.0188 rad
2025-08-15 01:42:00,095 - INFO - CONVERGENCE EPISODE 38: 0.0624 rad
2025-08-15 01:42:06,020 - INFO - CONVERGENCE EPISODE 44: 0.2943 rad
2025-08-15 01:42:11,852 - INFO -      50 | -405.11 |   20.219 |    1.1636 |   0.000 |   48.5s
2025-08-15 01:42:12,760 - INFO - CONVERGENCE EPISODE 51: 0.0923 rad
2025-08-15 01:42:13,702 - INFO - CONVERGENCE EPISODE 52: 0.1346 rad
2025-08-15 01:42:15,583 - INFO - CONVERGENCE EPISODE 54: 0.0896 rad
2025-08-15 01:42:17,559 - INFO - CONVERGENCE EPISODE 56: 0.1286 rad
2025-08-15 01:42:19,390 - INFO - CONVERGENCE EPISODE 58: 0.3279 rad
2025-08-15 01:42:21,203 - INFO - CONVERGENCE EPISODE 60: 0.0501 rad
2025-08-15 01:42:22,111 - INFO - CONVERGENCE EPISODE 61: 0.2115 rad
2025-08-15 01:42:25,709 - INFO - CONVERGENCE EPISODE 65: 0.0014 rad
2025-08-15 01:42:26,612 - INFO - CONVERGENCE EPISODE 66: 0.0173 rad
2025-08-15 01:42:31,108 - INFO - CONVERGENCE EPISODE 71: 0.2523 rad
