2025-08-15 01:06:05,891 - INFO - ================================================================================
2025-08-15 01:06:05,891 - INFO - DHP PENDULUM TRAINING SESSION STARTED
2025-08-15 01:06:05,891 - INFO - ================================================================================
2025-08-15 01:06:05,891 - INFO - HYPERPARAMETERS:
2025-08-15 01:06:05,891 - INFO - ----------------------------------------
2025-08-15 01:06:05,891 - INFO - action_size              : 1
2025-08-15 01:06:05,891 - INFO - best_episode_gui         : False
2025-08-15 01:06:05,891 - INFO - episode_length           : 200
2025-08-15 01:06:05,891 - INFO - excitation_amplitude     : 0.2
2025-08-15 01:06:05,891 - INFO - excitation_steps         : 7500
2025-08-15 01:06:05,891 - INFO - fixed_target             : None
2025-08-15 01:06:05,891 - INFO - gamma                    : 0.95
2025-08-15 01:06:05,891 - INFO - gui                      : False
2025-08-15 01:06:05,891 - INFO - hidden_layer_size        : [64, 64, 32]
2025-08-15 01:06:05,892 - INFO - log_interval             : 50
2025-08-15 01:06:05,892 - INFO - lr_actor                 : 0.005
2025-08-15 01:06:05,892 - INFO - lr_critic                : 0.01
2025-08-15 01:06:05,892 - INFO - max_steps                : 200
2025-08-15 01:06:05,892 - INFO - normalize_states         : True
2025-08-15 01:06:05,892 - INFO - num_episodes             : 1500
2025-08-15 01:06:05,892 - INFO - predict_delta            : False
2025-08-15 01:06:05,892 - INFO - record                   : False
2025-08-15 01:06:05,892 - INFO - record_best_episodes     : True
2025-08-15 01:06:05,892 - INFO - recording_fps            : 30
2025-08-15 01:06:05,892 - INFO - reference_size           : 3
2025-08-15 01:06:05,892 - INFO - rls_action_size          : 1
2025-08-15 01:06:05,892 - INFO - rls_covariance           : 100.0
2025-08-15 01:06:05,892 - INFO - rls_gamma                : 0.9995
2025-08-15 01:06:05,892 - INFO - rls_state_size           : 3
2025-08-15 01:06:05,892 - INFO - save_interval            : 200
2025-08-15 01:06:05,892 - INFO - split                    : False
2025-08-15 01:06:05,892 - INFO - state_bounds             : {'cos_theta': [-1.0, 1.0], 'sin_theta': [-1.0, 1.0], 'theta_dot': [-8.0, 8.0]}
2025-08-15 01:06:05,892 - INFO - state_size               : 3
2025-08-15 01:06:05,892 - INFO - target_network           : True
2025-08-15 01:06:05,892 - INFO - tau                      : 0.001
2025-08-15 01:06:05,892 - INFO - update_cycles            : 2
2025-08-15 01:06:05,892 - INFO - ----------------------------------------
2025-08-15 01:06:05,892 - INFO - Log file: /home/osos/Mohamed_Masters_Thesis/DHP_pendulum/training_logs/dhp_pendulum_training_20250815_010605.log
2025-08-15 01:06:05,892 - INFO - ================================================================================
2025-08-15 01:06:05,892 - INFO - 
CONFIGURATION OVERRIDES APPLIED:
2025-08-15 01:06:05,892 - INFO -   num_episodes: 1500
2025-08-15 01:06:05,893 - INFO -   episode_length: 200
2025-08-15 01:06:05,893 - INFO -   max_steps: 200
2025-08-15 01:06:05,893 - INFO -   excitation_steps: 7500
2025-08-15 01:06:05,893 - INFO -   excitation_amplitude: 0.2
2025-08-15 01:06:05,893 - INFO -   log_interval: 50
2025-08-15 01:06:05,893 - INFO -   save_interval: 200
2025-08-15 01:06:05,893 - INFO -   gui: False
2025-08-15 01:06:05,893 - INFO -   record: False
2025-08-15 01:06:05,893 - INFO -   normalize_states: True
2025-08-15 01:06:05,893 - INFO -   record_best_episodes: True
2025-08-15 01:06:05,893 - INFO -   lr_critic: 0.001
2025-08-15 01:06:05,893 - INFO -   lr_actor: 0.0005
2025-08-15 01:06:05,893 - INFO -   hidden_layer_size: [64, 64, 32]
2025-08-15 01:06:05,893 - INFO -   gamma: 0.95
2025-08-15 01:06:05,893 - INFO -   update_cycles: 2
2025-08-15 01:06:05,893 - INFO -   tau: 0.001
2025-08-15 01:06:05,893 - INFO - 
==================================================
2025-08-15 01:06:05,893 - INFO - STARTING DHP TRAINING FOR PENDULUM
2025-08-15 01:06:05,893 - INFO - ==================================================
2025-08-15 01:06:05,895 - WARNING - From /home/osos/Mohamed_Masters_Thesis/msc-thesis/agents/dhp.py:70: The name tf.Session is deprecated. Please use tf.compat.v1.Session instead.

2025-08-15 01:06:05,991 - WARNING - From /home/osos/Mohamed_Masters_Thesis/msc-thesis/agents/dhp.py:100: The name tf.placeholder is deprecated. Please use tf.compat.v1.placeholder instead.

2025-08-15 01:06:05,992 - WARNING - From /home/osos/Mohamed_Masters_Thesis/msc-thesis/agents/dhp.py:102: The name tf.placeholder_with_default is deprecated. Please use tf.compat.v1.placeholder_with_default instead.

2025-08-15 01:06:05,994 - WARNING - From /home/osos/Mohamed_Masters_Thesis/msc-thesis/agents/dhp.py:124: The name tf.variable_scope is deprecated. Please use tf.compat.v1.variable_scope instead.

2025-08-15 01:06:05,994 - WARNING - From /home/osos/Mohamed_Masters_Thesis/msc-thesis/agents/dhp.py:128: dense (from tensorflow.python.layers.core) is deprecated and will be removed in a future version.
Instructions for updating:
Use keras.layers.Dense instead.
2025-08-15 01:06:05,995 - WARNING - From /home/osos/anaconda3/envs/DHP/lib/python3.7/site-packages/tensorflow_core/python/layers/core.py:187: Layer.apply (from tensorflow.python.keras.engine.base_layer) is deprecated and will be removed in a future version.
Instructions for updating:
Please use `layer.__call__` method instead.
2025-08-15 01:06:06,021 - WARNING - From /home/osos/Mohamed_Masters_Thesis/msc-thesis/agents/dhp.py:133: The name tf.trainable_variables is deprecated. Please use tf.compat.v1.trainable_variables instead.

2025-08-15 01:06:06,031 - WARNING - From /home/osos/Mohamed_Masters_Thesis/msc-thesis/agents/dhp.py:139: The name tf.train.GradientDescentOptimizer is deprecated. Please use tf.compat.v1.train.GradientDescentOptimizer instead.

2025-08-15 01:06:06,060 - WARNING - From /home/osos/Mohamed_Masters_Thesis/msc-thesis/agents/dhp.py:156: The name tf.assign is deprecated. Please use tf.compat.v1.assign instead.

2025-08-15 01:06:06,121 - WARNING - From /home/osos/Mohamed_Masters_Thesis/msc-thesis/agents/dhp.py:79: The name tf.summary.merge_all is deprecated. Please use tf.compat.v1.summary.merge_all instead.

2025-08-15 01:06:06,121 - WARNING - From /home/osos/Mohamed_Masters_Thesis/msc-thesis/agents/dhp.py:80: The name tf.train.Saver is deprecated. Please use tf.compat.v1.train.Saver instead.

2025-08-15 01:06:06,132 - WARNING - From /home/osos/Mohamed_Masters_Thesis/msc-thesis/agents/dhp.py:81: The name tf.global_variables_initializer is deprecated. Please use tf.compat.v1.global_variables_initializer instead.

2025-08-15 01:06:06,181 - INFO - 
Training for 1500 episodes...
2025-08-15 01:06:06,181 - INFO - Episode | Reward  | Avg Cost | Pos Error | Success | Time
2025-08-15 01:06:06,181 - INFO - ------------------------------------------------------------
2025-08-15 01:06:07,513 - INFO - CONVERGENCE EPISODE 0: 0.3189 rad
2025-08-15 01:06:07,513 - INFO -       0 | -149.55 |    6.032 |    0.3189 |   0.000 |    1.3s
2025-08-15 01:06:18,362 - INFO - CONVERGENCE EPISODE 11: 0.3656 rad
2025-08-15 01:06:29,320 - INFO - CONVERGENCE EPISODE 22: 0.3254 rad
2025-08-15 01:06:30,392 - INFO - CONVERGENCE EPISODE 23: 0.0776 rad
2025-08-15 01:06:57,112 - INFO -      50 | -1139.71 |   37.887 |    3.0232 |   0.000 |   50.9s
2025-08-15 01:07:08,889 - INFO - CONVERGENCE EPISODE 62: 0.3025 rad
2025-08-15 01:07:11,005 - INFO - CONVERGENCE EPISODE 64: 0.2827 rad
2025-08-15 01:07:16,908 - INFO - CONVERGENCE EPISODE 70: 0.2295 rad
2025-08-15 01:07:21,917 - INFO - CONVERGENCE EPISODE 75: 0.1814 rad
2025-08-15 01:07:23,003 - INFO - CONVERGENCE EPISODE 76: 0.0706 rad
2025-08-15 01:07:26,984 - INFO - CONVERGENCE EPISODE 80: 0.1399 rad
2025-08-15 01:07:35,096 - INFO - CONVERGENCE EPISODE 88: 0.0180 rad
2025-08-15 01:07:36,147 - INFO - CONVERGENCE EPISODE 89: 0.1065 rad
2025-08-15 01:07:47,018 - INFO - 
2025-08-15 01:07:47,018 - INFO - MILESTONE 100 ANALYSIS:
2025-08-15 01:07:47,019 - INFO -   Recent 50 episodes avg position error: 1.6307 ± 0.9661 rad
2025-08-15 01:07:47,019 - INFO -   Recent 50 episodes avg cost: 33.163
2025-08-15 01:07:47,019 - INFO -   Recent 50 episodes success rate: 4.00%
2025-08-15 01:07:47,019 - INFO -   Convergent episodes ratio (< 0.5 rad): 16.00%
2025-08-15 01:07:47,019 - INFO -   Total convergent episodes so far: 12
2025-08-15 01:07:47,019 - INFO -   Best performance: 0.0180 rad at episode 88
2025-08-15 01:07:47,019 - INFO -   Stable performance not yet achieved
2025-08-15 01:07:47,019 - INFO - 
2025-08-15 01:07:47,019 - INFO -     100 | -1041.74 |   36.998 |    0.8540 |   0.000 |  100.8s
2025-08-15 01:07:59,066 - INFO - CONVERGENCE EPISODE 112: 0.3829 rad
2025-08-15 01:08:02,006 - INFO - CONVERGENCE EPISODE 115: 0.3567 rad
2025-08-15 01:08:04,029 - INFO - CONVERGENCE EPISODE 117: 0.2768 rad
2025-08-15 01:08:09,832 - INFO - CONVERGENCE EPISODE 123: 0.3293 rad
2025-08-15 01:08:10,820 - INFO - CONVERGENCE EPISODE 124: 0.4384 rad
2025-08-15 01:08:20,476 - INFO - CONVERGENCE EPISODE 134: 0.4318 rad
2025-08-15 01:08:36,098 - INFO -     150 | -924.17 |   39.009 |    1.5859 |   0.000 |  149.9s
2025-08-15 01:08:42,900 - INFO - CONVERGENCE EPISODE 157: 0.4796 rad
2025-08-15 01:08:51,770 - INFO - CONVERGENCE EPISODE 166: 0.4577 rad
2025-08-15 01:09:03,523 - INFO - CONVERGENCE EPISODE 178: 0.4224 rad
2025-08-15 01:09:11,388 - INFO - CONVERGENCE EPISODE 186: 0.2922 rad
2025-08-15 01:09:13,353 - INFO - CONVERGENCE EPISODE 188: 0.4074 rad
2025-08-15 01:09:14,319 - INFO - CONVERGENCE EPISODE 189: 0.4617 rad
2025-08-15 01:09:25,083 - INFO -     200 | -986.40 |   39.441 |    2.9912 |   0.000 |  198.9s
2025-08-15 01:09:48,733 - INFO - CONVERGENCE EPISODE 224: 0.1040 rad
2025-08-15 01:09:49,713 - INFO - CONVERGENCE EPISODE 225: 0.3908 rad
2025-08-15 01:09:51,640 - INFO - CONVERGENCE EPISODE 227: 0.4199 rad
2025-08-15 01:09:53,567 - INFO - CONVERGENCE EPISODE 229: 0.1662 rad
2025-08-15 01:09:55,529 - INFO - CONVERGENCE EPISODE 231: 0.2940 rad
2025-08-15 01:09:58,482 - INFO - CONVERGENCE EPISODE 234: 0.2178 rad
2025-08-15 01:10:00,486 - INFO - CONVERGENCE EPISODE 236: 0.4608 rad
2025-08-15 01:10:12,326 - INFO - CONVERGENCE EPISODE 248: 0.1186 rad
2025-08-15 01:10:14,297 - INFO - 
2025-08-15 01:10:14,297 - INFO - MILESTONE 250 ANALYSIS:
2025-08-15 01:10:14,297 - INFO -   Recent 50 episodes avg position error: 1.7232 ± 0.9522 rad
2025-08-15 01:10:14,297 - INFO -   Recent 50 episodes avg cost: 32.911
2025-08-15 01:10:14,297 - INFO -   Recent 50 episodes success rate: 0.00%
2025-08-15 01:10:14,298 - INFO -   Convergent episodes ratio (< 0.5 rad): 16.00%
2025-08-15 01:10:14,298 - INFO -   Total convergent episodes so far: 32
2025-08-15 01:10:14,298 - INFO -   Best performance: 0.0180 rad at episode 88
2025-08-15 01:10:14,298 - INFO -   Stable performance not yet achieved
2025-08-15 01:10:14,298 - INFO - 
2025-08-15 01:10:14,298 - INFO -     250 | -1159.54 |   33.211 |    2.9648 |   0.000 |  248.1s
2025-08-15 01:10:32,162 - INFO - CONVERGENCE EPISODE 268: 0.3886 rad
2025-08-15 01:10:36,167 - INFO - CONVERGENCE EPISODE 272: 0.0909 rad
2025-08-15 01:10:40,124 - INFO - CONVERGENCE EPISODE 276: 0.4694 rad
2025-08-15 01:10:44,075 - INFO - CONVERGENCE EPISODE 280: 0.1951 rad
2025-08-15 01:10:52,900 - INFO - CONVERGENCE EPISODE 289: 0.2237 rad
2025-08-15 01:10:59,768 - INFO - CONVERGENCE EPISODE 296: 0.4739 rad
2025-08-15 01:11:03,654 - INFO -     300 | -348.36 |   15.146 |    0.6118 |   0.000 |  297.5s
2025-08-15 01:11:08,572 - INFO - CONVERGENCE EPISODE 305: 0.0650 rad
2025-08-15 01:11:11,440 - INFO - CONVERGENCE EPISODE 308: 0.1898 rad
2025-08-15 01:11:20,306 - INFO - CONVERGENCE EPISODE 317: 0.4566 rad
2025-08-15 01:11:30,003 - INFO - CONVERGENCE EPISODE 327: 0.2290 rad
2025-08-15 01:11:34,030 - INFO - CONVERGENCE EPISODE 331: 0.4797 rad
2025-08-15 01:11:38,959 - INFO - CONVERGENCE EPISODE 336: 0.1187 rad
2025-08-15 01:11:43,828 - INFO - CONVERGENCE EPISODE 341: 0.1150 rad
2025-08-15 01:11:48,807 - INFO - CONVERGENCE EPISODE 346: 0.2967 rad
2025-08-15 01:11:50,784 - INFO - CONVERGENCE EPISODE 348: 0.3538 rad
2025-08-15 01:11:52,729 - INFO -     350 | -1026.89 |   32.644 |    1.5863 |   0.000 |  346.5s
2025-08-15 01:11:54,669 - INFO - CONVERGENCE EPISODE 352: 0.2613 rad
2025-08-15 01:11:57,603 - INFO - CONVERGENCE EPISODE 355: 0.3890 rad
2025-08-15 01:11:59,571 - INFO - CONVERGENCE EPISODE 357: 0.2033 rad
2025-08-15 01:12:01,540 - INFO - CONVERGENCE EPISODE 359: 0.1102 rad
2025-08-15 01:12:06,471 - INFO - CONVERGENCE EPISODE 364: 0.4100 rad
2025-08-15 01:12:10,377 - INFO - CONVERGENCE EPISODE 368: 0.4187 rad
2025-08-15 01:12:36,003 - INFO - CONVERGENCE EPISODE 394: 0.2887 rad
2025-08-15 01:12:38,949 - INFO - CONVERGENCE EPISODE 397: 0.4492 rad
2025-08-15 01:12:41,918 - INFO -     400 | -1165.32 |   41.968 |    2.1527 |   0.000 |  395.7s
2025-08-15 01:12:42,909 - INFO - CONVERGENCE EPISODE 401: 0.2477 rad
2025-08-15 01:12:43,930 - INFO - CONVERGENCE EPISODE 402: 0.1044 rad
2025-08-15 01:12:45,920 - INFO - CONVERGENCE EPISODE 404: 0.0036 rad
2025-08-15 01:12:51,797 - INFO - CONVERGENCE EPISODE 410: 0.2132 rad
2025-08-15 01:12:52,799 - INFO - CONVERGENCE EPISODE 411: 0.0482 rad
2025-08-15 01:12:55,824 - INFO - CONVERGENCE EPISODE 414: 0.0486 rad
2025-08-15 01:13:08,623 - INFO - CONVERGENCE EPISODE 427: 0.3039 rad
2025-08-15 01:13:11,537 - INFO - CONVERGENCE EPISODE 430: 0.0702 rad
2025-08-15 01:13:13,470 - INFO - CONVERGENCE EPISODE 432: 0.4451 rad
2025-08-15 01:13:17,308 - INFO - CONVERGENCE EPISODE 436: 0.2276 rad
2025-08-15 01:13:25,114 - INFO - CONVERGENCE EPISODE 444: 0.1565 rad
2025-08-15 01:13:31,101 - INFO -     450 | -361.64 |   17.066 |    1.5368 |   0.000 |  444.9s
2025-08-15 01:13:35,135 - INFO - CONVERGENCE EPISODE 454: 0.2896 rad
2025-08-15 01:13:50,678 - INFO - CONVERGENCE EPISODE 470: 0.4224 rad
2025-08-15 01:13:52,623 - INFO - CONVERGENCE EPISODE 472: 0.1947 rad
2025-08-15 01:13:58,583 - INFO - CONVERGENCE EPISODE 478: 0.4352 rad
2025-08-15 01:14:06,406 - INFO - CONVERGENCE EPISODE 486: 0.3697 rad
2025-08-15 01:14:07,400 - INFO - CONVERGENCE EPISODE 487: 0.3344 rad
2025-08-15 01:14:20,171 - INFO - 
2025-08-15 01:14:20,171 - INFO - MILESTONE 500 ANALYSIS:
2025-08-15 01:14:20,171 - INFO -   Recent 50 episodes avg position error: 1.6790 ± 0.7887 rad
2025-08-15 01:14:20,172 - INFO -   Recent 50 episodes avg cost: 33.286
2025-08-15 01:14:20,172 - INFO -   Recent 50 episodes success rate: 0.00%
2025-08-15 01:14:20,172 - INFO -   Convergent episodes ratio (< 0.5 rad): 12.00%
2025-08-15 01:14:20,172 - INFO -   Total convergent episodes so far: 72
2025-08-15 01:14:20,172 - INFO -   Best performance: 0.0036 rad at episode 404
2025-08-15 01:14:20,172 - INFO -   Stable performance not yet achieved
2025-08-15 01:14:20,172 - INFO - 
2025-08-15 01:14:20,172 - INFO -     500 | -1150.19 |   41.784 |    2.5928 |   0.000 |  494.0s
2025-08-15 01:14:30,918 - INFO - CONVERGENCE EPISODE 511: 0.0866 rad
2025-08-15 01:14:34,932 - INFO - CONVERGENCE EPISODE 515: 0.4331 rad
2025-08-15 01:14:35,921 - INFO - CONVERGENCE EPISODE 516: 0.4039 rad
2025-08-15 01:14:52,652 - INFO - CONVERGENCE EPISODE 533: 0.4029 rad
2025-08-15 01:14:56,621 - INFO - CONVERGENCE EPISODE 537: 0.1260 rad
2025-08-15 01:15:09,380 - INFO - CONVERGENCE EPISODE 550: 0.2430 rad
2025-08-15 01:15:09,381 - INFO -     550 | -146.95 |    5.700 |    0.2430 |   0.000 |  543.2s
2025-08-15 01:15:11,334 - INFO - CONVERGENCE EPISODE 552: 0.1140 rad
2025-08-15 01:15:13,276 - INFO - CONVERGENCE EPISODE 554: 0.2167 rad
2025-08-15 01:15:17,179 - INFO - CONVERGENCE EPISODE 558: 0.2380 rad
2025-08-15 01:15:21,061 - INFO - CONVERGENCE EPISODE 562: 0.0136 rad
2025-08-15 01:15:22,044 - INFO - CONVERGENCE EPISODE 563: 0.1881 rad
2025-08-15 01:15:27,948 - INFO - CONVERGENCE EPISODE 569: 0.1777 rad
2025-08-15 01:15:38,073 - INFO - CONVERGENCE EPISODE 579: 0.0092 rad
2025-08-15 01:15:40,100 - INFO - CONVERGENCE EPISODE 581: 0.1426 rad
2025-08-15 01:15:41,081 - INFO - CONVERGENCE EPISODE 582: 0.0922 rad
2025-08-15 01:15:58,815 - INFO -     600 | -1616.80 |   79.118 |    2.9724 |   0.000 |  592.6s
2025-08-15 01:15:59,793 - INFO - CONVERGENCE EPISODE 601: 0.4982 rad
2025-08-15 01:16:01,742 - INFO - CONVERGENCE EPISODE 603: 0.4444 rad
2025-08-15 01:16:05,767 - INFO - CONVERGENCE EPISODE 607: 0.2495 rad
2025-08-15 01:16:07,718 - INFO - CONVERGENCE EPISODE 609: 0.1521 rad
2025-08-15 01:16:22,263 - INFO - CONVERGENCE EPISODE 624: 0.0525 rad
2025-08-15 01:16:27,197 - INFO - CONVERGENCE EPISODE 629: 0.0412 rad
2025-08-15 01:16:35,093 - INFO - CONVERGENCE EPISODE 637: 0.0260 rad
2025-08-15 01:16:45,851 - INFO - CONVERGENCE EPISODE 648: 0.2647 rad
2025-08-15 01:16:47,840 - INFO -     650 | -989.24 |   32.925 |    3.0568 |   0.000 |  641.7s
2025-08-15 01:16:54,752 - INFO - CONVERGENCE EPISODE 657: 0.4438 rad
2025-08-15 01:17:07,829 - INFO - CONVERGENCE EPISODE 670: 0.0489 rad
2025-08-15 01:17:24,600 - INFO - CONVERGENCE EPISODE 687: 0.3338 rad
2025-08-15 01:17:30,429 - INFO - CONVERGENCE EPISODE 693: 0.2647 rad
2025-08-15 01:17:33,465 - INFO - CONVERGENCE EPISODE 696: 0.3152 rad
2025-08-15 01:17:37,438 - INFO -     700 | -1116.88 |   42.429 |    1.7882 |   0.000 |  691.3s
2025-08-15 01:17:38,435 - INFO - CONVERGENCE EPISODE 701: 0.0503 rad
2025-08-15 01:17:45,126 - INFO - 
2025-08-15 01:17:45,126 - INFO - MILESTONE 750 ANALYSIS:
2025-08-15 01:17:45,126 - INFO -   Recent 50 episodes avg position error: 8.8680 ± 2.8304 rad
2025-08-15 01:17:45,126 - INFO -   Recent 50 episodes avg cost: 5.933
2025-08-15 01:17:45,126 - INFO -   Recent 50 episodes success rate: 2.00%
2025-08-15 01:17:45,126 - INFO -   Convergent episodes ratio (< 0.5 rad): 2.00%
2025-08-15 01:17:45,126 - INFO -   Total convergent episodes so far: 101
2025-08-15 01:17:45,126 - INFO -   Best performance: 0.0036 rad at episode 404
2025-08-15 01:17:45,126 - INFO -   Stable performance not yet achieved
2025-08-15 01:17:45,126 - INFO - 
2025-08-15 01:17:45,126 - INFO -     750 |    0.00 |    1.000 |   10.0000 |   0.000 |  698.9s
2025-08-15 01:17:45,373 - INFO -     800 |    0.00 |    1.000 |   10.0000 |   0.000 |  699.2s
2025-08-15 01:17:45,502 - INFO -     850 |    0.00 |    1.000 |   10.0000 |   0.000 |  699.3s
2025-08-15 01:17:45,563 - INFO -     900 |    0.00 |    1.000 |   10.0000 |   0.000 |  699.4s
2025-08-15 01:17:45,634 - INFO -     950 |    0.00 |    1.000 |   10.0000 |   0.000 |  699.5s
2025-08-15 01:17:45,699 - INFO - 
2025-08-15 01:17:45,699 - INFO - MILESTONE 1000 ANALYSIS:
2025-08-15 01:17:45,699 - INFO -   Recent 50 episodes avg position error: 10.0000 ± 0.0000 rad
2025-08-15 01:17:45,699 - INFO -   Recent 50 episodes avg cost: 1.000
2025-08-15 01:17:45,699 - INFO -   Recent 50 episodes success rate: 0.00%
2025-08-15 01:17:45,699 - INFO -   Convergent episodes ratio (< 0.5 rad): 0.00%
2025-08-15 01:17:45,699 - INFO -   Total convergent episodes so far: 101
2025-08-15 01:17:45,699 - INFO -   Best performance: 0.0036 rad at episode 404
2025-08-15 01:17:45,699 - INFO -   Stable performance not yet achieved
2025-08-15 01:17:45,699 - INFO - 
2025-08-15 01:17:45,699 - INFO -    1000 |    0.00 |    1.000 |   10.0000 |   0.000 |  699.5s
2025-08-15 01:17:45,792 - INFO -    1050 |    0.00 |    1.000 |   10.0000 |   0.000 |  699.6s
2025-08-15 01:17:45,937 - INFO -    1100 |    0.00 |    1.000 |   10.0000 |   0.000 |  699.8s
2025-08-15 01:17:46,095 - INFO -    1150 |    0.00 |    1.000 |   10.0000 |   0.000 |  699.9s
2025-08-15 01:17:46,234 - INFO -    1200 |    0.00 |    1.000 |   10.0000 |   0.000 |  700.1s
2025-08-15 01:17:46,305 - INFO - 
2025-08-15 01:17:46,305 - INFO - MILESTONE 1250 ANALYSIS:
2025-08-15 01:17:46,305 - INFO -   Recent 50 episodes avg position error: 10.0000 ± 0.0000 rad
2025-08-15 01:17:46,305 - INFO -   Recent 50 episodes avg cost: 1.000
2025-08-15 01:17:46,305 - INFO -   Recent 50 episodes success rate: 0.00%
2025-08-15 01:17:46,305 - INFO -   Convergent episodes ratio (< 0.5 rad): 0.00%
2025-08-15 01:17:46,305 - INFO -   Total convergent episodes so far: 101
2025-08-15 01:17:46,305 - INFO -   Best performance: 0.0036 rad at episode 404
2025-08-15 01:17:46,305 - INFO -   Stable performance not yet achieved
2025-08-15 01:17:46,305 - INFO - 
2025-08-15 01:17:46,305 - INFO -    1250 |    0.00 |    1.000 |   10.0000 |   0.000 |  700.1s
2025-08-15 01:17:46,371 - INFO -    1300 |    0.00 |    1.000 |   10.0000 |   0.000 |  700.2s
2025-08-15 01:17:46,486 - INFO -    1350 |    0.00 |    1.000 |   10.0000 |   0.000 |  700.3s
2025-08-15 01:17:46,699 - INFO -    1400 |    0.00 |    1.000 |   10.0000 |   0.000 |  700.5s
2025-08-15 01:17:46,905 - INFO -    1450 |    0.00 |    1.000 |   10.0000 |   0.000 |  700.7s
2025-08-15 01:17:47,006 - INFO - 
================================================================================
2025-08-15 01:17:47,006 - INFO - TRAINING COMPLETED - FINAL ANALYSIS
2025-08-15 01:17:47,006 - INFO - ================================================================================
2025-08-15 01:17:47,006 - INFO - Total training time: 700.8 seconds (11.7 minutes)
2025-08-15 01:17:47,006 - INFO - Final episode reward: 0.00
2025-08-15 01:17:47,006 - INFO - Final position error: 10.0000 rad
2025-08-15 01:17:47,006 - INFO - Final success rate: 0.000
2025-08-15 01:17:47,006 - INFO - Best position error achieved: 0.0036 rad at episode 404
2025-08-15 01:17:47,006 - INFO - Total convergent episodes (< 0.5 rad): 101/1500 (6.73%)
2025-08-15 01:17:47,006 - INFO - Recent success rate (last 100 episodes): 0.00%
2025-08-15 01:17:47,006 - INFO - Stable performance achieved: No
2025-08-15 01:17:47,006 - INFO - Position error statistics:
2025-08-15 01:17:47,006 - INFO -   Mean: 6.0513 rad (346.7°)
2025-08-15 01:17:47,006 - INFO -   Std:  4.2241 rad (242.0°)
2025-08-15 01:17:47,006 - INFO -   Min:  0.0036 rad (0.2°)
2025-08-15 01:17:47,007 - INFO -   Max:  10.0000 rad (573.0°)
2025-08-15 01:17:47,007 - INFO -   Median: 10.0000 rad (573.0°)
2025-08-15 01:17:47,007 - INFO - Performance distribution:
2025-08-15 01:17:47,007 - INFO -   Excellent (< 0.1 rad / 5.7°): 18 episodes (1.2%)
2025-08-15 01:17:47,007 - INFO -   Good (0.1-0.3 rad / 5.7°-17.2°): 42 episodes (2.8%)
2025-08-15 01:17:47,007 - INFO -   Acceptable (0.3-0.5 rad / 17.2°-28.6°): 41 episodes (2.7%)
2025-08-15 01:17:47,007 - INFO -   Poor (> 0.5 rad / 28.6°): 1399 episodes (93.3%)
2025-08-15 01:17:47,007 - INFO - 
TRAINING CONFIGURATION EFFECTIVENESS:
2025-08-15 01:17:47,007 - INFO - ----------------------------------------
2025-08-15 01:17:47,007 - INFO - Episodes needed for first convergence: 0
2025-08-15 01:17:47,007 - INFO - Excitation phase ended at episode: 37
2025-08-15 01:17:47,022 - INFO - Training metrics saved to: /home/osos/Mohamed_Masters_Thesis/DHP_pendulum/training_logs/dhp_pendulum_metrics_20250815_011747.json
2025-08-15 01:17:47,022 - INFO - 
BEST MODEL CONFIRMED:
2025-08-15 01:17:47,022 - INFO -   Episode: 404
2025-08-15 01:17:47,022 - INFO -   Position Error: 0.0036 rad (0.2°)
2025-08-15 01:17:47,023 - INFO -   Model files: dhp_pendulum_best_*
2025-08-15 01:17:47,023 - INFO - ================================================================================
2025-08-15 01:17:47,023 - INFO - TRAINING SESSION COMPLETED
2025-08-15 01:17:47,023 - INFO - Detailed log saved to: /home/osos/Mohamed_Masters_Thesis/DHP_pendulum/training_logs/dhp_pendulum_training_20250815_010605.log
2025-08-15 01:17:47,023 - INFO - ================================================================================
2025-08-15 01:17:47,089 - INFO - SESSION-BEST EPISODE RECORDED: Episode 404
2025-08-15 01:17:47,089 - INFO -   Replay error: 1.6033 rad vs training error: 0.0036 rad
2025-08-15 01:17:47,089 - INFO -   Target angle: -1.751 rad
2025-08-15 01:17:47,138 - INFO - Model saved with state normalization ENABLED
