2025-08-15 16:50:38,689 - INFO - ================================================================================
2025-08-15 16:50:38,689 - INFO - DHP PENDULUM TRAINING SESSION STARTED
2025-08-15 16:50:38,689 - INFO - ================================================================================
2025-08-15 16:50:38,689 - INFO - HYPERPARAMETERS:
2025-08-15 16:50:38,689 - INFO - ----------------------------------------
2025-08-15 16:50:38,689 - INFO - action_size              : 1
2025-08-15 16:50:38,689 - INFO - activation               : relu
2025-08-15 16:50:38,689 - INFO - best_episode_gui         : False
2025-08-15 16:50:38,689 - INFO - episode_length           : 200
2025-08-15 16:50:38,689 - INFO - excitation_amplitude     : 0.2
2025-08-15 16:50:38,690 - INFO - excitation_steps         : 7500
2025-08-15 16:50:38,690 - INFO - fixed_target             : 3.141592653589793
2025-08-15 16:50:38,690 - INFO - gamma                    : 0.95
2025-08-15 16:50:38,690 - INFO - gui                      : False
2025-08-15 16:50:38,690 - INFO - hidden_layer_size        : [64, 64, 32]
2025-08-15 16:50:38,690 - INFO - log_interval             : 50
2025-08-15 16:50:38,690 - INFO - lr_actor                 : 0.005
2025-08-15 16:50:38,690 - INFO - lr_critic                : 0.01
2025-08-15 16:50:38,690 - INFO - max_steps                : 200
2025-08-15 16:50:38,690 - INFO - normalize_states         : True
2025-08-15 16:50:38,690 - INFO - num_episodes             : 1500
2025-08-15 16:50:38,690 - INFO - predict_delta            : False
2025-08-15 16:50:38,690 - INFO - record                   : False
2025-08-15 16:50:38,690 - INFO - record_best_episodes     : True
2025-08-15 16:50:38,690 - INFO - recording_fps            : 30
2025-08-15 16:50:38,690 - INFO - reference_size           : 3
2025-08-15 16:50:38,690 - INFO - rls_action_size          : 1
2025-08-15 16:50:38,690 - INFO - rls_covariance           : 100.0
2025-08-15 16:50:38,690 - INFO - rls_gamma                : 0.9995
2025-08-15 16:50:38,690 - INFO - rls_state_size           : 3
2025-08-15 16:50:38,690 - INFO - save_interval            : 200
2025-08-15 16:50:38,690 - INFO - split                    : False
2025-08-15 16:50:38,690 - INFO - state_bounds             : {'cos_theta': [-1.0, 1.0], 'sin_theta': [-1.0, 1.0], 'theta_dot': [-8.0, 8.0]}
2025-08-15 16:50:38,690 - INFO - state_size               : 3
2025-08-15 16:50:38,690 - INFO - target_network           : True
2025-08-15 16:50:38,690 - INFO - tau                      : 0.001
2025-08-15 16:50:38,690 - INFO - update_cycles            : 2
2025-08-15 16:50:38,690 - INFO - ----------------------------------------
2025-08-15 16:50:38,690 - INFO - Log file: /home/osos/Mohamed_Masters_Thesis/DHP_pendulum/training_logs/dhp_pendulum_training_20250815_165038.log
2025-08-15 16:50:38,690 - INFO - ================================================================================
2025-08-15 16:50:38,691 - INFO - 
CONFIGURATION OVERRIDES APPLIED:
2025-08-15 16:50:38,691 - INFO -   num_episodes: 400
2025-08-15 16:50:38,691 - INFO -   episode_length: 200
2025-08-15 16:50:38,691 - INFO -   max_steps: 200
2025-08-15 16:50:38,691 - INFO -   excitation_steps: 7500
2025-08-15 16:50:38,691 - INFO -   excitation_amplitude: 0.2
2025-08-15 16:50:38,691 - INFO -   log_interval: 50
2025-08-15 16:50:38,691 - INFO -   save_interval: 200
2025-08-15 16:50:38,691 - INFO -   gui: False
2025-08-15 16:50:38,691 - INFO -   record: False
2025-08-15 16:50:38,691 - INFO -   normalize_states: True
2025-08-15 16:50:38,691 - INFO -   record_best_episodes: True
2025-08-15 16:50:38,691 - INFO -   lr_critic: 0.001
2025-08-15 16:50:38,691 - INFO -   lr_actor: 0.0005
2025-08-15 16:50:38,691 - INFO -   hidden_layer_size: [64, 64, 32]
2025-08-15 16:50:38,691 - INFO -   gamma: 0.95
2025-08-15 16:50:38,691 - INFO -   update_cycles: 2
2025-08-15 16:50:38,691 - INFO -   tau: 0.001
2025-08-15 16:50:38,691 - INFO - 
==================================================
2025-08-15 16:50:38,691 - INFO - STARTING DHP TRAINING FOR PENDULUM
2025-08-15 16:50:38,691 - INFO - ==================================================
2025-08-15 16:50:38,694 - WARNING - From /home/osos/Mohamed_Masters_Thesis/msc-thesis/agents/dhp.py:70: The name tf.Session is deprecated. Please use tf.compat.v1.Session instead.

2025-08-15 16:50:38,808 - WARNING - From /home/osos/Mohamed_Masters_Thesis/msc-thesis/agents/dhp.py:100: The name tf.placeholder is deprecated. Please use tf.compat.v1.placeholder instead.

2025-08-15 16:50:38,811 - WARNING - From /home/osos/Mohamed_Masters_Thesis/msc-thesis/agents/dhp.py:102: The name tf.placeholder_with_default is deprecated. Please use tf.compat.v1.placeholder_with_default instead.

2025-08-15 16:50:38,820 - WARNING - From /home/osos/Mohamed_Masters_Thesis/msc-thesis/agents/dhp.py:124: The name tf.variable_scope is deprecated. Please use tf.compat.v1.variable_scope instead.

2025-08-15 16:50:38,820 - WARNING - From /home/osos/Mohamed_Masters_Thesis/msc-thesis/agents/dhp.py:128: dense (from tensorflow.python.layers.core) is deprecated and will be removed in a future version.
Instructions for updating:
Use keras.layers.Dense instead.
2025-08-15 16:50:38,822 - WARNING - From /home/osos/anaconda3/envs/DHP/lib/python3.7/site-packages/tensorflow_core/python/layers/core.py:187: Layer.apply (from tensorflow.python.keras.engine.base_layer) is deprecated and will be removed in a future version.
Instructions for updating:
Please use `layer.__call__` method instead.
2025-08-15 16:50:38,867 - WARNING - From /home/osos/Mohamed_Masters_Thesis/msc-thesis/agents/dhp.py:133: The name tf.trainable_variables is deprecated. Please use tf.compat.v1.trainable_variables instead.

2025-08-15 16:50:38,878 - WARNING - From /home/osos/Mohamed_Masters_Thesis/msc-thesis/agents/dhp.py:139: The name tf.train.GradientDescentOptimizer is deprecated. Please use tf.compat.v1.train.GradientDescentOptimizer instead.

2025-08-15 16:50:38,910 - WARNING - From /home/osos/Mohamed_Masters_Thesis/msc-thesis/agents/dhp.py:156: The name tf.assign is deprecated. Please use tf.compat.v1.assign instead.

2025-08-15 16:50:38,975 - WARNING - From /home/osos/Mohamed_Masters_Thesis/msc-thesis/agents/dhp.py:79: The name tf.summary.merge_all is deprecated. Please use tf.compat.v1.summary.merge_all instead.

2025-08-15 16:50:38,975 - WARNING - From /home/osos/Mohamed_Masters_Thesis/msc-thesis/agents/dhp.py:80: The name tf.train.Saver is deprecated. Please use tf.compat.v1.train.Saver instead.

2025-08-15 16:50:38,986 - WARNING - From /home/osos/Mohamed_Masters_Thesis/msc-thesis/agents/dhp.py:81: The name tf.global_variables_initializer is deprecated. Please use tf.compat.v1.global_variables_initializer instead.

2025-08-15 16:50:39,041 - INFO - 
Training for 400 episodes...
2025-08-15 16:50:39,041 - INFO - Episode | Reward  | Avg Cost | Pos Error | Success | Time
2025-08-15 16:50:39,041 - INFO - ------------------------------------------------------------
2025-08-15 16:50:40,379 - INFO -       0 | -484.17 |   33.150 |    0.7923 |   0.000 |    1.3s
2025-08-15 16:50:42,349 - INFO - CONVERGENCE EPISODE 2: 0.4897 rad
2025-08-15 16:50:43,327 - INFO - CONVERGENCE EPISODE 3: 0.1211 rad
2025-08-15 16:50:50,225 - INFO - CONVERGENCE EPISODE 10: 0.3819 rad
2025-08-15 16:50:51,241 - INFO - CONVERGENCE EPISODE 11: 0.3049 rad
2025-08-15 16:50:58,227 - INFO - CONVERGENCE EPISODE 18: 0.0072 rad
2025-08-15 16:51:01,198 - INFO - CONVERGENCE EPISODE 21: 0.0123 rad
2025-08-15 16:51:02,202 - INFO - CONVERGENCE EPISODE 22: 0.0796 rad
2025-08-15 16:51:07,127 - INFO - CONVERGENCE EPISODE 27: 0.1443 rad
2025-08-15 16:51:17,973 - INFO - CONVERGENCE EPISODE 38: 0.0154 rad
2025-08-15 16:51:19,910 - INFO - CONVERGENCE EPISODE 40: 0.0596 rad
2025-08-15 16:51:20,888 - INFO - CONVERGENCE EPISODE 41: 0.2152 rad
2025-08-15 16:51:24,799 - INFO - CONVERGENCE EPISODE 45: 0.0231 rad
2025-08-15 16:51:26,783 - INFO - CONVERGENCE EPISODE 47: 0.4987 rad
2025-08-15 16:51:28,736 - INFO - CONVERGENCE EPISODE 49: 0.2103 rad
2025-08-15 16:51:29,745 - INFO - CONVERGENCE EPISODE 50: 0.0698 rad
2025-08-15 16:51:29,746 - INFO -      50 |   -9.94 |    0.926 |    0.0698 |   1.000 |   50.7s
2025-08-15 16:51:34,749 - INFO - CONVERGENCE EPISODE 55: 0.1348 rad
2025-08-15 16:51:47,538 - INFO - CONVERGENCE EPISODE 68: 0.4239 rad
2025-08-15 16:51:51,523 - INFO - CONVERGENCE EPISODE 72: 0.1356 rad
2025-08-15 16:51:58,563 - INFO - CONVERGENCE EPISODE 79: 0.3955 rad
2025-08-15 16:52:09,412 - INFO - CONVERGENCE EPISODE 90: 0.1359 rad
2025-08-15 16:52:12,368 - INFO - CONVERGENCE EPISODE 93: 0.0709 rad
2025-08-15 16:52:13,349 - INFO - CONVERGENCE EPISODE 94: 0.0530 rad
2025-08-15 16:52:17,353 - INFO - CONVERGENCE EPISODE 98: 0.1335 rad
2025-08-15 16:52:19,310 - INFO - 
2025-08-15 16:52:19,311 - INFO - MILESTONE 100 ANALYSIS:
2025-08-15 16:52:19,311 - INFO -   Recent 50 episodes avg position error: 1.1938 ± 0.7603 rad
2025-08-15 16:52:19,311 - INFO -   Recent 50 episodes avg cost: 37.928
2025-08-15 16:52:19,311 - INFO -   Recent 50 episodes success rate: 4.00%
2025-08-15 16:52:19,311 - INFO -   Convergent episodes ratio (< 0.5 rad): 16.00%
2025-08-15 16:52:19,311 - INFO -   Total convergent episodes so far: 23
2025-08-15 16:52:19,311 - INFO -   Best performance: 0.0072 rad at episode 18
2025-08-15 16:52:19,311 - INFO -   Stable performance not yet achieved
2025-08-15 16:52:19,311 - INFO - 
2025-08-15 16:52:19,311 - INFO -     100 | -384.54 |   26.577 |    0.8767 |   0.000 |  100.3s
2025-08-15 16:52:20,278 - INFO - CONVERGENCE EPISODE 101: 0.2419 rad
2025-08-15 16:52:23,188 - INFO - CONVERGENCE EPISODE 104: 0.0291 rad
2025-08-15 16:52:24,185 - INFO - CONVERGENCE EPISODE 105: 0.2597 rad
2025-08-15 16:52:26,172 - INFO - CONVERGENCE EPISODE 107: 0.0181 rad
2025-08-15 16:52:27,175 - INFO - CONVERGENCE EPISODE 108: 0.0955 rad
2025-08-15 16:52:28,155 - INFO - CONVERGENCE EPISODE 109: 0.1177 rad
2025-08-15 16:52:30,154 - INFO - CONVERGENCE EPISODE 111: 0.2143 rad
2025-08-15 16:52:35,145 - INFO - CONVERGENCE EPISODE 116: 0.0000 rad
2025-08-15 16:52:39,075 - INFO - CONVERGENCE EPISODE 120: 0.0358 rad
2025-08-15 16:52:52,006 - INFO - CONVERGENCE EPISODE 133: 0.0482 rad
2025-08-15 16:52:55,051 - INFO - CONVERGENCE EPISODE 136: 0.3863 rad
2025-08-15 16:52:57,079 - INFO - CONVERGENCE EPISODE 138: 0.0822 rad
2025-08-15 16:52:58,089 - INFO - CONVERGENCE EPISODE 139: 0.4791 rad
2025-08-15 16:53:02,006 - INFO - CONVERGENCE EPISODE 143: 0.1341 rad
2025-08-15 16:53:05,921 - INFO - CONVERGENCE EPISODE 147: 0.0382 rad
2025-08-15 16:53:08,834 - INFO -     150 | -1451.89 |   77.354 |    3.0986 |   0.000 |  149.8s
2025-08-15 16:53:09,831 - INFO - CONVERGENCE EPISODE 151: 0.0701 rad
2025-08-15 16:53:11,820 - INFO - CONVERGENCE EPISODE 153: 0.4643 rad
2025-08-15 16:53:12,793 - INFO - CONVERGENCE EPISODE 154: 0.0647 rad
2025-08-15 16:53:14,739 - INFO - CONVERGENCE EPISODE 156: 0.1180 rad
2025-08-15 16:53:15,718 - INFO - CONVERGENCE EPISODE 157: 0.2116 rad
2025-08-15 16:53:16,687 - INFO - CONVERGENCE EPISODE 158: 0.4834 rad
2025-08-15 16:53:17,663 - INFO - CONVERGENCE EPISODE 159: 0.1751 rad
2025-08-15 16:53:18,638 - INFO - CONVERGENCE EPISODE 160: 0.3314 rad
2025-08-15 16:53:20,605 - INFO - CONVERGENCE EPISODE 162: 0.1763 rad
2025-08-15 16:53:23,534 - INFO - CONVERGENCE EPISODE 165: 0.0788 rad
2025-08-15 16:53:26,478 - INFO - CONVERGENCE EPISODE 168: 0.4401 rad
2025-08-15 16:53:30,482 - INFO - CONVERGENCE EPISODE 172: 0.0771 rad
2025-08-15 16:53:31,522 - INFO - CONVERGENCE EPISODE 173: 0.1629 rad
2025-08-15 16:53:37,610 - INFO - CONVERGENCE EPISODE 179: 0.2600 rad
2025-08-15 16:53:43,070 - INFO - CONVERGENCE EPISODE 184: 0.0630 rad
2025-08-15 16:53:49,475 - INFO - CONVERGENCE EPISODE 189: 0.4607 rad
2025-08-15 16:53:53,725 - INFO - CONVERGENCE EPISODE 193: 0.2584 rad
