2025-08-15 16:41:03,430 - INFO - ================================================================================
2025-08-15 16:41:03,431 - INFO - DHP PENDULUM TRAINING SESSION STARTED
2025-08-15 16:41:03,431 - INFO - ================================================================================
2025-08-15 16:41:03,431 - INFO - HYPERPARAMETERS:
2025-08-15 16:41:03,431 - INFO - ----------------------------------------
2025-08-15 16:41:03,431 - INFO - action_size              : 1
2025-08-15 16:41:03,431 - INFO - activation               : tanh
2025-08-15 16:41:03,431 - INFO - best_episode_gui         : False
2025-08-15 16:41:03,431 - INFO - episode_length           : 200
2025-08-15 16:41:03,431 - INFO - excitation_amplitude     : 0.2
2025-08-15 16:41:03,431 - INFO - excitation_steps         : 7500
2025-08-15 16:41:03,431 - INFO - fixed_target             : 3.141592653589793
2025-08-15 16:41:03,431 - INFO - gamma                    : 0.95
2025-08-15 16:41:03,431 - INFO - gui                      : False
2025-08-15 16:41:03,431 - INFO - hidden_layer_size        : [64, 64, 32]
2025-08-15 16:41:03,431 - INFO - log_interval             : 50
2025-08-15 16:41:03,431 - INFO - lr_actor                 : 0.005
2025-08-15 16:41:03,431 - INFO - lr_critic                : 0.01
2025-08-15 16:41:03,431 - INFO - max_steps                : 200
2025-08-15 16:41:03,432 - INFO - normalize_states         : True
2025-08-15 16:41:03,432 - INFO - num_episodes             : 1500
2025-08-15 16:41:03,432 - INFO - predict_delta            : False
2025-08-15 16:41:03,432 - INFO - record                   : False
2025-08-15 16:41:03,432 - INFO - record_best_episodes     : True
2025-08-15 16:41:03,432 - INFO - recording_fps            : 30
2025-08-15 16:41:03,432 - INFO - reference_size           : 3
2025-08-15 16:41:03,432 - INFO - rls_action_size          : 1
2025-08-15 16:41:03,432 - INFO - rls_covariance           : 100.0
2025-08-15 16:41:03,432 - INFO - rls_gamma                : 0.9995
2025-08-15 16:41:03,432 - INFO - rls_state_size           : 3
2025-08-15 16:41:03,432 - INFO - save_interval            : 200
2025-08-15 16:41:03,432 - INFO - split                    : False
2025-08-15 16:41:03,432 - INFO - state_bounds             : {'cos_theta': [-1.0, 1.0], 'sin_theta': [-1.0, 1.0], 'theta_dot': [-8.0, 8.0]}
2025-08-15 16:41:03,432 - INFO - state_size               : 3
2025-08-15 16:41:03,432 - INFO - target_network           : True
2025-08-15 16:41:03,432 - INFO - tau                      : 0.001
2025-08-15 16:41:03,433 - INFO - update_cycles            : 2
2025-08-15 16:41:03,433 - INFO - ----------------------------------------
2025-08-15 16:41:03,433 - INFO - Log file: /home/osos/Mohamed_Masters_Thesis/DHP_pendulum/training_logs/dhp_pendulum_training_20250815_164103.log
2025-08-15 16:41:03,433 - INFO - ================================================================================
2025-08-15 16:41:03,433 - INFO - 
CONFIGURATION OVERRIDES APPLIED:
2025-08-15 16:41:03,433 - INFO -   num_episodes: 400
2025-08-15 16:41:03,433 - INFO -   episode_length: 200
2025-08-15 16:41:03,433 - INFO -   max_steps: 200
2025-08-15 16:41:03,433 - INFO -   excitation_steps: 7500
2025-08-15 16:41:03,433 - INFO -   excitation_amplitude: 0.2
2025-08-15 16:41:03,433 - INFO -   log_interval: 50
2025-08-15 16:41:03,433 - INFO -   save_interval: 200
2025-08-15 16:41:03,433 - INFO -   gui: False
2025-08-15 16:41:03,433 - INFO -   record: False
2025-08-15 16:41:03,433 - INFO -   normalize_states: True
2025-08-15 16:41:03,434 - INFO -   record_best_episodes: True
2025-08-15 16:41:03,434 - INFO -   lr_critic: 0.001
2025-08-15 16:41:03,434 - INFO -   lr_actor: 0.0005
2025-08-15 16:41:03,434 - INFO -   hidden_layer_size: [64, 64, 32]
2025-08-15 16:41:03,434 - INFO -   gamma: 0.95
2025-08-15 16:41:03,434 - INFO -   update_cycles: 2
2025-08-15 16:41:03,434 - INFO -   tau: 0.001
2025-08-15 16:41:03,434 - INFO - 
==================================================
2025-08-15 16:41:03,434 - INFO - STARTING DHP TRAINING FOR PENDULUM
2025-08-15 16:41:03,434 - INFO - ==================================================
2025-08-15 16:41:03,438 - WARNING - From /home/osos/Mohamed_Masters_Thesis/msc-thesis/agents/dhp.py:70: The name tf.Session is deprecated. Please use tf.compat.v1.Session instead.

2025-08-15 16:41:03,542 - WARNING - From /home/osos/Mohamed_Masters_Thesis/msc-thesis/agents/dhp.py:100: The name tf.placeholder is deprecated. Please use tf.compat.v1.placeholder instead.

2025-08-15 16:41:03,544 - WARNING - From /home/osos/Mohamed_Masters_Thesis/msc-thesis/agents/dhp.py:102: The name tf.placeholder_with_default is deprecated. Please use tf.compat.v1.placeholder_with_default instead.

2025-08-15 16:41:03,546 - WARNING - From /home/osos/Mohamed_Masters_Thesis/msc-thesis/agents/dhp.py:124: The name tf.variable_scope is deprecated. Please use tf.compat.v1.variable_scope instead.

2025-08-15 16:41:03,546 - WARNING - From /home/osos/Mohamed_Masters_Thesis/msc-thesis/agents/dhp.py:128: dense (from tensorflow.python.layers.core) is deprecated and will be removed in a future version.
Instructions for updating:
Use keras.layers.Dense instead.
2025-08-15 16:41:03,546 - WARNING - From /home/osos/anaconda3/envs/DHP/lib/python3.7/site-packages/tensorflow_core/python/layers/core.py:187: Layer.apply (from tensorflow.python.keras.engine.base_layer) is deprecated and will be removed in a future version.
Instructions for updating:
Please use `layer.__call__` method instead.
2025-08-15 16:41:03,575 - WARNING - From /home/osos/Mohamed_Masters_Thesis/msc-thesis/agents/dhp.py:133: The name tf.trainable_variables is deprecated. Please use tf.compat.v1.trainable_variables instead.

2025-08-15 16:41:03,585 - WARNING - From /home/osos/Mohamed_Masters_Thesis/msc-thesis/agents/dhp.py:139: The name tf.train.GradientDescentOptimizer is deprecated. Please use tf.compat.v1.train.GradientDescentOptimizer instead.

2025-08-15 16:41:03,615 - WARNING - From /home/osos/Mohamed_Masters_Thesis/msc-thesis/agents/dhp.py:156: The name tf.assign is deprecated. Please use tf.compat.v1.assign instead.

2025-08-15 16:41:03,680 - WARNING - From /home/osos/Mohamed_Masters_Thesis/msc-thesis/agents/dhp.py:79: The name tf.summary.merge_all is deprecated. Please use tf.compat.v1.summary.merge_all instead.

2025-08-15 16:41:03,680 - WARNING - From /home/osos/Mohamed_Masters_Thesis/msc-thesis/agents/dhp.py:80: The name tf.train.Saver is deprecated. Please use tf.compat.v1.train.Saver instead.

2025-08-15 16:41:03,693 - WARNING - From /home/osos/Mohamed_Masters_Thesis/msc-thesis/agents/dhp.py:81: The name tf.global_variables_initializer is deprecated. Please use tf.compat.v1.global_variables_initializer instead.

2025-08-15 16:41:03,742 - INFO - 
Training for 400 episodes...
2025-08-15 16:41:03,742 - INFO - Episode | Reward  | Avg Cost | Pos Error | Success | Time
2025-08-15 16:41:03,742 - INFO - ------------------------------------------------------------
2025-08-15 16:41:05,206 - INFO -       0 | -1448.50 |   80.947 |    2.3057 |   0.000 |    1.5s
2025-08-15 16:41:10,356 - INFO - CONVERGENCE EPISODE 5: 0.2387 rad
2025-08-15 16:41:16,467 - INFO - CONVERGENCE EPISODE 11: 0.1521 rad
2025-08-15 16:41:20,795 - INFO - CONVERGENCE EPISODE 15: 0.3959 rad
2025-08-15 16:41:21,915 - INFO - CONVERGENCE EPISODE 16: 0.0809 rad
2025-08-15 16:41:23,061 - INFO - CONVERGENCE EPISODE 17: 0.2003 rad
2025-08-15 16:41:25,338 - INFO - CONVERGENCE EPISODE 19: 0.4820 rad
2025-08-15 16:41:26,485 - INFO - CONVERGENCE EPISODE 20: 0.2997 rad
2025-08-15 16:41:32,735 - INFO - CONVERGENCE EPISODE 26: 0.0191 rad
2025-08-15 16:41:37,831 - INFO - CONVERGENCE EPISODE 31: 0.1038 rad
2025-08-15 16:41:38,914 - INFO - CONVERGENCE EPISODE 32: 0.3337 rad
2025-08-15 16:41:39,981 - INFO - CONVERGENCE EPISODE 33: 0.1176 rad
2025-08-15 16:41:45,210 - INFO - CONVERGENCE EPISODE 38: 0.1334 rad
2025-08-15 16:41:52,233 - INFO - CONVERGENCE EPISODE 45: 0.0094 rad
2025-08-15 16:41:56,401 - INFO - CONVERGENCE EPISODE 49: 0.0176 rad
2025-08-15 16:41:57,476 - INFO - CONVERGENCE EPISODE 50: 0.1175 rad
2025-08-15 16:41:57,476 - INFO -      50 | -1353.35 |   68.381 |    0.1175 |   0.000 |   53.7s
2025-08-15 16:41:59,582 - INFO - CONVERGENCE EPISODE 52: 0.2109 rad
2025-08-15 16:42:01,671 - INFO - CONVERGENCE EPISODE 54: 0.4892 rad
2025-08-15 16:42:03,838 - INFO - CONVERGENCE EPISODE 56: 0.2262 rad
2025-08-15 16:42:07,844 - INFO - CONVERGENCE EPISODE 60: 0.0139 rad
2025-08-15 16:42:08,889 - INFO - CONVERGENCE EPISODE 61: 0.2986 rad
2025-08-15 16:42:21,895 - INFO - CONVERGENCE EPISODE 74: 0.3308 rad
2025-08-15 16:42:27,968 - INFO - CONVERGENCE EPISODE 80: 0.0134 rad
2025-08-15 16:42:30,100 - INFO - CONVERGENCE EPISODE 82: 0.4305 rad
2025-08-15 16:42:31,173 - INFO - CONVERGENCE EPISODE 83: 0.4875 rad
2025-08-15 16:42:37,290 - INFO - CONVERGENCE EPISODE 89: 0.1554 rad
2025-08-15 16:42:43,407 - INFO - CONVERGENCE EPISODE 95: 0.2138 rad
2025-08-15 16:42:44,459 - INFO - CONVERGENCE EPISODE 96: 0.1070 rad
2025-08-15 16:42:46,574 - INFO - CONVERGENCE EPISODE 98: 0.1403 rad
2025-08-15 16:42:47,623 - INFO - CONVERGENCE EPISODE 99: 0.2206 rad
2025-08-15 16:42:48,690 - INFO - 
2025-08-15 16:42:48,690 - INFO - MILESTONE 100 ANALYSIS:
2025-08-15 16:42:48,691 - INFO -   Recent 50 episodes avg position error: 1.1329 ± 0.7652 rad
2025-08-15 16:42:48,691 - INFO -   Recent 50 episodes avg cost: 41.629
2025-08-15 16:42:48,691 - INFO -   Recent 50 episodes success rate: 4.00%
2025-08-15 16:42:48,691 - INFO -   Convergent episodes ratio (< 0.5 rad): 28.00%
2025-08-15 16:42:48,691 - INFO -   Total convergent episodes so far: 29
2025-08-15 16:42:48,691 - INFO -   Best performance: 0.0094 rad at episode 45
2025-08-15 16:42:48,691 - INFO -   Stable performance not yet achieved
2025-08-15 16:42:48,691 - INFO - 
2025-08-15 16:42:48,691 - INFO -     100 | -470.14 |   32.746 |    1.3482 |   0.000 |  104.9s
2025-08-15 16:42:50,819 - INFO - CONVERGENCE EPISODE 102: 0.0384 rad
2025-08-15 16:42:56,075 - INFO - CONVERGENCE EPISODE 107: 0.0871 rad
2025-08-15 16:43:00,094 - INFO - CONVERGENCE EPISODE 111: 0.0750 rad
2025-08-15 16:43:03,272 - INFO - CONVERGENCE EPISODE 114: 0.0175 rad
2025-08-15 16:43:06,405 - INFO - CONVERGENCE EPISODE 117: 0.3758 rad
2025-08-15 16:43:07,451 - INFO - CONVERGENCE EPISODE 118: 0.1225 rad
2025-08-15 16:43:10,603 - INFO - CONVERGENCE EPISODE 121: 0.1744 rad
2025-08-15 16:43:15,773 - INFO - CONVERGENCE EPISODE 126: 0.4570 rad
2025-08-15 16:43:17,868 - INFO - CONVERGENCE EPISODE 128: 0.2769 rad
2025-08-15 16:43:19,955 - INFO - CONVERGENCE EPISODE 130: 0.3232 rad
2025-08-15 16:43:21,037 - INFO - CONVERGENCE EPISODE 131: 0.0574 rad
2025-08-15 16:43:24,172 - INFO - CONVERGENCE EPISODE 134: 0.1487 rad
2025-08-15 16:43:25,273 - INFO - CONVERGENCE EPISODE 135: 0.0199 rad
2025-08-15 16:43:31,316 - INFO - CONVERGENCE EPISODE 141: 0.1185 rad
2025-08-15 16:43:33,401 - INFO - CONVERGENCE EPISODE 143: 0.3311 rad
2025-08-15 16:43:36,469 - INFO - CONVERGENCE EPISODE 146: 0.0105 rad
2025-08-15 16:43:37,528 - INFO - CONVERGENCE EPISODE 147: 0.3529 rad
2025-08-15 16:43:39,605 - INFO - CONVERGENCE EPISODE 149: 0.0890 rad
2025-08-15 16:43:40,653 - INFO - CONVERGENCE EPISODE 150: 0.1914 rad
2025-08-15 16:43:40,653 - INFO -     150 |  -32.00 |    2.953 |    0.1914 |   0.000 |  156.9s
2025-08-15 16:43:44,695 - INFO - CONVERGENCE EPISODE 154: 0.1195 rad
2025-08-15 16:43:53,761 - INFO - CONVERGENCE EPISODE 163: 0.2903 rad
2025-08-15 16:43:54,914 - INFO - CONVERGENCE EPISODE 164: 0.1000 rad
2025-08-15 16:43:56,083 - INFO - CONVERGENCE EPISODE 165: 0.1774 rad
2025-08-15 16:43:59,219 - INFO - CONVERGENCE EPISODE 168: 0.4035 rad
2025-08-15 16:44:00,279 - INFO - CONVERGENCE EPISODE 169: 0.3097 rad
2025-08-15 16:44:01,354 - INFO - CONVERGENCE EPISODE 170: 0.3799 rad
2025-08-15 16:44:10,399 - INFO - CONVERGENCE EPISODE 179: 0.0674 rad
2025-08-15 16:44:11,466 - INFO - CONVERGENCE EPISODE 180: 0.0280 rad
2025-08-15 16:44:16,481 - INFO - CONVERGENCE EPISODE 185: 0.0807 rad
2025-08-15 16:44:17,535 - INFO - CONVERGENCE EPISODE 186: 0.3675 rad
2025-08-15 16:44:18,615 - INFO - CONVERGENCE EPISODE 187: 0.2441 rad
2025-08-15 16:44:19,683 - INFO - CONVERGENCE EPISODE 188: 0.2046 rad
2025-08-15 16:44:26,779 - INFO - CONVERGENCE EPISODE 195: 0.0695 rad
2025-08-15 16:44:31,933 - INFO -     200 | -948.01 |   64.868 |    1.8246 |   0.000 |  208.2s
2025-08-15 16:44:33,059 - INFO - CONVERGENCE EPISODE 201: 0.2297 rad
2025-08-15 16:44:37,214 - INFO - CONVERGENCE EPISODE 205: 0.1160 rad
2025-08-15 16:44:40,243 - INFO - CONVERGENCE EPISODE 208: 0.3558 rad
2025-08-15 16:44:41,290 - INFO - CONVERGENCE EPISODE 209: 0.0561 rad
2025-08-15 16:44:42,322 - INFO - CONVERGENCE EPISODE 210: 0.2316 rad
2025-08-15 16:44:46,490 - INFO - CONVERGENCE EPISODE 214: 0.2977 rad
2025-08-15 16:44:48,686 - INFO - CONVERGENCE EPISODE 216: 0.4704 rad
2025-08-15 16:44:49,881 - INFO - CONVERGENCE EPISODE 217: 0.1029 rad
2025-08-15 16:44:51,997 - INFO - CONVERGENCE EPISODE 219: 0.2806 rad
2025-08-15 16:44:53,101 - INFO - CONVERGENCE EPISODE 220: 0.0730 rad
2025-08-15 16:44:57,321 - INFO - CONVERGENCE EPISODE 224: 0.3442 rad
2025-08-15 16:45:05,463 - INFO - CONVERGENCE EPISODE 232: 0.2964 rad
2025-08-15 16:45:07,585 - INFO - CONVERGENCE EPISODE 234: 0.1846 rad
2025-08-15 16:45:08,688 - INFO - CONVERGENCE EPISODE 235: 0.2400 rad
2025-08-15 16:45:11,953 - INFO - CONVERGENCE EPISODE 238: 0.1189 rad
2025-08-15 16:45:13,068 - INFO - CONVERGENCE EPISODE 239: 0.3622 rad
2025-08-15 16:45:15,153 - INFO - CONVERGENCE EPISODE 241: 0.4334 rad
2025-08-15 16:45:17,254 - INFO - CONVERGENCE EPISODE 243: 0.1144 rad
2025-08-15 16:45:20,418 - INFO - CONVERGENCE EPISODE 246: 0.1163 rad
2025-08-15 16:45:22,522 - INFO - CONVERGENCE EPISODE 248: 0.0866 rad
2025-08-15 16:45:24,648 - INFO - 
2025-08-15 16:45:24,648 - INFO - MILESTONE 250 ANALYSIS:
2025-08-15 16:45:24,648 - INFO -   Recent 50 episodes avg position error: 0.7036 ± 0.4973 rad
2025-08-15 16:45:24,648 - INFO -   Recent 50 episodes avg cost: 38.573
2025-08-15 16:45:24,648 - INFO -   Recent 50 episodes success rate: 6.00%
2025-08-15 16:45:24,648 - INFO -   Convergent episodes ratio (< 0.5 rad): 40.00%
2025-08-15 16:45:24,648 - INFO -   Total convergent episodes so far: 82
2025-08-15 16:45:24,648 - INFO -   Best performance: 0.0094 rad at episode 45
2025-08-15 16:45:24,648 - INFO -   Stable performance not yet achieved
2025-08-15 16:45:24,648 - INFO - 
2025-08-15 16:45:24,648 - INFO -     250 | -350.55 |   25.830 |    0.5003 |   0.000 |  260.9s
2025-08-15 16:45:26,787 - INFO - CONVERGENCE EPISODE 252: 0.0981 rad
2025-08-15 16:45:28,887 - INFO - CONVERGENCE EPISODE 254: 0.1913 rad
2025-08-15 16:45:29,957 - INFO - CONVERGENCE EPISODE 255: 0.0833 rad
2025-08-15 16:45:32,038 - INFO - CONVERGENCE EPISODE 257: 0.3114 rad
2025-08-15 16:45:33,118 - INFO - CONVERGENCE EPISODE 258: 0.1028 rad
2025-08-15 16:45:35,239 - INFO - CONVERGENCE EPISODE 260: 0.2224 rad
2025-08-15 16:45:37,444 - INFO - CONVERGENCE EPISODE 262: 0.1834 rad
2025-08-15 16:45:40,498 - INFO - CONVERGENCE EPISODE 265: 0.0453 rad
2025-08-15 16:45:42,560 - INFO - CONVERGENCE EPISODE 267: 0.2196 rad
2025-08-15 16:45:43,597 - INFO - CONVERGENCE EPISODE 268: 0.2517 rad
2025-08-15 16:45:44,659 - INFO - CONVERGENCE EPISODE 269: 0.2079 rad
2025-08-15 16:45:46,795 - INFO - CONVERGENCE EPISODE 271: 0.4260 rad
2025-08-15 16:45:47,854 - INFO - CONVERGENCE EPISODE 272: 0.2922 rad
2025-08-15 16:45:55,134 - INFO - CONVERGENCE EPISODE 279: 0.1090 rad
2025-08-15 16:45:56,184 - INFO - CONVERGENCE EPISODE 280: 0.1072 rad
2025-08-15 16:45:58,296 - INFO - CONVERGENCE EPISODE 282: 0.1480 rad
2025-08-15 16:45:59,370 - INFO - CONVERGENCE EPISODE 283: 0.1986 rad
2025-08-15 16:46:03,507 - INFO - CONVERGENCE EPISODE 287: 0.0117 rad
2025-08-15 16:46:04,604 - INFO - CONVERGENCE EPISODE 288: 0.2197 rad
2025-08-15 16:46:06,675 - INFO - CONVERGENCE EPISODE 290: 0.1072 rad
2025-08-15 16:46:09,757 - INFO - CONVERGENCE EPISODE 293: 0.3620 rad
2025-08-15 16:46:11,831 - INFO - CONVERGENCE EPISODE 295: 0.0178 rad
2025-08-15 16:46:12,907 - INFO - CONVERGENCE EPISODE 296: 0.0144 rad
2025-08-15 16:46:14,017 - INFO - CONVERGENCE EPISODE 297: 0.1981 rad
2025-08-15 16:46:15,082 - INFO - CONVERGENCE EPISODE 298: 0.0009 rad
2025-08-15 16:46:16,153 - INFO - CONVERGENCE EPISODE 299: 0.0694 rad
2025-08-15 16:46:17,237 - INFO - CONVERGENCE EPISODE 300: 0.0148 rad
2025-08-15 16:46:17,237 - INFO -     300 |   -1.59 |    0.177 |    0.0148 |   1.000 |  313.5s
2025-08-15 16:46:20,480 - INFO - CONVERGENCE EPISODE 303: 0.3105 rad
2025-08-15 16:46:21,540 - INFO - CONVERGENCE EPISODE 304: 0.1218 rad
2025-08-15 16:46:23,651 - INFO - CONVERGENCE EPISODE 306: 0.4858 rad
2025-08-15 16:46:25,769 - INFO - CONVERGENCE EPISODE 308: 0.0052 rad
2025-08-15 16:46:26,832 - INFO - CONVERGENCE EPISODE 309: 0.4295 rad
2025-08-15 16:46:27,878 - INFO - CONVERGENCE EPISODE 310: 0.4901 rad
2025-08-15 16:46:32,947 - INFO - CONVERGENCE EPISODE 315: 0.0365 rad
2025-08-15 16:46:34,110 - INFO - CONVERGENCE EPISODE 316: 0.1659 rad
2025-08-15 16:46:35,197 - INFO - CONVERGENCE EPISODE 317: 0.2267 rad
2025-08-15 16:46:37,311 - INFO - CONVERGENCE EPISODE 319: 0.0134 rad
2025-08-15 16:46:39,458 - INFO - CONVERGENCE EPISODE 321: 0.4608 rad
2025-08-15 16:46:43,529 - INFO - CONVERGENCE EPISODE 325: 0.0067 rad
2025-08-15 16:46:57,793 - INFO - CONVERGENCE EPISODE 339: 0.0050 rad
2025-08-15 16:47:01,924 - INFO - CONVERGENCE EPISODE 343: 0.1477 rad
2025-08-15 16:47:04,067 - INFO - CONVERGENCE EPISODE 345: 0.1499 rad
2025-08-15 16:47:05,131 - INFO - CONVERGENCE EPISODE 346: 0.0038 rad
2025-08-15 16:47:06,223 - INFO - CONVERGENCE EPISODE 347: 0.3299 rad
2025-08-15 16:47:07,281 - INFO - CONVERGENCE EPISODE 348: 0.0956 rad
2025-08-15 16:47:08,396 - INFO - CONVERGENCE EPISODE 349: 0.0606 rad
2025-08-15 16:47:09,503 - INFO - CONVERGENCE EPISODE 350: 0.0125 rad
2025-08-15 16:47:09,503 - INFO -     350 |   -2.27 |    0.251 |    0.0125 |   1.000 |  365.8s
2025-08-15 16:47:11,582 - INFO - CONVERGENCE EPISODE 352: 0.1932 rad
2025-08-15 16:47:13,703 - INFO - CONVERGENCE EPISODE 354: 0.4417 rad
2025-08-15 16:47:15,853 - INFO - CONVERGENCE EPISODE 356: 0.0315 rad
2025-08-15 16:47:18,963 - INFO - CONVERGENCE EPISODE 359: 0.4689 rad
2025-08-15 16:47:20,038 - INFO - CONVERGENCE EPISODE 360: 0.2217 rad
2025-08-15 16:47:23,147 - INFO - CONVERGENCE EPISODE 363: 0.0169 rad
2025-08-15 16:47:25,370 - INFO - CONVERGENCE EPISODE 365: 0.3768 rad
2025-08-15 16:47:30,460 - INFO - CONVERGENCE EPISODE 370: 0.1172 rad
2025-08-15 16:47:32,545 - INFO - CONVERGENCE EPISODE 372: 0.3593 rad
2025-08-15 16:47:33,604 - INFO - CONVERGENCE EPISODE 373: 0.0136 rad
2025-08-15 16:47:38,738 - INFO - CONVERGENCE EPISODE 378: 0.3718 rad
2025-08-15 16:47:44,887 - INFO - CONVERGENCE EPISODE 384: 0.3658 rad
2025-08-15 16:47:45,986 - INFO - CONVERGENCE EPISODE 385: 0.3173 rad
2025-08-15 16:47:47,190 - INFO - CONVERGENCE EPISODE 386: 0.3346 rad
2025-08-15 16:47:48,278 - INFO - CONVERGENCE EPISODE 387: 0.3018 rad
2025-08-15 16:47:51,408 - INFO - CONVERGENCE EPISODE 390: 0.0215 rad
2025-08-15 16:47:52,503 - INFO - CONVERGENCE EPISODE 391: 0.1377 rad
2025-08-15 16:47:53,582 - INFO - CONVERGENCE EPISODE 392: 0.1386 rad
2025-08-15 16:47:54,661 - INFO - CONVERGENCE EPISODE 393: 0.0144 rad
2025-08-15 16:47:57,932 - INFO - CONVERGENCE EPISODE 396: 0.0690 rad
2025-08-15 16:48:00,003 - INFO - CONVERGENCE EPISODE 398: 0.3289 rad
2025-08-15 16:48:01,083 - INFO - 
================================================================================
2025-08-15 16:48:01,084 - INFO - TRAINING COMPLETED - FINAL ANALYSIS
2025-08-15 16:48:01,092 - INFO - ================================================================================
2025-08-15 16:48:01,093 - INFO - Total training time: 417.3 seconds (7.0 minutes)
2025-08-15 16:48:01,093 - INFO - Final episode reward: -815.13
2025-08-15 16:48:01,093 - INFO - Final position error: 0.7532 rad
2025-08-15 16:48:01,093 - INFO - Final success rate: 0.000
2025-08-15 16:48:01,093 - INFO - Best position error achieved: 0.0009 rad at episode 298
2025-08-15 16:48:01,093 - INFO - Total convergent episodes (< 0.5 rad): 150/400 (37.50%)
2025-08-15 16:48:01,093 - INFO - Recent success rate (last 100 episodes): 16.00%
2025-08-15 16:48:01,093 - INFO - Stable performance achieved: No
2025-08-15 16:48:01,093 - INFO - Position error statistics:
2025-08-15 16:48:01,093 - INFO -   Mean: 0.8367 rad (47.9°)
2025-08-15 16:48:01,093 - INFO -   Std:  0.6653 rad (38.1°)
2025-08-15 16:48:01,093 - INFO -   Min:  0.0009 rad (0.0°)
2025-08-15 16:48:01,093 - INFO -   Max:  2.7188 rad (155.8°)
2025-08-15 16:48:01,094 - INFO -   Median: 0.7091 rad (40.6°)
2025-08-15 16:48:01,094 - INFO - Performance distribution:
2025-08-15 16:48:01,094 - INFO -   Excellent (< 0.1 rad / 5.7°): 45 episodes (11.2%)
2025-08-15 16:48:01,094 - INFO -   Good (0.1-0.3 rad / 5.7°-17.2°): 65 episodes (16.2%)
2025-08-15 16:48:01,094 - INFO -   Acceptable (0.3-0.5 rad / 17.2°-28.6°): 40 episodes (10.0%)
2025-08-15 16:48:01,094 - INFO -   Poor (> 0.5 rad / 28.6°): 250 episodes (62.5%)
2025-08-15 16:48:01,094 - INFO - 
TRAINING CONFIGURATION EFFECTIVENESS:
2025-08-15 16:48:01,094 - INFO - ----------------------------------------
2025-08-15 16:48:01,094 - INFO - Episodes needed for first convergence: 5
2025-08-15 16:48:01,094 - INFO - Excitation phase ended at episode: 37
2025-08-15 16:48:01,100 - INFO - Training metrics saved to: /home/osos/Mohamed_Masters_Thesis/DHP_pendulum/training_logs/dhp_pendulum_metrics_20250815_164801.json
2025-08-15 16:48:01,100 - INFO - 
BEST MODEL CONFIRMED:
2025-08-15 16:48:01,100 - INFO -   Episode: 298
2025-08-15 16:48:01,100 - INFO -   Position Error: 0.0009 rad (0.0°)
2025-08-15 16:48:01,100 - INFO -   Model files: dhp_pendulum_best_*
2025-08-15 16:48:01,100 - INFO - ================================================================================
2025-08-15 16:48:01,101 - INFO - TRAINING SESSION COMPLETED
2025-08-15 16:48:01,101 - INFO - Detailed log saved to: /home/osos/Mohamed_Masters_Thesis/DHP_pendulum/training_logs/dhp_pendulum_training_20250815_164103.log
2025-08-15 16:48:01,101 - INFO - ================================================================================
2025-08-15 16:48:07,977 - INFO - SESSION-BEST EPISODE RECORDED: Episode 298
2025-08-15 16:48:07,977 - INFO -   Replay error: 1.4225 rad vs training error: 0.0009 rad
2025-08-15 16:48:07,978 - INFO -   Target angle: 3.142 rad
2025-08-15 16:48:08,052 - INFO - Model saved with state normalization ENABLED
2025-08-15 16:48:46,987 - INFO - 
==================================================
2025-08-15 16:48:46,987 - INFO - STARTING POLICY DEMONSTRATION
2025-08-15 16:48:46,987 - INFO - ==================================================
2025-08-15 16:48:53,831 - INFO - Demonstration final angle error: 118.7°
2025-08-15 16:48:53,831 - INFO - Training and demonstration session completed successfully!
2025-08-15 16:49:09,490 - INFO - ================================================================================
2025-08-15 16:49:09,491 - INFO - DHP PENDULUM TRAINING SESSION STARTED
2025-08-15 16:49:09,491 - INFO - ================================================================================
2025-08-15 16:49:09,491 - INFO - HYPERPARAMETERS:
2025-08-15 16:49:09,491 - INFO - ----------------------------------------
2025-08-15 16:49:09,492 - INFO - action_size              : 1
2025-08-15 16:49:09,492 - INFO - activation               : tanh
2025-08-15 16:49:09,492 - INFO - best_episode_gui         : False
2025-08-15 16:49:09,492 - INFO - episode_length           : 200
2025-08-15 16:49:09,492 - INFO - excitation_amplitude     : 0.2
2025-08-15 16:49:09,493 - INFO - excitation_steps         : 7500
2025-08-15 16:49:09,493 - INFO - fixed_target             : 3.141592653589793
2025-08-15 16:49:09,493 - INFO - gamma                    : 0.95
2025-08-15 16:49:09,493 - INFO - gui                      : False
2025-08-15 16:49:09,494 - INFO - hidden_layer_size        : [64, 64, 32]
2025-08-15 16:49:09,494 - INFO - log_interval             : 50
2025-08-15 16:49:09,494 - INFO - lr_actor                 : 0.005
2025-08-15 16:49:09,495 - INFO - lr_critic                : 0.01
2025-08-15 16:49:09,495 - INFO - max_steps                : 200
2025-08-15 16:49:09,495 - INFO - normalize_states         : True
2025-08-15 16:49:09,495 - INFO - num_episodes             : 1500
2025-08-15 16:49:09,495 - INFO - predict_delta            : False
2025-08-15 16:49:09,495 - INFO - record                   : False
2025-08-15 16:49:09,495 - INFO - record_best_episodes     : True
2025-08-15 16:49:09,495 - INFO - recording_fps            : 30
2025-08-15 16:49:09,496 - INFO - reference_size           : 3
2025-08-15 16:49:09,496 - INFO - rls_action_size          : 1
2025-08-15 16:49:09,496 - INFO - rls_covariance           : 100.0
2025-08-15 16:49:09,496 - INFO - rls_gamma                : 0.9995
2025-08-15 16:49:09,496 - INFO - rls_state_size           : 3
2025-08-15 16:49:09,496 - INFO - save_interval            : 200
2025-08-15 16:49:09,496 - INFO - split                    : False
2025-08-15 16:49:09,496 - INFO - state_bounds             : {'cos_theta': [-1.0, 1.0], 'sin_theta': [-1.0, 1.0], 'theta_dot': [-8.0, 8.0]}
2025-08-15 16:49:09,496 - INFO - state_size               : 3
2025-08-15 16:49:09,496 - INFO - target_network           : True
2025-08-15 16:49:09,496 - INFO - tau                      : 0.001
2025-08-15 16:49:09,496 - INFO - update_cycles            : 2
2025-08-15 16:49:09,496 - INFO - ----------------------------------------
2025-08-15 16:49:09,496 - INFO - Log file: /home/osos/Mohamed_Masters_Thesis/DHP_pendulum/training_logs/dhp_pendulum_training_20250815_164909.log
2025-08-15 16:49:09,496 - INFO - ================================================================================
2025-08-15 16:49:09,497 - INFO - 
CONFIGURATION OVERRIDES APPLIED:
2025-08-15 16:49:09,497 - INFO -   num_episodes: 1500
2025-08-15 16:49:09,497 - INFO -   episode_length: 200
2025-08-15 16:49:09,497 - INFO -   max_steps: 200
2025-08-15 16:49:09,497 - INFO -   excitation_steps: 7500
2025-08-15 16:49:09,497 - INFO -   excitation_amplitude: 0.2
2025-08-15 16:49:09,497 - INFO -   log_interval: 50
2025-08-15 16:49:09,497 - INFO -   save_interval: 200
2025-08-15 16:49:09,497 - INFO -   gui: False
2025-08-15 16:49:09,497 - INFO -   record: False
2025-08-15 16:49:09,497 - INFO -   normalize_states: True
2025-08-15 16:49:09,497 - INFO -   record_best_episodes: True
2025-08-15 16:49:09,497 - INFO -   lr_critic: 0.01
2025-08-15 16:49:09,497 - INFO -   lr_actor: 0.005
2025-08-15 16:49:09,497 - INFO -   hidden_layer_size: [64, 64, 32]
2025-08-15 16:49:09,497 - INFO -   gamma: 0.95
2025-08-15 16:49:09,497 - INFO -   update_cycles: 2
2025-08-15 16:49:09,497 - INFO -   tau: 0.001
2025-08-15 16:49:09,497 - INFO - 
==================================================
2025-08-15 16:49:09,497 - INFO - STARTING DHP TRAINING FOR PENDULUM
2025-08-15 16:49:09,497 - INFO - ==================================================
2025-08-15 16:49:09,683 - INFO - 
Training for 1500 episodes...
2025-08-15 16:49:09,684 - INFO - Episode | Reward  | Avg Cost | Pos Error | Success | Time
2025-08-15 16:49:09,684 - INFO - ------------------------------------------------------------
2025-08-15 16:49:11,358 - INFO -       0 | -1410.61 |   73.472 |    2.4798 |   0.000 |    1.7s
2025-08-15 16:49:12,423 - INFO - CONVERGENCE EPISODE 1: 0.1575 rad
