2025-08-16 11:04:19,724 - INFO - ================================================================================
2025-08-16 11:04:19,724 - INFO - DHP PENDULUM TRAINING SESSION STARTED
2025-08-16 11:04:19,724 - INFO - ================================================================================
2025-08-16 11:04:19,724 - INFO - HYPERPARAMETERS:
2025-08-16 11:04:19,724 - INFO - ----------------------------------------
2025-08-16 11:04:19,724 - INFO - action_size              : 1
2025-08-16 11:04:19,724 - INFO - activation               : tanh
2025-08-16 11:04:19,724 - INFO - best_episode_gui         : False
2025-08-16 11:04:19,724 - INFO - episode_length           : 200
2025-08-16 11:04:19,724 - INFO - excitation_amplitude     : 0.2
2025-08-16 11:04:19,724 - INFO - excitation_steps         : 7500
2025-08-16 11:04:19,724 - INFO - gamma                    : 0.95
2025-08-16 11:04:19,724 - INFO - gui                      : False
2025-08-16 11:04:19,724 - INFO - hidden_layer_size        : [64, 64, 32]
2025-08-16 11:04:19,724 - INFO - log_interval             : 50
2025-08-16 11:04:19,724 - INFO - lr_actor                 : 0.005
2025-08-16 11:04:19,724 - INFO - lr_critic                : 0.01
2025-08-16 11:04:19,724 - INFO - max_steps                : 200
2025-08-16 11:04:19,724 - INFO - normalize_states         : True
2025-08-16 11:04:19,724 - INFO - num_episodes             : 1500
2025-08-16 11:04:19,724 - INFO - predict_delta            : False
2025-08-16 11:04:19,724 - INFO - record                   : False
2025-08-16 11:04:19,724 - INFO - record_best_episodes     : True
2025-08-16 11:04:19,724 - INFO - recording_fps            : 30
2025-08-16 11:04:19,725 - INFO - reference_size           : 2
2025-08-16 11:04:19,725 - INFO - rls_action_size          : 1
2025-08-16 11:04:19,725 - INFO - rls_covariance           : 100.0
2025-08-16 11:04:19,725 - INFO - rls_gamma                : 0.9995
2025-08-16 11:04:19,725 - INFO - rls_state_size           : 2
2025-08-16 11:04:19,725 - INFO - save_interval            : 200
2025-08-16 11:04:19,725 - INFO - split                    : False
2025-08-16 11:04:19,725 - INFO - state_bounds             : {'theta': [-3.141592653589793, 3.141592653589793], 'theta_dot': [-8.0, 8.0]}
2025-08-16 11:04:19,725 - INFO - state_size               : 2
2025-08-16 11:04:19,725 - INFO - target_network           : True
2025-08-16 11:04:19,725 - INFO - tau                      : 0.001
2025-08-16 11:04:19,725 - INFO - update_cycles            : 2
2025-08-16 11:04:19,725 - INFO - ----------------------------------------
2025-08-16 11:04:19,725 - INFO - Log file: /home/osos/Mohamed_Masters_Thesis/DHP_pendulum/training_logs/dhp_pendulum_training_20250816_110419.log
2025-08-16 11:04:19,725 - INFO - ================================================================================
2025-08-16 11:04:19,725 - INFO - 
==================================================
2025-08-16 11:04:19,725 - INFO - STARTING DHP TRAINING FOR PENDULUM
2025-08-16 11:04:19,725 - INFO - ==================================================
2025-08-16 11:04:19,727 - WARNING - From /home/osos/Mohamed_Masters_Thesis/msc-thesis/agents/dhp.py:70: The name tf.Session is deprecated. Please use tf.compat.v1.Session instead.

2025-08-16 11:04:19,855 - WARNING - From /home/osos/Mohamed_Masters_Thesis/msc-thesis/agents/dhp.py:100: The name tf.placeholder is deprecated. Please use tf.compat.v1.placeholder instead.

2025-08-16 11:04:19,856 - WARNING - From /home/osos/Mohamed_Masters_Thesis/msc-thesis/agents/dhp.py:102: The name tf.placeholder_with_default is deprecated. Please use tf.compat.v1.placeholder_with_default instead.

2025-08-16 11:04:19,863 - WARNING - From /home/osos/Mohamed_Masters_Thesis/msc-thesis/agents/dhp.py:124: The name tf.variable_scope is deprecated. Please use tf.compat.v1.variable_scope instead.

2025-08-16 11:04:19,864 - WARNING - From /home/osos/Mohamed_Masters_Thesis/msc-thesis/agents/dhp.py:128: dense (from tensorflow.python.layers.core) is deprecated and will be removed in a future version.
Instructions for updating:
Use keras.layers.Dense instead.
2025-08-16 11:04:19,865 - WARNING - From /home/osos/anaconda3/envs/DHP/lib/python3.7/site-packages/tensorflow_core/python/layers/core.py:187: Layer.apply (from tensorflow.python.keras.engine.base_layer) is deprecated and will be removed in a future version.
Instructions for updating:
Please use `layer.__call__` method instead.
2025-08-16 11:04:19,900 - WARNING - From /home/osos/Mohamed_Masters_Thesis/msc-thesis/agents/dhp.py:133: The name tf.trainable_variables is deprecated. Please use tf.compat.v1.trainable_variables instead.

2025-08-16 11:04:19,912 - WARNING - From /home/osos/Mohamed_Masters_Thesis/msc-thesis/agents/dhp.py:139: The name tf.train.GradientDescentOptimizer is deprecated. Please use tf.compat.v1.train.GradientDescentOptimizer instead.

2025-08-16 11:04:19,956 - WARNING - From /home/osos/Mohamed_Masters_Thesis/msc-thesis/agents/dhp.py:156: The name tf.assign is deprecated. Please use tf.compat.v1.assign instead.

2025-08-16 11:04:20,038 - WARNING - From /home/osos/Mohamed_Masters_Thesis/msc-thesis/agents/dhp.py:79: The name tf.summary.merge_all is deprecated. Please use tf.compat.v1.summary.merge_all instead.

2025-08-16 11:04:20,039 - WARNING - From /home/osos/Mohamed_Masters_Thesis/msc-thesis/agents/dhp.py:80: The name tf.train.Saver is deprecated. Please use tf.compat.v1.train.Saver instead.

2025-08-16 11:04:20,056 - WARNING - From /home/osos/Mohamed_Masters_Thesis/msc-thesis/agents/dhp.py:81: The name tf.global_variables_initializer is deprecated. Please use tf.compat.v1.global_variables_initializer instead.

2025-08-16 11:04:20,126 - INFO - 
Training for 2500 episodes...
2025-08-16 11:04:20,126 - INFO - Episode | Reward  | Avg Cost | Pos Error | Success | Time
2025-08-16 11:04:20,126 - INFO - ------------------------------------------------------------
2025-08-16 11:04:20,741 - INFO - CONVERGENCE EPISODE 0: 0.0027 rad
2025-08-16 11:04:20,741 - INFO -       0 | -23100.95 | 82128452.940 |    0.0027 |   0.000 |    0.6s
2025-08-16 11:04:21,427 - INFO - CONVERGENCE EPISODE 1: 0.0028 rad
2025-08-16 11:04:23,000 - INFO - CONVERGENCE EPISODE 2: 0.0126 rad
2025-08-16 11:04:23,685 - INFO - CONVERGENCE EPISODE 3: 0.0030 rad
2025-08-16 11:04:25,288 - INFO - CONVERGENCE EPISODE 4: 0.1211 rad
2025-08-16 11:04:25,918 - INFO - CONVERGENCE EPISODE 5: 0.0030 rad
2025-08-16 11:04:26,278 - INFO - CONVERGENCE EPISODE 6: 0.0022 rad
2025-08-16 11:04:26,558 - INFO - CONVERGENCE EPISODE 7: 0.0001 rad
2025-08-16 11:04:27,075 - INFO - CONVERGENCE EPISODE 8: 0.0019 rad
2025-08-16 11:04:27,741 - INFO - CONVERGENCE EPISODE 9: 0.0012 rad
2025-08-16 11:04:27,741 - INFO - STABLE PERFORMANCE ACHIEVED starting at episode 0
2025-08-16 11:04:28,517 - INFO - CONVERGENCE EPISODE 10: 0.0031 rad
2025-08-16 11:04:28,778 - INFO - CONVERGENCE EPISODE 11: 0.0002 rad
2025-08-16 11:04:29,395 - INFO - CONVERGENCE EPISODE 12: 0.0021 rad
2025-08-16 11:04:30,966 - INFO - CONVERGENCE EPISODE 13: 0.0227 rad
2025-08-16 11:04:31,497 - INFO - CONVERGENCE EPISODE 14: 0.0004 rad
2025-08-16 11:04:31,902 - INFO - CONVERGENCE EPISODE 15: 0.0019 rad
2025-08-16 11:04:33,474 - INFO - CONVERGENCE EPISODE 16: 0.0456 rad
2025-08-16 11:04:34,254 - INFO - CONVERGENCE EPISODE 17: 0.0028 rad
2025-08-16 11:04:34,545 - INFO - CONVERGENCE EPISODE 18: 0.0022 rad
2025-08-16 11:04:34,961 - INFO - CONVERGENCE EPISODE 19: 0.0010 rad
2025-08-16 11:04:35,255 - INFO - CONVERGENCE EPISODE 20: 0.0027 rad
2025-08-16 11:04:35,607 - INFO - CONVERGENCE EPISODE 21: 0.0011 rad
2025-08-16 11:04:37,189 - INFO - CONVERGENCE EPISODE 22: 0.0409 rad
2025-08-16 11:04:37,612 - INFO - CONVERGENCE EPISODE 23: 0.0027 rad
2025-08-16 11:04:39,136 - INFO - CONVERGENCE EPISODE 24: 0.0393 rad
2025-08-16 11:04:40,675 - INFO - CONVERGENCE EPISODE 25: 0.0396 rad
2025-08-16 11:04:41,000 - INFO - CONVERGENCE EPISODE 26: 0.0009 rad
2025-08-16 11:04:42,603 - INFO - CONVERGENCE EPISODE 27: 0.0216 rad
2025-08-16 11:04:44,210 - INFO - CONVERGENCE EPISODE 28: 0.0241 rad
2025-08-16 11:04:44,651 - INFO - CONVERGENCE EPISODE 29: 0.0031 rad
2025-08-16 11:04:46,263 - INFO - CONVERGENCE EPISODE 30: 0.0109 rad
2025-08-16 11:04:46,951 - INFO - CONVERGENCE EPISODE 31: 0.0017 rad
2025-08-16 11:04:47,319 - INFO - CONVERGENCE EPISODE 32: 0.0027 rad
2025-08-16 11:04:48,903 - INFO - CONVERGENCE EPISODE 33: 0.0058 rad
2025-08-16 11:04:50,258 - INFO - CONVERGENCE EPISODE 34: 0.0028 rad
2025-08-16 11:04:50,932 - INFO - CONVERGENCE EPISODE 35: 0.0029 rad
2025-08-16 11:04:51,568 - INFO - CONVERGENCE EPISODE 36: 0.0023 rad
2025-08-16 11:04:52,947 - INFO - CONVERGENCE EPISODE 37: 0.0027 rad
2025-08-16 11:04:54,541 - INFO - CONVERGENCE EPISODE 38: 0.0122 rad
2025-08-16 11:04:54,823 - INFO - CONVERGENCE EPISODE 39: 0.0018 rad
2025-08-16 11:04:55,534 - INFO - CONVERGENCE EPISODE 40: 0.0018 rad
2025-08-16 11:04:56,193 - INFO - CONVERGENCE EPISODE 41: 0.0005 rad
2025-08-16 11:04:57,735 - INFO - CONVERGENCE EPISODE 42: 0.0114 rad
2025-08-16 11:04:58,232 - INFO - CONVERGENCE EPISODE 43: 0.0024 rad
2025-08-16 11:04:59,748 - INFO - CONVERGENCE EPISODE 44: 0.0035 rad
2025-08-16 11:05:00,071 - INFO - CONVERGENCE EPISODE 45: 0.0027 rad
2025-08-16 11:05:01,376 - INFO - CONVERGENCE EPISODE 46: 0.0014 rad
2025-08-16 11:05:01,898 - INFO - CONVERGENCE EPISODE 47: 0.0017 rad
2025-08-16 11:05:02,458 - INFO - CONVERGENCE EPISODE 48: 0.0010 rad
2025-08-16 11:05:02,813 - INFO - CONVERGENCE EPISODE 49: 0.0021 rad
2025-08-16 11:05:04,016 - INFO - CONVERGENCE EPISODE 50: 0.0022 rad
2025-08-16 11:05:04,016 - INFO -      50 | -38107.18 | 58062955.128 |    0.0022 |   0.000 |   43.9s
2025-08-16 11:05:04,974 - INFO - CONVERGENCE EPISODE 51: 0.0031 rad
2025-08-16 11:05:05,583 - INFO - CONVERGENCE EPISODE 52: 0.0020 rad
2025-08-16 11:05:06,092 - INFO - CONVERGENCE EPISODE 53: 0.0027 rad
2025-08-16 11:05:07,619 - INFO - CONVERGENCE EPISODE 54: 0.0094 rad
2025-08-16 11:05:08,817 - INFO - CONVERGENCE EPISODE 55: 0.0021 rad
2025-08-16 11:05:09,188 - INFO - CONVERGENCE EPISODE 56: 0.0017 rad
2025-08-16 11:05:10,692 - INFO - CONVERGENCE EPISODE 57: 0.0054 rad
2025-08-16 11:05:11,223 - INFO - CONVERGENCE EPISODE 58: 0.0025 rad
2025-08-16 11:05:11,617 - INFO - CONVERGENCE EPISODE 59: 0.0010 rad
2025-08-16 11:05:12,191 - INFO - CONVERGENCE EPISODE 60: 0.0026 rad
2025-08-16 11:05:12,787 - INFO - CONVERGENCE EPISODE 61: 0.0026 rad
2025-08-16 11:05:13,857 - INFO - CONVERGENCE EPISODE 62: 0.0027 rad
2025-08-16 11:05:14,791 - INFO - CONVERGENCE EPISODE 63: 0.0011 rad
2025-08-16 11:05:15,458 - INFO - CONVERGENCE EPISODE 64: 0.0026 rad
2025-08-16 11:05:16,021 - INFO - CONVERGENCE EPISODE 65: 0.0024 rad
2025-08-16 11:05:17,321 - INFO - CONVERGENCE EPISODE 66: 0.0029 rad
2025-08-16 11:05:17,641 - INFO - CONVERGENCE EPISODE 67: 0.0016 rad
2025-08-16 11:05:18,207 - INFO - CONVERGENCE EPISODE 68: 0.0007 rad
2025-08-16 11:05:19,530 - INFO - CONVERGENCE EPISODE 69: 0.0001 rad
2025-08-16 11:05:19,887 - INFO - CONVERGENCE EPISODE 70: 0.0005 rad
2025-08-16 11:05:21,088 - INFO - CONVERGENCE EPISODE 71: 0.0012 rad
2025-08-16 11:05:21,603 - INFO - CONVERGENCE EPISODE 72: 0.0007 rad
2025-08-16 11:05:22,174 - INFO - CONVERGENCE EPISODE 73: 0.0019 rad
2025-08-16 11:05:23,064 - INFO - CONVERGENCE EPISODE 74: 0.0031 rad
2025-08-16 11:05:24,261 - INFO - CONVERGENCE EPISODE 75: 0.0027 rad
2025-08-16 11:05:25,289 - INFO - CONVERGENCE EPISODE 76: 0.0001 rad
2025-08-16 11:05:25,735 - INFO - CONVERGENCE EPISODE 77: 0.0020 rad
2025-08-16 11:05:27,317 - INFO - CONVERGENCE EPISODE 78: 0.0031 rad
2025-08-16 11:05:27,914 - INFO - CONVERGENCE EPISODE 79: 0.0005 rad
2025-08-16 11:05:28,349 - INFO - CONVERGENCE EPISODE 80: 0.0016 rad
2025-08-16 11:05:28,703 - INFO - CONVERGENCE EPISODE 81: 0.0018 rad
2025-08-16 11:05:29,278 - INFO - CONVERGENCE EPISODE 82: 0.0011 rad
2025-08-16 11:05:29,887 - INFO - CONVERGENCE EPISODE 83: 0.0019 rad
2025-08-16 11:05:30,323 - INFO - CONVERGENCE EPISODE 84: 0.0010 rad
2025-08-16 11:05:30,831 - INFO - CONVERGENCE EPISODE 85: 0.0014 rad
2025-08-16 11:05:31,357 - INFO - CONVERGENCE EPISODE 86: 0.0006 rad
2025-08-16 11:05:32,480 - INFO - CONVERGENCE EPISODE 87: 0.0029 rad
2025-08-16 11:05:33,819 - INFO - CONVERGENCE EPISODE 88: 0.0026 rad
2025-08-16 11:05:34,592 - INFO - CONVERGENCE EPISODE 89: 0.0026 rad
2025-08-16 11:05:34,948 - INFO - CONVERGENCE EPISODE 90: 0.0007 rad
2025-08-16 11:05:35,404 - INFO - CONVERGENCE EPISODE 91: 0.0029 rad
2025-08-16 11:05:35,921 - INFO - CONVERGENCE EPISODE 92: 0.0017 rad
2025-08-16 11:05:36,832 - INFO - CONVERGENCE EPISODE 93: 0.0026 rad
2025-08-16 11:05:37,353 - INFO - CONVERGENCE EPISODE 94: 0.0019 rad
2025-08-16 11:05:37,927 - INFO - CONVERGENCE EPISODE 95: 0.0018 rad
2025-08-16 11:05:38,822 - INFO - CONVERGENCE EPISODE 96: 0.0018 rad
2025-08-16 11:05:39,114 - INFO - CONVERGENCE EPISODE 97: 0.0013 rad
2025-08-16 11:05:39,938 - INFO - CONVERGENCE EPISODE 98: 0.0009 rad
2025-08-16 11:05:40,355 - INFO - CONVERGENCE EPISODE 99: 0.0009 rad
2025-08-16 11:05:40,746 - INFO - CONVERGENCE EPISODE 100: 0.0024 rad
2025-08-16 11:05:40,746 - INFO - 
2025-08-16 11:05:40,746 - INFO - MILESTONE 100 ANALYSIS:
2025-08-16 11:05:40,746 - INFO -   Recent 50 episodes avg position error: 0.0020 ± 0.0014 rad
2025-08-16 11:05:40,746 - INFO -   Recent 50 episodes avg cost: 20959108.255
2025-08-16 11:05:40,746 - INFO -   Recent 50 episodes success rate: 0.00%
2025-08-16 11:05:40,746 - INFO -   Convergent episodes ratio (< 0.5 rad): 100.00%
2025-08-16 11:05:40,746 - INFO -   Total convergent episodes so far: 101
2025-08-16 11:05:40,746 - INFO -   Best performance: 0.0001 rad at episode 76
2025-08-16 11:05:40,746 - INFO -   Stable performance maintained since episode 0
2025-08-16 11:05:40,746 - INFO - 
2025-08-16 11:05:40,746 - INFO -     100 | -42347.45 | 22185801.957 |    0.0024 |   0.000 |   80.6s
2025-08-16 11:05:41,167 - INFO - CONVERGENCE EPISODE 101: 0.0007 rad
2025-08-16 11:05:41,585 - INFO - CONVERGENCE EPISODE 102: 0.0026 rad
2025-08-16 11:05:41,855 - INFO - CONVERGENCE EPISODE 103: 0.0020 rad
2025-08-16 11:05:43,395 - INFO - CONVERGENCE EPISODE 104: 0.4760 rad
2025-08-16 11:05:43,854 - INFO - CONVERGENCE EPISODE 105: 0.0023 rad
2025-08-16 11:05:45,227 - INFO - CONVERGENCE EPISODE 106: 0.0014 rad
2025-08-16 11:05:45,825 - INFO - CONVERGENCE EPISODE 107: 0.0011 rad
2025-08-16 11:05:46,234 - INFO - CONVERGENCE EPISODE 108: 0.0021 rad
2025-08-16 11:05:46,568 - INFO - CONVERGENCE EPISODE 109: 0.0019 rad
2025-08-16 11:05:47,442 - INFO - CONVERGENCE EPISODE 110: 0.0014 rad
2025-08-16 11:05:47,782 - INFO - CONVERGENCE EPISODE 111: 0.0030 rad
2025-08-16 11:05:48,374 - INFO - CONVERGENCE EPISODE 112: 0.0004 rad
2025-08-16 11:05:48,922 - INFO - CONVERGENCE EPISODE 113: 0.0017 rad
2025-08-16 11:05:49,684 - INFO - CONVERGENCE EPISODE 114: 0.0020 rad
2025-08-16 11:05:51,096 - INFO - CONVERGENCE EPISODE 115: 0.0029 rad
2025-08-16 11:05:52,020 - INFO - CONVERGENCE EPISODE 116: 0.0016 rad
2025-08-16 11:05:52,677 - INFO - CONVERGENCE EPISODE 117: 0.0027 rad
2025-08-16 11:05:53,097 - INFO - CONVERGENCE EPISODE 118: 0.0011 rad
2025-08-16 11:05:53,767 - INFO - CONVERGENCE EPISODE 119: 0.0017 rad
2025-08-16 11:05:54,251 - INFO - CONVERGENCE EPISODE 120: 0.0010 rad
2025-08-16 11:05:55,770 - INFO - CONVERGENCE EPISODE 121: 0.3923 rad
2025-08-16 11:05:57,333 - INFO - CONVERGENCE EPISODE 122: 0.1160 rad
2025-08-16 11:05:57,955 - INFO - CONVERGENCE EPISODE 123: 0.0029 rad
2025-08-16 11:05:59,444 - INFO - CONVERGENCE EPISODE 124: 0.0132 rad
2025-08-16 11:05:59,743 - INFO - CONVERGENCE EPISODE 125: 0.0016 rad
2025-08-16 11:06:00,059 - INFO - CONVERGENCE EPISODE 126: 0.0013 rad
2025-08-16 11:06:00,796 - INFO - CONVERGENCE EPISODE 127: 0.0010 rad
2025-08-16 11:06:01,056 - INFO - CONVERGENCE EPISODE 128: 0.0020 rad
2025-08-16 11:06:01,968 - INFO - CONVERGENCE EPISODE 129: 0.0019 rad
2025-08-16 11:06:02,926 - INFO - CONVERGENCE EPISODE 130: 0.0002 rad
2025-08-16 11:06:03,362 - INFO - CONVERGENCE EPISODE 131: 0.0012 rad
2025-08-16 11:06:04,630 - INFO - CONVERGENCE EPISODE 132: 0.0029 rad
2025-08-16 11:06:06,090 - INFO - CONVERGENCE EPISODE 133: 0.0001 rad
2025-08-16 11:06:07,005 - INFO - CONVERGENCE EPISODE 134: 0.0016 rad
2025-08-16 11:06:07,647 - INFO - CONVERGENCE EPISODE 135: 0.0005 rad
2025-08-16 11:06:08,162 - INFO - CONVERGENCE EPISODE 136: 0.0024 rad
2025-08-16 11:06:08,946 - INFO - CONVERGENCE EPISODE 137: 0.0004 rad
2025-08-16 11:06:10,460 - INFO - CONVERGENCE EPISODE 138: 0.4171 rad
2025-08-16 11:06:11,996 - INFO - CONVERGENCE EPISODE 139: 0.3415 rad
2025-08-16 11:06:12,261 - INFO - CONVERGENCE EPISODE 140: 0.0020 rad
2025-08-16 11:06:13,745 - INFO - CONVERGENCE EPISODE 141: 0.2200 rad
2025-08-16 11:06:14,418 - INFO - CONVERGENCE EPISODE 142: 0.0019 rad
2025-08-16 11:06:14,632 - INFO - CONVERGENCE EPISODE 143: 0.0022 rad
2025-08-16 11:06:15,265 - INFO - CONVERGENCE EPISODE 144: 0.0022 rad
2025-08-16 11:06:16,432 - INFO - CONVERGENCE EPISODE 145: 0.0000 rad
2025-08-16 11:06:17,225 - INFO - CONVERGENCE EPISODE 146: 0.0022 rad
2025-08-16 11:06:18,763 - INFO - CONVERGENCE EPISODE 147: 0.3012 rad
2025-08-16 11:06:19,548 - INFO - CONVERGENCE EPISODE 148: 0.0031 rad
2025-08-16 11:06:20,709 - INFO - CONVERGENCE EPISODE 149: 0.0025 rad
2025-08-16 11:06:22,221 - INFO - CONVERGENCE EPISODE 150: 0.3612 rad
2025-08-16 11:06:22,221 - INFO -     150 | -68670.95 | 8718647.833 |    0.3612 |   0.000 |  122.1s
2025-08-16 11:06:22,500 - INFO - CONVERGENCE EPISODE 151: 0.0031 rad
2025-08-16 11:06:23,100 - INFO - CONVERGENCE EPISODE 152: 0.0010 rad
2025-08-16 11:06:23,840 - INFO - CONVERGENCE EPISODE 153: 0.0001 rad
2025-08-16 11:06:24,723 - INFO - CONVERGENCE EPISODE 154: 0.0026 rad
2025-08-16 11:06:25,682 - INFO - CONVERGENCE EPISODE 155: 0.0019 rad
2025-08-16 11:06:27,783 - INFO - CONVERGENCE EPISODE 157: 0.0029 rad
2025-08-16 11:06:28,343 - INFO - CONVERGENCE EPISODE 158: 0.0011 rad
2025-08-16 11:06:29,023 - INFO - CONVERGENCE EPISODE 159: 0.0009 rad
2025-08-16 11:06:29,577 - INFO - CONVERGENCE EPISODE 160: 0.0020 rad
2025-08-16 11:06:30,001 - INFO - CONVERGENCE EPISODE 161: 0.0003 rad
2025-08-16 11:06:30,434 - INFO - CONVERGENCE EPISODE 162: 0.0018 rad
2025-08-16 11:06:30,831 - INFO - CONVERGENCE EPISODE 163: 0.0028 rad
2025-08-16 11:06:32,269 - INFO - CONVERGENCE EPISODE 164: 0.0007 rad
2025-08-16 11:06:33,588 - INFO - CONVERGENCE EPISODE 165: 0.0011 rad
2025-08-16 11:06:33,820 - INFO - CONVERGENCE EPISODE 166: 0.0015 rad
2025-08-16 11:06:35,184 - INFO - CONVERGENCE EPISODE 167: 0.0019 rad
2025-08-16 11:06:36,225 - INFO - CONVERGENCE EPISODE 168: 0.0007 rad
2025-08-16 11:06:36,717 - INFO - CONVERGENCE EPISODE 169: 0.0011 rad
2025-08-16 11:06:37,281 - INFO - CONVERGENCE EPISODE 170: 0.0019 rad
2025-08-16 11:06:37,971 - INFO - CONVERGENCE EPISODE 171: 0.0009 rad
2025-08-16 11:06:38,502 - INFO - CONVERGENCE EPISODE 172: 0.0011 rad
2025-08-16 11:06:40,042 - INFO - CONVERGENCE EPISODE 173: 0.2513 rad
2025-08-16 11:06:40,369 - INFO - CONVERGENCE EPISODE 174: 0.0011 rad
2025-08-16 11:06:40,604 - INFO - CONVERGENCE EPISODE 175: 0.0006 rad
2025-08-16 11:06:41,361 - INFO - CONVERGENCE EPISODE 176: 0.0028 rad
2025-08-16 11:06:42,409 - INFO - CONVERGENCE EPISODE 177: 0.0031 rad
2025-08-16 11:06:42,999 - INFO - CONVERGENCE EPISODE 178: 0.0010 rad
2025-08-16 11:06:43,890 - INFO - CONVERGENCE EPISODE 179: 0.0015 rad
2025-08-16 11:06:44,618 - INFO - CONVERGENCE EPISODE 180: 0.0030 rad
2025-08-16 11:06:46,226 - INFO - CONVERGENCE EPISODE 181: 0.4358 rad
2025-08-16 11:06:47,752 - INFO - CONVERGENCE EPISODE 182: 0.2093 rad
2025-08-16 11:06:48,320 - INFO - CONVERGENCE EPISODE 183: 0.0014 rad
2025-08-16 11:06:49,850 - INFO - CONVERGENCE EPISODE 184: 0.0192 rad
2025-08-16 11:06:50,472 - INFO - CONVERGENCE EPISODE 185: 0.0019 rad
2025-08-16 11:06:51,179 - INFO - CONVERGENCE EPISODE 186: 0.0006 rad
2025-08-16 11:06:51,730 - INFO - CONVERGENCE EPISODE 187: 0.0026 rad
2025-08-16 11:06:52,963 - INFO - CONVERGENCE EPISODE 188: 0.0029 rad
2025-08-16 11:06:54,453 - INFO - CONVERGENCE EPISODE 189: 0.3697 rad
2025-08-16 11:06:55,191 - INFO - CONVERGENCE EPISODE 190: 0.0016 rad
2025-08-16 11:06:56,673 - INFO - CONVERGENCE EPISODE 191: 0.2612 rad
2025-08-16 11:06:57,267 - INFO - CONVERGENCE EPISODE 192: 0.0001 rad
2025-08-16 11:06:57,766 - INFO - CONVERGENCE EPISODE 193: 0.0030 rad
2025-08-16 11:06:59,244 - INFO - CONVERGENCE EPISODE 194: 0.1115 rad
2025-08-16 11:06:59,713 - INFO - CONVERGENCE EPISODE 195: 0.0009 rad
2025-08-16 11:07:01,196 - INFO - CONVERGENCE EPISODE 196: 0.4673 rad
2025-08-16 11:07:01,712 - INFO - CONVERGENCE EPISODE 197: 0.0027 rad
2025-08-16 11:07:02,273 - INFO - CONVERGENCE EPISODE 198: 0.0014 rad
2025-08-16 11:07:03,814 - INFO - CONVERGENCE EPISODE 199: 0.3217 rad
2025-08-16 11:07:05,331 - INFO - CONVERGENCE EPISODE 200: 0.1859 rad
2025-08-16 11:07:05,331 - INFO -     200 | -86189.26 | 10335457.216 |    0.1859 |   0.000 |  165.2s
2025-08-16 11:07:05,652 - INFO - CONVERGENCE EPISODE 201: 0.0003 rad
2025-08-16 11:07:06,101 - INFO - CONVERGENCE EPISODE 202: 0.0001 rad
2025-08-16 11:07:07,627 - INFO - CONVERGENCE EPISODE 203: 0.4735 rad
2025-08-16 11:07:09,143 - INFO - CONVERGENCE EPISODE 204: 0.0302 rad
2025-08-16 11:07:10,147 - INFO - CONVERGENCE EPISODE 205: 0.0030 rad
2025-08-16 11:07:11,449 - INFO - CONVERGENCE EPISODE 206: 0.0019 rad
2025-08-16 11:07:11,947 - INFO - CONVERGENCE EPISODE 207: 0.0010 rad
2025-08-16 11:07:12,488 - INFO - CONVERGENCE EPISODE 208: 0.0020 rad
2025-08-16 11:07:12,875 - INFO - CONVERGENCE EPISODE 209: 0.0018 rad
2025-08-16 11:07:13,170 - INFO - CONVERGENCE EPISODE 210: 0.0026 rad
2025-08-16 11:07:13,457 - INFO - CONVERGENCE EPISODE 211: 0.0016 rad
2025-08-16 11:07:13,887 - INFO - CONVERGENCE EPISODE 212: 0.0022 rad
2025-08-16 11:07:15,408 - INFO - CONVERGENCE EPISODE 213: 0.3599 rad
2025-08-16 11:07:16,160 - INFO - CONVERGENCE EPISODE 214: 0.0025 rad
2025-08-16 11:07:16,660 - INFO - CONVERGENCE EPISODE 215: 0.0025 rad
2025-08-16 11:07:17,079 - INFO - CONVERGENCE EPISODE 216: 0.0004 rad
2025-08-16 11:07:18,572 - INFO - CONVERGENCE EPISODE 217: 0.0015 rad
2025-08-16 11:07:18,899 - INFO - CONVERGENCE EPISODE 218: 0.0003 rad
2025-08-16 11:07:19,247 - INFO - CONVERGENCE EPISODE 219: 0.0014 rad
2025-08-16 11:07:19,525 - INFO - CONVERGENCE EPISODE 220: 0.0011 rad
2025-08-16 11:07:20,763 - INFO - CONVERGENCE EPISODE 221: 0.0027 rad
2025-08-16 11:07:21,226 - INFO - CONVERGENCE EPISODE 222: 0.0028 rad
2025-08-16 11:07:22,765 - INFO - CONVERGENCE EPISODE 223: 0.0623 rad
2025-08-16 11:07:24,254 - INFO - CONVERGENCE EPISODE 224: 0.0556 rad
2025-08-16 11:07:24,601 - INFO - CONVERGENCE EPISODE 225: 0.0008 rad
2025-08-16 11:07:26,121 - INFO - CONVERGENCE EPISODE 226: 0.1267 rad
2025-08-16 11:07:26,573 - INFO - CONVERGENCE EPISODE 227: 0.0021 rad
2025-08-16 11:07:26,877 - INFO - CONVERGENCE EPISODE 228: 0.0003 rad
2025-08-16 11:07:28,401 - INFO - CONVERGENCE EPISODE 229: 0.0760 rad
2025-08-16 11:07:29,911 - INFO - CONVERGENCE EPISODE 230: 0.0092 rad
2025-08-16 11:07:30,286 - INFO - CONVERGENCE EPISODE 231: 0.0026 rad
2025-08-16 11:07:30,753 - INFO - CONVERGENCE EPISODE 232: 0.0007 rad
2025-08-16 11:07:32,257 - INFO - CONVERGENCE EPISODE 233: 0.4918 rad
2025-08-16 11:07:32,469 - INFO - CONVERGENCE EPISODE 234: 0.0008 rad
2025-08-16 11:07:33,045 - INFO - CONVERGENCE EPISODE 235: 0.0006 rad
2025-08-16 11:07:34,423 - INFO - CONVERGENCE EPISODE 236: 0.0016 rad
2025-08-16 11:07:35,126 - INFO - CONVERGENCE EPISODE 237: 0.0015 rad
2025-08-16 11:07:35,754 - INFO - CONVERGENCE EPISODE 238: 0.0021 rad
2025-08-16 11:07:36,028 - INFO - CONVERGENCE EPISODE 239: 0.0015 rad
2025-08-16 11:07:36,658 - INFO - CONVERGENCE EPISODE 240: 0.0026 rad
2025-08-16 11:07:37,028 - INFO - CONVERGENCE EPISODE 241: 0.0023 rad
2025-08-16 11:07:37,279 - INFO - CONVERGENCE EPISODE 242: 0.0005 rad
2025-08-16 11:07:37,723 - INFO - CONVERGENCE EPISODE 243: 0.0030 rad
2025-08-16 11:07:39,204 - INFO - CONVERGENCE EPISODE 244: 0.3014 rad
2025-08-16 11:07:39,652 - INFO - CONVERGENCE EPISODE 245: 0.0007 rad
2025-08-16 11:07:39,962 - INFO - CONVERGENCE EPISODE 246: 0.0022 rad
2025-08-16 11:07:40,356 - INFO - CONVERGENCE EPISODE 247: 0.0028 rad
2025-08-16 11:07:41,098 - INFO - CONVERGENCE EPISODE 248: 0.0024 rad
2025-08-16 11:07:41,499 - INFO - CONVERGENCE EPISODE 249: 0.0014 rad
2025-08-16 11:07:43,035 - INFO - 
2025-08-16 11:07:43,036 - INFO - MILESTONE 250 ANALYSIS:
2025-08-16 11:07:43,036 - INFO -   Recent 50 episodes avg position error: 0.0517 ± 0.1316 rad
2025-08-16 11:07:43,036 - INFO -   Recent 50 episodes avg cost: 14337338.240
2025-08-16 11:07:43,036 - INFO -   Recent 50 episodes success rate: 0.00%
2025-08-16 11:07:43,036 - INFO -   Convergent episodes ratio (< 0.5 rad): 98.00%
2025-08-16 11:07:43,036 - INFO -   Total convergent episodes so far: 249
2025-08-16 11:07:43,036 - INFO -   Best performance: 0.0000 rad at episode 145
2025-08-16 11:07:43,036 - INFO -   Stable performance maintained since episode 0
2025-08-16 11:07:43,036 - INFO - 
2025-08-16 11:07:43,036 - INFO -     250 | -113491.88 | 15349850.421 |    0.5316 |   0.000 |  202.9s
2025-08-16 11:07:43,279 - INFO - CONVERGENCE EPISODE 251: 0.0024 rad
2025-08-16 11:07:44,165 - INFO - CONVERGENCE EPISODE 252: 0.0027 rad
2025-08-16 11:07:44,536 - INFO - CONVERGENCE EPISODE 253: 0.0029 rad
2025-08-16 11:07:45,014 - INFO - CONVERGENCE EPISODE 254: 0.0023 rad
2025-08-16 11:07:46,845 - INFO - CONVERGENCE EPISODE 256: 0.0002 rad
2025-08-16 11:07:47,260 - INFO - CONVERGENCE EPISODE 257: 0.0008 rad
2025-08-16 11:07:47,644 - INFO - CONVERGENCE EPISODE 258: 0.0029 rad
2025-08-16 11:07:48,033 - INFO - CONVERGENCE EPISODE 259: 0.0015 rad
2025-08-16 11:07:50,989 - INFO - CONVERGENCE EPISODE 261: 0.0012 rad
2025-08-16 11:07:52,498 - INFO - CONVERGENCE EPISODE 262: 0.0027 rad
2025-08-16 11:07:52,780 - INFO - CONVERGENCE EPISODE 263: 0.0002 rad
2025-08-16 11:07:53,041 - INFO - CONVERGENCE EPISODE 264: 0.0009 rad
2025-08-16 11:07:53,281 - INFO - CONVERGENCE EPISODE 265: 0.0023 rad
2025-08-16 11:07:54,030 - INFO - CONVERGENCE EPISODE 266: 0.0002 rad
2025-08-16 11:07:54,492 - INFO - CONVERGENCE EPISODE 267: 0.0028 rad
2025-08-16 11:07:55,259 - INFO - CONVERGENCE EPISODE 268: 0.0013 rad
2025-08-16 11:07:55,613 - INFO - CONVERGENCE EPISODE 269: 0.0028 rad
2025-08-16 11:07:57,080 - INFO - CONVERGENCE EPISODE 270: 0.1539 rad
2025-08-16 11:07:57,503 - INFO - CONVERGENCE EPISODE 271: 0.0023 rad
2025-08-16 11:07:58,080 - INFO - CONVERGENCE EPISODE 272: 0.0006 rad
2025-08-16 11:07:58,464 - INFO - CONVERGENCE EPISODE 273: 0.0027 rad
2025-08-16 11:07:59,966 - INFO - CONVERGENCE EPISODE 274: 0.3974 rad
2025-08-16 11:08:01,783 - INFO - CONVERGENCE EPISODE 276: 0.0002 rad
2025-08-16 11:08:02,190 - INFO - CONVERGENCE EPISODE 277: 0.0031 rad
2025-08-16 11:08:02,649 - INFO - CONVERGENCE EPISODE 278: 0.0019 rad
2025-08-16 11:08:05,614 - INFO - CONVERGENCE EPISODE 280: 0.0435 rad
2025-08-16 11:08:06,120 - INFO - CONVERGENCE EPISODE 281: 0.0022 rad
2025-08-16 11:08:07,620 - INFO - CONVERGENCE EPISODE 282: 0.3350 rad
2025-08-16 11:08:08,271 - INFO - CONVERGENCE EPISODE 283: 0.0018 rad
2025-08-16 11:08:08,570 - INFO - CONVERGENCE EPISODE 284: 0.0013 rad
2025-08-16 11:08:10,279 - INFO - CONVERGENCE EPISODE 286: 0.0004 rad
2025-08-16 11:08:10,454 - INFO - CONVERGENCE EPISODE 287: 0.0011 rad
2025-08-16 11:08:11,936 - INFO - CONVERGENCE EPISODE 288: 0.0010 rad
2025-08-16 11:08:12,277 - INFO - CONVERGENCE EPISODE 289: 0.0009 rad
2025-08-16 11:08:15,720 - INFO - CONVERGENCE EPISODE 292: 0.0026 rad
2025-08-16 11:08:16,060 - INFO - CONVERGENCE EPISODE 293: 0.0014 rad
2025-08-16 11:08:16,475 - INFO - CONVERGENCE EPISODE 294: 0.0006 rad
2025-08-16 11:08:18,429 - INFO - CONVERGENCE EPISODE 296: 0.0030 rad
2025-08-16 11:08:18,910 - INFO - CONVERGENCE EPISODE 297: 0.0023 rad
2025-08-16 11:08:20,397 - INFO - CONVERGENCE EPISODE 298: 0.0711 rad
2025-08-16 11:08:20,933 - INFO - CONVERGENCE EPISODE 299: 0.0010 rad
2025-08-16 11:08:21,130 - INFO - CONVERGENCE EPISODE 300: 0.0022 rad
2025-08-16 11:08:21,130 - INFO -     300 | -39476.92 | 61918398.942 |    0.0022 |   0.000 |  241.0s
2025-08-16 11:08:21,309 - INFO - CONVERGENCE EPISODE 301: 0.0006 rad
2025-08-16 11:08:22,502 - INFO - CONVERGENCE EPISODE 302: 0.0017 rad
2025-08-16 11:08:22,696 - INFO - CONVERGENCE EPISODE 303: 0.0016 rad
2025-08-16 11:08:23,253 - INFO - CONVERGENCE EPISODE 304: 0.0018 rad
2025-08-16 11:08:23,653 - INFO - CONVERGENCE EPISODE 305: 0.0030 rad
2025-08-16 11:08:24,221 - INFO - CONVERGENCE EPISODE 306: 0.0006 rad
2025-08-16 11:08:24,402 - INFO - CONVERGENCE EPISODE 307: 0.0006 rad
2025-08-16 11:08:24,862 - INFO - CONVERGENCE EPISODE 308: 0.0006 rad
2025-08-16 11:08:26,839 - INFO - CONVERGENCE EPISODE 310: 0.0024 rad
2025-08-16 11:08:28,688 - INFO - CONVERGENCE EPISODE 312: 0.0030 rad
2025-08-16 11:08:30,065 - INFO - CONVERGENCE EPISODE 313: 0.0007 rad
2025-08-16 11:08:31,450 - INFO - CONVERGENCE EPISODE 314: 0.0031 rad
2025-08-16 11:08:31,977 - INFO - CONVERGENCE EPISODE 315: 0.0030 rad
2025-08-16 11:08:32,406 - INFO - CONVERGENCE EPISODE 316: 0.0002 rad
2025-08-16 11:08:32,845 - INFO - CONVERGENCE EPISODE 317: 0.0020 rad
2025-08-16 11:08:33,149 - INFO - CONVERGENCE EPISODE 318: 0.0011 rad
2025-08-16 11:08:34,367 - INFO - CONVERGENCE EPISODE 319: 0.0018 rad
2025-08-16 11:08:34,981 - INFO - CONVERGENCE EPISODE 320: 0.0012 rad
2025-08-16 11:08:36,107 - INFO - CONVERGENCE EPISODE 321: 0.0023 rad
2025-08-16 11:08:36,578 - INFO - CONVERGENCE EPISODE 322: 0.0009 rad
2025-08-16 11:08:37,020 - INFO - CONVERGENCE EPISODE 323: 0.0019 rad
2025-08-16 11:08:37,300 - INFO - CONVERGENCE EPISODE 324: 0.0031 rad
2025-08-16 11:08:37,848 - INFO - CONVERGENCE EPISODE 325: 0.0015 rad
2025-08-16 11:08:38,895 - INFO - CONVERGENCE EPISODE 326: 0.0004 rad
2025-08-16 11:08:39,268 - INFO - CONVERGENCE EPISODE 327: 0.0012 rad
2025-08-16 11:08:39,619 - INFO - CONVERGENCE EPISODE 328: 0.0029 rad
2025-08-16 11:08:40,159 - INFO - CONVERGENCE EPISODE 329: 0.0011 rad
2025-08-16 11:08:40,601 - INFO - CONVERGENCE EPISODE 330: 0.0013 rad
2025-08-16 11:08:41,453 - INFO - CONVERGENCE EPISODE 331: 0.0012 rad
2025-08-16 11:08:43,474 - INFO - CONVERGENCE EPISODE 333: 0.0000 rad
2025-08-16 11:08:43,970 - INFO - CONVERGENCE EPISODE 334: 0.0000 rad
2025-08-16 11:08:44,521 - INFO - CONVERGENCE EPISODE 335: 0.0028 rad
2025-08-16 11:08:45,071 - INFO - CONVERGENCE EPISODE 336: 0.0019 rad
2025-08-16 11:08:45,543 - INFO - CONVERGENCE EPISODE 337: 0.0004 rad
2025-08-16 11:08:45,861 - INFO - CONVERGENCE EPISODE 338: 0.0003 rad
2025-08-16 11:08:46,318 - INFO - CONVERGENCE EPISODE 339: 0.0005 rad
2025-08-16 11:08:46,895 - INFO - CONVERGENCE EPISODE 340: 0.0002 rad
2025-08-16 11:08:47,426 - INFO - CONVERGENCE EPISODE 341: 0.0026 rad
2025-08-16 11:08:47,956 - INFO - CONVERGENCE EPISODE 342: 0.0025 rad
2025-08-16 11:08:48,421 - INFO - CONVERGENCE EPISODE 343: 0.0031 rad
2025-08-16 11:08:48,928 - INFO - CONVERGENCE EPISODE 344: 0.0020 rad
2025-08-16 11:08:50,289 - INFO - CONVERGENCE EPISODE 345: 0.0019 rad
2025-08-16 11:08:50,734 - INFO - CONVERGENCE EPISODE 346: 0.0029 rad
2025-08-16 11:08:51,230 - INFO - CONVERGENCE EPISODE 347: 0.0008 rad
2025-08-16 11:08:51,424 - INFO - CONVERGENCE EPISODE 348: 0.0027 rad
2025-08-16 11:08:52,058 - INFO - CONVERGENCE EPISODE 349: 0.0015 rad
2025-08-16 11:08:53,542 - INFO -     350 | -168958.63 | 30280516.091 |    0.8100 |   0.000 |  273.4s
2025-08-16 11:08:53,980 - INFO - CONVERGENCE EPISODE 351: 0.0012 rad
2025-08-16 11:08:54,480 - INFO - CONVERGENCE EPISODE 352: 0.0020 rad
2025-08-16 11:08:55,164 - INFO - CONVERGENCE EPISODE 353: 0.0019 rad
2025-08-16 11:08:55,470 - INFO - CONVERGENCE EPISODE 354: 0.0023 rad
2025-08-16 11:08:55,957 - INFO - CONVERGENCE EPISODE 355: 0.0005 rad
2025-08-16 11:08:56,432 - INFO - CONVERGENCE EPISODE 356: 0.0026 rad
2025-08-16 11:08:57,631 - INFO - CONVERGENCE EPISODE 357: 0.0026 rad
2025-08-16 11:08:59,749 - INFO - CONVERGENCE EPISODE 359: 0.0009 rad
2025-08-16 11:09:00,496 - INFO - CONVERGENCE EPISODE 360: 0.0009 rad
2025-08-16 11:09:02,036 - INFO - CONVERGENCE EPISODE 361: 0.3858 rad
2025-08-16 11:09:02,773 - INFO - CONVERGENCE EPISODE 362: 0.0005 rad
2025-08-16 11:09:03,930 - INFO - CONVERGENCE EPISODE 363: 0.0004 rad
2025-08-16 11:09:05,423 - INFO - CONVERGENCE EPISODE 364: 0.4357 rad
2025-08-16 11:09:06,902 - INFO - CONVERGENCE EPISODE 365: 0.1329 rad
2025-08-16 11:09:07,668 - INFO - CONVERGENCE EPISODE 366: 0.0001 rad
2025-08-16 11:09:08,137 - INFO - CONVERGENCE EPISODE 367: 0.0030 rad
2025-08-16 11:09:08,812 - INFO - CONVERGENCE EPISODE 368: 0.0031 rad
2025-08-16 11:09:10,333 - INFO - CONVERGENCE EPISODE 369: 0.2363 rad
2025-08-16 11:09:11,003 - INFO - CONVERGENCE EPISODE 370: 0.0016 rad
2025-08-16 11:09:11,345 - INFO - CONVERGENCE EPISODE 371: 0.0028 rad
2025-08-16 11:09:11,951 - INFO - CONVERGENCE EPISODE 372: 0.0023 rad
2025-08-16 11:09:12,158 - INFO - CONVERGENCE EPISODE 373: 0.0017 rad
2025-08-16 11:09:12,866 - INFO - CONVERGENCE EPISODE 374: 0.0027 rad
2025-08-16 11:09:13,528 - INFO - CONVERGENCE EPISODE 375: 0.0005 rad
2025-08-16 11:09:14,263 - INFO - CONVERGENCE EPISODE 376: 0.0000 rad
2025-08-16 11:09:15,005 - INFO - CONVERGENCE EPISODE 377: 0.0000 rad
2025-08-16 11:09:15,705 - INFO - CONVERGENCE EPISODE 378: 0.0008 rad
2025-08-16 11:09:16,462 - INFO - CONVERGENCE EPISODE 379: 0.0027 rad
2025-08-16 11:09:16,922 - INFO - CONVERGENCE EPISODE 380: 0.0016 rad
2025-08-16 11:09:17,990 - INFO - CONVERGENCE EPISODE 381: 0.0004 rad
2025-08-16 11:09:18,562 - INFO - CONVERGENCE EPISODE 382: 0.0018 rad
2025-08-16 11:09:20,276 - INFO - CONVERGENCE EPISODE 384: 0.0030 rad
2025-08-16 11:09:20,746 - INFO - CONVERGENCE EPISODE 385: 0.0021 rad
2025-08-16 11:09:22,244 - INFO - CONVERGENCE EPISODE 386: 0.0801 rad
2025-08-16 11:09:23,815 - INFO - CONVERGENCE EPISODE 387: 0.4734 rad
2025-08-16 11:09:26,230 - INFO - CONVERGENCE EPISODE 389: 0.0021 rad
2025-08-16 11:09:26,570 - INFO - CONVERGENCE EPISODE 390: 0.0023 rad
2025-08-16 11:09:26,872 - INFO - CONVERGENCE EPISODE 391: 0.0018 rad
2025-08-16 11:09:27,897 - INFO - CONVERGENCE EPISODE 392: 0.0020 rad
2025-08-16 11:09:29,905 - INFO - CONVERGENCE EPISODE 394: 0.0003 rad
2025-08-16 11:09:31,000 - INFO - CONVERGENCE EPISODE 395: 0.0017 rad
2025-08-16 11:09:31,325 - INFO - CONVERGENCE EPISODE 396: 0.0010 rad
2025-08-16 11:09:32,003 - INFO - CONVERGENCE EPISODE 397: 0.0009 rad
2025-08-16 11:09:35,311 - INFO - CONVERGENCE EPISODE 400: 0.0020 rad
2025-08-16 11:09:35,311 - INFO -     400 | -48907.21 | 74839778.146 |    0.0020 |   0.000 |  315.2s
2025-08-16 11:09:36,010 - INFO - CONVERGENCE EPISODE 401: 0.0002 rad
2025-08-16 11:09:36,643 - INFO - CONVERGENCE EPISODE 402: 0.0029 rad
2025-08-16 11:09:38,160 - INFO - CONVERGENCE EPISODE 403: 0.0940 rad
2025-08-16 11:09:41,062 - INFO - CONVERGENCE EPISODE 405: 0.0010 rad
2025-08-16 11:09:41,445 - INFO - CONVERGENCE EPISODE 406: 0.0014 rad
2025-08-16 11:09:41,821 - INFO - CONVERGENCE EPISODE 407: 0.0000 rad
2025-08-16 11:09:42,543 - INFO - CONVERGENCE EPISODE 408: 0.0001 rad
2025-08-16 11:09:44,045 - INFO - CONVERGENCE EPISODE 409: 0.0496 rad
2025-08-16 11:09:44,622 - INFO - CONVERGENCE EPISODE 410: 0.0004 rad
2025-08-16 11:09:45,166 - INFO - CONVERGENCE EPISODE 411: 0.0030 rad
2025-08-16 11:09:45,887 - INFO - CONVERGENCE EPISODE 412: 0.0000 rad
2025-08-16 11:09:48,876 - INFO - CONVERGENCE EPISODE 414: 0.0376 rad
2025-08-16 11:09:50,363 - INFO - CONVERGENCE EPISODE 415: 0.0439 rad
2025-08-16 11:09:50,871 - INFO - CONVERGENCE EPISODE 416: 0.0002 rad
2025-08-16 11:09:52,360 - INFO - CONVERGENCE EPISODE 417: 0.0452 rad
2025-08-16 11:09:53,683 - INFO - CONVERGENCE EPISODE 418: 0.0003 rad
2025-08-16 11:09:55,042 - INFO - CONVERGENCE EPISODE 419: 0.0017 rad
2025-08-16 11:09:56,511 - INFO - CONVERGENCE EPISODE 420: 0.2181 rad
2025-08-16 11:09:57,770 - INFO - CONVERGENCE EPISODE 421: 0.0011 rad
2025-08-16 11:09:59,253 - INFO - CONVERGENCE EPISODE 422: 0.0389 rad
2025-08-16 11:10:00,734 - INFO - CONVERGENCE EPISODE 423: 0.0576 rad
2025-08-16 11:10:00,808 - INFO - CONVERGENCE EPISODE 424: 0.0004 rad
2025-08-16 11:10:01,660 - INFO - CONVERGENCE EPISODE 425: 0.0011 rad
2025-08-16 11:10:03,725 - INFO - CONVERGENCE EPISODE 427: 0.0021 rad
2025-08-16 11:10:04,552 - INFO - CONVERGENCE EPISODE 428: 0.0006 rad
2025-08-16 11:10:04,952 - INFO - CONVERGENCE EPISODE 429: 0.0023 rad
2025-08-16 11:10:07,944 - INFO - CONVERGENCE EPISODE 431: 0.0726 rad
2025-08-16 11:10:09,907 - INFO - CONVERGENCE EPISODE 433: 0.0004 rad
2025-08-16 11:10:12,000 - INFO - CONVERGENCE EPISODE 435: 0.0017 rad
2025-08-16 11:10:12,331 - INFO - CONVERGENCE EPISODE 436: 0.0013 rad
2025-08-16 11:10:13,816 - INFO - CONVERGENCE EPISODE 437: 0.0505 rad
2025-08-16 11:10:15,306 - INFO - CONVERGENCE EPISODE 438: 0.0704 rad
2025-08-16 11:10:15,720 - INFO - CONVERGENCE EPISODE 439: 0.0004 rad
2025-08-16 11:10:16,481 - INFO - CONVERGENCE EPISODE 440: 0.0018 rad
2025-08-16 11:10:17,099 - INFO - CONVERGENCE EPISODE 441: 0.0013 rad
2025-08-16 11:10:18,607 - INFO - CONVERGENCE EPISODE 442: 0.1499 rad
2025-08-16 11:10:19,872 - INFO - CONVERGENCE EPISODE 443: 0.0016 rad
2025-08-16 11:10:20,284 - INFO - CONVERGENCE EPISODE 444: 0.0001 rad
2025-08-16 11:10:21,170 - INFO - CONVERGENCE EPISODE 445: 0.0031 rad
2025-08-16 11:10:22,228 - INFO - CONVERGENCE EPISODE 446: 0.0006 rad
2025-08-16 11:10:22,908 - INFO - CONVERGENCE EPISODE 447: 0.0016 rad
2025-08-16 11:10:25,580 - INFO - CONVERGENCE EPISODE 449: 0.0022 rad
2025-08-16 11:10:26,576 - INFO - CONVERGENCE EPISODE 450: 0.0011 rad
2025-08-16 11:10:26,576 - INFO -     450 | -205577.80 | 89262842.730 |    0.0011 |   0.000 |  366.5s
2025-08-16 11:10:28,105 - INFO - CONVERGENCE EPISODE 451: 0.0743 rad
2025-08-16 11:10:28,531 - INFO - CONVERGENCE EPISODE 452: 0.0014 rad
2025-08-16 11:10:29,996 - INFO - CONVERGENCE EPISODE 453: 0.0318 rad
2025-08-16 11:10:31,382 - INFO - CONVERGENCE EPISODE 454: 0.0027 rad
2025-08-16 11:10:32,549 - INFO - CONVERGENCE EPISODE 455: 0.0031 rad
2025-08-16 11:10:33,098 - INFO - CONVERGENCE EPISODE 456: 0.0007 rad
2025-08-16 11:10:36,047 - INFO - CONVERGENCE EPISODE 458: 0.0428 rad
2025-08-16 11:10:37,554 - INFO - CONVERGENCE EPISODE 459: 0.0561 rad
2025-08-16 11:10:39,033 - INFO - CONVERGENCE EPISODE 460: 0.3664 rad
2025-08-16 11:10:39,075 - INFO - CONVERGENCE EPISODE 461: 0.0026 rad
2025-08-16 11:10:40,567 - INFO - CONVERGENCE EPISODE 462: 0.0814 rad
2025-08-16 11:10:42,070 - INFO - CONVERGENCE EPISODE 463: 0.0671 rad
2025-08-16 11:10:43,173 - INFO - CONVERGENCE EPISODE 464: 0.0014 rad
2025-08-16 11:10:44,748 - INFO - CONVERGENCE EPISODE 465: 0.2958 rad
2025-08-16 11:10:50,754 - INFO - CONVERGENCE EPISODE 469: 0.0489 rad
2025-08-16 11:10:51,401 - INFO - CONVERGENCE EPISODE 470: 0.0006 rad
2025-08-16 11:10:52,946 - INFO - CONVERGENCE EPISODE 471: 0.0680 rad
2025-08-16 11:10:56,372 - INFO - CONVERGENCE EPISODE 474: 0.0007 rad
2025-08-16 11:10:57,899 - INFO - CONVERGENCE EPISODE 475: 0.0739 rad
2025-08-16 11:10:59,189 - INFO - CONVERGENCE EPISODE 476: 0.0003 rad
2025-08-16 11:10:59,856 - INFO - CONVERGENCE EPISODE 477: 0.0027 rad
2025-08-16 11:11:00,999 - INFO - CONVERGENCE EPISODE 478: 0.0026 rad
2025-08-16 11:11:02,373 - INFO - CONVERGENCE EPISODE 479: 0.0021 rad
2025-08-16 11:11:03,899 - INFO - CONVERGENCE EPISODE 480: 0.1240 rad
2025-08-16 11:11:07,689 - INFO - CONVERGENCE EPISODE 483: 0.0029 rad
2025-08-16 11:11:09,172 - INFO - CONVERGENCE EPISODE 484: 0.0766 rad
2025-08-16 11:11:09,327 - INFO - CONVERGENCE EPISODE 485: 0.0010 rad
2025-08-16 11:11:10,076 - INFO - CONVERGENCE EPISODE 486: 0.0022 rad
2025-08-16 11:11:10,326 - INFO - CONVERGENCE EPISODE 487: 0.0027 rad
2025-08-16 11:11:11,977 - INFO - CONVERGENCE EPISODE 489: 0.0024 rad
2025-08-16 11:11:13,494 - INFO - CONVERGENCE EPISODE 490: 0.0584 rad
2025-08-16 11:11:14,998 - INFO - CONVERGENCE EPISODE 491: 0.0831 rad
2025-08-16 11:11:16,488 - INFO - CONVERGENCE EPISODE 492: 0.1000 rad
2025-08-16 11:11:17,899 - INFO - CONVERGENCE EPISODE 493: 0.0021 rad
2025-08-16 11:11:17,969 - INFO - CONVERGENCE EPISODE 494: 0.0022 rad
2025-08-16 11:11:19,505 - INFO - CONVERGENCE EPISODE 496: 0.0002 rad
2025-08-16 11:11:22,390 - INFO - CONVERGENCE EPISODE 498: 0.0017 rad
2025-08-16 11:11:23,934 - INFO - CONVERGENCE EPISODE 499: 0.0872 rad
2025-08-16 11:11:25,433 - INFO - 
2025-08-16 11:11:25,433 - INFO - MILESTONE 500 ANALYSIS:
2025-08-16 11:11:25,433 - INFO -   Recent 50 episodes avg position error: 0.3319 ± 0.5359 rad
2025-08-16 11:11:25,433 - INFO -   Recent 50 episodes avg cost: 78521723.655
2025-08-16 11:11:25,433 - INFO -   Recent 50 episodes success rate: 0.00%
2025-08-16 11:11:25,433 - INFO -   Convergent episodes ratio (< 0.5 rad): 76.00%
2025-08-16 11:11:25,433 - INFO -   Total convergent episodes so far: 462
2025-08-16 11:11:25,433 - INFO -   Best performance: 0.0000 rad at episode 334
2025-08-16 11:11:25,433 - INFO -   Stable performance maintained since episode 0
2025-08-16 11:11:25,433 - INFO - 
2025-08-16 11:11:25,433 - INFO -     500 | -582983.93 | 181563053.785 |    1.8912 |   0.000 |  425.3s
2025-08-16 11:11:25,562 - INFO - CONVERGENCE EPISODE 501: 0.0021 rad
2025-08-16 11:11:27,074 - INFO - CONVERGENCE EPISODE 502: 0.0260 rad
2025-08-16 11:11:28,602 - INFO - CONVERGENCE EPISODE 503: 0.0407 rad
2025-08-16 11:11:29,246 - INFO - CONVERGENCE EPISODE 504: 0.0008 rad
2025-08-16 11:11:30,061 - INFO - CONVERGENCE EPISODE 505: 0.0020 rad
2025-08-16 11:11:31,527 - INFO - CONVERGENCE EPISODE 506: 0.0299 rad
2025-08-16 11:11:32,199 - INFO - CONVERGENCE EPISODE 507: 0.0029 rad
2025-08-16 11:11:33,721 - INFO - CONVERGENCE EPISODE 508: 0.1171 rad
2025-08-16 11:11:34,178 - INFO - CONVERGENCE EPISODE 509: 0.0010 rad
2025-08-16 11:11:35,671 - INFO - CONVERGENCE EPISODE 510: 0.0719 rad
2025-08-16 11:11:38,699 - INFO - CONVERGENCE EPISODE 512: 0.0634 rad
2025-08-16 11:11:44,736 - INFO - CONVERGENCE EPISODE 516: 0.0305 rad
2025-08-16 11:11:46,582 - INFO - CONVERGENCE EPISODE 518: 0.0009 rad
2025-08-16 11:11:48,135 - INFO - CONVERGENCE EPISODE 519: 0.0631 rad
2025-08-16 11:11:49,639 - INFO - CONVERGENCE EPISODE 520: 0.0430 rad
2025-08-16 11:11:51,130 - INFO - CONVERGENCE EPISODE 521: 0.0702 rad
2025-08-16 11:11:54,105 - INFO - CONVERGENCE EPISODE 523: 0.1554 rad
2025-08-16 11:11:55,596 - INFO - CONVERGENCE EPISODE 524: 0.3109 rad
2025-08-16 11:11:55,722 - INFO - CONVERGENCE EPISODE 525: 0.0005 rad
2025-08-16 11:11:55,890 - INFO - CONVERGENCE EPISODE 526: 0.0006 rad
2025-08-16 11:11:57,375 - INFO - CONVERGENCE EPISODE 527: 0.0023 rad
2025-08-16 11:11:57,865 - INFO - CONVERGENCE EPISODE 528: 0.0012 rad
2025-08-16 11:11:59,341 - INFO - CONVERGENCE EPISODE 529: 0.0813 rad
2025-08-16 11:11:59,690 - INFO - CONVERGENCE EPISODE 530: 0.0011 rad
2025-08-16 11:12:01,171 - INFO - CONVERGENCE EPISODE 531: 0.0446 rad
2025-08-16 11:12:01,927 - INFO - CONVERGENCE EPISODE 532: 0.0028 rad
2025-08-16 11:12:03,412 - INFO - CONVERGENCE EPISODE 533: 0.0529 rad
2025-08-16 11:12:05,199 - INFO - CONVERGENCE EPISODE 535: 0.0017 rad
2025-08-16 11:12:05,959 - INFO - CONVERGENCE EPISODE 536: 0.0019 rad
2025-08-16 11:12:06,184 - INFO - CONVERGENCE EPISODE 537: 0.0024 rad
2025-08-16 11:12:07,011 - INFO - CONVERGENCE EPISODE 538: 0.0014 rad
2025-08-16 11:12:12,364 - INFO - CONVERGENCE EPISODE 542: 0.0014 rad
2025-08-16 11:12:12,477 - INFO - CONVERGENCE EPISODE 543: 0.0028 rad
2025-08-16 11:12:12,892 - INFO - CONVERGENCE EPISODE 544: 0.0019 rad
2025-08-16 11:12:13,062 - INFO - CONVERGENCE EPISODE 545: 0.0003 rad
2025-08-16 11:12:13,359 - INFO - CONVERGENCE EPISODE 546: 0.0013 rad
2025-08-16 11:12:15,859 - INFO - CONVERGENCE EPISODE 548: 0.0018 rad
2025-08-16 11:12:17,173 - INFO - CONVERGENCE EPISODE 549: 0.0031 rad
2025-08-16 11:12:17,619 - INFO - CONVERGENCE EPISODE 550: 0.0003 rad
2025-08-16 11:12:17,619 - INFO -     550 | -46638.31 | 80086773.286 |    0.0003 |   0.000 |  477.5s
2025-08-16 11:12:22,355 - INFO - CONVERGENCE EPISODE 554: 0.0028 rad
2025-08-16 11:12:22,527 - INFO - CONVERGENCE EPISODE 555: 0.0024 rad
2025-08-16 11:12:24,267 - INFO - CONVERGENCE EPISODE 557: 0.0017 rad
2025-08-16 11:12:26,033 - INFO - CONVERGENCE EPISODE 559: 0.0014 rad
2025-08-16 11:12:26,457 - INFO - CONVERGENCE EPISODE 560: 0.0003 rad
2025-08-16 11:12:26,709 - INFO - CONVERGENCE EPISODE 561: 0.0004 rad
2025-08-16 11:12:28,547 - INFO - CONVERGENCE EPISODE 563: 0.0022 rad
2025-08-16 11:12:31,667 - INFO - CONVERGENCE EPISODE 566: 0.0029 rad
2025-08-16 11:12:33,177 - INFO - CONVERGENCE EPISODE 567: 0.4151 rad
2025-08-16 11:12:39,117 - INFO - CONVERGENCE EPISODE 571: 0.0743 rad
2025-08-16 11:12:46,664 - INFO - CONVERGENCE EPISODE 576: 0.3797 rad
2025-08-16 11:12:49,386 - INFO - CONVERGENCE EPISODE 578: 0.0011 rad
2025-08-16 11:12:49,525 - INFO - CONVERGENCE EPISODE 579: 0.0005 rad
2025-08-16 11:12:51,008 - INFO - CONVERGENCE EPISODE 580: 0.4403 rad
2025-08-16 11:12:54,541 - INFO - CONVERGENCE EPISODE 583: 0.0031 rad
2025-08-16 11:12:56,263 - INFO - CONVERGENCE EPISODE 585: 0.0012 rad
2025-08-16 11:12:57,483 - INFO - CONVERGENCE EPISODE 586: 0.0019 rad
2025-08-16 11:13:00,060 - INFO - CONVERGENCE EPISODE 588: 0.0026 rad
2025-08-16 11:13:01,872 - INFO - CONVERGENCE EPISODE 590: 0.0025 rad
2025-08-16 11:13:02,670 - INFO - CONVERGENCE EPISODE 591: 0.0008 rad
2025-08-16 11:13:02,790 - INFO - CONVERGENCE EPISODE 592: 0.0006 rad
2025-08-16 11:13:03,051 - INFO - CONVERGENCE EPISODE 593: 0.0029 rad
2025-08-16 11:13:05,029 - INFO - CONVERGENCE EPISODE 595: 0.0012 rad
2025-08-16 11:13:06,508 - INFO - CONVERGENCE EPISODE 596: 0.1044 rad
2025-08-16 11:13:08,017 - INFO - CONVERGENCE EPISODE 597: 0.1394 rad
2025-08-16 11:13:08,729 - INFO - CONVERGENCE EPISODE 598: 0.0029 rad
2025-08-16 11:13:11,705 - INFO -     600 | -2807568.69 | 1239860883.697 |    0.6853 |   0.000 |  531.6s
2025-08-16 11:13:11,829 - INFO - CONVERGENCE EPISODE 601: 0.0031 rad
2025-08-16 11:13:13,351 - INFO - CONVERGENCE EPISODE 602: 0.0896 rad
2025-08-16 11:13:17,159 - INFO - CONVERGENCE EPISODE 605: 0.0013 rad
2025-08-16 11:13:18,912 - INFO - CONVERGENCE EPISODE 607: 0.0019 rad
2025-08-16 11:13:20,724 - INFO - CONVERGENCE EPISODE 609: 0.0029 rad
2025-08-16 11:13:20,941 - INFO - CONVERGENCE EPISODE 610: 0.0006 rad
2025-08-16 11:13:23,256 - INFO - CONVERGENCE EPISODE 612: 0.0002 rad
2025-08-16 11:13:24,782 - INFO - CONVERGENCE EPISODE 613: 0.4470 rad
2025-08-16 11:13:26,533 - INFO - CONVERGENCE EPISODE 615: 0.0003 rad
2025-08-16 11:13:29,555 - INFO - CONVERGENCE EPISODE 617: 0.1236 rad
2025-08-16 11:13:32,560 - INFO - CONVERGENCE EPISODE 619: 0.0870 rad
2025-08-16 11:13:37,050 - INFO - CONVERGENCE EPISODE 622: 0.1461 rad
2025-08-16 11:13:37,743 - INFO - CONVERGENCE EPISODE 623: 0.0012 rad
2025-08-16 11:13:39,192 - INFO - CONVERGENCE EPISODE 624: 0.0486 rad
2025-08-16 11:13:40,677 - INFO - CONVERGENCE EPISODE 625: 0.1592 rad
2025-08-16 11:13:42,203 - INFO - CONVERGENCE EPISODE 626: 0.1236 rad
2025-08-16 11:13:43,690 - INFO - CONVERGENCE EPISODE 627: 0.1525 rad
2025-08-16 11:13:45,541 - INFO - CONVERGENCE EPISODE 629: 0.0003 rad
2025-08-16 11:13:45,698 - INFO - CONVERGENCE EPISODE 630: 0.0025 rad
2025-08-16 11:13:45,892 - INFO - CONVERGENCE EPISODE 631: 0.0010 rad
2025-08-16 11:13:46,528 - INFO - CONVERGENCE EPISODE 632: 0.0006 rad
2025-08-16 11:13:46,878 - INFO - CONVERGENCE EPISODE 633: 0.0006 rad
2025-08-16 11:13:51,350 - INFO - CONVERGENCE EPISODE 636: 0.1530 rad
2025-08-16 11:13:51,806 - INFO - CONVERGENCE EPISODE 637: 0.0006 rad
2025-08-16 11:14:03,271 - INFO - CONVERGENCE EPISODE 645: 0.0026 rad
2025-08-16 11:14:04,344 - INFO - CONVERGENCE EPISODE 646: 0.0020 rad
2025-08-16 11:14:06,300 - INFO - CONVERGENCE EPISODE 648: 0.0006 rad
2025-08-16 11:14:08,476 - INFO - CONVERGENCE EPISODE 650: 0.0011 rad
2025-08-16 11:14:08,476 - INFO -     650 | -133984.59 | 172910278.142 |    0.0011 |   0.000 |  588.4s
2025-08-16 11:14:10,582 - INFO - CONVERGENCE EPISODE 652: 0.0015 rad
2025-08-16 11:14:12,086 - INFO - CONVERGENCE EPISODE 653: 0.3267 rad
2025-08-16 11:14:12,720 - INFO - CONVERGENCE EPISODE 654: 0.0013 rad
2025-08-16 11:14:12,813 - INFO - CONVERGENCE EPISODE 655: 0.0017 rad
2025-08-16 11:14:12,987 - INFO - CONVERGENCE EPISODE 656: 0.0024 rad
2025-08-16 11:14:21,942 - INFO - CONVERGENCE EPISODE 662: 0.4033 rad
2025-08-16 11:14:21,982 - INFO - CONVERGENCE EPISODE 663: 0.0012 rad
2025-08-16 11:14:26,506 - INFO - CONVERGENCE EPISODE 666: 0.1824 rad
2025-08-16 11:14:28,036 - INFO - CONVERGENCE EPISODE 667: 0.1566 rad
2025-08-16 11:14:28,652 - INFO - CONVERGENCE EPISODE 668: 0.0001 rad
2025-08-16 11:14:30,122 - INFO - CONVERGENCE EPISODE 669: 0.0899 rad
2025-08-16 11:14:34,649 - INFO - CONVERGENCE EPISODE 672: 0.1384 rad
2025-08-16 11:14:37,634 - INFO - CONVERGENCE EPISODE 674: 0.2423 rad
2025-08-16 11:14:37,819 - INFO - CONVERGENCE EPISODE 675: 0.0010 rad
2025-08-16 11:14:38,078 - INFO - CONVERGENCE EPISODE 676: 0.0001 rad
2025-08-16 11:14:40,499 - INFO - CONVERGENCE EPISODE 678: 0.0025 rad
2025-08-16 11:14:40,687 - INFO - CONVERGENCE EPISODE 679: 0.0028 rad
2025-08-16 11:14:40,863 - INFO - CONVERGENCE EPISODE 680: 0.0006 rad
2025-08-16 11:14:41,382 - INFO - CONVERGENCE EPISODE 681: 0.0012 rad
2025-08-16 11:14:43,355 - INFO - CONVERGENCE EPISODE 683: 0.0003 rad
2025-08-16 11:14:44,901 - INFO - CONVERGENCE EPISODE 684: 0.0519 rad
2025-08-16 11:14:45,352 - INFO - CONVERGENCE EPISODE 685: 0.0022 rad
2025-08-16 11:14:46,821 - INFO - CONVERGENCE EPISODE 686: 0.0298 rad
2025-08-16 11:14:48,357 - INFO - CONVERGENCE EPISODE 687: 0.0859 rad
2025-08-16 11:14:51,340 - INFO - CONVERGENCE EPISODE 689: 0.3825 rad
2025-08-16 11:14:53,497 - INFO - CONVERGENCE EPISODE 691: 0.0010 rad
2025-08-16 11:14:54,965 - INFO - CONVERGENCE EPISODE 692: 0.0264 rad
2025-08-16 11:14:55,272 - INFO - CONVERGENCE EPISODE 693: 0.0008 rad
2025-08-16 11:14:56,759 - INFO - CONVERGENCE EPISODE 694: 0.2186 rad
2025-08-16 11:14:56,914 - INFO - CONVERGENCE EPISODE 695: 0.0017 rad
2025-08-16 11:14:58,718 - INFO - CONVERGENCE EPISODE 697: 0.0017 rad
2025-08-16 11:15:03,222 - INFO -     700 | -2604411.92 | 1113085102.441 |    1.6233 |   0.000 |  643.1s
2025-08-16 11:15:04,708 - INFO - CONVERGENCE EPISODE 701: 0.0288 rad
2025-08-16 11:15:05,618 - INFO - CONVERGENCE EPISODE 702: 0.0015 rad
2025-08-16 11:15:10,253 - INFO - CONVERGENCE EPISODE 705: 0.1141 rad
2025-08-16 11:15:10,358 - INFO - CONVERGENCE EPISODE 706: 0.0007 rad
2025-08-16 11:15:10,650 - INFO - CONVERGENCE EPISODE 707: 0.0007 rad
2025-08-16 11:15:10,695 - INFO - CONVERGENCE EPISODE 708: 0.0011 rad
2025-08-16 11:15:10,710 - INFO - CONVERGENCE EPISODE 709: 0.0020 rad
2025-08-16 11:15:12,325 - INFO - CONVERGENCE EPISODE 711: 0.0014 rad
2025-08-16 11:15:12,960 - INFO - CONVERGENCE EPISODE 712: 0.0013 rad
2025-08-16 11:15:14,274 - INFO - CONVERGENCE EPISODE 713: 0.0006 rad
2025-08-16 11:15:18,787 - INFO - CONVERGENCE EPISODE 716: 0.1943 rad
2025-08-16 11:15:19,398 - INFO - CONVERGENCE EPISODE 717: 0.0009 rad
2025-08-16 11:15:26,883 - INFO - CONVERGENCE EPISODE 722: 0.0310 rad
2025-08-16 11:15:28,418 - INFO - CONVERGENCE EPISODE 723: 0.1416 rad
2025-08-16 11:15:29,913 - INFO - CONVERGENCE EPISODE 724: 0.1295 rad
2025-08-16 11:15:32,976 - INFO - CONVERGENCE EPISODE 727: 0.0027 rad
2025-08-16 11:15:33,624 - INFO - CONVERGENCE EPISODE 728: 0.0019 rad
2025-08-16 11:15:33,809 - INFO - CONVERGENCE EPISODE 729: 0.0018 rad
2025-08-16 11:15:39,811 - INFO - CONVERGENCE EPISODE 733: 0.0015 rad
2025-08-16 11:15:39,933 - INFO - CONVERGENCE EPISODE 734: 0.0011 rad
2025-08-16 11:15:40,492 - INFO - CONVERGENCE EPISODE 735: 0.0000 rad
2025-08-16 11:15:45,003 - INFO - CONVERGENCE EPISODE 738: 0.0043 rad
2025-08-16 11:15:46,484 - INFO - CONVERGENCE EPISODE 739: 0.0092 rad
2025-08-16 11:15:46,987 - INFO - CONVERGENCE EPISODE 740: 0.0010 rad
2025-08-16 11:15:48,502 - INFO - CONVERGENCE EPISODE 741: 0.0120 rad
2025-08-16 11:15:49,457 - INFO - CONVERGENCE EPISODE 742: 0.0022 rad
2025-08-16 11:15:50,939 - INFO - CONVERGENCE EPISODE 743: 0.2989 rad
2025-08-16 11:15:54,004 - INFO - CONVERGENCE EPISODE 745: 0.0869 rad
2025-08-16 11:15:56,980 - INFO - CONVERGENCE EPISODE 747: 0.0120 rad
2025-08-16 11:15:59,019 - INFO - CONVERGENCE EPISODE 749: 0.0022 rad
2025-08-16 11:15:59,277 - INFO - CONVERGENCE EPISODE 750: 0.0006 rad
2025-08-16 11:15:59,278 - INFO - 
2025-08-16 11:15:59,278 - INFO - MILESTONE 750 ANALYSIS:
2025-08-16 11:15:59,278 - INFO -   Recent 50 episodes avg position error: 0.6096 ± 0.8078 rad
2025-08-16 11:15:59,278 - INFO -   Recent 50 episodes avg cost: 648394262.992
2025-08-16 11:15:59,278 - INFO -   Recent 50 episodes success rate: 0.00%
2025-08-16 11:15:59,278 - INFO -   Convergent episodes ratio (< 0.5 rad): 62.00%
2025-08-16 11:15:59,278 - INFO -   Total convergent episodes so far: 617
2025-08-16 11:15:59,278 - INFO -   Best performance: 0.0000 rad at episode 735
2025-08-16 11:15:59,278 - INFO -   Stable performance maintained since episode 0
2025-08-16 11:15:59,278 - INFO - 
2025-08-16 11:15:59,278 - INFO -     750 | -27488.93 | 82407437.413 |    0.0006 |   0.000 |  699.2s
2025-08-16 11:16:00,360 - INFO - CONVERGENCE EPISODE 751: 0.0013 rad
2025-08-16 11:16:02,273 - INFO - CONVERGENCE EPISODE 753: 0.0024 rad
2025-08-16 11:16:03,775 - INFO - CONVERGENCE EPISODE 754: 0.0743 rad
2025-08-16 11:16:03,850 - INFO - CONVERGENCE EPISODE 755: 0.0014 rad
2025-08-16 11:16:03,985 - INFO - CONVERGENCE EPISODE 756: 0.0027 rad
2025-08-16 11:16:05,487 - INFO - CONVERGENCE EPISODE 757: 0.0120 rad
2025-08-16 11:16:08,511 - INFO - CONVERGENCE EPISODE 759: 0.0120 rad
2025-08-16 11:16:08,867 - INFO - CONVERGENCE EPISODE 760: 0.0013 rad
2025-08-16 11:16:10,506 - INFO - CONVERGENCE EPISODE 762: 0.0028 rad
2025-08-16 11:16:12,003 - INFO - CONVERGENCE EPISODE 763: 0.0120 rad
2025-08-16 11:16:16,549 - INFO - CONVERGENCE EPISODE 766: 0.3204 rad
2025-08-16 11:16:18,484 - INFO - CONVERGENCE EPISODE 768: 0.0015 rad
2025-08-16 11:16:19,982 - INFO - CONVERGENCE EPISODE 769: 0.2987 rad
2025-08-16 11:16:23,013 - INFO - CONVERGENCE EPISODE 771: 0.0869 rad
2025-08-16 11:16:24,510 - INFO - CONVERGENCE EPISODE 772: 0.1735 rad
2025-08-16 11:16:26,026 - INFO - CONVERGENCE EPISODE 773: 0.2182 rad
2025-08-16 11:16:27,541 - INFO - CONVERGENCE EPISODE 774: 0.0120 rad
2025-08-16 11:16:29,048 - INFO - CONVERGENCE EPISODE 775: 0.4429 rad
2025-08-16 11:16:29,133 - INFO - CONVERGENCE EPISODE 776: 0.0030 rad
2025-08-16 11:16:30,621 - INFO - CONVERGENCE EPISODE 777: 0.0120 rad
2025-08-16 11:16:32,656 - INFO - CONVERGENCE EPISODE 779: 0.0013 rad
2025-08-16 11:16:35,603 - INFO - CONVERGENCE EPISODE 781: 0.3042 rad
2025-08-16 11:16:38,583 - INFO - CONVERGENCE EPISODE 783: 0.0739 rad
2025-08-16 11:16:46,133 - INFO - CONVERGENCE EPISODE 788: 0.0534 rad
2025-08-16 11:16:49,988 - INFO - CONVERGENCE EPISODE 791: 0.0015 rad
2025-08-16 11:16:50,672 - INFO - CONVERGENCE EPISODE 792: 0.0013 rad
2025-08-16 11:16:55,144 - INFO - CONVERGENCE EPISODE 795: 0.0593 rad
2025-08-16 11:16:58,212 - INFO - CONVERGENCE EPISODE 797: 0.3766 rad
2025-08-16 11:16:59,698 - INFO - CONVERGENCE EPISODE 798: 0.1602 rad
2025-08-16 11:17:01,200 - INFO - CONVERGENCE EPISODE 799: 0.3201 rad
2025-08-16 11:17:02,733 - INFO -     800 | -2866665.32 | 1251905151.500 |    2.1592 |   0.000 |  762.6s
2025-08-16 11:17:03,250 - INFO - CONVERGENCE EPISODE 801: 0.0007 rad
2025-08-16 11:17:06,309 - INFO - CONVERGENCE EPISODE 803: 0.0976 rad
2025-08-16 11:17:10,903 - INFO - CONVERGENCE EPISODE 807: 0.0025 rad
2025-08-16 11:17:13,947 - INFO - CONVERGENCE EPISODE 809: 0.1647 rad
2025-08-16 11:17:13,990 - INFO - CONVERGENCE EPISODE 810: 0.0011 rad
2025-08-16 11:17:14,702 - INFO - CONVERGENCE EPISODE 811: 0.0020 rad
2025-08-16 11:17:15,005 - INFO - CONVERGENCE EPISODE 812: 0.0015 rad
2025-08-16 11:17:16,496 - INFO - CONVERGENCE EPISODE 813: 0.2989 rad
2025-08-16 11:17:16,625 - INFO - CONVERGENCE EPISODE 814: 0.0022 rad
2025-08-16 11:17:22,665 - INFO - CONVERGENCE EPISODE 818: 0.0688 rad
2025-08-16 11:17:24,254 - INFO - CONVERGENCE EPISODE 819: 0.0869 rad
2025-08-16 11:17:25,876 - INFO - CONVERGENCE EPISODE 821: 0.0005 rad
2025-08-16 11:17:28,884 - INFO - CONVERGENCE EPISODE 823: 0.3201 rad
2025-08-16 11:17:30,263 - INFO - CONVERGENCE EPISODE 824: 0.0018 rad
2025-08-16 11:17:31,739 - INFO - CONVERGENCE EPISODE 825: 0.1355 rad
2025-08-16 11:17:33,773 - INFO - CONVERGENCE EPISODE 827: 0.0024 rad
2025-08-16 11:17:36,767 - INFO - CONVERGENCE EPISODE 829: 0.2126 rad
2025-08-16 11:17:38,314 - INFO - CONVERGENCE EPISODE 830: 0.3282 rad
2025-08-16 11:17:39,802 - INFO - CONVERGENCE EPISODE 831: 0.0162 rad
2025-08-16 11:17:43,760 - INFO - CONVERGENCE EPISODE 834: 0.0010 rad
2025-08-16 11:17:45,314 - INFO - CONVERGENCE EPISODE 835: 0.1421 rad
2025-08-16 11:17:48,402 - INFO - CONVERGENCE EPISODE 838: 0.0020 rad
2025-08-16 11:17:49,877 - INFO - CONVERGENCE EPISODE 839: 0.1125 rad
2025-08-16 11:17:51,409 - INFO - CONVERGENCE EPISODE 840: 0.0858 rad
2025-08-16 11:17:52,927 - INFO - CONVERGENCE EPISODE 842: 0.0018 rad
2025-08-16 11:17:54,077 - INFO - CONVERGENCE EPISODE 843: 0.0021 rad
2025-08-16 11:17:58,751 - INFO - CONVERGENCE EPISODE 847: 0.0006 rad
2025-08-16 11:17:59,915 - INFO - CONVERGENCE EPISODE 848: 0.0024 rad
2025-08-16 11:18:02,965 - INFO -     850 | -2062253.36 | 893576315.631 |    2.9199 |   0.000 |  822.8s
2025-08-16 11:18:04,483 - INFO - CONVERGENCE EPISODE 851: 0.3959 rad
2025-08-16 11:18:05,561 - INFO - CONVERGENCE EPISODE 852: 0.0013 rad
2025-08-16 11:18:05,670 - INFO - CONVERGENCE EPISODE 853: 0.0010 rad
2025-08-16 11:18:07,260 - INFO - CONVERGENCE EPISODE 855: 0.0017 rad
2025-08-16 11:18:07,659 - INFO - CONVERGENCE EPISODE 856: 0.0026 rad
2025-08-16 11:18:09,226 - INFO - CONVERGENCE EPISODE 857: 0.1070 rad
2025-08-16 11:18:11,265 - INFO - CONVERGENCE EPISODE 859: 0.0014 rad
2025-08-16 11:18:16,602 - INFO - CONVERGENCE EPISODE 863: 0.0023 rad
2025-08-16 11:18:18,184 - INFO - CONVERGENCE EPISODE 864: 0.0002 rad
2025-08-16 11:18:18,392 - INFO - CONVERGENCE EPISODE 865: 0.0024 rad
2025-08-16 11:18:20,572 - INFO - CONVERGENCE EPISODE 867: 0.0003 rad
2025-08-16 11:18:22,453 - INFO - CONVERGENCE EPISODE 869: 0.0027 rad
2025-08-16 11:18:22,569 - INFO - CONVERGENCE EPISODE 870: 0.0003 rad
2025-08-16 11:18:24,880 - INFO - CONVERGENCE EPISODE 872: 0.0026 rad
2025-08-16 11:18:26,363 - INFO - CONVERGENCE EPISODE 873: 0.3193 rad
2025-08-16 11:18:26,508 - INFO - CONVERGENCE EPISODE 874: 0.0012 rad
2025-08-16 11:18:28,555 - INFO - CONVERGENCE EPISODE 876: 0.0015 rad
2025-08-16 11:18:30,049 - INFO - CONVERGENCE EPISODE 877: 0.0511 rad
2025-08-16 11:18:31,515 - INFO - CONVERGENCE EPISODE 878: 0.1217 rad
2025-08-16 11:18:33,027 - INFO - CONVERGENCE EPISODE 879: 0.2128 rad
2025-08-16 11:18:34,004 - INFO - CONVERGENCE EPISODE 880: 0.0010 rad
2025-08-16 11:18:36,949 - INFO - CONVERGENCE EPISODE 882: 0.4844 rad
2025-08-16 11:18:41,582 - INFO - CONVERGENCE EPISODE 885: 0.0491 rad
2025-08-16 11:18:43,867 - INFO - CONVERGENCE EPISODE 887: 0.0023 rad
2025-08-16 11:18:45,438 - INFO - CONVERGENCE EPISODE 888: 0.1236 rad
2025-08-16 11:18:47,288 - INFO - CONVERGENCE EPISODE 890: 0.0019 rad
2025-08-16 11:18:50,502 - INFO - CONVERGENCE EPISODE 892: 0.1954 rad
2025-08-16 11:18:50,629 - INFO - CONVERGENCE EPISODE 893: 0.0002 rad
2025-08-16 11:18:53,924 - INFO - CONVERGENCE EPISODE 895: 0.0539 rad
2025-08-16 11:18:56,204 - INFO - CONVERGENCE EPISODE 897: 0.0010 rad
2025-08-16 11:18:57,920 - INFO - CONVERGENCE EPISODE 898: 0.0968 rad
2025-08-16 11:18:58,100 - INFO - CONVERGENCE EPISODE 899: 0.0007 rad
2025-08-16 11:18:59,798 - INFO -     900 | -3096027.38 | 1319949682.260 |    1.9212 |   0.000 |  879.7s
2025-08-16 11:19:00,049 - INFO - CONVERGENCE EPISODE 901: 0.0007 rad
2025-08-16 11:19:01,720 - INFO - CONVERGENCE EPISODE 902: 0.0855 rad
2025-08-16 11:19:02,074 - INFO - CONVERGENCE EPISODE 903: 0.0027 rad
2025-08-16 11:19:04,307 - INFO - CONVERGENCE EPISODE 904: 0.3078 rad
2025-08-16 11:19:04,989 - INFO - CONVERGENCE EPISODE 905: 0.0023 rad
2025-08-16 11:19:05,108 - INFO - CONVERGENCE EPISODE 906: 0.0003 rad
2025-08-16 11:19:07,008 - INFO - CONVERGENCE EPISODE 907: 0.0111 rad
2025-08-16 11:19:08,978 - INFO - CONVERGENCE EPISODE 908: 0.0120 rad
2025-08-16 11:19:12,717 - INFO - CONVERGENCE EPISODE 910: 0.0120 rad
2025-08-16 11:19:14,481 - INFO - CONVERGENCE EPISODE 911: 0.4424 rad
2025-08-16 11:19:16,208 - INFO - CONVERGENCE EPISODE 912: 0.1416 rad
2025-08-16 11:19:17,897 - INFO - CONVERGENCE EPISODE 913: 0.0120 rad
2025-08-16 11:19:19,420 - INFO - CONVERGENCE EPISODE 914: 0.0869 rad
2025-08-16 11:19:22,871 - INFO - CONVERGENCE EPISODE 916: 0.2989 rad
2025-08-16 11:19:24,542 - INFO - CONVERGENCE EPISODE 917: 0.3931 rad
2025-08-16 11:19:28,006 - INFO - CONVERGENCE EPISODE 920: 0.0007 rad
2025-08-16 11:19:28,382 - INFO - CONVERGENCE EPISODE 921: 0.0007 rad
2025-08-16 11:19:31,668 - INFO - CONVERGENCE EPISODE 924: 0.0030 rad
2025-08-16 11:19:33,459 - INFO - CONVERGENCE EPISODE 925: 0.0106 rad
2025-08-16 11:19:33,649 - INFO - CONVERGENCE EPISODE 926: 0.0005 rad
2025-08-16 11:19:35,238 - INFO - CONVERGENCE EPISODE 927: 0.0120 rad
