2025-08-15 17:03:02,076 - INFO - ================================================================================
2025-08-15 17:03:02,076 - INFO - DHP PENDULUM TRAINING SESSION STARTED
2025-08-15 17:03:02,076 - INFO - ================================================================================
2025-08-15 17:03:02,076 - INFO - HYPERPARAMETERS:
2025-08-15 17:03:02,076 - INFO - ----------------------------------------
2025-08-15 17:03:02,076 - INFO - action_size              : 1
2025-08-15 17:03:02,076 - INFO - activation               : relu
2025-08-15 17:03:02,076 - INFO - best_episode_gui         : False
2025-08-15 17:03:02,076 - INFO - episode_length           : 200
2025-08-15 17:03:02,076 - INFO - excitation_amplitude     : 0.2
2025-08-15 17:03:02,076 - INFO - excitation_steps         : 7500
2025-08-15 17:03:02,076 - INFO - fixed_target             : 3.141592653589793
2025-08-15 17:03:02,076 - INFO - gamma                    : 0.95
2025-08-15 17:03:02,076 - INFO - gui                      : False
2025-08-15 17:03:02,076 - INFO - hidden_layer_size        : [64, 64, 32]
2025-08-15 17:03:02,076 - INFO - log_interval             : 50
2025-08-15 17:03:02,076 - INFO - lr_actor                 : 0.005
2025-08-15 17:03:02,076 - INFO - lr_critic                : 0.01
2025-08-15 17:03:02,076 - INFO - max_steps                : 200
2025-08-15 17:03:02,076 - INFO - normalize_states         : True
2025-08-15 17:03:02,077 - INFO - num_episodes             : 1500
2025-08-15 17:03:02,077 - INFO - predict_delta            : False
2025-08-15 17:03:02,077 - INFO - record                   : False
2025-08-15 17:03:02,077 - INFO - record_best_episodes     : True
2025-08-15 17:03:02,077 - INFO - recording_fps            : 30
2025-08-15 17:03:02,077 - INFO - reference_size           : 3
2025-08-15 17:03:02,077 - INFO - rls_action_size          : 1
2025-08-15 17:03:02,077 - INFO - rls_covariance           : 100.0
2025-08-15 17:03:02,077 - INFO - rls_gamma                : 0.9995
2025-08-15 17:03:02,077 - INFO - rls_state_size           : 3
2025-08-15 17:03:02,077 - INFO - save_interval            : 200
2025-08-15 17:03:02,077 - INFO - split                    : False
2025-08-15 17:03:02,077 - INFO - state_bounds             : {'cos_theta': [-1.0, 1.0], 'sin_theta': [-1.0, 1.0], 'theta_dot': [-8.0, 8.0]}
2025-08-15 17:03:02,077 - INFO - state_size               : 3
2025-08-15 17:03:02,077 - INFO - target_network           : True
2025-08-15 17:03:02,077 - INFO - tau                      : 0.001
2025-08-15 17:03:02,077 - INFO - update_cycles            : 2
2025-08-15 17:03:02,077 - INFO - ----------------------------------------
2025-08-15 17:03:02,077 - INFO - Log file: /home/osos/Mohamed_Masters_Thesis/DHP_pendulum/training_logs/dhp_pendulum_training_20250815_170302.log
2025-08-15 17:03:02,077 - INFO - ================================================================================
2025-08-15 17:03:02,077 - INFO - 
CONFIGURATION OVERRIDES APPLIED:
2025-08-15 17:03:02,077 - INFO -   num_episodes: 400
2025-08-15 17:03:02,077 - INFO -   episode_length: 200
2025-08-15 17:03:02,077 - INFO -   max_steps: 200
2025-08-15 17:03:02,078 - INFO -   excitation_steps: 7500
2025-08-15 17:03:02,078 - INFO -   excitation_amplitude: 0.2
2025-08-15 17:03:02,078 - INFO -   log_interval: 50
2025-08-15 17:03:02,078 - INFO -   save_interval: 200
2025-08-15 17:03:02,078 - INFO -   gui: False
2025-08-15 17:03:02,078 - INFO -   record: False
2025-08-15 17:03:02,078 - INFO -   normalize_states: True
2025-08-15 17:03:02,078 - INFO -   record_best_episodes: True
2025-08-15 17:03:02,078 - INFO -   lr_critic: 0.01
2025-08-15 17:03:02,078 - INFO -   lr_actor: 0.005
2025-08-15 17:03:02,078 - INFO -   hidden_layer_size: [64, 64, 32]
2025-08-15 17:03:02,078 - INFO -   gamma: 0.95
2025-08-15 17:03:02,078 - INFO -   update_cycles: 2
2025-08-15 17:03:02,078 - INFO -   tau: 0.001
2025-08-15 17:03:02,078 - INFO - 
==================================================
2025-08-15 17:03:02,078 - INFO - STARTING DHP TRAINING FOR PENDULUM
2025-08-15 17:03:02,078 - INFO - ==================================================
2025-08-15 17:03:02,081 - WARNING - From /home/osos/Mohamed_Masters_Thesis/msc-thesis/agents/dhp.py:70: The name tf.Session is deprecated. Please use tf.compat.v1.Session instead.

2025-08-15 17:03:02,199 - WARNING - From /home/osos/Mohamed_Masters_Thesis/msc-thesis/agents/dhp.py:100: The name tf.placeholder is deprecated. Please use tf.compat.v1.placeholder instead.

2025-08-15 17:03:02,202 - WARNING - From /home/osos/Mohamed_Masters_Thesis/msc-thesis/agents/dhp.py:102: The name tf.placeholder_with_default is deprecated. Please use tf.compat.v1.placeholder_with_default instead.

2025-08-15 17:03:02,205 - WARNING - From /home/osos/Mohamed_Masters_Thesis/msc-thesis/agents/dhp.py:124: The name tf.variable_scope is deprecated. Please use tf.compat.v1.variable_scope instead.

2025-08-15 17:03:02,205 - WARNING - From /home/osos/Mohamed_Masters_Thesis/msc-thesis/agents/dhp.py:128: dense (from tensorflow.python.layers.core) is deprecated and will be removed in a future version.
Instructions for updating:
Use keras.layers.Dense instead.
2025-08-15 17:03:02,206 - WARNING - From /home/osos/anaconda3/envs/DHP/lib/python3.7/site-packages/tensorflow_core/python/layers/core.py:187: Layer.apply (from tensorflow.python.keras.engine.base_layer) is deprecated and will be removed in a future version.
Instructions for updating:
Please use `layer.__call__` method instead.
2025-08-15 17:03:02,241 - WARNING - From /home/osos/Mohamed_Masters_Thesis/msc-thesis/agents/dhp.py:133: The name tf.trainable_variables is deprecated. Please use tf.compat.v1.trainable_variables instead.

2025-08-15 17:03:02,254 - WARNING - From /home/osos/Mohamed_Masters_Thesis/msc-thesis/agents/dhp.py:139: The name tf.train.GradientDescentOptimizer is deprecated. Please use tf.compat.v1.train.GradientDescentOptimizer instead.

2025-08-15 17:03:02,282 - WARNING - From /home/osos/Mohamed_Masters_Thesis/msc-thesis/agents/dhp.py:156: The name tf.assign is deprecated. Please use tf.compat.v1.assign instead.

2025-08-15 17:03:02,343 - WARNING - From /home/osos/Mohamed_Masters_Thesis/msc-thesis/agents/dhp.py:79: The name tf.summary.merge_all is deprecated. Please use tf.compat.v1.summary.merge_all instead.

2025-08-15 17:03:02,343 - WARNING - From /home/osos/Mohamed_Masters_Thesis/msc-thesis/agents/dhp.py:80: The name tf.train.Saver is deprecated. Please use tf.compat.v1.train.Saver instead.

2025-08-15 17:03:02,354 - WARNING - From /home/osos/Mohamed_Masters_Thesis/msc-thesis/agents/dhp.py:81: The name tf.global_variables_initializer is deprecated. Please use tf.compat.v1.global_variables_initializer instead.

2025-08-15 17:03:02,399 - INFO - 
Training for 400 episodes...
2025-08-15 17:03:02,399 - INFO - Episode | Reward  | Avg Cost | Pos Error | Success | Time
2025-08-15 17:03:02,400 - INFO - ------------------------------------------------------------
2025-08-15 17:03:03,764 - INFO - CONVERGENCE EPISODE 0: 0.0634 rad
2025-08-15 17:03:03,764 - INFO -       0 | -730.35 |   67.004 |    0.0634 |   1.000 |    1.4s
2025-08-15 17:03:04,914 - INFO - CONVERGENCE EPISODE 1: 0.4602 rad
2025-08-15 17:03:08,947 - INFO - CONVERGENCE EPISODE 5: 0.1791 rad
2025-08-15 17:03:18,871 - INFO - CONVERGENCE EPISODE 15: 0.4934 rad
2025-08-15 17:03:21,997 - INFO -      50 |    0.00 |    1.000 |   10.0000 |   0.000 |   19.6s
2025-08-15 17:03:22,062 - INFO - 
2025-08-15 17:03:22,062 - INFO - MILESTONE 100 ANALYSIS:
2025-08-15 17:03:22,062 - INFO -   Recent 50 episodes avg position error: 10.0000 ± 0.0000 rad
2025-08-15 17:03:22,062 - INFO -   Recent 50 episodes avg cost: 3.007
2025-08-15 17:03:22,062 - INFO -   Recent 50 episodes success rate: 0.00%
2025-08-15 17:03:22,063 - INFO -   Convergent episodes ratio (< 0.5 rad): 0.00%
2025-08-15 17:03:22,063 - INFO -   Total convergent episodes so far: 4
2025-08-15 17:03:22,063 - INFO -   Best performance: 0.0634 rad at episode 0
2025-08-15 17:03:22,063 - INFO -   Stable performance not yet achieved
2025-08-15 17:03:22,063 - INFO - 
2025-08-15 17:03:22,063 - INFO -     100 |    0.00 |    1.000 |   10.0000 |   0.000 |   19.7s
2025-08-15 17:03:22,107 - INFO -     150 |    0.00 |    1.000 |   10.0000 |   0.000 |   19.7s
2025-08-15 17:03:22,206 - INFO -     200 |   -2.84 |   48.601 |   10.0000 |   0.000 |   19.8s
2025-08-15 17:03:22,294 - INFO - 
2025-08-15 17:03:22,294 - INFO - MILESTONE 250 ANALYSIS:
2025-08-15 17:03:22,294 - INFO -   Recent 50 episodes avg position error: 10.0000 ± 0.0000 rad
2025-08-15 17:03:22,294 - INFO -   Recent 50 episodes avg cost: 3.623
2025-08-15 17:03:22,294 - INFO -   Recent 50 episodes success rate: 0.00%
2025-08-15 17:03:22,294 - INFO -   Convergent episodes ratio (< 0.5 rad): 0.00%
2025-08-15 17:03:22,295 - INFO -   Total convergent episodes so far: 4
2025-08-15 17:03:22,295 - INFO -   Best performance: 0.0634 rad at episode 0
2025-08-15 17:03:22,295 - INFO -   Stable performance not yet achieved
2025-08-15 17:03:22,295 - INFO - 
2025-08-15 17:03:22,295 - INFO -     250 |    0.00 |    1.000 |   10.0000 |   0.000 |   19.9s
2025-08-15 17:03:22,335 - INFO -     300 |    0.00 |    1.000 |   10.0000 |   0.000 |   19.9s
2025-08-15 17:03:22,401 - INFO -     350 |    0.00 |    1.000 |   10.0000 |   0.000 |   20.0s
2025-08-15 17:03:22,466 - INFO - 
================================================================================
2025-08-15 17:03:22,466 - INFO - TRAINING COMPLETED - FINAL ANALYSIS
2025-08-15 17:03:22,466 - INFO - ================================================================================
2025-08-15 17:03:22,466 - INFO - Total training time: 20.1 seconds (0.3 minutes)
2025-08-15 17:03:22,466 - INFO - Final episode reward: 0.00
2025-08-15 17:03:22,466 - INFO - Final position error: 10.0000 rad
2025-08-15 17:03:22,466 - INFO - Final success rate: 0.000
2025-08-15 17:03:22,466 - INFO - Best position error achieved: 0.0634 rad at episode 0
2025-08-15 17:03:22,467 - INFO - Total convergent episodes (< 0.5 rad): 4/400 (1.00%)
2025-08-15 17:03:22,467 - INFO - Recent success rate (last 100 episodes): 0.00%
2025-08-15 17:03:22,467 - INFO - Stable performance achieved: No
2025-08-15 17:03:22,467 - INFO - Position error statistics:
2025-08-15 17:03:22,467 - INFO -   Mean: 9.5917 rad (549.6°)
2025-08-15 17:03:22,467 - INFO -   Std:  1.8360 rad (105.2°)
2025-08-15 17:03:22,467 - INFO -   Min:  0.0634 rad (3.6°)
2025-08-15 17:03:22,467 - INFO -   Max:  10.0000 rad (573.0°)
2025-08-15 17:03:22,468 - INFO -   Median: 10.0000 rad (573.0°)
2025-08-15 17:03:22,468 - INFO - Performance distribution:
2025-08-15 17:03:22,468 - INFO -   Excellent (< 0.1 rad / 5.7°): 1 episodes (0.2%)
2025-08-15 17:03:22,468 - INFO -   Good (0.1-0.3 rad / 5.7°-17.2°): 1 episodes (0.2%)
2025-08-15 17:03:22,468 - INFO -   Acceptable (0.3-0.5 rad / 17.2°-28.6°): 2 episodes (0.5%)
2025-08-15 17:03:22,468 - INFO -   Poor (> 0.5 rad / 28.6°): 396 episodes (99.0%)
2025-08-15 17:03:22,468 - INFO - 
TRAINING CONFIGURATION EFFECTIVENESS:
2025-08-15 17:03:22,468 - INFO - ----------------------------------------
2025-08-15 17:03:22,468 - INFO - Episodes needed for first convergence: 0
2025-08-15 17:03:22,468 - INFO - Excitation phase ended at episode: 37
2025-08-15 17:03:22,477 - INFO - Training metrics saved to: /home/osos/Mohamed_Masters_Thesis/DHP_pendulum/training_logs/dhp_pendulum_metrics_20250815_170322.json
2025-08-15 17:03:22,477 - INFO - 
BEST MODEL CONFIRMED:
2025-08-15 17:03:22,477 - INFO -   Episode: 0
2025-08-15 17:03:22,477 - INFO -   Position Error: 0.0634 rad (3.6°)
2025-08-15 17:03:22,477 - INFO -   Model files: dhp_pendulum_best_*
2025-08-15 17:03:22,477 - INFO - ================================================================================
2025-08-15 17:03:22,477 - INFO - TRAINING SESSION COMPLETED
2025-08-15 17:03:22,477 - INFO - Detailed log saved to: /home/osos/Mohamed_Masters_Thesis/DHP_pendulum/training_logs/dhp_pendulum_training_20250815_170302.log
2025-08-15 17:03:22,477 - INFO - ================================================================================
