2025-08-15 16:38:55,505 - INFO - ================================================================================
2025-08-15 16:38:55,505 - INFO - DHP PENDULUM TRAINING SESSION STARTED
2025-08-15 16:38:55,505 - INFO - ================================================================================
2025-08-15 16:38:55,505 - INFO - HYPERPARAMETERS:
2025-08-15 16:38:55,505 - INFO - ----------------------------------------
2025-08-15 16:38:55,505 - INFO - action_size              : 1
2025-08-15 16:38:55,505 - INFO - activation               : tanh
2025-08-15 16:38:55,505 - INFO - best_episode_gui         : False
2025-08-15 16:38:55,505 - INFO - episode_length           : 200
2025-08-15 16:38:55,505 - INFO - excitation_amplitude     : 0.2
2025-08-15 16:38:55,505 - INFO - excitation_steps         : 7500
2025-08-15 16:38:55,505 - INFO - fixed_target             : None
2025-08-15 16:38:55,505 - INFO - gamma                    : 0.95
2025-08-15 16:38:55,505 - INFO - gui                      : False
2025-08-15 16:38:55,505 - INFO - hidden_layer_size        : [64, 64, 32]
2025-08-15 16:38:55,506 - INFO - log_interval             : 50
2025-08-15 16:38:55,506 - INFO - lr_actor                 : 0.005
2025-08-15 16:38:55,506 - INFO - lr_critic                : 0.01
2025-08-15 16:38:55,506 - INFO - max_steps                : 200
2025-08-15 16:38:55,506 - INFO - normalize_states         : True
2025-08-15 16:38:55,506 - INFO - num_episodes             : 1500
2025-08-15 16:38:55,506 - INFO - predict_delta            : False
2025-08-15 16:38:55,506 - INFO - record                   : False
2025-08-15 16:38:55,506 - INFO - record_best_episodes     : True
2025-08-15 16:38:55,506 - INFO - recording_fps            : 30
2025-08-15 16:38:55,506 - INFO - reference_size           : 3
2025-08-15 16:38:55,506 - INFO - rls_action_size          : 1
2025-08-15 16:38:55,506 - INFO - rls_covariance           : 100.0
2025-08-15 16:38:55,506 - INFO - rls_gamma                : 0.9995
2025-08-15 16:38:55,506 - INFO - rls_state_size           : 3
2025-08-15 16:38:55,506 - INFO - save_interval            : 200
2025-08-15 16:38:55,506 - INFO - split                    : False
2025-08-15 16:38:55,506 - INFO - state_bounds             : {'cos_theta': [-1.0, 1.0], 'sin_theta': [-1.0, 1.0], 'theta_dot': [-8.0, 8.0]}
2025-08-15 16:38:55,506 - INFO - state_size               : 3
2025-08-15 16:38:55,506 - INFO - target_network           : True
2025-08-15 16:38:55,506 - INFO - tau                      : 0.001
2025-08-15 16:38:55,506 - INFO - update_cycles            : 2
2025-08-15 16:38:55,506 - INFO - ----------------------------------------
2025-08-15 16:38:55,506 - INFO - Log file: /home/osos/Mohamed_Masters_Thesis/DHP_pendulum/training_logs/dhp_pendulum_training_20250815_163855.log
2025-08-15 16:38:55,506 - INFO - ================================================================================
2025-08-15 16:38:55,506 - INFO - 
CONFIGURATION OVERRIDES APPLIED:
2025-08-15 16:38:55,507 - INFO -   num_episodes: 400
2025-08-15 16:38:55,507 - INFO -   episode_length: 200
2025-08-15 16:38:55,507 - INFO -   max_steps: 200
2025-08-15 16:38:55,507 - INFO -   excitation_steps: 7500
2025-08-15 16:38:55,507 - INFO -   excitation_amplitude: 0.2
2025-08-15 16:38:55,507 - INFO -   log_interval: 50
2025-08-15 16:38:55,507 - INFO -   save_interval: 200
2025-08-15 16:38:55,507 - INFO -   gui: False
2025-08-15 16:38:55,507 - INFO -   record: False
2025-08-15 16:38:55,507 - INFO -   normalize_states: True
2025-08-15 16:38:55,507 - INFO -   record_best_episodes: True
2025-08-15 16:38:55,507 - INFO -   lr_critic: 0.001
2025-08-15 16:38:55,507 - INFO -   lr_actor: 0.0005
2025-08-15 16:38:55,507 - INFO -   hidden_layer_size: [64, 64, 32]
2025-08-15 16:38:55,507 - INFO -   gamma: 0.95
2025-08-15 16:38:55,507 - INFO -   update_cycles: 2
2025-08-15 16:38:55,508 - INFO -   tau: 0.001
2025-08-15 16:38:55,508 - INFO - 
==================================================
2025-08-15 16:38:55,508 - INFO - STARTING DHP TRAINING FOR PENDULUM
2025-08-15 16:38:55,508 - INFO - ==================================================
2025-08-15 16:38:55,511 - WARNING - From /home/osos/Mohamed_Masters_Thesis/msc-thesis/agents/dhp.py:70: The name tf.Session is deprecated. Please use tf.compat.v1.Session instead.

2025-08-15 16:38:55,619 - WARNING - From /home/osos/Mohamed_Masters_Thesis/msc-thesis/agents/dhp.py:100: The name tf.placeholder is deprecated. Please use tf.compat.v1.placeholder instead.

2025-08-15 16:38:55,620 - WARNING - From /home/osos/Mohamed_Masters_Thesis/msc-thesis/agents/dhp.py:102: The name tf.placeholder_with_default is deprecated. Please use tf.compat.v1.placeholder_with_default instead.

2025-08-15 16:38:55,622 - WARNING - From /home/osos/Mohamed_Masters_Thesis/msc-thesis/agents/dhp.py:124: The name tf.variable_scope is deprecated. Please use tf.compat.v1.variable_scope instead.

2025-08-15 16:38:55,623 - WARNING - From /home/osos/Mohamed_Masters_Thesis/msc-thesis/agents/dhp.py:128: dense (from tensorflow.python.layers.core) is deprecated and will be removed in a future version.
Instructions for updating:
Use keras.layers.Dense instead.
2025-08-15 16:38:55,623 - WARNING - From /home/osos/anaconda3/envs/DHP/lib/python3.7/site-packages/tensorflow_core/python/layers/core.py:187: Layer.apply (from tensorflow.python.keras.engine.base_layer) is deprecated and will be removed in a future version.
Instructions for updating:
Please use `layer.__call__` method instead.
2025-08-15 16:38:55,651 - WARNING - From /home/osos/Mohamed_Masters_Thesis/msc-thesis/agents/dhp.py:133: The name tf.trainable_variables is deprecated. Please use tf.compat.v1.trainable_variables instead.

2025-08-15 16:38:55,662 - WARNING - From /home/osos/Mohamed_Masters_Thesis/msc-thesis/agents/dhp.py:139: The name tf.train.GradientDescentOptimizer is deprecated. Please use tf.compat.v1.train.GradientDescentOptimizer instead.

2025-08-15 16:38:55,691 - WARNING - From /home/osos/Mohamed_Masters_Thesis/msc-thesis/agents/dhp.py:156: The name tf.assign is deprecated. Please use tf.compat.v1.assign instead.

2025-08-15 16:38:55,754 - WARNING - From /home/osos/Mohamed_Masters_Thesis/msc-thesis/agents/dhp.py:79: The name tf.summary.merge_all is deprecated. Please use tf.compat.v1.summary.merge_all instead.

2025-08-15 16:38:55,754 - WARNING - From /home/osos/Mohamed_Masters_Thesis/msc-thesis/agents/dhp.py:80: The name tf.train.Saver is deprecated. Please use tf.compat.v1.train.Saver instead.

2025-08-15 16:38:55,766 - WARNING - From /home/osos/Mohamed_Masters_Thesis/msc-thesis/agents/dhp.py:81: The name tf.global_variables_initializer is deprecated. Please use tf.compat.v1.global_variables_initializer instead.

2025-08-15 16:38:55,809 - INFO - 
Training for 400 episodes...
2025-08-15 16:38:55,810 - INFO - Episode | Reward  | Avg Cost | Pos Error | Success | Time
2025-08-15 16:38:55,810 - INFO - ------------------------------------------------------------
2025-08-15 16:38:57,321 - INFO -       0 | -330.20 |   22.573 |    0.7602 |   0.000 |    1.5s
2025-08-15 16:39:02,490 - INFO - CONVERGENCE EPISODE 5: 0.1275 rad
2025-08-15 16:39:04,577 - INFO - CONVERGENCE EPISODE 7: 0.2541 rad
2025-08-15 16:39:28,667 - INFO - CONVERGENCE EPISODE 31: 0.3738 rad
2025-08-15 16:39:29,735 - INFO - CONVERGENCE EPISODE 32: 0.0704 rad
2025-08-15 16:39:36,691 - INFO - CONVERGENCE EPISODE 39: 0.4752 rad
2025-08-15 16:39:37,788 - INFO - CONVERGENCE EPISODE 40: 0.3865 rad
2025-08-15 16:39:47,755 - INFO -      50 | -1085.83 |   58.065 |    1.7018 |   0.000 |   51.9s
2025-08-15 16:40:03,839 - INFO - CONVERGENCE EPISODE 65: 0.3416 rad
2025-08-15 16:40:08,311 - INFO - CONVERGENCE EPISODE 69: 0.3253 rad
2025-08-15 16:40:26,221 - INFO - CONVERGENCE EPISODE 86: 0.2944 rad
2025-08-15 16:40:29,461 - INFO - CONVERGENCE EPISODE 89: 0.3388 rad
2025-08-15 16:40:30,565 - INFO - CONVERGENCE EPISODE 90: 0.2669 rad
2025-08-15 16:40:37,638 - INFO - CONVERGENCE EPISODE 97: 0.0282 rad
2025-08-15 16:40:38,702 - INFO - CONVERGENCE EPISODE 98: 0.4954 rad
2025-08-15 16:40:41,372 - INFO - 
2025-08-15 16:40:41,372 - INFO - MILESTONE 100 ANALYSIS:
2025-08-15 16:40:41,373 - INFO -   Recent 50 episodes avg position error: 1.5234 ± 0.9187 rad
2025-08-15 16:40:41,373 - INFO -   Recent 50 episodes avg cost: 42.803
2025-08-15 16:40:41,373 - INFO -   Recent 50 episodes success rate: 2.00%
2025-08-15 16:40:41,373 - INFO -   Convergent episodes ratio (< 0.5 rad): 14.00%
2025-08-15 16:40:41,373 - INFO -   Total convergent episodes so far: 13
2025-08-15 16:40:41,373 - INFO -   Best performance: 0.0282 rad at episode 97
2025-08-15 16:40:41,373 - INFO -   Stable performance not yet achieved
2025-08-15 16:40:41,373 - INFO - 
2025-08-15 16:40:41,373 - INFO -     100 | -290.61 |   18.574 |    0.6931 |   0.000 |  105.6s
2025-08-15 16:40:49,918 - INFO - CONVERGENCE EPISODE 106: 0.4980 rad
2025-08-15 16:40:54,694 - INFO - CONVERGENCE EPISODE 110: 0.2260 rad
2025-08-15 16:40:57,050 - INFO - CONVERGENCE EPISODE 112: 0.3743 rad
