2025-08-15 02:43:16,221 - INFO - ================================================================================
2025-08-15 02:43:16,221 - INFO - DHP PENDULUM TRAINING SESSION STARTED
2025-08-15 02:43:16,221 - INFO - ================================================================================
2025-08-15 02:43:16,221 - INFO - HYPERPARAMETERS:
2025-08-15 02:43:16,221 - INFO - ----------------------------------------
2025-08-15 02:43:16,221 - INFO - action_size              : 1
2025-08-15 02:43:16,221 - INFO - activation               : tanh
2025-08-15 02:43:16,221 - INFO - best_episode_gui         : False
2025-08-15 02:43:16,221 - INFO - episode_length           : 200
2025-08-15 02:43:16,221 - INFO - excitation_amplitude     : 0.2
2025-08-15 02:43:16,221 - INFO - excitation_steps         : 7500
2025-08-15 02:43:16,221 - INFO - fixed_target             : None
2025-08-15 02:43:16,222 - INFO - gamma                    : 0.95
2025-08-15 02:43:16,222 - INFO - gui                      : False
2025-08-15 02:43:16,222 - INFO - hidden_layer_size        : [64, 64, 32]
2025-08-15 02:43:16,222 - INFO - log_interval             : 50
2025-08-15 02:43:16,222 - INFO - lr_actor                 : 0.005
2025-08-15 02:43:16,222 - INFO - lr_critic                : 0.01
2025-08-15 02:43:16,222 - INFO - max_steps                : 200
2025-08-15 02:43:16,222 - INFO - normalize_states         : True
2025-08-15 02:43:16,222 - INFO - num_episodes             : 1500
2025-08-15 02:43:16,222 - INFO - predict_delta            : False
2025-08-15 02:43:16,222 - INFO - record                   : False
2025-08-15 02:43:16,222 - INFO - record_best_episodes     : True
2025-08-15 02:43:16,222 - INFO - recording_fps            : 30
2025-08-15 02:43:16,222 - INFO - reference_size           : 3
2025-08-15 02:43:16,222 - INFO - rls_action_size          : 1
2025-08-15 02:43:16,222 - INFO - rls_covariance           : 100.0
2025-08-15 02:43:16,222 - INFO - rls_gamma                : 0.9995
2025-08-15 02:43:16,222 - INFO - rls_state_size           : 3
2025-08-15 02:43:16,222 - INFO - save_interval            : 200
2025-08-15 02:43:16,222 - INFO - split                    : False
2025-08-15 02:43:16,222 - INFO - state_bounds             : {'cos_theta': [-1.0, 1.0], 'sin_theta': [-1.0, 1.0], 'theta_dot': [-8.0, 8.0]}
2025-08-15 02:43:16,222 - INFO - state_size               : 3
2025-08-15 02:43:16,222 - INFO - target_network           : True
2025-08-15 02:43:16,222 - INFO - tau                      : 0.001
2025-08-15 02:43:16,222 - INFO - update_cycles            : 2
2025-08-15 02:43:16,222 - INFO - ----------------------------------------
2025-08-15 02:43:16,222 - INFO - Log file: /home/osos/Mohamed_Masters_Thesis/DHP_pendulum/training_logs/dhp_pendulum_training_20250815_024316.log
2025-08-15 02:43:16,222 - INFO - ================================================================================
2025-08-15 02:43:16,223 - INFO - 
CONFIGURATION OVERRIDES APPLIED:
2025-08-15 02:43:16,223 - INFO -   num_episodes: 400
2025-08-15 02:43:16,223 - INFO -   episode_length: 200
2025-08-15 02:43:16,223 - INFO -   max_steps: 200
2025-08-15 02:43:16,223 - INFO -   excitation_steps: 7500
2025-08-15 02:43:16,223 - INFO -   excitation_amplitude: 0.2
2025-08-15 02:43:16,223 - INFO -   log_interval: 50
2025-08-15 02:43:16,223 - INFO -   save_interval: 200
2025-08-15 02:43:16,223 - INFO -   gui: False
2025-08-15 02:43:16,223 - INFO -   record: False
2025-08-15 02:43:16,223 - INFO -   normalize_states: True
2025-08-15 02:43:16,223 - INFO -   record_best_episodes: True
2025-08-15 02:43:16,223 - INFO -   lr_critic: 0.001
2025-08-15 02:43:16,223 - INFO -   lr_actor: 0.0005
2025-08-15 02:43:16,223 - INFO -   hidden_layer_size: [64, 64, 32]
2025-08-15 02:43:16,223 - INFO -   gamma: 0.95
2025-08-15 02:43:16,223 - INFO -   update_cycles: 2
2025-08-15 02:43:16,223 - INFO -   tau: 0.001
2025-08-15 02:43:16,223 - INFO - 
==================================================
2025-08-15 02:43:16,223 - INFO - STARTING DHP TRAINING FOR PENDULUM
2025-08-15 02:43:16,223 - INFO - ==================================================
2025-08-15 02:43:16,226 - WARNING - From /home/osos/Mohamed_Masters_Thesis/msc-thesis/agents/dhp.py:70: The name tf.Session is deprecated. Please use tf.compat.v1.Session instead.

2025-08-15 02:43:16,339 - WARNING - From /home/osos/Mohamed_Masters_Thesis/msc-thesis/agents/dhp.py:100: The name tf.placeholder is deprecated. Please use tf.compat.v1.placeholder instead.

2025-08-15 02:43:16,340 - WARNING - From /home/osos/Mohamed_Masters_Thesis/msc-thesis/agents/dhp.py:102: The name tf.placeholder_with_default is deprecated. Please use tf.compat.v1.placeholder_with_default instead.

2025-08-15 02:43:16,343 - WARNING - From /home/osos/Mohamed_Masters_Thesis/msc-thesis/agents/dhp.py:124: The name tf.variable_scope is deprecated. Please use tf.compat.v1.variable_scope instead.

2025-08-15 02:43:16,344 - WARNING - From /home/osos/Mohamed_Masters_Thesis/msc-thesis/agents/dhp.py:128: dense (from tensorflow.python.layers.core) is deprecated and will be removed in a future version.
Instructions for updating:
Use keras.layers.Dense instead.
2025-08-15 02:43:16,345 - WARNING - From /home/osos/anaconda3/envs/DHP/lib/python3.7/site-packages/tensorflow_core/python/layers/core.py:187: Layer.apply (from tensorflow.python.keras.engine.base_layer) is deprecated and will be removed in a future version.
Instructions for updating:
Please use `layer.__call__` method instead.
2025-08-15 02:43:16,382 - WARNING - From /home/osos/Mohamed_Masters_Thesis/msc-thesis/agents/dhp.py:133: The name tf.trainable_variables is deprecated. Please use tf.compat.v1.trainable_variables instead.

2025-08-15 02:43:16,397 - WARNING - From /home/osos/Mohamed_Masters_Thesis/msc-thesis/agents/dhp.py:139: The name tf.train.GradientDescentOptimizer is deprecated. Please use tf.compat.v1.train.GradientDescentOptimizer instead.

2025-08-15 02:43:16,435 - WARNING - From /home/osos/Mohamed_Masters_Thesis/msc-thesis/agents/dhp.py:156: The name tf.assign is deprecated. Please use tf.compat.v1.assign instead.

2025-08-15 02:43:16,518 - WARNING - From /home/osos/Mohamed_Masters_Thesis/msc-thesis/agents/dhp.py:79: The name tf.summary.merge_all is deprecated. Please use tf.compat.v1.summary.merge_all instead.

2025-08-15 02:43:16,519 - WARNING - From /home/osos/Mohamed_Masters_Thesis/msc-thesis/agents/dhp.py:80: The name tf.train.Saver is deprecated. Please use tf.compat.v1.train.Saver instead.

2025-08-15 02:43:16,531 - WARNING - From /home/osos/Mohamed_Masters_Thesis/msc-thesis/agents/dhp.py:81: The name tf.global_variables_initializer is deprecated. Please use tf.compat.v1.global_variables_initializer instead.

2025-08-15 02:43:16,589 - INFO - 
Training for 400 episodes...
2025-08-15 02:43:16,589 - INFO - Episode | Reward  | Avg Cost | Pos Error | Success | Time
2025-08-15 02:43:16,589 - INFO - ------------------------------------------------------------
