2025-08-16 16:14:23,500 - INFO - ================================================================================
2025-08-16 16:14:23,500 - INFO - DHP PENDULUM TRAINING SESSION STARTED
2025-08-16 16:14:23,500 - INFO - ================================================================================
2025-08-16 16:14:23,501 - INFO - HYPERPARAMETERS:
2025-08-16 16:14:23,501 - INFO - ----------------------------------------
2025-08-16 16:14:23,501 - INFO - action_size              : 1
2025-08-16 16:14:23,501 - INFO - activation               : tanh
2025-08-16 16:14:23,501 - INFO - best_episode_gui         : False
2025-08-16 16:14:23,501 - INFO - episode_length           : 200
2025-08-16 16:14:23,501 - INFO - excitation_amplitude     : 0.2
2025-08-16 16:14:23,501 - INFO - excitation_steps         : 7500
2025-08-16 16:14:23,501 - INFO - gamma                    : 0.95
2025-08-16 16:14:23,501 - INFO - gui                      : False
2025-08-16 16:14:23,501 - INFO - hidden_layer_size        : [64, 64, 32]
2025-08-16 16:14:23,501 - INFO - log_interval             : 50
2025-08-16 16:14:23,501 - INFO - lr_actor                 : 0.005
2025-08-16 16:14:23,501 - INFO - lr_critic                : 0.01
2025-08-16 16:14:23,501 - INFO - max_steps                : 200
2025-08-16 16:14:23,501 - INFO - normalize_states         : True
2025-08-16 16:14:23,501 - INFO - num_episodes             : 1500
2025-08-16 16:14:23,501 - INFO - predict_delta            : False
2025-08-16 16:14:23,501 - INFO - record                   : False
2025-08-16 16:14:23,501 - INFO - record_best_episodes     : True
2025-08-16 16:14:23,501 - INFO - recording_fps            : 30
2025-08-16 16:14:23,501 - INFO - reference_size           : 2
2025-08-16 16:14:23,501 - INFO - render_best_only         : True
2025-08-16 16:14:23,501 - INFO - render_episode_steps     : 50
2025-08-16 16:14:23,501 - INFO - render_frequency         : 10
2025-08-16 16:14:23,501 - INFO - render_realtime          : False
2025-08-16 16:14:23,501 - INFO - render_training          : False
2025-08-16 16:14:23,501 - INFO - rls_action_size          : 1
2025-08-16 16:14:23,502 - INFO - rls_covariance           : 100.0
2025-08-16 16:14:23,502 - INFO - rls_gamma                : 0.9995
2025-08-16 16:14:23,502 - INFO - rls_state_size           : 2
2025-08-16 16:14:23,502 - INFO - save_interval            : 200
2025-08-16 16:14:23,502 - INFO - split                    : False
2025-08-16 16:14:23,502 - INFO - state_bounds             : {'theta': [-3.141592653589793, 3.141592653589793], 'theta_dot': [-8.0, 8.0]}
2025-08-16 16:14:23,502 - INFO - state_size               : 2
2025-08-16 16:14:23,502 - INFO - target_network           : True
2025-08-16 16:14:23,502 - INFO - tau                      : 0.001
2025-08-16 16:14:23,502 - INFO - update_cycles            : 2
2025-08-16 16:14:23,502 - INFO - ----------------------------------------
2025-08-16 16:14:23,502 - INFO - Log file: /home/osos/Mohamed_Masters_Thesis/DHP_pendulum/training_logs/dhp_pendulum_training_20250816_161423.log
2025-08-16 16:14:23,502 - INFO - ================================================================================
2025-08-16 16:14:23,502 - INFO - 
==================================================
2025-08-16 16:14:23,502 - INFO - STARTING DHP TRAINING FOR PENDULUM
2025-08-16 16:14:23,502 - INFO - ==================================================
2025-08-16 16:14:23,504 - WARNING - From /home/osos/Mohamed_Masters_Thesis/msc-thesis/agents/dhp.py:70: The name tf.Session is deprecated. Please use tf.compat.v1.Session instead.

2025-08-16 16:14:23,632 - WARNING - From /home/osos/Mohamed_Masters_Thesis/msc-thesis/agents/dhp.py:100: The name tf.placeholder is deprecated. Please use tf.compat.v1.placeholder instead.

2025-08-16 16:14:23,639 - WARNING - From /home/osos/Mohamed_Masters_Thesis/msc-thesis/agents/dhp.py:102: The name tf.placeholder_with_default is deprecated. Please use tf.compat.v1.placeholder_with_default instead.

2025-08-16 16:14:23,648 - WARNING - From /home/osos/Mohamed_Masters_Thesis/msc-thesis/agents/dhp.py:124: The name tf.variable_scope is deprecated. Please use tf.compat.v1.variable_scope instead.

2025-08-16 16:14:23,649 - WARNING - From /home/osos/Mohamed_Masters_Thesis/msc-thesis/agents/dhp.py:128: dense (from tensorflow.python.layers.core) is deprecated and will be removed in a future version.
Instructions for updating:
Use keras.layers.Dense instead.
2025-08-16 16:14:23,650 - WARNING - From /home/osos/anaconda3/envs/DHP/lib/python3.7/site-packages/tensorflow_core/python/layers/core.py:187: Layer.apply (from tensorflow.python.keras.engine.base_layer) is deprecated and will be removed in a future version.
Instructions for updating:
Please use `layer.__call__` method instead.
2025-08-16 16:14:23,693 - WARNING - From /home/osos/Mohamed_Masters_Thesis/msc-thesis/agents/dhp.py:133: The name tf.trainable_variables is deprecated. Please use tf.compat.v1.trainable_variables instead.

2025-08-16 16:14:23,709 - WARNING - From /home/osos/Mohamed_Masters_Thesis/msc-thesis/agents/dhp.py:139: The name tf.train.GradientDescentOptimizer is deprecated. Please use tf.compat.v1.train.GradientDescentOptimizer instead.

2025-08-16 16:14:23,752 - WARNING - From /home/osos/Mohamed_Masters_Thesis/msc-thesis/agents/dhp.py:156: The name tf.assign is deprecated. Please use tf.compat.v1.assign instead.

2025-08-16 16:14:23,849 - WARNING - From /home/osos/Mohamed_Masters_Thesis/msc-thesis/agents/dhp.py:79: The name tf.summary.merge_all is deprecated. Please use tf.compat.v1.summary.merge_all instead.

2025-08-16 16:14:23,849 - WARNING - From /home/osos/Mohamed_Masters_Thesis/msc-thesis/agents/dhp.py:80: The name tf.train.Saver is deprecated. Please use tf.compat.v1.train.Saver instead.

2025-08-16 16:14:23,865 - WARNING - From /home/osos/Mohamed_Masters_Thesis/msc-thesis/agents/dhp.py:81: The name tf.global_variables_initializer is deprecated. Please use tf.compat.v1.global_variables_initializer instead.

2025-08-16 16:14:23,932 - INFO - 
Training for 1000 episodes...
2025-08-16 16:14:23,932 - INFO - Episode | Reward  | Avg Cost | Pos Error | Success | Time
2025-08-16 16:14:23,932 - INFO - ------------------------------------------------------------
2025-08-16 16:14:50,857 - INFO -       0 | -15311.26 | 12138.725 |    2.8872 |   0.000 |   26.9s
