2025-08-15 19:59:43,821 - INFO - ================================================================================
2025-08-15 19:59:43,821 - INFO - DHP PENDULUM TRAINING SESSION STARTED
2025-08-15 19:59:43,821 - INFO - ================================================================================
2025-08-15 19:59:43,821 - INFO - HYPERPARAMETERS:
2025-08-15 19:59:43,821 - INFO - ----------------------------------------
2025-08-15 19:59:43,821 - INFO - action_size              : 1
2025-08-15 19:59:43,821 - INFO - activation               : relu
2025-08-15 19:59:43,821 - INFO - best_episode_gui         : False
2025-08-15 19:59:43,821 - INFO - episode_length           : 200
2025-08-15 19:59:43,821 - INFO - excitation_amplitude     : 0.2
2025-08-15 19:59:43,821 - INFO - excitation_steps         : 7500
2025-08-15 19:59:43,821 - INFO - fixed_target             : 0
2025-08-15 19:59:43,821 - INFO - gamma                    : 0.95
2025-08-15 19:59:43,821 - INFO - gui                      : False
2025-08-15 19:59:43,821 - INFO - hidden_layer_size        : [64, 64, 32]
2025-08-15 19:59:43,821 - INFO - log_interval             : 50
2025-08-15 19:59:43,821 - INFO - lr_actor                 : 0.005
2025-08-15 19:59:43,821 - INFO - lr_critic                : 0.01
2025-08-15 19:59:43,822 - INFO - max_steps                : 200
2025-08-15 19:59:43,822 - INFO - normalize_states         : True
2025-08-15 19:59:43,822 - INFO - num_episodes             : 1500
2025-08-15 19:59:43,822 - INFO - predict_delta            : False
2025-08-15 19:59:43,822 - INFO - record                   : False
2025-08-15 19:59:43,822 - INFO - record_best_episodes     : True
2025-08-15 19:59:43,822 - INFO - recording_fps            : 30
2025-08-15 19:59:43,822 - INFO - reference_size           : 2
2025-08-15 19:59:43,822 - INFO - rls_action_size          : 1
2025-08-15 19:59:43,822 - INFO - rls_covariance           : 100.0
2025-08-15 19:59:43,822 - INFO - rls_gamma                : 0.9995
2025-08-15 19:59:43,822 - INFO - rls_state_size           : 2
2025-08-15 19:59:43,822 - INFO - save_interval            : 200
2025-08-15 19:59:43,822 - INFO - split                    : False
2025-08-15 19:59:43,822 - INFO - state_bounds             : {'theta': [-3.141592653589793, 3.141592653589793], 'theta_dot': [-8.0, 8.0]}
2025-08-15 19:59:43,822 - INFO - state_size               : 2
2025-08-15 19:59:43,822 - INFO - target_network           : True
2025-08-15 19:59:43,822 - INFO - tau                      : 0.001
2025-08-15 19:59:43,822 - INFO - update_cycles            : 2
2025-08-15 19:59:43,822 - INFO - ----------------------------------------
2025-08-15 19:59:43,822 - INFO - Log file: /home/osos/Mohamed_Masters_Thesis/DHP_pendulum/training_logs/dhp_pendulum_training_20250815_195943.log
2025-08-15 19:59:43,822 - INFO - ================================================================================
2025-08-15 19:59:43,823 - INFO - 
==================================================
2025-08-15 19:59:43,823 - INFO - STARTING DHP TRAINING FOR PENDULUM
2025-08-15 19:59:43,823 - INFO - ==================================================
2025-08-15 19:59:43,825 - WARNING - From /home/osos/Mohamed_Masters_Thesis/msc-thesis/agents/dhp.py:70: The name tf.Session is deprecated. Please use tf.compat.v1.Session instead.

2025-08-15 19:59:43,935 - WARNING - From /home/osos/Mohamed_Masters_Thesis/msc-thesis/agents/dhp.py:100: The name tf.placeholder is deprecated. Please use tf.compat.v1.placeholder instead.

2025-08-15 19:59:43,936 - WARNING - From /home/osos/Mohamed_Masters_Thesis/msc-thesis/agents/dhp.py:102: The name tf.placeholder_with_default is deprecated. Please use tf.compat.v1.placeholder_with_default instead.

2025-08-15 19:59:43,939 - WARNING - From /home/osos/Mohamed_Masters_Thesis/msc-thesis/agents/dhp.py:124: The name tf.variable_scope is deprecated. Please use tf.compat.v1.variable_scope instead.

2025-08-15 19:59:43,939 - WARNING - From /home/osos/Mohamed_Masters_Thesis/msc-thesis/agents/dhp.py:128: dense (from tensorflow.python.layers.core) is deprecated and will be removed in a future version.
Instructions for updating:
Use keras.layers.Dense instead.
2025-08-15 19:59:43,939 - WARNING - From /home/osos/anaconda3/envs/DHP/lib/python3.7/site-packages/tensorflow_core/python/layers/core.py:187: Layer.apply (from tensorflow.python.keras.engine.base_layer) is deprecated and will be removed in a future version.
Instructions for updating:
Please use `layer.__call__` method instead.
2025-08-15 19:59:43,968 - WARNING - From /home/osos/Mohamed_Masters_Thesis/msc-thesis/agents/dhp.py:133: The name tf.trainable_variables is deprecated. Please use tf.compat.v1.trainable_variables instead.

2025-08-15 19:59:43,978 - WARNING - From /home/osos/Mohamed_Masters_Thesis/msc-thesis/agents/dhp.py:139: The name tf.train.GradientDescentOptimizer is deprecated. Please use tf.compat.v1.train.GradientDescentOptimizer instead.

2025-08-15 19:59:44,009 - WARNING - From /home/osos/Mohamed_Masters_Thesis/msc-thesis/agents/dhp.py:156: The name tf.assign is deprecated. Please use tf.compat.v1.assign instead.

2025-08-15 19:59:44,073 - WARNING - From /home/osos/Mohamed_Masters_Thesis/msc-thesis/agents/dhp.py:79: The name tf.summary.merge_all is deprecated. Please use tf.compat.v1.summary.merge_all instead.

2025-08-15 19:59:44,073 - WARNING - From /home/osos/Mohamed_Masters_Thesis/msc-thesis/agents/dhp.py:80: The name tf.train.Saver is deprecated. Please use tf.compat.v1.train.Saver instead.

2025-08-15 19:59:44,086 - WARNING - From /home/osos/Mohamed_Masters_Thesis/msc-thesis/agents/dhp.py:81: The name tf.global_variables_initializer is deprecated. Please use tf.compat.v1.global_variables_initializer instead.

2025-08-15 19:59:44,131 - INFO - 
Training for 400 episodes...
2025-08-15 19:59:44,131 - INFO - Episode | Reward  | Avg Cost | Pos Error | Success | Time
2025-08-15 19:59:44,131 - INFO - ------------------------------------------------------------
2025-08-15 19:59:46,557 - INFO -       0 | -2341.21 |   28.720 |    1.4150 |   0.000 |    2.4s
2025-08-15 19:59:58,014 - INFO - CONVERGENCE EPISODE 6: 0.3030 rad
2025-08-15 20:00:13,458 - INFO - CONVERGENCE EPISODE 14: 0.3528 rad
2025-08-15 20:00:24,938 - INFO - CONVERGENCE EPISODE 20: 0.4721 rad
2025-08-15 20:00:38,495 - INFO - CONVERGENCE EPISODE 27: 0.1804 rad
2025-08-15 20:01:22,541 - INFO -      50 | -1373.78 |   27.746 |    0.7595 |   0.000 |   98.4s
2025-08-15 20:01:38,145 - INFO - CONVERGENCE EPISODE 58: 0.4999 rad
2025-08-15 20:01:45,906 - INFO - CONVERGENCE EPISODE 62: 0.3695 rad
2025-08-15 20:02:59,219 - INFO - 
2025-08-15 20:02:59,219 - INFO - MILESTONE 100 ANALYSIS:
2025-08-15 20:02:59,219 - INFO -   Recent 50 episodes avg position error: 2.0948 ± 0.8138 rad
2025-08-15 20:02:59,219 - INFO -   Recent 50 episodes avg cost: 24.772
2025-08-15 20:02:59,219 - INFO -   Recent 50 episodes success rate: 0.00%
2025-08-15 20:02:59,219 - INFO -   Convergent episodes ratio (< 0.5 rad): 4.00%
2025-08-15 20:02:59,219 - INFO -   Total convergent episodes so far: 6
2025-08-15 20:02:59,220 - INFO -   Best performance: 0.1804 rad at episode 27
2025-08-15 20:02:59,220 - INFO -   Stable performance not yet achieved
2025-08-15 20:02:59,220 - INFO - 
2025-08-15 20:02:59,220 - INFO -     100 | -3588.28 |    9.756 |    2.9536 |   0.000 |  195.1s
2025-08-15 20:04:35,302 - INFO -     150 | -2341.15 |   28.824 |    1.4816 |   0.000 |  291.2s
2025-08-15 20:05:52,960 - INFO - CONVERGENCE EPISODE 190: 0.1413 rad
2025-08-15 20:05:58,771 - INFO - CONVERGENCE EPISODE 193: 0.2702 rad
2025-08-15 20:06:12,255 - INFO -     200 | -3335.24 |   14.263 |    3.1411 |   0.000 |  388.1s
2025-08-15 20:07:48,483 - INFO - 
2025-08-15 20:07:48,484 - INFO - MILESTONE 250 ANALYSIS:
2025-08-15 20:07:48,484 - INFO -   Recent 50 episodes avg position error: 3.0403 ± 0.1049 rad
2025-08-15 20:07:48,484 - INFO -   Recent 50 episodes avg cost: 11.485
2025-08-15 20:07:48,484 - INFO -   Recent 50 episodes success rate: 0.00%
2025-08-15 20:07:48,484 - INFO -   Convergent episodes ratio (< 0.5 rad): 0.00%
2025-08-15 20:07:48,484 - INFO -   Total convergent episodes so far: 8
2025-08-15 20:07:48,484 - INFO -   Best performance: 0.1413 rad at episode 190
2025-08-15 20:07:48,484 - INFO -   Stable performance not yet achieved
2025-08-15 20:07:48,484 - INFO - 
2025-08-15 20:07:48,484 - INFO -     250 | -3679.52 |   10.904 |    2.9073 |   0.000 |  484.4s
2025-08-15 20:09:24,642 - INFO -     300 | -3437.07 |   11.721 |    2.9149 |   0.000 |  580.5s
2025-08-15 20:11:04,912 - INFO -     350 | -3371.37 |   13.542 |    3.0739 |   0.000 |  680.8s
2025-08-15 20:12:51,313 - INFO - 
================================================================================
2025-08-15 20:12:51,314 - INFO - TRAINING COMPLETED - FINAL ANALYSIS
2025-08-15 20:12:51,314 - INFO - ================================================================================
2025-08-15 20:12:51,314 - INFO - Total training time: 787.2 seconds (13.1 minutes)
2025-08-15 20:12:51,314 - INFO - Final episode reward: -3515.14
2025-08-15 20:12:51,314 - INFO - Final position error: 2.8136 rad
2025-08-15 20:12:51,314 - INFO - Final success rate: 0.000
2025-08-15 20:12:51,314 - INFO - Best position error achieved: 0.1413 rad at episode 190
2025-08-15 20:12:51,314 - INFO - Total convergent episodes (< 0.5 rad): 8/400 (2.00%)
2025-08-15 20:12:51,314 - INFO - Recent success rate (last 100 episodes): 0.00%
2025-08-15 20:12:51,314 - INFO - Stable performance achieved: No
2025-08-15 20:12:51,314 - INFO - Position error statistics:
2025-08-15 20:12:51,314 - INFO -   Mean: 2.5883 rad (148.3°)
2025-08-15 20:12:51,314 - INFO -   Std:  0.7145 rad (40.9°)
2025-08-15 20:12:51,314 - INFO -   Min:  0.1413 rad (8.1°)
2025-08-15 20:12:51,314 - INFO -   Max:  3.1415 rad (180.0°)
2025-08-15 20:12:51,314 - INFO -   Median: 2.9317 rad (168.0°)
2025-08-15 20:12:51,314 - INFO - Performance distribution:
2025-08-15 20:12:51,314 - INFO -   Excellent (< 0.1 rad / 5.7°): 0 episodes (0.0%)
2025-08-15 20:12:51,314 - INFO -   Good (0.1-0.3 rad / 5.7°-17.2°): 3 episodes (0.8%)
2025-08-15 20:12:51,315 - INFO -   Acceptable (0.3-0.5 rad / 17.2°-28.6°): 5 episodes (1.2%)
2025-08-15 20:12:51,315 - INFO -   Poor (> 0.5 rad / 28.6°): 392 episodes (98.0%)
2025-08-15 20:12:51,315 - INFO - 
TRAINING CONFIGURATION EFFECTIVENESS:
2025-08-15 20:12:51,315 - INFO - ----------------------------------------
2025-08-15 20:12:51,315 - INFO - Episodes needed for first convergence: 6
2025-08-15 20:12:51,315 - INFO - Excitation phase ended at episode: 7
2025-08-15 20:12:51,317 - INFO - Training metrics saved to: /home/osos/Mohamed_Masters_Thesis/DHP_pendulum/training_logs/dhp_pendulum_metrics_20250815_201251.json
2025-08-15 20:12:51,317 - INFO - 
BEST MODEL CONFIRMED:
2025-08-15 20:12:51,318 - INFO -   Episode: 190
2025-08-15 20:12:51,318 - INFO -   Position Error: 0.1413 rad (8.1°)
2025-08-15 20:12:51,318 - INFO -   Model files: dhp_pendulum_best_*
2025-08-15 20:12:51,318 - INFO - ================================================================================
2025-08-15 20:12:51,318 - INFO - TRAINING SESSION COMPLETED
2025-08-15 20:12:51,318 - INFO - Detailed log saved to: /home/osos/Mohamed_Masters_Thesis/DHP_pendulum/training_logs/dhp_pendulum_training_20250815_195943.log
2025-08-15 20:12:51,318 - INFO - ================================================================================
2025-08-15 20:13:04,835 - INFO - SESSION-BEST EPISODE RECORDED: Episode 190
2025-08-15 20:13:04,835 - INFO -   Replay error: 2.2771 rad vs training error: 0.1413 rad
2025-08-15 20:13:04,835 - INFO -   Target angle: 0.000 rad
2025-08-15 20:13:04,914 - INFO - Model saved with state normalization ENABLED
