2025-08-15 20:30:12,481 - INFO - ================================================================================
2025-08-15 20:30:12,481 - INFO - DHP PENDULUM TRAINING SESSION STARTED
2025-08-15 20:30:12,481 - INFO - ================================================================================
2025-08-15 20:30:12,481 - INFO - HYPERPARAMETERS:
2025-08-15 20:30:12,481 - INFO - ----------------------------------------
2025-08-15 20:30:12,482 - INFO - action_size              : 1
2025-08-15 20:30:12,482 - INFO - activation               : relu
2025-08-15 20:30:12,482 - INFO - best_episode_gui         : False
2025-08-15 20:30:12,482 - INFO - episode_length           : 200
2025-08-15 20:30:12,482 - INFO - excitation_amplitude     : 0.2
2025-08-15 20:30:12,482 - INFO - excitation_steps         : 7500
2025-08-15 20:30:12,482 - INFO - fixed_target             : 0
2025-08-15 20:30:12,482 - INFO - gamma                    : 0.95
2025-08-15 20:30:12,482 - INFO - gui                      : False
2025-08-15 20:30:12,482 - INFO - hidden_layer_size        : [64, 64, 32]
2025-08-15 20:30:12,482 - INFO - log_interval             : 50
2025-08-15 20:30:12,482 - INFO - lr_actor                 : 0.005
2025-08-15 20:30:12,482 - INFO - lr_critic                : 0.01
2025-08-15 20:30:12,482 - INFO - max_steps                : 200
2025-08-15 20:30:12,482 - INFO - normalize_states         : True
2025-08-15 20:30:12,482 - INFO - num_episodes             : 1500
2025-08-15 20:30:12,482 - INFO - predict_delta            : False
2025-08-15 20:30:12,482 - INFO - record                   : False
2025-08-15 20:30:12,482 - INFO - record_best_episodes     : True
2025-08-15 20:30:12,482 - INFO - recording_fps            : 30
2025-08-15 20:30:12,482 - INFO - reference_size           : 2
2025-08-15 20:30:12,482 - INFO - rls_action_size          : 1
2025-08-15 20:30:12,482 - INFO - rls_covariance           : 100.0
2025-08-15 20:30:12,482 - INFO - rls_gamma                : 0.9995
2025-08-15 20:30:12,482 - INFO - rls_state_size           : 2
2025-08-15 20:30:12,482 - INFO - save_interval            : 200
2025-08-15 20:30:12,482 - INFO - split                    : False
2025-08-15 20:30:12,482 - INFO - state_bounds             : {'theta': [-3.141592653589793, 3.141592653589793], 'theta_dot': [-8.0, 8.0]}
2025-08-15 20:30:12,482 - INFO - state_size               : 2
2025-08-15 20:30:12,482 - INFO - target_network           : True
2025-08-15 20:30:12,482 - INFO - tau                      : 0.001
2025-08-15 20:30:12,482 - INFO - update_cycles            : 2
2025-08-15 20:30:12,482 - INFO - ----------------------------------------
2025-08-15 20:30:12,482 - INFO - Log file: /home/osos/Mohamed_Masters_Thesis/DHP_pendulum/training_logs/dhp_pendulum_training_20250815_203012.log
2025-08-15 20:30:12,483 - INFO - ================================================================================
2025-08-15 20:30:12,483 - INFO - 
==================================================
2025-08-15 20:30:12,483 - INFO - STARTING DHP TRAINING FOR PENDULUM
2025-08-15 20:30:12,483 - INFO - ==================================================
2025-08-15 20:30:12,485 - WARNING - From /home/osos/Mohamed_Masters_Thesis/msc-thesis/agents/dhp.py:70: The name tf.Session is deprecated. Please use tf.compat.v1.Session instead.

2025-08-15 20:30:12,590 - WARNING - From /home/osos/Mohamed_Masters_Thesis/msc-thesis/agents/dhp.py:100: The name tf.placeholder is deprecated. Please use tf.compat.v1.placeholder instead.

2025-08-15 20:30:12,591 - WARNING - From /home/osos/Mohamed_Masters_Thesis/msc-thesis/agents/dhp.py:102: The name tf.placeholder_with_default is deprecated. Please use tf.compat.v1.placeholder_with_default instead.

2025-08-15 20:30:12,594 - WARNING - From /home/osos/Mohamed_Masters_Thesis/msc-thesis/agents/dhp.py:124: The name tf.variable_scope is deprecated. Please use tf.compat.v1.variable_scope instead.

2025-08-15 20:30:12,594 - WARNING - From /home/osos/Mohamed_Masters_Thesis/msc-thesis/agents/dhp.py:128: dense (from tensorflow.python.layers.core) is deprecated and will be removed in a future version.
Instructions for updating:
Use keras.layers.Dense instead.
2025-08-15 20:30:12,594 - WARNING - From /home/osos/anaconda3/envs/DHP/lib/python3.7/site-packages/tensorflow_core/python/layers/core.py:187: Layer.apply (from tensorflow.python.keras.engine.base_layer) is deprecated and will be removed in a future version.
Instructions for updating:
Please use `layer.__call__` method instead.
2025-08-15 20:30:12,621 - WARNING - From /home/osos/Mohamed_Masters_Thesis/msc-thesis/agents/dhp.py:133: The name tf.trainable_variables is deprecated. Please use tf.compat.v1.trainable_variables instead.

2025-08-15 20:30:12,632 - WARNING - From /home/osos/Mohamed_Masters_Thesis/msc-thesis/agents/dhp.py:139: The name tf.train.GradientDescentOptimizer is deprecated. Please use tf.compat.v1.train.GradientDescentOptimizer instead.

2025-08-15 20:30:12,661 - WARNING - From /home/osos/Mohamed_Masters_Thesis/msc-thesis/agents/dhp.py:156: The name tf.assign is deprecated. Please use tf.compat.v1.assign instead.

2025-08-15 20:30:12,721 - WARNING - From /home/osos/Mohamed_Masters_Thesis/msc-thesis/agents/dhp.py:79: The name tf.summary.merge_all is deprecated. Please use tf.compat.v1.summary.merge_all instead.

2025-08-15 20:30:12,721 - WARNING - From /home/osos/Mohamed_Masters_Thesis/msc-thesis/agents/dhp.py:80: The name tf.train.Saver is deprecated. Please use tf.compat.v1.train.Saver instead.

2025-08-15 20:30:12,731 - WARNING - From /home/osos/Mohamed_Masters_Thesis/msc-thesis/agents/dhp.py:81: The name tf.global_variables_initializer is deprecated. Please use tf.compat.v1.global_variables_initializer instead.

2025-08-15 20:30:12,775 - INFO - 
Training for 400 episodes...
2025-08-15 20:30:12,775 - INFO - Episode | Reward  | Avg Cost | Pos Error | Success | Time
2025-08-15 20:30:12,775 - INFO - ------------------------------------------------------------
2025-08-15 20:30:14,247 - INFO -       0 | -1575.02 |   11.895 |    2.5346 |   0.000 |    1.5s
2025-08-15 20:30:32,165 - INFO - CONVERGENCE EPISODE 17: 0.3755 rad
2025-08-15 20:30:40,354 - INFO - CONVERGENCE EPISODE 24: 0.2930 rad
2025-08-15 20:31:07,899 - INFO -      50 | -937.35 |   34.044 |    2.6819 |   0.000 |   55.1s
2025-08-15 20:31:17,252 - INFO - CONVERGENCE EPISODE 59: 0.4380 rad
2025-08-15 20:31:48,099 - INFO - CONVERGENCE EPISODE 90: 0.4161 rad
2025-08-15 20:32:00,010 - INFO - 
2025-08-15 20:32:00,011 - INFO - MILESTONE 100 ANALYSIS:
2025-08-15 20:32:00,011 - INFO -   Recent 50 episodes avg position error: 2.0903 ± 0.8200 rad
2025-08-15 20:32:00,011 - INFO -   Recent 50 episodes avg cost: 22.536
2025-08-15 20:32:00,011 - INFO -   Recent 50 episodes success rate: 0.00%
2025-08-15 20:32:00,011 - INFO -   Convergent episodes ratio (< 0.5 rad): 4.00%
2025-08-15 20:32:00,011 - INFO -   Total convergent episodes so far: 4
2025-08-15 20:32:00,011 - INFO -   Best performance: 0.2930 rad at episode 24
2025-08-15 20:32:00,011 - INFO -   Stable performance not yet achieved
2025-08-15 20:32:00,011 - INFO - 
2025-08-15 20:32:00,011 - INFO -     100 | -1179.43 |   27.856 |    1.8258 |   0.000 |  107.2s
2025-08-15 20:32:52,951 - INFO -     150 | -1440.99 |   14.743 |    3.0369 |   0.000 |  160.2s
