2025-08-15 16:25:06,367 - INFO - ================================================================================
2025-08-15 16:25:06,367 - INFO - DHP PENDULUM TRAINING SESSION STARTED
2025-08-15 16:25:06,367 - INFO - ================================================================================
2025-08-15 16:25:06,367 - INFO - HYPERPARAMETERS:
2025-08-15 16:25:06,367 - INFO - ----------------------------------------
2025-08-15 16:25:06,367 - INFO - action_size              : 1
2025-08-15 16:25:06,367 - INFO - activation               : tanh
2025-08-15 16:25:06,367 - INFO - best_episode_gui         : False
2025-08-15 16:25:06,367 - INFO - episode_length           : 200
2025-08-15 16:25:06,367 - INFO - excitation_amplitude     : 0.2
2025-08-15 16:25:06,367 - INFO - excitation_steps         : 7500
2025-08-15 16:25:06,367 - INFO - fixed_target             : None
2025-08-15 16:25:06,367 - INFO - gamma                    : 0.95
2025-08-15 16:25:06,367 - INFO - gui                      : False
2025-08-15 16:25:06,367 - INFO - hidden_layer_size        : [64, 64, 32]
2025-08-15 16:25:06,367 - INFO - log_interval             : 50
2025-08-15 16:25:06,367 - INFO - lr_actor                 : 0.005
2025-08-15 16:25:06,367 - INFO - lr_critic                : 0.01
2025-08-15 16:25:06,367 - INFO - max_steps                : 200
2025-08-15 16:25:06,368 - INFO - normalize_states         : True
2025-08-15 16:25:06,368 - INFO - num_episodes             : 1500
2025-08-15 16:25:06,368 - INFO - predict_delta            : False
2025-08-15 16:25:06,368 - INFO - record                   : False
2025-08-15 16:25:06,368 - INFO - record_best_episodes     : True
2025-08-15 16:25:06,368 - INFO - recording_fps            : 30
2025-08-15 16:25:06,368 - INFO - reference_size           : 3
2025-08-15 16:25:06,368 - INFO - rls_action_size          : 1
2025-08-15 16:25:06,368 - INFO - rls_covariance           : 100.0
2025-08-15 16:25:06,368 - INFO - rls_gamma                : 0.9995
2025-08-15 16:25:06,368 - INFO - rls_state_size           : 3
2025-08-15 16:25:06,368 - INFO - save_interval            : 200
2025-08-15 16:25:06,368 - INFO - split                    : False
2025-08-15 16:25:06,368 - INFO - state_bounds             : {'cos_theta': [-1.0, 1.0], 'sin_theta': [-1.0, 1.0], 'theta_dot': [-8.0, 8.0]}
2025-08-15 16:25:06,368 - INFO - state_size               : 3
2025-08-15 16:25:06,368 - INFO - target_network           : True
2025-08-15 16:25:06,368 - INFO - tau                      : 0.001
2025-08-15 16:25:06,368 - INFO - update_cycles            : 2
2025-08-15 16:25:06,368 - INFO - ----------------------------------------
2025-08-15 16:25:06,368 - INFO - Log file: /home/osos/Mohamed_Masters_Thesis/DHP_pendulum/training_logs/dhp_pendulum_training_20250815_162506.log
2025-08-15 16:25:06,368 - INFO - ================================================================================
2025-08-15 16:25:06,368 - INFO - 
CONFIGURATION OVERRIDES APPLIED:
2025-08-15 16:25:06,368 - INFO -   num_episodes: 400
2025-08-15 16:25:06,368 - INFO -   episode_length: 200
2025-08-15 16:25:06,368 - INFO -   max_steps: 200
2025-08-15 16:25:06,369 - INFO -   excitation_steps: 7500
2025-08-15 16:25:06,369 - INFO -   excitation_amplitude: 0.2
2025-08-15 16:25:06,369 - INFO -   log_interval: 50
2025-08-15 16:25:06,369 - INFO -   save_interval: 200
2025-08-15 16:25:06,369 - INFO -   gui: False
2025-08-15 16:25:06,369 - INFO -   record: False
2025-08-15 16:25:06,369 - INFO -   normalize_states: True
2025-08-15 16:25:06,369 - INFO -   record_best_episodes: True
2025-08-15 16:25:06,369 - INFO -   lr_critic: 0.001
2025-08-15 16:25:06,369 - INFO -   lr_actor: 0.0005
2025-08-15 16:25:06,369 - INFO -   hidden_layer_size: [64, 64, 32]
2025-08-15 16:25:06,369 - INFO -   gamma: 0.95
2025-08-15 16:25:06,369 - INFO -   update_cycles: 2
2025-08-15 16:25:06,369 - INFO -   tau: 0.001
2025-08-15 16:25:06,369 - INFO - 
==================================================
2025-08-15 16:25:06,369 - INFO - STARTING DHP TRAINING FOR PENDULUM
2025-08-15 16:25:06,369 - INFO - ==================================================
2025-08-15 16:25:06,371 - WARNING - From /home/osos/Mohamed_Masters_Thesis/msc-thesis/agents/dhp.py:70: The name tf.Session is deprecated. Please use tf.compat.v1.Session instead.

2025-08-15 16:25:06,455 - WARNING - From /home/osos/Mohamed_Masters_Thesis/msc-thesis/agents/dhp.py:100: The name tf.placeholder is deprecated. Please use tf.compat.v1.placeholder instead.

2025-08-15 16:25:06,456 - WARNING - From /home/osos/Mohamed_Masters_Thesis/msc-thesis/agents/dhp.py:102: The name tf.placeholder_with_default is deprecated. Please use tf.compat.v1.placeholder_with_default instead.

2025-08-15 16:25:06,459 - WARNING - From /home/osos/Mohamed_Masters_Thesis/msc-thesis/agents/dhp.py:124: The name tf.variable_scope is deprecated. Please use tf.compat.v1.variable_scope instead.

2025-08-15 16:25:06,459 - WARNING - From /home/osos/Mohamed_Masters_Thesis/msc-thesis/agents/dhp.py:128: dense (from tensorflow.python.layers.core) is deprecated and will be removed in a future version.
Instructions for updating:
Use keras.layers.Dense instead.
2025-08-15 16:25:06,459 - WARNING - From /home/osos/anaconda3/envs/DHP/lib/python3.7/site-packages/tensorflow_core/python/layers/core.py:187: Layer.apply (from tensorflow.python.keras.engine.base_layer) is deprecated and will be removed in a future version.
Instructions for updating:
Please use `layer.__call__` method instead.
2025-08-15 16:25:06,484 - WARNING - From /home/osos/Mohamed_Masters_Thesis/msc-thesis/agents/dhp.py:133: The name tf.trainable_variables is deprecated. Please use tf.compat.v1.trainable_variables instead.

2025-08-15 16:25:06,494 - WARNING - From /home/osos/Mohamed_Masters_Thesis/msc-thesis/agents/dhp.py:139: The name tf.train.GradientDescentOptimizer is deprecated. Please use tf.compat.v1.train.GradientDescentOptimizer instead.

2025-08-15 16:25:06,522 - WARNING - From /home/osos/Mohamed_Masters_Thesis/msc-thesis/agents/dhp.py:156: The name tf.assign is deprecated. Please use tf.compat.v1.assign instead.

2025-08-15 16:25:06,582 - WARNING - From /home/osos/Mohamed_Masters_Thesis/msc-thesis/agents/dhp.py:79: The name tf.summary.merge_all is deprecated. Please use tf.compat.v1.summary.merge_all instead.

2025-08-15 16:25:06,583 - WARNING - From /home/osos/Mohamed_Masters_Thesis/msc-thesis/agents/dhp.py:80: The name tf.train.Saver is deprecated. Please use tf.compat.v1.train.Saver instead.

2025-08-15 16:25:06,594 - WARNING - From /home/osos/Mohamed_Masters_Thesis/msc-thesis/agents/dhp.py:81: The name tf.global_variables_initializer is deprecated. Please use tf.compat.v1.global_variables_initializer instead.

2025-08-15 16:25:06,639 - INFO - 
Training for 400 episodes...
2025-08-15 16:25:06,639 - INFO - Episode | Reward  | Avg Cost | Pos Error | Success | Time
2025-08-15 16:25:06,639 - INFO - ------------------------------------------------------------
2025-08-15 16:25:08,383 - INFO -       0 | -984.48 |   61.391 |    1.9190 |   0.000 |    1.7s
2025-08-15 16:25:17,727 - INFO - CONVERGENCE EPISODE 9: 0.0542 rad
2025-08-15 16:25:18,823 - INFO - CONVERGENCE EPISODE 10: 0.2968 rad
2025-08-15 16:25:21,004 - INFO - CONVERGENCE EPISODE 12: 0.1192 rad
2025-08-15 16:25:26,365 - INFO - CONVERGENCE EPISODE 17: 0.2877 rad
2025-08-15 16:25:28,549 - INFO - CONVERGENCE EPISODE 19: 0.0130 rad
2025-08-15 16:25:30,687 - INFO - CONVERGENCE EPISODE 21: 0.1054 rad
2025-08-15 16:25:35,957 - INFO - CONVERGENCE EPISODE 26: 0.1679 rad
2025-08-15 16:25:37,032 - INFO - CONVERGENCE EPISODE 27: 0.2779 rad
2025-08-15 16:25:59,126 - INFO - CONVERGENCE EPISODE 49: 0.1425 rad
2025-08-15 16:26:00,104 - INFO - CONVERGENCE EPISODE 50: 0.4372 rad
2025-08-15 16:26:00,104 - INFO -      50 | -1082.19 |   62.371 |    0.4372 |   0.000 |   53.5s
2025-08-15 16:26:01,094 - INFO - CONVERGENCE EPISODE 51: 0.4359 rad
2025-08-15 16:26:06,030 - INFO - CONVERGENCE EPISODE 56: 0.0885 rad
2025-08-15 16:26:10,014 - INFO - CONVERGENCE EPISODE 60: 0.0405 rad
2025-08-15 16:26:35,693 - INFO - CONVERGENCE EPISODE 86: 0.2678 rad
2025-08-15 16:26:36,699 - INFO - CONVERGENCE EPISODE 87: 0.0794 rad
2025-08-15 16:26:37,725 - INFO - CONVERGENCE EPISODE 88: 0.4285 rad
2025-08-15 16:26:46,783 - INFO - CONVERGENCE EPISODE 97: 0.1031 rad
2025-08-15 16:26:49,812 - INFO - 
2025-08-15 16:26:49,812 - INFO - MILESTONE 100 ANALYSIS:
2025-08-15 16:26:49,812 - INFO -   Recent 50 episodes avg position error: 1.5863 ± 0.9240 rad
2025-08-15 16:26:49,812 - INFO -   Recent 50 episodes avg cost: 41.973
2025-08-15 16:26:49,812 - INFO -   Recent 50 episodes success rate: 6.00%
2025-08-15 16:26:49,812 - INFO -   Convergent episodes ratio (< 0.5 rad): 14.00%
2025-08-15 16:26:49,812 - INFO -   Total convergent episodes so far: 17
2025-08-15 16:26:49,812 - INFO -   Best performance: 0.0130 rad at episode 19
2025-08-15 16:26:49,812 - INFO -   Stable performance not yet achieved
2025-08-15 16:26:49,812 - INFO - 
2025-08-15 16:26:49,812 - INFO -     100 | -1694.00 |   52.587 |    2.7305 |   0.000 |  103.2s
2025-08-15 16:26:52,819 - INFO - CONVERGENCE EPISODE 103: 0.4633 rad
2025-08-15 16:27:03,952 - INFO - CONVERGENCE EPISODE 114: 0.2529 rad
2025-08-15 16:27:04,944 - INFO - CONVERGENCE EPISODE 115: 0.1897 rad
2025-08-15 16:27:12,036 - INFO - CONVERGENCE EPISODE 122: 0.0321 rad
2025-08-15 16:27:13,032 - INFO - CONVERGENCE EPISODE 123: 0.4187 rad
2025-08-15 16:27:28,926 - INFO - CONVERGENCE EPISODE 139: 0.4555 rad
2025-08-15 16:27:30,930 - INFO - CONVERGENCE EPISODE 141: 0.3783 rad
2025-08-15 16:27:39,960 - INFO -     150 | -139.87 |    9.668 |    0.9980 |   0.000 |  153.3s
2025-08-15 16:27:45,947 - INFO - CONVERGENCE EPISODE 156: 0.1717 rad
2025-08-15 16:27:50,893 - INFO - CONVERGENCE EPISODE 161: 0.1952 rad
2025-08-15 16:28:00,957 - INFO - CONVERGENCE EPISODE 171: 0.3019 rad
2025-08-15 16:28:10,830 - INFO - CONVERGENCE EPISODE 181: 0.4844 rad
2025-08-15 16:28:22,741 - INFO - CONVERGENCE EPISODE 193: 0.4019 rad
2025-08-15 16:28:26,723 - INFO - CONVERGENCE EPISODE 197: 0.4186 rad
2025-08-15 16:28:27,725 - INFO - CONVERGENCE EPISODE 198: 0.1239 rad
2025-08-15 16:28:28,714 - INFO - CONVERGENCE EPISODE 199: 0.4476 rad
2025-08-15 16:28:29,692 - INFO -     200 | -1293.36 |   48.804 |    1.6753 |   0.000 |  203.1s
2025-08-15 16:28:31,712 - INFO - CONVERGENCE EPISODE 202: 0.3941 rad
2025-08-15 16:28:41,671 - INFO - CONVERGENCE EPISODE 212: 0.3810 rad
2025-08-15 16:28:46,610 - INFO - CONVERGENCE EPISODE 217: 0.0930 rad
2025-08-15 16:28:59,501 - INFO - CONVERGENCE EPISODE 230: 0.2765 rad
2025-08-15 16:29:01,467 - INFO - CONVERGENCE EPISODE 232: 0.1678 rad
2025-08-15 16:29:04,497 - INFO - CONVERGENCE EPISODE 235: 0.2643 rad
2025-08-15 16:29:08,422 - INFO - CONVERGENCE EPISODE 239: 0.3277 rad
2025-08-15 16:29:09,432 - INFO - CONVERGENCE EPISODE 240: 0.3773 rad
2025-08-15 16:29:18,350 - INFO - CONVERGENCE EPISODE 249: 0.3156 rad
2025-08-15 16:29:19,343 - INFO - 
2025-08-15 16:29:19,343 - INFO - MILESTONE 250 ANALYSIS:
2025-08-15 16:29:19,343 - INFO -   Recent 50 episodes avg position error: 1.7050 ± 0.9606 rad
2025-08-15 16:29:19,343 - INFO -   Recent 50 episodes avg cost: 50.817
2025-08-15 16:29:19,343 - INFO -   Recent 50 episodes success rate: 2.00%
2025-08-15 16:29:19,343 - INFO -   Convergent episodes ratio (< 0.5 rad): 18.00%
2025-08-15 16:29:19,344 - INFO -   Total convergent episodes so far: 41
2025-08-15 16:29:19,344 - INFO -   Best performance: 0.0130 rad at episode 19
2025-08-15 16:29:19,344 - INFO -   Stable performance not yet achieved
2025-08-15 16:29:19,344 - INFO - 
2025-08-15 16:29:19,344 - INFO -     250 | -1187.81 |   67.912 |    1.5038 |   0.000 |  252.7s
2025-08-15 16:29:26,358 - INFO - CONVERGENCE EPISODE 257: 0.2328 rad
2025-08-15 16:29:27,381 - INFO - CONVERGENCE EPISODE 258: 0.3722 rad
2025-08-15 16:29:33,329 - INFO - CONVERGENCE EPISODE 264: 0.3829 rad
2025-08-15 16:29:36,318 - INFO - CONVERGENCE EPISODE 267: 0.0186 rad
2025-08-15 16:29:38,325 - INFO - CONVERGENCE EPISODE 269: 0.4491 rad
2025-08-15 16:29:47,314 - INFO - CONVERGENCE EPISODE 278: 0.1277 rad
2025-08-15 16:29:55,387 - INFO - CONVERGENCE EPISODE 286: 0.2922 rad
2025-08-15 16:30:02,305 - INFO - CONVERGENCE EPISODE 293: 0.4203 rad
2025-08-15 16:30:08,236 - INFO - CONVERGENCE EPISODE 299: 0.2797 rad
2025-08-15 16:30:09,236 - INFO -     300 | -514.96 |   35.004 |    0.6188 |   0.000 |  302.6s
2025-08-15 16:30:51,954 - INFO - CONVERGENCE EPISODE 343: 0.2922 rad
2025-08-15 16:30:55,003 - INFO - CONVERGENCE EPISODE 346: 0.3555 rad
2025-08-15 16:30:58,978 - INFO -     350 | -665.78 |   39.075 |    1.2239 |   0.000 |  352.3s
2025-08-15 16:30:59,956 - INFO - CONVERGENCE EPISODE 351: 0.3640 rad
2025-08-15 16:31:07,853 - INFO - CONVERGENCE EPISODE 359: 0.3100 rad
2025-08-15 16:31:26,782 - INFO - CONVERGENCE EPISODE 378: 0.4952 rad
2025-08-15 16:31:27,778 - INFO - CONVERGENCE EPISODE 379: 0.3648 rad
2025-08-15 16:31:28,762 - INFO - CONVERGENCE EPISODE 380: 0.2860 rad
2025-08-15 16:31:30,755 - INFO - CONVERGENCE EPISODE 382: 0.2906 rad
2025-08-15 16:31:44,793 - INFO - CONVERGENCE EPISODE 396: 0.1784 rad
2025-08-15 16:31:47,797 - INFO - 
================================================================================
2025-08-15 16:31:47,798 - INFO - TRAINING COMPLETED - FINAL ANALYSIS
2025-08-15 16:31:47,798 - INFO - ================================================================================
2025-08-15 16:31:47,798 - INFO - Total training time: 401.2 seconds (6.7 minutes)
2025-08-15 16:31:47,798 - INFO - Final episode reward: -59.33
2025-08-15 16:31:47,798 - INFO - Final position error: 0.5792 rad
2025-08-15 16:31:47,798 - INFO - Final success rate: 0.000
2025-08-15 16:31:47,798 - INFO - Best position error achieved: 0.0130 rad at episode 19
2025-08-15 16:31:47,798 - INFO - Total convergent episodes (< 0.5 rad): 59/400 (14.75%)
2025-08-15 16:31:47,798 - INFO - Recent success rate (last 100 episodes): 0.00%
2025-08-15 16:31:47,798 - INFO - Stable performance achieved: No
2025-08-15 16:31:47,798 - INFO - Position error statistics:
2025-08-15 16:31:47,798 - INFO -   Mean: 1.5176 rad (87.0°)
2025-08-15 16:31:47,799 - INFO -   Std:  0.8649 rad (49.6°)
2025-08-15 16:31:47,799 - INFO -   Min:  0.0130 rad (0.7°)
2025-08-15 16:31:47,799 - INFO -   Max:  3.1389 rad (179.8°)
2025-08-15 16:31:47,799 - INFO -   Median: 1.5153 rad (86.8°)
2025-08-15 16:31:47,799 - INFO - Performance distribution:
2025-08-15 16:31:47,799 - INFO -   Excellent (< 0.1 rad / 5.7°): 8 episodes (2.0%)
2025-08-15 16:31:47,799 - INFO -   Good (0.1-0.3 rad / 5.7°-17.2°): 25 episodes (6.2%)
2025-08-15 16:31:47,799 - INFO -   Acceptable (0.3-0.5 rad / 17.2°-28.6°): 26 episodes (6.5%)
2025-08-15 16:31:47,799 - INFO -   Poor (> 0.5 rad / 28.6°): 341 episodes (85.2%)
2025-08-15 16:31:47,799 - INFO - 
TRAINING CONFIGURATION EFFECTIVENESS:
2025-08-15 16:31:47,800 - INFO - ----------------------------------------
2025-08-15 16:31:47,800 - INFO - Episodes needed for first convergence: 9
2025-08-15 16:31:47,800 - INFO - Excitation phase ended at episode: 37
2025-08-15 16:31:47,804 - INFO - Training metrics saved to: /home/osos/Mohamed_Masters_Thesis/DHP_pendulum/training_logs/dhp_pendulum_metrics_20250815_163147.json
2025-08-15 16:31:47,804 - INFO - 
BEST MODEL CONFIRMED:
2025-08-15 16:31:47,804 - INFO -   Episode: 19
2025-08-15 16:31:47,805 - INFO -   Position Error: 0.0130 rad (0.7°)
2025-08-15 16:31:47,805 - INFO -   Model files: dhp_pendulum_best_*
2025-08-15 16:31:47,805 - INFO - ================================================================================
2025-08-15 16:31:47,805 - INFO - TRAINING SESSION COMPLETED
2025-08-15 16:31:47,805 - INFO - Detailed log saved to: /home/osos/Mohamed_Masters_Thesis/DHP_pendulum/training_logs/dhp_pendulum_training_20250815_162506.log
2025-08-15 16:31:47,805 - INFO - ================================================================================
2025-08-15 16:31:54,660 - INFO - SESSION-BEST EPISODE RECORDED: Episode 19
2025-08-15 16:31:54,661 - INFO -   Replay error: 2.8210 rad vs training error: 0.0130 rad
2025-08-15 16:31:54,661 - INFO -   Target angle: 2.001 rad
2025-08-15 16:31:54,767 - INFO - Model saved with state normalization ENABLED
2025-08-15 16:34:43,058 - INFO - 
==================================================
2025-08-15 16:34:43,058 - INFO - STARTING POLICY DEMONSTRATION
2025-08-15 16:34:43,059 - INFO - ==================================================
2025-08-15 16:34:50,403 - INFO - Demonstration final angle error: 158.2°
2025-08-15 16:34:50,403 - INFO - Training and demonstration session completed successfully!
2025-08-15 16:35:05,931 - INFO - ================================================================================
2025-08-15 16:35:05,931 - INFO - DHP PENDULUM TRAINING SESSION STARTED
2025-08-15 16:35:05,931 - INFO - ================================================================================
2025-08-15 16:35:05,931 - INFO - HYPERPARAMETERS:
2025-08-15 16:35:05,931 - INFO - ----------------------------------------
2025-08-15 16:35:05,932 - INFO - action_size              : 1
2025-08-15 16:35:05,932 - INFO - activation               : tanh
2025-08-15 16:35:05,932 - INFO - best_episode_gui         : False
2025-08-15 16:35:05,932 - INFO - episode_length           : 200
2025-08-15 16:35:05,932 - INFO - excitation_amplitude     : 0.2
2025-08-15 16:35:05,932 - INFO - excitation_steps         : 7500
2025-08-15 16:35:05,932 - INFO - fixed_target             : None
2025-08-15 16:35:05,932 - INFO - gamma                    : 0.95
2025-08-15 16:35:05,932 - INFO - gui                      : False
2025-08-15 16:35:05,932 - INFO - hidden_layer_size        : [64, 64, 32]
2025-08-15 16:35:05,932 - INFO - log_interval             : 50
2025-08-15 16:35:05,932 - INFO - lr_actor                 : 0.005
2025-08-15 16:35:05,932 - INFO - lr_critic                : 0.01
2025-08-15 16:35:05,932 - INFO - max_steps                : 200
2025-08-15 16:35:05,932 - INFO - normalize_states         : True
2025-08-15 16:35:05,932 - INFO - num_episodes             : 1500
2025-08-15 16:35:05,932 - INFO - predict_delta            : False
2025-08-15 16:35:05,933 - INFO - record                   : False
2025-08-15 16:35:05,933 - INFO - record_best_episodes     : True
2025-08-15 16:35:05,933 - INFO - recording_fps            : 30
2025-08-15 16:35:05,933 - INFO - reference_size           : 3
2025-08-15 16:35:05,933 - INFO - rls_action_size          : 1
2025-08-15 16:35:05,933 - INFO - rls_covariance           : 100.0
2025-08-15 16:35:05,933 - INFO - rls_gamma                : 0.9995
2025-08-15 16:35:05,933 - INFO - rls_state_size           : 3
2025-08-15 16:35:05,933 - INFO - save_interval            : 200
2025-08-15 16:35:05,933 - INFO - split                    : False
2025-08-15 16:35:05,933 - INFO - state_bounds             : {'cos_theta': [-1.0, 1.0], 'sin_theta': [-1.0, 1.0], 'theta_dot': [-8.0, 8.0]}
2025-08-15 16:35:05,933 - INFO - state_size               : 3
2025-08-15 16:35:05,933 - INFO - target_network           : True
2025-08-15 16:35:05,933 - INFO - tau                      : 0.001
2025-08-15 16:35:05,933 - INFO - update_cycles            : 2
2025-08-15 16:35:05,933 - INFO - ----------------------------------------
2025-08-15 16:35:05,933 - INFO - Log file: /home/osos/Mohamed_Masters_Thesis/DHP_pendulum/training_logs/dhp_pendulum_training_20250815_163505.log
2025-08-15 16:35:05,933 - INFO - ================================================================================
2025-08-15 16:35:05,934 - INFO - 
CONFIGURATION OVERRIDES APPLIED:
2025-08-15 16:35:05,934 - INFO -   num_episodes: 1500
2025-08-15 16:35:05,934 - INFO -   episode_length: 200
2025-08-15 16:35:05,934 - INFO -   max_steps: 200
2025-08-15 16:35:05,934 - INFO -   excitation_steps: 7500
2025-08-15 16:35:05,934 - INFO -   excitation_amplitude: 0.2
2025-08-15 16:35:05,934 - INFO -   log_interval: 50
2025-08-15 16:35:05,934 - INFO -   save_interval: 200
2025-08-15 16:35:05,934 - INFO -   gui: False
2025-08-15 16:35:05,934 - INFO -   record: False
2025-08-15 16:35:05,934 - INFO -   normalize_states: True
2025-08-15 16:35:05,934 - INFO -   record_best_episodes: True
2025-08-15 16:35:05,934 - INFO -   lr_critic: 0.01
2025-08-15 16:35:05,934 - INFO -   lr_actor: 0.005
2025-08-15 16:35:05,935 - INFO -   hidden_layer_size: [64, 64, 32]
2025-08-15 16:35:05,935 - INFO -   gamma: 0.95
2025-08-15 16:35:05,935 - INFO -   update_cycles: 2
2025-08-15 16:35:05,935 - INFO -   tau: 0.001
2025-08-15 16:35:05,935 - INFO - 
==================================================
2025-08-15 16:35:05,935 - INFO - STARTING DHP TRAINING FOR PENDULUM
2025-08-15 16:35:05,935 - INFO - ==================================================
2025-08-15 16:35:06,122 - INFO - 
Training for 1500 episodes...
2025-08-15 16:35:06,122 - INFO - Episode | Reward  | Avg Cost | Pos Error | Success | Time
2025-08-15 16:35:06,122 - INFO - ------------------------------------------------------------
2025-08-15 16:35:07,429 - INFO -       0 | -749.92 |   50.753 |    2.3688 |   0.000 |    1.3s
