2025-08-16 14:55:30,052 - INFO - ================================================================================
2025-08-16 14:55:30,052 - INFO - DHP PENDULUM TRAINING SESSION STARTED
2025-08-16 14:55:30,052 - INFO - ================================================================================
2025-08-16 14:55:30,052 - INFO - HYPERPARAMETERS:
2025-08-16 14:55:30,052 - INFO - ----------------------------------------
2025-08-16 14:55:30,052 - INFO - action_size              : 1
2025-08-16 14:55:30,052 - INFO - activation               : tanh
2025-08-16 14:55:30,052 - INFO - best_episode_gui         : False
2025-08-16 14:55:30,052 - INFO - episode_length           : 200
2025-08-16 14:55:30,052 - INFO - excitation_amplitude     : 0.2
2025-08-16 14:55:30,052 - INFO - excitation_steps         : 7500
2025-08-16 14:55:30,052 - INFO - gamma                    : 0.95
2025-08-16 14:55:30,052 - INFO - gui                      : False
2025-08-16 14:55:30,052 - INFO - hidden_layer_size        : [64, 64, 32]
2025-08-16 14:55:30,052 - INFO - log_interval             : 50
2025-08-16 14:55:30,052 - INFO - lr_actor                 : 0.005
2025-08-16 14:55:30,053 - INFO - lr_critic                : 0.01
2025-08-16 14:55:30,053 - INFO - max_steps                : 200
2025-08-16 14:55:30,053 - INFO - normalize_states         : True
2025-08-16 14:55:30,053 - INFO - num_episodes             : 1500
2025-08-16 14:55:30,053 - INFO - predict_delta            : False
2025-08-16 14:55:30,053 - INFO - record                   : False
2025-08-16 14:55:30,053 - INFO - record_best_episodes     : True
2025-08-16 14:55:30,053 - INFO - recording_fps            : 30
2025-08-16 14:55:30,053 - INFO - reference_size           : 2
2025-08-16 14:55:30,053 - INFO - render_best_only         : True
2025-08-16 14:55:30,053 - INFO - render_episode_steps     : 50
2025-08-16 14:55:30,053 - INFO - render_frequency         : 10
2025-08-16 14:55:30,053 - INFO - render_realtime          : False
2025-08-16 14:55:30,053 - INFO - render_training          : False
2025-08-16 14:55:30,053 - INFO - rls_action_size          : 1
2025-08-16 14:55:30,053 - INFO - rls_covariance           : 100.0
2025-08-16 14:55:30,053 - INFO - rls_gamma                : 0.9995
2025-08-16 14:55:30,053 - INFO - rls_state_size           : 2
2025-08-16 14:55:30,053 - INFO - save_interval            : 200
2025-08-16 14:55:30,053 - INFO - split                    : False
2025-08-16 14:55:30,053 - INFO - state_bounds             : {'theta': [-3.141592653589793, 3.141592653589793], 'theta_dot': [-8.0, 8.0]}
2025-08-16 14:55:30,053 - INFO - state_size               : 2
2025-08-16 14:55:30,053 - INFO - target_network           : True
2025-08-16 14:55:30,053 - INFO - tau                      : 0.001
2025-08-16 14:55:30,053 - INFO - update_cycles            : 2
2025-08-16 14:55:30,053 - INFO - ----------------------------------------
2025-08-16 14:55:30,053 - INFO - Log file: /home/osos/Mohamed_Masters_Thesis/DHP_pendulum/training_logs/dhp_pendulum_training_20250816_145530.log
2025-08-16 14:55:30,053 - INFO - ================================================================================
2025-08-16 14:55:30,054 - INFO - 
==================================================
2025-08-16 14:55:30,054 - INFO - STARTING DHP TRAINING FOR PENDULUM
2025-08-16 14:55:30,054 - INFO - ==================================================
2025-08-16 14:55:30,055 - WARNING - From /home/osos/Mohamed_Masters_Thesis/msc-thesis/agents/dhp.py:70: The name tf.Session is deprecated. Please use tf.compat.v1.Session instead.

2025-08-16 14:55:30,187 - WARNING - From /home/osos/Mohamed_Masters_Thesis/msc-thesis/agents/dhp.py:100: The name tf.placeholder is deprecated. Please use tf.compat.v1.placeholder instead.

2025-08-16 14:55:30,188 - WARNING - From /home/osos/Mohamed_Masters_Thesis/msc-thesis/agents/dhp.py:102: The name tf.placeholder_with_default is deprecated. Please use tf.compat.v1.placeholder_with_default instead.

2025-08-16 14:55:30,191 - WARNING - From /home/osos/Mohamed_Masters_Thesis/msc-thesis/agents/dhp.py:124: The name tf.variable_scope is deprecated. Please use tf.compat.v1.variable_scope instead.

2025-08-16 14:55:30,191 - WARNING - From /home/osos/Mohamed_Masters_Thesis/msc-thesis/agents/dhp.py:128: dense (from tensorflow.python.layers.core) is deprecated and will be removed in a future version.
Instructions for updating:
Use keras.layers.Dense instead.
2025-08-16 14:55:30,191 - WARNING - From /home/osos/anaconda3/envs/DHP/lib/python3.7/site-packages/tensorflow_core/python/layers/core.py:187: Layer.apply (from tensorflow.python.keras.engine.base_layer) is deprecated and will be removed in a future version.
Instructions for updating:
Please use `layer.__call__` method instead.
2025-08-16 14:55:30,254 - WARNING - From /home/osos/Mohamed_Masters_Thesis/msc-thesis/agents/dhp.py:133: The name tf.trainable_variables is deprecated. Please use tf.compat.v1.trainable_variables instead.

2025-08-16 14:55:30,282 - WARNING - From /home/osos/Mohamed_Masters_Thesis/msc-thesis/agents/dhp.py:139: The name tf.train.GradientDescentOptimizer is deprecated. Please use tf.compat.v1.train.GradientDescentOptimizer instead.

2025-08-16 14:55:30,345 - WARNING - From /home/osos/Mohamed_Masters_Thesis/msc-thesis/agents/dhp.py:156: The name tf.assign is deprecated. Please use tf.compat.v1.assign instead.

2025-08-16 14:55:30,436 - WARNING - From /home/osos/Mohamed_Masters_Thesis/msc-thesis/agents/dhp.py:79: The name tf.summary.merge_all is deprecated. Please use tf.compat.v1.summary.merge_all instead.

2025-08-16 14:55:30,436 - WARNING - From /home/osos/Mohamed_Masters_Thesis/msc-thesis/agents/dhp.py:80: The name tf.train.Saver is deprecated. Please use tf.compat.v1.train.Saver instead.

2025-08-16 14:55:30,450 - WARNING - From /home/osos/Mohamed_Masters_Thesis/msc-thesis/agents/dhp.py:81: The name tf.global_variables_initializer is deprecated. Please use tf.compat.v1.global_variables_initializer instead.

2025-08-16 14:55:30,514 - INFO - 
Training for 1000 episodes...
2025-08-16 14:55:30,514 - INFO - Episode | Reward  | Avg Cost | Pos Error | Success | Time
2025-08-16 14:55:30,514 - INFO - ------------------------------------------------------------
2025-08-16 14:55:32,167 - INFO -       0 | -15285.77 | 27771.681 |    3.0288 |   0.000 |    1.7s
2025-08-16 14:55:35,197 - INFO - CONVERGENCE EPISODE 2: 0.0027 rad
2025-08-16 14:55:39,555 - INFO - CONVERGENCE EPISODE 5: 0.0009 rad
2025-08-16 14:55:40,609 - INFO - CONVERGENCE EPISODE 6: 0.0015 rad
2025-08-16 14:55:41,447 - INFO - CONVERGENCE EPISODE 7: 0.0011 rad
2025-08-16 14:55:42,452 - INFO - CONVERGENCE EPISODE 8: 0.0005 rad
2025-08-16 14:55:43,511 - INFO - CONVERGENCE EPISODE 9: 0.0007 rad
2025-08-16 14:55:44,410 - INFO - CONVERGENCE EPISODE 10: 0.0026 rad
2025-08-16 14:55:44,999 - INFO - CONVERGENCE EPISODE 11: 0.0023 rad
2025-08-16 14:55:46,675 - INFO - CONVERGENCE EPISODE 12: 0.1367 rad
2025-08-16 14:55:47,109 - INFO - CONVERGENCE EPISODE 13: 0.0029 rad
2025-08-16 14:55:47,621 - INFO - CONVERGENCE EPISODE 14: 0.0007 rad
2025-08-16 14:55:47,621 - INFO - STABLE PERFORMANCE ACHIEVED starting at episode 5
2025-08-16 14:55:48,101 - INFO - CONVERGENCE EPISODE 15: 0.0011 rad
2025-08-16 14:55:49,057 - INFO - CONVERGENCE EPISODE 16: 0.0030 rad
2025-08-16 14:55:49,580 - INFO - CONVERGENCE EPISODE 17: 0.0031 rad
2025-08-16 14:55:50,456 - INFO - CONVERGENCE EPISODE 18: 0.0016 rad
2025-08-16 14:55:51,403 - INFO - CONVERGENCE EPISODE 19: 0.0027 rad
2025-08-16 14:55:52,670 - INFO - CONVERGENCE EPISODE 20: 0.0001 rad
2025-08-16 14:55:53,430 - INFO - CONVERGENCE EPISODE 21: 0.0014 rad
2025-08-16 14:55:54,070 - INFO - CONVERGENCE EPISODE 22: 0.0023 rad
2025-08-16 14:55:55,571 - INFO - CONVERGENCE EPISODE 23: 0.0017 rad
2025-08-16 14:55:55,971 - INFO - CONVERGENCE EPISODE 24: 0.0015 rad
2025-08-16 14:55:57,435 - INFO - CONVERGENCE EPISODE 25: 0.0029 rad
2025-08-16 14:55:57,436 - INFO -      25 | -1887.87 | 921162.976 |    0.0029 |   0.000 |   26.9s
2025-08-16 14:55:58,707 - INFO - CONVERGENCE EPISODE 26: 0.0025 rad
2025-08-16 14:55:59,687 - INFO - CONVERGENCE EPISODE 27: 0.0000 rad
2025-08-16 14:56:00,327 - INFO - CONVERGENCE EPISODE 28: 0.0025 rad
2025-08-16 14:56:01,452 - INFO - CONVERGENCE EPISODE 29: 0.0017 rad
2025-08-16 14:56:03,097 - INFO - CONVERGENCE EPISODE 30: 0.1584 rad
2025-08-16 14:56:04,752 - INFO - CONVERGENCE EPISODE 31: 0.1413 rad
2025-08-16 14:56:06,381 - INFO - CONVERGENCE EPISODE 32: 0.0006 rad
2025-08-16 14:56:07,111 - INFO - CONVERGENCE EPISODE 33: 0.0004 rad
2025-08-16 14:56:08,773 - INFO - CONVERGENCE EPISODE 34: 0.0937 rad
2025-08-16 14:56:09,526 - INFO - CONVERGENCE EPISODE 35: 0.0021 rad
2025-08-16 14:56:10,855 - INFO - CONVERGENCE EPISODE 36: 0.0014 rad
2025-08-16 14:56:12,508 - INFO - CONVERGENCE EPISODE 37: 0.2079 rad
2025-08-16 14:56:12,967 - INFO - CONVERGENCE EPISODE 38: 0.0025 rad
2025-08-16 14:56:14,631 - INFO - CONVERGENCE EPISODE 39: 0.1121 rad
2025-08-16 14:56:15,868 - INFO - CONVERGENCE EPISODE 40: 0.0027 rad
2025-08-16 14:56:17,445 - INFO - CONVERGENCE EPISODE 41: 0.0006 rad
2025-08-16 14:56:17,856 - INFO - CONVERGENCE EPISODE 42: 0.0008 rad
2025-08-16 14:56:19,505 - INFO - CONVERGENCE EPISODE 43: 0.0149 rad
2025-08-16 14:56:20,277 - INFO - CONVERGENCE EPISODE 44: 0.0013 rad
2025-08-16 14:56:21,902 - INFO - CONVERGENCE EPISODE 45: 0.0002 rad
2025-08-16 14:56:23,553 - INFO - CONVERGENCE EPISODE 46: 0.1270 rad
2025-08-16 14:56:24,696 - INFO - CONVERGENCE EPISODE 47: 0.0008 rad
2025-08-16 14:56:26,370 - INFO - CONVERGENCE EPISODE 48: 0.1663 rad
2025-08-16 14:56:27,428 - INFO - CONVERGENCE EPISODE 49: 0.0022 rad
2025-08-16 14:56:29,094 - INFO - CONVERGENCE EPISODE 50: 0.1691 rad
2025-08-16 14:56:29,094 - INFO -      50 | -2734.31 | 870790.579 |    0.1691 |   0.000 |   58.6s
2025-08-16 14:56:29,614 - INFO - CONVERGENCE EPISODE 51: 0.0023 rad
2025-08-16 14:56:30,294 - INFO - CONVERGENCE EPISODE 52: 0.0011 rad
2025-08-16 14:56:31,915 - INFO - CONVERGENCE EPISODE 53: 0.1782 rad
2025-08-16 14:56:33,551 - INFO - CONVERGENCE EPISODE 54: 0.0243 rad
2025-08-16 14:56:34,014 - INFO - CONVERGENCE EPISODE 55: 0.0003 rad
2025-08-16 14:56:34,432 - INFO - CONVERGENCE EPISODE 56: 0.0024 rad
2025-08-16 14:56:34,944 - INFO - CONVERGENCE EPISODE 57: 0.0011 rad
2025-08-16 14:56:36,179 - INFO - CONVERGENCE EPISODE 58: 0.0010 rad
2025-08-16 14:56:36,780 - INFO - CONVERGENCE EPISODE 59: 0.0030 rad
2025-08-16 14:56:37,540 - INFO - CONVERGENCE EPISODE 60: 0.0006 rad
2025-08-16 14:56:38,030 - INFO - CONVERGENCE EPISODE 61: 0.0015 rad
2025-08-16 14:56:38,897 - INFO - CONVERGENCE EPISODE 62: 0.0009 rad
2025-08-16 14:56:39,245 - INFO - CONVERGENCE EPISODE 63: 0.0001 rad
2025-08-16 14:56:40,251 - INFO - CONVERGENCE EPISODE 64: 0.0000 rad
2025-08-16 14:56:40,799 - INFO - CONVERGENCE EPISODE 65: 0.0000 rad
2025-08-16 14:56:42,385 - INFO - CONVERGENCE EPISODE 66: 0.0021 rad
2025-08-16 14:56:43,058 - INFO - CONVERGENCE EPISODE 67: 0.0021 rad
2025-08-16 14:56:44,254 - INFO - CONVERGENCE EPISODE 68: 0.0022 rad
2025-08-16 14:56:45,701 - INFO - CONVERGENCE EPISODE 69: 0.0016 rad
2025-08-16 14:56:47,335 - INFO - CONVERGENCE EPISODE 70: 0.2419 rad
2025-08-16 14:56:48,897 - INFO - CONVERGENCE EPISODE 71: 0.0008 rad
2025-08-16 14:56:49,924 - INFO - CONVERGENCE EPISODE 72: 0.0015 rad
2025-08-16 14:56:51,573 - INFO - CONVERGENCE EPISODE 73: 0.1080 rad
2025-08-16 14:56:52,136 - INFO - CONVERGENCE EPISODE 74: 0.0002 rad
2025-08-16 14:56:53,176 - INFO - CONVERGENCE EPISODE 75: 0.0028 rad
2025-08-16 14:56:53,176 - INFO -      75 | -2387.80 | 1266940.786 |    0.0028 |   0.000 |   82.7s
2025-08-16 14:56:54,216 - INFO - CONVERGENCE EPISODE 76: 0.0001 rad
2025-08-16 14:56:55,883 - INFO - CONVERGENCE EPISODE 77: 0.0296 rad
2025-08-16 14:56:57,614 - INFO - CONVERGENCE EPISODE 78: 0.1191 rad
2025-08-16 14:56:58,213 - INFO - CONVERGENCE EPISODE 79: 0.0017 rad
2025-08-16 14:56:58,803 - INFO - CONVERGENCE EPISODE 80: 0.0030 rad
2025-08-16 14:57:00,474 - INFO - CONVERGENCE EPISODE 81: 0.1794 rad
2025-08-16 14:57:02,144 - INFO - CONVERGENCE EPISODE 82: 0.1801 rad
2025-08-16 14:57:02,986 - INFO - CONVERGENCE EPISODE 83: 0.0005 rad
2025-08-16 14:57:04,657 - INFO - CONVERGENCE EPISODE 84: 0.1857 rad
2025-08-16 14:57:05,373 - INFO - CONVERGENCE EPISODE 85: 0.0002 rad
2025-08-16 14:57:06,330 - INFO - CONVERGENCE EPISODE 86: 0.0000 rad
2025-08-16 14:57:08,043 - INFO - CONVERGENCE EPISODE 87: 0.1230 rad
2025-08-16 14:57:09,346 - INFO - CONVERGENCE EPISODE 88: 0.0004 rad
2025-08-16 14:57:10,096 - INFO - CONVERGENCE EPISODE 89: 0.0016 rad
2025-08-16 14:57:11,708 - INFO - CONVERGENCE EPISODE 90: 0.1309 rad
2025-08-16 14:57:12,862 - INFO - CONVERGENCE EPISODE 91: 0.0004 rad
2025-08-16 14:57:14,556 - INFO - CONVERGENCE EPISODE 92: 0.0625 rad
2025-08-16 14:57:15,598 - INFO - CONVERGENCE EPISODE 93: 0.0017 rad
2025-08-16 14:57:17,274 - INFO - CONVERGENCE EPISODE 94: 0.2290 rad
2025-08-16 14:57:18,202 - INFO - CONVERGENCE EPISODE 95: 0.0028 rad
2025-08-16 14:57:19,895 - INFO - CONVERGENCE EPISODE 96: 0.1345 rad
2025-08-16 14:57:21,557 - INFO - CONVERGENCE EPISODE 97: 0.0693 rad
2025-08-16 14:57:23,004 - INFO - CONVERGENCE EPISODE 98: 0.0018 rad
2025-08-16 14:57:23,654 - INFO - CONVERGENCE EPISODE 99: 0.0009 rad
2025-08-16 14:57:24,162 - INFO - CONVERGENCE EPISODE 100: 0.0015 rad
2025-08-16 14:57:24,162 - INFO - 
2025-08-16 14:57:24,162 - INFO - MILESTONE 100 ANALYSIS:
2025-08-16 14:57:24,162 - INFO -   Recent 50 episodes avg position error: 0.0408 ± 0.0700 rad
2025-08-16 14:57:24,162 - INFO -   Recent 50 episodes avg cost: 1288806.676
2025-08-16 14:57:24,162 - INFO -   Recent 50 episodes success rate: 0.00%
2025-08-16 14:57:24,162 - INFO -   Convergent episodes ratio (< 0.5 rad): 100.00%
2025-08-16 14:57:24,162 - INFO -   Total convergent episodes so far: 97
2025-08-16 14:57:24,162 - INFO -   Best performance: 0.0000 rad at episode 64
2025-08-16 14:57:24,162 - INFO -   Stable performance maintained since episode 5
2025-08-16 14:57:24,162 - INFO - 
2025-08-16 14:57:24,162 - INFO -     100 | -1485.60 | 1952104.090 |    0.0015 |   0.000 |  113.6s
2025-08-16 14:57:24,363 - INFO - CONVERGENCE EPISODE 101: 0.0031 rad
2025-08-16 14:57:26,003 - INFO - CONVERGENCE EPISODE 102: 0.2224 rad
2025-08-16 14:57:27,649 - INFO - CONVERGENCE EPISODE 103: 0.1283 rad
2025-08-16 14:57:29,381 - INFO - CONVERGENCE EPISODE 104: 0.2280 rad
2025-08-16 14:57:31,095 - INFO - CONVERGENCE EPISODE 105: 0.1643 rad
2025-08-16 14:57:32,747 - INFO - CONVERGENCE EPISODE 106: 0.1059 rad
2025-08-16 14:57:33,411 - INFO - CONVERGENCE EPISODE 107: 0.0002 rad
2025-08-16 14:57:35,074 - INFO - CONVERGENCE EPISODE 108: 0.1820 rad
2025-08-16 14:57:36,729 - INFO - CONVERGENCE EPISODE 109: 0.1634 rad
2025-08-16 14:57:38,088 - INFO - CONVERGENCE EPISODE 110: 0.0001 rad
2025-08-16 14:57:39,307 - INFO - CONVERGENCE EPISODE 111: 0.0000 rad
2025-08-16 14:57:40,022 - INFO - CONVERGENCE EPISODE 112: 0.0009 rad
2025-08-16 14:57:41,652 - INFO - CONVERGENCE EPISODE 113: 0.1263 rad
2025-08-16 14:57:43,194 - INFO - CONVERGENCE EPISODE 114: 0.0023 rad
2025-08-16 14:57:44,169 - INFO - CONVERGENCE EPISODE 115: 0.0020 rad
2025-08-16 14:57:45,894 - INFO - CONVERGENCE EPISODE 116: 0.0400 rad
2025-08-16 14:57:46,499 - INFO - CONVERGENCE EPISODE 117: 0.0018 rad
2025-08-16 14:57:47,484 - INFO - CONVERGENCE EPISODE 118: 0.0030 rad
2025-08-16 14:57:48,390 - INFO - CONVERGENCE EPISODE 119: 0.0016 rad
2025-08-16 14:57:49,315 - INFO - CONVERGENCE EPISODE 120: 0.0022 rad
2025-08-16 14:57:51,008 - INFO - CONVERGENCE EPISODE 121: 0.1981 rad
2025-08-16 14:57:52,696 - INFO - CONVERGENCE EPISODE 122: 0.0526 rad
2025-08-16 14:57:53,733 - INFO - CONVERGENCE EPISODE 123: 0.0019 rad
2025-08-16 14:57:54,188 - INFO - CONVERGENCE EPISODE 124: 0.0001 rad
2025-08-16 14:57:55,270 - INFO - CONVERGENCE EPISODE 125: 0.0001 rad
2025-08-16 14:57:55,271 - INFO -     125 | -1969.65 | 1217420.640 |    0.0001 |   0.000 |  144.8s
2025-08-16 14:57:55,916 - INFO - CONVERGENCE EPISODE 126: 0.0025 rad
2025-08-16 14:57:57,544 - INFO - CONVERGENCE EPISODE 127: 0.0097 rad
2025-08-16 14:57:57,733 - INFO - CONVERGENCE EPISODE 128: 0.0025 rad
2025-08-16 14:57:59,065 - INFO - CONVERGENCE EPISODE 129: 0.0013 rad
2025-08-16 14:57:59,624 - INFO - CONVERGENCE EPISODE 130: 0.0008 rad
2025-08-16 14:58:00,052 - INFO - CONVERGENCE EPISODE 131: 0.0020 rad
2025-08-16 14:58:00,350 - INFO - CONVERGENCE EPISODE 132: 0.0021 rad
2025-08-16 14:58:01,157 - INFO - CONVERGENCE EPISODE 133: 0.0022 rad
2025-08-16 14:58:02,408 - INFO - CONVERGENCE EPISODE 134: 0.0021 rad
2025-08-16 14:58:04,089 - INFO - CONVERGENCE EPISODE 135: 0.2067 rad
2025-08-16 14:58:05,039 - INFO - CONVERGENCE EPISODE 136: 0.0022 rad
2025-08-16 14:58:05,966 - INFO - CONVERGENCE EPISODE 137: 0.0004 rad
2025-08-16 14:58:07,633 - INFO - CONVERGENCE EPISODE 138: 0.2173 rad
2025-08-16 14:58:09,305 - INFO - CONVERGENCE EPISODE 139: 0.1215 rad
2025-08-16 14:58:10,944 - INFO - CONVERGENCE EPISODE 140: 0.1112 rad
2025-08-16 14:58:12,095 - INFO - CONVERGENCE EPISODE 141: 0.0005 rad
2025-08-16 14:58:12,657 - INFO - CONVERGENCE EPISODE 142: 0.0026 rad
2025-08-16 14:58:13,737 - INFO - CONVERGENCE EPISODE 143: 0.0006 rad
2025-08-16 14:58:15,287 - INFO - CONVERGENCE EPISODE 144: 0.0023 rad
2025-08-16 14:58:16,136 - INFO - CONVERGENCE EPISODE 145: 0.0027 rad
2025-08-16 14:58:17,770 - INFO - CONVERGENCE EPISODE 146: 0.1841 rad
2025-08-16 14:58:18,628 - INFO - CONVERGENCE EPISODE 147: 0.0017 rad
2025-08-16 14:58:19,302 - INFO - CONVERGENCE EPISODE 148: 0.0002 rad
2025-08-16 14:58:20,489 - INFO - CONVERGENCE EPISODE 149: 0.0008 rad
2025-08-16 14:58:22,128 - INFO - CONVERGENCE EPISODE 150: 0.1348 rad
2025-08-16 14:58:22,129 - INFO -     150 | -1439.72 | 917177.526 |    0.1348 |   0.000 |  171.6s
2025-08-16 14:58:23,671 - INFO - CONVERGENCE EPISODE 151: 0.0008 rad
2025-08-16 14:58:24,459 - INFO - CONVERGENCE EPISODE 152: 0.0014 rad
2025-08-16 14:58:25,179 - INFO - CONVERGENCE EPISODE 153: 0.0007 rad
2025-08-16 14:58:26,120 - INFO - CONVERGENCE EPISODE 154: 0.0002 rad
2025-08-16 14:58:26,454 - INFO - CONVERGENCE EPISODE 155: 0.0030 rad
2025-08-16 14:58:26,981 - INFO - CONVERGENCE EPISODE 156: 0.0001 rad
2025-08-16 14:58:27,176 - INFO - CONVERGENCE EPISODE 157: 0.0027 rad
2025-08-16 14:58:28,114 - INFO - CONVERGENCE EPISODE 158: 0.0022 rad
2025-08-16 14:58:28,715 - INFO - CONVERGENCE EPISODE 159: 0.0029 rad
2025-08-16 14:58:30,067 - INFO - CONVERGENCE EPISODE 160: 0.0016 rad
2025-08-16 14:58:31,470 - INFO - CONVERGENCE EPISODE 161: 0.0004 rad
2025-08-16 14:58:31,938 - INFO - CONVERGENCE EPISODE 162: 0.0009 rad
2025-08-16 14:58:32,794 - INFO - CONVERGENCE EPISODE 163: 0.0001 rad
2025-08-16 14:58:33,209 - INFO - CONVERGENCE EPISODE 164: 0.0025 rad
2025-08-16 14:58:34,587 - INFO - CONVERGENCE EPISODE 165: 0.0017 rad
2025-08-16 14:58:35,546 - INFO - CONVERGENCE EPISODE 166: 0.0014 rad
2025-08-16 14:58:36,650 - INFO - CONVERGENCE EPISODE 167: 0.0031 rad
2025-08-16 14:58:38,326 - INFO - CONVERGENCE EPISODE 168: 0.1263 rad
2025-08-16 14:58:38,929 - INFO - CONVERGENCE EPISODE 169: 0.0020 rad
2025-08-16 14:58:39,845 - INFO - CONVERGENCE EPISODE 170: 0.0003 rad
2025-08-16 14:58:40,575 - INFO - CONVERGENCE EPISODE 171: 0.0012 rad
2025-08-16 14:58:41,233 - INFO - CONVERGENCE EPISODE 172: 0.0014 rad
2025-08-16 14:58:42,094 - INFO - CONVERGENCE EPISODE 173: 0.0006 rad
2025-08-16 14:58:43,757 - INFO - CONVERGENCE EPISODE 174: 0.1156 rad
2025-08-16 14:58:44,473 - INFO - CONVERGENCE EPISODE 175: 0.0003 rad
2025-08-16 14:58:44,473 - INFO -     175 | -1309.93 | 1498228.084 |    0.0003 |   0.000 |  194.0s
2025-08-16 14:58:45,769 - INFO - CONVERGENCE EPISODE 176: 0.0002 rad
2025-08-16 14:58:46,641 - INFO - CONVERGENCE EPISODE 177: 0.0006 rad
2025-08-16 14:58:48,047 - INFO - CONVERGENCE EPISODE 178: 0.0000 rad
2025-08-16 14:58:49,383 - INFO - CONVERGENCE EPISODE 179: 0.0024 rad
2025-08-16 14:58:49,786 - INFO - CONVERGENCE EPISODE 180: 0.0012 rad
2025-08-16 14:58:51,234 - INFO - CONVERGENCE EPISODE 181: 0.0027 rad
2025-08-16 14:58:51,911 - INFO - CONVERGENCE EPISODE 182: 0.0022 rad
2025-08-16 14:58:52,837 - INFO - CONVERGENCE EPISODE 183: 0.0011 rad
2025-08-16 14:58:53,818 - INFO - CONVERGENCE EPISODE 184: 0.0023 rad
2025-08-16 14:58:54,929 - INFO - CONVERGENCE EPISODE 185: 0.0005 rad
2025-08-16 14:58:55,670 - INFO - CONVERGENCE EPISODE 186: 0.0014 rad
2025-08-16 14:58:56,447 - INFO - CONVERGENCE EPISODE 187: 0.0016 rad
2025-08-16 14:58:57,289 - INFO - CONVERGENCE EPISODE 188: 0.0022 rad
2025-08-16 14:58:58,803 - INFO - CONVERGENCE EPISODE 189: 0.0023 rad
2025-08-16 14:58:59,773 - INFO - CONVERGENCE EPISODE 190: 0.0022 rad
2025-08-16 14:59:00,701 - INFO - CONVERGENCE EPISODE 191: 0.0012 rad
2025-08-16 14:59:01,587 - INFO - CONVERGENCE EPISODE 192: 0.0008 rad
2025-08-16 14:59:03,178 - INFO - CONVERGENCE EPISODE 193: 0.0024 rad
2025-08-16 14:59:04,865 - INFO - CONVERGENCE EPISODE 194: 0.0007 rad
2025-08-16 14:59:06,204 - INFO - CONVERGENCE EPISODE 195: 0.0005 rad
2025-08-16 14:59:07,071 - INFO - CONVERGENCE EPISODE 196: 0.0000 rad
2025-08-16 14:59:08,492 - INFO - CONVERGENCE EPISODE 197: 0.0010 rad
2025-08-16 14:59:09,337 - INFO - CONVERGENCE EPISODE 198: 0.0011 rad
2025-08-16 14:59:10,605 - INFO - CONVERGENCE EPISODE 199: 0.0005 rad
2025-08-16 14:59:12,224 - INFO - CONVERGENCE EPISODE 200: 0.1850 rad
2025-08-16 14:59:12,224 - INFO -     200 | -1374.62 | 920168.845 |    0.1850 |   0.000 |  221.7s
2025-08-16 14:59:13,005 - INFO - CONVERGENCE EPISODE 201: 0.0018 rad
2025-08-16 14:59:14,305 - INFO - CONVERGENCE EPISODE 202: 0.0020 rad
2025-08-16 14:59:16,019 - INFO - CONVERGENCE EPISODE 203: 0.2315 rad
2025-08-16 14:59:16,557 - INFO - CONVERGENCE EPISODE 204: 0.0008 rad
2025-08-16 14:59:17,258 - INFO - CONVERGENCE EPISODE 205: 0.0012 rad
2025-08-16 14:59:18,429 - INFO - CONVERGENCE EPISODE 206: 0.0004 rad
2025-08-16 14:59:19,128 - INFO - CONVERGENCE EPISODE 207: 0.0031 rad
2025-08-16 14:59:19,997 - INFO - CONVERGENCE EPISODE 208: 0.0011 rad
2025-08-16 14:59:20,494 - INFO - CONVERGENCE EPISODE 209: 0.0010 rad
2025-08-16 14:59:21,295 - INFO - CONVERGENCE EPISODE 210: 0.0014 rad
2025-08-16 14:59:22,140 - INFO - CONVERGENCE EPISODE 211: 0.0001 rad
2025-08-16 14:59:23,791 - INFO - CONVERGENCE EPISODE 212: 0.1695 rad
2025-08-16 14:59:24,771 - INFO - CONVERGENCE EPISODE 213: 0.0030 rad
2025-08-16 14:59:25,850 - INFO - CONVERGENCE EPISODE 214: 0.0030 rad
2025-08-16 14:59:27,265 - INFO - CONVERGENCE EPISODE 215: 0.0026 rad
2025-08-16 14:59:28,252 - INFO - CONVERGENCE EPISODE 216: 0.0027 rad
2025-08-16 14:59:28,977 - INFO - CONVERGENCE EPISODE 217: 0.0024 rad
2025-08-16 14:59:29,582 - INFO - CONVERGENCE EPISODE 218: 0.0021 rad
2025-08-16 14:59:30,679 - INFO - CONVERGENCE EPISODE 219: 0.0022 rad
2025-08-16 14:59:31,416 - INFO - CONVERGENCE EPISODE 220: 0.0019 rad
2025-08-16 14:59:32,188 - INFO - CONVERGENCE EPISODE 221: 0.0004 rad
2025-08-16 14:59:32,968 - INFO - CONVERGENCE EPISODE 222: 0.0026 rad
2025-08-16 14:59:33,782 - INFO - CONVERGENCE EPISODE 223: 0.0026 rad
2025-08-16 14:59:35,442 - INFO - CONVERGENCE EPISODE 224: 0.1045 rad
2025-08-16 14:59:37,082 - INFO - CONVERGENCE EPISODE 225: 0.3178 rad
2025-08-16 14:59:37,082 - INFO -     225 | -2224.42 | 1040234.216 |    0.3178 |   0.000 |  246.6s
2025-08-16 14:59:38,403 - INFO - CONVERGENCE EPISODE 226: 0.0006 rad
2025-08-16 14:59:39,310 - INFO - CONVERGENCE EPISODE 227: 0.0023 rad
2025-08-16 14:59:39,498 - INFO - CONVERGENCE EPISODE 228: 0.0022 rad
2025-08-16 14:59:40,994 - INFO - CONVERGENCE EPISODE 229: 0.0016 rad
2025-08-16 14:59:41,589 - INFO - CONVERGENCE EPISODE 230: 0.0021 rad
2025-08-16 14:59:43,077 - INFO - CONVERGENCE EPISODE 231: 0.0019 rad
2025-08-16 14:59:44,353 - INFO - CONVERGENCE EPISODE 232: 0.0017 rad
2025-08-16 14:59:45,128 - INFO - CONVERGENCE EPISODE 233: 0.0001 rad
2025-08-16 14:59:45,903 - INFO - CONVERGENCE EPISODE 234: 0.0001 rad
2025-08-16 14:59:47,555 - INFO - CONVERGENCE EPISODE 235: 0.0983 rad
2025-08-16 14:59:49,108 - INFO - CONVERGENCE EPISODE 236: 0.0020 rad
2025-08-16 14:59:50,675 - INFO - CONVERGENCE EPISODE 237: 0.0020 rad
2025-08-16 14:59:52,327 - INFO - CONVERGENCE EPISODE 238: 0.1612 rad
2025-08-16 14:59:53,256 - INFO - CONVERGENCE EPISODE 239: 0.0023 rad
2025-08-16 14:59:53,843 - INFO - CONVERGENCE EPISODE 240: 0.0009 rad
2025-08-16 14:59:54,881 - INFO - CONVERGENCE EPISODE 241: 0.0022 rad
2025-08-16 14:59:55,521 - INFO - CONVERGENCE EPISODE 242: 0.0003 rad
2025-08-16 14:59:57,152 - INFO - CONVERGENCE EPISODE 243: 0.0015 rad
2025-08-16 14:59:58,829 - INFO - CONVERGENCE EPISODE 244: 0.1664 rad
2025-08-16 15:00:00,498 - INFO - CONVERGENCE EPISODE 245: 0.3688 rad
2025-08-16 15:00:01,696 - INFO - CONVERGENCE EPISODE 246: 0.0015 rad
2025-08-16 15:00:02,989 - INFO - CONVERGENCE EPISODE 247: 0.0019 rad
2025-08-16 15:00:04,706 - INFO - CONVERGENCE EPISODE 248: 0.3472 rad
2025-08-16 15:00:06,161 - INFO - CONVERGENCE EPISODE 249: 0.0029 rad
2025-08-16 15:00:07,827 - INFO - CONVERGENCE EPISODE 250: 0.1806 rad
2025-08-16 15:00:07,827 - INFO - 
2025-08-16 15:00:07,828 - INFO - MILESTONE 250 ANALYSIS:
2025-08-16 15:00:07,828 - INFO -   Recent 50 episodes avg position error: 0.0443 ± 0.0947 rad
2025-08-16 15:00:07,828 - INFO -   Recent 50 episodes avg cost: 1349284.242
2025-08-16 15:00:07,828 - INFO -   Recent 50 episodes success rate: 0.00%
2025-08-16 15:00:07,828 - INFO -   Convergent episodes ratio (< 0.5 rad): 100.00%
2025-08-16 15:00:07,828 - INFO -   Total convergent episodes so far: 247
2025-08-16 15:00:07,828 - INFO -   Best performance: 0.0000 rad at episode 64
2025-08-16 15:00:07,828 - INFO -   Stable performance maintained since episode 5
2025-08-16 15:00:07,828 - INFO - 
2025-08-16 15:00:07,828 - INFO -     250 | -2440.26 | 1175201.555 |    0.1806 |   0.000 |  277.3s
2025-08-16 15:00:09,529 - INFO - CONVERGENCE EPISODE 251: 0.3966 rad
2025-08-16 15:00:11,189 - INFO - CONVERGENCE EPISODE 252: 0.0493 rad
2025-08-16 15:00:12,084 - INFO - CONVERGENCE EPISODE 253: 0.0003 rad
2025-08-16 15:00:12,704 - INFO - CONVERGENCE EPISODE 254: 0.0005 rad
2025-08-16 15:00:14,115 - INFO - CONVERGENCE EPISODE 255: 0.0023 rad
2025-08-16 15:00:15,749 - INFO - CONVERGENCE EPISODE 256: 0.2244 rad
2025-08-16 15:00:17,398 - INFO - CONVERGENCE EPISODE 257: 0.1861 rad
2025-08-16 15:00:19,106 - INFO - CONVERGENCE EPISODE 258: 0.2710 rad
2025-08-16 15:00:20,762 - INFO - CONVERGENCE EPISODE 259: 0.3054 rad
2025-08-16 15:00:22,392 - INFO - CONVERGENCE EPISODE 260: 0.3486 rad
2025-08-16 15:00:24,071 - INFO - CONVERGENCE EPISODE 261: 0.3472 rad
2025-08-16 15:00:25,810 - INFO - CONVERGENCE EPISODE 262: 0.3084 rad
2025-08-16 15:00:27,472 - INFO - CONVERGENCE EPISODE 263: 0.3593 rad
2025-08-16 15:00:28,720 - INFO - CONVERGENCE EPISODE 264: 0.0028 rad
2025-08-16 15:00:30,393 - INFO - CONVERGENCE EPISODE 265: 0.3371 rad
2025-08-16 15:00:32,044 - INFO - CONVERGENCE EPISODE 266: 0.2989 rad
2025-08-16 15:00:33,092 - INFO - CONVERGENCE EPISODE 267: 0.0008 rad
2025-08-16 15:00:33,289 - INFO - CONVERGENCE EPISODE 268: 0.0028 rad
2025-08-16 15:00:44,317 - INFO -     275 | -4192.69 | 117612.119 |    1.4483 |   0.000 |  313.8s
2025-08-16 15:00:57,104 - INFO - CONVERGENCE EPISODE 283: 0.4184 rad
2025-08-16 15:00:58,756 - INFO - CONVERGENCE EPISODE 284: 0.3548 rad
2025-08-16 15:01:00,422 - INFO - CONVERGENCE EPISODE 285: 0.3119 rad
2025-08-16 15:01:02,062 - INFO - CONVERGENCE EPISODE 286: 0.2972 rad
2025-08-16 15:01:03,734 - INFO - CONVERGENCE EPISODE 287: 0.0871 rad
2025-08-16 15:01:05,402 - INFO - CONVERGENCE EPISODE 288: 0.0730 rad
2025-08-16 15:01:07,083 - INFO - CONVERGENCE EPISODE 289: 0.0193 rad
2025-08-16 15:01:08,721 - INFO - CONVERGENCE EPISODE 290: 0.0027 rad
2025-08-16 15:01:10,326 - INFO - CONVERGENCE EPISODE 291: 0.0017 rad
2025-08-16 15:01:11,866 - INFO - CONVERGENCE EPISODE 292: 0.0026 rad
2025-08-16 15:01:13,241 - INFO - CONVERGENCE EPISODE 293: 0.0023 rad
2025-08-16 15:01:14,594 - INFO - CONVERGENCE EPISODE 294: 0.0030 rad
2025-08-16 15:01:15,982 - INFO - CONVERGENCE EPISODE 295: 0.0022 rad
2025-08-16 15:01:17,263 - INFO - CONVERGENCE EPISODE 296: 0.0014 rad
2025-08-16 15:01:18,513 - INFO - CONVERGENCE EPISODE 297: 0.0026 rad
2025-08-16 15:01:19,757 - INFO - CONVERGENCE EPISODE 298: 0.0011 rad
2025-08-16 15:01:20,933 - INFO - CONVERGENCE EPISODE 299: 0.0026 rad
2025-08-16 15:01:22,088 - INFO - CONVERGENCE EPISODE 300: 0.0012 rad
2025-08-16 15:01:22,088 - INFO -     300 | -2481.42 | 85446.283 |    0.0012 |   0.000 |  351.6s
2025-08-16 15:01:23,325 - INFO - CONVERGENCE EPISODE 301: 0.0026 rad
2025-08-16 15:01:25,021 - INFO - CONVERGENCE EPISODE 302: 0.4336 rad
2025-08-16 15:01:26,711 - INFO - CONVERGENCE EPISODE 303: 0.3072 rad
2025-08-16 15:01:28,358 - INFO - CONVERGENCE EPISODE 304: 0.2916 rad
2025-08-16 15:01:30,029 - INFO - CONVERGENCE EPISODE 305: 0.2196 rad
2025-08-16 15:01:31,673 - INFO - CONVERGENCE EPISODE 306: 0.0057 rad
2025-08-16 15:01:33,328 - INFO - CONVERGENCE EPISODE 307: 0.0141 rad
2025-08-16 15:01:34,928 - INFO - CONVERGENCE EPISODE 308: 0.0031 rad
2025-08-16 15:01:36,425 - INFO - CONVERGENCE EPISODE 309: 0.0026 rad
2025-08-16 15:01:37,929 - INFO - CONVERGENCE EPISODE 310: 0.0027 rad
2025-08-16 15:01:39,611 - INFO - CONVERGENCE EPISODE 311: 0.2827 rad
2025-08-16 15:01:41,233 - INFO - CONVERGENCE EPISODE 312: 0.2812 rad
2025-08-16 15:01:42,877 - INFO - CONVERGENCE EPISODE 313: 0.3238 rad
2025-08-16 15:01:44,545 - INFO - CONVERGENCE EPISODE 314: 0.0365 rad
2025-08-16 15:01:46,220 - INFO - CONVERGENCE EPISODE 315: 0.2732 rad
2025-08-16 15:01:47,906 - INFO - CONVERGENCE EPISODE 316: 0.2439 rad
2025-08-16 15:01:49,690 - INFO - CONVERGENCE EPISODE 317: 0.0911 rad
2025-08-16 15:01:51,315 - INFO - CONVERGENCE EPISODE 318: 0.2612 rad
2025-08-16 15:01:52,968 - INFO - CONVERGENCE EPISODE 319: 0.0068 rad
2025-08-16 15:01:54,700 - INFO - CONVERGENCE EPISODE 320: 0.2623 rad
2025-08-16 15:01:56,420 - INFO - CONVERGENCE EPISODE 321: 0.1672 rad
2025-08-16 15:01:58,133 - INFO - CONVERGENCE EPISODE 322: 0.0639 rad
2025-08-16 15:01:59,836 - INFO - CONVERGENCE EPISODE 323: 0.1617 rad
2025-08-16 15:02:01,449 - INFO - CONVERGENCE EPISODE 324: 0.1303 rad
2025-08-16 15:02:03,157 - INFO - CONVERGENCE EPISODE 325: 0.1142 rad
2025-08-16 15:02:03,157 - INFO -     325 | -2718.42 | 46202.523 |    0.1142 |   0.000 |  392.6s
2025-08-16 15:02:04,888 - INFO - CONVERGENCE EPISODE 326: 0.0972 rad
2025-08-16 15:02:06,536 - INFO - CONVERGENCE EPISODE 327: 0.1333 rad
2025-08-16 15:02:08,222 - INFO - CONVERGENCE EPISODE 328: 0.1178 rad
2025-08-16 15:02:09,906 - INFO - CONVERGENCE EPISODE 329: 0.1029 rad
2025-08-16 15:02:11,596 - INFO - CONVERGENCE EPISODE 330: 0.1278 rad
2025-08-16 15:02:13,261 - INFO - CONVERGENCE EPISODE 331: 0.0956 rad
2025-08-16 15:02:14,916 - INFO - CONVERGENCE EPISODE 332: 0.0943 rad
2025-08-16 15:02:16,556 - INFO - CONVERGENCE EPISODE 333: 0.1301 rad
2025-08-16 15:02:18,217 - INFO - CONVERGENCE EPISODE 334: 0.0947 rad
2025-08-16 15:02:19,906 - INFO - CONVERGENCE EPISODE 335: 0.0825 rad
2025-08-16 15:02:21,572 - INFO - CONVERGENCE EPISODE 336: 0.1387 rad
2025-08-16 15:02:23,240 - INFO - CONVERGENCE EPISODE 337: 0.0890 rad
2025-08-16 15:02:24,956 - INFO - CONVERGENCE EPISODE 338: 0.0815 rad
2025-08-16 15:02:26,613 - INFO - CONVERGENCE EPISODE 339: 0.0728 rad
2025-08-16 15:02:28,252 - INFO - CONVERGENCE EPISODE 340: 0.1563 rad
2025-08-16 15:02:29,932 - INFO - CONVERGENCE EPISODE 341: 0.0733 rad
2025-08-16 15:02:31,617 - INFO - CONVERGENCE EPISODE 342: 0.0706 rad
2025-08-16 15:02:33,258 - INFO - CONVERGENCE EPISODE 343: 0.0616 rad
2025-08-16 15:02:34,933 - INFO - CONVERGENCE EPISODE 344: 0.0546 rad
2025-08-16 15:02:36,590 - INFO - CONVERGENCE EPISODE 345: 0.0521 rad
2025-08-16 15:02:38,266 - INFO - CONVERGENCE EPISODE 346: 0.0428 rad
2025-08-16 15:02:39,952 - INFO - CONVERGENCE EPISODE 347: 0.0359 rad
2025-08-16 15:02:41,634 - INFO - CONVERGENCE EPISODE 348: 0.0315 rad
2025-08-16 15:02:43,283 - INFO - CONVERGENCE EPISODE 349: 0.2761 rad
2025-08-16 15:02:44,967 - INFO - CONVERGENCE EPISODE 350: 0.0336 rad
2025-08-16 15:02:44,986 - INFO -     350 | -3078.15 | 59233.367 |    0.0336 |   0.000 |  434.5s
2025-08-16 15:02:46,639 - INFO - CONVERGENCE EPISODE 351: 0.0366 rad
2025-08-16 15:02:48,382 - INFO - CONVERGENCE EPISODE 352: 0.0350 rad
2025-08-16 15:02:50,083 - INFO - CONVERGENCE EPISODE 353: 0.0275 rad
2025-08-16 15:02:51,742 - INFO - CONVERGENCE EPISODE 354: 0.0239 rad
2025-08-16 15:02:53,378 - INFO - CONVERGENCE EPISODE 355: 0.0161 rad
2025-08-16 15:02:55,089 - INFO - CONVERGENCE EPISODE 356: 0.0153 rad
2025-08-16 15:02:56,733 - INFO - CONVERGENCE EPISODE 357: 0.2919 rad
2025-08-16 15:02:58,390 - INFO - CONVERGENCE EPISODE 358: 0.2828 rad
2025-08-16 15:03:00,074 - INFO - CONVERGENCE EPISODE 359: 0.2187 rad
2025-08-16 15:03:01,736 - INFO - CONVERGENCE EPISODE 360: 0.1576 rad
2025-08-16 15:03:03,434 - INFO - CONVERGENCE EPISODE 361: 0.1430 rad
2025-08-16 15:03:05,181 - INFO - CONVERGENCE EPISODE 362: 0.0804 rad
2025-08-16 15:03:06,835 - INFO - CONVERGENCE EPISODE 363: 0.0867 rad
2025-08-16 15:03:08,492 - INFO - CONVERGENCE EPISODE 364: 0.1367 rad
2025-08-16 15:03:10,176 - INFO - CONVERGENCE EPISODE 365: 0.1354 rad
2025-08-16 15:03:11,801 - INFO - CONVERGENCE EPISODE 366: 0.0956 rad
2025-08-16 15:03:13,460 - INFO - CONVERGENCE EPISODE 367: 0.1351 rad
2025-08-16 15:03:15,166 - INFO - CONVERGENCE EPISODE 368: 0.1084 rad
2025-08-16 15:03:16,886 - INFO - CONVERGENCE EPISODE 369: 0.0906 rad
2025-08-16 15:03:18,541 - INFO - CONVERGENCE EPISODE 370: 0.0856 rad
2025-08-16 15:03:20,210 - INFO - CONVERGENCE EPISODE 371: 0.0792 rad
2025-08-16 15:03:21,869 - INFO - CONVERGENCE EPISODE 372: 0.0662 rad
2025-08-16 15:03:23,539 - INFO - CONVERGENCE EPISODE 373: 0.1962 rad
2025-08-16 15:03:25,373 - INFO - CONVERGENCE EPISODE 374: 0.1451 rad
2025-08-16 15:03:27,010 - INFO - CONVERGENCE EPISODE 375: 0.0836 rad
2025-08-16 15:03:27,011 - INFO -     375 | -2722.05 | 49990.976 |    0.0836 |   0.000 |  476.5s
2025-08-16 15:03:28,681 - INFO - CONVERGENCE EPISODE 376: 0.1480 rad
2025-08-16 15:03:30,356 - INFO - CONVERGENCE EPISODE 377: 0.1237 rad
2025-08-16 15:03:32,030 - INFO - CONVERGENCE EPISODE 378: 0.1092 rad
2025-08-16 15:03:33,701 - INFO - CONVERGENCE EPISODE 379: 0.1231 rad
2025-08-16 15:03:35,365 - INFO - CONVERGENCE EPISODE 380: 0.1134 rad
2025-08-16 15:03:37,032 - INFO - CONVERGENCE EPISODE 381: 0.0934 rad
2025-08-16 15:03:38,706 - INFO - CONVERGENCE EPISODE 382: 0.0880 rad
2025-08-16 15:03:40,344 - INFO - CONVERGENCE EPISODE 383: 0.0744 rad
2025-08-16 15:03:41,969 - INFO - CONVERGENCE EPISODE 384: 0.0703 rad
2025-08-16 15:03:43,621 - INFO - CONVERGENCE EPISODE 385: 0.0590 rad
2025-08-16 15:03:45,343 - INFO - CONVERGENCE EPISODE 386: 0.0524 rad
2025-08-16 15:03:46,980 - INFO - CONVERGENCE EPISODE 387: 0.0450 rad
2025-08-16 15:03:48,781 - INFO - CONVERGENCE EPISODE 388: 0.0392 rad
2025-08-16 15:03:50,427 - INFO - CONVERGENCE EPISODE 389: 0.0331 rad
2025-08-16 15:03:52,066 - INFO - CONVERGENCE EPISODE 390: 0.0236 rad
2025-08-16 15:03:53,719 - INFO - CONVERGENCE EPISODE 391: 0.3001 rad
2025-08-16 15:03:55,385 - INFO - CONVERGENCE EPISODE 392: 0.0315 rad
2025-08-16 15:03:57,043 - INFO - CONVERGENCE EPISODE 393: 0.0370 rad
2025-08-16 15:03:58,689 - INFO - CONVERGENCE EPISODE 394: 0.0299 rad
2025-08-16 15:04:00,343 - INFO - CONVERGENCE EPISODE 395: 0.0238 rad
2025-08-16 15:04:01,995 - INFO - CONVERGENCE EPISODE 396: 0.0182 rad
2025-08-16 15:04:03,696 - INFO - CONVERGENCE EPISODE 397: 0.0132 rad
2025-08-16 15:04:05,406 - INFO - CONVERGENCE EPISODE 398: 0.3152 rad
2025-08-16 15:04:07,089 - INFO - CONVERGENCE EPISODE 399: 0.0177 rad
2025-08-16 15:04:08,807 - INFO - CONVERGENCE EPISODE 400: 0.0251 rad
2025-08-16 15:04:08,807 - INFO -     400 | -2617.59 | 50284.694 |    0.0251 |   0.000 |  518.3s
2025-08-16 15:04:10,479 - INFO - CONVERGENCE EPISODE 401: 0.0160 rad
2025-08-16 15:04:12,119 - INFO - CONVERGENCE EPISODE 402: 0.0175 rad
2025-08-16 15:04:13,782 - INFO - CONVERGENCE EPISODE 403: 0.0112 rad
2025-08-16 15:04:15,441 - INFO - CONVERGENCE EPISODE 404: 0.0045 rad
2025-08-16 15:04:17,093 - INFO - CONVERGENCE EPISODE 405: 0.0032 rad
2025-08-16 15:04:18,738 - INFO - CONVERGENCE EPISODE 406: 0.0028 rad
2025-08-16 15:04:20,364 - INFO - CONVERGENCE EPISODE 407: 0.0021 rad
2025-08-16 15:04:21,995 - INFO - CONVERGENCE EPISODE 408: 0.2919 rad
2025-08-16 15:04:23,656 - INFO - CONVERGENCE EPISODE 409: 0.3130 rad
2025-08-16 15:04:25,307 - INFO - CONVERGENCE EPISODE 410: 0.0090 rad
2025-08-16 15:04:26,964 - INFO - CONVERGENCE EPISODE 411: 0.2785 rad
2025-08-16 15:04:28,586 - INFO - CONVERGENCE EPISODE 412: 0.0383 rad
2025-08-16 15:04:30,250 - INFO - CONVERGENCE EPISODE 413: 0.0491 rad
2025-08-16 15:04:31,945 - INFO - CONVERGENCE EPISODE 414: 0.2903 rad
2025-08-16 15:04:33,610 - INFO - CONVERGENCE EPISODE 415: 0.2144 rad
2025-08-16 15:04:35,273 - INFO - CONVERGENCE EPISODE 416: 0.0550 rad
2025-08-16 15:04:36,906 - INFO - CONVERGENCE EPISODE 417: 0.0685 rad
2025-08-16 15:04:38,545 - INFO - CONVERGENCE EPISODE 418: 0.0547 rad
2025-08-16 15:04:40,214 - INFO - CONVERGENCE EPISODE 419: 0.2585 rad
2025-08-16 15:04:41,879 - INFO - CONVERGENCE EPISODE 420: 0.1537 rad
2025-08-16 15:04:43,541 - INFO - CONVERGENCE EPISODE 421: 0.0724 rad
2025-08-16 15:04:45,240 - INFO - CONVERGENCE EPISODE 422: 0.0782 rad
2025-08-16 15:04:46,899 - INFO - CONVERGENCE EPISODE 423: 0.1766 rad
2025-08-16 15:04:48,704 - INFO - CONVERGENCE EPISODE 424: 0.1373 rad
2025-08-16 15:04:50,362 - INFO - CONVERGENCE EPISODE 425: 0.0859 rad
2025-08-16 15:04:50,362 - INFO -     425 | -2874.71 | 53243.473 |    0.0859 |   0.000 |  559.8s
2025-08-16 15:04:52,026 - INFO - CONVERGENCE EPISODE 426: 0.0886 rad
2025-08-16 15:04:53,732 - INFO - CONVERGENCE EPISODE 427: 0.1613 rad
2025-08-16 15:04:55,403 - INFO - CONVERGENCE EPISODE 428: 0.1143 rad
2025-08-16 15:04:57,086 - INFO - CONVERGENCE EPISODE 429: 0.0976 rad
2025-08-16 15:04:58,762 - INFO - CONVERGENCE EPISODE 430: 0.0959 rad
2025-08-16 15:05:00,430 - INFO - CONVERGENCE EPISODE 431: 0.1481 rad
2025-08-16 15:05:02,133 - INFO - CONVERGENCE EPISODE 432: 0.0904 rad
2025-08-16 15:05:03,873 - INFO - CONVERGENCE EPISODE 433: 0.0913 rad
2025-08-16 15:05:05,535 - INFO - CONVERGENCE EPISODE 434: 0.0744 rad
2025-08-16 15:05:07,194 - INFO - CONVERGENCE EPISODE 435: 0.1625 rad
2025-08-16 15:05:08,858 - INFO - CONVERGENCE EPISODE 436: 0.1519 rad
2025-08-16 15:05:10,507 - INFO - CONVERGENCE EPISODE 437: 0.1039 rad
2025-08-16 15:05:12,225 - INFO - CONVERGENCE EPISODE 438: 0.1021 rad
2025-08-16 15:05:13,905 - INFO - CONVERGENCE EPISODE 439: 0.1111 rad
2025-08-16 15:05:15,610 - INFO - CONVERGENCE EPISODE 440: 0.0901 rad
2025-08-16 15:05:17,271 - INFO - CONVERGENCE EPISODE 441: 0.0834 rad
2025-08-16 15:05:18,960 - INFO - CONVERGENCE EPISODE 442: 0.0807 rad
2025-08-16 15:05:20,645 - INFO - CONVERGENCE EPISODE 443: 0.0708 rad
2025-08-16 15:05:22,321 - INFO - CONVERGENCE EPISODE 444: 0.2012 rad
2025-08-16 15:05:24,006 - INFO - CONVERGENCE EPISODE 445: 0.0666 rad
2025-08-16 15:05:25,641 - INFO - CONVERGENCE EPISODE 446: 0.0667 rad
2025-08-16 15:05:27,294 - INFO - CONVERGENCE EPISODE 447: 0.0645 rad
2025-08-16 15:05:29,049 - INFO - CONVERGENCE EPISODE 448: 0.0554 rad
2025-08-16 15:05:30,716 - INFO - CONVERGENCE EPISODE 449: 0.2548 rad
2025-08-16 15:05:32,384 - INFO - CONVERGENCE EPISODE 450: 0.1645 rad
2025-08-16 15:05:32,384 - INFO -     450 | -2763.08 | 48384.659 |    0.1645 |   0.000 |  601.9s
2025-08-16 15:05:34,031 - INFO - CONVERGENCE EPISODE 451: 0.0701 rad
2025-08-16 15:05:35,662 - INFO - CONVERGENCE EPISODE 452: 0.1576 rad
2025-08-16 15:05:37,318 - INFO - CONVERGENCE EPISODE 453: 0.1289 rad
2025-08-16 15:05:39,003 - INFO - CONVERGENCE EPISODE 454: 0.1115 rad
2025-08-16 15:05:40,658 - INFO - CONVERGENCE EPISODE 455: 0.0911 rad
2025-08-16 15:05:42,289 - INFO - CONVERGENCE EPISODE 456: 0.1284 rad
2025-08-16 15:05:43,967 - INFO - CONVERGENCE EPISODE 457: 0.1048 rad
2025-08-16 15:05:45,735 - INFO - CONVERGENCE EPISODE 458: 0.1134 rad
2025-08-16 15:05:47,422 - INFO - CONVERGENCE EPISODE 459: 0.0926 rad
2025-08-16 15:05:49,199 - INFO - CONVERGENCE EPISODE 460: 0.0818 rad
2025-08-16 15:05:50,826 - INFO - CONVERGENCE EPISODE 461: 0.1610 rad
2025-08-16 15:05:52,501 - INFO - CONVERGENCE EPISODE 462: 0.1043 rad
2025-08-16 15:05:54,211 - INFO - CONVERGENCE EPISODE 463: 0.0975 rad
2025-08-16 15:05:55,860 - INFO - CONVERGENCE EPISODE 464: 0.0941 rad
2025-08-16 15:05:57,518 - INFO - CONVERGENCE EPISODE 465: 0.0808 rad
2025-08-16 15:05:59,188 - INFO - CONVERGENCE EPISODE 466: 0.0763 rad
2025-08-16 15:06:00,845 - INFO - CONVERGENCE EPISODE 467: 0.0692 rad
2025-08-16 15:06:02,529 - INFO - CONVERGENCE EPISODE 468: 0.2462 rad
2025-08-16 15:06:04,204 - INFO - CONVERGENCE EPISODE 469: 0.0765 rad
2025-08-16 15:06:05,849 - INFO - CONVERGENCE EPISODE 470: 0.1820 rad
2025-08-16 15:06:07,505 - INFO - CONVERGENCE EPISODE 471: 0.1231 rad
2025-08-16 15:06:09,183 - INFO - CONVERGENCE EPISODE 472: 0.1141 rad
2025-08-16 15:06:10,827 - INFO - CONVERGENCE EPISODE 473: 0.0988 rad
2025-08-16 15:06:12,453 - INFO - CONVERGENCE EPISODE 474: 0.0944 rad
2025-08-16 15:06:14,136 - INFO - CONVERGENCE EPISODE 475: 0.1330 rad
2025-08-16 15:06:14,136 - INFO -     475 | -3289.85 | 54898.225 |    0.1330 |   0.000 |  643.6s
2025-08-16 15:06:15,820 - INFO - CONVERGENCE EPISODE 476: 0.1005 rad
2025-08-16 15:06:17,451 - INFO - CONVERGENCE EPISODE 477: 0.1168 rad
2025-08-16 15:06:19,179 - INFO - CONVERGENCE EPISODE 478: 0.0976 rad
2025-08-16 15:06:20,817 - INFO - CONVERGENCE EPISODE 479: 0.1323 rad
2025-08-16 15:06:22,453 - INFO - CONVERGENCE EPISODE 480: 0.0954 rad
2025-08-16 15:06:24,141 - INFO - CONVERGENCE EPISODE 481: 0.0898 rad
2025-08-16 15:06:25,797 - INFO - CONVERGENCE EPISODE 482: 0.0792 rad
2025-08-16 15:06:27,450 - INFO - CONVERGENCE EPISODE 483: 0.0752 rad
2025-08-16 15:06:29,132 - INFO - CONVERGENCE EPISODE 484: 0.0680 rad
2025-08-16 15:06:30,806 - INFO - CONVERGENCE EPISODE 485: 0.2227 rad
2025-08-16 15:06:32,464 - INFO - CONVERGENCE EPISODE 486: 0.1375 rad
2025-08-16 15:06:34,118 - INFO - CONVERGENCE EPISODE 487: 0.0778 rad
2025-08-16 15:06:35,776 - INFO - CONVERGENCE EPISODE 488: 0.0741 rad
2025-08-16 15:06:37,399 - INFO - CONVERGENCE EPISODE 489: 0.0688 rad
2025-08-16 15:06:39,086 - INFO - CONVERGENCE EPISODE 490: 0.2119 rad
2025-08-16 15:06:40,740 - INFO - CONVERGENCE EPISODE 491: 0.1420 rad
2025-08-16 15:06:42,405 - INFO - CONVERGENCE EPISODE 492: 0.1202 rad
2025-08-16 15:06:44,071 - INFO - CONVERGENCE EPISODE 493: 0.0971 rad
2025-08-16 15:06:45,739 - INFO - CONVERGENCE EPISODE 494: 0.1212 rad
2025-08-16 15:06:47,403 - INFO - CONVERGENCE EPISODE 495: 0.0982 rad
2025-08-16 15:06:49,179 - INFO - CONVERGENCE EPISODE 496: 0.1218 rad
2025-08-16 15:06:50,825 - INFO - CONVERGENCE EPISODE 497: 0.0981 rad
2025-08-16 15:06:52,503 - INFO - CONVERGENCE EPISODE 498: 0.0858 rad
2025-08-16 15:06:54,191 - INFO - CONVERGENCE EPISODE 499: 0.1400 rad
2025-08-16 15:06:55,852 - INFO - CONVERGENCE EPISODE 500: 0.1111 rad
2025-08-16 15:06:55,852 - INFO - 
2025-08-16 15:06:55,852 - INFO - MILESTONE 500 ANALYSIS:
2025-08-16 15:06:55,852 - INFO -   Recent 50 episodes avg position error: 0.1123 ± 0.0387 rad
2025-08-16 15:06:55,853 - INFO -   Recent 50 episodes avg cost: 52843.240
2025-08-16 15:06:55,853 - INFO -   Recent 50 episodes success rate: 0.00%
2025-08-16 15:06:55,853 - INFO -   Convergent episodes ratio (< 0.5 rad): 100.00%
2025-08-16 15:06:55,853 - INFO -   Total convergent episodes so far: 483
2025-08-16 15:06:55,853 - INFO -   Best performance: 0.0000 rad at episode 64
2025-08-16 15:06:55,853 - INFO -   Stable performance maintained since episode 5
2025-08-16 15:06:55,853 - INFO - 
2025-08-16 15:06:55,853 - INFO -     500 | -2691.24 | 49752.721 |    0.1111 |   0.000 |  685.3s
2025-08-16 15:06:57,489 - INFO - CONVERGENCE EPISODE 501: 0.0994 rad
2025-08-16 15:06:59,173 - INFO - CONVERGENCE EPISODE 502: 0.0908 rad
2025-08-16 15:07:00,849 - INFO - CONVERGENCE EPISODE 503: 0.1445 rad
2025-08-16 15:07:02,499 - INFO - CONVERGENCE EPISODE 504: 0.0976 rad
2025-08-16 15:07:04,179 - INFO - CONVERGENCE EPISODE 505: 0.0923 rad
2025-08-16 15:07:05,897 - INFO - CONVERGENCE EPISODE 506: 0.1384 rad
2025-08-16 15:07:07,566 - INFO - CONVERGENCE EPISODE 507: 0.1085 rad
2025-08-16 15:07:09,244 - INFO - CONVERGENCE EPISODE 508: 0.1118 rad
2025-08-16 15:07:10,914 - INFO - CONVERGENCE EPISODE 509: 0.0951 rad
2025-08-16 15:07:12,541 - INFO - CONVERGENCE EPISODE 510: 0.0828 rad
2025-08-16 15:07:14,201 - INFO - CONVERGENCE EPISODE 511: 0.0743 rad
2025-08-16 15:07:15,881 - INFO - CONVERGENCE EPISODE 512: 0.0719 rad
2025-08-16 15:07:17,552 - INFO - CONVERGENCE EPISODE 513: 0.0619 rad
2025-08-16 15:07:19,231 - INFO - CONVERGENCE EPISODE 514: 0.0598 rad
2025-08-16 15:07:20,852 - INFO - CONVERGENCE EPISODE 515: 0.0499 rad
2025-08-16 15:07:22,519 - INFO - CONVERGENCE EPISODE 516: 0.2960 rad
2025-08-16 15:07:24,207 - INFO - CONVERGENCE EPISODE 517: 0.1795 rad
2025-08-16 15:07:25,902 - INFO - CONVERGENCE EPISODE 518: 0.0636 rad
2025-08-16 15:07:27,556 - INFO - CONVERGENCE EPISODE 519: 0.0659 rad
2025-08-16 15:07:29,258 - INFO - CONVERGENCE EPISODE 520: 0.0660 rad
2025-08-16 15:07:30,896 - INFO - CONVERGENCE EPISODE 521: 0.0516 rad
2025-08-16 15:07:32,632 - INFO - CONVERGENCE EPISODE 522: 0.2810 rad
2025-08-16 15:07:34,390 - INFO - CONVERGENCE EPISODE 523: 0.1617 rad
2025-08-16 15:07:36,157 - INFO - CONVERGENCE EPISODE 524: 0.0664 rad
2025-08-16 15:07:37,823 - INFO - CONVERGENCE EPISODE 525: 0.0703 rad
2025-08-16 15:07:37,823 - INFO -     525 | -2641.39 | 51976.227 |    0.0703 |   0.000 |  727.3s
2025-08-16 15:07:39,518 - INFO - CONVERGENCE EPISODE 526: 0.0613 rad
2025-08-16 15:07:41,191 - INFO - CONVERGENCE EPISODE 527: 0.2089 rad
2025-08-16 15:07:42,898 - INFO - CONVERGENCE EPISODE 528: 0.1586 rad
2025-08-16 15:07:44,580 - INFO - CONVERGENCE EPISODE 529: 0.1152 rad
2025-08-16 15:07:46,333 - INFO - CONVERGENCE EPISODE 530: 0.0995 rad
2025-08-16 15:07:48,001 - INFO - CONVERGENCE EPISODE 531: 0.0932 rad
2025-08-16 15:07:49,769 - INFO - CONVERGENCE EPISODE 532: 0.1334 rad
2025-08-16 15:07:51,423 - INFO - CONVERGENCE EPISODE 533: 0.1030 rad
2025-08-16 15:07:53,061 - INFO - CONVERGENCE EPISODE 534: 0.1053 rad
2025-08-16 15:07:54,756 - INFO - CONVERGENCE EPISODE 535: 0.0935 rad
2025-08-16 15:07:56,414 - INFO - CONVERGENCE EPISODE 536: 0.1365 rad
2025-08-16 15:07:58,071 - INFO - CONVERGENCE EPISODE 537: 0.0976 rad
2025-08-16 15:07:59,779 - INFO - CONVERGENCE EPISODE 538: 0.1019 rad
2025-08-16 15:08:01,444 - INFO - CONVERGENCE EPISODE 539: 0.1412 rad
2025-08-16 15:08:03,107 - INFO - CONVERGENCE EPISODE 540: 0.0957 rad
2025-08-16 15:08:04,778 - INFO - CONVERGENCE EPISODE 541: 0.1081 rad
2025-08-16 15:08:06,452 - INFO - CONVERGENCE EPISODE 542: 0.0961 rad
2025-08-16 15:08:08,128 - INFO - CONVERGENCE EPISODE 543: 0.1405 rad
2025-08-16 15:08:09,810 - INFO - CONVERGENCE EPISODE 544: 0.0996 rad
2025-08-16 15:08:11,483 - INFO - CONVERGENCE EPISODE 545: 0.1157 rad
2025-08-16 15:08:13,146 - INFO - CONVERGENCE EPISODE 546: 0.0918 rad
2025-08-16 15:08:14,835 - INFO - CONVERGENCE EPISODE 547: 0.0872 rad
2025-08-16 15:08:16,488 - INFO - CONVERGENCE EPISODE 548: 0.0761 rad
2025-08-16 15:08:18,140 - INFO - CONVERGENCE EPISODE 549: 0.0685 rad
2025-08-16 15:08:19,840 - INFO - CONVERGENCE EPISODE 550: 0.2113 rad
2025-08-16 15:08:19,840 - INFO -     550 | -3520.72 | 57311.816 |    0.2113 |   0.000 |  769.3s
2025-08-16 15:08:21,485 - INFO - CONVERGENCE EPISODE 551: 0.1399 rad
2025-08-16 15:08:23,109 - INFO - CONVERGENCE EPISODE 552: 0.1192 rad
2025-08-16 15:08:24,809 - INFO - CONVERGENCE EPISODE 553: 0.0972 rad
2025-08-16 15:08:26,440 - INFO - CONVERGENCE EPISODE 554: 0.1204 rad
2025-08-16 15:08:28,073 - INFO - CONVERGENCE EPISODE 555: 0.0942 rad
2025-08-16 15:08:29,769 - INFO - CONVERGENCE EPISODE 556: 0.0870 rad
2025-08-16 15:08:31,408 - INFO - CONVERGENCE EPISODE 557: 0.0801 rad
2025-08-16 15:08:33,071 - INFO - CONVERGENCE EPISODE 558: 0.1499 rad
2025-08-16 15:08:34,749 - INFO - CONVERGENCE EPISODE 559: 0.1270 rad
2025-08-16 15:08:36,408 - INFO - CONVERGENCE EPISODE 560: 0.0961 rad
2025-08-16 15:08:38,099 - INFO - CONVERGENCE EPISODE 561: 0.1153 rad
2025-08-16 15:08:39,750 - INFO - CONVERGENCE EPISODE 562: 0.1050 rad
2025-08-16 15:08:41,406 - INFO - CONVERGENCE EPISODE 563: 0.0826 rad
2025-08-16 15:08:43,203 - INFO - CONVERGENCE EPISODE 564: 0.0810 rad
2025-08-16 15:08:44,897 - INFO - CONVERGENCE EPISODE 565: 0.1575 rad
2025-08-16 15:08:46,458 - INFO - CONVERGENCE EPISODE 566: 0.1534 rad
2025-08-16 15:08:48,037 - INFO - CONVERGENCE EPISODE 567: 0.0952 rad
2025-08-16 15:08:49,932 - INFO - CONVERGENCE EPISODE 568: 0.0933 rad
2025-08-16 15:08:51,539 - INFO - CONVERGENCE EPISODE 569: 0.0849 rad
2025-08-16 15:08:53,054 - INFO - CONVERGENCE EPISODE 570: 0.0743 rad
2025-08-16 15:08:54,601 - INFO - CONVERGENCE EPISODE 571: 0.0764 rad
2025-08-16 15:08:56,142 - INFO - CONVERGENCE EPISODE 572: 0.0603 rad
2025-08-16 15:08:57,728 - INFO - CONVERGENCE EPISODE 573: 0.2145 rad
2025-08-16 15:08:59,269 - INFO - CONVERGENCE EPISODE 574: 0.1628 rad
2025-08-16 15:09:00,844 - INFO - CONVERGENCE EPISODE 575: 0.1292 rad
2025-08-16 15:09:00,844 - INFO -     575 | -2803.84 | 50209.337 |    0.1292 |   0.000 |  810.3s
2025-08-16 15:09:02,420 - INFO - CONVERGENCE EPISODE 576: 0.1122 rad
2025-08-16 15:09:03,981 - INFO - CONVERGENCE EPISODE 577: 0.0974 rad
2025-08-16 15:09:05,536 - INFO - CONVERGENCE EPISODE 578: 0.0966 rad
2025-08-16 15:09:07,116 - INFO - CONVERGENCE EPISODE 579: 0.0795 rad
2025-08-16 15:09:08,689 - INFO - CONVERGENCE EPISODE 580: 0.0804 rad
2025-08-16 15:09:10,225 - INFO - CONVERGENCE EPISODE 581: 0.0645 rad
2025-08-16 15:09:11,791 - INFO - CONVERGENCE EPISODE 582: 0.0643 rad
2025-08-16 15:09:13,337 - INFO - CONVERGENCE EPISODE 583: 0.0673 rad
2025-08-16 15:09:14,881 - INFO - CONVERGENCE EPISODE 584: 0.0430 rad
2025-08-16 15:09:16,550 - INFO - CONVERGENCE EPISODE 585: 0.0456 rad
2025-08-16 15:09:18,139 - INFO - CONVERGENCE EPISODE 586: 0.0362 rad
2025-08-16 15:09:19,698 - INFO - CONVERGENCE EPISODE 587: 0.0339 rad
2025-08-16 15:09:21,285 - INFO - CONVERGENCE EPISODE 588: 0.3039 rad
2025-08-16 15:09:22,854 - INFO - CONVERGENCE EPISODE 589: 0.2774 rad
2025-08-16 15:09:24,345 - INFO - CONVERGENCE EPISODE 590: 0.0442 rad
2025-08-16 15:09:25,813 - INFO - CONVERGENCE EPISODE 591: 0.0508 rad
2025-08-16 15:09:27,282 - INFO - CONVERGENCE EPISODE 592: 0.0457 rad
2025-08-16 15:09:28,773 - INFO - CONVERGENCE EPISODE 593: 0.0524 rad
2025-08-16 15:09:30,289 - INFO - CONVERGENCE EPISODE 594: 0.0326 rad
2025-08-16 15:09:31,781 - INFO - CONVERGENCE EPISODE 595: 0.0296 rad
2025-08-16 15:09:33,264 - INFO - CONVERGENCE EPISODE 596: 0.0234 rad
2025-08-16 15:09:34,789 - INFO - CONVERGENCE EPISODE 597: 0.2645 rad
2025-08-16 15:09:36,312 - INFO - CONVERGENCE EPISODE 598: 0.2765 rad
2025-08-16 15:09:37,855 - INFO - CONVERGENCE EPISODE 599: 0.0478 rad
2025-08-16 15:09:39,356 - INFO - CONVERGENCE EPISODE 600: 0.0469 rad
2025-08-16 15:09:39,356 - INFO -     600 | -2567.01 | 53437.649 |    0.0469 |   0.000 |  848.8s
2025-08-16 15:09:40,839 - INFO - CONVERGENCE EPISODE 601: 0.0430 rad
2025-08-16 15:09:42,326 - INFO - CONVERGENCE EPISODE 602: 0.0387 rad
2025-08-16 15:09:43,853 - INFO - CONVERGENCE EPISODE 603: 0.0364 rad
2025-08-16 15:09:45,378 - INFO - CONVERGENCE EPISODE 604: 0.0300 rad
2025-08-16 15:09:46,860 - INFO - CONVERGENCE EPISODE 605: 0.0218 rad
2025-08-16 15:09:48,448 - INFO - CONVERGENCE EPISODE 606: 0.0236 rad
2025-08-16 15:09:49,953 - INFO - CONVERGENCE EPISODE 607: 0.0237 rad
2025-08-16 15:09:51,444 - INFO - CONVERGENCE EPISODE 608: 0.0241 rad
2025-08-16 15:09:52,914 - INFO - CONVERGENCE EPISODE 609: 0.0026 rad
2025-08-16 15:09:54,454 - INFO - CONVERGENCE EPISODE 610: 0.0132 rad
2025-08-16 15:09:55,948 - INFO - CONVERGENCE EPISODE 611: 0.0066 rad
2025-08-16 15:09:57,379 - INFO - CONVERGENCE EPISODE 612: 0.0030 rad
2025-08-16 15:09:58,813 - INFO - CONVERGENCE EPISODE 613: 0.0031 rad
2025-08-16 15:10:00,331 - INFO - CONVERGENCE EPISODE 614: 0.0026 rad
2025-08-16 15:10:01,740 - INFO - CONVERGENCE EPISODE 615: 0.0017 rad
2025-08-16 15:10:03,118 - INFO - CONVERGENCE EPISODE 616: 0.0030 rad
2025-08-16 15:10:04,536 - INFO - CONVERGENCE EPISODE 617: 0.0024 rad
2025-08-16 15:10:05,851 - INFO - CONVERGENCE EPISODE 618: 0.0027 rad
2025-08-16 15:10:07,134 - INFO - CONVERGENCE EPISODE 619: 0.0030 rad
2025-08-16 15:10:08,442 - INFO - CONVERGENCE EPISODE 620: 0.0027 rad
2025-08-16 15:10:09,797 - INFO - CONVERGENCE EPISODE 621: 0.0024 rad
2025-08-16 15:10:11,066 - INFO - CONVERGENCE EPISODE 622: 0.0027 rad
2025-08-16 15:10:12,311 - INFO - CONVERGENCE EPISODE 623: 0.0025 rad
2025-08-16 15:10:13,592 - INFO - CONVERGENCE EPISODE 624: 0.0025 rad
2025-08-16 15:10:14,846 - INFO - CONVERGENCE EPISODE 625: 0.0031 rad
2025-08-16 15:10:14,846 - INFO -     625 | -2463.68 | 72391.911 |    0.0031 |   0.000 |  884.3s
2025-08-16 15:10:16,089 - INFO - CONVERGENCE EPISODE 626: 0.0030 rad
2025-08-16 15:10:17,310 - INFO - CONVERGENCE EPISODE 627: 0.0031 rad
2025-08-16 15:10:18,505 - INFO - CONVERGENCE EPISODE 628: 0.0029 rad
2025-08-16 15:10:19,801 - INFO - CONVERGENCE EPISODE 629: 0.0016 rad
2025-08-16 15:10:20,977 - INFO - CONVERGENCE EPISODE 630: 0.0028 rad
2025-08-16 15:10:22,129 - INFO - CONVERGENCE EPISODE 631: 0.0024 rad
2025-08-16 15:10:23,323 - INFO - CONVERGENCE EPISODE 632: 0.0023 rad
2025-08-16 15:10:24,566 - INFO - CONVERGENCE EPISODE 633: 0.0018 rad
2025-08-16 15:10:25,741 - INFO - CONVERGENCE EPISODE 634: 0.0015 rad
2025-08-16 15:10:26,848 - INFO - CONVERGENCE EPISODE 635: 0.0024 rad
2025-08-16 15:10:27,991 - INFO - CONVERGENCE EPISODE 636: 0.0026 rad
2025-08-16 15:10:29,127 - INFO - CONVERGENCE EPISODE 637: 0.0022 rad
2025-08-16 15:10:30,285 - INFO - CONVERGENCE EPISODE 638: 0.0027 rad
2025-08-16 15:10:31,460 - INFO - CONVERGENCE EPISODE 639: 0.0029 rad
2025-08-16 15:10:32,591 - INFO - CONVERGENCE EPISODE 640: 0.0013 rad
2025-08-16 15:10:33,696 - INFO - CONVERGENCE EPISODE 641: 0.0022 rad
2025-08-16 15:10:34,829 - INFO - CONVERGENCE EPISODE 642: 0.0030 rad
2025-08-16 15:10:35,985 - INFO - CONVERGENCE EPISODE 643: 0.0011 rad
2025-08-16 15:10:37,090 - INFO - CONVERGENCE EPISODE 644: 0.0024 rad
2025-08-16 15:10:38,241 - INFO - CONVERGENCE EPISODE 645: 0.0027 rad
2025-08-16 15:10:39,330 - INFO - CONVERGENCE EPISODE 646: 0.0030 rad
2025-08-16 15:10:40,402 - INFO - CONVERGENCE EPISODE 647: 0.0025 rad
2025-08-16 15:10:41,476 - INFO - CONVERGENCE EPISODE 648: 0.0013 rad
2025-08-16 15:10:42,537 - INFO - CONVERGENCE EPISODE 649: 0.0020 rad
2025-08-16 15:10:43,640 - INFO - CONVERGENCE EPISODE 650: 0.0010 rad
2025-08-16 15:10:43,640 - INFO -     650 | -2489.65 | 85894.520 |    0.0010 |   0.000 |  913.1s
2025-08-16 15:10:44,723 - INFO - CONVERGENCE EPISODE 651: 0.0031 rad
2025-08-16 15:10:45,776 - INFO - CONVERGENCE EPISODE 652: 0.0029 rad
2025-08-16 15:10:46,827 - INFO - CONVERGENCE EPISODE 653: 0.0030 rad
2025-08-16 15:10:47,878 - INFO - CONVERGENCE EPISODE 654: 0.0026 rad
2025-08-16 15:10:49,031 - INFO - CONVERGENCE EPISODE 655: 0.0025 rad
2025-08-16 15:10:50,127 - INFO - CONVERGENCE EPISODE 656: 0.0029 rad
2025-08-16 15:10:51,240 - INFO - CONVERGENCE EPISODE 657: 0.0007 rad
2025-08-16 15:10:52,267 - INFO - CONVERGENCE EPISODE 658: 0.0012 rad
2025-08-16 15:10:53,327 - INFO - CONVERGENCE EPISODE 659: 0.0006 rad
2025-08-16 15:10:54,373 - INFO - CONVERGENCE EPISODE 660: 0.0024 rad
2025-08-16 15:10:55,431 - INFO - CONVERGENCE EPISODE 661: 0.0025 rad
2025-08-16 15:10:56,434 - INFO - CONVERGENCE EPISODE 662: 0.0017 rad
2025-08-16 15:10:57,484 - INFO - CONVERGENCE EPISODE 663: 0.0012 rad
2025-08-16 15:10:58,484 - INFO - CONVERGENCE EPISODE 664: 0.0029 rad
2025-08-16 15:10:59,521 - INFO - CONVERGENCE EPISODE 665: 0.0013 rad
2025-08-16 15:11:00,542 - INFO - CONVERGENCE EPISODE 666: 0.0022 rad
2025-08-16 15:11:01,520 - INFO - CONVERGENCE EPISODE 667: 0.0022 rad
2025-08-16 15:11:02,520 - INFO - CONVERGENCE EPISODE 668: 0.0012 rad
2025-08-16 15:11:03,489 - INFO - CONVERGENCE EPISODE 669: 0.0029 rad
2025-08-16 15:11:04,542 - INFO - CONVERGENCE EPISODE 670: 0.0005 rad
2025-08-16 15:11:05,533 - INFO - CONVERGENCE EPISODE 671: 0.0016 rad
2025-08-16 15:11:06,506 - INFO - CONVERGENCE EPISODE 672: 0.0008 rad
2025-08-16 15:11:07,526 - INFO - CONVERGENCE EPISODE 673: 0.0029 rad
2025-08-16 15:11:08,484 - INFO - CONVERGENCE EPISODE 674: 0.0025 rad
2025-08-16 15:11:09,488 - INFO - CONVERGENCE EPISODE 675: 0.0015 rad
2025-08-16 15:11:09,488 - INFO -     675 | -2642.12 | 96674.394 |    0.0015 |   0.000 |  939.0s
2025-08-16 15:11:10,458 - INFO - CONVERGENCE EPISODE 676: 0.0009 rad
2025-08-16 15:11:11,402 - INFO - CONVERGENCE EPISODE 677: 0.0007 rad
2025-08-16 15:11:12,357 - INFO - CONVERGENCE EPISODE 678: 0.0028 rad
2025-08-16 15:11:13,306 - INFO - CONVERGENCE EPISODE 679: 0.0011 rad
2025-08-16 15:11:14,276 - INFO - CONVERGENCE EPISODE 680: 0.0030 rad
2025-08-16 15:11:15,228 - INFO - CONVERGENCE EPISODE 681: 0.0021 rad
2025-08-16 15:11:16,174 - INFO - CONVERGENCE EPISODE 682: 0.0019 rad
2025-08-16 15:11:17,090 - INFO - CONVERGENCE EPISODE 683: 0.0020 rad
2025-08-16 15:11:18,057 - INFO - CONVERGENCE EPISODE 684: 0.0011 rad
2025-08-16 15:11:19,015 - INFO - CONVERGENCE EPISODE 685: 0.0007 rad
2025-08-16 15:11:19,988 - INFO - CONVERGENCE EPISODE 686: 0.0010 rad
2025-08-16 15:11:20,967 - INFO - CONVERGENCE EPISODE 687: 0.0027 rad
2025-08-16 15:11:21,899 - INFO - CONVERGENCE EPISODE 688: 0.0016 rad
2025-08-16 15:11:22,902 - INFO - CONVERGENCE EPISODE 689: 0.0020 rad
2025-08-16 15:11:23,825 - INFO - CONVERGENCE EPISODE 690: 0.0021 rad
2025-08-16 15:11:24,747 - INFO - CONVERGENCE EPISODE 691: 0.0026 rad
2025-08-16 15:11:25,693 - INFO - CONVERGENCE EPISODE 692: 0.0002 rad
2025-08-16 15:11:26,578 - INFO - CONVERGENCE EPISODE 693: 0.0002 rad
2025-08-16 15:11:27,473 - INFO - CONVERGENCE EPISODE 694: 0.0010 rad
2025-08-16 15:11:28,385 - INFO - CONVERGENCE EPISODE 695: 0.0028 rad
2025-08-16 15:11:29,292 - INFO - CONVERGENCE EPISODE 696: 0.0028 rad
2025-08-16 15:11:30,260 - INFO - CONVERGENCE EPISODE 697: 0.0030 rad
2025-08-16 15:11:31,180 - INFO - CONVERGENCE EPISODE 698: 0.0005 rad
2025-08-16 15:11:32,128 - INFO - CONVERGENCE EPISODE 699: 0.0002 rad
2025-08-16 15:11:33,035 - INFO - CONVERGENCE EPISODE 700: 0.0022 rad
2025-08-16 15:11:33,035 - INFO -     700 | -2219.03 | 114200.904 |    0.0022 |   0.000 |  962.5s
2025-08-16 15:11:33,941 - INFO - CONVERGENCE EPISODE 701: 0.0021 rad
2025-08-16 15:11:34,841 - INFO - CONVERGENCE EPISODE 702: 0.0001 rad
2025-08-16 15:11:35,724 - INFO - CONVERGENCE EPISODE 703: 0.0001 rad
2025-08-16 15:11:36,599 - INFO - CONVERGENCE EPISODE 704: 0.0002 rad
2025-08-16 15:11:37,491 - INFO - CONVERGENCE EPISODE 705: 0.0015 rad
2025-08-16 15:11:38,389 - INFO - CONVERGENCE EPISODE 706: 0.0020 rad
2025-08-16 15:11:39,296 - INFO - CONVERGENCE EPISODE 707: 0.0017 rad
2025-08-16 15:11:40,169 - INFO - CONVERGENCE EPISODE 708: 0.0015 rad
2025-08-16 15:11:41,015 - INFO - CONVERGENCE EPISODE 709: 0.0019 rad
2025-08-16 15:11:41,886 - INFO - CONVERGENCE EPISODE 710: 0.0010 rad
2025-08-16 15:11:42,746 - INFO - CONVERGENCE EPISODE 711: 0.0001 rad
2025-08-16 15:11:43,634 - INFO - CONVERGENCE EPISODE 712: 0.0030 rad
2025-08-16 15:11:44,495 - INFO - CONVERGENCE EPISODE 713: 0.0031 rad
2025-08-16 15:11:45,366 - INFO - CONVERGENCE EPISODE 714: 0.0027 rad
2025-08-16 15:11:46,219 - INFO - CONVERGENCE EPISODE 715: 0.0009 rad
2025-08-16 15:11:47,059 - INFO - CONVERGENCE EPISODE 716: 0.0006 rad
2025-08-16 15:11:47,898 - INFO - CONVERGENCE EPISODE 717: 0.0000 rad
2025-08-16 15:11:48,635 - INFO - CONVERGENCE EPISODE 718: 0.0010 rad
2025-08-16 15:11:49,367 - INFO - CONVERGENCE EPISODE 719: 0.0019 rad
2025-08-16 15:11:50,127 - INFO - CONVERGENCE EPISODE 720: 0.0018 rad
2025-08-16 15:11:50,913 - INFO - CONVERGENCE EPISODE 721: 0.0012 rad
2025-08-16 15:11:51,711 - INFO - CONVERGENCE EPISODE 722: 0.0021 rad
2025-08-16 15:11:52,516 - INFO - CONVERGENCE EPISODE 723: 0.0021 rad
2025-08-16 15:11:53,303 - INFO - CONVERGENCE EPISODE 724: 0.0031 rad
2025-08-16 15:11:54,102 - INFO - CONVERGENCE EPISODE 725: 0.0019 rad
2025-08-16 15:11:54,102 - INFO -     725 | -2024.93 | 135099.589 |    0.0019 |   0.000 |  983.6s
2025-08-16 15:11:54,919 - INFO - CONVERGENCE EPISODE 726: 0.0025 rad
2025-08-16 15:11:55,750 - INFO - CONVERGENCE EPISODE 727: 0.0030 rad
2025-08-16 15:11:56,584 - INFO - CONVERGENCE EPISODE 728: 0.0006 rad
2025-08-16 15:11:57,379 - INFO - CONVERGENCE EPISODE 729: 0.0019 rad
2025-08-16 15:11:58,183 - INFO - CONVERGENCE EPISODE 730: 0.0030 rad
2025-08-16 15:11:58,982 - INFO - CONVERGENCE EPISODE 731: 0.0006 rad
2025-08-16 15:11:59,760 - INFO - CONVERGENCE EPISODE 732: 0.0005 rad
2025-08-16 15:12:00,477 - INFO - CONVERGENCE EPISODE 733: 0.0004 rad
2025-08-16 15:12:01,161 - INFO - CONVERGENCE EPISODE 734: 0.0026 rad
2025-08-16 15:12:01,849 - INFO - CONVERGENCE EPISODE 735: 0.0025 rad
2025-08-16 15:12:02,580 - INFO - CONVERGENCE EPISODE 736: 0.0007 rad
2025-08-16 15:12:03,336 - INFO - CONVERGENCE EPISODE 737: 0.0009 rad
2025-08-16 15:12:04,154 - INFO - CONVERGENCE EPISODE 738: 0.0006 rad
2025-08-16 15:12:05,667 - INFO - CONVERGENCE EPISODE 739: 0.1279 rad
2025-08-16 15:12:07,158 - INFO - CONVERGENCE EPISODE 740: 0.0336 rad
2025-08-16 15:12:08,704 - INFO - CONVERGENCE EPISODE 741: 0.3143 rad
2025-08-16 15:12:10,199 - INFO - CONVERGENCE EPISODE 742: 0.3058 rad
2025-08-16 15:12:11,673 - INFO - CONVERGENCE EPISODE 743: 0.3212 rad
2025-08-16 15:12:13,151 - INFO - CONVERGENCE EPISODE 744: 0.3050 rad
2025-08-16 15:12:14,647 - INFO - CONVERGENCE EPISODE 745: 0.0577 rad
2025-08-16 15:12:16,036 - INFO - CONVERGENCE EPISODE 746: 0.0020 rad
2025-08-16 15:12:17,265 - INFO - CONVERGENCE EPISODE 747: 0.0023 rad
2025-08-16 15:12:18,359 - INFO - CONVERGENCE EPISODE 748: 0.0031 rad
2025-08-16 15:12:19,400 - INFO - CONVERGENCE EPISODE 749: 0.0019 rad
2025-08-16 15:12:20,339 - INFO - CONVERGENCE EPISODE 750: 0.0001 rad
2025-08-16 15:12:20,339 - INFO - 
2025-08-16 15:12:20,339 - INFO - MILESTONE 750 ANALYSIS:
2025-08-16 15:12:20,339 - INFO -   Recent 50 episodes avg position error: 0.0306 ± 0.0851 rad
2025-08-16 15:12:20,339 - INFO -   Recent 50 episodes avg cost: 125829.609
2025-08-16 15:12:20,339 - INFO -   Recent 50 episodes success rate: 0.00%
2025-08-16 15:12:20,339 - INFO -   Convergent episodes ratio (< 0.5 rad): 100.00%
2025-08-16 15:12:20,339 - INFO -   Total convergent episodes so far: 733
2025-08-16 15:12:20,339 - INFO -   Best performance: 0.0000 rad at episode 64
2025-08-16 15:12:20,340 - INFO -   Stable performance maintained since episode 5
2025-08-16 15:12:20,340 - INFO - 
2025-08-16 15:12:20,340 - INFO -     750 | -2163.01 | 103035.820 |    0.0001 |   0.000 | 1009.8s
2025-08-16 15:12:21,285 - INFO - CONVERGENCE EPISODE 751: 0.0017 rad
2025-08-16 15:12:22,119 - INFO - CONVERGENCE EPISODE 752: 0.0021 rad
2025-08-16 15:12:22,953 - INFO - CONVERGENCE EPISODE 753: 0.0027 rad
2025-08-16 15:12:23,794 - INFO - CONVERGENCE EPISODE 754: 0.0013 rad
2025-08-16 15:12:24,635 - INFO - CONVERGENCE EPISODE 755: 0.0001 rad
2025-08-16 15:12:25,206 - INFO - CONVERGENCE EPISODE 756: 0.0008 rad
2025-08-16 15:12:25,905 - INFO - CONVERGENCE EPISODE 757: 0.0004 rad
2025-08-16 15:12:30,431 - INFO - CONVERGENCE EPISODE 760: 0.1389 rad
2025-08-16 15:12:37,842 - INFO - CONVERGENCE EPISODE 765: 0.4606 rad
2025-08-16 15:12:39,344 - INFO - CONVERGENCE EPISODE 766: 0.3380 rad
2025-08-16 15:12:40,840 - INFO - CONVERGENCE EPISODE 767: 0.3064 rad
2025-08-16 15:12:42,313 - INFO - CONVERGENCE EPISODE 768: 0.3036 rad
2025-08-16 15:12:43,803 - INFO - CONVERGENCE EPISODE 769: 0.2852 rad
2025-08-16 15:12:45,342 - INFO - CONVERGENCE EPISODE 770: 0.2900 rad
2025-08-16 15:12:48,436 - INFO - CONVERGENCE EPISODE 772: 0.2084 rad
2025-08-16 15:12:49,942 - INFO - CONVERGENCE EPISODE 773: 0.1811 rad
2025-08-16 15:12:51,410 - INFO - CONVERGENCE EPISODE 774: 0.1364 rad
2025-08-16 15:12:52,878 - INFO - CONVERGENCE EPISODE 775: 0.1015 rad
2025-08-16 15:12:52,878 - INFO -     775 | -2658.97 | 47529.350 |    0.1015 |   0.000 | 1042.4s
2025-08-16 15:12:54,419 - INFO - CONVERGENCE EPISODE 776: 0.0870 rad
2025-08-16 15:12:55,887 - INFO - CONVERGENCE EPISODE 777: 0.0694 rad
2025-08-16 15:12:57,362 - INFO - CONVERGENCE EPISODE 778: 0.0635 rad
2025-08-16 15:12:58,892 - INFO - CONVERGENCE EPISODE 779: 0.3858 rad
2025-08-16 15:13:00,393 - INFO - CONVERGENCE EPISODE 780: 0.2223 rad
2025-08-16 15:13:01,861 - INFO - CONVERGENCE EPISODE 781: 0.0763 rad
2025-08-16 15:13:03,350 - INFO - CONVERGENCE EPISODE 782: 0.0751 rad
2025-08-16 15:13:04,870 - INFO - CONVERGENCE EPISODE 783: 0.3142 rad
2025-08-16 15:13:06,381 - INFO - CONVERGENCE EPISODE 784: 0.2148 rad
2025-08-16 15:13:07,917 - INFO - CONVERGENCE EPISODE 785: 0.0689 rad
2025-08-16 15:13:09,441 - INFO - CONVERGENCE EPISODE 786: 0.0680 rad
2025-08-16 15:13:10,936 - INFO - CONVERGENCE EPISODE 787: 0.0504 rad
2025-08-16 15:13:12,398 - INFO - CONVERGENCE EPISODE 788: 0.0380 rad
2025-08-16 15:13:13,899 - INFO - CONVERGENCE EPISODE 789: 0.0281 rad
2025-08-16 15:13:15,386 - INFO - CONVERGENCE EPISODE 790: 0.0173 rad
2025-08-16 15:13:16,879 - INFO - CONVERGENCE EPISODE 791: 0.0093 rad
2025-08-16 15:13:18,366 - INFO - CONVERGENCE EPISODE 792: 0.0055 rad
2025-08-16 15:13:19,879 - INFO - CONVERGENCE EPISODE 793: 0.2800 rad
2025-08-16 15:13:21,350 - INFO - CONVERGENCE EPISODE 794: 0.1032 rad
2025-08-16 15:13:22,830 - INFO - CONVERGENCE EPISODE 795: 0.0441 rad
2025-08-16 15:13:24,427 - INFO - CONVERGENCE EPISODE 796: 0.0430 rad
2025-08-16 15:13:25,894 - INFO - CONVERGENCE EPISODE 797: 0.0404 rad
2025-08-16 15:13:27,359 - INFO - CONVERGENCE EPISODE 798: 0.0305 rad
2025-08-16 15:13:28,874 - INFO - CONVERGENCE EPISODE 799: 0.0233 rad
2025-08-16 15:13:30,343 - INFO - CONVERGENCE EPISODE 800: 0.0215 rad
2025-08-16 15:13:30,343 - INFO -     800 | -2649.78 | 56014.783 |    0.0215 |   0.000 | 1079.8s
2025-08-16 15:13:31,828 - INFO - CONVERGENCE EPISODE 801: 0.0137 rad
2025-08-16 15:13:33,304 - INFO - CONVERGENCE EPISODE 802: 0.2983 rad
2025-08-16 15:13:34,824 - INFO - CONVERGENCE EPISODE 803: 0.2562 rad
2025-08-16 15:13:36,302 - INFO - CONVERGENCE EPISODE 804: 0.0919 rad
2025-08-16 15:13:37,807 - INFO - CONVERGENCE EPISODE 805: 0.0684 rad
2025-08-16 15:13:39,310 - INFO - CONVERGENCE EPISODE 806: 0.0425 rad
2025-08-16 15:13:40,786 - INFO - CONVERGENCE EPISODE 807: 0.0209 rad
2025-08-16 15:13:42,307 - INFO - CONVERGENCE EPISODE 808: 0.2802 rad
2025-08-16 15:13:43,795 - INFO - CONVERGENCE EPISODE 809: 0.1814 rad
2025-08-16 15:13:45,302 - INFO - CONVERGENCE EPISODE 810: 0.1482 rad
2025-08-16 15:13:46,804 - INFO - CONVERGENCE EPISODE 811: 0.1197 rad
2025-08-16 15:13:48,398 - INFO - CONVERGENCE EPISODE 812: 0.0711 rad
2025-08-16 15:13:49,932 - INFO - CONVERGENCE EPISODE 813: 0.1693 rad
2025-08-16 15:13:51,407 - INFO - CONVERGENCE EPISODE 814: 0.1555 rad
2025-08-16 15:13:52,923 - INFO - CONVERGENCE EPISODE 815: 0.0499 rad
2025-08-16 15:13:54,447 - INFO - CONVERGENCE EPISODE 816: 0.0526 rad
2025-08-16 15:13:55,917 - INFO - CONVERGENCE EPISODE 817: 0.0386 rad
2025-08-16 15:13:57,398 - INFO - CONVERGENCE EPISODE 818: 0.0329 rad
2025-08-16 15:13:58,983 - INFO - CONVERGENCE EPISODE 819: 0.0209 rad
2025-08-16 15:14:00,453 - INFO - CONVERGENCE EPISODE 820: 0.0144 rad
2025-08-16 15:14:01,940 - INFO - CONVERGENCE EPISODE 821: 0.0038 rad
2025-08-16 15:14:03,429 - INFO - CONVERGENCE EPISODE 822: 0.0045 rad
2025-08-16 15:14:04,908 - INFO - CONVERGENCE EPISODE 823: 0.0023 rad
2025-08-16 15:14:06,330 - INFO - CONVERGENCE EPISODE 824: 0.0024 rad
2025-08-16 15:14:07,797 - INFO - CONVERGENCE EPISODE 825: 0.0026 rad
2025-08-16 15:14:07,798 - INFO -     825 | -2514.91 | 62375.668 |    0.0026 |   0.000 | 1117.3s
2025-08-16 15:14:09,243 - INFO - CONVERGENCE EPISODE 826: 0.0027 rad
2025-08-16 15:14:10,596 - INFO - CONVERGENCE EPISODE 827: 0.0031 rad
2025-08-16 15:14:11,898 - INFO - CONVERGENCE EPISODE 828: 0.0029 rad
2025-08-16 15:14:13,230 - INFO - CONVERGENCE EPISODE 829: 0.0019 rad
2025-08-16 15:14:14,579 - INFO - CONVERGENCE EPISODE 830: 0.0024 rad
2025-08-16 15:14:15,819 - INFO - CONVERGENCE EPISODE 831: 0.0018 rad
2025-08-16 15:14:17,132 - INFO - CONVERGENCE EPISODE 832: 0.0016 rad
2025-08-16 15:14:18,416 - INFO - CONVERGENCE EPISODE 833: 0.0018 rad
2025-08-16 15:14:19,700 - INFO - CONVERGENCE EPISODE 834: 0.0025 rad
2025-08-16 15:14:20,977 - INFO - CONVERGENCE EPISODE 835: 0.0027 rad
2025-08-16 15:14:22,253 - INFO - CONVERGENCE EPISODE 836: 0.0013 rad
2025-08-16 15:14:23,561 - INFO - CONVERGENCE EPISODE 837: 0.0013 rad
2025-08-16 15:14:24,824 - INFO - CONVERGENCE EPISODE 838: 0.0015 rad
2025-08-16 15:14:26,046 - INFO - CONVERGENCE EPISODE 839: 0.0028 rad
2025-08-16 15:14:27,318 - INFO - CONVERGENCE EPISODE 840: 0.0014 rad
2025-08-16 15:14:28,539 - INFO - CONVERGENCE EPISODE 841: 0.0027 rad
2025-08-16 15:14:29,847 - INFO - CONVERGENCE EPISODE 842: 0.0025 rad
2025-08-16 15:14:31,005 - INFO - CONVERGENCE EPISODE 843: 0.0010 rad
2025-08-16 15:14:32,146 - INFO - CONVERGENCE EPISODE 844: 0.0025 rad
2025-08-16 15:14:33,291 - INFO - CONVERGENCE EPISODE 845: 0.0019 rad
2025-08-16 15:14:34,468 - INFO - CONVERGENCE EPISODE 846: 0.0031 rad
2025-08-16 15:14:35,609 - INFO - CONVERGENCE EPISODE 847: 0.0026 rad
2025-08-16 15:14:36,762 - INFO - CONVERGENCE EPISODE 848: 0.0012 rad
2025-08-16 15:14:37,896 - INFO - CONVERGENCE EPISODE 849: 0.0027 rad
2025-08-16 15:14:39,058 - INFO - CONVERGENCE EPISODE 850: 0.0015 rad
2025-08-16 15:14:39,059 - INFO -     850 | -2338.46 | 80840.166 |    0.0015 |   0.000 | 1148.5s
2025-08-16 15:14:40,172 - INFO - CONVERGENCE EPISODE 851: 0.0024 rad
2025-08-16 15:14:41,320 - INFO - CONVERGENCE EPISODE 852: 0.0008 rad
2025-08-16 15:14:42,414 - INFO - CONVERGENCE EPISODE 853: 0.0019 rad
2025-08-16 15:14:43,526 - INFO - CONVERGENCE EPISODE 854: 0.0026 rad
2025-08-16 15:14:44,663 - INFO - CONVERGENCE EPISODE 855: 0.0031 rad
2025-08-16 15:14:45,788 - INFO - CONVERGENCE EPISODE 856: 0.0027 rad
2025-08-16 15:14:46,868 - INFO - CONVERGENCE EPISODE 857: 0.0010 rad
2025-08-16 15:14:47,944 - INFO - CONVERGENCE EPISODE 858: 0.0016 rad
2025-08-16 15:14:49,167 - INFO - CONVERGENCE EPISODE 859: 0.0018 rad
2025-08-16 15:14:50,236 - INFO - CONVERGENCE EPISODE 860: 0.0013 rad
2025-08-16 15:14:51,294 - INFO - CONVERGENCE EPISODE 861: 0.0022 rad
2025-08-16 15:14:52,352 - INFO - CONVERGENCE EPISODE 862: 0.0013 rad
2025-08-16 15:14:53,421 - INFO - CONVERGENCE EPISODE 863: 0.0014 rad
2025-08-16 15:14:54,497 - INFO - CONVERGENCE EPISODE 864: 0.0020 rad
2025-08-16 15:14:55,579 - INFO - CONVERGENCE EPISODE 865: 0.0031 rad
2025-08-16 15:14:56,647 - INFO - CONVERGENCE EPISODE 866: 0.0024 rad
2025-08-16 15:14:57,704 - INFO - CONVERGENCE EPISODE 867: 0.0019 rad
2025-08-16 15:14:58,804 - INFO - CONVERGENCE EPISODE 868: 0.0014 rad
2025-08-16 15:14:59,854 - INFO - CONVERGENCE EPISODE 869: 0.0031 rad
2025-08-16 15:15:00,868 - INFO - CONVERGENCE EPISODE 870: 0.0012 rad
2025-08-16 15:15:01,883 - INFO - CONVERGENCE EPISODE 871: 0.0017 rad
2025-08-16 15:15:02,914 - INFO - CONVERGENCE EPISODE 872: 0.0009 rad
2025-08-16 15:15:03,944 - INFO - CONVERGENCE EPISODE 873: 0.0013 rad
2025-08-16 15:15:04,945 - INFO - CONVERGENCE EPISODE 874: 0.0007 rad
2025-08-16 15:15:05,997 - INFO - CONVERGENCE EPISODE 875: 0.0019 rad
2025-08-16 15:15:05,997 - INFO -     875 | -2429.94 | 91011.695 |    0.0019 |   0.000 | 1175.5s
2025-08-16 15:15:06,979 - INFO - CONVERGENCE EPISODE 876: 0.0009 rad
2025-08-16 15:15:07,986 - INFO - CONVERGENCE EPISODE 877: 0.0014 rad
2025-08-16 15:15:09,019 - INFO - CONVERGENCE EPISODE 878: 0.0006 rad
2025-08-16 15:15:10,007 - INFO - CONVERGENCE EPISODE 879: 0.0024 rad
2025-08-16 15:15:11,016 - INFO - CONVERGENCE EPISODE 880: 0.0018 rad
2025-08-16 15:15:12,009 - INFO - CONVERGENCE EPISODE 881: 0.0027 rad
2025-08-16 15:15:12,986 - INFO - CONVERGENCE EPISODE 882: 0.0030 rad
2025-08-16 15:15:13,994 - INFO - CONVERGENCE EPISODE 883: 0.0029 rad
2025-08-16 15:15:15,052 - INFO - CONVERGENCE EPISODE 884: 0.0024 rad
2025-08-16 15:15:16,017 - INFO - CONVERGENCE EPISODE 885: 0.0029 rad
2025-08-16 15:15:16,984 - INFO - CONVERGENCE EPISODE 886: 0.0019 rad
2025-08-16 15:15:17,968 - INFO - CONVERGENCE EPISODE 887: 0.0015 rad
2025-08-16 15:15:18,947 - INFO - CONVERGENCE EPISODE 888: 0.0030 rad
2025-08-16 15:15:19,963 - INFO - CONVERGENCE EPISODE 889: 0.0026 rad
2025-08-16 15:15:20,905 - INFO - CONVERGENCE EPISODE 890: 0.0020 rad
2025-08-16 15:15:21,863 - INFO - CONVERGENCE EPISODE 891: 0.0021 rad
2025-08-16 15:15:22,821 - INFO - CONVERGENCE EPISODE 892: 0.0011 rad
2025-08-16 15:15:23,789 - INFO - CONVERGENCE EPISODE 893: 0.0025 rad
2025-08-16 15:15:24,759 - INFO - CONVERGENCE EPISODE 894: 0.0022 rad
2025-08-16 15:15:25,691 - INFO - CONVERGENCE EPISODE 895: 0.0017 rad
2025-08-16 15:15:26,666 - INFO - CONVERGENCE EPISODE 896: 0.0004 rad
2025-08-16 15:15:27,611 - INFO - CONVERGENCE EPISODE 897: 0.0019 rad
2025-08-16 15:15:28,552 - INFO - CONVERGENCE EPISODE 898: 0.0031 rad
2025-08-16 15:15:29,506 - INFO - CONVERGENCE EPISODE 899: 0.0029 rad
2025-08-16 15:15:30,448 - INFO - CONVERGENCE EPISODE 900: 0.0022 rad
2025-08-16 15:15:30,448 - INFO -     900 | -2489.60 | 101577.647 |    0.0022 |   0.000 | 1199.9s
2025-08-16 15:15:31,354 - INFO - CONVERGENCE EPISODE 901: 0.0026 rad
2025-08-16 15:15:32,261 - INFO - CONVERGENCE EPISODE 902: 0.0026 rad
2025-08-16 15:15:33,151 - INFO - CONVERGENCE EPISODE 903: 0.0013 rad
2025-08-16 15:15:34,093 - INFO - CONVERGENCE EPISODE 904: 0.0029 rad
2025-08-16 15:15:34,990 - INFO - CONVERGENCE EPISODE 905: 0.0002 rad
2025-08-16 15:15:35,912 - INFO - CONVERGENCE EPISODE 906: 0.0014 rad
2025-08-16 15:15:36,806 - INFO - CONVERGENCE EPISODE 907: 0.0004 rad
2025-08-16 15:15:37,720 - INFO - CONVERGENCE EPISODE 908: 0.0011 rad
2025-08-16 15:15:38,615 - INFO - CONVERGENCE EPISODE 909: 0.0015 rad
2025-08-16 15:15:39,563 - INFO - CONVERGENCE EPISODE 910: 0.0020 rad
2025-08-16 15:15:40,472 - INFO - CONVERGENCE EPISODE 911: 0.0003 rad
2025-08-16 15:15:41,367 - INFO - CONVERGENCE EPISODE 912: 0.0030 rad
2025-08-16 15:15:42,258 - INFO - CONVERGENCE EPISODE 913: 0.0004 rad
2025-08-16 15:15:43,150 - INFO - CONVERGENCE EPISODE 914: 0.0000 rad
2025-08-16 15:15:44,064 - INFO - CONVERGENCE EPISODE 915: 0.0002 rad
2025-08-16 15:15:44,963 - INFO - CONVERGENCE EPISODE 916: 0.0002 rad
2025-08-16 15:15:45,910 - INFO - CONVERGENCE EPISODE 917: 0.0003 rad
2025-08-16 15:15:46,767 - INFO - CONVERGENCE EPISODE 918: 0.0023 rad
2025-08-16 15:15:47,634 - INFO - CONVERGENCE EPISODE 919: 0.0012 rad
2025-08-16 15:15:48,583 - INFO - CONVERGENCE EPISODE 920: 0.0016 rad
2025-08-16 15:15:49,470 - INFO - CONVERGENCE EPISODE 921: 0.0006 rad
2025-08-16 15:15:50,349 - INFO - CONVERGENCE EPISODE 922: 0.0010 rad
2025-08-16 15:15:51,203 - INFO - CONVERGENCE EPISODE 923: 0.0022 rad
2025-08-16 15:15:52,073 - INFO - CONVERGENCE EPISODE 924: 0.0030 rad
2025-08-16 15:15:52,949 - INFO - CONVERGENCE EPISODE 925: 0.0003 rad
2025-08-16 15:15:52,949 - INFO -     925 | -2270.09 | 114074.113 |    0.0003 |   0.000 | 1222.4s
2025-08-16 15:15:53,847 - INFO - CONVERGENCE EPISODE 926: 0.0024 rad
2025-08-16 15:15:54,723 - INFO - CONVERGENCE EPISODE 927: 0.0019 rad
2025-08-16 15:15:55,574 - INFO - CONVERGENCE EPISODE 928: 0.0019 rad
2025-08-16 15:15:56,449 - INFO - CONVERGENCE EPISODE 929: 0.0002 rad
2025-08-16 15:15:57,100 - INFO - CONVERGENCE EPISODE 930: 0.0006 rad
2025-08-16 15:15:57,775 - INFO - CONVERGENCE EPISODE 931: 0.0019 rad
2025-08-16 15:15:58,484 - INFO - CONVERGENCE EPISODE 932: 0.0007 rad
2025-08-16 15:15:59,268 - INFO - CONVERGENCE EPISODE 933: 0.0021 rad
2025-08-16 15:16:00,047 - INFO - CONVERGENCE EPISODE 934: 0.0003 rad
2025-08-16 15:16:00,877 - INFO - CONVERGENCE EPISODE 935: 0.0028 rad
2025-08-16 15:16:01,690 - INFO - CONVERGENCE EPISODE 936: 0.0014 rad
2025-08-16 15:16:02,515 - INFO - CONVERGENCE EPISODE 937: 0.0002 rad
2025-08-16 15:16:03,138 - INFO - CONVERGENCE EPISODE 938: 0.0022 rad
2025-08-16 15:16:03,800 - INFO - CONVERGENCE EPISODE 939: 0.0028 rad
2025-08-16 15:16:04,497 - INFO - CONVERGENCE EPISODE 940: 0.0010 rad
2025-08-16 15:16:05,103 - INFO - CONVERGENCE EPISODE 941: 0.0010 rad
2025-08-16 15:16:05,731 - INFO - CONVERGENCE EPISODE 942: 0.0015 rad
2025-08-16 15:16:06,342 - INFO - CONVERGENCE EPISODE 943: 0.0003 rad
2025-08-16 15:16:06,889 - INFO - CONVERGENCE EPISODE 944: 0.0005 rad
2025-08-16 15:16:07,490 - INFO - CONVERGENCE EPISODE 945: 0.0001 rad
2025-08-16 15:16:08,162 - INFO - CONVERGENCE EPISODE 946: 0.0008 rad
2025-08-16 15:16:08,931 - INFO - CONVERGENCE EPISODE 947: 0.0011 rad
2025-08-16 15:16:10,395 - INFO - CONVERGENCE EPISODE 948: 0.0841 rad
2025-08-16 15:16:10,653 - INFO - CONVERGENCE EPISODE 949: 0.0023 rad
2025-08-16 15:16:11,021 - INFO - CONVERGENCE EPISODE 950: 0.0007 rad
2025-08-16 15:16:11,021 - INFO -     950 | -1144.81 | 725261.791 |    0.0007 |   0.000 | 1240.5s
2025-08-16 15:16:11,370 - INFO - CONVERGENCE EPISODE 951: 0.0014 rad
2025-08-16 15:16:12,839 - INFO - CONVERGENCE EPISODE 952: 0.1720 rad
2025-08-16 15:16:13,650 - INFO - CONVERGENCE EPISODE 953: 0.0028 rad
2025-08-16 15:16:14,517 - INFO - CONVERGENCE EPISODE 954: 0.0012 rad
2025-08-16 15:16:15,728 - INFO - CONVERGENCE EPISODE 955: 0.0017 rad
2025-08-16 15:16:16,876 - INFO - CONVERGENCE EPISODE 956: 0.0013 rad
2025-08-16 15:16:18,047 - INFO - CONVERGENCE EPISODE 957: 0.0012 rad
2025-08-16 15:16:19,190 - INFO - CONVERGENCE EPISODE 958: 0.0028 rad
2025-08-16 15:16:20,262 - INFO - CONVERGENCE EPISODE 959: 0.0031 rad
2025-08-16 15:16:21,281 - INFO - CONVERGENCE EPISODE 960: 0.0018 rad
2025-08-16 15:16:22,248 - INFO - CONVERGENCE EPISODE 961: 0.0016 rad
2025-08-16 15:16:23,171 - INFO - CONVERGENCE EPISODE 962: 0.0015 rad
2025-08-16 15:16:24,079 - INFO - CONVERGENCE EPISODE 963: 0.0017 rad
2025-08-16 15:16:24,950 - INFO - CONVERGENCE EPISODE 964: 0.0025 rad
2025-08-16 15:16:25,804 - INFO - CONVERGENCE EPISODE 965: 0.0028 rad
2025-08-16 15:16:26,627 - INFO - CONVERGENCE EPISODE 966: 0.0030 rad
2025-08-16 15:16:27,436 - INFO - CONVERGENCE EPISODE 967: 0.0029 rad
2025-08-16 15:16:28,232 - INFO - CONVERGENCE EPISODE 968: 0.0019 rad
2025-08-16 15:16:29,029 - INFO - CONVERGENCE EPISODE 969: 0.0005 rad
2025-08-16 15:16:29,825 - INFO - CONVERGENCE EPISODE 970: 0.0003 rad
2025-08-16 15:16:30,579 - INFO - CONVERGENCE EPISODE 971: 0.0021 rad
2025-08-16 15:16:31,326 - INFO - CONVERGENCE EPISODE 972: 0.0031 rad
2025-08-16 15:16:32,086 - INFO - CONVERGENCE EPISODE 973: 0.0022 rad
2025-08-16 15:16:32,855 - INFO - CONVERGENCE EPISODE 974: 0.0007 rad
2025-08-16 15:16:33,440 - INFO - CONVERGENCE EPISODE 975: 0.0016 rad
2025-08-16 15:16:33,440 - INFO -     975 | -1682.17 | 260186.466 |    0.0016 |   0.000 | 1262.9s
2025-08-16 15:16:34,017 - INFO - CONVERGENCE EPISODE 976: 0.0028 rad
2025-08-16 15:16:34,520 - INFO - CONVERGENCE EPISODE 977: 0.0001 rad
2025-08-16 15:16:34,970 - INFO - CONVERGENCE EPISODE 978: 0.0011 rad
2025-08-16 15:16:35,471 - INFO - CONVERGENCE EPISODE 979: 0.0020 rad
2025-08-16 15:16:36,045 - INFO - CONVERGENCE EPISODE 980: 0.0015 rad
2025-08-16 15:16:36,531 - INFO - CONVERGENCE EPISODE 981: 0.0007 rad
2025-08-16 15:16:46,902 - INFO - CONVERGENCE EPISODE 988: 0.2482 rad
2025-08-16 15:16:48,505 - INFO - CONVERGENCE EPISODE 989: 0.3064 rad
2025-08-16 15:16:49,786 - INFO - CONVERGENCE EPISODE 990: 0.0011 rad
2025-08-16 15:16:50,834 - INFO - CONVERGENCE EPISODE 991: 0.0013 rad
2025-08-16 15:16:52,045 - INFO - CONVERGENCE EPISODE 992: 0.0027 rad
2025-08-16 15:16:53,038 - INFO - CONVERGENCE EPISODE 993: 0.0013 rad
2025-08-16 15:16:53,549 - INFO - CONVERGENCE EPISODE 994: 0.0008 rad
2025-08-16 15:16:54,134 - INFO - CONVERGENCE EPISODE 995: 0.0012 rad
2025-08-16 15:16:54,665 - INFO - CONVERGENCE EPISODE 996: 0.0014 rad
2025-08-16 15:16:55,140 - INFO - CONVERGENCE EPISODE 997: 0.0007 rad
2025-08-16 15:16:58,030 - INFO - CONVERGENCE EPISODE 999: 0.3011 rad
2025-08-16 15:16:58,030 - INFO - 
================================================================================
2025-08-16 15:16:58,030 - INFO - TRAINING COMPLETED - FINAL ANALYSIS
2025-08-16 15:16:58,031 - INFO - ================================================================================
2025-08-16 15:16:58,031 - INFO - Total training time: 1287.5 seconds (21.5 minutes)
2025-08-16 15:16:58,031 - INFO - Final episode reward: -3688.87
2025-08-16 15:16:58,031 - INFO - Final position error: 0.3011 rad
2025-08-16 15:16:58,031 - INFO - Final success rate: 0.000
2025-08-16 15:16:58,031 - INFO - Best position error achieved: 0.0000 rad at episode 64
2025-08-16 15:16:58,031 - INFO - Total convergent episodes (< 0.5 rad): 968/1000 (96.80%)
2025-08-16 15:16:58,031 - INFO - Recent success rate (last 100 episodes): 0.00%
2025-08-16 15:16:58,031 - INFO - Stable performance achieved: Yes (from episode 5, duration: 995 episodes)
2025-08-16 15:16:58,031 - INFO - Position error statistics:
2025-08-16 15:16:58,031 - INFO -   Mean: 0.1052 rad (6.0°)
2025-08-16 15:16:58,031 - INFO -   Std:  0.2989 rad (17.1°)
2025-08-16 15:16:58,031 - INFO -   Min:  0.0000 rad (0.0°)
2025-08-16 15:16:58,031 - INFO -   Max:  3.0288 rad (173.5°)
2025-08-16 15:16:58,032 - INFO -   Median: 0.0031 rad (0.2°)
2025-08-16 15:16:58,032 - INFO - Performance distribution:
2025-08-16 15:16:58,032 - INFO -   Excellent (< 0.1 rad / 5.7°): 749 episodes (74.9%)
2025-08-16 15:16:58,032 - INFO -   Good (0.1-0.3 rad / 5.7°-17.2°): 187 episodes (18.7%)
2025-08-16 15:16:58,032 - INFO -   Acceptable (0.3-0.5 rad / 17.2°-28.6°): 32 episodes (3.2%)
2025-08-16 15:16:58,032 - INFO -   Poor (> 0.5 rad / 28.6°): 32 episodes (3.2%)
2025-08-16 15:16:58,032 - INFO - 
TRAINING CONFIGURATION EFFECTIVENESS:
2025-08-16 15:16:58,032 - INFO - ----------------------------------------
2025-08-16 15:16:58,032 - INFO - Episodes needed for first convergence: 2
2025-08-16 15:16:58,032 - INFO - Excitation phase ended at episode: 100
2025-08-16 15:16:58,042 - INFO - Training metrics saved to: /home/osos/Mohamed_Masters_Thesis/DHP_pendulum/training_logs/dhp_pendulum_metrics_20250816_151658.json
2025-08-16 15:16:58,042 - INFO - 
BEST MODEL CONFIRMED:
2025-08-16 15:16:58,043 - INFO -   Episode: 64
2025-08-16 15:16:58,043 - INFO -   Position Error: 0.0000 rad (0.0°)
2025-08-16 15:16:58,043 - INFO -   Model files: dhp_pendulum_best_*
2025-08-16 15:16:58,043 - INFO - ================================================================================
2025-08-16 15:16:58,043 - INFO - TRAINING SESSION COMPLETED
2025-08-16 15:16:58,043 - INFO - Detailed log saved to: /home/osos/Mohamed_Masters_Thesis/DHP_pendulum/training_logs/dhp_pendulum_training_20250816_145530.log
2025-08-16 15:16:58,043 - INFO - ================================================================================
2025-08-16 15:16:58,045 - ERROR - Failed to record session-best episode 64: not enough values to unpack (expected 5, got 4)
2025-08-16 15:16:58,109 - INFO - Model saved with state normalization ENABLED
