2025-08-16 12:38:47,293 - INFO - ================================================================================
2025-08-16 12:38:47,293 - INFO - DHP PENDULUM TRAINING SESSION STARTED
2025-08-16 12:38:47,293 - INFO - ================================================================================
2025-08-16 12:38:47,293 - INFO - HYPERPARAMETERS:
2025-08-16 12:38:47,293 - INFO - ----------------------------------------
2025-08-16 12:38:47,293 - INFO - action_size              : 1
2025-08-16 12:38:47,293 - INFO - activation               : tanh
2025-08-16 12:38:47,293 - INFO - best_episode_gui         : False
2025-08-16 12:38:47,293 - INFO - episode_length           : 200
2025-08-16 12:38:47,293 - INFO - excitation_amplitude     : 0.2
2025-08-16 12:38:47,293 - INFO - excitation_steps         : 7500
2025-08-16 12:38:47,293 - INFO - gamma                    : 0.95
2025-08-16 12:38:47,293 - INFO - gui                      : False
2025-08-16 12:38:47,293 - INFO - hidden_layer_size        : [64, 64, 32]
2025-08-16 12:38:47,293 - INFO - log_interval             : 50
2025-08-16 12:38:47,293 - INFO - lr_actor                 : 0.005
2025-08-16 12:38:47,293 - INFO - lr_critic                : 0.01
2025-08-16 12:38:47,293 - INFO - max_steps                : 200
2025-08-16 12:38:47,293 - INFO - normalize_states         : True
2025-08-16 12:38:47,293 - INFO - num_episodes             : 1500
2025-08-16 12:38:47,293 - INFO - predict_delta            : False
2025-08-16 12:38:47,293 - INFO - record                   : False
2025-08-16 12:38:47,293 - INFO - record_best_episodes     : True
2025-08-16 12:38:47,294 - INFO - recording_fps            : 30
2025-08-16 12:38:47,294 - INFO - reference_size           : 2
2025-08-16 12:38:47,294 - INFO - rls_action_size          : 1
2025-08-16 12:38:47,294 - INFO - rls_covariance           : 100.0
2025-08-16 12:38:47,294 - INFO - rls_gamma                : 0.9995
2025-08-16 12:38:47,294 - INFO - rls_state_size           : 2
2025-08-16 12:38:47,294 - INFO - save_interval            : 200
2025-08-16 12:38:47,294 - INFO - split                    : False
2025-08-16 12:38:47,294 - INFO - state_bounds             : {'theta': [-3.141592653589793, 3.141592653589793], 'theta_dot': [-8.0, 8.0]}
2025-08-16 12:38:47,294 - INFO - state_size               : 2
2025-08-16 12:38:47,294 - INFO - target_network           : True
2025-08-16 12:38:47,294 - INFO - tau                      : 0.001
2025-08-16 12:38:47,294 - INFO - update_cycles            : 2
2025-08-16 12:38:47,294 - INFO - ----------------------------------------
2025-08-16 12:38:47,294 - INFO - Log file: /home/osos/Mohamed_Masters_Thesis/DHP_pendulum/training_logs/dhp_pendulum_training_20250816_123847.log
2025-08-16 12:38:47,294 - INFO - ================================================================================
2025-08-16 12:38:47,294 - INFO - 
==================================================
2025-08-16 12:38:47,294 - INFO - STARTING DHP TRAINING FOR PENDULUM
2025-08-16 12:38:47,294 - INFO - ==================================================
2025-08-16 12:38:47,296 - WARNING - From /home/osos/Mohamed_Masters_Thesis/msc-thesis/agents/dhp.py:70: The name tf.Session is deprecated. Please use tf.compat.v1.Session instead.

2025-08-16 12:38:47,407 - WARNING - From /home/osos/Mohamed_Masters_Thesis/msc-thesis/agents/dhp.py:100: The name tf.placeholder is deprecated. Please use tf.compat.v1.placeholder instead.

2025-08-16 12:38:47,412 - WARNING - From /home/osos/Mohamed_Masters_Thesis/msc-thesis/agents/dhp.py:102: The name tf.placeholder_with_default is deprecated. Please use tf.compat.v1.placeholder_with_default instead.

2025-08-16 12:38:47,422 - WARNING - From /home/osos/Mohamed_Masters_Thesis/msc-thesis/agents/dhp.py:124: The name tf.variable_scope is deprecated. Please use tf.compat.v1.variable_scope instead.

2025-08-16 12:38:47,423 - WARNING - From /home/osos/Mohamed_Masters_Thesis/msc-thesis/agents/dhp.py:128: dense (from tensorflow.python.layers.core) is deprecated and will be removed in a future version.
Instructions for updating:
Use keras.layers.Dense instead.
2025-08-16 12:38:47,425 - WARNING - From /home/osos/anaconda3/envs/DHP/lib/python3.7/site-packages/tensorflow_core/python/layers/core.py:187: Layer.apply (from tensorflow.python.keras.engine.base_layer) is deprecated and will be removed in a future version.
Instructions for updating:
Please use `layer.__call__` method instead.
2025-08-16 12:38:47,463 - WARNING - From /home/osos/Mohamed_Masters_Thesis/msc-thesis/agents/dhp.py:133: The name tf.trainable_variables is deprecated. Please use tf.compat.v1.trainable_variables instead.

2025-08-16 12:38:47,488 - WARNING - From /home/osos/Mohamed_Masters_Thesis/msc-thesis/agents/dhp.py:139: The name tf.train.GradientDescentOptimizer is deprecated. Please use tf.compat.v1.train.GradientDescentOptimizer instead.

2025-08-16 12:38:47,537 - WARNING - From /home/osos/Mohamed_Masters_Thesis/msc-thesis/agents/dhp.py:156: The name tf.assign is deprecated. Please use tf.compat.v1.assign instead.

2025-08-16 12:38:47,629 - WARNING - From /home/osos/Mohamed_Masters_Thesis/msc-thesis/agents/dhp.py:79: The name tf.summary.merge_all is deprecated. Please use tf.compat.v1.summary.merge_all instead.

2025-08-16 12:38:47,629 - WARNING - From /home/osos/Mohamed_Masters_Thesis/msc-thesis/agents/dhp.py:80: The name tf.train.Saver is deprecated. Please use tf.compat.v1.train.Saver instead.

2025-08-16 12:38:47,649 - WARNING - From /home/osos/Mohamed_Masters_Thesis/msc-thesis/agents/dhp.py:81: The name tf.global_variables_initializer is deprecated. Please use tf.compat.v1.global_variables_initializer instead.

2025-08-16 12:38:47,730 - INFO - 
Training for 1000 episodes...
2025-08-16 12:38:47,730 - INFO - Episode | Reward  | Avg Cost | Pos Error | Success | Time
2025-08-16 12:38:47,730 - INFO - ------------------------------------------------------------
2025-08-16 12:38:49,487 - INFO -       0 | -8006.68 |    5.087 |    2.4550 |   0.000 |    1.8s
2025-08-16 12:38:55,890 - INFO - CONVERGENCE EPISODE 5: 0.0005 rad
2025-08-16 12:39:17,816 - INFO - CONVERGENCE EPISODE 20: 0.0029 rad
2025-08-16 12:39:25,710 - INFO -      25 | -7638.19 |    4.720 |    1.3048 |   0.000 |   38.0s
2025-08-16 12:39:30,515 - INFO - CONVERGENCE EPISODE 29: 0.0005 rad
2025-08-16 12:39:41,733 - INFO - CONVERGENCE EPISODE 37: 0.0002 rad
2025-08-16 12:39:45,027 - INFO - CONVERGENCE EPISODE 40: 0.0022 rad
2025-08-16 12:39:48,268 - INFO - CONVERGENCE EPISODE 43: 0.0021 rad
2025-08-16 12:39:48,354 - INFO - CONVERGENCE EPISODE 44: 0.0022 rad
2025-08-16 12:39:48,459 - INFO - CONVERGENCE EPISODE 45: 0.0013 rad
2025-08-16 12:39:50,082 - INFO - CONVERGENCE EPISODE 47: 0.0001 rad
2025-08-16 12:39:54,801 - INFO -      50 | -7893.04 |    4.844 |    1.7687 |   0.000 |   67.1s
2025-08-16 12:40:16,779 - INFO - CONVERGENCE EPISODE 64: 0.2098 rad
2025-08-16 12:40:17,039 - INFO - CONVERGENCE EPISODE 65: 0.0005 rad
2025-08-16 12:40:18,144 - INFO - CONVERGENCE EPISODE 66: 0.0013 rad
2025-08-16 12:40:21,505 - INFO - CONVERGENCE EPISODE 69: 0.0028 rad
2025-08-16 12:40:23,194 - INFO - CONVERGENCE EPISODE 71: 0.0013 rad
2025-08-16 12:40:29,592 - INFO -      75 | -7930.86 |    4.968 |    2.4989 |   0.000 |  101.9s
2025-08-16 12:40:34,379 - INFO - CONVERGENCE EPISODE 79: 0.0011 rad
2025-08-16 12:40:36,203 - INFO - CONVERGENCE EPISODE 81: 0.0003 rad
2025-08-16 12:40:37,874 - INFO - CONVERGENCE EPISODE 83: 0.0026 rad
2025-08-16 12:40:56,869 - INFO - CONVERGENCE EPISODE 96: 0.0012 rad
2025-08-16 12:41:01,652 - INFO - CONVERGENCE EPISODE 100: 0.0009 rad
2025-08-16 12:41:01,652 - INFO - 
2025-08-16 12:41:01,652 - INFO - MILESTONE 100 ANALYSIS:
2025-08-16 12:41:01,652 - INFO -   Recent 50 episodes avg position error: 1.2397 ± 0.7754 rad
2025-08-16 12:41:01,652 - INFO -   Recent 50 episodes avg cost: 3.968
2025-08-16 12:41:01,652 - INFO -   Recent 50 episodes success rate: 0.00%
2025-08-16 12:41:01,652 - INFO -   Convergent episodes ratio (< 0.5 rad): 20.00%
2025-08-16 12:41:01,652 - INFO -   Total convergent episodes so far: 19
2025-08-16 12:41:01,652 - INFO -   Best performance: 0.0001 rad at episode 47
2025-08-16 12:41:01,652 - INFO -   Stable performance not yet achieved
2025-08-16 12:41:01,652 - INFO - 
2025-08-16 12:41:01,652 - INFO -     100 |   -7.10 |    0.202 |    0.0009 |   0.000 |  133.9s
2025-08-16 12:41:04,910 - INFO - CONVERGENCE EPISODE 103: 0.0016 rad
2025-08-16 12:41:14,524 - INFO - CONVERGENCE EPISODE 110: 0.0027 rad
2025-08-16 12:41:17,676 - INFO - CONVERGENCE EPISODE 113: 0.0031 rad
2025-08-16 12:41:31,812 - INFO - CONVERGENCE EPISODE 123: 0.0002 rad
2025-08-16 12:41:35,023 - INFO -     125 | -7024.26 |    4.650 |    1.0409 |   0.000 |  167.3s
2025-08-16 12:41:35,072 - INFO - CONVERGENCE EPISODE 126: 0.0026 rad
2025-08-16 12:41:36,683 - INFO - CONVERGENCE EPISODE 128: 0.0019 rad
2025-08-16 12:42:00,746 - INFO - CONVERGENCE EPISODE 143: 0.0026 rad
2025-08-16 12:42:03,400 - INFO - CONVERGENCE EPISODE 145: 0.0024 rad
2025-08-16 12:42:05,974 - INFO - CONVERGENCE EPISODE 147: 0.0013 rad
2025-08-16 12:42:09,537 - INFO - CONVERGENCE EPISODE 150: 0.0014 rad
2025-08-16 12:42:09,537 - INFO -     150 |  -17.02 |    0.588 |    0.0014 |   0.000 |  201.8s
2025-08-16 12:42:15,576 - INFO - CONVERGENCE EPISODE 154: 0.0016 rad
2025-08-16 12:42:15,634 - INFO - CONVERGENCE EPISODE 155: 0.0024 rad
2025-08-16 12:42:20,682 - INFO - CONVERGENCE EPISODE 158: 0.0009 rad
2025-08-16 12:42:24,666 - INFO - CONVERGENCE EPISODE 160: 0.2966 rad
2025-08-16 12:42:27,025 - INFO - CONVERGENCE EPISODE 162: 0.0020 rad
2025-08-16 12:42:28,059 - INFO - CONVERGENCE EPISODE 163: 0.0027 rad
2025-08-16 12:42:28,814 - INFO - CONVERGENCE EPISODE 164: 0.0020 rad
2025-08-16 12:42:29,160 - INFO - CONVERGENCE EPISODE 165: 0.0012 rad
2025-08-16 12:42:31,608 - INFO - CONVERGENCE EPISODE 167: 0.0008 rad
2025-08-16 12:42:33,800 - INFO - CONVERGENCE EPISODE 169: 0.0000 rad
2025-08-16 12:42:34,851 - INFO - CONVERGENCE EPISODE 170: 0.0015 rad
2025-08-16 12:42:42,340 - INFO - CONVERGENCE EPISODE 174: 0.4713 rad
2025-08-16 12:42:44,341 - INFO -     175 | -5243.19 |    6.256 |    0.7143 |   0.000 |  236.6s
2025-08-16 12:42:48,598 - INFO - CONVERGENCE EPISODE 178: 0.0003 rad
2025-08-16 12:42:48,700 - INFO - CONVERGENCE EPISODE 179: 0.0008 rad
2025-08-16 12:42:56,182 - INFO - CONVERGENCE EPISODE 183: 0.0015 rad
2025-08-16 12:43:00,171 - INFO - CONVERGENCE EPISODE 185: 0.0327 rad
2025-08-16 12:43:03,706 - INFO - CONVERGENCE EPISODE 188: 0.0016 rad
2025-08-16 12:43:03,750 - INFO - CONVERGENCE EPISODE 189: 0.0029 rad
2025-08-16 12:43:13,344 - INFO - CONVERGENCE EPISODE 196: 0.0019 rad
2025-08-16 12:43:13,563 - INFO - CONVERGENCE EPISODE 197: 0.0023 rad
2025-08-16 12:43:14,718 - INFO - CONVERGENCE EPISODE 198: 0.0012 rad
2025-08-16 12:43:17,967 - INFO -     200 | -6343.13 |    7.934 |    1.1072 |   0.000 |  270.2s
2025-08-16 12:43:18,053 - INFO - CONVERGENCE EPISODE 201: 0.0023 rad
2025-08-16 12:43:18,287 - INFO - CONVERGENCE EPISODE 202: 0.0016 rad
2025-08-16 12:43:21,447 - INFO - CONVERGENCE EPISODE 204: 0.1706 rad
2025-08-16 12:43:21,633 - INFO - CONVERGENCE EPISODE 205: 0.0028 rad
2025-08-16 12:43:29,599 - INFO - CONVERGENCE EPISODE 210: 0.3984 rad
2025-08-16 12:43:31,154 - INFO - CONVERGENCE EPISODE 211: 0.4246 rad
2025-08-16 12:43:31,164 - INFO - CONVERGENCE EPISODE 212: 0.0004 rad
2025-08-16 12:43:34,351 - INFO - CONVERGENCE EPISODE 214: 0.4211 rad
2025-08-16 12:43:34,412 - INFO - CONVERGENCE EPISODE 215: 0.0004 rad
2025-08-16 12:43:36,174 - INFO - CONVERGENCE EPISODE 217: 0.0017 rad
2025-08-16 12:43:39,525 - INFO - CONVERGENCE EPISODE 220: 0.0026 rad
2025-08-16 12:43:40,936 - INFO - CONVERGENCE EPISODE 221: 0.0021 rad
2025-08-16 12:43:41,128 - INFO - CONVERGENCE EPISODE 222: 0.0017 rad
2025-08-16 12:43:41,215 - INFO - CONVERGENCE EPISODE 223: 0.0027 rad
2025-08-16 12:43:42,811 - INFO - CONVERGENCE EPISODE 224: 0.1012 rad
2025-08-16 12:43:44,103 - INFO - CONVERGENCE EPISODE 225: 0.0024 rad
2025-08-16 12:43:44,104 - INFO -     225 | -5225.32 |    7.366 |    0.0024 |   0.000 |  296.4s
2025-08-16 12:43:46,344 - INFO - CONVERGENCE EPISODE 227: 0.0023 rad
2025-08-16 12:43:46,459 - INFO - CONVERGENCE EPISODE 228: 0.0024 rad
2025-08-16 12:43:48,090 - INFO - CONVERGENCE EPISODE 230: 0.0004 rad
2025-08-16 12:43:48,299 - INFO - CONVERGENCE EPISODE 231: 0.0026 rad
2025-08-16 12:43:49,940 - INFO - CONVERGENCE EPISODE 232: 0.0944 rad
2025-08-16 12:43:54,696 - INFO - CONVERGENCE EPISODE 236: 0.0011 rad
2025-08-16 12:43:54,833 - INFO - CONVERGENCE EPISODE 237: 0.0019 rad
2025-08-16 12:43:55,803 - INFO - CONVERGENCE EPISODE 238: 0.0001 rad
2025-08-16 12:43:57,106 - INFO - CONVERGENCE EPISODE 239: 0.0012 rad
2025-08-16 12:43:57,189 - INFO - CONVERGENCE EPISODE 240: 0.0019 rad
2025-08-16 12:44:02,050 - INFO - CONVERGENCE EPISODE 244: 0.0030 rad
2025-08-16 12:44:03,807 - INFO - CONVERGENCE EPISODE 246: 0.0017 rad
2025-08-16 12:44:05,806 - INFO - CONVERGENCE EPISODE 248: 0.0024 rad
2025-08-16 12:44:06,177 - INFO - CONVERGENCE EPISODE 249: 0.0027 rad
2025-08-16 12:44:07,809 - INFO - 
2025-08-16 12:44:07,809 - INFO - MILESTONE 250 ANALYSIS:
2025-08-16 12:44:07,810 - INFO -   Recent 50 episodes avg position error: 0.8389 ± 1.0638 rad
2025-08-16 12:44:07,810 - INFO -   Recent 50 episodes avg cost: 4.367
2025-08-16 12:44:07,810 - INFO -   Recent 50 episodes success rate: 0.00%
2025-08-16 12:44:07,810 - INFO -   Convergent episodes ratio (< 0.5 rad): 60.00%
2025-08-16 12:44:07,810 - INFO -   Total convergent episodes so far: 80
2025-08-16 12:44:07,810 - INFO -   Best performance: 0.0000 rad at episode 169
2025-08-16 12:44:07,810 - INFO -   Stable performance not yet achieved
2025-08-16 12:44:07,810 - INFO - 
2025-08-16 12:44:07,810 - INFO -     250 | -6488.02 |    4.654 |    2.4755 |   0.000 |  320.1s
2025-08-16 12:44:12,784 - INFO - CONVERGENCE EPISODE 254: 0.0022 rad
2025-08-16 12:44:15,990 - INFO - CONVERGENCE EPISODE 256: 0.0592 rad
2025-08-16 12:44:17,784 - INFO - CONVERGENCE EPISODE 258: 0.0028 rad
2025-08-16 12:44:17,964 - INFO - CONVERGENCE EPISODE 259: 0.0015 rad
2025-08-16 12:44:21,727 - INFO - CONVERGENCE EPISODE 262: 0.0030 rad
2025-08-16 12:44:26,468 - INFO - CONVERGENCE EPISODE 265: 0.1264 rad
2025-08-16 12:44:26,537 - INFO - CONVERGENCE EPISODE 266: 0.0018 rad
2025-08-16 12:44:26,791 - INFO - CONVERGENCE EPISODE 267: 0.0030 rad
2025-08-16 12:44:27,040 - INFO - CONVERGENCE EPISODE 268: 0.0027 rad
2025-08-16 12:44:28,344 - INFO - CONVERGENCE EPISODE 269: 0.0025 rad
2025-08-16 12:44:31,541 - INFO - CONVERGENCE EPISODE 271: 0.2112 rad
2025-08-16 12:44:33,095 - INFO - CONVERGENCE EPISODE 272: 0.0004 rad
2025-08-16 12:44:34,153 - INFO - CONVERGENCE EPISODE 273: 0.0016 rad
2025-08-16 12:44:37,297 - INFO -     275 | -5623.65 |    6.508 |    2.2040 |   0.000 |  349.6s
2025-08-16 12:44:38,980 - INFO - CONVERGENCE EPISODE 277: 0.0020 rad
2025-08-16 12:44:40,582 - INFO - CONVERGENCE EPISODE 278: 0.3602 rad
2025-08-16 12:44:43,824 - INFO - CONVERGENCE EPISODE 280: 0.2445 rad
2025-08-16 12:44:43,918 - INFO - CONVERGENCE EPISODE 281: 0.0004 rad
2025-08-16 12:44:50,368 - INFO - CONVERGENCE EPISODE 285: 0.4382 rad
2025-08-16 12:44:50,618 - INFO - CONVERGENCE EPISODE 286: 0.0024 rad
2025-08-16 12:44:55,374 - INFO - CONVERGENCE EPISODE 289: 0.2083 rad
2025-08-16 12:45:06,541 - INFO - CONVERGENCE EPISODE 297: 0.0011 rad
2025-08-16 12:45:06,601 - INFO - CONVERGENCE EPISODE 298: 0.0027 rad
2025-08-16 12:45:08,833 - INFO - CONVERGENCE EPISODE 300: 0.0025 rad
2025-08-16 12:45:08,833 - INFO -     300 | -2120.59 |    4.979 |    0.0025 |   0.000 |  381.1s
2025-08-16 12:45:10,512 - INFO - CONVERGENCE EPISODE 302: 0.0014 rad
2025-08-16 12:45:12,800 - INFO - CONVERGENCE EPISODE 304: 0.0007 rad
2025-08-16 12:45:13,799 - INFO - CONVERGENCE EPISODE 305: 0.0028 rad
2025-08-16 12:45:18,543 - INFO - CONVERGENCE EPISODE 309: 0.0014 rad
2025-08-16 12:45:20,337 - INFO - CONVERGENCE EPISODE 311: 0.0001 rad
2025-08-16 12:45:22,657 - INFO - CONVERGENCE EPISODE 313: 0.0023 rad
2025-08-16 12:45:25,849 - INFO - CONVERGENCE EPISODE 315: 0.3827 rad
2025-08-16 12:45:32,339 - INFO - CONVERGENCE EPISODE 319: 0.0458 rad
2025-08-16 12:45:34,027 - INFO - CONVERGENCE EPISODE 320: 0.4547 rad
2025-08-16 12:45:37,464 - INFO - CONVERGENCE EPISODE 323: 0.0030 rad
2025-08-16 12:45:39,212 - INFO - CONVERGENCE EPISODE 324: 0.0941 rad
2025-08-16 12:45:40,820 - INFO -     325 | -6128.71 |    7.611 |    1.5836 |   0.000 |  413.1s
2025-08-16 12:45:41,056 - INFO - CONVERGENCE EPISODE 326: 0.0015 rad
2025-08-16 12:45:42,374 - INFO - CONVERGENCE EPISODE 327: 0.0025 rad
2025-08-16 12:45:44,005 - INFO - CONVERGENCE EPISODE 329: 0.0015 rad
2025-08-16 12:45:49,163 - INFO - CONVERGENCE EPISODE 333: 0.0013 rad
2025-08-16 12:45:52,329 - INFO - CONVERGENCE EPISODE 335: 0.0902 rad
2025-08-16 12:45:58,808 - INFO - CONVERGENCE EPISODE 339: 0.4942 rad
2025-08-16 12:46:02,166 - INFO - CONVERGENCE EPISODE 342: 0.0015 rad
2025-08-16 12:46:03,797 - INFO - CONVERGENCE EPISODE 343: 0.2180 rad
2025-08-16 12:46:05,287 - INFO - CONVERGENCE EPISODE 344: 0.0016 rad
2025-08-16 12:46:14,851 - INFO -     350 | -6464.20 |    7.770 |    0.9012 |   0.000 |  447.1s
2025-08-16 12:46:16,438 - INFO - CONVERGENCE EPISODE 351: 0.4614 rad
2025-08-16 12:46:18,289 - INFO - CONVERGENCE EPISODE 353: 0.0031 rad
2025-08-16 12:46:19,874 - INFO - CONVERGENCE EPISODE 355: 0.0031 rad
2025-08-16 12:46:19,931 - INFO - CONVERGENCE EPISODE 356: 0.0007 rad
2025-08-16 12:46:21,508 - INFO - CONVERGENCE EPISODE 357: 0.0680 rad
2025-08-16 12:46:21,600 - INFO - CONVERGENCE EPISODE 358: 0.0011 rad
2025-08-16 12:46:23,243 - INFO - CONVERGENCE EPISODE 359: 0.3716 rad
2025-08-16 12:46:24,937 - INFO - CONVERGENCE EPISODE 361: 0.0011 rad
2025-08-16 12:46:25,538 - INFO - CONVERGENCE EPISODE 362: 0.0002 rad
2025-08-16 12:46:28,713 - INFO - CONVERGENCE EPISODE 364: 0.1160 rad
2025-08-16 12:46:28,790 - INFO - CONVERGENCE EPISODE 365: 0.0002 rad
2025-08-16 12:46:33,709 - INFO - CONVERGENCE EPISODE 369: 0.0025 rad
2025-08-16 12:46:33,790 - INFO - CONVERGENCE EPISODE 370: 0.0004 rad
2025-08-16 12:46:37,107 - INFO - CONVERGENCE EPISODE 373: 0.0028 rad
2025-08-16 12:46:40,299 - INFO -     375 | -4666.78 |    5.190 |    2.1341 |   0.000 |  472.6s
2025-08-16 12:46:40,855 - INFO - CONVERGENCE EPISODE 376: 0.0005 rad
2025-08-16 12:46:40,950 - INFO - CONVERGENCE EPISODE 377: 0.0013 rad
2025-08-16 12:46:41,069 - INFO - CONVERGENCE EPISODE 378: 0.0004 rad
2025-08-16 12:46:42,865 - INFO - CONVERGENCE EPISODE 380: 0.0012 rad
2025-08-16 12:46:42,925 - INFO - CONVERGENCE EPISODE 381: 0.0010 rad
2025-08-16 12:46:46,209 - INFO - CONVERGENCE EPISODE 383: 0.3518 rad
2025-08-16 12:46:50,888 - INFO - CONVERGENCE EPISODE 386: 0.3863 rad
2025-08-16 12:46:52,998 - INFO - CONVERGENCE EPISODE 388: 0.0007 rad
2025-08-16 12:47:00,919 - INFO - CONVERGENCE EPISODE 394: 0.0013 rad
2025-08-16 12:47:07,192 - INFO - CONVERGENCE EPISODE 399: 0.0003 rad
2025-08-16 12:47:08,808 - INFO -     400 | -6471.53 |    8.031 |    0.5705 |   0.000 |  501.1s
2025-08-16 12:47:08,818 - INFO - CONVERGENCE EPISODE 401: 0.0010 rad
2025-08-16 12:47:11,731 - INFO - CONVERGENCE EPISODE 403: 0.0012 rad
2025-08-16 12:47:13,640 - INFO - CONVERGENCE EPISODE 405: 0.0028 rad
2025-08-16 12:47:15,839 - INFO - CONVERGENCE EPISODE 407: 0.0009 rad
2025-08-16 12:47:15,980 - INFO - CONVERGENCE EPISODE 408: 0.0023 rad
2025-08-16 12:47:17,200 - INFO - CONVERGENCE EPISODE 409: 0.0004 rad
2025-08-16 12:47:19,895 - INFO - CONVERGENCE EPISODE 411: 0.0026 rad
2025-08-16 12:47:21,622 - INFO - CONVERGENCE EPISODE 413: 0.0003 rad
2025-08-16 12:47:23,252 - INFO - CONVERGENCE EPISODE 414: 0.2184 rad
2025-08-16 12:47:29,861 - INFO - CONVERGENCE EPISODE 419: 0.0015 rad
2025-08-16 12:47:31,536 - INFO - CONVERGENCE EPISODE 421: 0.0019 rad
2025-08-16 12:47:31,586 - INFO - CONVERGENCE EPISODE 422: 0.0007 rad
2025-08-16 12:47:33,052 - INFO - CONVERGENCE EPISODE 423: 0.0023 rad
2025-08-16 12:47:34,661 - INFO - CONVERGENCE EPISODE 424: 0.3632 rad
2025-08-16 12:47:36,249 - INFO -     425 | -6389.05 |    7.840 |    0.9628 |   0.000 |  528.5s
2025-08-16 12:47:38,841 - INFO - CONVERGENCE EPISODE 427: 0.0024 rad
2025-08-16 12:47:39,731 - INFO - CONVERGENCE EPISODE 428: 0.0028 rad
2025-08-16 12:47:46,386 - INFO - CONVERGENCE EPISODE 433: 0.0002 rad
2025-08-16 12:47:51,208 - INFO - CONVERGENCE EPISODE 436: 0.1026 rad
2025-08-16 12:47:52,781 - INFO - CONVERGENCE EPISODE 438: 0.0008 rad
2025-08-16 12:47:53,049 - INFO - CONVERGENCE EPISODE 439: 0.0019 rad
2025-08-16 12:47:56,324 - INFO - CONVERGENCE EPISODE 442: 0.0000 rad
2025-08-16 12:47:57,902 - INFO - CONVERGENCE EPISODE 443: 0.1135 rad
2025-08-16 12:47:59,513 - INFO - CONVERGENCE EPISODE 444: 0.2510 rad
2025-08-16 12:48:01,326 - INFO - CONVERGENCE EPISODE 446: 0.0020 rad
2025-08-16 12:48:07,731 - INFO -     450 | -6058.83 |    7.491 |    2.2980 |   0.000 |  560.0s
2025-08-16 12:48:09,346 - INFO - CONVERGENCE EPISODE 451: 0.2115 rad
2025-08-16 12:48:10,890 - INFO - CONVERGENCE EPISODE 452: 0.0191 rad
2025-08-16 12:48:11,106 - INFO - CONVERGENCE EPISODE 453: 0.0002 rad
2025-08-16 12:48:11,233 - INFO - CONVERGENCE EPISODE 454: 0.0019 rad
2025-08-16 12:48:12,965 - INFO - CONVERGENCE EPISODE 456: 0.0027 rad
2025-08-16 12:48:14,646 - INFO - CONVERGENCE EPISODE 458: 0.0031 rad
2025-08-16 12:48:16,220 - INFO - CONVERGENCE EPISODE 459: 0.2475 rad
2025-08-16 12:48:20,995 - INFO - CONVERGENCE EPISODE 463: 0.0011 rad
2025-08-16 12:48:21,174 - INFO - CONVERGENCE EPISODE 464: 0.0024 rad
2025-08-16 12:48:29,226 - INFO - CONVERGENCE EPISODE 469: 0.2339 rad
2025-08-16 12:48:29,694 - INFO - CONVERGENCE EPISODE 470: 0.0006 rad
2025-08-16 12:48:29,844 - INFO - CONVERGENCE EPISODE 471: 0.0013 rad
2025-08-16 12:48:36,337 - INFO - CONVERGENCE EPISODE 475: 0.0416 rad
2025-08-16 12:48:36,338 - INFO -     475 | -6514.79 |    8.083 |    0.0416 |   0.000 |  588.6s
2025-08-16 12:48:38,223 - INFO - CONVERGENCE EPISODE 477: 0.0004 rad
2025-08-16 12:48:41,313 - INFO - CONVERGENCE EPISODE 479: 0.4421 rad
2025-08-16 12:48:43,255 - INFO - CONVERGENCE EPISODE 481: 0.0017 rad
2025-08-16 12:48:44,273 - INFO - CONVERGENCE EPISODE 482: 0.0016 rad
2025-08-16 12:48:47,497 - INFO - CONVERGENCE EPISODE 484: 0.3062 rad
2025-08-16 12:48:48,115 - INFO - CONVERGENCE EPISODE 485: 0.0016 rad
2025-08-16 12:48:48,863 - INFO - CONVERGENCE EPISODE 486: 0.0015 rad
2025-08-16 12:48:48,913 - INFO - CONVERGENCE EPISODE 487: 0.0030 rad
2025-08-16 12:48:50,522 - INFO - CONVERGENCE EPISODE 488: 0.0804 rad
2025-08-16 12:48:55,288 - INFO - CONVERGENCE EPISODE 491: 0.2765 rad
2025-08-16 12:48:57,409 - INFO - CONVERGENCE EPISODE 493: 0.0030 rad
2025-08-16 12:48:58,040 - INFO - CONVERGENCE EPISODE 494: 0.0017 rad
2025-08-16 12:48:58,076 - INFO - CONVERGENCE EPISODE 495: 0.0017 rad
2025-08-16 12:48:58,154 - INFO - CONVERGENCE EPISODE 496: 0.0024 rad
2025-08-16 12:48:59,719 - INFO - CONVERGENCE EPISODE 497: 0.0195 rad
2025-08-16 12:49:01,445 - INFO - CONVERGENCE EPISODE 499: 0.0027 rad
2025-08-16 12:49:01,553 - INFO - CONVERGENCE EPISODE 500: 0.0000 rad
2025-08-16 12:49:01,553 - INFO - 
2025-08-16 12:49:01,553 - INFO - MILESTONE 500 ANALYSIS:
2025-08-16 12:49:01,553 - INFO -   Recent 50 episodes avg position error: 0.7184 ± 0.9307 rad
2025-08-16 12:49:01,553 - INFO -   Recent 50 episodes avg cost: 4.732
2025-08-16 12:49:01,554 - INFO -   Recent 50 episodes success rate: 0.00%
2025-08-16 12:49:01,554 - INFO -   Convergent episodes ratio (< 0.5 rad): 60.00%
2025-08-16 12:49:01,554 - INFO -   Total convergent episodes so far: 201
2025-08-16 12:49:01,554 - INFO -   Best performance: 0.0000 rad at episode 442
2025-08-16 12:49:01,554 - INFO -   Stable performance not yet achieved
2025-08-16 12:49:01,554 - INFO - 
2025-08-16 12:49:01,554 - INFO -     500 |  -19.10 |    0.007 |    0.0000 |   0.000 |  613.8s
2025-08-16 12:49:03,330 - INFO - CONVERGENCE EPISODE 502: 0.0014 rad
2025-08-16 12:49:06,194 - INFO - CONVERGENCE EPISODE 504: 0.0025 rad
2025-08-16 12:49:12,577 - INFO - CONVERGENCE EPISODE 508: 0.1642 rad
2025-08-16 12:49:14,181 - INFO - CONVERGENCE EPISODE 509: 0.0358 rad
2025-08-16 12:49:17,449 - INFO - CONVERGENCE EPISODE 512: 0.0003 rad
2025-08-16 12:49:17,460 - INFO - CONVERGENCE EPISODE 513: 0.0001 rad
2025-08-16 12:49:19,055 - INFO - CONVERGENCE EPISODE 514: 0.0273 rad
2025-08-16 12:49:20,607 - INFO - CONVERGENCE EPISODE 515: 0.3445 rad
2025-08-16 12:49:20,734 - INFO - CONVERGENCE EPISODE 516: 0.0029 rad
2025-08-16 12:49:23,624 - INFO - CONVERGENCE EPISODE 518: 0.0021 rad
2025-08-16 12:49:26,784 - INFO - CONVERGENCE EPISODE 520: 0.0630 rad
2025-08-16 12:49:32,613 - INFO - CONVERGENCE EPISODE 524: 0.0029 rad
2025-08-16 12:49:32,650 - INFO - CONVERGENCE EPISODE 525: 0.0018 rad
2025-08-16 12:49:32,650 - INFO -     525 |   -7.36 |    0.003 |    0.0018 |   0.000 |  644.9s
2025-08-16 12:49:32,780 - INFO - CONVERGENCE EPISODE 526: 0.0002 rad
2025-08-16 12:49:32,853 - INFO - CONVERGENCE EPISODE 527: 0.0008 rad
2025-08-16 12:49:37,692 - INFO - CONVERGENCE EPISODE 530: 0.3873 rad
2025-08-16 12:49:42,481 - INFO - CONVERGENCE EPISODE 533: 0.2486 rad
2025-08-16 12:49:45,866 - INFO - CONVERGENCE EPISODE 536: 0.0002 rad
2025-08-16 12:49:46,055 - INFO - CONVERGENCE EPISODE 537: 0.0007 rad
2025-08-16 12:49:51,939 - INFO - CONVERGENCE EPISODE 541: 0.0016 rad
2025-08-16 12:49:53,662 - INFO - CONVERGENCE EPISODE 542: 0.4664 rad
2025-08-16 12:49:56,784 - INFO - CONVERGENCE EPISODE 544: 0.2360 rad
2025-08-16 12:49:59,942 - INFO - CONVERGENCE EPISODE 546: 0.2766 rad
2025-08-16 12:50:00,042 - INFO - CONVERGENCE EPISODE 547: 0.0015 rad
2025-08-16 12:50:01,642 - INFO - CONVERGENCE EPISODE 548: 0.1619 rad
2025-08-16 12:50:03,214 - INFO - CONVERGENCE EPISODE 549: 0.4954 rad
2025-08-16 12:50:03,301 - INFO - CONVERGENCE EPISODE 550: 0.0024 rad
2025-08-16 12:50:03,301 - INFO -     550 |  -15.74 |    0.083 |    0.0024 |   0.000 |  675.6s
2025-08-16 12:50:09,580 - INFO - CONVERGENCE EPISODE 555: 0.0013 rad
2025-08-16 12:50:09,656 - INFO - CONVERGENCE EPISODE 556: 0.0002 rad
2025-08-16 12:50:11,293 - INFO - CONVERGENCE EPISODE 558: 0.0000 rad
2025-08-16 12:50:11,532 - INFO - CONVERGENCE EPISODE 559: 0.0023 rad
2025-08-16 12:50:13,137 - INFO - CONVERGENCE EPISODE 560: 0.1012 rad
2025-08-16 12:50:19,452 - INFO - CONVERGENCE EPISODE 564: 0.0731 rad
2025-08-16 12:50:21,029 - INFO - CONVERGENCE EPISODE 566: 0.0030 rad
2025-08-16 12:50:28,866 - INFO - CONVERGENCE EPISODE 571: 0.4281 rad
2025-08-16 12:50:30,499 - INFO - CONVERGENCE EPISODE 573: 0.0007 rad
2025-08-16 12:50:32,295 - INFO - CONVERGENCE EPISODE 575: 0.0026 rad
2025-08-16 12:50:32,295 - INFO -     575 |  -10.54 |    0.146 |    0.0026 |   0.000 |  704.6s
2025-08-16 12:50:35,492 - INFO - CONVERGENCE EPISODE 577: 0.3124 rad
2025-08-16 12:50:35,722 - INFO - CONVERGENCE EPISODE 578: 0.0021 rad
2025-08-16 12:50:37,344 - INFO - CONVERGENCE EPISODE 580: 0.0018 rad
2025-08-16 12:50:38,690 - INFO - CONVERGENCE EPISODE 581: 0.0030 rad
2025-08-16 12:50:41,765 - INFO - CONVERGENCE EPISODE 583: 0.4334 rad
2025-08-16 12:50:42,419 - INFO - CONVERGENCE EPISODE 584: 0.0029 rad
2025-08-16 12:50:45,579 - INFO - CONVERGENCE EPISODE 586: 0.4512 rad
2025-08-16 12:50:46,932 - INFO - CONVERGENCE EPISODE 587: 0.0019 rad
2025-08-16 12:50:47,919 - INFO - CONVERGENCE EPISODE 588: 0.0015 rad
2025-08-16 12:50:52,582 - INFO - CONVERGENCE EPISODE 591: 0.2175 rad
2025-08-16 12:50:57,268 - INFO - CONVERGENCE EPISODE 594: 0.4393 rad
2025-08-16 12:51:05,128 - INFO - CONVERGENCE EPISODE 599: 0.4208 rad
2025-08-16 12:51:06,692 - INFO -     600 | -5967.44 |    7.192 |    2.6812 |   0.000 |  739.0s
2025-08-16 12:51:09,974 - INFO - CONVERGENCE EPISODE 603: 0.0004 rad
2025-08-16 12:51:11,523 - INFO - CONVERGENCE EPISODE 604: 0.3375 rad
2025-08-16 12:51:13,199 - INFO - CONVERGENCE EPISODE 606: 0.0021 rad
2025-08-16 12:51:13,315 - INFO - CONVERGENCE EPISODE 607: 0.0012 rad
2025-08-16 12:51:14,940 - INFO - CONVERGENCE EPISODE 609: 0.0030 rad
2025-08-16 12:51:17,131 - INFO - CONVERGENCE EPISODE 611: 0.0008 rad
2025-08-16 12:51:23,435 - INFO - CONVERGENCE EPISODE 615: 0.2640 rad
2025-08-16 12:51:23,521 - INFO - CONVERGENCE EPISODE 616: 0.0027 rad
2025-08-16 12:51:23,642 - INFO - CONVERGENCE EPISODE 617: 0.0020 rad
2025-08-16 12:51:26,786 - INFO - CONVERGENCE EPISODE 619: 0.0648 rad
2025-08-16 12:51:26,839 - INFO - CONVERGENCE EPISODE 620: 0.0022 rad
2025-08-16 12:51:28,551 - INFO - CONVERGENCE EPISODE 622: 0.0023 rad
2025-08-16 12:51:33,066 - INFO - CONVERGENCE EPISODE 625: 0.0019 rad
2025-08-16 12:51:33,066 - INFO -     625 | -5239.95 |    7.206 |    0.0019 |   0.000 |  765.3s
2025-08-16 12:51:35,748 - INFO - CONVERGENCE EPISODE 627: 0.0009 rad
2025-08-16 12:51:38,655 - INFO - CONVERGENCE EPISODE 629: 0.0028 rad
2025-08-16 12:51:40,277 - INFO - CONVERGENCE EPISODE 631: 0.0009 rad
2025-08-16 12:51:45,115 - INFO - CONVERGENCE EPISODE 635: 0.0030 rad
2025-08-16 12:51:46,804 - INFO - CONVERGENCE EPISODE 636: 0.3834 rad
2025-08-16 12:51:48,222 - INFO - CONVERGENCE EPISODE 637: 0.0026 rad
2025-08-16 12:51:50,415 - INFO - CONVERGENCE EPISODE 639: 0.0007 rad
2025-08-16 12:51:52,043 - INFO - CONVERGENCE EPISODE 641: 0.0004 rad
2025-08-16 12:51:55,310 - INFO - CONVERGENCE EPISODE 644: 0.0013 rad
2025-08-16 12:51:55,382 - INFO - CONVERGENCE EPISODE 645: 0.0017 rad
2025-08-16 12:52:00,121 - INFO - CONVERGENCE EPISODE 648: 0.3458 rad
2025-08-16 12:52:02,357 - INFO - CONVERGENCE EPISODE 650: 0.0015 rad
2025-08-16 12:52:02,358 - INFO -     650 | -2137.03 |    4.546 |    0.0015 |   0.000 |  794.6s
2025-08-16 12:52:02,468 - INFO - CONVERGENCE EPISODE 651: 0.0013 rad
2025-08-16 12:52:07,239 - INFO - CONVERGENCE EPISODE 655: 0.0004 rad
2025-08-16 12:52:08,828 - INFO - CONVERGENCE EPISODE 656: 0.0909 rad
2025-08-16 12:52:08,920 - INFO - CONVERGENCE EPISODE 657: 0.0008 rad
2025-08-16 12:52:10,478 - INFO - CONVERGENCE EPISODE 659: 0.0014 rad
2025-08-16 12:52:11,734 - INFO - CONVERGENCE EPISODE 660: 0.0027 rad
2025-08-16 12:52:13,304 - INFO - CONVERGENCE EPISODE 661: 0.0504 rad
2025-08-16 12:52:14,819 - INFO - CONVERGENCE EPISODE 662: 0.1928 rad
2025-08-16 12:52:16,343 - INFO - CONVERGENCE EPISODE 663: 0.3113 rad
2025-08-16 12:52:16,445 - INFO - CONVERGENCE EPISODE 664: 0.0007 rad
2025-08-16 12:52:17,691 - INFO - CONVERGENCE EPISODE 665: 0.0020 rad
2025-08-16 12:52:19,223 - INFO - CONVERGENCE EPISODE 666: 0.1386 rad
2025-08-16 12:52:20,691 - INFO - CONVERGENCE EPISODE 667: 0.0013 rad
2025-08-16 12:52:22,195 - INFO - CONVERGENCE EPISODE 668: 0.0107 rad
2025-08-16 12:52:22,195 - INFO - STABLE PERFORMANCE ACHIEVED starting at episode 659
2025-08-16 12:52:23,796 - INFO - CONVERGENCE EPISODE 670: 0.0015 rad
2025-08-16 12:52:28,455 - INFO - CONVERGENCE EPISODE 674: 0.0002 rad
2025-08-16 12:52:28,990 - INFO - CONVERGENCE EPISODE 675: 0.0011 rad
2025-08-16 12:52:28,990 - INFO -     675 |  -13.49 |    0.212 |    0.0011 |   0.000 |  821.3s
2025-08-16 12:52:29,083 - INFO - CONVERGENCE EPISODE 676: 0.0005 rad
2025-08-16 12:52:29,164 - INFO - CONVERGENCE EPISODE 677: 0.0025 rad
2025-08-16 12:52:32,864 - INFO - CONVERGENCE EPISODE 680: 0.0019 rad
2025-08-16 12:52:33,996 - INFO - CONVERGENCE EPISODE 681: 0.0028 rad
2025-08-16 12:52:40,188 - INFO - CONVERGENCE EPISODE 685: 0.2211 rad
2025-08-16 12:52:44,694 - INFO - CONVERGENCE EPISODE 688: 0.2194 rad
2025-08-16 12:52:49,352 - INFO - CONVERGENCE EPISODE 692: 0.0003 rad
2025-08-16 12:52:49,489 - INFO - CONVERGENCE EPISODE 693: 0.0013 rad
2025-08-16 12:52:54,021 - INFO - CONVERGENCE EPISODE 696: 0.4998 rad
2025-08-16 12:52:55,540 - INFO - CONVERGENCE EPISODE 698: 0.0018 rad
2025-08-16 12:52:57,042 - INFO - CONVERGENCE EPISODE 699: 0.4421 rad
2025-08-16 12:52:58,285 - INFO - CONVERGENCE EPISODE 700: 0.0027 rad
2025-08-16 12:52:58,285 - INFO -     700 | -3731.13 |    4.940 |    0.0027 |   0.000 |  850.6s
2025-08-16 12:53:00,409 - INFO - CONVERGENCE EPISODE 702: 0.0022 rad
2025-08-16 12:53:00,693 - INFO - CONVERGENCE EPISODE 703: 0.0016 rad
2025-08-16 12:53:06,684 - INFO - CONVERGENCE EPISODE 707: 0.0228 rad
2025-08-16 12:53:08,205 - INFO - CONVERGENCE EPISODE 708: 0.1244 rad
2025-08-16 12:53:09,695 - INFO - CONVERGENCE EPISODE 709: 0.1992 rad
2025-08-16 12:53:11,194 - INFO - CONVERGENCE EPISODE 710: 0.3046 rad
2025-08-16 12:53:15,733 - INFO - CONVERGENCE EPISODE 713: 0.3056 rad
2025-08-16 12:53:17,839 - INFO - CONVERGENCE EPISODE 715: 0.0025 rad
2025-08-16 12:53:20,949 - INFO - CONVERGENCE EPISODE 718: 0.0014 rad
2025-08-16 12:53:22,449 - INFO - CONVERGENCE EPISODE 719: 0.3048 rad
2025-08-16 12:53:23,101 - INFO - CONVERGENCE EPISODE 720: 0.0010 rad
2025-08-16 12:53:27,665 - INFO - CONVERGENCE EPISODE 724: 0.0010 rad
2025-08-16 12:53:28,990 - INFO - CONVERGENCE EPISODE 725: 0.0025 rad
2025-08-16 12:53:28,990 - INFO -     725 | -5129.87 |    6.713 |    0.0025 |   0.000 |  881.3s
2025-08-16 12:53:29,077 - INFO - CONVERGENCE EPISODE 726: 0.0004 rad
2025-08-16 12:53:29,161 - INFO - CONVERGENCE EPISODE 727: 0.0030 rad
2025-08-16 12:53:30,675 - INFO - CONVERGENCE EPISODE 728: 0.3877 rad
2025-08-16 12:53:32,290 - INFO - CONVERGENCE EPISODE 730: 0.0019 rad
2025-08-16 12:53:34,112 - INFO - CONVERGENCE EPISODE 732: 0.0008 rad
2025-08-16 12:53:34,191 - INFO - CONVERGENCE EPISODE 733: 0.0026 rad
2025-08-16 12:53:34,286 - INFO - CONVERGENCE EPISODE 734: 0.0011 rad
2025-08-16 12:53:37,651 - INFO - CONVERGENCE EPISODE 737: 0.0030 rad
2025-08-16 12:53:37,731 - INFO - CONVERGENCE EPISODE 738: 0.0029 rad
2025-08-16 12:53:37,767 - INFO - CONVERGENCE EPISODE 739: 0.0017 rad
2025-08-16 12:53:37,775 - INFO - CONVERGENCE EPISODE 740: 0.0003 rad
2025-08-16 12:53:39,318 - INFO - CONVERGENCE EPISODE 741: 0.1875 rad
2025-08-16 12:53:40,801 - INFO - CONVERGENCE EPISODE 742: 0.4519 rad
2025-08-16 12:53:44,837 - INFO - CONVERGENCE EPISODE 745: 0.0010 rad
2025-08-16 12:53:45,018 - INFO - CONVERGENCE EPISODE 746: 0.0019 rad
2025-08-16 12:53:46,599 - INFO - CONVERGENCE EPISODE 747: 0.2160 rad
2025-08-16 12:53:48,136 - INFO - CONVERGENCE EPISODE 748: 0.2195 rad
2025-08-16 12:53:49,757 - INFO - CONVERGENCE EPISODE 750: 0.0017 rad
2025-08-16 12:53:49,757 - INFO - 
2025-08-16 12:53:49,757 - INFO - MILESTONE 750 ANALYSIS:
2025-08-16 12:53:49,757 - INFO -   Recent 50 episodes avg position error: 0.5904 ± 0.7467 rad
2025-08-16 12:53:49,757 - INFO -   Recent 50 episodes avg cost: 4.914
2025-08-16 12:53:49,757 - INFO -   Recent 50 episodes success rate: 0.00%
2025-08-16 12:53:49,757 - INFO -   Convergent episodes ratio (< 0.5 rad): 62.00%
2025-08-16 12:53:49,757 - INFO -   Total convergent episodes so far: 335
2025-08-16 12:53:49,757 - INFO -   Best performance: 0.0000 rad at episode 442
2025-08-16 12:53:49,757 - INFO -   Stable performance maintained since episode 659
2025-08-16 12:53:49,757 - INFO - 
2025-08-16 12:53:49,757 - INFO -     750 |   -9.47 |    0.195 |    0.0017 |   0.000 |  902.0s
2025-08-16 12:53:50,149 - INFO - CONVERGENCE EPISODE 751: 0.0002 rad
2025-08-16 12:53:56,803 - INFO - CONVERGENCE EPISODE 756: 0.0029 rad
2025-08-16 12:53:58,325 - INFO - CONVERGENCE EPISODE 757: 0.2093 rad
2025-08-16 12:54:00,047 - INFO - CONVERGENCE EPISODE 759: 0.0010 rad
2025-08-16 12:54:07,610 - INFO - CONVERGENCE EPISODE 765: 0.0021 rad
2025-08-16 12:54:09,294 - INFO - CONVERGENCE EPISODE 767: 0.0025 rad
2025-08-16 12:54:10,787 - INFO - CONVERGENCE EPISODE 768: 0.3169 rad
2025-08-16 12:54:10,908 - INFO - CONVERGENCE EPISODE 769: 0.0030 rad
2025-08-16 12:54:15,169 - INFO - CONVERGENCE EPISODE 772: 0.0013 rad
2025-08-16 12:54:15,177 - INFO - CONVERGENCE EPISODE 773: 0.0003 rad
2025-08-16 12:54:18,209 - INFO -     775 | -6047.39 |    7.364 |    2.6034 |   0.000 |  930.5s
2025-08-16 12:54:22,684 - INFO - CONVERGENCE EPISODE 778: 0.0888 rad
2025-08-16 12:54:24,193 - INFO - CONVERGENCE EPISODE 779: 0.3544 rad
2025-08-16 12:54:24,846 - INFO - CONVERGENCE EPISODE 780: 0.0008 rad
2025-08-16 12:54:24,865 - INFO - CONVERGENCE EPISODE 781: 0.0031 rad
2025-08-16 12:54:26,532 - INFO - CONVERGENCE EPISODE 783: 0.0009 rad
2025-08-16 12:54:29,575 - INFO - CONVERGENCE EPISODE 786: 0.0029 rad
2025-08-16 12:54:29,771 - INFO - CONVERGENCE EPISODE 787: 0.0021 rad
2025-08-16 12:54:29,823 - INFO - CONVERGENCE EPISODE 788: 0.0019 rad
2025-08-16 12:54:30,038 - INFO - CONVERGENCE EPISODE 789: 0.0015 rad
2025-08-16 12:54:30,500 - INFO - CONVERGENCE EPISODE 790: 0.0028 rad
2025-08-16 12:54:30,602 - INFO - CONVERGENCE EPISODE 791: 0.0002 rad
2025-08-16 12:54:32,142 - INFO - CONVERGENCE EPISODE 793: 0.0009 rad
2025-08-16 12:54:35,359 - INFO - CONVERGENCE EPISODE 796: 0.0008 rad
2025-08-16 12:54:36,048 - INFO - CONVERGENCE EPISODE 797: 0.0031 rad
2025-08-16 12:54:37,533 - INFO - CONVERGENCE EPISODE 798: 0.4447 rad
2025-08-16 12:54:39,065 - INFO - CONVERGENCE EPISODE 799: 0.0063 rad
2025-08-16 12:54:40,553 - INFO - CONVERGENCE EPISODE 800: 0.0029 rad
2025-08-16 12:54:40,553 - INFO -     800 | -5142.52 |    5.931 |    0.0029 |   0.000 |  952.8s
2025-08-16 12:54:40,589 - INFO - CONVERGENCE EPISODE 801: 0.0000 rad
2025-08-16 12:54:40,688 - INFO - CONVERGENCE EPISODE 802: 0.0019 rad
2025-08-16 12:54:41,289 - INFO - CONVERGENCE EPISODE 803: 0.0006 rad
2025-08-16 12:54:50,499 - INFO - CONVERGENCE EPISODE 810: 0.0006 rad
2025-08-16 12:54:50,860 - INFO - CONVERGENCE EPISODE 811: 0.0010 rad
2025-08-16 12:54:53,995 - INFO - CONVERGENCE EPISODE 814: 0.0020 rad
2025-08-16 12:54:54,593 - INFO - CONVERGENCE EPISODE 815: 0.0014 rad
2025-08-16 12:54:57,696 - INFO - CONVERGENCE EPISODE 818: 0.0011 rad
2025-08-16 12:55:02,346 - INFO - CONVERGENCE EPISODE 822: 0.0004 rad
2025-08-16 12:55:02,361 - INFO - CONVERGENCE EPISODE 823: 0.0012 rad
2025-08-16 12:55:05,360 - INFO -     825 | -6503.94 |    4.671 |    2.5385 |   0.000 |  977.6s
2025-08-16 12:55:06,826 - INFO - CONVERGENCE EPISODE 826: 0.0022 rad
2025-08-16 12:55:11,346 - INFO - CONVERGENCE EPISODE 829: 0.4397 rad
2025-08-16 12:55:11,538 - INFO - CONVERGENCE EPISODE 830: 0.0025 rad
2025-08-16 12:55:12,267 - INFO - CONVERGENCE EPISODE 831: 0.0025 rad
2025-08-16 12:55:21,195 - INFO - CONVERGENCE EPISODE 837: 0.2801 rad
2025-08-16 12:55:25,773 - INFO - CONVERGENCE EPISODE 840: 0.2887 rad
2025-08-16 12:55:27,263 - INFO - CONVERGENCE EPISODE 841: 0.4845 rad
2025-08-16 12:55:31,806 - INFO - CONVERGENCE EPISODE 845: 0.0001 rad
2025-08-16 12:55:31,813 - INFO - CONVERGENCE EPISODE 846: 0.0005 rad
2025-08-16 12:55:33,357 - INFO - CONVERGENCE EPISODE 847: 0.4186 rad
2025-08-16 12:55:33,630 - INFO - CONVERGENCE EPISODE 848: 0.0022 rad
2025-08-16 12:55:34,333 - INFO - CONVERGENCE EPISODE 849: 0.0001 rad
2025-08-16 12:55:35,256 - INFO - CONVERGENCE EPISODE 850: 0.0002 rad
2025-08-16 12:55:35,256 - INFO -     850 | -3770.01 |    6.530 |    0.0002 |   0.000 | 1007.5s
2025-08-16 12:55:36,775 - INFO - CONVERGENCE EPISODE 851: 0.2469 rad
2025-08-16 12:55:36,942 - INFO - CONVERGENCE EPISODE 852: 0.0016 rad
2025-08-16 12:55:37,519 - INFO - CONVERGENCE EPISODE 853: 0.0029 rad
2025-08-16 12:55:40,641 - INFO - CONVERGENCE EPISODE 856: 0.0019 rad
2025-08-16 12:55:45,227 - INFO - CONVERGENCE EPISODE 860: 0.0005 rad
2025-08-16 12:55:45,290 - INFO - CONVERGENCE EPISODE 861: 0.0006 rad
2025-08-16 12:55:47,994 - INFO - CONVERGENCE EPISODE 863: 0.0022 rad
2025-08-16 12:55:49,636 - INFO - CONVERGENCE EPISODE 865: 0.0025 rad
2025-08-16 12:55:54,191 - INFO - CONVERGENCE EPISODE 868: 0.1682 rad
2025-08-16 12:55:55,671 - INFO - CONVERGENCE EPISODE 869: 0.2463 rad
2025-08-16 12:55:58,865 - INFO - CONVERGENCE EPISODE 872: 0.0018 rad
2025-08-16 12:55:58,955 - INFO - CONVERGENCE EPISODE 873: 0.0003 rad
2025-08-16 12:56:01,925 - INFO -     875 | -6512.14 |    4.682 |    2.5622 |   0.000 | 1034.2s
2025-08-16 12:56:15,441 - INFO - CONVERGENCE EPISODE 885: 0.0024 rad
2025-08-16 12:56:15,588 - INFO - CONVERGENCE EPISODE 886: 0.0006 rad
2025-08-16 12:56:15,597 - INFO - CONVERGENCE EPISODE 887: 0.0023 rad
2025-08-16 12:56:20,139 - INFO - CONVERGENCE EPISODE 890: 0.4230 rad
2025-08-16 12:56:20,216 - INFO - CONVERGENCE EPISODE 891: 0.0011 rad
2025-08-16 12:56:24,794 - INFO - CONVERGENCE EPISODE 894: 0.2665 rad
2025-08-16 12:56:26,304 - INFO - CONVERGENCE EPISODE 895: 0.1061 rad
2025-08-16 12:56:30,864 - INFO - CONVERGENCE EPISODE 898: 0.3372 rad
2025-08-16 12:56:33,908 - INFO -     900 | -5655.65 |    6.680 |    2.6239 |   0.000 | 1066.2s
2025-08-16 12:56:35,392 - INFO - CONVERGENCE EPISODE 901: 0.1777 rad
2025-08-16 12:56:36,877 - INFO - CONVERGENCE EPISODE 902: 0.4547 rad
2025-08-16 12:56:37,803 - INFO - CONVERGENCE EPISODE 903: 0.0030 rad
2025-08-16 12:56:42,147 - INFO - CONVERGENCE EPISODE 906: 0.0025 rad
2025-08-16 12:56:42,253 - INFO - CONVERGENCE EPISODE 907: 0.0014 rad
2025-08-16 12:56:42,815 - INFO - CONVERGENCE EPISODE 908: 0.0012 rad
2025-08-16 12:56:42,886 - INFO - CONVERGENCE EPISODE 909: 0.0018 rad
2025-08-16 12:56:42,929 - INFO - CONVERGENCE EPISODE 910: 0.0003 rad
2025-08-16 12:56:44,566 - INFO - CONVERGENCE EPISODE 912: 0.0028 rad
2025-08-16 12:56:46,135 - INFO - CONVERGENCE EPISODE 913: 0.0972 rad
2025-08-16 12:56:48,366 - INFO - CONVERGENCE EPISODE 915: 0.0003 rad
2025-08-16 12:56:51,347 - INFO - CONVERGENCE EPISODE 917: 0.2429 rad
2025-08-16 12:56:54,362 - INFO - CONVERGENCE EPISODE 919: 0.2857 rad
2025-08-16 12:56:54,495 - INFO - CONVERGENCE EPISODE 920: 0.0008 rad
2025-08-16 12:56:59,009 - INFO - CONVERGENCE EPISODE 923: 0.1297 rad
2025-08-16 12:56:59,169 - INFO - CONVERGENCE EPISODE 924: 0.0014 rad
2025-08-16 12:56:59,437 - INFO - CONVERGENCE EPISODE 925: 0.0017 rad
2025-08-16 12:56:59,437 - INFO -     925 |  -15.19 |    0.080 |    0.0017 |   0.000 | 1091.7s
2025-08-16 12:57:02,407 - INFO - CONVERGENCE EPISODE 928: 0.0006 rad
2025-08-16 12:57:05,438 - INFO - CONVERGENCE EPISODE 931: 0.0012 rad
2025-08-16 12:57:06,940 - INFO - CONVERGENCE EPISODE 932: 0.3149 rad
2025-08-16 12:57:09,977 - INFO - CONVERGENCE EPISODE 934: 0.2262 rad
2025-08-16 12:57:12,062 - INFO - CONVERGENCE EPISODE 936: 0.0004 rad
2025-08-16 12:57:13,576 - INFO - CONVERGENCE EPISODE 937: 0.2870 rad
2025-08-16 12:57:18,162 - INFO - CONVERGENCE EPISODE 941: 0.0026 rad
2025-08-16 12:57:19,686 - INFO - CONVERGENCE EPISODE 942: 0.3254 rad
2025-08-16 12:57:19,718 - INFO - CONVERGENCE EPISODE 943: 0.0012 rad
2025-08-16 12:57:21,197 - INFO - CONVERGENCE EPISODE 944: 0.2511 rad
2025-08-16 12:57:21,305 - INFO - CONVERGENCE EPISODE 945: 0.0008 rad
2025-08-16 12:57:22,719 - INFO - CONVERGENCE EPISODE 946: 0.0005 rad
2025-08-16 12:57:24,620 - INFO - CONVERGENCE EPISODE 948: 0.0031 rad
2025-08-16 12:57:27,562 - INFO -     950 | -6116.71 |    7.585 |    1.6296 |   0.000 | 1119.8s
2025-08-16 12:57:29,099 - INFO - CONVERGENCE EPISODE 951: 0.2113 rad
2025-08-16 12:57:29,293 - INFO - CONVERGENCE EPISODE 952: 0.0010 rad
2025-08-16 12:57:29,612 - INFO - CONVERGENCE EPISODE 953: 0.0013 rad
2025-08-16 12:57:31,451 - INFO - CONVERGENCE EPISODE 955: 0.0015 rad
2025-08-16 12:57:31,528 - INFO - CONVERGENCE EPISODE 956: 0.0004 rad
2025-08-16 12:57:34,626 - INFO - CONVERGENCE EPISODE 958: 0.2685 rad
2025-08-16 12:57:36,109 - INFO - CONVERGENCE EPISODE 959: 0.1698 rad
2025-08-16 12:57:40,963 - INFO - CONVERGENCE EPISODE 963: 0.0001 rad
2025-08-16 12:57:41,209 - INFO - CONVERGENCE EPISODE 964: 0.0030 rad
2025-08-16 12:57:41,508 - INFO - CONVERGENCE EPISODE 965: 0.0008 rad
2025-08-16 12:57:42,820 - INFO - CONVERGENCE EPISODE 966: 0.0026 rad
2025-08-16 12:57:44,465 - INFO - CONVERGENCE EPISODE 968: 0.0012 rad
2025-08-16 12:57:44,596 - INFO - CONVERGENCE EPISODE 969: 0.0031 rad
2025-08-16 12:57:44,818 - INFO - CONVERGENCE EPISODE 970: 0.0019 rad
2025-08-16 12:57:45,776 - INFO - CONVERGENCE EPISODE 971: 0.0004 rad
2025-08-16 12:57:48,867 - INFO - CONVERGENCE EPISODE 973: 0.0109 rad
2025-08-16 12:57:48,891 - INFO - CONVERGENCE EPISODE 974: 0.0027 rad
2025-08-16 12:57:50,401 - INFO -     975 | -5585.01 |    4.079 |    1.1034 |   0.000 | 1142.7s
2025-08-16 12:57:50,489 - INFO - CONVERGENCE EPISODE 976: 0.0029 rad
2025-08-16 12:57:57,972 - INFO - CONVERGENCE EPISODE 981: 0.2975 rad
2025-08-16 12:57:58,007 - INFO - CONVERGENCE EPISODE 982: 0.0005 rad
2025-08-16 12:58:02,244 - INFO - CONVERGENCE EPISODE 985: 0.0021 rad
2025-08-16 12:58:03,783 - INFO - CONVERGENCE EPISODE 986: 0.1415 rad
2025-08-16 12:58:03,800 - INFO - CONVERGENCE EPISODE 987: 0.0001 rad
2025-08-16 12:58:08,094 - INFO - CONVERGENCE EPISODE 990: 0.0018 rad
2025-08-16 12:58:08,268 - INFO - CONVERGENCE EPISODE 991: 0.0028 rad
2025-08-16 12:58:11,347 - INFO - CONVERGENCE EPISODE 994: 0.0021 rad
2025-08-16 12:58:11,546 - INFO - CONVERGENCE EPISODE 995: 0.0010 rad
2025-08-16 12:58:13,089 - INFO - CONVERGENCE EPISODE 996: 0.3478 rad
2025-08-16 12:58:13,677 - INFO - CONVERGENCE EPISODE 997: 0.0027 rad
2025-08-16 12:58:14,917 - INFO - CONVERGENCE EPISODE 998: 0.0029 rad
2025-08-16 12:58:15,584 - INFO - 
================================================================================
2025-08-16 12:58:15,584 - INFO - TRAINING COMPLETED - FINAL ANALYSIS
2025-08-16 12:58:15,584 - INFO - ================================================================================
2025-08-16 12:58:15,584 - INFO - Total training time: 1167.9 seconds (19.5 minutes)
2025-08-16 12:58:15,584 - INFO - Final episode reward: -2137.20
2025-08-16 12:58:15,584 - INFO - Final position error: 10.0000 rad
2025-08-16 12:58:15,584 - INFO - Final success rate: 0.000
2025-08-16 12:58:15,584 - INFO - Best position error achieved: 0.0000 rad at episode 442
2025-08-16 12:58:15,585 - INFO - Total convergent episodes (< 0.5 rad): 465/1000 (46.50%)
2025-08-16 12:58:15,585 - INFO - Recent success rate (last 100 episodes): 0.00%
2025-08-16 12:58:15,585 - INFO - Stable performance achieved: Yes (from episode 659, duration: 341 episodes)
2025-08-16 12:58:15,585 - INFO - Position error statistics:
2025-08-16 12:58:15,585 - INFO -   Mean: 0.9673 rad (55.4°)
2025-08-16 12:58:15,585 - INFO -   Std:  1.0245 rad (58.7°)
2025-08-16 12:58:15,585 - INFO -   Min:  0.0000 rad (0.0°)
2025-08-16 12:58:15,585 - INFO -   Max:  10.0000 rad (573.0°)
2025-08-16 12:58:15,586 - INFO -   Median: 0.7206 rad (41.3°)
2025-08-16 12:58:15,586 - INFO - Performance distribution:
2025-08-16 12:58:15,586 - INFO -   Excellent (< 0.1 rad / 5.7°): 361 episodes (36.1%)
2025-08-16 12:58:15,586 - INFO -   Good (0.1-0.3 rad / 5.7°-17.2°): 55 episodes (5.5%)
2025-08-16 12:58:15,586 - INFO -   Acceptable (0.3-0.5 rad / 17.2°-28.6°): 49 episodes (4.9%)
2025-08-16 12:58:15,586 - INFO -   Poor (> 0.5 rad / 28.6°): 535 episodes (53.5%)
2025-08-16 12:58:15,586 - INFO - 
TRAINING CONFIGURATION EFFECTIVENESS:
2025-08-16 12:58:15,586 - INFO - ----------------------------------------
2025-08-16 12:58:15,586 - INFO - Episodes needed for first convergence: 5
2025-08-16 12:58:15,586 - INFO - Excitation phase ended at episode: 100
2025-08-16 12:58:15,595 - INFO - Training metrics saved to: /home/osos/Mohamed_Masters_Thesis/DHP_pendulum/training_logs/dhp_pendulum_metrics_20250816_125815.json
2025-08-16 12:58:15,595 - INFO - 
BEST MODEL CONFIRMED:
2025-08-16 12:58:15,595 - INFO -   Episode: 442
2025-08-16 12:58:15,595 - INFO -   Position Error: 0.0000 rad (0.0°)
2025-08-16 12:58:15,595 - INFO -   Model files: dhp_pendulum_best_*
2025-08-16 12:58:15,595 - INFO - ================================================================================
2025-08-16 12:58:15,595 - INFO - TRAINING SESSION COMPLETED
2025-08-16 12:58:15,595 - INFO - Detailed log saved to: /home/osos/Mohamed_Masters_Thesis/DHP_pendulum/training_logs/dhp_pendulum_training_20250816_123847.log
2025-08-16 12:58:15,595 - INFO - ================================================================================
2025-08-16 12:58:15,596 - ERROR - Failed to record session-best episode 442: not enough values to unpack (expected 5, got 4)
2025-08-16 12:58:15,667 - INFO - Model saved with state normalization ENABLED
