2025-08-15 17:03:39,034 - INFO - ================================================================================
2025-08-15 17:03:39,034 - INFO - DHP PENDULUM TRAINING SESSION STARTED
2025-08-15 17:03:39,034 - INFO - ================================================================================
2025-08-15 17:03:39,034 - INFO - HYPERPARAMETERS:
2025-08-15 17:03:39,034 - INFO - ----------------------------------------
2025-08-15 17:03:39,035 - INFO - action_size              : 1
2025-08-15 17:03:39,035 - INFO - activation               : relu
2025-08-15 17:03:39,035 - INFO - best_episode_gui         : False
2025-08-15 17:03:39,035 - INFO - episode_length           : 200
2025-08-15 17:03:39,035 - INFO - excitation_amplitude     : 0.2
2025-08-15 17:03:39,035 - INFO - excitation_steps         : 7500
2025-08-15 17:03:39,035 - INFO - fixed_target             : 3.141592653589793
2025-08-15 17:03:39,035 - INFO - gamma                    : 0.95
2025-08-15 17:03:39,035 - INFO - gui                      : False
2025-08-15 17:03:39,035 - INFO - hidden_layer_size        : [64, 64, 32]
2025-08-15 17:03:39,035 - INFO - log_interval             : 50
2025-08-15 17:03:39,035 - INFO - lr_actor                 : 0.005
2025-08-15 17:03:39,035 - INFO - lr_critic                : 0.01
2025-08-15 17:03:39,035 - INFO - max_steps                : 200
2025-08-15 17:03:39,035 - INFO - normalize_states         : True
2025-08-15 17:03:39,035 - INFO - num_episodes             : 1500
2025-08-15 17:03:39,036 - INFO - predict_delta            : False
2025-08-15 17:03:39,036 - INFO - record                   : False
2025-08-15 17:03:39,036 - INFO - record_best_episodes     : True
2025-08-15 17:03:39,036 - INFO - recording_fps            : 30
2025-08-15 17:03:39,036 - INFO - reference_size           : 3
2025-08-15 17:03:39,036 - INFO - rls_action_size          : 1
2025-08-15 17:03:39,036 - INFO - rls_covariance           : 100.0
2025-08-15 17:03:39,036 - INFO - rls_gamma                : 0.9995
2025-08-15 17:03:39,036 - INFO - rls_state_size           : 3
2025-08-15 17:03:39,036 - INFO - save_interval            : 200
2025-08-15 17:03:39,036 - INFO - split                    : False
2025-08-15 17:03:39,036 - INFO - state_bounds             : {'cos_theta': [-1.0, 1.0], 'sin_theta': [-1.0, 1.0], 'theta_dot': [-8.0, 8.0]}
2025-08-15 17:03:39,036 - INFO - state_size               : 3
2025-08-15 17:03:39,036 - INFO - target_network           : True
2025-08-15 17:03:39,036 - INFO - tau                      : 0.001
2025-08-15 17:03:39,037 - INFO - update_cycles            : 2
2025-08-15 17:03:39,037 - INFO - ----------------------------------------
2025-08-15 17:03:39,037 - INFO - Log file: /home/osos/Mohamed_Masters_Thesis/DHP_pendulum/training_logs/dhp_pendulum_training_20250815_170339.log
2025-08-15 17:03:39,037 - INFO - ================================================================================
2025-08-15 17:03:39,037 - INFO - 
CONFIGURATION OVERRIDES APPLIED:
2025-08-15 17:03:39,037 - INFO -   num_episodes: 400
2025-08-15 17:03:39,037 - INFO -   episode_length: 200
2025-08-15 17:03:39,037 - INFO -   max_steps: 200
2025-08-15 17:03:39,037 - INFO -   excitation_steps: 7500
2025-08-15 17:03:39,037 - INFO -   excitation_amplitude: 0.2
2025-08-15 17:03:39,037 - INFO -   log_interval: 50
2025-08-15 17:03:39,037 - INFO -   save_interval: 200
2025-08-15 17:03:39,037 - INFO -   gui: False
2025-08-15 17:03:39,037 - INFO -   record: False
2025-08-15 17:03:39,038 - INFO -   normalize_states: True
2025-08-15 17:03:39,038 - INFO -   record_best_episodes: True
2025-08-15 17:03:39,038 - INFO -   lr_critic: 0.01
2025-08-15 17:03:39,038 - INFO -   lr_actor: 0.005
2025-08-15 17:03:39,038 - INFO -   hidden_layer_size: [64, 64, 32]
2025-08-15 17:03:39,038 - INFO -   gamma: 0.95
2025-08-15 17:03:39,038 - INFO -   update_cycles: 2
2025-08-15 17:03:39,038 - INFO -   tau: 0.001
2025-08-15 17:03:39,038 - INFO - 
==================================================
2025-08-15 17:03:39,038 - INFO - STARTING DHP TRAINING FOR PENDULUM
2025-08-15 17:03:39,038 - INFO - ==================================================
2025-08-15 17:03:39,041 - WARNING - From /home/osos/Mohamed_Masters_Thesis/msc-thesis/agents/dhp.py:70: The name tf.Session is deprecated. Please use tf.compat.v1.Session instead.

2025-08-15 17:03:39,163 - WARNING - From /home/osos/Mohamed_Masters_Thesis/msc-thesis/agents/dhp.py:100: The name tf.placeholder is deprecated. Please use tf.compat.v1.placeholder instead.

2025-08-15 17:03:39,167 - WARNING - From /home/osos/Mohamed_Masters_Thesis/msc-thesis/agents/dhp.py:102: The name tf.placeholder_with_default is deprecated. Please use tf.compat.v1.placeholder_with_default instead.

2025-08-15 17:03:39,173 - WARNING - From /home/osos/Mohamed_Masters_Thesis/msc-thesis/agents/dhp.py:124: The name tf.variable_scope is deprecated. Please use tf.compat.v1.variable_scope instead.

2025-08-15 17:03:39,173 - WARNING - From /home/osos/Mohamed_Masters_Thesis/msc-thesis/agents/dhp.py:128: dense (from tensorflow.python.layers.core) is deprecated and will be removed in a future version.
Instructions for updating:
Use keras.layers.Dense instead.
2025-08-15 17:03:39,175 - WARNING - From /home/osos/anaconda3/envs/DHP/lib/python3.7/site-packages/tensorflow_core/python/layers/core.py:187: Layer.apply (from tensorflow.python.keras.engine.base_layer) is deprecated and will be removed in a future version.
Instructions for updating:
Please use `layer.__call__` method instead.
2025-08-15 17:03:39,207 - WARNING - From /home/osos/Mohamed_Masters_Thesis/msc-thesis/agents/dhp.py:133: The name tf.trainable_variables is deprecated. Please use tf.compat.v1.trainable_variables instead.

2025-08-15 17:03:39,220 - WARNING - From /home/osos/Mohamed_Masters_Thesis/msc-thesis/agents/dhp.py:139: The name tf.train.GradientDescentOptimizer is deprecated. Please use tf.compat.v1.train.GradientDescentOptimizer instead.

2025-08-15 17:03:39,250 - WARNING - From /home/osos/Mohamed_Masters_Thesis/msc-thesis/agents/dhp.py:156: The name tf.assign is deprecated. Please use tf.compat.v1.assign instead.

2025-08-15 17:03:39,310 - WARNING - From /home/osos/Mohamed_Masters_Thesis/msc-thesis/agents/dhp.py:79: The name tf.summary.merge_all is deprecated. Please use tf.compat.v1.summary.merge_all instead.

2025-08-15 17:03:39,310 - WARNING - From /home/osos/Mohamed_Masters_Thesis/msc-thesis/agents/dhp.py:80: The name tf.train.Saver is deprecated. Please use tf.compat.v1.train.Saver instead.

2025-08-15 17:03:39,321 - WARNING - From /home/osos/Mohamed_Masters_Thesis/msc-thesis/agents/dhp.py:81: The name tf.global_variables_initializer is deprecated. Please use tf.compat.v1.global_variables_initializer instead.

2025-08-15 17:03:39,369 - INFO - 
Training for 400 episodes...
2025-08-15 17:03:39,369 - INFO - Episode | Reward  | Avg Cost | Pos Error | Success | Time
2025-08-15 17:03:39,369 - INFO - ------------------------------------------------------------
2025-08-15 17:03:40,728 - INFO -       0 | -600.47 |   42.152 |    1.4736 |   0.000 |    1.4s
2025-08-15 17:03:42,758 - INFO - CONVERGENCE EPISODE 2: 0.1419 rad
2025-08-15 17:03:46,645 - INFO - CONVERGENCE EPISODE 6: 0.2430 rad
2025-08-15 17:03:56,648 - INFO - CONVERGENCE EPISODE 16: 0.1438 rad
2025-08-15 17:04:02,576 - INFO - CONVERGENCE EPISODE 22: 0.4149 rad
2025-08-15 17:04:03,600 - INFO - CONVERGENCE EPISODE 23: 0.2707 rad
2025-08-15 17:04:04,599 - INFO - CONVERGENCE EPISODE 24: 0.0995 rad
2025-08-15 17:04:05,580 - INFO - CONVERGENCE EPISODE 25: 0.4018 rad
2025-08-15 17:04:06,568 - INFO - CONVERGENCE EPISODE 26: 0.1302 rad
2025-08-15 17:04:07,547 - INFO - CONVERGENCE EPISODE 27: 0.4891 rad
2025-08-15 17:04:08,533 - INFO - CONVERGENCE EPISODE 28: 0.3397 rad
2025-08-15 17:04:10,518 - INFO - CONVERGENCE EPISODE 30: 0.2519 rad
2025-08-15 17:04:11,497 - INFO - CONVERGENCE EPISODE 31: 0.2015 rad
2025-08-15 17:04:13,500 - INFO - CONVERGENCE EPISODE 33: 0.4812 rad
2025-08-15 17:04:14,488 - INFO - CONVERGENCE EPISODE 34: 0.3364 rad
2025-08-15 17:04:15,464 - INFO - CONVERGENCE EPISODE 35: 0.1709 rad
2025-08-15 17:04:16,456 - INFO - CONVERGENCE EPISODE 36: 0.1707 rad
2025-08-15 17:04:17,469 - INFO - CONVERGENCE EPISODE 37: 0.0338 rad
2025-08-15 17:04:19,432 - INFO - CONVERGENCE EPISODE 39: 0.1476 rad
2025-08-15 17:04:20,408 - INFO - CONVERGENCE EPISODE 40: 0.1499 rad
2025-08-15 17:04:21,379 - INFO - CONVERGENCE EPISODE 41: 0.2157 rad
2025-08-15 17:04:22,365 - INFO - CONVERGENCE EPISODE 42: 0.0831 rad
2025-08-15 17:04:23,349 - INFO - CONVERGENCE EPISODE 43: 0.0302 rad
2025-08-15 17:04:24,350 - INFO - CONVERGENCE EPISODE 44: 0.0170 rad
2025-08-15 17:04:25,346 - INFO - CONVERGENCE EPISODE 45: 0.1676 rad
2025-08-15 17:04:26,334 - INFO - CONVERGENCE EPISODE 46: 0.0445 rad
2025-08-15 17:04:27,320 - INFO - CONVERGENCE EPISODE 47: 0.0058 rad
2025-08-15 17:04:28,328 - INFO - CONVERGENCE EPISODE 48: 0.0015 rad
2025-08-15 17:04:28,328 - INFO - STABLE PERFORMANCE ACHIEVED starting at episode 39
2025-08-15 17:04:29,320 - INFO - CONVERGENCE EPISODE 49: 0.0483 rad
2025-08-15 17:04:30,303 - INFO - CONVERGENCE EPISODE 50: 0.0610 rad
2025-08-15 17:04:30,303 - INFO -      50 | -211.57 |   10.024 |    0.0610 |   1.000 |   50.9s
2025-08-15 17:04:31,276 - INFO - CONVERGENCE EPISODE 51: 0.0118 rad
2025-08-15 17:04:32,241 - INFO - CONVERGENCE EPISODE 52: 0.0120 rad
2025-08-15 17:04:33,229 - INFO - CONVERGENCE EPISODE 53: 0.0288 rad
2025-08-15 17:04:34,219 - INFO - CONVERGENCE EPISODE 54: 0.0256 rad
2025-08-15 17:04:35,205 - INFO - CONVERGENCE EPISODE 55: 0.0143 rad
2025-08-15 17:04:36,210 - INFO - CONVERGENCE EPISODE 56: 0.0143 rad
2025-08-15 17:04:37,190 - INFO - CONVERGENCE EPISODE 57: 0.0114 rad
2025-08-15 17:04:38,177 - INFO - CONVERGENCE EPISODE 58: 0.0053 rad
2025-08-15 17:04:39,180 - INFO - CONVERGENCE EPISODE 59: 0.0155 rad
2025-08-15 17:04:40,178 - INFO - CONVERGENCE EPISODE 60: 0.0036 rad
2025-08-15 17:04:41,159 - INFO - CONVERGENCE EPISODE 61: 0.0075 rad
2025-08-15 17:04:42,135 - INFO - CONVERGENCE EPISODE 62: 0.0097 rad
2025-08-15 17:04:43,127 - INFO - CONVERGENCE EPISODE 63: 0.0154 rad
2025-08-15 17:04:44,119 - INFO - CONVERGENCE EPISODE 64: 0.0116 rad
2025-08-15 17:04:45,094 - INFO - CONVERGENCE EPISODE 65: 0.0190 rad
2025-08-15 17:04:46,092 - INFO - CONVERGENCE EPISODE 66: 0.0017 rad
2025-08-15 17:04:47,081 - INFO - CONVERGENCE EPISODE 67: 0.0204 rad
2025-08-15 17:04:48,046 - INFO - CONVERGENCE EPISODE 68: 0.0525 rad
2025-08-15 17:04:49,030 - INFO - CONVERGENCE EPISODE 69: 0.0056 rad
2025-08-15 17:04:50,017 - INFO - CONVERGENCE EPISODE 70: 0.0187 rad
2025-08-15 17:04:51,021 - INFO - CONVERGENCE EPISODE 71: 0.0083 rad
2025-08-15 17:04:52,002 - INFO - CONVERGENCE EPISODE 72: 0.0113 rad
2025-08-15 17:04:52,996 - INFO - CONVERGENCE EPISODE 73: 0.0043 rad
2025-08-15 17:04:53,963 - INFO - CONVERGENCE EPISODE 74: 0.0096 rad
2025-08-15 17:04:55,059 - INFO - CONVERGENCE EPISODE 75: 0.0118 rad
2025-08-15 17:04:56,072 - INFO - CONVERGENCE EPISODE 76: 0.0132 rad
2025-08-15 17:04:57,057 - INFO - CONVERGENCE EPISODE 77: 0.0184 rad
2025-08-15 17:04:58,020 - INFO - CONVERGENCE EPISODE 78: 0.0033 rad
2025-08-15 17:04:58,990 - INFO - CONVERGENCE EPISODE 79: 0.0087 rad
2025-08-15 17:04:59,967 - INFO - CONVERGENCE EPISODE 80: 0.0021 rad
2025-08-15 17:05:00,945 - INFO - CONVERGENCE EPISODE 81: 0.0032 rad
2025-08-15 17:05:01,929 - INFO - CONVERGENCE EPISODE 82: 0.0157 rad
2025-08-15 17:05:02,915 - INFO - CONVERGENCE EPISODE 83: 0.0050 rad
2025-08-15 17:05:03,932 - INFO - CONVERGENCE EPISODE 84: 0.0014 rad
2025-08-15 17:05:04,915 - INFO - CONVERGENCE EPISODE 85: 0.0012 rad
2025-08-15 17:05:05,891 - INFO - CONVERGENCE EPISODE 86: 0.0034 rad
2025-08-15 17:05:06,862 - INFO - CONVERGENCE EPISODE 87: 0.0029 rad
2025-08-15 17:05:07,833 - INFO - CONVERGENCE EPISODE 88: 0.0072 rad
2025-08-15 17:05:08,858 - INFO - CONVERGENCE EPISODE 89: 0.0127 rad
2025-08-15 17:05:09,880 - INFO - CONVERGENCE EPISODE 90: 0.0059 rad
2025-08-15 17:05:10,876 - INFO - CONVERGENCE EPISODE 91: 0.0254 rad
2025-08-15 17:05:11,922 - INFO - CONVERGENCE EPISODE 92: 0.0059 rad
2025-08-15 17:05:12,963 - INFO - CONVERGENCE EPISODE 93: 0.0059 rad
2025-08-15 17:05:13,985 - INFO - CONVERGENCE EPISODE 94: 0.0094 rad
2025-08-15 17:05:14,980 - INFO - CONVERGENCE EPISODE 95: 0.0011 rad
2025-08-15 17:05:15,970 - INFO - CONVERGENCE EPISODE 96: 0.0083 rad
2025-08-15 17:05:16,944 - INFO - CONVERGENCE EPISODE 97: 0.0035 rad
2025-08-15 17:05:17,920 - INFO - CONVERGENCE EPISODE 98: 0.0022 rad
2025-08-15 17:05:18,906 - INFO - CONVERGENCE EPISODE 99: 0.0052 rad
2025-08-15 17:05:19,898 - INFO - CONVERGENCE EPISODE 100: 0.0002 rad
2025-08-15 17:05:19,899 - INFO - 
2025-08-15 17:05:19,899 - INFO - MILESTONE 100 ANALYSIS:
2025-08-15 17:05:19,899 - INFO -   Recent 50 episodes avg position error: 0.0104 ± 0.0091 rad
2025-08-15 17:05:19,899 - INFO -   Recent 50 episodes avg cost: 2.801
2025-08-15 17:05:19,899 - INFO -   Recent 50 episodes success rate: 100.00%
2025-08-15 17:05:19,899 - INFO -   Convergent episodes ratio (< 0.5 rad): 100.00%
2025-08-15 17:05:19,899 - INFO -   Total convergent episodes so far: 79
2025-08-15 17:05:19,899 - INFO -   Best performance: 0.0002 rad at episode 100
2025-08-15 17:05:19,899 - INFO -   Stable performance maintained since episode 39
2025-08-15 17:05:19,899 - INFO - 
2025-08-15 17:05:19,899 - INFO -     100 |   -0.04 |    0.001 |    0.0002 |   1.000 |  100.5s
2025-08-15 17:05:20,885 - INFO - CONVERGENCE EPISODE 101: 0.0123 rad
2025-08-15 17:05:21,865 - INFO - CONVERGENCE EPISODE 102: 0.0024 rad
2025-08-15 17:05:22,858 - INFO - CONVERGENCE EPISODE 103: 0.0084 rad
2025-08-15 17:05:23,839 - INFO - CONVERGENCE EPISODE 104: 0.0020 rad
2025-08-15 17:05:24,863 - INFO - CONVERGENCE EPISODE 105: 0.0010 rad
2025-08-15 17:05:25,838 - INFO - CONVERGENCE EPISODE 106: 0.0015 rad
2025-08-15 17:05:26,834 - INFO - CONVERGENCE EPISODE 107: 0.0015 rad
2025-08-15 17:05:27,845 - INFO - CONVERGENCE EPISODE 108: 0.0047 rad
2025-08-15 17:05:28,832 - INFO - CONVERGENCE EPISODE 109: 0.0139 rad
2025-08-15 17:05:29,808 - INFO - CONVERGENCE EPISODE 110: 0.0169 rad
2025-08-15 17:05:30,790 - INFO - CONVERGENCE EPISODE 111: 0.0060 rad
2025-08-15 17:05:31,799 - INFO - CONVERGENCE EPISODE 112: 0.0013 rad
2025-08-15 17:05:32,815 - INFO - CONVERGENCE EPISODE 113: 0.0035 rad
2025-08-15 17:05:33,813 - INFO - CONVERGENCE EPISODE 114: 0.0012 rad
2025-08-15 17:05:34,822 - INFO - CONVERGENCE EPISODE 115: 0.0028 rad
2025-08-15 17:05:35,812 - INFO - CONVERGENCE EPISODE 116: 0.0025 rad
2025-08-15 17:05:36,803 - INFO - CONVERGENCE EPISODE 117: 0.0035 rad
2025-08-15 17:05:37,799 - INFO - CONVERGENCE EPISODE 118: 0.0012 rad
2025-08-15 17:05:38,812 - INFO - CONVERGENCE EPISODE 119: 0.0043 rad
2025-08-15 17:05:39,812 - INFO - CONVERGENCE EPISODE 120: 0.0047 rad
2025-08-15 17:05:40,825 - INFO - CONVERGENCE EPISODE 121: 0.0035 rad
2025-08-15 17:05:41,831 - INFO - CONVERGENCE EPISODE 122: 0.0033 rad
2025-08-15 17:05:42,828 - INFO - CONVERGENCE EPISODE 123: 0.0108 rad
2025-08-15 17:05:43,838 - INFO - CONVERGENCE EPISODE 124: 0.0014 rad
2025-08-15 17:05:44,820 - INFO - CONVERGENCE EPISODE 125: 0.0158 rad
2025-08-15 17:05:45,828 - INFO - CONVERGENCE EPISODE 126: 0.0054 rad
2025-08-15 17:05:46,815 - INFO - CONVERGENCE EPISODE 127: 0.0065 rad
2025-08-15 17:05:47,808 - INFO - CONVERGENCE EPISODE 128: 0.0298 rad
2025-08-15 17:05:48,860 - INFO - CONVERGENCE EPISODE 129: 0.0100 rad
2025-08-15 17:05:49,914 - INFO - CONVERGENCE EPISODE 130: 0.0081 rad
2025-08-15 17:05:50,964 - INFO - CONVERGENCE EPISODE 131: 0.0045 rad
2025-08-15 17:05:51,972 - INFO - CONVERGENCE EPISODE 132: 0.0045 rad
2025-08-15 17:05:52,982 - INFO - CONVERGENCE EPISODE 133: 0.0034 rad
2025-08-15 17:05:53,977 - INFO - CONVERGENCE EPISODE 134: 0.0062 rad
2025-08-15 17:05:55,020 - INFO - CONVERGENCE EPISODE 135: 0.0041 rad
2025-08-15 17:05:56,017 - INFO - CONVERGENCE EPISODE 136: 0.0058 rad
2025-08-15 17:05:57,038 - INFO - CONVERGENCE EPISODE 137: 0.0136 rad
2025-08-15 17:05:58,025 - INFO - CONVERGENCE EPISODE 138: 0.0105 rad
2025-08-15 17:05:59,019 - INFO - CONVERGENCE EPISODE 139: 0.0060 rad
2025-08-15 17:06:00,045 - INFO - CONVERGENCE EPISODE 140: 0.0058 rad
2025-08-15 17:06:01,031 - INFO - CONVERGENCE EPISODE 141: 0.0019 rad
2025-08-15 17:06:02,032 - INFO - CONVERGENCE EPISODE 142: 0.0044 rad
2025-08-15 17:06:03,010 - INFO - CONVERGENCE EPISODE 143: 0.0109 rad
2025-08-15 17:06:04,038 - INFO - CONVERGENCE EPISODE 144: 0.0018 rad
2025-08-15 17:06:05,026 - INFO - CONVERGENCE EPISODE 145: 0.0048 rad
2025-08-15 17:06:05,994 - INFO - CONVERGENCE EPISODE 146: 0.0024 rad
2025-08-15 17:06:06,972 - INFO - CONVERGENCE EPISODE 147: 0.0011 rad
2025-08-15 17:06:07,949 - INFO - CONVERGENCE EPISODE 148: 0.0005 rad
2025-08-15 17:06:08,934 - INFO - CONVERGENCE EPISODE 149: 0.0037 rad
2025-08-15 17:06:09,923 - INFO - CONVERGENCE EPISODE 150: 0.0020 rad
2025-08-15 17:06:09,923 - INFO -     150 |  -72.66 |    3.685 |    0.0020 |   1.000 |  150.6s
2025-08-15 17:06:10,896 - INFO - CONVERGENCE EPISODE 151: 0.0008 rad
2025-08-15 17:06:11,881 - INFO - CONVERGENCE EPISODE 152: 0.0002 rad
2025-08-15 17:06:12,901 - INFO - CONVERGENCE EPISODE 153: 0.0051 rad
2025-08-15 17:06:13,891 - INFO - CONVERGENCE EPISODE 154: 0.0094 rad
2025-08-15 17:06:14,856 - INFO - CONVERGENCE EPISODE 155: 0.0012 rad
2025-08-15 17:06:15,832 - INFO - CONVERGENCE EPISODE 156: 0.0028 rad
2025-08-15 17:06:16,808 - INFO - CONVERGENCE EPISODE 157: 0.0088 rad
2025-08-15 17:06:17,801 - INFO - CONVERGENCE EPISODE 158: 0.0091 rad
2025-08-15 17:06:18,787 - INFO - CONVERGENCE EPISODE 159: 0.0067 rad
2025-08-15 17:06:19,788 - INFO - CONVERGENCE EPISODE 160: 0.0021 rad
2025-08-15 17:06:20,780 - INFO - CONVERGENCE EPISODE 161: 0.0028 rad
2025-08-15 17:06:21,799 - INFO - CONVERGENCE EPISODE 162: 0.0065 rad
2025-08-15 17:06:22,787 - INFO - CONVERGENCE EPISODE 163: 0.0008 rad
2025-08-15 17:06:23,763 - INFO - CONVERGENCE EPISODE 164: 0.0008 rad
2025-08-15 17:06:24,749 - INFO - CONVERGENCE EPISODE 165: 0.0015 rad
2025-08-15 17:06:25,746 - INFO - CONVERGENCE EPISODE 166: 0.0013 rad
2025-08-15 17:06:26,746 - INFO - CONVERGENCE EPISODE 167: 0.0032 rad
2025-08-15 17:06:27,746 - INFO - CONVERGENCE EPISODE 168: 0.0158 rad
2025-08-15 17:06:28,750 - INFO - CONVERGENCE EPISODE 169: 0.0005 rad
2025-08-15 17:06:29,757 - INFO - CONVERGENCE EPISODE 170: 0.0019 rad
2025-08-15 17:06:30,741 - INFO - CONVERGENCE EPISODE 171: 0.0000 rad
2025-08-15 17:06:31,764 - INFO - CONVERGENCE EPISODE 172: 0.0011 rad
2025-08-15 17:06:32,771 - INFO - CONVERGENCE EPISODE 173: 0.0001 rad
2025-08-15 17:06:33,765 - INFO - CONVERGENCE EPISODE 174: 0.0059 rad
2025-08-15 17:06:34,742 - INFO - CONVERGENCE EPISODE 175: 0.0005 rad
2025-08-15 17:06:35,759 - INFO - CONVERGENCE EPISODE 176: 0.0022 rad
2025-08-15 17:06:36,760 - INFO - CONVERGENCE EPISODE 177: 0.0064 rad
2025-08-15 17:06:37,755 - INFO - CONVERGENCE EPISODE 178: 0.0103 rad
2025-08-15 17:06:38,824 - INFO - CONVERGENCE EPISODE 179: 0.0004 rad
2025-08-15 17:06:39,872 - INFO - CONVERGENCE EPISODE 180: 0.0030 rad
2025-08-15 17:06:40,889 - INFO - CONVERGENCE EPISODE 181: 0.0068 rad
2025-08-15 17:06:41,904 - INFO - CONVERGENCE EPISODE 182: 0.0070 rad
2025-08-15 17:06:42,901 - INFO - CONVERGENCE EPISODE 183: 0.0035 rad
2025-08-15 17:06:43,916 - INFO - CONVERGENCE EPISODE 184: 0.0016 rad
2025-08-15 17:06:44,911 - INFO - CONVERGENCE EPISODE 185: 0.0034 rad
2025-08-15 17:06:45,929 - INFO - CONVERGENCE EPISODE 186: 0.0012 rad
2025-08-15 17:06:46,948 - INFO - CONVERGENCE EPISODE 187: 0.0009 rad
2025-08-15 17:06:47,976 - INFO - CONVERGENCE EPISODE 188: 0.0035 rad
2025-08-15 17:06:49,016 - INFO - CONVERGENCE EPISODE 189: 0.0019 rad
2025-08-15 17:06:50,071 - INFO - CONVERGENCE EPISODE 190: 0.0014 rad
2025-08-15 17:06:51,142 - INFO - CONVERGENCE EPISODE 191: 0.0116 rad
2025-08-15 17:06:52,202 - INFO - CONVERGENCE EPISODE 192: 0.0005 rad
2025-08-15 17:06:53,216 - INFO - CONVERGENCE EPISODE 193: 0.0006 rad
2025-08-15 17:06:54,198 - INFO - CONVERGENCE EPISODE 194: 0.0040 rad
2025-08-15 17:06:55,230 - INFO - CONVERGENCE EPISODE 195: 0.0011 rad
2025-08-15 17:06:56,205 - INFO - CONVERGENCE EPISODE 196: 0.0043 rad
2025-08-15 17:06:57,163 - INFO - CONVERGENCE EPISODE 197: 0.0045 rad
2025-08-15 17:06:58,143 - INFO - CONVERGENCE EPISODE 198: 0.0028 rad
2025-08-15 17:06:59,119 - INFO - CONVERGENCE EPISODE 199: 0.0024 rad
2025-08-15 17:07:00,115 - INFO - CONVERGENCE EPISODE 200: 0.0010 rad
2025-08-15 17:07:00,115 - INFO -     200 |   -0.02 |    0.001 |    0.0010 |   1.000 |  200.7s
2025-08-15 17:07:01,123 - INFO - CONVERGENCE EPISODE 201: 0.0011 rad
2025-08-15 17:07:02,111 - INFO - CONVERGENCE EPISODE 202: 0.0007 rad
2025-08-15 17:07:03,111 - INFO - CONVERGENCE EPISODE 203: 0.0053 rad
2025-08-15 17:07:04,102 - INFO - CONVERGENCE EPISODE 204: 0.0004 rad
2025-08-15 17:07:05,060 - INFO - CONVERGENCE EPISODE 205: 0.0001 rad
2025-08-15 17:07:06,031 - INFO - CONVERGENCE EPISODE 206: 0.0004 rad
2025-08-15 17:07:06,982 - INFO - CONVERGENCE EPISODE 207: 0.0017 rad
2025-08-15 17:07:07,949 - INFO - CONVERGENCE EPISODE 208: 0.0142 rad
2025-08-15 17:07:08,909 - INFO - CONVERGENCE EPISODE 209: 0.0034 rad
2025-08-15 17:07:09,915 - INFO - CONVERGENCE EPISODE 210: 0.0005 rad
2025-08-15 17:07:10,896 - INFO - CONVERGENCE EPISODE 211: 0.0102 rad
2025-08-15 17:07:11,898 - INFO - CONVERGENCE EPISODE 212: 0.0036 rad
2025-08-15 17:07:12,856 - INFO - CONVERGENCE EPISODE 213: 0.0015 rad
2025-08-15 17:07:13,814 - INFO - CONVERGENCE EPISODE 214: 0.0016 rad
2025-08-15 17:07:14,824 - INFO - CONVERGENCE EPISODE 215: 0.0046 rad
2025-08-15 17:07:15,822 - INFO - CONVERGENCE EPISODE 216: 0.0029 rad
2025-08-15 17:07:16,841 - INFO - CONVERGENCE EPISODE 217: 0.0075 rad
2025-08-15 17:07:17,844 - INFO - CONVERGENCE EPISODE 218: 0.0076 rad
2025-08-15 17:07:18,850 - INFO - CONVERGENCE EPISODE 219: 0.0011 rad
2025-08-15 17:07:19,867 - INFO - CONVERGENCE EPISODE 220: 0.0067 rad
2025-08-15 17:07:20,858 - INFO - CONVERGENCE EPISODE 221: 0.0095 rad
2025-08-15 17:07:21,846 - INFO - CONVERGENCE EPISODE 222: 0.0008 rad
2025-08-15 17:07:22,821 - INFO - CONVERGENCE EPISODE 223: 0.0002 rad
2025-08-15 17:07:23,804 - INFO - CONVERGENCE EPISODE 224: 0.0015 rad
2025-08-15 17:07:24,852 - INFO - CONVERGENCE EPISODE 225: 0.0014 rad
2025-08-15 17:07:25,874 - INFO - CONVERGENCE EPISODE 226: 0.0082 rad
2025-08-15 17:07:26,837 - INFO - CONVERGENCE EPISODE 227: 0.0015 rad
2025-08-15 17:07:27,807 - INFO - CONVERGENCE EPISODE 228: 0.0023 rad
2025-08-15 17:07:28,793 - INFO - CONVERGENCE EPISODE 229: 0.0009 rad
2025-08-15 17:07:29,777 - INFO - CONVERGENCE EPISODE 230: 0.0012 rad
2025-08-15 17:07:30,755 - INFO - CONVERGENCE EPISODE 231: 0.0041 rad
2025-08-15 17:07:31,758 - INFO - CONVERGENCE EPISODE 232: 0.0057 rad
2025-08-15 17:07:32,756 - INFO - CONVERGENCE EPISODE 233: 0.0003 rad
2025-08-15 17:07:33,802 - INFO - CONVERGENCE EPISODE 234: 0.0004 rad
2025-08-15 17:07:34,806 - INFO - CONVERGENCE EPISODE 235: 0.0020 rad
2025-08-15 17:07:35,793 - INFO - CONVERGENCE EPISODE 236: 0.0024 rad
2025-08-15 17:07:36,759 - INFO - CONVERGENCE EPISODE 237: 0.0011 rad
2025-08-15 17:07:37,759 - INFO - CONVERGENCE EPISODE 238: 0.0033 rad
2025-08-15 17:07:38,741 - INFO - CONVERGENCE EPISODE 239: 0.0042 rad
2025-08-15 17:07:39,744 - INFO - CONVERGENCE EPISODE 240: 0.0028 rad
2025-08-15 17:07:40,711 - INFO - CONVERGENCE EPISODE 241: 0.0028 rad
2025-08-15 17:07:41,701 - INFO - CONVERGENCE EPISODE 242: 0.0020 rad
2025-08-15 17:07:42,703 - INFO - CONVERGENCE EPISODE 243: 0.0015 rad
2025-08-15 17:07:43,701 - INFO - CONVERGENCE EPISODE 244: 0.0032 rad
2025-08-15 17:07:44,715 - INFO - CONVERGENCE EPISODE 245: 0.0010 rad
2025-08-15 17:07:45,727 - INFO - CONVERGENCE EPISODE 246: 0.0040 rad
2025-08-15 17:07:46,717 - INFO - CONVERGENCE EPISODE 247: 0.0021 rad
2025-08-15 17:07:47,696 - INFO - CONVERGENCE EPISODE 248: 0.0038 rad
2025-08-15 17:07:48,696 - INFO - CONVERGENCE EPISODE 249: 0.0038 rad
2025-08-15 17:07:49,676 - INFO - CONVERGENCE EPISODE 250: 0.0032 rad
2025-08-15 17:07:49,676 - INFO - 
2025-08-15 17:07:49,676 - INFO - MILESTONE 250 ANALYSIS:
2025-08-15 17:07:49,676 - INFO -   Recent 50 episodes avg position error: 0.0031 ± 0.0029 rad
2025-08-15 17:07:49,676 - INFO -   Recent 50 episodes avg cost: 1.708
2025-08-15 17:07:49,676 - INFO -   Recent 50 episodes success rate: 100.00%
2025-08-15 17:07:49,676 - INFO -   Convergent episodes ratio (< 0.5 rad): 100.00%
2025-08-15 17:07:49,676 - INFO -   Total convergent episodes so far: 229
2025-08-15 17:07:49,676 - INFO -   Best performance: 0.0000 rad at episode 171
2025-08-15 17:07:49,676 - INFO -   Stable performance maintained since episode 39
2025-08-15 17:07:49,676 - INFO - 
2025-08-15 17:07:49,677 - INFO -     250 |   -6.76 |    0.302 |    0.0032 |   1.000 |  250.3s
2025-08-15 17:07:50,671 - INFO - CONVERGENCE EPISODE 251: 0.0038 rad
2025-08-15 17:07:51,677 - INFO - CONVERGENCE EPISODE 252: 0.0019 rad
2025-08-15 17:07:52,700 - INFO - CONVERGENCE EPISODE 253: 0.0050 rad
2025-08-15 17:07:53,733 - INFO - CONVERGENCE EPISODE 254: 0.0005 rad
2025-08-15 17:07:54,747 - INFO - CONVERGENCE EPISODE 255: 0.0071 rad
2025-08-15 17:07:55,845 - INFO - CONVERGENCE EPISODE 256: 0.0013 rad
2025-08-15 17:07:56,895 - INFO - CONVERGENCE EPISODE 257: 0.0025 rad
2025-08-15 17:07:57,904 - INFO - CONVERGENCE EPISODE 258: 0.0045 rad
2025-08-15 17:07:58,924 - INFO - CONVERGENCE EPISODE 259: 0.0032 rad
2025-08-15 17:07:59,960 - INFO - CONVERGENCE EPISODE 260: 0.0000 rad
2025-08-15 17:08:00,967 - INFO - CONVERGENCE EPISODE 261: 0.0033 rad
2025-08-15 17:08:01,940 - INFO - CONVERGENCE EPISODE 262: 0.0014 rad
2025-08-15 17:08:02,924 - INFO - CONVERGENCE EPISODE 263: 0.0006 rad
2025-08-15 17:08:03,959 - INFO - CONVERGENCE EPISODE 264: 0.0038 rad
2025-08-15 17:08:04,947 - INFO - CONVERGENCE EPISODE 265: 0.0014 rad
2025-08-15 17:08:06,006 - INFO - CONVERGENCE EPISODE 266: 0.0039 rad
2025-08-15 17:08:06,983 - INFO - CONVERGENCE EPISODE 267: 0.0037 rad
2025-08-15 17:08:07,944 - INFO - CONVERGENCE EPISODE 268: 0.0066 rad
2025-08-15 17:08:08,932 - INFO - CONVERGENCE EPISODE 269: 0.0082 rad
2025-08-15 17:08:09,926 - INFO - CONVERGENCE EPISODE 270: 0.0029 rad
2025-08-15 17:08:10,986 - INFO - CONVERGENCE EPISODE 271: 0.0007 rad
2025-08-15 17:08:11,972 - INFO - CONVERGENCE EPISODE 272: 0.0142 rad
2025-08-15 17:08:12,944 - INFO - CONVERGENCE EPISODE 273: 0.0002 rad
2025-08-15 17:08:13,904 - INFO - CONVERGENCE EPISODE 274: 0.0041 rad
2025-08-15 17:08:14,894 - INFO - CONVERGENCE EPISODE 275: 0.0021 rad
2025-08-15 17:08:15,846 - INFO - CONVERGENCE EPISODE 276: 0.0009 rad
2025-08-15 17:08:16,847 - INFO - CONVERGENCE EPISODE 277: 0.0033 rad
2025-08-15 17:08:18,002 - INFO - CONVERGENCE EPISODE 278: 0.0039 rad
2025-08-15 17:08:19,172 - INFO - CONVERGENCE EPISODE 279: 0.0118 rad
2025-08-15 17:08:20,293 - INFO - CONVERGENCE EPISODE 280: 0.0029 rad
2025-08-15 17:08:21,410 - INFO - CONVERGENCE EPISODE 281: 0.0002 rad
2025-08-15 17:08:22,530 - INFO - CONVERGENCE EPISODE 282: 0.0084 rad
2025-08-15 17:08:23,670 - INFO - CONVERGENCE EPISODE 283: 0.0046 rad
2025-08-15 17:08:24,805 - INFO - CONVERGENCE EPISODE 284: 0.0020 rad
2025-08-15 17:08:26,052 - INFO - CONVERGENCE EPISODE 285: 0.0135 rad
2025-08-15 17:08:27,155 - INFO - CONVERGENCE EPISODE 286: 0.0001 rad
2025-08-15 17:08:28,285 - INFO - CONVERGENCE EPISODE 287: 0.0002 rad
2025-08-15 17:08:29,391 - INFO - CONVERGENCE EPISODE 288: 0.0011 rad
2025-08-15 17:08:30,537 - INFO - CONVERGENCE EPISODE 289: 0.0016 rad
2025-08-15 17:08:31,747 - INFO - CONVERGENCE EPISODE 290: 0.0030 rad
2025-08-15 17:08:32,901 - INFO - CONVERGENCE EPISODE 291: 0.0025 rad
2025-08-15 17:08:34,041 - INFO - CONVERGENCE EPISODE 292: 0.0064 rad
2025-08-15 17:08:35,127 - INFO - CONVERGENCE EPISODE 293: 0.0049 rad
2025-08-15 17:08:36,292 - INFO - CONVERGENCE EPISODE 294: 0.0054 rad
2025-08-15 17:08:37,350 - INFO - CONVERGENCE EPISODE 295: 0.0077 rad
2025-08-15 17:08:38,513 - INFO - CONVERGENCE EPISODE 296: 0.0004 rad
2025-08-15 17:08:39,639 - INFO - CONVERGENCE EPISODE 297: 0.0123 rad
2025-08-15 17:08:40,787 - INFO - CONVERGENCE EPISODE 298: 0.0008 rad
2025-08-15 17:08:41,886 - INFO - CONVERGENCE EPISODE 299: 0.0081 rad
2025-08-15 17:08:43,015 - INFO - CONVERGENCE EPISODE 300: 0.0013 rad
2025-08-15 17:08:43,015 - INFO -     300 |  -45.04 |    2.185 |    0.0013 |   1.000 |  303.6s
2025-08-15 17:08:44,143 - INFO - CONVERGENCE EPISODE 301: 0.0035 rad
2025-08-15 17:08:45,249 - INFO - CONVERGENCE EPISODE 302: 0.0028 rad
2025-08-15 17:08:46,341 - INFO - CONVERGENCE EPISODE 303: 0.0014 rad
2025-08-15 17:08:47,426 - INFO - CONVERGENCE EPISODE 304: 0.0013 rad
2025-08-15 17:08:48,599 - INFO - CONVERGENCE EPISODE 305: 0.0068 rad
2025-08-15 17:08:49,749 - INFO - CONVERGENCE EPISODE 306: 0.0005 rad
2025-08-15 17:08:50,906 - INFO - CONVERGENCE EPISODE 307: 0.0021 rad
2025-08-15 17:08:52,093 - INFO - CONVERGENCE EPISODE 308: 0.0034 rad
2025-08-15 17:08:53,233 - INFO - CONVERGENCE EPISODE 309: 0.0122 rad
2025-08-15 17:08:54,342 - INFO - CONVERGENCE EPISODE 310: 0.0025 rad
2025-08-15 17:08:55,591 - INFO - CONVERGENCE EPISODE 311: 0.0006 rad
2025-08-15 17:08:56,660 - INFO - CONVERGENCE EPISODE 312: 0.0017 rad
2025-08-15 17:08:57,742 - INFO - CONVERGENCE EPISODE 313: 0.0035 rad
2025-08-15 17:08:58,869 - INFO - CONVERGENCE EPISODE 314: 0.0044 rad
2025-08-15 17:09:00,089 - INFO - CONVERGENCE EPISODE 315: 0.0028 rad
2025-08-15 17:09:01,191 - INFO - CONVERGENCE EPISODE 316: 0.0003 rad
2025-08-15 17:09:02,290 - INFO - CONVERGENCE EPISODE 317: 0.0007 rad
2025-08-15 17:09:03,365 - INFO - CONVERGENCE EPISODE 318: 0.0011 rad
2025-08-15 17:09:04,496 - INFO - CONVERGENCE EPISODE 319: 0.0085 rad
2025-08-15 17:09:05,656 - INFO - CONVERGENCE EPISODE 320: 0.0002 rad
2025-08-15 17:09:06,763 - INFO - CONVERGENCE EPISODE 321: 0.0004 rad
2025-08-15 17:09:07,914 - INFO - CONVERGENCE EPISODE 322: 0.0016 rad
2025-08-15 17:09:08,971 - INFO - CONVERGENCE EPISODE 323: 0.0148 rad
2025-08-15 17:09:10,070 - INFO - CONVERGENCE EPISODE 324: 0.0019 rad
2025-08-15 17:09:11,160 - INFO - CONVERGENCE EPISODE 325: 0.0017 rad
2025-08-15 17:09:12,253 - INFO - CONVERGENCE EPISODE 326: 0.0006 rad
2025-08-15 17:09:13,334 - INFO - CONVERGENCE EPISODE 327: 0.0013 rad
2025-08-15 17:09:14,431 - INFO - CONVERGENCE EPISODE 328: 0.0034 rad
2025-08-15 17:09:15,545 - INFO - CONVERGENCE EPISODE 329: 0.0023 rad
2025-08-15 17:09:16,705 - INFO - CONVERGENCE EPISODE 330: 0.0083 rad
2025-08-15 17:09:17,821 - INFO - CONVERGENCE EPISODE 331: 0.0001 rad
2025-08-15 17:09:18,941 - INFO - CONVERGENCE EPISODE 332: 0.0012 rad
2025-08-15 17:09:20,015 - INFO - CONVERGENCE EPISODE 333: 0.0161 rad
2025-08-15 17:09:21,117 - INFO - CONVERGENCE EPISODE 334: 0.0037 rad
2025-08-15 17:09:22,164 - INFO - CONVERGENCE EPISODE 335: 0.0018 rad
2025-08-15 17:09:23,243 - INFO - CONVERGENCE EPISODE 336: 0.0005 rad
2025-08-15 17:09:24,331 - INFO - CONVERGENCE EPISODE 337: 0.0013 rad
2025-08-15 17:09:25,442 - INFO - CONVERGENCE EPISODE 338: 0.0002 rad
2025-08-15 17:09:26,571 - INFO - CONVERGENCE EPISODE 339: 0.0029 rad
2025-08-15 17:09:27,723 - INFO - CONVERGENCE EPISODE 340: 0.0015 rad
2025-08-15 17:09:28,801 - INFO - CONVERGENCE EPISODE 341: 0.0020 rad
2025-08-15 17:09:29,860 - INFO - CONVERGENCE EPISODE 342: 0.0039 rad
2025-08-15 17:09:30,923 - INFO - CONVERGENCE EPISODE 343: 0.0121 rad
2025-08-15 17:09:32,034 - INFO - CONVERGENCE EPISODE 344: 0.0087 rad
2025-08-15 17:09:33,187 - INFO - CONVERGENCE EPISODE 345: 0.0020 rad
2025-08-15 17:09:34,293 - INFO - CONVERGENCE EPISODE 346: 0.0016 rad
2025-08-15 17:09:35,384 - INFO - CONVERGENCE EPISODE 347: 0.0035 rad
2025-08-15 17:09:36,502 - INFO - CONVERGENCE EPISODE 348: 0.0005 rad
2025-08-15 17:09:37,620 - INFO - CONVERGENCE EPISODE 349: 0.0152 rad
2025-08-15 17:09:38,726 - INFO - CONVERGENCE EPISODE 350: 0.0001 rad
2025-08-15 17:09:38,726 - INFO -     350 |   -3.64 |    0.070 |    0.0001 |   1.000 |  359.4s
2025-08-15 17:09:39,866 - INFO - CONVERGENCE EPISODE 351: 0.0110 rad
2025-08-15 17:09:40,978 - INFO - CONVERGENCE EPISODE 352: 0.0034 rad
2025-08-15 17:09:42,108 - INFO - CONVERGENCE EPISODE 353: 0.0034 rad
2025-08-15 17:09:43,237 - INFO - CONVERGENCE EPISODE 354: 0.0010 rad
2025-08-15 17:09:44,320 - INFO - CONVERGENCE EPISODE 355: 0.0027 rad
2025-08-15 17:09:45,467 - INFO - CONVERGENCE EPISODE 356: 0.0018 rad
2025-08-15 17:09:46,628 - INFO - CONVERGENCE EPISODE 357: 0.0005 rad
2025-08-15 17:09:47,784 - INFO - CONVERGENCE EPISODE 358: 0.0087 rad
2025-08-15 17:09:48,910 - INFO - CONVERGENCE EPISODE 359: 0.0009 rad
2025-08-15 17:09:50,010 - INFO - CONVERGENCE EPISODE 360: 0.0029 rad
2025-08-15 17:09:51,110 - INFO - CONVERGENCE EPISODE 361: 0.0035 rad
2025-08-15 17:09:52,183 - INFO - CONVERGENCE EPISODE 362: 0.0017 rad
2025-08-15 17:09:53,244 - INFO - CONVERGENCE EPISODE 363: 0.0028 rad
2025-08-15 17:09:54,303 - INFO - CONVERGENCE EPISODE 364: 0.0005 rad
2025-08-15 17:09:55,501 - INFO - CONVERGENCE EPISODE 365: 0.0023 rad
2025-08-15 17:09:56,570 - INFO - CONVERGENCE EPISODE 366: 0.0010 rad
2025-08-15 17:09:57,635 - INFO - CONVERGENCE EPISODE 367: 0.0038 rad
2025-08-15 17:09:58,700 - INFO - CONVERGENCE EPISODE 368: 0.0007 rad
2025-08-15 17:09:59,784 - INFO - CONVERGENCE EPISODE 369: 0.0030 rad
2025-08-15 17:10:00,839 - INFO - CONVERGENCE EPISODE 370: 0.0030 rad
2025-08-15 17:10:01,992 - INFO - CONVERGENCE EPISODE 371: 0.0055 rad
2025-08-15 17:10:03,067 - INFO - CONVERGENCE EPISODE 372: 0.0003 rad
2025-08-15 17:10:04,207 - INFO - CONVERGENCE EPISODE 373: 0.0047 rad
2025-08-15 17:10:05,292 - INFO - CONVERGENCE EPISODE 374: 0.0010 rad
2025-08-15 17:10:06,398 - INFO - CONVERGENCE EPISODE 375: 0.0001 rad
2025-08-15 17:10:07,526 - INFO - CONVERGENCE EPISODE 376: 0.0007 rad
2025-08-15 17:10:08,595 - INFO - CONVERGENCE EPISODE 377: 0.0037 rad
2025-08-15 17:10:09,674 - INFO - CONVERGENCE EPISODE 378: 0.0082 rad
2025-08-15 17:10:10,730 - INFO - CONVERGENCE EPISODE 379: 0.0014 rad
2025-08-15 17:10:11,796 - INFO - CONVERGENCE EPISODE 380: 0.0007 rad
2025-08-15 17:10:12,818 - INFO - CONVERGENCE EPISODE 381: 0.0012 rad
2025-08-15 17:10:13,924 - INFO - CONVERGENCE EPISODE 382: 0.0014 rad
2025-08-15 17:10:15,052 - INFO - CONVERGENCE EPISODE 383: 0.0050 rad
2025-08-15 17:10:16,132 - INFO - CONVERGENCE EPISODE 384: 0.0017 rad
2025-08-15 17:10:17,183 - INFO - CONVERGENCE EPISODE 385: 0.0015 rad
2025-08-15 17:10:18,255 - INFO - CONVERGENCE EPISODE 386: 0.0026 rad
2025-08-15 17:10:19,304 - INFO - CONVERGENCE EPISODE 387: 0.0090 rad
2025-08-15 17:10:20,397 - INFO - CONVERGENCE EPISODE 388: 0.0013 rad
2025-08-15 17:10:21,469 - INFO - CONVERGENCE EPISODE 389: 0.0004 rad
2025-08-15 17:10:22,510 - INFO - CONVERGENCE EPISODE 390: 0.0019 rad
2025-08-15 17:10:23,561 - INFO - CONVERGENCE EPISODE 391: 0.0012 rad
2025-08-15 17:10:24,640 - INFO - CONVERGENCE EPISODE 392: 0.0078 rad
2025-08-15 17:10:25,748 - INFO - CONVERGENCE EPISODE 393: 0.0011 rad
2025-08-15 17:10:26,781 - INFO - CONVERGENCE EPISODE 394: 0.0003 rad
2025-08-15 17:10:27,834 - INFO - CONVERGENCE EPISODE 395: 0.0154 rad
2025-08-15 17:10:28,868 - INFO - CONVERGENCE EPISODE 396: 0.0012 rad
2025-08-15 17:10:29,948 - INFO - CONVERGENCE EPISODE 397: 0.0012 rad
2025-08-15 17:10:31,005 - INFO - CONVERGENCE EPISODE 398: 0.0089 rad
2025-08-15 17:10:32,084 - INFO - CONVERGENCE EPISODE 399: 0.0020 rad
2025-08-15 17:10:32,085 - INFO - 
================================================================================
2025-08-15 17:10:32,085 - INFO - TRAINING COMPLETED - FINAL ANALYSIS
2025-08-15 17:10:32,085 - INFO - ================================================================================
2025-08-15 17:10:32,085 - INFO - Total training time: 412.7 seconds (6.9 minutes)
2025-08-15 17:10:32,085 - INFO - Final episode reward: -0.31
2025-08-15 17:10:32,085 - INFO - Final position error: 0.0020 rad
2025-08-15 17:10:32,085 - INFO - Final success rate: 1.000
2025-08-15 17:10:32,086 - INFO - Best position error achieved: 0.0000 rad at episode 260
2025-08-15 17:10:32,086 - INFO - Total convergent episodes (< 0.5 rad): 378/400 (94.50%)
2025-08-15 17:10:32,086 - INFO - Recent success rate (last 100 episodes): 100.00%
2025-08-15 17:10:32,086 - INFO - Stable performance achieved: Yes (from episode 39, duration: 361 episodes)
2025-08-15 17:10:32,086 - INFO - Position error statistics:
2025-08-15 17:10:32,086 - INFO -   Mean: 0.0901 rad (5.2°)
2025-08-15 17:10:32,086 - INFO -   Std:  0.3347 rad (19.2°)
2025-08-15 17:10:32,086 - INFO -   Min:  0.0000 rad (0.0°)
2025-08-15 17:10:32,087 - INFO -   Max:  2.8848 rad (165.3°)
2025-08-15 17:10:32,087 - INFO -   Median: 0.0035 rad (0.2°)
2025-08-15 17:10:32,087 - INFO - Performance distribution:
2025-08-15 17:10:32,087 - INFO -   Excellent (< 0.1 rad / 5.7°): 359 episodes (89.8%)
2025-08-15 17:10:32,087 - INFO -   Good (0.1-0.3 rad / 5.7°-17.2°): 13 episodes (3.2%)
2025-08-15 17:10:32,087 - INFO -   Acceptable (0.3-0.5 rad / 17.2°-28.6°): 6 episodes (1.5%)
2025-08-15 17:10:32,087 - INFO -   Poor (> 0.5 rad / 28.6°): 22 episodes (5.5%)
2025-08-15 17:10:32,087 - INFO - 
TRAINING CONFIGURATION EFFECTIVENESS:
2025-08-15 17:10:32,087 - INFO - ----------------------------------------
2025-08-15 17:10:32,087 - INFO - Episodes needed for first convergence: 2
2025-08-15 17:10:32,087 - INFO - Excitation phase ended at episode: 37
2025-08-15 17:10:32,094 - INFO - Training metrics saved to: /home/osos/Mohamed_Masters_Thesis/DHP_pendulum/training_logs/dhp_pendulum_metrics_20250815_171032.json
2025-08-15 17:10:32,094 - INFO - 
BEST MODEL CONFIRMED:
2025-08-15 17:10:32,094 - INFO -   Episode: 260
2025-08-15 17:10:32,094 - INFO -   Position Error: 0.0000 rad (0.0°)
2025-08-15 17:10:32,094 - INFO -   Model files: dhp_pendulum_best_*
2025-08-15 17:10:32,094 - INFO - ================================================================================
2025-08-15 17:10:32,094 - INFO - TRAINING SESSION COMPLETED
2025-08-15 17:10:32,094 - INFO - Detailed log saved to: /home/osos/Mohamed_Masters_Thesis/DHP_pendulum/training_logs/dhp_pendulum_training_20250815_170339.log
2025-08-15 17:10:32,094 - INFO - ================================================================================
2025-08-15 17:10:38,958 - INFO - SESSION-BEST EPISODE RECORDED: Episode 260
2025-08-15 17:10:38,958 - INFO -   Replay error: 1.3625 rad vs training error: 0.0000 rad
2025-08-15 17:10:38,958 - INFO -   Target angle: 3.142 rad
2025-08-15 17:10:39,033 - INFO - Model saved with state normalization ENABLED
2025-08-15 17:11:08,648 - INFO - 
==================================================
2025-08-15 17:11:08,648 - INFO - STARTING POLICY DEMONSTRATION
2025-08-15 17:11:08,649 - INFO - ==================================================
2025-08-15 17:11:15,466 - INFO - Demonstration final angle error: 177.9°
2025-08-15 17:11:15,466 - INFO - Training and demonstration session completed successfully!
