2025-08-16 16:29:06,795 - INFO - ================================================================================
2025-08-16 16:29:06,795 - INFO - DHP PENDULUM TRAINING SESSION STARTED
2025-08-16 16:29:06,795 - INFO - ================================================================================
2025-08-16 16:29:06,795 - INFO - HYPERPARAMETERS:
2025-08-16 16:29:06,795 - INFO - ----------------------------------------
2025-08-16 16:29:06,795 - INFO - action_size              : 1
2025-08-16 16:29:06,795 - INFO - activation               : tanh
2025-08-16 16:29:06,795 - INFO - best_episode_gui         : False
2025-08-16 16:29:06,795 - INFO - episode_length           : 200
2025-08-16 16:29:06,795 - INFO - excitation_amplitude     : 0.2
2025-08-16 16:29:06,795 - INFO - excitation_steps         : 7500
2025-08-16 16:29:06,795 - INFO - gamma                    : 0.95
2025-08-16 16:29:06,795 - INFO - gui                      : False
2025-08-16 16:29:06,795 - INFO - hidden_layer_size        : [64, 64, 32]
2025-08-16 16:29:06,795 - INFO - log_interval             : 50
2025-08-16 16:29:06,795 - INFO - lr_actor                 : 0.005
2025-08-16 16:29:06,795 - INFO - lr_critic                : 0.01
2025-08-16 16:29:06,795 - INFO - max_steps                : 200
2025-08-16 16:29:06,796 - INFO - normalize_states         : True
2025-08-16 16:29:06,796 - INFO - num_episodes             : 1500
2025-08-16 16:29:06,796 - INFO - predict_delta            : False
2025-08-16 16:29:06,796 - INFO - record                   : False
2025-08-16 16:29:06,796 - INFO - record_best_episodes     : True
2025-08-16 16:29:06,796 - INFO - recording_fps            : 30
2025-08-16 16:29:06,796 - INFO - reference_size           : 2
2025-08-16 16:29:06,796 - INFO - render_best_only         : True
2025-08-16 16:29:06,796 - INFO - render_episode_steps     : 50
2025-08-16 16:29:06,796 - INFO - render_frequency         : 10
2025-08-16 16:29:06,796 - INFO - render_realtime          : False
2025-08-16 16:29:06,796 - INFO - render_training          : False
2025-08-16 16:29:06,796 - INFO - rls_action_size          : 1
2025-08-16 16:29:06,796 - INFO - rls_covariance           : 100.0
2025-08-16 16:29:06,797 - INFO - rls_gamma                : 0.9995
2025-08-16 16:29:06,797 - INFO - rls_state_size           : 2
2025-08-16 16:29:06,797 - INFO - save_interval            : 200
2025-08-16 16:29:06,797 - INFO - split                    : False
2025-08-16 16:29:06,797 - INFO - state_bounds             : {'theta': [-3.141592653589793, 3.141592653589793], 'theta_dot': [-8.0, 8.0]}
2025-08-16 16:29:06,797 - INFO - state_size               : 2
2025-08-16 16:29:06,797 - INFO - target_network           : True
2025-08-16 16:29:06,797 - INFO - tau                      : 0.001
2025-08-16 16:29:06,797 - INFO - update_cycles            : 2
2025-08-16 16:29:06,797 - INFO - ----------------------------------------
2025-08-16 16:29:06,797 - INFO - Log file: /home/osos/Mohamed_Masters_Thesis/DHP_pendulum/training_logs/dhp_pendulum_training_20250816_162906.log
2025-08-16 16:29:06,797 - INFO - ================================================================================
2025-08-16 16:29:06,798 - INFO - 
==================================================
2025-08-16 16:29:06,798 - INFO - STARTING DHP TRAINING FOR PENDULUM
2025-08-16 16:29:06,798 - INFO - ==================================================
2025-08-16 16:29:06,800 - WARNING - From /home/osos/Mohamed_Masters_Thesis/msc-thesis/agents/dhp.py:70: The name tf.Session is deprecated. Please use tf.compat.v1.Session instead.

2025-08-16 16:29:06,912 - WARNING - From /home/osos/Mohamed_Masters_Thesis/msc-thesis/agents/dhp.py:100: The name tf.placeholder is deprecated. Please use tf.compat.v1.placeholder instead.

2025-08-16 16:29:06,913 - WARNING - From /home/osos/Mohamed_Masters_Thesis/msc-thesis/agents/dhp.py:102: The name tf.placeholder_with_default is deprecated. Please use tf.compat.v1.placeholder_with_default instead.

2025-08-16 16:29:06,918 - WARNING - From /home/osos/Mohamed_Masters_Thesis/msc-thesis/agents/dhp.py:124: The name tf.variable_scope is deprecated. Please use tf.compat.v1.variable_scope instead.

2025-08-16 16:29:06,919 - WARNING - From /home/osos/Mohamed_Masters_Thesis/msc-thesis/agents/dhp.py:128: dense (from tensorflow.python.layers.core) is deprecated and will be removed in a future version.
Instructions for updating:
Use keras.layers.Dense instead.
2025-08-16 16:29:06,920 - WARNING - From /home/osos/anaconda3/envs/DHP/lib/python3.7/site-packages/tensorflow_core/python/layers/core.py:187: Layer.apply (from tensorflow.python.keras.engine.base_layer) is deprecated and will be removed in a future version.
Instructions for updating:
Please use `layer.__call__` method instead.
2025-08-16 16:29:06,956 - WARNING - From /home/osos/Mohamed_Masters_Thesis/msc-thesis/agents/dhp.py:133: The name tf.trainable_variables is deprecated. Please use tf.compat.v1.trainable_variables instead.

2025-08-16 16:29:06,972 - WARNING - From /home/osos/Mohamed_Masters_Thesis/msc-thesis/agents/dhp.py:139: The name tf.train.GradientDescentOptimizer is deprecated. Please use tf.compat.v1.train.GradientDescentOptimizer instead.

2025-08-16 16:29:07,012 - WARNING - From /home/osos/Mohamed_Masters_Thesis/msc-thesis/agents/dhp.py:156: The name tf.assign is deprecated. Please use tf.compat.v1.assign instead.

2025-08-16 16:29:07,099 - WARNING - From /home/osos/Mohamed_Masters_Thesis/msc-thesis/agents/dhp.py:79: The name tf.summary.merge_all is deprecated. Please use tf.compat.v1.summary.merge_all instead.

2025-08-16 16:29:07,100 - WARNING - From /home/osos/Mohamed_Masters_Thesis/msc-thesis/agents/dhp.py:80: The name tf.train.Saver is deprecated. Please use tf.compat.v1.train.Saver instead.

2025-08-16 16:29:07,115 - WARNING - From /home/osos/Mohamed_Masters_Thesis/msc-thesis/agents/dhp.py:81: The name tf.global_variables_initializer is deprecated. Please use tf.compat.v1.global_variables_initializer instead.

2025-08-16 16:29:07,177 - INFO - 
Training for 1000 episodes...
2025-08-16 16:29:07,177 - INFO - Episode | Reward  | Avg Cost | Pos Error | Success | Time
2025-08-16 16:29:07,177 - INFO - ------------------------------------------------------------
2025-08-16 16:29:08,912 - INFO -       0 | -15128.65 |  934.038 |    2.9734 |   0.000 |    1.7s
2025-08-16 16:29:15,088 - INFO - CONVERGENCE EPISODE 4: 0.0954 rad
2025-08-16 16:29:15,496 - INFO - CONVERGENCE EPISODE 5: 0.0008 rad
2025-08-16 16:29:16,591 - INFO - CONVERGENCE EPISODE 6: 0.0028 rad
2025-08-16 16:29:16,956 - INFO - CONVERGENCE EPISODE 7: 0.0017 rad
2025-08-16 16:29:18,544 - INFO - CONVERGENCE EPISODE 8: 0.0849 rad
2025-08-16 16:29:20,073 - INFO - CONVERGENCE EPISODE 9: 0.1107 rad
2025-08-16 16:29:24,634 - INFO - CONVERGENCE EPISODE 12: 0.0031 rad
2025-08-16 16:29:25,012 - INFO - CONVERGENCE EPISODE 13: 0.0002 rad
2025-08-16 16:29:26,536 - INFO - CONVERGENCE EPISODE 14: 0.0825 rad
2025-08-16 16:29:32,546 - INFO - CONVERGENCE EPISODE 18: 0.0005 rad
2025-08-16 16:29:34,093 - INFO - CONVERGENCE EPISODE 19: 0.0248 rad
2025-08-16 16:29:35,641 - INFO - CONVERGENCE EPISODE 20: 0.1025 rad
2025-08-16 16:29:40,258 - INFO - CONVERGENCE EPISODE 23: 0.0750 rad
2025-08-16 16:29:41,773 - INFO - CONVERGENCE EPISODE 24: 0.1225 rad
2025-08-16 16:29:43,321 - INFO - CONVERGENCE EPISODE 25: 0.1057 rad
2025-08-16 16:29:43,321 - INFO -      25 | -3618.18 | 2996630.974 |    0.1057 |   0.000 |   36.1s
2025-08-16 16:29:54,321 - INFO - CONVERGENCE EPISODE 32: 0.0011 rad
2025-08-16 16:29:55,314 - INFO - CONVERGENCE EPISODE 33: 0.0018 rad
2025-08-16 16:29:59,371 - INFO - CONVERGENCE EPISODE 36: 0.0014 rad
2025-08-16 16:30:01,127 - INFO - CONVERGENCE EPISODE 38: 0.0023 rad
2025-08-16 16:30:02,851 - INFO - CONVERGENCE EPISODE 40: 0.0020 rad
2025-08-16 16:30:03,353 - INFO - CONVERGENCE EPISODE 41: 0.0000 rad
2025-08-16 16:30:06,070 - INFO - CONVERGENCE EPISODE 43: 0.0021 rad
2025-08-16 16:30:09,250 - INFO - CONVERGENCE EPISODE 46: 0.0000 rad
2025-08-16 16:30:10,764 - INFO - CONVERGENCE EPISODE 47: 0.4487 rad
2025-08-16 16:30:12,317 - INFO - CONVERGENCE EPISODE 48: 0.1349 rad
2025-08-16 16:30:13,834 - INFO - CONVERGENCE EPISODE 49: 0.3792 rad
2025-08-16 16:30:14,035 - INFO - CONVERGENCE EPISODE 50: 0.0002 rad
2025-08-16 16:30:14,035 - INFO -      50 | -880.43 | 1646945389.461 |    0.0002 |   0.000 |   66.9s
2025-08-16 16:30:14,226 - INFO - CONVERGENCE EPISODE 51: 0.0007 rad
2025-08-16 16:30:17,509 - INFO - CONVERGENCE EPISODE 54: 0.0031 rad
2025-08-16 16:30:18,573 - INFO - CONVERGENCE EPISODE 55: 0.0004 rad
2025-08-16 16:30:20,124 - INFO - CONVERGENCE EPISODE 56: 0.2579 rad
2025-08-16 16:30:26,426 - INFO - CONVERGENCE EPISODE 61: 0.0022 rad
2025-08-16 16:30:27,933 - INFO - CONVERGENCE EPISODE 62: 0.2989 rad
2025-08-16 16:30:30,241 - INFO - CONVERGENCE EPISODE 64: 0.0020 rad
2025-08-16 16:30:31,764 - INFO - CONVERGENCE EPISODE 65: 0.3836 rad
2025-08-16 16:30:32,029 - INFO - CONVERGENCE EPISODE 66: 0.0018 rad
2025-08-16 16:30:32,245 - INFO - CONVERGENCE EPISODE 67: 0.0027 rad
2025-08-16 16:30:35,876 - INFO - CONVERGENCE EPISODE 70: 0.0006 rad
2025-08-16 16:30:37,393 - INFO - CONVERGENCE EPISODE 71: 0.3592 rad
2025-08-16 16:30:39,063 - INFO - CONVERGENCE EPISODE 73: 0.0021 rad
2025-08-16 16:30:39,294 - INFO - CONVERGENCE EPISODE 74: 0.0026 rad
2025-08-16 16:30:39,485 - INFO - CONVERGENCE EPISODE 75: 0.0019 rad
2025-08-16 16:30:39,486 - INFO -      75 | -870.22 | 1804723783.501 |    0.0019 |   0.000 |   92.3s
2025-08-16 16:30:45,564 - INFO - CONVERGENCE EPISODE 79: 0.2378 rad
2025-08-16 16:30:45,742 - INFO - CONVERGENCE EPISODE 80: 0.0031 rad
2025-08-16 16:30:48,776 - INFO - CONVERGENCE EPISODE 82: 0.3109 rad
2025-08-16 16:30:50,158 - INFO - CONVERGENCE EPISODE 83: 0.0021 rad
2025-08-16 16:30:50,402 - INFO - CONVERGENCE EPISODE 84: 0.0023 rad
2025-08-16 16:30:51,890 - INFO - CONVERGENCE EPISODE 85: 0.1208 rad
2025-08-16 16:30:53,665 - INFO - CONVERGENCE EPISODE 87: 0.0029 rad
2025-08-16 16:30:58,298 - INFO - CONVERGENCE EPISODE 90: 0.3617 rad
2025-08-16 16:31:01,374 - INFO - CONVERGENCE EPISODE 92: 0.0664 rad
2025-08-16 16:31:01,556 - INFO - CONVERGENCE EPISODE 93: 0.0005 rad
2025-08-16 16:31:03,237 - INFO - CONVERGENCE EPISODE 95: 0.0018 rad
2025-08-16 16:31:03,409 - INFO - CONVERGENCE EPISODE 96: 0.0013 rad
2025-08-16 16:31:06,574 - INFO - CONVERGENCE EPISODE 99: 0.0007 rad
2025-08-16 16:31:08,101 - INFO - 
2025-08-16 16:31:08,101 - INFO - MILESTONE 100 ANALYSIS:
2025-08-16 16:31:08,101 - INFO -   Recent 50 episodes avg position error: 0.8853 ± 1.0005 rad
2025-08-16 16:31:08,102 - INFO -   Recent 50 episodes avg cost: 4082187872.645
2025-08-16 16:31:08,102 - INFO -   Recent 50 episodes success rate: 0.00%
2025-08-16 16:31:08,102 - INFO -   Convergent episodes ratio (< 0.5 rad): 56.00%
2025-08-16 16:31:08,102 - INFO -   Total convergent episodes so far: 55
2025-08-16 16:31:08,102 - INFO -   Best performance: 0.0000 rad at episode 46
2025-08-16 16:31:08,102 - INFO -   Stable performance not yet achieved
2025-08-16 16:31:08,102 - INFO - 
2025-08-16 16:31:08,102 - INFO -     100 | -6560.84 | 5685900507.715 |    1.7606 |   0.000 |  120.9s
2025-08-16 16:31:09,584 - INFO - CONVERGENCE EPISODE 101: 0.0455 rad
2025-08-16 16:31:11,242 - INFO - CONVERGENCE EPISODE 103: 0.0024 rad
2025-08-16 16:31:12,759 - INFO - CONVERGENCE EPISODE 104: 0.0841 rad
2025-08-16 16:31:15,980 - INFO - CONVERGENCE EPISODE 107: 0.0006 rad
2025-08-16 16:31:18,982 - INFO - CONVERGENCE EPISODE 109: 0.1328 rad
2025-08-16 16:31:22,025 - INFO - CONVERGENCE EPISODE 111: 0.1775 rad
2025-08-16 16:31:23,523 - INFO - CONVERGENCE EPISODE 112: 0.2664 rad
2025-08-16 16:31:23,737 - INFO - CONVERGENCE EPISODE 113: 0.0019 rad
2025-08-16 16:31:23,914 - INFO - CONVERGENCE EPISODE 114: 0.0028 rad
2025-08-16 16:31:24,091 - INFO - CONVERGENCE EPISODE 115: 0.0023 rad
2025-08-16 16:31:25,593 - INFO - CONVERGENCE EPISODE 116: 0.3570 rad
2025-08-16 16:31:30,291 - INFO - CONVERGENCE EPISODE 119: 0.0685 rad
2025-08-16 16:31:30,758 - INFO - CONVERGENCE EPISODE 120: 0.0024 rad
2025-08-16 16:31:32,281 - INFO - CONVERGENCE EPISODE 121: 0.2080 rad
2025-08-16 16:31:32,531 - INFO - CONVERGENCE EPISODE 122: 0.0020 rad
2025-08-16 16:31:32,771 - INFO - CONVERGENCE EPISODE 123: 0.0031 rad
2025-08-16 16:31:34,302 - INFO - CONVERGENCE EPISODE 124: 0.3381 rad
2025-08-16 16:31:34,544 - INFO - CONVERGENCE EPISODE 125: 0.0027 rad
2025-08-16 16:31:34,544 - INFO -     125 | -883.52 | 1386200284.246 |    0.0027 |   0.000 |  147.4s
2025-08-16 16:31:36,055 - INFO - CONVERGENCE EPISODE 126: 0.0744 rad
2025-08-16 16:31:36,687 - INFO - CONVERGENCE EPISODE 127: 0.0025 rad
2025-08-16 16:31:41,484 - INFO - CONVERGENCE EPISODE 131: 0.0015 rad
2025-08-16 16:31:42,969 - INFO - CONVERGENCE EPISODE 132: 0.2663 rad
2025-08-16 16:31:43,151 - INFO - CONVERGENCE EPISODE 133: 0.0008 rad
2025-08-16 16:31:44,148 - INFO - CONVERGENCE EPISODE 134: 0.0011 rad
2025-08-16 16:31:45,631 - INFO - CONVERGENCE EPISODE 135: 0.0009 rad
2025-08-16 16:31:45,862 - INFO - CONVERGENCE EPISODE 136: 0.0019 rad
2025-08-16 16:31:48,942 - INFO - CONVERGENCE EPISODE 138: 0.2354 rad
2025-08-16 16:31:52,297 - INFO - CONVERGENCE EPISODE 141: 0.0020 rad
2025-08-16 16:31:52,484 - INFO - CONVERGENCE EPISODE 142: 0.0005 rad
2025-08-16 16:31:54,216 - INFO - CONVERGENCE EPISODE 144: 0.0002 rad
2025-08-16 16:31:54,972 - INFO - CONVERGENCE EPISODE 145: 0.0013 rad
2025-08-16 16:31:55,148 - INFO - CONVERGENCE EPISODE 146: 0.0011 rad
2025-08-16 16:31:55,611 - INFO - CONVERGENCE EPISODE 147: 0.0026 rad
2025-08-16 16:32:00,179 - INFO -     150 | -5071.66 | 6109725322.616 |    2.3785 |   0.000 |  173.0s
2025-08-16 16:32:01,742 - INFO - CONVERGENCE EPISODE 151: 0.3615 rad
2025-08-16 16:32:09,432 - INFO - CONVERGENCE EPISODE 157: 0.0010 rad
2025-08-16 16:32:12,023 - INFO - CONVERGENCE EPISODE 159: 0.0020 rad
2025-08-16 16:32:15,093 - INFO - CONVERGENCE EPISODE 161: 0.4586 rad
2025-08-16 16:32:16,590 - INFO - CONVERGENCE EPISODE 162: 0.4571 rad
2025-08-16 16:32:18,540 - INFO - CONVERGENCE EPISODE 164: 0.0017 rad
2025-08-16 16:32:18,714 - INFO - CONVERGENCE EPISODE 165: 0.0023 rad
2025-08-16 16:32:19,173 - INFO - CONVERGENCE EPISODE 166: 0.0010 rad
2025-08-16 16:32:20,455 - INFO - CONVERGENCE EPISODE 167: 0.0030 rad
2025-08-16 16:32:20,637 - INFO - CONVERGENCE EPISODE 168: 0.0026 rad
2025-08-16 16:32:21,906 - INFO - CONVERGENCE EPISODE 169: 0.0011 rad
2025-08-16 16:32:22,106 - INFO - CONVERGENCE EPISODE 170: 0.0028 rad
2025-08-16 16:32:23,365 - INFO - CONVERGENCE EPISODE 171: 0.0024 rad
2025-08-16 16:32:25,087 - INFO - CONVERGENCE EPISODE 173: 0.0014 rad
2025-08-16 16:32:25,284 - INFO - CONVERGENCE EPISODE 174: 0.0009 rad
2025-08-16 16:32:25,454 - INFO - CONVERGENCE EPISODE 175: 0.0028 rad
2025-08-16 16:32:25,454 - INFO -     175 | -843.10 | 3995732773.441 |    0.0028 |   0.000 |  198.3s
2025-08-16 16:32:30,151 - INFO - CONVERGENCE EPISODE 179: 0.0008 rad
2025-08-16 16:32:31,821 - INFO - CONVERGENCE EPISODE 181: 0.0012 rad
2025-08-16 16:32:31,997 - INFO - CONVERGENCE EPISODE 182: 0.0025 rad
2025-08-16 16:32:33,672 - INFO - CONVERGENCE EPISODE 184: 0.0021 rad
2025-08-16 16:32:33,863 - INFO - CONVERGENCE EPISODE 185: 0.0007 rad
2025-08-16 16:32:37,093 - INFO - CONVERGENCE EPISODE 188: 0.0029 rad
2025-08-16 16:32:41,824 - INFO - CONVERGENCE EPISODE 192: 0.0029 rad
2025-08-16 16:32:45,082 - INFO - CONVERGENCE EPISODE 195: 0.0021 rad
2025-08-16 16:32:46,630 - INFO - CONVERGENCE EPISODE 196: 0.1905 rad
2025-08-16 16:32:46,813 - INFO - CONVERGENCE EPISODE 197: 0.0001 rad
2025-08-16 16:32:46,990 - INFO - CONVERGENCE EPISODE 198: 0.0019 rad
2025-08-16 16:32:50,206 - INFO -     200 | -6142.46 | 7309055273.022 |    2.0061 |   0.000 |  223.0s
2025-08-16 16:32:52,057 - INFO - CONVERGENCE EPISODE 202: 0.0016 rad
2025-08-16 16:32:52,265 - INFO - CONVERGENCE EPISODE 203: 0.0029 rad
2025-08-16 16:32:52,507 - INFO - CONVERGENCE EPISODE 204: 0.0028 rad
2025-08-16 16:32:54,825 - INFO - CONVERGENCE EPISODE 206: 0.0026 rad
2025-08-16 16:32:57,635 - INFO - CONVERGENCE EPISODE 208: 0.0026 rad
2025-08-16 16:32:57,801 - INFO - CONVERGENCE EPISODE 209: 0.0011 rad
2025-08-16 16:32:58,011 - INFO - CONVERGENCE EPISODE 210: 0.0024 rad
2025-08-16 16:32:59,693 - INFO - CONVERGENCE EPISODE 212: 0.0020 rad
2025-08-16 16:32:59,893 - INFO - CONVERGENCE EPISODE 213: 0.0028 rad
2025-08-16 16:33:01,208 - INFO - CONVERGENCE EPISODE 214: 0.0003 rad
2025-08-16 16:33:01,680 - INFO - CONVERGENCE EPISODE 215: 0.0015 rad
2025-08-16 16:33:06,212 - INFO - CONVERGENCE EPISODE 218: 0.3792 rad
2025-08-16 16:33:07,607 - INFO - CONVERGENCE EPISODE 219: 0.0008 rad
2025-08-16 16:33:08,064 - INFO - CONVERGENCE EPISODE 220: 0.0008 rad
2025-08-16 16:33:11,057 - INFO - CONVERGENCE EPISODE 222: 0.1144 rad
2025-08-16 16:33:11,817 - INFO - CONVERGENCE EPISODE 223: 0.0011 rad
2025-08-16 16:33:12,657 - INFO - CONVERGENCE EPISODE 224: 0.0018 rad
2025-08-16 16:33:14,160 - INFO -     225 | -5336.57 | 4754021570.445 |    2.6789 |   0.000 |  247.0s
2025-08-16 16:33:14,332 - INFO - CONVERGENCE EPISODE 226: 0.0020 rad
2025-08-16 16:33:17,611 - INFO - CONVERGENCE EPISODE 229: 0.0018 rad
2025-08-16 16:33:17,826 - INFO - CONVERGENCE EPISODE 230: 0.0020 rad
2025-08-16 16:33:18,585 - INFO - CONVERGENCE EPISODE 231: 0.0027 rad
2025-08-16 16:33:18,772 - INFO - CONVERGENCE EPISODE 232: 0.0024 rad
2025-08-16 16:33:18,944 - INFO - CONVERGENCE EPISODE 233: 0.0017 rad
2025-08-16 16:33:22,203 - INFO - CONVERGENCE EPISODE 236: 0.0020 rad
2025-08-16 16:33:22,934 - INFO - CONVERGENCE EPISODE 237: 0.0025 rad
2025-08-16 16:33:24,647 - INFO - CONVERGENCE EPISODE 239: 0.0012 rad
2025-08-16 16:33:24,838 - INFO - CONVERGENCE EPISODE 240: 0.0016 rad
2025-08-16 16:33:25,096 - INFO - CONVERGENCE EPISODE 241: 0.0027 rad
2025-08-16 16:33:25,279 - INFO - CONVERGENCE EPISODE 242: 0.0031 rad
2025-08-16 16:33:28,324 - INFO - CONVERGENCE EPISODE 244: 0.4459 rad
2025-08-16 16:33:28,540 - INFO - CONVERGENCE EPISODE 245: 0.0031 rad
2025-08-16 16:33:28,758 - INFO - CONVERGENCE EPISODE 246: 0.0021 rad
2025-08-16 16:33:29,053 - INFO - CONVERGENCE EPISODE 247: 0.0028 rad
2025-08-16 16:33:30,789 - INFO - CONVERGENCE EPISODE 249: 0.0003 rad
2025-08-16 16:33:32,325 - INFO - 
2025-08-16 16:33:32,325 - INFO - MILESTONE 250 ANALYSIS:
2025-08-16 16:33:32,325 - INFO -   Recent 50 episodes avg position error: 0.6890 ± 1.0271 rad
2025-08-16 16:33:32,325 - INFO -   Recent 50 episodes avg cost: 4066998170.432
2025-08-16 16:33:32,325 - INFO -   Recent 50 episodes success rate: 0.00%
2025-08-16 16:33:32,325 - INFO -   Convergent episodes ratio (< 0.5 rad): 68.00%
2025-08-16 16:33:32,325 - INFO -   Total convergent episodes so far: 149
2025-08-16 16:33:32,325 - INFO -   Best performance: 0.0000 rad at episode 46
2025-08-16 16:33:32,325 - INFO -   Stable performance not yet achieved
2025-08-16 16:33:32,325 - INFO - 
2025-08-16 16:33:32,325 - INFO -     250 | -3896.99 | 2877270964.926 |    1.5126 |   0.000 |  265.1s
2025-08-16 16:33:33,843 - INFO - CONVERGENCE EPISODE 251: 0.0014 rad
2025-08-16 16:33:34,056 - INFO - CONVERGENCE EPISODE 252: 0.0017 rad
2025-08-16 16:33:34,232 - INFO - CONVERGENCE EPISODE 253: 0.0005 rad
2025-08-16 16:33:34,708 - INFO - CONVERGENCE EPISODE 254: 0.0013 rad
2025-08-16 16:33:36,383 - INFO - CONVERGENCE EPISODE 256: 0.0001 rad
2025-08-16 16:33:38,071 - INFO - CONVERGENCE EPISODE 258: 0.0006 rad
2025-08-16 16:33:45,706 - INFO - CONVERGENCE EPISODE 263: 0.1828 rad
2025-08-16 16:33:46,179 - INFO - CONVERGENCE EPISODE 264: 0.0018 rad
2025-08-16 16:33:46,355 - INFO - CONVERGENCE EPISODE 265: 0.0028 rad
2025-08-16 16:33:46,810 - INFO - CONVERGENCE EPISODE 266: 0.0017 rad
2025-08-16 16:33:48,328 - INFO - CONVERGENCE EPISODE 267: 0.1738 rad
2025-08-16 16:33:50,186 - INFO - CONVERGENCE EPISODE 269: 0.0026 rad
2025-08-16 16:33:50,394 - INFO - CONVERGENCE EPISODE 270: 0.0015 rad
2025-08-16 16:33:50,855 - INFO - CONVERGENCE EPISODE 271: 0.0029 rad
2025-08-16 16:33:52,195 - INFO - CONVERGENCE EPISODE 272: 0.0010 rad
2025-08-16 16:33:52,403 - INFO - CONVERGENCE EPISODE 273: 0.0012 rad
2025-08-16 16:33:52,578 - INFO - CONVERGENCE EPISODE 274: 0.0014 rad
2025-08-16 16:33:54,144 - INFO - CONVERGENCE EPISODE 275: 0.4367 rad
2025-08-16 16:33:54,145 - INFO -     275 | -5715.50 | 5509753607.624 |    0.4367 |   0.000 |  287.0s
2025-08-16 16:33:57,394 - INFO - CONVERGENCE EPISODE 278: 0.0004 rad
2025-08-16 16:34:00,524 - INFO - CONVERGENCE EPISODE 280: 0.2132 rad
2025-08-16 16:34:00,723 - INFO - CONVERGENCE EPISODE 281: 0.0013 rad
2025-08-16 16:34:00,981 - INFO - CONVERGENCE EPISODE 282: 0.0015 rad
2025-08-16 16:34:02,710 - INFO - CONVERGENCE EPISODE 284: 0.0018 rad
2025-08-16 16:34:02,882 - INFO - CONVERGENCE EPISODE 285: 0.0025 rad
2025-08-16 16:34:03,124 - INFO - CONVERGENCE EPISODE 286: 0.0017 rad
2025-08-16 16:34:04,796 - INFO - CONVERGENCE EPISODE 288: 0.0021 rad
2025-08-16 16:34:05,051 - INFO - CONVERGENCE EPISODE 289: 0.0011 rad
2025-08-16 16:34:05,230 - INFO - CONVERGENCE EPISODE 290: 0.0019 rad
2025-08-16 16:34:05,449 - INFO - CONVERGENCE EPISODE 291: 0.0013 rad
2025-08-16 16:34:06,958 - INFO - CONVERGENCE EPISODE 292: 0.4447 rad
2025-08-16 16:34:08,540 - INFO - CONVERGENCE EPISODE 293: 0.2649 rad
2025-08-16 16:34:11,535 - INFO - CONVERGENCE EPISODE 295: 0.0687 rad
2025-08-16 16:34:13,018 - INFO - CONVERGENCE EPISODE 296: 0.0195 rad
2025-08-16 16:34:13,975 - INFO - CONVERGENCE EPISODE 297: 0.0018 rad
2025-08-16 16:34:14,330 - INFO - CONVERGENCE EPISODE 298: 0.0028 rad
2025-08-16 16:34:15,845 - INFO - CONVERGENCE EPISODE 299: 0.1828 rad
2025-08-16 16:34:17,332 - INFO -     300 | -6341.30 | 7729180725.636 |    2.9171 |   0.000 |  310.2s
2025-08-16 16:34:19,433 - INFO - CONVERGENCE EPISODE 302: 0.0009 rad
2025-08-16 16:34:22,747 - INFO - CONVERGENCE EPISODE 305: 0.0009 rad
2025-08-16 16:34:25,839 - INFO - CONVERGENCE EPISODE 307: 0.4321 rad
2025-08-16 16:34:26,257 - INFO - CONVERGENCE EPISODE 308: 0.0015 rad
2025-08-16 16:34:27,793 - INFO - CONVERGENCE EPISODE 309: 0.1866 rad
2025-08-16 16:34:27,974 - INFO - CONVERGENCE EPISODE 310: 0.0031 rad
2025-08-16 16:34:29,538 - INFO - CONVERGENCE EPISODE 311: 0.2397 rad
2025-08-16 16:34:31,061 - INFO - CONVERGENCE EPISODE 312: 0.2081 rad
2025-08-16 16:34:31,275 - INFO - CONVERGENCE EPISODE 313: 0.0021 rad
2025-08-16 16:34:32,777 - INFO - CONVERGENCE EPISODE 314: 0.1914 rad
2025-08-16 16:34:34,288 - INFO - CONVERGENCE EPISODE 315: 0.1657 rad
2025-08-16 16:34:35,819 - INFO - CONVERGENCE EPISODE 316: 0.1268 rad
2025-08-16 16:34:35,819 - INFO - STABLE PERFORMANCE ACHIEVED starting at episode 307
2025-08-16 16:34:37,324 - INFO - CONVERGENCE EPISODE 317: 0.0998 rad
2025-08-16 16:34:37,503 - INFO - CONVERGENCE EPISODE 318: 0.0002 rad
2025-08-16 16:34:39,021 - INFO - CONVERGENCE EPISODE 319: 0.1017 rad
2025-08-16 16:34:40,538 - INFO - CONVERGENCE EPISODE 320: 0.0916 rad
2025-08-16 16:34:40,715 - INFO - CONVERGENCE EPISODE 321: 0.0016 rad
2025-08-16 16:34:40,931 - INFO - CONVERGENCE EPISODE 322: 0.0006 rad
2025-08-16 16:34:42,465 - INFO - CONVERGENCE EPISODE 323: 0.1039 rad
2025-08-16 16:34:42,702 - INFO - CONVERGENCE EPISODE 324: 0.0031 rad
2025-08-16 16:34:43,007 - INFO - CONVERGENCE EPISODE 325: 0.0031 rad
2025-08-16 16:34:43,007 - INFO -     325 | -1685.70 | 1981457335.077 |    0.0031 |   0.000 |  335.8s
2025-08-16 16:34:43,211 - INFO - CONVERGENCE EPISODE 326: 0.0014 rad
2025-08-16 16:34:44,727 - INFO - CONVERGENCE EPISODE 327: 0.0645 rad
2025-08-16 16:34:51,059 - INFO - CONVERGENCE EPISODE 331: 0.1024 rad
2025-08-16 16:34:52,615 - INFO - CONVERGENCE EPISODE 332: 0.1383 rad
2025-08-16 16:34:52,913 - INFO - CONVERGENCE EPISODE 333: 0.0022 rad
2025-08-16 16:34:56,027 - INFO - CONVERGENCE EPISODE 335: 0.1323 rad
2025-08-16 16:34:59,116 - INFO - CONVERGENCE EPISODE 337: 0.0091 rad
2025-08-16 16:35:07,075 - INFO - CONVERGENCE EPISODE 343: 0.0008 rad
2025-08-16 16:35:11,094 - INFO - CONVERGENCE EPISODE 346: 0.0018 rad
2025-08-16 16:35:12,645 - INFO - CONVERGENCE EPISODE 347: 0.0745 rad
2025-08-16 16:35:12,831 - INFO - CONVERGENCE EPISODE 348: 0.0009 rad
2025-08-16 16:35:15,702 - INFO - CONVERGENCE EPISODE 350: 0.0018 rad
2025-08-16 16:35:15,702 - INFO -     350 | -9209.94 | 46987061.609 |    0.0018 |   0.000 |  368.5s
2025-08-16 16:35:17,201 - INFO - CONVERGENCE EPISODE 351: 0.0459 rad
2025-08-16 16:35:17,446 - INFO - CONVERGENCE EPISODE 352: 0.0010 rad
2025-08-16 16:35:18,019 - INFO - CONVERGENCE EPISODE 353: 0.0014 rad
2025-08-16 16:35:19,551 - INFO - CONVERGENCE EPISODE 354: 0.2178 rad
2025-08-16 16:35:19,767 - INFO - CONVERGENCE EPISODE 355: 0.0010 rad
2025-08-16 16:35:21,337 - INFO - CONVERGENCE EPISODE 356: 0.1061 rad
2025-08-16 16:35:21,998 - INFO - CONVERGENCE EPISODE 357: 0.0031 rad
2025-08-16 16:35:23,515 - INFO - CONVERGENCE EPISODE 358: 0.1805 rad
2025-08-16 16:35:25,037 - INFO - CONVERGENCE EPISODE 359: 0.2789 rad
2025-08-16 16:35:34,183 - INFO - CONVERGENCE EPISODE 365: 0.3779 rad
2025-08-16 16:35:35,706 - INFO - CONVERGENCE EPISODE 366: 0.2712 rad
2025-08-16 16:35:37,201 - INFO - CONVERGENCE EPISODE 367: 0.0771 rad
2025-08-16 16:35:37,375 - INFO - CONVERGENCE EPISODE 368: 0.0025 rad
2025-08-16 16:35:38,038 - INFO - CONVERGENCE EPISODE 369: 0.0028 rad
2025-08-16 16:35:38,404 - INFO - CONVERGENCE EPISODE 370: 0.0018 rad
2025-08-16 16:35:38,591 - INFO - CONVERGENCE EPISODE 371: 0.0019 rad
2025-08-16 16:35:38,836 - INFO - CONVERGENCE EPISODE 372: 0.0018 rad
2025-08-16 16:35:39,008 - INFO - CONVERGENCE EPISODE 373: 0.0013 rad
2025-08-16 16:35:40,767 - INFO - CONVERGENCE EPISODE 375: 0.0021 rad
2025-08-16 16:35:40,767 - INFO -     375 | -887.27 | 1480315754.192 |    0.0021 |   0.000 |  393.6s
2025-08-16 16:35:45,498 - INFO - CONVERGENCE EPISODE 379: 0.0012 rad
2025-08-16 16:35:48,544 - INFO - CONVERGENCE EPISODE 381: 0.1248 rad
2025-08-16 16:35:48,755 - INFO - CONVERGENCE EPISODE 382: 0.0013 rad
2025-08-16 16:35:50,657 - INFO - CONVERGENCE EPISODE 384: 0.0022 rad
2025-08-16 16:35:52,318 - INFO - CONVERGENCE EPISODE 386: 0.0008 rad
2025-08-16 16:35:54,063 - INFO - CONVERGENCE EPISODE 388: 0.0014 rad
2025-08-16 16:35:54,246 - INFO - CONVERGENCE EPISODE 389: 0.0019 rad
2025-08-16 16:35:54,770 - INFO - CONVERGENCE EPISODE 390: 0.0005 rad
2025-08-16 16:35:54,950 - INFO - CONVERGENCE EPISODE 391: 0.0020 rad
2025-08-16 16:35:55,194 - INFO - CONVERGENCE EPISODE 392: 0.0027 rad
2025-08-16 16:35:55,378 - INFO - CONVERGENCE EPISODE 393: 0.0021 rad
2025-08-16 16:35:56,922 - INFO - CONVERGENCE EPISODE 394: 0.0045 rad
2025-08-16 16:35:57,940 - INFO - CONVERGENCE EPISODE 395: 0.0024 rad
2025-08-16 16:35:58,668 - INFO - CONVERGENCE EPISODE 396: 0.0031 rad
2025-08-16 16:36:02,060 - INFO - CONVERGENCE EPISODE 399: 0.0013 rad
2025-08-16 16:36:03,555 - INFO - CONVERGENCE EPISODE 400: 0.1872 rad
2025-08-16 16:36:03,555 - INFO -     400 | -5709.05 | 5816218855.361 |    0.1872 |   0.000 |  416.4s
2025-08-16 16:36:03,743 - INFO - CONVERGENCE EPISODE 401: 0.0026 rad
2025-08-16 16:36:04,780 - INFO - CONVERGENCE EPISODE 402: 0.0001 rad
2025-08-16 16:36:07,474 - INFO - CONVERGENCE EPISODE 404: 0.0009 rad
2025-08-16 16:36:10,759 - INFO - CONVERGENCE EPISODE 407: 0.0001 rad
2025-08-16 16:36:12,491 - INFO - CONVERGENCE EPISODE 409: 0.0024 rad
2025-08-16 16:36:14,181 - INFO - CONVERGENCE EPISODE 411: 0.0013 rad
2025-08-16 16:36:17,000 - INFO - CONVERGENCE EPISODE 413: 0.0013 rad
2025-08-16 16:36:18,489 - INFO - CONVERGENCE EPISODE 414: 0.0008 rad
2025-08-16 16:36:18,702 - INFO - CONVERGENCE EPISODE 415: 0.0005 rad
2025-08-16 16:36:20,292 - INFO - CONVERGENCE EPISODE 416: 0.0235 rad
2025-08-16 16:36:20,521 - INFO - CONVERGENCE EPISODE 417: 0.0015 rad
2025-08-16 16:36:22,013 - INFO - CONVERGENCE EPISODE 418: 0.2479 rad
2025-08-16 16:36:22,222 - INFO - CONVERGENCE EPISODE 419: 0.0020 rad
2025-08-16 16:36:23,720 - INFO - CONVERGENCE EPISODE 420: 0.3500 rad
2025-08-16 16:36:28,237 - INFO - CONVERGENCE EPISODE 423: 0.1851 rad
2025-08-16 16:36:31,266 - INFO -     425 | -6516.74 | 7727419741.581 |    2.2348 |   0.000 |  444.1s
2025-08-16 16:36:31,457 - INFO - CONVERGENCE EPISODE 426: 0.0005 rad
2025-08-16 16:36:34,458 - INFO - CONVERGENCE EPISODE 428: 0.0821 rad
2025-08-16 16:36:36,213 - INFO - CONVERGENCE EPISODE 430: 0.0024 rad
2025-08-16 16:36:36,420 - INFO - CONVERGENCE EPISODE 431: 0.0005 rad
2025-08-16 16:36:36,885 - INFO - CONVERGENCE EPISODE 432: 0.0004 rad
2025-08-16 16:36:37,150 - INFO - CONVERGENCE EPISODE 433: 0.0012 rad
2025-08-16 16:36:38,658 - INFO - CONVERGENCE EPISODE 434: 0.0807 rad
2025-08-16 16:36:40,226 - INFO - CONVERGENCE EPISODE 435: 0.0151 rad
2025-08-16 16:36:41,759 - INFO - CONVERGENCE EPISODE 436: 0.0669 rad
2025-08-16 16:36:43,453 - INFO - CONVERGENCE EPISODE 438: 0.0025 rad
2025-08-16 16:36:44,977 - INFO - CONVERGENCE EPISODE 439: 0.2053 rad
2025-08-16 16:36:45,145 - INFO - CONVERGENCE EPISODE 440: 0.0009 rad
2025-08-16 16:36:46,852 - INFO - CONVERGENCE EPISODE 442: 0.0002 rad
2025-08-16 16:36:47,044 - INFO - CONVERGENCE EPISODE 443: 0.0024 rad
2025-08-16 16:36:47,259 - INFO - CONVERGENCE EPISODE 444: 0.0011 rad
2025-08-16 16:36:47,430 - INFO - CONVERGENCE EPISODE 445: 0.0011 rad
2025-08-16 16:36:49,088 - INFO - CONVERGENCE EPISODE 447: 0.0015 rad
2025-08-16 16:36:52,213 - INFO - CONVERGENCE EPISODE 449: 0.0698 rad
2025-08-16 16:36:53,741 - INFO - CONVERGENCE EPISODE 450: 0.4331 rad
2025-08-16 16:36:53,741 - INFO -     450 | -5684.84 | 7061624083.480 |    0.4331 |   0.000 |  466.6s
2025-08-16 16:36:55,451 - INFO - CONVERGENCE EPISODE 452: 0.0002 rad
2025-08-16 16:36:56,979 - INFO - CONVERGENCE EPISODE 453: 0.1252 rad
2025-08-16 16:37:00,246 - INFO - CONVERGENCE EPISODE 456: 0.0027 rad
2025-08-16 16:37:03,699 - INFO - CONVERGENCE EPISODE 459: 0.0004 rad
2025-08-16 16:37:03,869 - INFO - CONVERGENCE EPISODE 460: 0.0022 rad
2025-08-16 16:37:08,638 - INFO - CONVERGENCE EPISODE 464: 0.0018 rad
2025-08-16 16:37:08,878 - INFO - CONVERGENCE EPISODE 465: 0.0010 rad
2025-08-16 16:37:09,349 - INFO - CONVERGENCE EPISODE 466: 0.0014 rad
2025-08-16 16:37:09,547 - INFO - CONVERGENCE EPISODE 467: 0.0007 rad
2025-08-16 16:37:09,796 - INFO - CONVERGENCE EPISODE 468: 0.0008 rad
2025-08-16 16:37:09,985 - INFO - CONVERGENCE EPISODE 469: 0.0028 rad
2025-08-16 16:37:11,660 - INFO - CONVERGENCE EPISODE 471: 0.0004 rad
2025-08-16 16:37:11,841 - INFO - CONVERGENCE EPISODE 472: 0.0006 rad
2025-08-16 16:37:12,016 - INFO - CONVERGENCE EPISODE 473: 0.0020 rad
2025-08-16 16:37:12,292 - INFO - CONVERGENCE EPISODE 474: 0.0028 rad
2025-08-16 16:37:12,500 - INFO - CONVERGENCE EPISODE 475: 0.0015 rad
2025-08-16 16:37:12,500 - INFO -     475 | -881.41 | 1860952285.419 |    0.0015 |   0.000 |  485.3s
2025-08-16 16:37:12,808 - INFO - CONVERGENCE EPISODE 476: 0.0024 rad
2025-08-16 16:37:12,996 - INFO - CONVERGENCE EPISODE 477: 0.0028 rad
2025-08-16 16:37:13,162 - INFO - CONVERGENCE EPISODE 478: 0.0017 rad
2025-08-16 16:37:14,680 - INFO - CONVERGENCE EPISODE 479: 0.2484 rad
2025-08-16 16:37:17,242 - INFO - CONVERGENCE EPISODE 481: 0.0019 rad
2025-08-16 16:37:20,301 - INFO - CONVERGENCE EPISODE 483: 0.0008 rad
2025-08-16 16:37:21,811 - INFO - CONVERGENCE EPISODE 484: 0.4480 rad
2025-08-16 16:37:22,568 - INFO - CONVERGENCE EPISODE 485: 0.0002 rad
2025-08-16 16:37:30,641 - INFO - CONVERGENCE EPISODE 491: 0.0027 rad
2025-08-16 16:37:32,202 - INFO - CONVERGENCE EPISODE 492: 0.4606 rad
2025-08-16 16:37:32,382 - INFO - CONVERGENCE EPISODE 493: 0.0013 rad
2025-08-16 16:37:35,449 - INFO - CONVERGENCE EPISODE 495: 0.4445 rad
2025-08-16 16:37:35,743 - INFO - CONVERGENCE EPISODE 496: 0.0031 rad
2025-08-16 16:37:37,453 - INFO - CONVERGENCE EPISODE 498: 0.0019 rad
2025-08-16 16:37:37,631 - INFO - CONVERGENCE EPISODE 499: 0.0015 rad
2025-08-16 16:37:38,782 - INFO - CONVERGENCE EPISODE 500: 0.0025 rad
2025-08-16 16:37:38,782 - INFO - 
2025-08-16 16:37:38,782 - INFO - MILESTONE 500 ANALYSIS:
2025-08-16 16:37:38,782 - INFO -   Recent 50 episodes avg position error: 0.7493 ± 1.0269 rad
2025-08-16 16:37:38,782 - INFO -   Recent 50 episodes avg cost: 4817154670.663
2025-08-16 16:37:38,782 - INFO -   Recent 50 episodes success rate: 0.00%
2025-08-16 16:37:38,782 - INFO -   Convergent episodes ratio (< 0.5 rad): 64.00%
2025-08-16 16:37:38,782 - INFO -   Total convergent episodes so far: 319
2025-08-16 16:37:38,783 - INFO -   Best performance: 0.0000 rad at episode 46
2025-08-16 16:37:38,783 - INFO -   Stable performance maintained since episode 307
2025-08-16 16:37:38,783 - INFO - 
2025-08-16 16:37:38,783 - INFO -     500 | -3366.40 | 4115094854.388 |    0.0025 |   0.000 |  511.6s
2025-08-16 16:37:40,514 - INFO - CONVERGENCE EPISODE 502: 0.0013 rad
2025-08-16 16:37:45,094 - INFO - CONVERGENCE EPISODE 505: 0.3511 rad
2025-08-16 16:37:46,623 - INFO - CONVERGENCE EPISODE 506: 0.1386 rad
2025-08-16 16:37:46,807 - INFO - CONVERGENCE EPISODE 507: 0.0008 rad
2025-08-16 16:37:47,020 - INFO - CONVERGENCE EPISODE 508: 0.0004 rad
2025-08-16 16:37:50,633 - INFO - CONVERGENCE EPISODE 511: 0.0014 rad
2025-08-16 16:37:52,376 - INFO - CONVERGENCE EPISODE 513: 0.0012 rad
2025-08-16 16:37:52,579 - INFO - CONVERGENCE EPISODE 514: 0.0011 rad
2025-08-16 16:37:54,338 - INFO - CONVERGENCE EPISODE 516: 0.0007 rad
2025-08-16 16:37:55,542 - INFO - CONVERGENCE EPISODE 517: 0.0006 rad
2025-08-16 16:38:01,712 - INFO - CONVERGENCE EPISODE 522: 0.0019 rad
2025-08-16 16:38:01,953 - INFO - CONVERGENCE EPISODE 523: 0.0002 rad
2025-08-16 16:38:03,006 - INFO - CONVERGENCE EPISODE 524: 0.0028 rad
2025-08-16 16:38:03,168 - INFO - CONVERGENCE EPISODE 525: 0.0004 rad
2025-08-16 16:38:03,169 - INFO -     525 | -844.91 | 3996823743.733 |    0.0004 |   0.000 |  536.0s
2025-08-16 16:38:03,345 - INFO - CONVERGENCE EPISODE 526: 0.0014 rad
2025-08-16 16:38:05,125 - INFO - CONVERGENCE EPISODE 528: 0.0013 rad
2025-08-16 16:38:05,592 - INFO - CONVERGENCE EPISODE 529: 0.0003 rad
2025-08-16 16:38:06,152 - INFO - CONVERGENCE EPISODE 530: 0.0015 rad
2025-08-16 16:38:07,671 - INFO - CONVERGENCE EPISODE 531: 0.1946 rad
2025-08-16 16:38:15,501 - INFO - CONVERGENCE EPISODE 537: 0.0003 rad
2025-08-16 16:38:18,713 - INFO - CONVERGENCE EPISODE 540: 0.0002 rad
2025-08-16 16:38:18,892 - INFO - CONVERGENCE EPISODE 541: 0.0030 rad
2025-08-16 16:38:19,067 - INFO - CONVERGENCE EPISODE 542: 0.0026 rad
2025-08-16 16:38:19,323 - INFO - CONVERGENCE EPISODE 543: 0.0019 rad
2025-08-16 16:38:19,566 - INFO - CONVERGENCE EPISODE 544: 0.0019 rad
2025-08-16 16:38:21,073 - INFO - CONVERGENCE EPISODE 545: 0.0902 rad
2025-08-16 16:38:22,088 - INFO - CONVERGENCE EPISODE 546: 0.0029 rad
2025-08-16 16:38:23,724 - INFO - CONVERGENCE EPISODE 548: 0.0016 rad
2025-08-16 16:38:25,244 - INFO - CONVERGENCE EPISODE 549: 0.3475 rad
2025-08-16 16:38:25,450 - INFO - CONVERGENCE EPISODE 550: 0.0004 rad
2025-08-16 16:38:25,450 - INFO -     550 | -881.23 | 1862351430.873 |    0.0004 |   0.000 |  558.3s
2025-08-16 16:38:27,150 - INFO - CONVERGENCE EPISODE 552: 0.0027 rad
2025-08-16 16:38:27,324 - INFO - CONVERGENCE EPISODE 553: 0.0025 rad
2025-08-16 16:38:30,524 - INFO - CONVERGENCE EPISODE 556: 0.0023 rad
2025-08-16 16:38:32,272 - INFO - CONVERGENCE EPISODE 558: 0.0025 rad
2025-08-16 16:38:32,454 - INFO - CONVERGENCE EPISODE 559: 0.0021 rad
2025-08-16 16:38:32,648 - INFO - CONVERGENCE EPISODE 560: 0.0010 rad
2025-08-16 16:38:35,990 - INFO - CONVERGENCE EPISODE 563: 0.0011 rad
2025-08-16 16:38:38,247 - INFO - CONVERGENCE EPISODE 565: 0.0021 rad
2025-08-16 16:38:39,946 - INFO - CONVERGENCE EPISODE 567: 0.0005 rad
2025-08-16 16:38:40,186 - INFO - CONVERGENCE EPISODE 568: 0.0001 rad
2025-08-16 16:38:40,671 - INFO - CONVERGENCE EPISODE 569: 0.0007 rad
2025-08-16 16:38:42,192 - INFO - CONVERGENCE EPISODE 570: 0.1487 rad
2025-08-16 16:38:42,370 - INFO - CONVERGENCE EPISODE 571: 0.0001 rad
2025-08-16 16:38:43,864 - INFO - CONVERGENCE EPISODE 572: 0.2911 rad
2025-08-16 16:38:45,402 - INFO - CONVERGENCE EPISODE 573: 0.3630 rad
2025-08-16 16:38:45,578 - INFO - CONVERGENCE EPISODE 574: 0.0026 rad
2025-08-16 16:38:45,832 - INFO - CONVERGENCE EPISODE 575: 0.0025 rad
2025-08-16 16:38:45,832 - INFO -     575 | -888.94 | 1548525599.504 |    0.0025 |   0.000 |  578.7s
2025-08-16 16:38:46,016 - INFO - CONVERGENCE EPISODE 576: 0.0021 rad
2025-08-16 16:38:47,582 - INFO - CONVERGENCE EPISODE 577: 0.3173 rad
2025-08-16 16:38:52,226 - INFO - CONVERGENCE EPISODE 580: 0.1803 rad
2025-08-16 16:38:53,915 - INFO - CONVERGENCE EPISODE 582: 0.0013 rad
2025-08-16 16:38:54,179 - INFO - CONVERGENCE EPISODE 583: 0.0026 rad
2025-08-16 16:38:54,399 - INFO - CONVERGENCE EPISODE 584: 0.0014 rad
2025-08-16 16:38:55,918 - INFO - CONVERGENCE EPISODE 585: 0.3666 rad
2025-08-16 16:38:58,912 - INFO - CONVERGENCE EPISODE 587: 0.0130 rad
2025-08-16 16:38:59,369 - INFO - CONVERGENCE EPISODE 588: 0.0012 rad
2025-08-16 16:39:00,889 - INFO - CONVERGENCE EPISODE 589: 0.4563 rad
2025-08-16 16:39:01,057 - INFO - CONVERGENCE EPISODE 590: 0.0023 rad
2025-08-16 16:39:01,240 - INFO - CONVERGENCE EPISODE 591: 0.0020 rad
2025-08-16 16:39:02,967 - INFO - CONVERGENCE EPISODE 593: 0.0026 rad
2025-08-16 16:39:04,902 - INFO - CONVERGENCE EPISODE 595: 0.0017 rad
2025-08-16 16:39:05,083 - INFO - CONVERGENCE EPISODE 596: 0.0025 rad
2025-08-16 16:39:06,374 - INFO - CONVERGENCE EPISODE 597: 0.0010 rad
2025-08-16 16:39:08,897 - INFO - CONVERGENCE EPISODE 599: 0.0003 rad
2025-08-16 16:39:10,523 - INFO -     600 | -5389.29 | 6168800718.155 |    2.1097 |   0.000 |  603.3s
2025-08-16 16:39:12,010 - INFO - CONVERGENCE EPISODE 601: 0.4334 rad
2025-08-16 16:39:13,670 - INFO - CONVERGENCE EPISODE 603: 0.0028 rad
2025-08-16 16:39:13,854 - INFO - CONVERGENCE EPISODE 604: 0.0005 rad
2025-08-16 16:39:17,115 - INFO - CONVERGENCE EPISODE 607: 0.0021 rad
2025-08-16 16:39:17,323 - INFO - CONVERGENCE EPISODE 608: 0.0031 rad
2025-08-16 16:39:18,868 - INFO - CONVERGENCE EPISODE 609: 0.0666 rad
2025-08-16 16:39:20,200 - INFO - CONVERGENCE EPISODE 610: 0.0024 rad
2025-08-16 16:39:20,390 - INFO - CONVERGENCE EPISODE 611: 0.0021 rad
2025-08-16 16:39:20,564 - INFO - CONVERGENCE EPISODE 612: 0.0007 rad
2025-08-16 16:39:20,779 - INFO - CONVERGENCE EPISODE 613: 0.0012 rad
2025-08-16 16:39:21,272 - INFO - CONVERGENCE EPISODE 614: 0.0029 rad
2025-08-16 16:39:21,484 - INFO - CONVERGENCE EPISODE 615: 0.0006 rad
2025-08-16 16:39:21,725 - INFO - CONVERGENCE EPISODE 616: 0.0001 rad
2025-08-16 16:39:21,964 - INFO - CONVERGENCE EPISODE 617: 0.0009 rad
2025-08-16 16:39:22,140 - INFO - CONVERGENCE EPISODE 618: 0.0031 rad
2025-08-16 16:39:22,876 - INFO - CONVERGENCE EPISODE 619: 0.0031 rad
2025-08-16 16:39:24,377 - INFO - CONVERGENCE EPISODE 620: 0.0683 rad
2025-08-16 16:39:26,163 - INFO - CONVERGENCE EPISODE 622: 0.0022 rad
2025-08-16 16:39:26,342 - INFO - CONVERGENCE EPISODE 623: 0.0007 rad
2025-08-16 16:39:29,365 - INFO - CONVERGENCE EPISODE 625: 0.1508 rad
2025-08-16 16:39:29,365 - INFO -     625 | -5697.35 | 5076901032.877 |    0.1508 |   0.000 |  622.2s
2025-08-16 16:39:32,604 - INFO - CONVERGENCE EPISODE 628: 0.0020 rad
2025-08-16 16:39:40,348 - INFO - CONVERGENCE EPISODE 634: 0.0031 rad
2025-08-16 16:39:42,055 - INFO - CONVERGENCE EPISODE 636: 0.0013 rad
2025-08-16 16:39:43,814 - INFO - CONVERGENCE EPISODE 638: 0.0009 rad
2025-08-16 16:39:44,008 - INFO - CONVERGENCE EPISODE 639: 0.0005 rad
2025-08-16 16:39:45,533 - INFO - CONVERGENCE EPISODE 640: 0.2605 rad
2025-08-16 16:39:45,744 - INFO - CONVERGENCE EPISODE 641: 0.0010 rad
2025-08-16 16:39:45,995 - INFO - CONVERGENCE EPISODE 642: 0.0021 rad
2025-08-16 16:39:47,498 - INFO - CONVERGENCE EPISODE 643: 0.1812 rad
2025-08-16 16:39:53,605 - INFO - CONVERGENCE EPISODE 647: 0.0831 rad
2025-08-16 16:39:55,142 - INFO - CONVERGENCE EPISODE 648: 0.3972 rad
2025-08-16 16:39:57,857 - INFO - CONVERGENCE EPISODE 650: 0.0030 rad
2025-08-16 16:39:57,857 - INFO -     650 | -3371.75 | 2779286572.052 |    0.0030 |   0.000 |  650.7s
2025-08-16 16:40:01,126 - INFO - CONVERGENCE EPISODE 653: 0.0023 rad
2025-08-16 16:40:01,390 - INFO - CONVERGENCE EPISODE 654: 0.0019 rad
2025-08-16 16:40:01,568 - INFO - CONVERGENCE EPISODE 655: 0.0026 rad
2025-08-16 16:40:02,048 - INFO - CONVERGENCE EPISODE 656: 0.0001 rad
2025-08-16 16:40:02,223 - INFO - CONVERGENCE EPISODE 657: 0.0018 rad
2025-08-16 16:40:03,956 - INFO - CONVERGENCE EPISODE 659: 0.0023 rad
2025-08-16 16:40:04,211 - INFO - CONVERGENCE EPISODE 660: 0.0025 rad
2025-08-16 16:40:05,278 - INFO - CONVERGENCE EPISODE 661: 0.0007 rad
2025-08-16 16:40:05,557 - INFO - CONVERGENCE EPISODE 662: 0.0022 rad
2025-08-16 16:40:07,116 - INFO - CONVERGENCE EPISODE 663: 0.2321 rad
2025-08-16 16:40:07,313 - INFO - CONVERGENCE EPISODE 664: 0.0008 rad
2025-08-16 16:40:08,349 - INFO - CONVERGENCE EPISODE 665: 0.0019 rad
2025-08-16 16:40:09,869 - INFO - CONVERGENCE EPISODE 666: 0.1273 rad
2025-08-16 16:40:10,072 - INFO - CONVERGENCE EPISODE 667: 0.0000 rad
2025-08-16 16:40:10,810 - INFO - CONVERGENCE EPISODE 668: 0.0007 rad
2025-08-16 16:40:11,044 - INFO - CONVERGENCE EPISODE 669: 0.0018 rad
2025-08-16 16:40:15,130 - INFO - CONVERGENCE EPISODE 672: 0.0012 rad
2025-08-16 16:40:15,330 - INFO - CONVERGENCE EPISODE 673: 0.0021 rad
2025-08-16 16:40:16,824 - INFO - CONVERGENCE EPISODE 674: 0.2580 rad
2025-08-16 16:40:18,304 - INFO -     675 | -6596.64 | 5536155129.602 |    1.5051 |   0.000 |  671.1s
2025-08-16 16:40:18,516 - INFO - CONVERGENCE EPISODE 676: 0.0012 rad
2025-08-16 16:40:18,721 - INFO - CONVERGENCE EPISODE 677: 0.0019 rad
2025-08-16 16:40:18,899 - INFO - CONVERGENCE EPISODE 678: 0.0008 rad
2025-08-16 16:40:20,588 - INFO - CONVERGENCE EPISODE 680: 0.0030 rad
2025-08-16 16:40:20,774 - INFO - CONVERGENCE EPISODE 681: 0.0014 rad
2025-08-16 16:40:21,224 - INFO - CONVERGENCE EPISODE 682: 0.0015 rad
2025-08-16 16:40:22,716 - INFO - CONVERGENCE EPISODE 683: 0.4670 rad
2025-08-16 16:40:25,745 - INFO - CONVERGENCE EPISODE 685: 0.4390 rad
2025-08-16 16:40:28,841 - INFO - CONVERGENCE EPISODE 687: 0.2528 rad
2025-08-16 16:40:29,790 - INFO - CONVERGENCE EPISODE 688: 0.0000 rad
2025-08-16 16:40:30,541 - INFO - CONVERGENCE EPISODE 689: 0.0007 rad
2025-08-16 16:40:30,728 - INFO - CONVERGENCE EPISODE 690: 0.0012 rad
2025-08-16 16:40:33,826 - INFO - CONVERGENCE EPISODE 692: 0.0605 rad
2025-08-16 16:40:35,322 - INFO - CONVERGENCE EPISODE 693: 0.2580 rad
2025-08-16 16:40:35,531 - INFO - CONVERGENCE EPISODE 694: 0.0011 rad
2025-08-16 16:40:35,726 - INFO - CONVERGENCE EPISODE 695: 0.0019 rad
2025-08-16 16:40:35,967 - INFO - CONVERGENCE EPISODE 696: 0.0028 rad
2025-08-16 16:40:37,033 - INFO - CONVERGENCE EPISODE 697: 0.0007 rad
2025-08-16 16:40:38,692 - INFO - CONVERGENCE EPISODE 699: 0.0002 rad
2025-08-16 16:40:38,909 - INFO - CONVERGENCE EPISODE 700: 0.0024 rad
2025-08-16 16:40:38,909 - INFO -     700 | -882.02 | 1859705455.102 |    0.0024 |   0.000 |  691.7s
2025-08-16 16:40:40,441 - INFO - CONVERGENCE EPISODE 701: 0.2042 rad
2025-08-16 16:40:40,643 - INFO - CONVERGENCE EPISODE 702: 0.0020 rad
2025-08-16 16:40:43,874 - INFO - CONVERGENCE EPISODE 705: 0.0025 rad
2025-08-16 16:40:45,578 - INFO - CONVERGENCE EPISODE 707: 0.0006 rad
2025-08-16 16:40:46,318 - INFO - CONVERGENCE EPISODE 708: 0.0009 rad
2025-08-16 16:40:49,510 - INFO - CONVERGENCE EPISODE 710: 0.1655 rad
2025-08-16 16:40:51,065 - INFO - CONVERGENCE EPISODE 711: 0.1777 rad
2025-08-16 16:40:52,549 - INFO - CONVERGENCE EPISODE 712: 0.2575 rad
2025-08-16 16:40:54,252 - INFO - CONVERGENCE EPISODE 714: 0.0028 rad
2025-08-16 16:40:55,825 - INFO - CONVERGENCE EPISODE 715: 0.2155 rad
2025-08-16 16:40:56,030 - INFO - CONVERGENCE EPISODE 716: 0.0014 rad
2025-08-16 16:40:56,209 - INFO - CONVERGENCE EPISODE 717: 0.0028 rad
2025-08-16 16:40:56,437 - INFO - CONVERGENCE EPISODE 718: 0.0011 rad
2025-08-16 16:40:58,135 - INFO - CONVERGENCE EPISODE 720: 0.0030 rad
2025-08-16 16:41:02,909 - INFO - CONVERGENCE EPISODE 724: 0.0018 rad
2025-08-16 16:41:04,433 - INFO - CONVERGENCE EPISODE 725: 0.0779 rad
2025-08-16 16:41:04,433 - INFO -     725 | -5705.30 | 6980441752.923 |    0.0779 |   0.000 |  717.3s
2025-08-16 16:41:05,943 - INFO - CONVERGENCE EPISODE 726: 0.1977 rad
2025-08-16 16:41:06,160 - INFO - CONVERGENCE EPISODE 727: 0.0012 rad
2025-08-16 16:41:07,402 - INFO - CONVERGENCE EPISODE 728: 0.0006 rad
2025-08-16 16:41:08,899 - INFO - CONVERGENCE EPISODE 729: 0.1037 rad
2025-08-16 16:41:09,099 - INFO - CONVERGENCE EPISODE 730: 0.0001 rad
2025-08-16 16:41:09,317 - INFO - CONVERGENCE EPISODE 731: 0.0002 rad
2025-08-16 16:41:10,672 - INFO - CONVERGENCE EPISODE 732: 0.0021 rad
2025-08-16 16:41:12,149 - INFO - CONVERGENCE EPISODE 733: 0.0786 rad
2025-08-16 16:41:13,876 - INFO - CONVERGENCE EPISODE 735: 0.0009 rad
2025-08-16 16:41:14,145 - INFO - CONVERGENCE EPISODE 736: 0.0024 rad
2025-08-16 16:41:14,320 - INFO - CONVERGENCE EPISODE 737: 0.0030 rad
2025-08-16 16:41:16,070 - INFO - CONVERGENCE EPISODE 739: 0.0028 rad
2025-08-16 16:41:17,738 - INFO - CONVERGENCE EPISODE 741: 0.0020 rad
2025-08-16 16:41:17,977 - INFO - CONVERGENCE EPISODE 742: 0.0020 rad
2025-08-16 16:41:21,236 - INFO - CONVERGENCE EPISODE 745: 0.0020 rad
2025-08-16 16:41:21,690 - INFO - CONVERGENCE EPISODE 746: 0.0018 rad
2025-08-16 16:41:23,183 - INFO - CONVERGENCE EPISODE 747: 0.4663 rad
2025-08-16 16:41:23,369 - INFO - CONVERGENCE EPISODE 748: 0.0026 rad
2025-08-16 16:41:26,397 - INFO - 
2025-08-16 16:41:26,398 - INFO - MILESTONE 750 ANALYSIS:
2025-08-16 16:41:26,398 - INFO -   Recent 50 episodes avg position error: 0.5520 ± 0.8203 rad
2025-08-16 16:41:26,398 - INFO -   Recent 50 episodes avg cost: 4774628862.085
2025-08-16 16:41:26,398 - INFO -   Recent 50 episodes success rate: 0.00%
2025-08-16 16:41:26,398 - INFO -   Convergent episodes ratio (< 0.5 rad): 68.00%
2025-08-16 16:41:26,398 - INFO -   Total convergent episodes so far: 488
2025-08-16 16:41:26,398 - INFO -   Best performance: 0.0000 rad at episode 46
2025-08-16 16:41:26,398 - INFO -   Stable performance maintained since episode 307
2025-08-16 16:41:26,398 - INFO - 
2025-08-16 16:41:26,398 - INFO -     750 | -4013.59 | 4103557632.127 |    2.7316 |   0.000 |  739.2s
2025-08-16 16:41:27,135 - INFO - CONVERGENCE EPISODE 751: 0.0016 rad
2025-08-16 16:41:27,390 - INFO - CONVERGENCE EPISODE 752: 0.0012 rad
2025-08-16 16:41:29,081 - INFO - CONVERGENCE EPISODE 754: 0.0008 rad
2025-08-16 16:41:29,834 - INFO - CONVERGENCE EPISODE 755: 0.0022 rad
2025-08-16 16:41:30,015 - INFO - CONVERGENCE EPISODE 756: 0.0008 rad
2025-08-16 16:41:31,752 - INFO - CONVERGENCE EPISODE 758: 0.0006 rad
2025-08-16 16:41:34,369 - INFO - CONVERGENCE EPISODE 760: 0.0001 rad
2025-08-16 16:41:34,640 - INFO - CONVERGENCE EPISODE 761: 0.0029 rad
2025-08-16 16:41:36,229 - INFO - CONVERGENCE EPISODE 762: 0.1325 rad
2025-08-16 16:41:37,799 - INFO - CONVERGENCE EPISODE 763: 0.1295 rad
2025-08-16 16:41:40,982 - INFO - CONVERGENCE EPISODE 766: 0.0012 rad
2025-08-16 16:41:42,683 - INFO - CONVERGENCE EPISODE 768: 0.0025 rad
2025-08-16 16:41:45,914 - INFO - CONVERGENCE EPISODE 771: 0.0005 rad
2025-08-16 16:41:46,085 - INFO - CONVERGENCE EPISODE 772: 0.0013 rad
2025-08-16 16:41:46,289 - INFO - CONVERGENCE EPISODE 773: 0.0021 rad
2025-08-16 16:41:46,492 - INFO - CONVERGENCE EPISODE 774: 0.0029 rad
2025-08-16 16:41:46,701 - INFO - CONVERGENCE EPISODE 775: 0.0010 rad
2025-08-16 16:41:46,701 - INFO -     775 | -880.14 | 1927641000.014 |    0.0010 |   0.000 |  759.5s
2025-08-16 16:41:48,179 - INFO - CONVERGENCE EPISODE 776: 0.0589 rad
2025-08-16 16:41:51,642 - INFO - CONVERGENCE EPISODE 779: 0.0020 rad
2025-08-16 16:41:51,818 - INFO - CONVERGENCE EPISODE 780: 0.0019 rad
2025-08-16 16:41:54,590 - INFO - CONVERGENCE EPISODE 782: 0.0019 rad
2025-08-16 16:41:54,773 - INFO - CONVERGENCE EPISODE 783: 0.0014 rad
2025-08-16 16:41:55,249 - INFO - CONVERGENCE EPISODE 784: 0.0006 rad
2025-08-16 16:41:56,782 - INFO - CONVERGENCE EPISODE 785: 0.2197 rad
2025-08-16 16:41:58,530 - INFO - CONVERGENCE EPISODE 787: 0.0028 rad
2025-08-16 16:41:58,742 - INFO - CONVERGENCE EPISODE 788: 0.0008 rad
2025-08-16 16:42:00,410 - INFO - CONVERGENCE EPISODE 790: 0.0024 rad
2025-08-16 16:42:02,261 - INFO - CONVERGENCE EPISODE 792: 0.0026 rad
2025-08-16 16:42:03,799 - INFO - CONVERGENCE EPISODE 793: 0.1367 rad
2025-08-16 16:42:08,502 - INFO - CONVERGENCE EPISODE 797: 0.0004 rad
2025-08-16 16:42:08,689 - INFO - CONVERGENCE EPISODE 798: 0.0017 rad
2025-08-16 16:42:10,529 - INFO - CONVERGENCE EPISODE 800: 0.0026 rad
2025-08-16 16:42:10,530 - INFO -     800 | -903.36 | 1314793460.729 |    0.0026 |   0.000 |  783.4s
2025-08-16 16:42:17,067 - INFO - CONVERGENCE EPISODE 805: 0.0013 rad
2025-08-16 16:42:17,251 - INFO - CONVERGENCE EPISODE 806: 0.0027 rad
2025-08-16 16:42:19,034 - INFO - CONVERGENCE EPISODE 808: 0.0031 rad
2025-08-16 16:42:19,313 - INFO - CONVERGENCE EPISODE 809: 0.0026 rad
2025-08-16 16:42:21,008 - INFO - CONVERGENCE EPISODE 811: 0.0004 rad
2025-08-16 16:42:25,878 - INFO - CONVERGENCE EPISODE 815: 0.0025 rad
2025-08-16 16:42:27,398 - INFO - CONVERGENCE EPISODE 816: 0.0008 rad
2025-08-16 16:42:27,680 - INFO - CONVERGENCE EPISODE 817: 0.0029 rad
2025-08-16 16:42:29,210 - INFO - CONVERGENCE EPISODE 818: 0.4477 rad
2025-08-16 16:42:29,473 - INFO - CONVERGENCE EPISODE 819: 0.0018 rad
2025-08-16 16:42:30,587 - INFO - CONVERGENCE EPISODE 820: 0.0006 rad
2025-08-16 16:42:30,768 - INFO - CONVERGENCE EPISODE 821: 0.0001 rad
2025-08-16 16:42:32,249 - INFO - CONVERGENCE EPISODE 822: 0.2241 rad
2025-08-16 16:42:35,269 - INFO - CONVERGENCE EPISODE 824: 0.2345 rad
2025-08-16 16:42:36,751 - INFO -     825 | -5359.49 | 6714750116.576 |    2.1482 |   0.000 |  809.6s
2025-08-16 16:42:38,437 - INFO - CONVERGENCE EPISODE 827: 0.0014 rad
2025-08-16 16:42:39,948 - INFO - CONVERGENCE EPISODE 828: 0.2085 rad
2025-08-16 16:42:40,143 - INFO - CONVERGENCE EPISODE 829: 0.0005 rad
2025-08-16 16:42:41,655 - INFO - CONVERGENCE EPISODE 830: 0.0109 rad
2025-08-16 16:42:42,120 - INFO - CONVERGENCE EPISODE 831: 0.0007 rad
2025-08-16 16:42:43,852 - INFO - CONVERGENCE EPISODE 833: 0.0014 rad
2025-08-16 16:42:45,565 - INFO - CONVERGENCE EPISODE 835: 0.0028 rad
2025-08-16 16:42:45,740 - INFO - CONVERGENCE EPISODE 836: 0.0002 rad
2025-08-16 16:42:48,992 - INFO - CONVERGENCE EPISODE 839: 0.0002 rad
2025-08-16 16:42:50,677 - INFO - CONVERGENCE EPISODE 840: 0.1810 rad
2025-08-16 16:42:51,696 - INFO - CONVERGENCE EPISODE 841: 0.0027 rad
2025-08-16 16:42:53,199 - INFO - CONVERGENCE EPISODE 842: 0.4581 rad
2025-08-16 16:42:54,439 - INFO - CONVERGENCE EPISODE 843: 0.0030 rad
2025-08-16 16:42:55,974 - INFO - CONVERGENCE EPISODE 844: 0.2174 rad
2025-08-16 16:42:59,052 - INFO - CONVERGENCE EPISODE 846: 0.0816 rad
2025-08-16 16:43:01,083 - INFO - CONVERGENCE EPISODE 848: 0.0029 rad
2025-08-16 16:43:01,266 - INFO - CONVERGENCE EPISODE 849: 0.0025 rad
2025-08-16 16:43:01,459 - INFO - CONVERGENCE EPISODE 850: 0.0011 rad
2025-08-16 16:43:01,459 - INFO -     850 | -880.85 | 1992083947.929 |    0.0011 |   0.000 |  834.3s
2025-08-16 16:43:05,915 - INFO - CONVERGENCE EPISODE 853: 0.3677 rad
2025-08-16 16:43:06,386 - INFO - CONVERGENCE EPISODE 854: 0.0009 rad
2025-08-16 16:43:06,690 - INFO - CONVERGENCE EPISODE 855: 0.0023 rad
2025-08-16 16:43:07,135 - INFO - CONVERGENCE EPISODE 856: 0.0010 rad
2025-08-16 16:43:07,300 - INFO - CONVERGENCE EPISODE 857: 0.0002 rad
2025-08-16 16:43:09,012 - INFO - CONVERGENCE EPISODE 859: 0.0011 rad
2025-08-16 16:43:10,683 - INFO - CONVERGENCE EPISODE 861: 0.0003 rad
2025-08-16 16:43:12,179 - INFO - CONVERGENCE EPISODE 862: 0.4509 rad
2025-08-16 16:43:15,515 - INFO - CONVERGENCE EPISODE 865: 0.0001 rad
2025-08-16 16:43:17,251 - INFO - CONVERGENCE EPISODE 867: 0.0009 rad
2025-08-16 16:43:18,993 - INFO - CONVERGENCE EPISODE 869: 0.0031 rad
2025-08-16 16:43:19,233 - INFO - CONVERGENCE EPISODE 870: 0.0025 rad
2025-08-16 16:43:19,447 - INFO - CONVERGENCE EPISODE 871: 0.0027 rad
2025-08-16 16:43:20,946 - INFO - CONVERGENCE EPISODE 872: 0.2560 rad
2025-08-16 16:43:21,127 - INFO - CONVERGENCE EPISODE 873: 0.0002 rad
2025-08-16 16:43:21,326 - INFO - CONVERGENCE EPISODE 874: 0.0013 rad
2025-08-16 16:43:21,518 - INFO - CONVERGENCE EPISODE 875: 0.0005 rad
2025-08-16 16:43:21,518 - INFO -     875 | -880.64 | 1992925122.813 |    0.0005 |   0.000 |  854.3s
2025-08-16 16:43:25,046 - INFO - CONVERGENCE EPISODE 878: 0.0013 rad
2025-08-16 16:43:25,246 - INFO - CONVERGENCE EPISODE 879: 0.0018 rad
2025-08-16 16:43:25,727 - INFO - CONVERGENCE EPISODE 880: 0.0005 rad
2025-08-16 16:43:26,995 - INFO - CONVERGENCE EPISODE 881: 0.0031 rad
2025-08-16 16:43:27,198 - INFO - CONVERGENCE EPISODE 882: 0.0006 rad
2025-08-16 16:43:30,208 - INFO - CONVERGENCE EPISODE 884: 0.4336 rad
2025-08-16 16:43:30,384 - INFO - CONVERGENCE EPISODE 885: 0.0022 rad
2025-08-16 16:43:30,589 - INFO - CONVERGENCE EPISODE 886: 0.0023 rad
2025-08-16 16:43:31,074 - INFO - CONVERGENCE EPISODE 887: 0.0011 rad
2025-08-16 16:43:31,281 - INFO - CONVERGENCE EPISODE 888: 0.0013 rad
2025-08-16 16:43:31,452 - INFO - CONVERGENCE EPISODE 889: 0.0010 rad
2025-08-16 16:43:33,140 - INFO - CONVERGENCE EPISODE 891: 0.0025 rad
2025-08-16 16:43:34,656 - INFO - CONVERGENCE EPISODE 892: 0.3528 rad
2025-08-16 16:43:36,422 - INFO - CONVERGENCE EPISODE 894: 0.0031 rad
2025-08-16 16:43:36,605 - INFO - CONVERGENCE EPISODE 895: 0.0010 rad
2025-08-16 16:43:41,461 - INFO - CONVERGENCE EPISODE 899: 0.0017 rad
2025-08-16 16:43:41,664 - INFO - CONVERGENCE EPISODE 900: 0.0021 rad
2025-08-16 16:43:41,664 - INFO -     900 | -879.63 | 1929214455.367 |    0.0021 |   0.000 |  874.5s
2025-08-16 16:43:42,407 - INFO - CONVERGENCE EPISODE 901: 0.0010 rad
2025-08-16 16:43:42,673 - INFO - CONVERGENCE EPISODE 902: 0.0012 rad
2025-08-16 16:43:43,137 - INFO - CONVERGENCE EPISODE 903: 0.0001 rad
2025-08-16 16:43:43,320 - INFO - CONVERGENCE EPISODE 904: 0.0004 rad
2025-08-16 16:43:43,521 - INFO - CONVERGENCE EPISODE 905: 0.0024 rad
2025-08-16 16:43:43,702 - INFO - CONVERGENCE EPISODE 906: 0.0014 rad
2025-08-16 16:43:46,762 - INFO - CONVERGENCE EPISODE 908: 0.3376 rad
2025-08-16 16:43:48,237 - INFO - CONVERGENCE EPISODE 909: 0.1363 rad
2025-08-16 16:43:48,414 - INFO - CONVERGENCE EPISODE 910: 0.0024 rad
2025-08-16 16:43:48,602 - INFO - CONVERGENCE EPISODE 911: 0.0000 rad
2025-08-16 16:43:48,798 - INFO - CONVERGENCE EPISODE 912: 0.0013 rad
2025-08-16 16:43:48,998 - INFO - CONVERGENCE EPISODE 913: 0.0003 rad
2025-08-16 16:43:50,624 - INFO - CONVERGENCE EPISODE 914: 0.0029 rad
2025-08-16 16:43:52,280 - INFO - CONVERGENCE EPISODE 916: 0.0010 rad
2025-08-16 16:43:52,476 - INFO - CONVERGENCE EPISODE 917: 0.0007 rad
2025-08-16 16:43:57,378 - INFO - CONVERGENCE EPISODE 921: 0.0023 rad
2025-08-16 16:43:57,635 - INFO - CONVERGENCE EPISODE 922: 0.0019 rad
2025-08-16 16:43:59,310 - INFO - CONVERGENCE EPISODE 924: 0.0004 rad
2025-08-16 16:43:59,563 - INFO - CONVERGENCE EPISODE 925: 0.0014 rad
2025-08-16 16:43:59,564 - INFO -     925 | -884.10 | 1694671988.208 |    0.0014 |   0.000 |  892.4s
2025-08-16 16:43:59,748 - INFO - CONVERGENCE EPISODE 926: 0.0001 rad
2025-08-16 16:44:01,265 - INFO - CONVERGENCE EPISODE 927: 0.3252 rad
2025-08-16 16:44:01,474 - INFO - CONVERGENCE EPISODE 928: 0.0019 rad
2025-08-16 16:44:03,206 - INFO - CONVERGENCE EPISODE 930: 0.0012 rad
2025-08-16 16:44:03,383 - INFO - CONVERGENCE EPISODE 931: 0.0025 rad
2025-08-16 16:44:06,384 - INFO - CONVERGENCE EPISODE 933: 0.4722 rad
2025-08-16 16:44:09,375 - INFO - CONVERGENCE EPISODE 935: 0.0924 rad
2025-08-16 16:44:11,341 - INFO - CONVERGENCE EPISODE 937: 0.0018 rad
2025-08-16 16:44:13,084 - INFO - CONVERGENCE EPISODE 939: 0.0004 rad
2025-08-16 16:44:14,844 - INFO - CONVERGENCE EPISODE 941: 0.0019 rad
2025-08-16 16:44:15,046 - INFO - CONVERGENCE EPISODE 942: 0.0005 rad
2025-08-16 16:44:16,987 - INFO - CONVERGENCE EPISODE 944: 0.0002 rad
2025-08-16 16:44:20,087 - INFO - CONVERGENCE EPISODE 946: 0.2059 rad
2025-08-16 16:44:26,167 - INFO - CONVERGENCE EPISODE 950: 0.0698 rad
2025-08-16 16:44:26,167 - INFO -     950 | -5722.66 | 6970951993.707 |    0.0698 |   0.000 |  919.0s
2025-08-16 16:44:27,861 - INFO - CONVERGENCE EPISODE 952: 0.0011 rad
2025-08-16 16:44:31,125 - INFO - CONVERGENCE EPISODE 955: 0.0021 rad
2025-08-16 16:44:31,368 - INFO - CONVERGENCE EPISODE 956: 0.0023 rad
2025-08-16 16:44:33,086 - INFO - CONVERGENCE EPISODE 958: 0.0017 rad
2025-08-16 16:44:34,749 - INFO - CONVERGENCE EPISODE 960: 0.0001 rad
2025-08-16 16:44:39,061 - INFO - CONVERGENCE EPISODE 963: 0.0031 rad
2025-08-16 16:44:40,737 - INFO - CONVERGENCE EPISODE 965: 0.0013 rad
2025-08-16 16:44:42,270 - INFO - CONVERGENCE EPISODE 966: 0.4347 rad
2025-08-16 16:44:43,915 - INFO - CONVERGENCE EPISODE 968: 0.0016 rad
2025-08-16 16:44:44,143 - INFO - CONVERGENCE EPISODE 969: 0.0009 rad
2025-08-16 16:44:45,646 - INFO - CONVERGENCE EPISODE 970: 0.4511 rad
2025-08-16 16:44:45,826 - INFO - CONVERGENCE EPISODE 971: 0.0023 rad
2025-08-16 16:44:46,004 - INFO - CONVERGENCE EPISODE 972: 0.0005 rad
2025-08-16 16:44:46,205 - INFO - CONVERGENCE EPISODE 973: 0.0027 rad
2025-08-16 16:44:49,227 - INFO -     975 | -6161.91 | 7123715461.316 |    2.1265 |   0.000 |  942.1s
2025-08-16 16:44:50,091 - INFO - CONVERGENCE EPISODE 976: 0.0015 rad
2025-08-16 16:44:54,826 - INFO - CONVERGENCE EPISODE 980: 0.0003 rad
2025-08-16 16:44:55,016 - INFO - CONVERGENCE EPISODE 981: 0.0026 rad
2025-08-16 16:44:56,762 - INFO - CONVERGENCE EPISODE 983: 0.0020 rad
2025-08-16 16:44:59,796 - INFO - CONVERGENCE EPISODE 985: 0.4032 rad
2025-08-16 16:45:00,822 - INFO - CONVERGENCE EPISODE 986: 0.0020 rad
2025-08-16 16:45:01,017 - INFO - CONVERGENCE EPISODE 987: 0.0000 rad
2025-08-16 16:45:02,289 - INFO - CONVERGENCE EPISODE 988: 0.0001 rad
2025-08-16 16:45:06,967 - INFO - CONVERGENCE EPISODE 992: 0.0021 rad
2025-08-16 16:45:07,214 - INFO - CONVERGENCE EPISODE 993: 0.0024 rad
2025-08-16 16:45:08,590 - INFO - CONVERGENCE EPISODE 994: 0.0001 rad
2025-08-16 16:45:10,161 - INFO - CONVERGENCE EPISODE 995: 0.3415 rad
2025-08-16 16:45:11,854 - INFO - CONVERGENCE EPISODE 997: 0.0012 rad
2025-08-16 16:45:14,910 - INFO - CONVERGENCE EPISODE 999: 0.4803 rad
2025-08-16 16:45:14,910 - INFO - 
================================================================================
2025-08-16 16:45:14,910 - INFO - TRAINING COMPLETED - FINAL ANALYSIS
2025-08-16 16:45:14,910 - INFO - ================================================================================
2025-08-16 16:45:14,910 - INFO - Total training time: 967.7 seconds (16.1 minutes)
2025-08-16 16:45:14,910 - INFO - Final episode reward: -5721.55
2025-08-16 16:45:14,910 - INFO - Final position error: 0.4803 rad
2025-08-16 16:45:14,910 - INFO - Final success rate: 0.000
2025-08-16 16:45:14,910 - INFO - Best position error achieved: 0.0000 rad at episode 911
2025-08-16 16:45:14,910 - INFO - Total convergent episodes (< 0.5 rad): 647/1000 (64.70%)
2025-08-16 16:45:14,910 - INFO - Recent success rate (last 100 episodes): 0.00%
2025-08-16 16:45:14,910 - INFO - Stable performance achieved: Yes (from episode 307, duration: 693 episodes)
2025-08-16 16:45:14,911 - INFO - Position error statistics:
2025-08-16 16:45:14,911 - INFO -   Mean: 0.7040 rad (40.3°)
2025-08-16 16:45:14,911 - INFO -   Std:  0.9876 rad (56.6°)
2025-08-16 16:45:14,911 - INFO -   Min:  0.0000 rad (0.0°)
2025-08-16 16:45:14,911 - INFO -   Max:  3.1378 rad (179.8°)
2025-08-16 16:45:14,911 - INFO -   Median: 0.0676 rad (3.9°)
2025-08-16 16:45:14,911 - INFO - Performance distribution:
2025-08-16 16:45:14,912 - INFO -   Excellent (< 0.1 rad / 5.7°): 523 episodes (52.3%)
2025-08-16 16:45:14,912 - INFO -   Good (0.1-0.3 rad / 5.7°-17.2°): 77 episodes (7.7%)
2025-08-16 16:45:14,912 - INFO -   Acceptable (0.3-0.5 rad / 17.2°-28.6°): 47 episodes (4.7%)
2025-08-16 16:45:14,912 - INFO -   Poor (> 0.5 rad / 28.6°): 353 episodes (35.3%)
2025-08-16 16:45:14,912 - INFO - 
TRAINING CONFIGURATION EFFECTIVENESS:
2025-08-16 16:45:14,912 - INFO - ----------------------------------------
2025-08-16 16:45:14,912 - INFO - Episodes needed for first convergence: 4
2025-08-16 16:45:14,912 - INFO - Excitation phase ended at episode: 100
2025-08-16 16:45:14,919 - INFO - Training metrics saved to: /home/osos/Mohamed_Masters_Thesis/DHP_pendulum/training_logs/dhp_pendulum_metrics_20250816_164514.json
2025-08-16 16:45:14,919 - INFO - 
BEST MODEL CONFIRMED:
2025-08-16 16:45:14,919 - INFO -   Episode: 911
2025-08-16 16:45:14,919 - INFO -   Position Error: 0.0000 rad (0.0°)
2025-08-16 16:45:14,919 - INFO -   Model files: dhp_pendulum_best_*
2025-08-16 16:45:14,919 - INFO - ================================================================================
2025-08-16 16:45:14,919 - INFO - TRAINING SESSION COMPLETED
2025-08-16 16:45:14,919 - INFO - Detailed log saved to: /home/osos/Mohamed_Masters_Thesis/DHP_pendulum/training_logs/dhp_pendulum_training_20250816_162906.log
2025-08-16 16:45:14,919 - INFO - ================================================================================
2025-08-16 16:45:14,922 - ERROR - Failed to record session-best episode 911: not enough values to unpack (expected 5, got 4)
2025-08-16 16:45:14,999 - INFO - Model saved with state normalization ENABLED
