2025-08-15 01:45:05,850 - INFO - ================================================================================
2025-08-15 01:45:05,850 - INFO - DHP PENDULUM TRAINING SESSION STARTED
2025-08-15 01:45:05,850 - INFO - ================================================================================
2025-08-15 01:45:05,850 - INFO - HYPERPARAMETERS:
2025-08-15 01:45:05,850 - INFO - ----------------------------------------
2025-08-15 01:45:05,850 - INFO - action_size              : 1
2025-08-15 01:45:05,850 - INFO - best_episode_gui         : False
2025-08-15 01:45:05,850 - INFO - episode_length           : 200
2025-08-15 01:45:05,850 - INFO - excitation_amplitude     : 0.2
2025-08-15 01:45:05,850 - INFO - excitation_steps         : 7500
2025-08-15 01:45:05,850 - INFO - fixed_target             : None
2025-08-15 01:45:05,850 - INFO - gamma                    : 0.95
2025-08-15 01:45:05,850 - INFO - gui                      : False
2025-08-15 01:45:05,850 - INFO - hidden_layer_size        : [64, 64, 32]
2025-08-15 01:45:05,850 - INFO - log_interval             : 50
2025-08-15 01:45:05,850 - INFO - lr_actor                 : 0.005
2025-08-15 01:45:05,850 - INFO - lr_critic                : 0.01
2025-08-15 01:45:05,850 - INFO - max_steps                : 200
2025-08-15 01:45:05,850 - INFO - normalize_states         : True
2025-08-15 01:45:05,851 - INFO - num_episodes             : 1500
2025-08-15 01:45:05,851 - INFO - predict_delta            : False
2025-08-15 01:45:05,851 - INFO - record                   : False
2025-08-15 01:45:05,851 - INFO - record_best_episodes     : True
2025-08-15 01:45:05,851 - INFO - recording_fps            : 30
2025-08-15 01:45:05,851 - INFO - reference_size           : 3
2025-08-15 01:45:05,851 - INFO - rls_action_size          : 1
2025-08-15 01:45:05,851 - INFO - rls_covariance           : 100.0
2025-08-15 01:45:05,851 - INFO - rls_gamma                : 0.9995
2025-08-15 01:45:05,851 - INFO - rls_state_size           : 3
2025-08-15 01:45:05,851 - INFO - save_interval            : 200
2025-08-15 01:45:05,851 - INFO - split                    : False
2025-08-15 01:45:05,851 - INFO - state_bounds             : {'cos_theta': [-1.0, 1.0], 'sin_theta': [-1.0, 1.0], 'theta_dot': [-8.0, 8.0]}
2025-08-15 01:45:05,851 - INFO - state_size               : 3
2025-08-15 01:45:05,851 - INFO - target_network           : True
2025-08-15 01:45:05,851 - INFO - tau                      : 0.001
2025-08-15 01:45:05,851 - INFO - update_cycles            : 2
2025-08-15 01:45:05,851 - INFO - ----------------------------------------
2025-08-15 01:45:05,851 - INFO - Log file: /home/osos/Mohamed_Masters_Thesis/DHP_pendulum/training_logs/dhp_pendulum_training_20250815_014505.log
2025-08-15 01:45:05,851 - INFO - ================================================================================
2025-08-15 01:45:05,851 - INFO - 
CONFIGURATION OVERRIDES APPLIED:
2025-08-15 01:45:05,851 - INFO -   num_episodes: 400
2025-08-15 01:45:05,851 - INFO -   episode_length: 200
2025-08-15 01:45:05,851 - INFO -   max_steps: 200
2025-08-15 01:45:05,851 - INFO -   excitation_steps: 7500
2025-08-15 01:45:05,851 - INFO -   excitation_amplitude: 0.2
2025-08-15 01:45:05,851 - INFO -   log_interval: 50
2025-08-15 01:45:05,851 - INFO -   save_interval: 200
2025-08-15 01:45:05,851 - INFO -   gui: False
2025-08-15 01:45:05,852 - INFO -   record: False
2025-08-15 01:45:05,852 - INFO -   normalize_states: True
2025-08-15 01:45:05,852 - INFO -   record_best_episodes: True
2025-08-15 01:45:05,852 - INFO -   lr_critic: 0.001
2025-08-15 01:45:05,852 - INFO -   lr_actor: 0.0005
2025-08-15 01:45:05,852 - INFO -   hidden_layer_size: [64, 64, 32]
2025-08-15 01:45:05,852 - INFO -   gamma: 0.95
2025-08-15 01:45:05,852 - INFO -   update_cycles: 2
2025-08-15 01:45:05,852 - INFO -   tau: 0.001
2025-08-15 01:45:05,852 - INFO - 
==================================================
2025-08-15 01:45:05,852 - INFO - STARTING DHP TRAINING FOR PENDULUM
2025-08-15 01:45:05,852 - INFO - ==================================================
2025-08-15 01:45:05,853 - WARNING - From /home/osos/Mohamed_Masters_Thesis/msc-thesis/agents/dhp.py:70: The name tf.Session is deprecated. Please use tf.compat.v1.Session instead.

2025-08-15 01:45:05,958 - WARNING - From /home/osos/Mohamed_Masters_Thesis/msc-thesis/agents/dhp.py:100: The name tf.placeholder is deprecated. Please use tf.compat.v1.placeholder instead.

2025-08-15 01:45:05,960 - WARNING - From /home/osos/Mohamed_Masters_Thesis/msc-thesis/agents/dhp.py:102: The name tf.placeholder_with_default is deprecated. Please use tf.compat.v1.placeholder_with_default instead.

2025-08-15 01:45:05,963 - WARNING - From /home/osos/Mohamed_Masters_Thesis/msc-thesis/agents/dhp.py:124: The name tf.variable_scope is deprecated. Please use tf.compat.v1.variable_scope instead.

2025-08-15 01:45:05,963 - WARNING - From /home/osos/Mohamed_Masters_Thesis/msc-thesis/agents/dhp.py:128: dense (from tensorflow.python.layers.core) is deprecated and will be removed in a future version.
Instructions for updating:
Use keras.layers.Dense instead.
2025-08-15 01:45:05,964 - WARNING - From /home/osos/anaconda3/envs/DHP/lib/python3.7/site-packages/tensorflow_core/python/layers/core.py:187: Layer.apply (from tensorflow.python.keras.engine.base_layer) is deprecated and will be removed in a future version.
Instructions for updating:
Please use `layer.__call__` method instead.
2025-08-15 01:45:05,990 - WARNING - From /home/osos/Mohamed_Masters_Thesis/msc-thesis/agents/dhp.py:133: The name tf.trainable_variables is deprecated. Please use tf.compat.v1.trainable_variables instead.

2025-08-15 01:45:06,002 - WARNING - From /home/osos/Mohamed_Masters_Thesis/msc-thesis/agents/dhp.py:139: The name tf.train.GradientDescentOptimizer is deprecated. Please use tf.compat.v1.train.GradientDescentOptimizer instead.

2025-08-15 01:45:06,031 - WARNING - From /home/osos/Mohamed_Masters_Thesis/msc-thesis/agents/dhp.py:156: The name tf.assign is deprecated. Please use tf.compat.v1.assign instead.

2025-08-15 01:45:06,089 - WARNING - From /home/osos/Mohamed_Masters_Thesis/msc-thesis/agents/dhp.py:79: The name tf.summary.merge_all is deprecated. Please use tf.compat.v1.summary.merge_all instead.

2025-08-15 01:45:06,090 - WARNING - From /home/osos/Mohamed_Masters_Thesis/msc-thesis/agents/dhp.py:80: The name tf.train.Saver is deprecated. Please use tf.compat.v1.train.Saver instead.

2025-08-15 01:45:06,101 - WARNING - From /home/osos/Mohamed_Masters_Thesis/msc-thesis/agents/dhp.py:81: The name tf.global_variables_initializer is deprecated. Please use tf.compat.v1.global_variables_initializer instead.

2025-08-15 01:45:06,141 - INFO - 
Training for 400 episodes...
2025-08-15 01:45:06,142 - INFO - Episode | Reward  | Avg Cost | Pos Error | Success | Time
2025-08-15 01:45:06,142 - INFO - ------------------------------------------------------------
2025-08-15 01:45:07,499 - INFO -       0 | -465.43 |   11.109 |    0.9982 |   0.000 |    1.4s
2025-08-15 01:45:09,969 - INFO - CONVERGENCE EPISODE 2: 0.4629 rad
2025-08-15 01:45:11,139 - INFO - CONVERGENCE EPISODE 3: 0.1189 rad
2025-08-15 01:45:12,221 - INFO - CONVERGENCE EPISODE 4: 0.0944 rad
2025-08-15 01:45:24,027 - INFO - CONVERGENCE EPISODE 16: 0.4664 rad
2025-08-15 01:45:27,917 - INFO - CONVERGENCE EPISODE 20: 0.2099 rad
2025-08-15 01:45:28,908 - INFO - CONVERGENCE EPISODE 21: 0.4052 rad
2025-08-15 01:45:29,902 - INFO - CONVERGENCE EPISODE 22: 0.3575 rad
2025-08-15 01:45:46,408 - INFO - CONVERGENCE EPISODE 39: 0.0284 rad
2025-08-15 01:45:51,197 - INFO - CONVERGENCE EPISODE 44: 0.1114 rad
2025-08-15 01:45:56,977 - INFO -      50 | -1238.02 |   44.829 |    1.1369 |   0.000 |   50.8s
2025-08-15 01:46:00,927 - INFO - CONVERGENCE EPISODE 54: 0.2681 rad
2025-08-15 01:46:06,341 - INFO - CONVERGENCE EPISODE 59: 0.1786 rad
2025-08-15 01:46:12,617 - INFO - CONVERGENCE EPISODE 65: 0.0782 rad
2025-08-15 01:46:13,732 - INFO - CONVERGENCE EPISODE 66: 0.1186 rad
2025-08-15 01:46:14,808 - INFO - CONVERGENCE EPISODE 67: 0.4063 rad
2025-08-15 01:46:37,367 - INFO - CONVERGENCE EPISODE 88: 0.4336 rad
2025-08-15 01:46:39,850 - INFO - CONVERGENCE EPISODE 90: 0.4772 rad
2025-08-15 01:46:41,035 - INFO - CONVERGENCE EPISODE 91: 0.0782 rad
2025-08-15 01:46:47,085 - INFO - CONVERGENCE EPISODE 96: 0.4092 rad
2025-08-15 01:46:51,376 - INFO - 
2025-08-15 01:46:51,376 - INFO - MILESTONE 100 ANALYSIS:
2025-08-15 01:46:51,376 - INFO -   Recent 50 episodes avg position error: 1.5005 ± 0.8902 rad
2025-08-15 01:46:51,376 - INFO -   Recent 50 episodes avg cost: 33.061
2025-08-15 01:46:51,376 - INFO -   Recent 50 episodes success rate: 4.00%
2025-08-15 01:46:51,376 - INFO -   Convergent episodes ratio (< 0.5 rad): 18.00%
2025-08-15 01:46:51,376 - INFO -   Total convergent episodes so far: 18
2025-08-15 01:46:51,376 - INFO -   Best performance: 0.0284 rad at episode 39
2025-08-15 01:46:51,376 - INFO -   Stable performance not yet achieved
2025-08-15 01:46:51,376 - INFO - 
2025-08-15 01:46:51,377 - INFO -     100 | -793.77 |   23.433 |    0.9183 |   0.000 |  105.2s
2025-08-15 01:46:54,687 - INFO - CONVERGENCE EPISODE 103: 0.2618 rad
2025-08-15 01:47:07,922 - INFO - CONVERGENCE EPISODE 115: 0.2508 rad
2025-08-15 01:47:08,999 - INFO - CONVERGENCE EPISODE 116: 0.2719 rad
2025-08-15 01:47:13,052 - INFO - CONVERGENCE EPISODE 120: 0.2219 rad
2025-08-15 01:47:16,165 - INFO - CONVERGENCE EPISODE 123: 0.4198 rad
2025-08-15 01:47:27,678 - INFO - CONVERGENCE EPISODE 134: 0.4984 rad
2025-08-15 01:47:32,132 - INFO - CONVERGENCE EPISODE 138: 0.1898 rad
2025-08-15 01:47:43,408 - INFO - CONVERGENCE EPISODE 149: 0.3410 rad
2025-08-15 01:47:44,610 - INFO -     150 | -1354.53 |   49.248 |    2.0315 |   0.000 |  158.5s
2025-08-15 01:47:54,240 - INFO - CONVERGENCE EPISODE 159: 0.4083 rad
2025-08-15 01:47:57,388 - INFO - CONVERGENCE EPISODE 162: 0.2724 rad
2025-08-15 01:48:05,701 - INFO - CONVERGENCE EPISODE 170: 0.3630 rad
2025-08-15 01:48:11,905 - INFO - CONVERGENCE EPISODE 176: 0.1058 rad
2025-08-15 01:48:26,283 - INFO - CONVERGENCE EPISODE 189: 0.3352 rad
2025-08-15 01:48:27,719 - INFO - CONVERGENCE EPISODE 190: 0.1234 rad
2025-08-15 01:48:39,342 - INFO -     200 | -491.09 |   24.478 |    1.5992 |   0.000 |  213.2s
2025-08-15 01:48:47,920 - INFO - CONVERGENCE EPISODE 207: 0.4778 rad
2025-08-15 01:48:54,394 - INFO - CONVERGENCE EPISODE 213: 0.3463 rad
2025-08-15 01:49:00,165 - INFO - CONVERGENCE EPISODE 218: 0.0892 rad
2025-08-15 01:49:01,199 - INFO - CONVERGENCE EPISODE 219: 0.0436 rad
2025-08-15 01:49:06,265 - INFO - CONVERGENCE EPISODE 224: 0.2679 rad
2025-08-15 01:49:08,325 - INFO - CONVERGENCE EPISODE 226: 0.1412 rad
2025-08-15 01:49:11,443 - INFO - CONVERGENCE EPISODE 229: 0.3190 rad
2025-08-15 01:49:16,556 - INFO - CONVERGENCE EPISODE 234: 0.0453 rad
2025-08-15 01:49:20,873 - INFO - CONVERGENCE EPISODE 238: 0.0913 rad
2025-08-15 01:49:21,956 - INFO - CONVERGENCE EPISODE 239: 0.3548 rad
2025-08-15 01:49:33,932 - INFO - CONVERGENCE EPISODE 250: 0.2671 rad
2025-08-15 01:49:33,932 - INFO - 
2025-08-15 01:49:33,932 - INFO - MILESTONE 250 ANALYSIS:
2025-08-15 01:49:33,932 - INFO -   Recent 50 episodes avg position error: 1.4575 ± 0.9165 rad
2025-08-15 01:49:33,932 - INFO -   Recent 50 episodes avg cost: 33.286
2025-08-15 01:49:33,932 - INFO -   Recent 50 episodes success rate: 8.00%
2025-08-15 01:49:33,933 - INFO -   Convergent episodes ratio (< 0.5 rad): 22.00%
2025-08-15 01:49:33,933 - INFO -   Total convergent episodes so far: 43
2025-08-15 01:49:33,933 - INFO -   Best performance: 0.0284 rad at episode 39
2025-08-15 01:49:33,933 - INFO -   Stable performance not yet achieved
2025-08-15 01:49:33,933 - INFO - 
2025-08-15 01:49:33,933 - INFO -     250 | -1083.44 |   36.164 |    0.2671 |   0.000 |  267.8s
2025-08-15 01:50:01,392 - INFO - CONVERGENCE EPISODE 274: 0.1353 rad
2025-08-15 01:50:07,366 - INFO - CONVERGENCE EPISODE 279: 0.3903 rad
2025-08-15 01:50:20,457 - INFO - CONVERGENCE EPISODE 291: 0.1122 rad
2025-08-15 01:50:23,554 - INFO - CONVERGENCE EPISODE 294: 0.1528 rad
2025-08-15 01:50:26,762 - INFO - CONVERGENCE EPISODE 297: 0.4570 rad
2025-08-15 01:50:29,913 - INFO - CONVERGENCE EPISODE 300: 0.0291 rad
2025-08-15 01:50:29,913 - INFO -     300 | -232.38 |    8.085 |    0.0291 |   1.000 |  323.8s
2025-08-15 01:50:37,295 - INFO - CONVERGENCE EPISODE 307: 0.1437 rad
2025-08-15 01:50:38,441 - INFO - CONVERGENCE EPISODE 308: 0.0190 rad
2025-08-15 01:50:44,291 - INFO - CONVERGENCE EPISODE 313: 0.4171 rad
2025-08-15 01:50:53,837 - INFO - CONVERGENCE EPISODE 322: 0.2252 rad
2025-08-15 01:51:00,782 - INFO - CONVERGENCE EPISODE 329: 0.3663 rad
2025-08-15 01:51:06,105 - INFO - CONVERGENCE EPISODE 334: 0.3101 rad
2025-08-15 01:51:09,275 - INFO - CONVERGENCE EPISODE 337: 0.1400 rad
2025-08-15 01:51:15,379 - INFO - CONVERGENCE EPISODE 343: 0.3474 rad
2025-08-15 01:51:21,404 - INFO - CONVERGENCE EPISODE 349: 0.2855 rad
2025-08-15 01:51:22,474 - INFO -     350 | -951.60 |   42.394 |    1.1887 |   0.000 |  376.3s
2025-08-15 01:51:28,452 - INFO - CONVERGENCE EPISODE 356: 0.1151 rad
2025-08-15 01:51:34,370 - INFO - CONVERGENCE EPISODE 362: 0.4429 rad
2025-08-15 01:51:35,401 - INFO - CONVERGENCE EPISODE 363: 0.1066 rad
2025-08-15 01:51:36,547 - INFO - CONVERGENCE EPISODE 364: 0.3426 rad
2025-08-15 01:51:42,483 - INFO - CONVERGENCE EPISODE 370: 0.0086 rad
2025-08-15 01:51:51,370 - INFO - CONVERGENCE EPISODE 379: 0.1397 rad
2025-08-15 01:52:01,259 - INFO - CONVERGENCE EPISODE 389: 0.4608 rad
2025-08-15 01:52:11,364 - INFO - 
================================================================================
2025-08-15 01:52:11,365 - INFO - TRAINING COMPLETED - FINAL ANALYSIS
2025-08-15 01:52:11,365 - INFO - ================================================================================
2025-08-15 01:52:11,365 - INFO - Total training time: 425.2 seconds (7.1 minutes)
2025-08-15 01:52:11,365 - INFO - Final episode reward: -1260.16
2025-08-15 01:52:11,365 - INFO - Final position error: 1.5678 rad
2025-08-15 01:52:11,365 - INFO - Final success rate: 0.000
2025-08-15 01:52:11,365 - INFO - Best position error achieved: 0.0086 rad at episode 370
2025-08-15 01:52:11,365 - INFO - Total convergent episodes (< 0.5 rad): 65/400 (16.25%)
2025-08-15 01:52:11,365 - INFO - Recent success rate (last 100 episodes): 3.00%
2025-08-15 01:52:11,365 - INFO - Stable performance achieved: No
2025-08-15 01:52:11,365 - INFO - Position error statistics:
2025-08-15 01:52:11,365 - INFO -   Mean: 1.5510 rad (88.9°)
2025-08-15 01:52:11,365 - INFO -   Std:  0.8903 rad (51.0°)
2025-08-15 01:52:11,365 - INFO -   Min:  0.0086 rad (0.5°)
2025-08-15 01:52:11,366 - INFO -   Max:  3.1206 rad (178.8°)
2025-08-15 01:52:11,366 - INFO -   Median: 1.6080 rad (92.1°)
2025-08-15 01:52:11,366 - INFO - Performance distribution:
2025-08-15 01:52:11,366 - INFO -   Excellent (< 0.1 rad / 5.7°): 11 episodes (2.8%)
2025-08-15 01:52:11,366 - INFO -   Good (0.1-0.3 rad / 5.7°-17.2°): 27 episodes (6.8%)
2025-08-15 01:52:11,366 - INFO -   Acceptable (0.3-0.5 rad / 17.2°-28.6°): 27 episodes (6.8%)
2025-08-15 01:52:11,366 - INFO -   Poor (> 0.5 rad / 28.6°): 335 episodes (83.8%)
2025-08-15 01:52:11,366 - INFO - 
TRAINING CONFIGURATION EFFECTIVENESS:
2025-08-15 01:52:11,366 - INFO - ----------------------------------------
2025-08-15 01:52:11,366 - INFO - Episodes needed for first convergence: 2
2025-08-15 01:52:11,366 - INFO - Excitation phase ended at episode: 37
2025-08-15 01:52:11,372 - INFO - Training metrics saved to: /home/osos/Mohamed_Masters_Thesis/DHP_pendulum/training_logs/dhp_pendulum_metrics_20250815_015211.json
2025-08-15 01:52:11,372 - INFO - 
BEST MODEL CONFIRMED:
2025-08-15 01:52:11,372 - INFO -   Episode: 370
2025-08-15 01:52:11,372 - INFO -   Position Error: 0.0086 rad (0.5°)
2025-08-15 01:52:11,372 - INFO -   Model files: dhp_pendulum_best_*
2025-08-15 01:52:11,372 - INFO - ================================================================================
2025-08-15 01:52:11,372 - INFO - TRAINING SESSION COMPLETED
2025-08-15 01:52:11,372 - INFO - Detailed log saved to: /home/osos/Mohamed_Masters_Thesis/DHP_pendulum/training_logs/dhp_pendulum_training_20250815_014505.log
2025-08-15 01:52:11,373 - INFO - ================================================================================
2025-08-15 01:52:11,438 - INFO - SESSION-BEST EPISODE RECORDED: Episode 370
2025-08-15 01:52:11,438 - INFO -   Replay error: 1.5916 rad vs training error: 0.0086 rad
2025-08-15 01:52:11,439 - INFO -   Target angle: -0.624 rad
2025-08-15 01:52:11,498 - INFO - Model saved with state normalization ENABLED
2025-08-15 01:53:29,721 - INFO - 
==================================================
2025-08-15 01:53:29,721 - INFO - STARTING POLICY DEMONSTRATION
2025-08-15 01:53:29,721 - INFO - ==================================================
2025-08-15 01:53:29,887 - INFO - Demonstration final angle error: 155.3°
2025-08-15 01:53:29,887 - INFO - Training and demonstration session completed successfully!
