2025-08-16 16:54:16,924 - INFO - ================================================================================
2025-08-16 16:54:16,924 - INFO - DHP PENDULUM TRAINING SESSION STARTED
2025-08-16 16:54:16,924 - INFO - ================================================================================
2025-08-16 16:54:16,925 - INFO - HYPERPARAMETERS:
2025-08-16 16:54:16,925 - INFO - ----------------------------------------
2025-08-16 16:54:16,925 - INFO - action_size              : 1
2025-08-16 16:54:16,925 - INFO - activation               : tanh
2025-08-16 16:54:16,925 - INFO - best_episode_gui         : False
2025-08-16 16:54:16,925 - INFO - episode_length           : 200
2025-08-16 16:54:16,925 - INFO - excitation_amplitude     : 0.2
2025-08-16 16:54:16,925 - INFO - excitation_steps         : 7500
2025-08-16 16:54:16,925 - INFO - gamma                    : 0.95
2025-08-16 16:54:16,925 - INFO - gui                      : False
2025-08-16 16:54:16,925 - INFO - hidden_layer_size        : [64, 64, 32]
2025-08-16 16:54:16,925 - INFO - log_interval             : 50
2025-08-16 16:54:16,925 - INFO - lr_actor                 : 0.005
2025-08-16 16:54:16,925 - INFO - lr_critic                : 0.01
2025-08-16 16:54:16,925 - INFO - max_steps                : 200
2025-08-16 16:54:16,925 - INFO - normalize_states         : True
2025-08-16 16:54:16,925 - INFO - num_episodes             : 1500
2025-08-16 16:54:16,925 - INFO - predict_delta            : False
2025-08-16 16:54:16,925 - INFO - record                   : False
2025-08-16 16:54:16,925 - INFO - record_best_episodes     : True
2025-08-16 16:54:16,925 - INFO - recording_fps            : 30
2025-08-16 16:54:16,925 - INFO - reference_size           : 2
2025-08-16 16:54:16,925 - INFO - render_best_only         : True
2025-08-16 16:54:16,925 - INFO - render_episode_steps     : 50
2025-08-16 16:54:16,925 - INFO - render_frequency         : 10
2025-08-16 16:54:16,925 - INFO - render_realtime          : False
2025-08-16 16:54:16,925 - INFO - render_training          : False
2025-08-16 16:54:16,925 - INFO - rls_action_size          : 1
2025-08-16 16:54:16,925 - INFO - rls_covariance           : 100.0
2025-08-16 16:54:16,925 - INFO - rls_gamma                : 0.9995
2025-08-16 16:54:16,926 - INFO - rls_state_size           : 2
2025-08-16 16:54:16,926 - INFO - save_interval            : 200
2025-08-16 16:54:16,926 - INFO - split                    : False
2025-08-16 16:54:16,926 - INFO - state_bounds             : {'theta': [-3.141592653589793, 3.141592653589793], 'theta_dot': [-8.0, 8.0]}
2025-08-16 16:54:16,926 - INFO - state_size               : 2
2025-08-16 16:54:16,926 - INFO - target_network           : True
2025-08-16 16:54:16,926 - INFO - tau                      : 0.001
2025-08-16 16:54:16,926 - INFO - update_cycles            : 2
2025-08-16 16:54:16,926 - INFO - ----------------------------------------
2025-08-16 16:54:16,926 - INFO - Log file: /home/osos/Mohamed_Masters_Thesis/DHP_pendulum/training_logs/dhp_pendulum_training_20250816_165416.log
2025-08-16 16:54:16,926 - INFO - ================================================================================
