2025-08-16 14:05:32,053 - INFO - ================================================================================
2025-08-16 14:05:32,054 - INFO - DHP PENDULUM TRAINING SESSION STARTED
2025-08-16 14:05:32,054 - INFO - ================================================================================
2025-08-16 14:05:32,054 - INFO - HYPERPARAMETERS:
2025-08-16 14:05:32,054 - INFO - ----------------------------------------
2025-08-16 14:05:32,054 - INFO - action_size              : 1
2025-08-16 14:05:32,054 - INFO - activation               : tanh
2025-08-16 14:05:32,054 - INFO - best_episode_gui         : False
2025-08-16 14:05:32,054 - INFO - episode_length           : 200
2025-08-16 14:05:32,054 - INFO - excitation_amplitude     : 0.2
2025-08-16 14:05:32,054 - INFO - excitation_steps         : 7500
2025-08-16 14:05:32,054 - INFO - gamma                    : 0.95
2025-08-16 14:05:32,054 - INFO - gui                      : False
2025-08-16 14:05:32,054 - INFO - hidden_layer_size        : [64, 64, 32]
2025-08-16 14:05:32,054 - INFO - log_interval             : 50
2025-08-16 14:05:32,054 - INFO - lr_actor                 : 0.005
2025-08-16 14:05:32,054 - INFO - lr_critic                : 0.01
2025-08-16 14:05:32,054 - INFO - max_steps                : 200
2025-08-16 14:05:32,054 - INFO - normalize_states         : True
2025-08-16 14:05:32,054 - INFO - num_episodes             : 1500
2025-08-16 14:05:32,054 - INFO - predict_delta            : False
2025-08-16 14:05:32,054 - INFO - record                   : False
2025-08-16 14:05:32,054 - INFO - record_best_episodes     : True
2025-08-16 14:05:32,054 - INFO - recording_fps            : 30
2025-08-16 14:05:32,054 - INFO - reference_size           : 2
2025-08-16 14:05:32,054 - INFO - render_best_only         : True
2025-08-16 14:05:32,054 - INFO - render_episode_steps     : 50
2025-08-16 14:05:32,054 - INFO - render_frequency         : 10
2025-08-16 14:05:32,054 - INFO - render_realtime          : False
2025-08-16 14:05:32,054 - INFO - render_training          : False
2025-08-16 14:05:32,054 - INFO - rls_action_size          : 1
2025-08-16 14:05:32,054 - INFO - rls_covariance           : 100.0
2025-08-16 14:05:32,054 - INFO - rls_gamma                : 0.9995
2025-08-16 14:05:32,055 - INFO - rls_state_size           : 2
2025-08-16 14:05:32,055 - INFO - save_interval            : 200
2025-08-16 14:05:32,055 - INFO - split                    : False
2025-08-16 14:05:32,055 - INFO - state_bounds             : {'theta': [-3.141592653589793, 3.141592653589793], 'theta_dot': [-8.0, 8.0]}
2025-08-16 14:05:32,055 - INFO - state_size               : 2
2025-08-16 14:05:32,055 - INFO - target_network           : True
2025-08-16 14:05:32,055 - INFO - tau                      : 0.001
2025-08-16 14:05:32,055 - INFO - update_cycles            : 2
2025-08-16 14:05:32,055 - INFO - ----------------------------------------
2025-08-16 14:05:32,055 - INFO - Log file: /home/osos/Mohamed_Masters_Thesis/DHP_pendulum/training_logs/dhp_pendulum_training_20250816_140532.log
2025-08-16 14:05:32,055 - INFO - ================================================================================
2025-08-16 14:05:32,055 - INFO - 
==================================================
2025-08-16 14:05:32,055 - INFO - STARTING DHP TRAINING FOR PENDULUM
2025-08-16 14:05:32,055 - INFO - ==================================================
2025-08-16 14:05:32,056 - WARNING - From /home/osos/Mohamed_Masters_Thesis/msc-thesis/agents/dhp.py:70: The name tf.Session is deprecated. Please use tf.compat.v1.Session instead.

2025-08-16 14:05:32,180 - WARNING - From /home/osos/Mohamed_Masters_Thesis/msc-thesis/agents/dhp.py:100: The name tf.placeholder is deprecated. Please use tf.compat.v1.placeholder instead.

2025-08-16 14:05:32,182 - WARNING - From /home/osos/Mohamed_Masters_Thesis/msc-thesis/agents/dhp.py:102: The name tf.placeholder_with_default is deprecated. Please use tf.compat.v1.placeholder_with_default instead.

2025-08-16 14:05:32,186 - WARNING - From /home/osos/Mohamed_Masters_Thesis/msc-thesis/agents/dhp.py:124: The name tf.variable_scope is deprecated. Please use tf.compat.v1.variable_scope instead.

2025-08-16 14:05:32,187 - WARNING - From /home/osos/Mohamed_Masters_Thesis/msc-thesis/agents/dhp.py:128: dense (from tensorflow.python.layers.core) is deprecated and will be removed in a future version.
Instructions for updating:
Use keras.layers.Dense instead.
2025-08-16 14:05:32,189 - WARNING - From /home/osos/anaconda3/envs/DHP/lib/python3.7/site-packages/tensorflow_core/python/layers/core.py:187: Layer.apply (from tensorflow.python.keras.engine.base_layer) is deprecated and will be removed in a future version.
Instructions for updating:
Please use `layer.__call__` method instead.
2025-08-16 14:05:32,230 - WARNING - From /home/osos/Mohamed_Masters_Thesis/msc-thesis/agents/dhp.py:133: The name tf.trainable_variables is deprecated. Please use tf.compat.v1.trainable_variables instead.

2025-08-16 14:05:32,250 - WARNING - From /home/osos/Mohamed_Masters_Thesis/msc-thesis/agents/dhp.py:139: The name tf.train.GradientDescentOptimizer is deprecated. Please use tf.compat.v1.train.GradientDescentOptimizer instead.

2025-08-16 14:05:32,293 - WARNING - From /home/osos/Mohamed_Masters_Thesis/msc-thesis/agents/dhp.py:156: The name tf.assign is deprecated. Please use tf.compat.v1.assign instead.

2025-08-16 14:05:32,444 - WARNING - From /home/osos/Mohamed_Masters_Thesis/msc-thesis/agents/dhp.py:79: The name tf.summary.merge_all is deprecated. Please use tf.compat.v1.summary.merge_all instead.

2025-08-16 14:05:32,444 - WARNING - From /home/osos/Mohamed_Masters_Thesis/msc-thesis/agents/dhp.py:80: The name tf.train.Saver is deprecated. Please use tf.compat.v1.train.Saver instead.

2025-08-16 14:05:32,458 - WARNING - From /home/osos/Mohamed_Masters_Thesis/msc-thesis/agents/dhp.py:81: The name tf.global_variables_initializer is deprecated. Please use tf.compat.v1.global_variables_initializer instead.

2025-08-16 14:05:32,532 - INFO - 
Training for 1000 episodes...
2025-08-16 14:05:32,532 - INFO - Episode | Reward  | Avg Cost | Pos Error | Success | Time
2025-08-16 14:05:32,532 - INFO - ------------------------------------------------------------
2025-08-16 14:05:59,679 - INFO -       0 | -14902.92 | 186475.476 |    3.0207 |   0.000 |   27.1s
2025-08-16 14:07:22,107 - INFO - CONVERGENCE EPISODE 3: 0.2003 rad
