2025-08-16 11:31:45,219 - INFO - ================================================================================
2025-08-16 11:31:45,219 - INFO - DHP PENDULUM TRAINING SESSION STARTED
2025-08-16 11:31:45,219 - INFO - ================================================================================
2025-08-16 11:31:45,220 - INFO - HYPERPARAMETERS:
2025-08-16 11:31:45,220 - INFO - ----------------------------------------
2025-08-16 11:31:45,220 - INFO - action_size              : 1
2025-08-16 11:31:45,220 - INFO - activation               : tanh
2025-08-16 11:31:45,220 - INFO - best_episode_gui         : False
2025-08-16 11:31:45,220 - INFO - episode_length           : 200
2025-08-16 11:31:45,220 - INFO - excitation_amplitude     : 0.2
2025-08-16 11:31:45,220 - INFO - excitation_steps         : 7500
2025-08-16 11:31:45,220 - INFO - gamma                    : 0.95
2025-08-16 11:31:45,220 - INFO - gui                      : False
2025-08-16 11:31:45,220 - INFO - hidden_layer_size        : [64, 64, 32]
2025-08-16 11:31:45,220 - INFO - log_interval             : 50
2025-08-16 11:31:45,221 - INFO - lr_actor                 : 0.005
2025-08-16 11:31:45,221 - INFO - lr_critic                : 0.01
2025-08-16 11:31:45,221 - INFO - max_steps                : 200
2025-08-16 11:31:45,221 - INFO - normalize_states         : True
2025-08-16 11:31:45,221 - INFO - num_episodes             : 1500
2025-08-16 11:31:45,221 - INFO - predict_delta            : False
2025-08-16 11:31:45,221 - INFO - record                   : False
2025-08-16 11:31:45,221 - INFO - record_best_episodes     : True
2025-08-16 11:31:45,221 - INFO - recording_fps            : 30
2025-08-16 11:31:45,221 - INFO - reference_size           : 2
2025-08-16 11:31:45,221 - INFO - rls_action_size          : 1
2025-08-16 11:31:45,221 - INFO - rls_covariance           : 100.0
2025-08-16 11:31:45,221 - INFO - rls_gamma                : 0.9995
2025-08-16 11:31:45,221 - INFO - rls_state_size           : 2
2025-08-16 11:31:45,221 - INFO - save_interval            : 200
2025-08-16 11:31:45,221 - INFO - split                    : False
2025-08-16 11:31:45,221 - INFO - state_bounds             : {'theta': [-3.141592653589793, 3.141592653589793], 'theta_dot': [-8.0, 8.0]}
2025-08-16 11:31:45,222 - INFO - state_size               : 2
2025-08-16 11:31:45,222 - INFO - target_network           : True
2025-08-16 11:31:45,222 - INFO - tau                      : 0.001
2025-08-16 11:31:45,222 - INFO - update_cycles            : 2
2025-08-16 11:31:45,222 - INFO - ----------------------------------------
2025-08-16 11:31:45,222 - INFO - Log file: /home/osos/Mohamed_Masters_Thesis/DHP_pendulum/training_logs/dhp_pendulum_training_20250816_113145.log
2025-08-16 11:31:45,222 - INFO - ================================================================================
2025-08-16 11:31:45,222 - INFO - 
==================================================
2025-08-16 11:31:45,222 - INFO - STARTING DHP TRAINING FOR PENDULUM
2025-08-16 11:31:45,222 - INFO - ==================================================
2025-08-16 11:31:45,224 - WARNING - From /home/osos/Mohamed_Masters_Thesis/msc-thesis/agents/dhp.py:70: The name tf.Session is deprecated. Please use tf.compat.v1.Session instead.

2025-08-16 11:31:45,336 - WARNING - From /home/osos/Mohamed_Masters_Thesis/msc-thesis/agents/dhp.py:100: The name tf.placeholder is deprecated. Please use tf.compat.v1.placeholder instead.

2025-08-16 11:31:45,339 - WARNING - From /home/osos/Mohamed_Masters_Thesis/msc-thesis/agents/dhp.py:102: The name tf.placeholder_with_default is deprecated. Please use tf.compat.v1.placeholder_with_default instead.

2025-08-16 11:31:45,342 - WARNING - From /home/osos/Mohamed_Masters_Thesis/msc-thesis/agents/dhp.py:124: The name tf.variable_scope is deprecated. Please use tf.compat.v1.variable_scope instead.

2025-08-16 11:31:45,343 - WARNING - From /home/osos/Mohamed_Masters_Thesis/msc-thesis/agents/dhp.py:128: dense (from tensorflow.python.layers.core) is deprecated and will be removed in a future version.
Instructions for updating:
Use keras.layers.Dense instead.
2025-08-16 11:31:45,344 - WARNING - From /home/osos/anaconda3/envs/DHP/lib/python3.7/site-packages/tensorflow_core/python/layers/core.py:187: Layer.apply (from tensorflow.python.keras.engine.base_layer) is deprecated and will be removed in a future version.
Instructions for updating:
Please use `layer.__call__` method instead.
2025-08-16 11:31:45,378 - WARNING - From /home/osos/Mohamed_Masters_Thesis/msc-thesis/agents/dhp.py:133: The name tf.trainable_variables is deprecated. Please use tf.compat.v1.trainable_variables instead.

2025-08-16 11:31:45,397 - WARNING - From /home/osos/Mohamed_Masters_Thesis/msc-thesis/agents/dhp.py:139: The name tf.train.GradientDescentOptimizer is deprecated. Please use tf.compat.v1.train.GradientDescentOptimizer instead.

2025-08-16 11:31:45,437 - WARNING - From /home/osos/Mohamed_Masters_Thesis/msc-thesis/agents/dhp.py:156: The name tf.assign is deprecated. Please use tf.compat.v1.assign instead.

2025-08-16 11:31:45,527 - WARNING - From /home/osos/Mohamed_Masters_Thesis/msc-thesis/agents/dhp.py:79: The name tf.summary.merge_all is deprecated. Please use tf.compat.v1.summary.merge_all instead.

2025-08-16 11:31:45,528 - WARNING - From /home/osos/Mohamed_Masters_Thesis/msc-thesis/agents/dhp.py:80: The name tf.train.Saver is deprecated. Please use tf.compat.v1.train.Saver instead.

2025-08-16 11:31:45,564 - WARNING - From /home/osos/Mohamed_Masters_Thesis/msc-thesis/agents/dhp.py:81: The name tf.global_variables_initializer is deprecated. Please use tf.compat.v1.global_variables_initializer instead.

2025-08-16 11:31:45,682 - INFO - 
Training for 2500 episodes...
2025-08-16 11:31:45,682 - INFO - Episode | Reward  | Avg Cost | Pos Error | Success | Time
2025-08-16 11:31:45,682 - INFO - ------------------------------------------------------------
2025-08-16 11:31:47,649 - INFO -       0 | -20655.60 | 140765491.707 |    3.0543 |   0.000 |    2.0s
2025-08-16 11:33:03,690 - INFO -      50 | -16222.75 | 193253719.814 |    2.8994 |   0.000 |   78.0s
2025-08-16 11:34:24,190 - INFO - 
2025-08-16 11:34:24,190 - INFO - MILESTONE 100 ANALYSIS:
2025-08-16 11:34:24,191 - INFO -   Recent 50 episodes avg position error: 2.9961 ± 0.0353 rad
2025-08-16 11:34:24,191 - INFO -   Recent 50 episodes avg cost: 260866195.766
2025-08-16 11:34:24,191 - INFO -   Recent 50 episodes success rate: 0.00%
2025-08-16 11:34:24,191 - INFO -   Convergent episodes ratio (< 0.5 rad): 0.00%
2025-08-16 11:34:24,191 - INFO -   Total convergent episodes so far: 0
2025-08-16 11:34:24,191 - INFO -   Best performance: 2.8824 rad at episode 47
2025-08-16 11:34:24,191 - INFO -   Stable performance not yet achieved
2025-08-16 11:34:24,191 - INFO - 
2025-08-16 11:34:24,191 - INFO -     100 | -14262.15 | 311120470.465 |    2.9922 |   0.000 |  158.5s
