2025-08-15 20:33:07,845 - INFO - ================================================================================
2025-08-15 20:33:07,845 - INFO - DHP PENDULUM TRAINING SESSION STARTED
2025-08-15 20:33:07,845 - INFO - ================================================================================
2025-08-15 20:33:07,845 - INFO - HYPERPARAMETERS:
2025-08-15 20:33:07,845 - INFO - ----------------------------------------
2025-08-15 20:33:07,845 - INFO - action_size              : 1
2025-08-15 20:33:07,845 - INFO - activation               : relu
2025-08-15 20:33:07,845 - INFO - best_episode_gui         : False
2025-08-15 20:33:07,845 - INFO - episode_length           : 200
2025-08-15 20:33:07,845 - INFO - excitation_amplitude     : 0.2
2025-08-15 20:33:07,845 - INFO - excitation_steps         : 7500
2025-08-15 20:33:07,845 - INFO - fixed_target             : 0
2025-08-15 20:33:07,845 - INFO - gamma                    : 0.95
2025-08-15 20:33:07,845 - INFO - gui                      : False
2025-08-15 20:33:07,846 - INFO - hidden_layer_size        : [64, 64, 32]
2025-08-15 20:33:07,846 - INFO - log_interval             : 50
2025-08-15 20:33:07,846 - INFO - lr_actor                 : 0.005
2025-08-15 20:33:07,846 - INFO - lr_critic                : 0.01
2025-08-15 20:33:07,846 - INFO - max_steps                : 200
2025-08-15 20:33:07,846 - INFO - normalize_states         : True
2025-08-15 20:33:07,846 - INFO - num_episodes             : 1500
2025-08-15 20:33:07,846 - INFO - predict_delta            : False
2025-08-15 20:33:07,846 - INFO - record                   : False
2025-08-15 20:33:07,846 - INFO - record_best_episodes     : True
2025-08-15 20:33:07,846 - INFO - recording_fps            : 30
2025-08-15 20:33:07,846 - INFO - reference_size           : 2
2025-08-15 20:33:07,846 - INFO - rls_action_size          : 1
2025-08-15 20:33:07,846 - INFO - rls_covariance           : 100.0
2025-08-15 20:33:07,846 - INFO - rls_gamma                : 0.9995
2025-08-15 20:33:07,846 - INFO - rls_state_size           : 2
2025-08-15 20:33:07,846 - INFO - save_interval            : 200
2025-08-15 20:33:07,846 - INFO - split                    : False
2025-08-15 20:33:07,846 - INFO - state_bounds             : {'theta': [-3.141592653589793, 3.141592653589793], 'theta_dot': [-8.0, 8.0]}
2025-08-15 20:33:07,846 - INFO - state_size               : 2
2025-08-15 20:33:07,846 - INFO - target_network           : True
2025-08-15 20:33:07,846 - INFO - tau                      : 0.001
2025-08-15 20:33:07,846 - INFO - update_cycles            : 2
2025-08-15 20:33:07,846 - INFO - ----------------------------------------
2025-08-15 20:33:07,846 - INFO - Log file: /home/osos/Mohamed_Masters_Thesis/DHP_pendulum/training_logs/dhp_pendulum_training_20250815_203307.log
2025-08-15 20:33:07,846 - INFO - ================================================================================
2025-08-15 20:33:07,847 - INFO - 
==================================================
2025-08-15 20:33:07,847 - INFO - STARTING DHP TRAINING FOR PENDULUM
2025-08-15 20:33:07,847 - INFO - ==================================================
2025-08-15 20:33:07,849 - WARNING - From /home/osos/Mohamed_Masters_Thesis/msc-thesis/agents/dhp.py:70: The name tf.Session is deprecated. Please use tf.compat.v1.Session instead.

2025-08-15 20:33:07,941 - WARNING - From /home/osos/Mohamed_Masters_Thesis/msc-thesis/agents/dhp.py:100: The name tf.placeholder is deprecated. Please use tf.compat.v1.placeholder instead.

2025-08-15 20:33:07,942 - WARNING - From /home/osos/Mohamed_Masters_Thesis/msc-thesis/agents/dhp.py:102: The name tf.placeholder_with_default is deprecated. Please use tf.compat.v1.placeholder_with_default instead.

2025-08-15 20:33:07,945 - WARNING - From /home/osos/Mohamed_Masters_Thesis/msc-thesis/agents/dhp.py:124: The name tf.variable_scope is deprecated. Please use tf.compat.v1.variable_scope instead.

2025-08-15 20:33:07,945 - WARNING - From /home/osos/Mohamed_Masters_Thesis/msc-thesis/agents/dhp.py:128: dense (from tensorflow.python.layers.core) is deprecated and will be removed in a future version.
Instructions for updating:
Use keras.layers.Dense instead.
2025-08-15 20:33:07,946 - WARNING - From /home/osos/anaconda3/envs/DHP/lib/python3.7/site-packages/tensorflow_core/python/layers/core.py:187: Layer.apply (from tensorflow.python.keras.engine.base_layer) is deprecated and will be removed in a future version.
Instructions for updating:
Please use `layer.__call__` method instead.
2025-08-15 20:33:07,974 - WARNING - From /home/osos/Mohamed_Masters_Thesis/msc-thesis/agents/dhp.py:133: The name tf.trainable_variables is deprecated. Please use tf.compat.v1.trainable_variables instead.

2025-08-15 20:33:07,985 - WARNING - From /home/osos/Mohamed_Masters_Thesis/msc-thesis/agents/dhp.py:139: The name tf.train.GradientDescentOptimizer is deprecated. Please use tf.compat.v1.train.GradientDescentOptimizer instead.

2025-08-15 20:33:08,014 - WARNING - From /home/osos/Mohamed_Masters_Thesis/msc-thesis/agents/dhp.py:156: The name tf.assign is deprecated. Please use tf.compat.v1.assign instead.

2025-08-15 20:33:08,077 - WARNING - From /home/osos/Mohamed_Masters_Thesis/msc-thesis/agents/dhp.py:79: The name tf.summary.merge_all is deprecated. Please use tf.compat.v1.summary.merge_all instead.

2025-08-15 20:33:08,077 - WARNING - From /home/osos/Mohamed_Masters_Thesis/msc-thesis/agents/dhp.py:80: The name tf.train.Saver is deprecated. Please use tf.compat.v1.train.Saver instead.

2025-08-15 20:33:08,089 - WARNING - From /home/osos/Mohamed_Masters_Thesis/msc-thesis/agents/dhp.py:81: The name tf.global_variables_initializer is deprecated. Please use tf.compat.v1.global_variables_initializer instead.

2025-08-15 20:33:08,137 - INFO - 
Training for 400 episodes...
2025-08-15 20:33:08,137 - INFO - Episode | Reward  | Avg Cost | Pos Error | Success | Time
2025-08-15 20:33:08,137 - INFO - ------------------------------------------------------------
2025-08-15 20:33:09,438 - INFO -       0 | -1402.70 |   17.716 |    2.7406 |   0.000 |    1.3s
2025-08-15 20:33:27,568 - INFO - CONVERGENCE EPISODE 18: 0.3189 rad
2025-08-15 20:33:39,536 - INFO - CONVERGENCE EPISODE 30: 0.2076 rad
2025-08-15 20:33:59,597 - INFO -      50 | -1423.41 |   16.732 |    2.6507 |   0.000 |   51.5s
2025-08-15 20:34:52,845 - INFO - 
2025-08-15 20:34:52,845 - INFO - MILESTONE 100 ANALYSIS:
2025-08-15 20:34:52,845 - INFO -   Recent 50 episodes avg position error: 2.3768 ± 0.6854 rad
2025-08-15 20:34:52,845 - INFO -   Recent 50 episodes avg cost: 20.188
2025-08-15 20:34:52,845 - INFO -   Recent 50 episodes success rate: 0.00%
2025-08-15 20:34:52,845 - INFO -   Convergent episodes ratio (< 0.5 rad): 0.00%
2025-08-15 20:34:52,845 - INFO -   Total convergent episodes so far: 2
2025-08-15 20:34:52,845 - INFO -   Best performance: 0.2076 rad at episode 30
2025-08-15 20:34:52,845 - INFO -   Stable performance not yet achieved
2025-08-15 20:34:52,845 - INFO - 
2025-08-15 20:34:52,845 - INFO -     100 | -1068.15 |   33.837 |    1.3084 |   0.000 |  104.7s
2025-08-15 20:34:53,911 - INFO - CONVERGENCE EPISODE 101: 0.1021 rad
2025-08-15 20:34:56,034 - INFO - CONVERGENCE EPISODE 103: 0.4904 rad
2025-08-15 20:35:03,671 - INFO - CONVERGENCE EPISODE 110: 0.1012 rad
2025-08-15 20:35:26,402 - INFO - CONVERGENCE EPISODE 132: 0.3557 rad
2025-08-15 20:35:45,852 - INFO -     150 | -1274.09 |   24.382 |    1.8647 |   0.000 |  157.7s
2025-08-15 20:35:57,229 - INFO - CONVERGENCE EPISODE 161: 0.3423 rad
2025-08-15 20:36:22,632 - INFO - CONVERGENCE EPISODE 187: 0.2074 rad
2025-08-15 20:36:25,455 - INFO - CONVERGENCE EPISODE 190: 0.3793 rad
2025-08-15 20:36:34,867 - INFO -     200 | -1404.18 |   17.118 |    2.9896 |   0.000 |  206.7s
2025-08-15 20:37:00,881 - INFO - CONVERGENCE EPISODE 226: 0.3834 rad
2025-08-15 20:37:08,362 - INFO - CONVERGENCE EPISODE 233: 0.1454 rad
2025-08-15 20:37:21,837 - INFO - CONVERGENCE EPISODE 246: 0.4643 rad
2025-08-15 20:37:26,349 - INFO - 
2025-08-15 20:37:26,350 - INFO - MILESTONE 250 ANALYSIS:
2025-08-15 20:37:26,350 - INFO -   Recent 50 episodes avg position error: 2.1004 ± 0.8257 rad
2025-08-15 20:37:26,350 - INFO -   Recent 50 episodes avg cost: 22.728
2025-08-15 20:37:26,350 - INFO -   Recent 50 episodes success rate: 0.00%
2025-08-15 20:37:26,350 - INFO -   Convergent episodes ratio (< 0.5 rad): 6.00%
2025-08-15 20:37:26,350 - INFO -   Total convergent episodes so far: 12
2025-08-15 20:37:26,350 - INFO -   Best performance: 0.1012 rad at episode 110
2025-08-15 20:37:26,350 - INFO -   Stable performance not yet achieved
2025-08-15 20:37:26,350 - INFO - 
2025-08-15 20:37:26,350 - INFO -     250 | -1865.53 |    9.739 |    3.0823 |   0.000 |  258.2s
2025-08-15 20:37:29,368 - INFO - CONVERGENCE EPISODE 253: 0.2663 rad
2025-08-15 20:37:31,640 - INFO - CONVERGENCE EPISODE 255: 0.2155 rad
2025-08-15 20:38:18,352 - INFO -     300 | -1277.03 |   23.989 |    1.7993 |   0.000 |  310.2s
2025-08-15 20:39:03,203 - INFO - CONVERGENCE EPISODE 342: 0.3219 rad
2025-08-15 20:39:11,734 - INFO -     350 | -919.61 |   33.758 |    3.0798 |   0.000 |  363.6s
2025-08-15 20:39:33,052 - INFO - CONVERGENCE EPISODE 371: 0.2920 rad
2025-08-15 20:39:35,909 - INFO - CONVERGENCE EPISODE 374: 0.3546 rad
2025-08-15 20:39:40,021 - INFO - CONVERGENCE EPISODE 378: 0.3149 rad
2025-08-15 20:39:43,791 - INFO - CONVERGENCE EPISODE 382: 0.4327 rad
2025-08-15 20:39:56,579 - INFO - CONVERGENCE EPISODE 395: 0.2757 rad
2025-08-15 20:40:00,461 - INFO - 
================================================================================
2025-08-15 20:40:00,461 - INFO - TRAINING COMPLETED - FINAL ANALYSIS
2025-08-15 20:40:00,461 - INFO - ================================================================================
2025-08-15 20:40:00,461 - INFO - Total training time: 412.3 seconds (6.9 minutes)
2025-08-15 20:40:00,461 - INFO - Final episode reward: -622.66
2025-08-15 20:40:00,461 - INFO - Final position error: 1.2048 rad
2025-08-15 20:40:00,461 - INFO - Final success rate: 0.000
2025-08-15 20:40:00,461 - INFO - Best position error achieved: 0.1012 rad at episode 110
2025-08-15 20:40:00,461 - INFO - Total convergent episodes (< 0.5 rad): 20/400 (5.00%)
2025-08-15 20:40:00,462 - INFO - Recent success rate (last 100 episodes): 0.00%
2025-08-15 20:40:00,462 - INFO - Stable performance achieved: No
2025-08-15 20:40:00,462 - INFO - Position error statistics:
2025-08-15 20:40:00,462 - INFO -   Mean: 2.0900 rad (119.7°)
2025-08-15 20:40:00,462 - INFO -   Std:  0.8138 rad (46.6°)
2025-08-15 20:40:00,462 - INFO -   Min:  0.1012 rad (5.8°)
2025-08-15 20:40:00,462 - INFO -   Max:  3.1393 rad (179.9°)
2025-08-15 20:40:00,462 - INFO -   Median: 2.2989 rad (131.7°)
2025-08-15 20:40:00,462 - INFO - Performance distribution:
2025-08-15 20:40:00,462 - INFO -   Excellent (< 0.1 rad / 5.7°): 0 episodes (0.0%)
2025-08-15 20:40:00,462 - INFO -   Good (0.1-0.3 rad / 5.7°-17.2°): 9 episodes (2.2%)
2025-08-15 20:40:00,463 - INFO -   Acceptable (0.3-0.5 rad / 17.2°-28.6°): 11 episodes (2.8%)
2025-08-15 20:40:00,463 - INFO -   Poor (> 0.5 rad / 28.6°): 380 episodes (95.0%)
2025-08-15 20:40:00,463 - INFO - 
TRAINING CONFIGURATION EFFECTIVENESS:
2025-08-15 20:40:00,463 - INFO - ----------------------------------------
2025-08-15 20:40:00,463 - INFO - Episodes needed for first convergence: 18
2025-08-15 20:40:00,463 - INFO - Excitation phase ended at episode: 7
2025-08-15 20:40:00,468 - INFO - Training metrics saved to: /home/osos/Mohamed_Masters_Thesis/DHP_pendulum/training_logs/dhp_pendulum_metrics_20250815_204000.json
2025-08-15 20:40:00,468 - INFO - 
BEST MODEL CONFIRMED:
2025-08-15 20:40:00,468 - INFO -   Episode: 110
2025-08-15 20:40:00,468 - INFO -   Position Error: 0.1012 rad (5.8°)
2025-08-15 20:40:00,468 - INFO -   Model files: dhp_pendulum_best_*
2025-08-15 20:40:00,468 - INFO - ================================================================================
2025-08-15 20:40:00,468 - INFO - TRAINING SESSION COMPLETED
2025-08-15 20:40:00,468 - INFO - Detailed log saved to: /home/osos/Mohamed_Masters_Thesis/DHP_pendulum/training_logs/dhp_pendulum_training_20250815_203307.log
2025-08-15 20:40:00,468 - INFO - ================================================================================
2025-08-15 20:40:07,333 - INFO - SESSION-BEST EPISODE RECORDED: Episode 110
2025-08-15 20:40:07,334 - INFO -   Replay error: 1.4220 rad vs training error: 0.1012 rad
2025-08-15 20:40:07,334 - INFO -   Target angle: 0.000 rad
2025-08-15 20:40:07,432 - INFO - Model saved with state normalization ENABLED
