2025-08-15 18:27:39,040 - INFO - ================================================================================
2025-08-15 18:27:39,040 - INFO - DHP PENDULUM TRAINING SESSION STARTED
2025-08-15 18:27:39,041 - INFO - ================================================================================
2025-08-15 18:27:39,041 - INFO - HYPERPARAMETERS:
2025-08-15 18:27:39,041 - INFO - ----------------------------------------
2025-08-15 18:27:39,041 - INFO - action_size              : 1
2025-08-15 18:27:39,041 - INFO - activation               : relu
2025-08-15 18:27:39,041 - INFO - best_episode_gui         : False
2025-08-15 18:27:39,041 - INFO - episode_length           : 200
2025-08-15 18:27:39,041 - INFO - excitation_amplitude     : 0.2
2025-08-15 18:27:39,041 - INFO - excitation_steps         : 7500
2025-08-15 18:27:39,041 - INFO - fixed_target             : 3.141592653589793
2025-08-15 18:27:39,041 - INFO - gamma                    : 0.95
2025-08-15 18:27:39,041 - INFO - gui                      : False
2025-08-15 18:27:39,041 - INFO - hidden_layer_size        : [64, 64, 32]
2025-08-15 18:27:39,041 - INFO - log_interval             : 50
2025-08-15 18:27:39,041 - INFO - lr_actor                 : 0.005
2025-08-15 18:27:39,041 - INFO - lr_critic                : 0.01
2025-08-15 18:27:39,042 - INFO - max_steps                : 200
2025-08-15 18:27:39,042 - INFO - normalize_states         : True
2025-08-15 18:27:39,042 - INFO - num_episodes             : 1500
2025-08-15 18:27:39,042 - INFO - predict_delta            : False
2025-08-15 18:27:39,042 - INFO - record                   : False
2025-08-15 18:27:39,042 - INFO - record_best_episodes     : True
2025-08-15 18:27:39,042 - INFO - recording_fps            : 30
2025-08-15 18:27:39,042 - INFO - reference_size           : 2
2025-08-15 18:27:39,042 - INFO - rls_action_size          : 1
2025-08-15 18:27:39,042 - INFO - rls_covariance           : 100.0
2025-08-15 18:27:39,042 - INFO - rls_gamma                : 0.9995
2025-08-15 18:27:39,042 - INFO - rls_state_size           : 2
2025-08-15 18:27:39,042 - INFO - save_interval            : 200
2025-08-15 18:27:39,042 - INFO - split                    : False
2025-08-15 18:27:39,042 - INFO - state_bounds             : {'theta': [-3.141592653589793, 3.141592653589793], 'theta_dot': [-8.0, 8.0]}
2025-08-15 18:27:39,042 - INFO - state_size               : 2
2025-08-15 18:27:39,042 - INFO - target_network           : True
2025-08-15 18:27:39,043 - INFO - tau                      : 0.001
2025-08-15 18:27:39,043 - INFO - update_cycles            : 2
2025-08-15 18:27:39,043 - INFO - ----------------------------------------
2025-08-15 18:27:39,043 - INFO - Log file: /home/osos/Mohamed_Masters_Thesis/DHP_pendulum/training_logs/dhp_pendulum_training_20250815_182739.log
2025-08-15 18:27:39,043 - INFO - ================================================================================
2025-08-15 18:27:39,043 - INFO - 
CONFIGURATION OVERRIDES APPLIED:
2025-08-15 18:27:39,043 - INFO -   num_episodes: 400
2025-08-15 18:27:39,043 - INFO -   episode_length: 500
2025-08-15 18:27:39,043 - INFO -   max_steps: 500
2025-08-15 18:27:39,043 - INFO -   excitation_steps: 7500
2025-08-15 18:27:39,043 - INFO -   excitation_amplitude: 0.2
2025-08-15 18:27:39,043 - INFO -   log_interval: 50
2025-08-15 18:27:39,043 - INFO -   save_interval: 200
2025-08-15 18:27:39,043 - INFO -   gui: False
2025-08-15 18:27:39,043 - INFO -   record: False
2025-08-15 18:27:39,043 - INFO -   normalize_states: True
2025-08-15 18:27:39,043 - INFO -   record_best_episodes: True
2025-08-15 18:27:39,043 - INFO -   lr_critic: 0.01
2025-08-15 18:27:39,044 - INFO -   lr_actor: 0.005
2025-08-15 18:27:39,044 - INFO -   hidden_layer_size: [64, 64, 32]
2025-08-15 18:27:39,044 - INFO -   gamma: 0.95
2025-08-15 18:27:39,044 - INFO -   update_cycles: 2
2025-08-15 18:27:39,044 - INFO -   tau: 0.001
2025-08-15 18:27:39,044 - INFO - 
==================================================
2025-08-15 18:27:39,044 - INFO - STARTING DHP TRAINING FOR PENDULUM
2025-08-15 18:27:39,044 - INFO - ==================================================
2025-08-15 18:27:39,047 - WARNING - From /home/osos/Mohamed_Masters_Thesis/msc-thesis/agents/dhp.py:70: The name tf.Session is deprecated. Please use tf.compat.v1.Session instead.

2025-08-15 18:27:39,172 - WARNING - From /home/osos/Mohamed_Masters_Thesis/msc-thesis/agents/dhp.py:100: The name tf.placeholder is deprecated. Please use tf.compat.v1.placeholder instead.

2025-08-15 18:27:39,174 - WARNING - From /home/osos/Mohamed_Masters_Thesis/msc-thesis/agents/dhp.py:102: The name tf.placeholder_with_default is deprecated. Please use tf.compat.v1.placeholder_with_default instead.

2025-08-15 18:27:39,178 - WARNING - From /home/osos/Mohamed_Masters_Thesis/msc-thesis/agents/dhp.py:124: The name tf.variable_scope is deprecated. Please use tf.compat.v1.variable_scope instead.

2025-08-15 18:27:39,179 - WARNING - From /home/osos/Mohamed_Masters_Thesis/msc-thesis/agents/dhp.py:128: dense (from tensorflow.python.layers.core) is deprecated and will be removed in a future version.
Instructions for updating:
Use keras.layers.Dense instead.
2025-08-15 18:27:39,180 - WARNING - From /home/osos/anaconda3/envs/DHP/lib/python3.7/site-packages/tensorflow_core/python/layers/core.py:187: Layer.apply (from tensorflow.python.keras.engine.base_layer) is deprecated and will be removed in a future version.
Instructions for updating:
Please use `layer.__call__` method instead.
2025-08-15 18:27:39,216 - WARNING - From /home/osos/Mohamed_Masters_Thesis/msc-thesis/agents/dhp.py:133: The name tf.trainable_variables is deprecated. Please use tf.compat.v1.trainable_variables instead.

2025-08-15 18:27:39,225 - WARNING - From /home/osos/Mohamed_Masters_Thesis/msc-thesis/agents/dhp.py:139: The name tf.train.GradientDescentOptimizer is deprecated. Please use tf.compat.v1.train.GradientDescentOptimizer instead.

2025-08-15 18:27:39,254 - WARNING - From /home/osos/Mohamed_Masters_Thesis/msc-thesis/agents/dhp.py:156: The name tf.assign is deprecated. Please use tf.compat.v1.assign instead.

2025-08-15 18:27:39,312 - WARNING - From /home/osos/Mohamed_Masters_Thesis/msc-thesis/agents/dhp.py:79: The name tf.summary.merge_all is deprecated. Please use tf.compat.v1.summary.merge_all instead.

2025-08-15 18:27:39,312 - WARNING - From /home/osos/Mohamed_Masters_Thesis/msc-thesis/agents/dhp.py:80: The name tf.train.Saver is deprecated. Please use tf.compat.v1.train.Saver instead.

2025-08-15 18:27:39,324 - WARNING - From /home/osos/Mohamed_Masters_Thesis/msc-thesis/agents/dhp.py:81: The name tf.global_variables_initializer is deprecated. Please use tf.compat.v1.global_variables_initializer instead.

2025-08-15 18:27:39,368 - INFO - 
Training for 400 episodes...
2025-08-15 18:27:39,368 - INFO - Episode | Reward  | Avg Cost | Pos Error | Success | Time
2025-08-15 18:27:39,368 - INFO - ------------------------------------------------------------
2025-08-15 18:27:41,966 - INFO -       0 | -2096.98 |   65.597 |    0.5915 |   0.000 |    2.6s
2025-08-15 18:27:44,310 - INFO - CONVERGENCE EPISODE 1: 0.2990 rad
2025-08-15 18:27:48,973 - INFO - CONVERGENCE EPISODE 3: 0.4256 rad
2025-08-15 18:27:53,702 - INFO - CONVERGENCE EPISODE 5: 0.2493 rad
2025-08-15 18:27:56,017 - INFO - CONVERGENCE EPISODE 6: 0.2377 rad
2025-08-15 18:27:58,374 - INFO - CONVERGENCE EPISODE 7: 0.0098 rad
2025-08-15 18:28:03,198 - INFO - CONVERGENCE EPISODE 9: 0.4812 rad
2025-08-15 18:28:10,448 - INFO - CONVERGENCE EPISODE 12: 0.4765 rad
2025-08-15 18:28:24,807 - INFO - CONVERGENCE EPISODE 18: 0.1202 rad
2025-08-15 18:28:31,938 - INFO - CONVERGENCE EPISODE 21: 0.4301 rad
2025-08-15 18:28:36,728 - INFO - CONVERGENCE EPISODE 23: 0.0166 rad
2025-08-15 18:28:43,758 - INFO - CONVERGENCE EPISODE 26: 0.2575 rad
2025-08-15 18:28:46,124 - INFO - CONVERGENCE EPISODE 27: 0.3225 rad
2025-08-15 18:28:48,501 - INFO - CONVERGENCE EPISODE 28: 0.2406 rad
2025-08-15 18:28:53,268 - INFO - CONVERGENCE EPISODE 30: 0.4935 rad
2025-08-15 18:28:55,667 - INFO - CONVERGENCE EPISODE 31: 0.3891 rad
2025-08-15 18:28:58,060 - INFO - CONVERGENCE EPISODE 32: 0.3193 rad
2025-08-15 18:29:00,530 - INFO - CONVERGENCE EPISODE 33: 0.0978 rad
2025-08-15 18:29:02,922 - INFO - CONVERGENCE EPISODE 34: 0.0089 rad
2025-08-15 18:29:05,289 - INFO - CONVERGENCE EPISODE 35: 0.0314 rad
2025-08-15 18:29:07,655 - INFO - CONVERGENCE EPISODE 36: 0.0279 rad
2025-08-15 18:29:10,043 - INFO - CONVERGENCE EPISODE 37: 0.0405 rad
2025-08-15 18:29:12,382 - INFO - CONVERGENCE EPISODE 38: 0.0204 rad
2025-08-15 18:29:14,728 - INFO - CONVERGENCE EPISODE 39: 0.0274 rad
2025-08-15 18:29:14,728 - INFO - STABLE PERFORMANCE ACHIEVED starting at episode 30
2025-08-15 18:29:17,075 - INFO - CONVERGENCE EPISODE 40: 0.0236 rad
2025-08-15 18:29:19,435 - INFO - CONVERGENCE EPISODE 41: 0.0285 rad
2025-08-15 18:29:21,820 - INFO - CONVERGENCE EPISODE 42: 0.0295 rad
2025-08-15 18:29:24,179 - INFO - CONVERGENCE EPISODE 43: 0.0237 rad
2025-08-15 18:29:26,585 - INFO - CONVERGENCE EPISODE 44: 0.0234 rad
2025-08-15 18:29:29,000 - INFO - CONVERGENCE EPISODE 45: 0.0301 rad
2025-08-15 18:29:31,320 - INFO - CONVERGENCE EPISODE 46: 0.0218 rad
2025-08-15 18:29:33,656 - INFO - CONVERGENCE EPISODE 47: 0.0326 rad
2025-08-15 18:29:35,995 - INFO - CONVERGENCE EPISODE 48: 0.0411 rad
2025-08-15 18:29:38,329 - INFO - CONVERGENCE EPISODE 49: 0.0313 rad
2025-08-15 18:29:40,698 - INFO - CONVERGENCE EPISODE 50: 0.0269 rad
2025-08-15 18:29:40,698 - INFO -      50 |  -12.80 |    0.840 |    0.0269 |   1.000 |  121.3s
2025-08-15 18:29:43,058 - INFO - CONVERGENCE EPISODE 51: 0.0248 rad
2025-08-15 18:29:45,462 - INFO - CONVERGENCE EPISODE 52: 0.0599 rad
2025-08-15 18:29:47,810 - INFO - CONVERGENCE EPISODE 53: 0.0583 rad
2025-08-15 18:29:50,180 - INFO - CONVERGENCE EPISODE 54: 0.0504 rad
2025-08-15 18:29:52,576 - INFO - CONVERGENCE EPISODE 55: 0.0370 rad
2025-08-15 18:29:54,947 - INFO - CONVERGENCE EPISODE 56: 0.0279 rad
2025-08-15 18:29:57,306 - INFO - CONVERGENCE EPISODE 57: 0.0303 rad
2025-08-15 18:29:59,694 - INFO - CONVERGENCE EPISODE 58: 0.0283 rad
2025-08-15 18:30:02,086 - INFO - CONVERGENCE EPISODE 59: 0.0301 rad
2025-08-15 18:30:04,484 - INFO - CONVERGENCE EPISODE 60: 0.0231 rad
2025-08-15 18:30:06,851 - INFO - CONVERGENCE EPISODE 61: 0.0300 rad
2025-08-15 18:30:09,215 - INFO - CONVERGENCE EPISODE 62: 0.0197 rad
2025-08-15 18:30:11,578 - INFO - CONVERGENCE EPISODE 63: 0.0184 rad
2025-08-15 18:30:13,919 - INFO - CONVERGENCE EPISODE 64: 0.0109 rad
2025-08-15 18:30:16,280 - INFO - CONVERGENCE EPISODE 65: 0.0155 rad
2025-08-15 18:30:18,655 - INFO - CONVERGENCE EPISODE 66: 0.0154 rad
2025-08-15 18:30:21,072 - INFO - CONVERGENCE EPISODE 67: 0.0469 rad
2025-08-15 18:30:23,484 - INFO - CONVERGENCE EPISODE 68: 0.1242 rad
2025-08-15 18:30:25,915 - INFO - CONVERGENCE EPISODE 69: 0.2020 rad
2025-08-15 18:30:28,246 - INFO - CONVERGENCE EPISODE 70: 0.2620 rad
2025-08-15 18:30:30,583 - INFO - CONVERGENCE EPISODE 71: 0.3180 rad
2025-08-15 18:30:32,907 - INFO - CONVERGENCE EPISODE 72: 0.3221 rad
2025-08-15 18:30:35,265 - INFO - CONVERGENCE EPISODE 73: 0.3984 rad
2025-08-15 18:30:37,714 - INFO - CONVERGENCE EPISODE 74: 0.3555 rad
2025-08-15 18:30:40,076 - INFO - CONVERGENCE EPISODE 75: 0.4079 rad
2025-08-15 18:30:42,439 - INFO - CONVERGENCE EPISODE 76: 0.4114 rad
2025-08-15 18:30:44,851 - INFO - CONVERGENCE EPISODE 77: 0.0046 rad
2025-08-15 18:30:47,241 - INFO - CONVERGENCE EPISODE 78: 0.0097 rad
2025-08-15 18:30:49,654 - INFO - CONVERGENCE EPISODE 79: 0.0081 rad
2025-08-15 18:30:52,028 - INFO - CONVERGENCE EPISODE 80: 0.0001 rad
2025-08-15 18:30:54,350 - INFO - CONVERGENCE EPISODE 81: 0.0229 rad
2025-08-15 18:30:56,730 - INFO - CONVERGENCE EPISODE 82: 0.1227 rad
2025-08-15 18:30:59,135 - INFO - CONVERGENCE EPISODE 83: 0.0157 rad
2025-08-15 18:30:59,679 - INFO - 
2025-08-15 18:30:59,679 - INFO - MILESTONE 100 ANALYSIS:
2025-08-15 18:30:59,679 - INFO -   Recent 50 episodes avg position error: 3.4702 ± 4.6880 rad
2025-08-15 18:30:59,679 - INFO -   Recent 50 episodes avg cost: 3.821
2025-08-15 18:30:59,679 - INFO -   Recent 50 episodes success rate: 46.00%
2025-08-15 18:30:59,680 - INFO -   Convergent episodes ratio (< 0.5 rad): 66.00%
2025-08-15 18:30:59,680 - INFO -   Total convergent episodes so far: 67
2025-08-15 18:30:59,680 - INFO -   Best performance: 0.0001 rad at episode 80
2025-08-15 18:30:59,680 - INFO -   Stable performance maintained since episode 30
2025-08-15 18:30:59,680 - INFO - 
2025-08-15 18:30:59,680 - INFO -     100 |    0.00 |    1.000 |   10.0000 |   0.000 |  200.3s
2025-08-15 18:30:59,718 - INFO -     150 |    0.00 |    1.000 |   10.0000 |   0.000 |  200.3s
2025-08-15 18:30:59,761 - INFO -     200 |    0.00 |    1.000 |   10.0000 |   0.000 |  200.4s
2025-08-15 18:30:59,806 - INFO - 
2025-08-15 18:30:59,806 - INFO - MILESTONE 250 ANALYSIS:
2025-08-15 18:30:59,806 - INFO -   Recent 50 episodes avg position error: 10.0000 ± 0.0000 rad
2025-08-15 18:30:59,806 - INFO -   Recent 50 episodes avg cost: 1.000
2025-08-15 18:30:59,806 - INFO -   Recent 50 episodes success rate: 0.00%
2025-08-15 18:30:59,806 - INFO -   Convergent episodes ratio (< 0.5 rad): 0.00%
2025-08-15 18:30:59,806 - INFO -   Total convergent episodes so far: 67
2025-08-15 18:30:59,806 - INFO -   Best performance: 0.0001 rad at episode 80
2025-08-15 18:30:59,806 - INFO -   Stable performance maintained since episode 30
2025-08-15 18:30:59,806 - INFO - 
2025-08-15 18:30:59,806 - INFO -     250 |    0.00 |    1.000 |   10.0000 |   0.000 |  200.4s
2025-08-15 18:30:59,846 - INFO -     300 |    0.00 |    1.000 |   10.0000 |   0.000 |  200.5s
2025-08-15 18:30:59,885 - INFO -     350 |    0.00 |    1.000 |   10.0000 |   0.000 |  200.5s
2025-08-15 18:30:59,923 - INFO - 
================================================================================
2025-08-15 18:30:59,923 - INFO - TRAINING COMPLETED - FINAL ANALYSIS
2025-08-15 18:30:59,923 - INFO - ================================================================================
2025-08-15 18:30:59,923 - INFO - Total training time: 200.6 seconds (3.3 minutes)
2025-08-15 18:30:59,923 - INFO - Final episode reward: 0.00
2025-08-15 18:30:59,923 - INFO - Final position error: 10.0000 rad
2025-08-15 18:30:59,923 - INFO - Final success rate: 0.000
2025-08-15 18:30:59,923 - INFO - Best position error achieved: 0.0001 rad at episode 80
2025-08-15 18:30:59,923 - INFO - Total convergent episodes (< 0.5 rad): 67/400 (16.75%)
2025-08-15 18:30:59,924 - INFO - Recent success rate (last 100 episodes): 0.00%
2025-08-15 18:30:59,924 - INFO - Stable performance achieved: Yes (from episode 30, duration: 370 episodes)
2025-08-15 18:30:59,924 - INFO - Position error statistics:
2025-08-15 18:30:59,924 - INFO -   Mean: 7.9893 rad (457.8°)
2025-08-15 18:30:59,924 - INFO -   Std:  3.9117 rad (224.1°)
2025-08-15 18:30:59,924 - INFO -   Min:  0.0001 rad (0.0°)
2025-08-15 18:30:59,924 - INFO -   Max:  10.0000 rad (573.0°)
2025-08-15 18:30:59,924 - INFO -   Median: 10.0000 rad (573.0°)
2025-08-15 18:30:59,924 - INFO - Performance distribution:
2025-08-15 18:30:59,924 - INFO -   Excellent (< 0.1 rad / 5.7°): 43 episodes (10.8%)
2025-08-15 18:30:59,924 - INFO -   Good (0.1-0.3 rad / 5.7°-17.2°): 10 episodes (2.5%)
2025-08-15 18:30:59,924 - INFO -   Acceptable (0.3-0.5 rad / 17.2°-28.6°): 14 episodes (3.5%)
2025-08-15 18:30:59,924 - INFO -   Poor (> 0.5 rad / 28.6°): 333 episodes (83.2%)
2025-08-15 18:30:59,924 - INFO - 
TRAINING CONFIGURATION EFFECTIVENESS:
2025-08-15 18:30:59,924 - INFO - ----------------------------------------
2025-08-15 18:30:59,924 - INFO - Episodes needed for first convergence: 1
2025-08-15 18:30:59,925 - INFO - Excitation phase ended at episode: 15
2025-08-15 18:30:59,930 - INFO - Training metrics saved to: /home/osos/Mohamed_Masters_Thesis/DHP_pendulum/training_logs/dhp_pendulum_metrics_20250815_183059.json
2025-08-15 18:30:59,930 - INFO - 
BEST MODEL CONFIRMED:
2025-08-15 18:30:59,930 - INFO -   Episode: 80
2025-08-15 18:30:59,931 - INFO -   Position Error: 0.0001 rad (0.0°)
2025-08-15 18:30:59,931 - INFO -   Model files: dhp_pendulum_best_*
2025-08-15 18:30:59,931 - INFO - ================================================================================
2025-08-15 18:30:59,931 - INFO - TRAINING SESSION COMPLETED
2025-08-15 18:30:59,931 - INFO - Detailed log saved to: /home/osos/Mohamed_Masters_Thesis/DHP_pendulum/training_logs/dhp_pendulum_training_20250815_182739.log
2025-08-15 18:30:59,931 - INFO - ================================================================================
2025-08-15 18:31:16,765 - INFO - SESSION-BEST EPISODE RECORDED: Episode 80
2025-08-15 18:31:16,765 - INFO -   Replay error: 0.7503 rad vs training error: 0.0001 rad
2025-08-15 18:31:16,765 - INFO -   Target angle: 3.142 rad
2025-08-15 18:31:16,842 - INFO - Model saved with state normalization ENABLED
2025-08-15 18:31:44,610 - INFO - 
==================================================
2025-08-15 18:31:44,611 - INFO - STARTING POLICY DEMONSTRATION
2025-08-15 18:31:44,611 - INFO - ==================================================
2025-08-15 18:31:51,485 - INFO - Demonstration final angle error: 53.4°
2025-08-15 18:31:51,485 - INFO - Training and demonstration session completed successfully!
