2025-08-16 17:05:33,526 - INFO - ================================================================================
2025-08-16 17:05:33,526 - INFO - DHP PENDULUM TRAINING SESSION STARTED
2025-08-16 17:05:33,526 - INFO - ================================================================================
2025-08-16 17:05:33,526 - INFO - HYPERPARAMETERS:
2025-08-16 17:05:33,526 - INFO - ----------------------------------------
2025-08-16 17:05:33,526 - INFO - action_size              : 1
2025-08-16 17:05:33,527 - INFO - activation               : tanh
2025-08-16 17:05:33,527 - INFO - best_episode_gui         : False
2025-08-16 17:05:33,527 - INFO - episode_length           : 200
2025-08-16 17:05:33,527 - INFO - excitation_amplitude     : 0.2
2025-08-16 17:05:33,527 - INFO - excitation_steps         : 7500
2025-08-16 17:05:33,527 - INFO - gamma                    : 0.95
2025-08-16 17:05:33,527 - INFO - gui                      : False
2025-08-16 17:05:33,527 - INFO - hidden_layer_size        : [64, 64, 32]
2025-08-16 17:05:33,527 - INFO - log_interval             : 50
2025-08-16 17:05:33,527 - INFO - lr_actor                 : 0.005
2025-08-16 17:05:33,527 - INFO - lr_critic                : 0.01
2025-08-16 17:05:33,527 - INFO - max_steps                : 200
2025-08-16 17:05:33,527 - INFO - normalize_states         : True
2025-08-16 17:05:33,527 - INFO - num_episodes             : 1500
2025-08-16 17:05:33,527 - INFO - predict_delta            : False
2025-08-16 17:05:33,527 - INFO - record                   : False
2025-08-16 17:05:33,527 - INFO - record_best_episodes     : True
2025-08-16 17:05:33,527 - INFO - recording_fps            : 30
2025-08-16 17:05:33,527 - INFO - reference_size           : 2
2025-08-16 17:05:33,527 - INFO - render_best_only         : True
2025-08-16 17:05:33,527 - INFO - render_episode_steps     : 50
2025-08-16 17:05:33,527 - INFO - render_frequency         : 10
2025-08-16 17:05:33,527 - INFO - render_realtime          : False
2025-08-16 17:05:33,527 - INFO - render_training          : False
2025-08-16 17:05:33,527 - INFO - rls_action_size          : 1
2025-08-16 17:05:33,527 - INFO - rls_covariance           : 100.0
2025-08-16 17:05:33,527 - INFO - rls_gamma                : 0.9995
2025-08-16 17:05:33,527 - INFO - rls_state_size           : 2
2025-08-16 17:05:33,527 - INFO - save_interval            : 200
2025-08-16 17:05:33,527 - INFO - split                    : False
2025-08-16 17:05:33,527 - INFO - state_bounds             : {'theta': [-3.141592653589793, 3.141592653589793], 'theta_dot': [-8.0, 8.0]}
2025-08-16 17:05:33,528 - INFO - state_size               : 2
2025-08-16 17:05:33,528 - INFO - target_network           : True
2025-08-16 17:05:33,528 - INFO - tau                      : 0.001
2025-08-16 17:05:33,528 - INFO - update_cycles            : 2
2025-08-16 17:05:33,528 - INFO - ----------------------------------------
2025-08-16 17:05:33,528 - INFO - Log file: /home/osos/Mohamed_Masters_Thesis/DHP_pendulum/training_logs/dhp_pendulum_training_20250816_170533.log
2025-08-16 17:05:33,528 - INFO - ================================================================================
2025-08-16 17:05:33,528 - INFO - 
==================================================
2025-08-16 17:05:33,528 - INFO - STARTING DHP TRAINING FOR PENDULUM
2025-08-16 17:05:33,528 - INFO - ==================================================
2025-08-16 17:05:33,530 - WARNING - From /home/osos/Mohamed_Masters_Thesis/msc-thesis/agents/dhp.py:70: The name tf.Session is deprecated. Please use tf.compat.v1.Session instead.

2025-08-16 17:05:33,647 - WARNING - From /home/osos/Mohamed_Masters_Thesis/msc-thesis/agents/dhp.py:100: The name tf.placeholder is deprecated. Please use tf.compat.v1.placeholder instead.

2025-08-16 17:05:33,648 - WARNING - From /home/osos/Mohamed_Masters_Thesis/msc-thesis/agents/dhp.py:102: The name tf.placeholder_with_default is deprecated. Please use tf.compat.v1.placeholder_with_default instead.

2025-08-16 17:05:33,651 - WARNING - From /home/osos/Mohamed_Masters_Thesis/msc-thesis/agents/dhp.py:124: The name tf.variable_scope is deprecated. Please use tf.compat.v1.variable_scope instead.

2025-08-16 17:05:33,651 - WARNING - From /home/osos/Mohamed_Masters_Thesis/msc-thesis/agents/dhp.py:128: dense (from tensorflow.python.layers.core) is deprecated and will be removed in a future version.
Instructions for updating:
Use keras.layers.Dense instead.
2025-08-16 17:05:33,652 - WARNING - From /home/osos/anaconda3/envs/DHP/lib/python3.7/site-packages/tensorflow_core/python/layers/core.py:187: Layer.apply (from tensorflow.python.keras.engine.base_layer) is deprecated and will be removed in a future version.
Instructions for updating:
Please use `layer.__call__` method instead.
2025-08-16 17:05:33,686 - WARNING - From /home/osos/Mohamed_Masters_Thesis/msc-thesis/agents/dhp.py:133: The name tf.trainable_variables is deprecated. Please use tf.compat.v1.trainable_variables instead.

2025-08-16 17:05:33,703 - WARNING - From /home/osos/Mohamed_Masters_Thesis/msc-thesis/agents/dhp.py:139: The name tf.train.GradientDescentOptimizer is deprecated. Please use tf.compat.v1.train.GradientDescentOptimizer instead.

2025-08-16 17:05:33,747 - WARNING - From /home/osos/Mohamed_Masters_Thesis/msc-thesis/agents/dhp.py:156: The name tf.assign is deprecated. Please use tf.compat.v1.assign instead.

2025-08-16 17:05:33,838 - WARNING - From /home/osos/Mohamed_Masters_Thesis/msc-thesis/agents/dhp.py:79: The name tf.summary.merge_all is deprecated. Please use tf.compat.v1.summary.merge_all instead.

2025-08-16 17:05:33,838 - WARNING - From /home/osos/Mohamed_Masters_Thesis/msc-thesis/agents/dhp.py:80: The name tf.train.Saver is deprecated. Please use tf.compat.v1.train.Saver instead.

2025-08-16 17:05:33,853 - WARNING - From /home/osos/Mohamed_Masters_Thesis/msc-thesis/agents/dhp.py:81: The name tf.global_variables_initializer is deprecated. Please use tf.compat.v1.global_variables_initializer instead.

2025-08-16 17:05:33,931 - INFO - 
Training for 1000 episodes...
2025-08-16 17:05:33,932 - INFO - Episode | Reward  | Avg Cost | Pos Error | Success | Time
2025-08-16 17:05:33,932 - INFO - ------------------------------------------------------------
2025-08-16 17:05:35,735 - INFO -       0 | -15784.52 |  845.435 |    2.8357 |   0.000 |    1.8s
2025-08-16 17:05:43,926 - INFO - CONVERGENCE EPISODE 5: 0.0004 rad
2025-08-16 17:05:44,876 - INFO - CONVERGENCE EPISODE 6: 0.0012 rad
2025-08-16 17:05:49,256 - INFO - CONVERGENCE EPISODE 9: 0.0027 rad
2025-08-16 17:05:50,094 - INFO - CONVERGENCE EPISODE 10: 0.0006 rad
2025-08-16 17:05:50,646 - INFO - CONVERGENCE EPISODE 11: 0.0009 rad
2025-08-16 17:05:51,706 - INFO - CONVERGENCE EPISODE 12: 0.0005 rad
2025-08-16 17:05:52,315 - INFO - CONVERGENCE EPISODE 13: 0.0007 rad
2025-08-16 17:05:53,226 - INFO - CONVERGENCE EPISODE 14: 0.0018 rad
2025-08-16 17:05:53,919 - INFO - CONVERGENCE EPISODE 15: 0.0031 rad
2025-08-16 17:05:54,335 - INFO - CONVERGENCE EPISODE 16: 0.0029 rad
2025-08-16 17:05:54,933 - INFO - CONVERGENCE EPISODE 17: 0.0025 rad
2025-08-16 17:05:55,499 - INFO - CONVERGENCE EPISODE 18: 0.0013 rad
2025-08-16 17:05:55,500 - INFO - STABLE PERFORMANCE ACHIEVED starting at episode 9
2025-08-16 17:05:56,043 - INFO - CONVERGENCE EPISODE 19: 0.0021 rad
2025-08-16 17:05:56,532 - INFO - CONVERGENCE EPISODE 20: 0.0027 rad
2025-08-16 17:05:56,985 - INFO - CONVERGENCE EPISODE 21: 0.0017 rad
2025-08-16 17:05:57,437 - INFO - CONVERGENCE EPISODE 22: 0.0008 rad
2025-08-16 17:05:57,838 - INFO - CONVERGENCE EPISODE 23: 0.0028 rad
2025-08-16 17:05:58,033 - INFO - CONVERGENCE EPISODE 24: 0.0027 rad
2025-08-16 17:05:58,455 - INFO - CONVERGENCE EPISODE 25: 0.0016 rad
2025-08-16 17:05:58,455 - INFO -      25 | -1129.53 | 59711.569 |    0.0016 |   0.000 |   24.5s
2025-08-16 17:05:59,156 - INFO - CONVERGENCE EPISODE 26: 0.0027 rad
2025-08-16 17:05:59,578 - INFO - CONVERGENCE EPISODE 27: 0.0006 rad
2025-08-16 17:06:00,008 - INFO - CONVERGENCE EPISODE 28: 0.0008 rad
2025-08-16 17:06:00,455 - INFO - CONVERGENCE EPISODE 29: 0.0020 rad
2025-08-16 17:06:00,774 - INFO - CONVERGENCE EPISODE 30: 0.0001 rad
2025-08-16 17:06:01,183 - INFO - CONVERGENCE EPISODE 31: 0.0028 rad
2025-08-16 17:06:01,498 - INFO - CONVERGENCE EPISODE 32: 0.0006 rad
2025-08-16 17:06:01,914 - INFO - CONVERGENCE EPISODE 33: 0.0016 rad
2025-08-16 17:06:02,532 - INFO - CONVERGENCE EPISODE 34: 0.0001 rad
2025-08-16 17:06:03,145 - INFO - CONVERGENCE EPISODE 35: 0.0004 rad
2025-08-16 17:06:03,539 - INFO - CONVERGENCE EPISODE 36: 0.0019 rad
2025-08-16 17:06:03,865 - INFO - CONVERGENCE EPISODE 37: 0.0022 rad
2025-08-16 17:06:04,371 - INFO - CONVERGENCE EPISODE 38: 0.0028 rad
2025-08-16 17:06:04,812 - INFO - CONVERGENCE EPISODE 39: 0.0011 rad
2025-08-16 17:06:05,143 - INFO - CONVERGENCE EPISODE 40: 0.0026 rad
2025-08-16 17:06:05,501 - INFO - CONVERGENCE EPISODE 41: 0.0023 rad
2025-08-16 17:06:06,000 - INFO - CONVERGENCE EPISODE 42: 0.0025 rad
2025-08-16 17:06:06,389 - INFO - CONVERGENCE EPISODE 43: 0.0010 rad
2025-08-16 17:06:06,933 - INFO - CONVERGENCE EPISODE 44: 0.0022 rad
2025-08-16 17:06:07,250 - INFO - CONVERGENCE EPISODE 45: 0.0005 rad
2025-08-16 17:06:07,777 - INFO - CONVERGENCE EPISODE 46: 0.0024 rad
2025-08-16 17:06:08,169 - INFO - CONVERGENCE EPISODE 47: 0.0004 rad
2025-08-16 17:06:08,659 - INFO - CONVERGENCE EPISODE 48: 0.0021 rad
2025-08-16 17:06:09,231 - INFO - CONVERGENCE EPISODE 49: 0.0027 rad
2025-08-16 17:06:09,574 - INFO - CONVERGENCE EPISODE 50: 0.0017 rad
2025-08-16 17:06:09,575 - INFO -      50 | -1107.67 | 62851.441 |    0.0017 |   0.000 |   35.6s
2025-08-16 17:06:10,120 - INFO - CONVERGENCE EPISODE 51: 0.0029 rad
2025-08-16 17:06:10,453 - INFO - CONVERGENCE EPISODE 52: 0.0019 rad
2025-08-16 17:06:10,904 - INFO - CONVERGENCE EPISODE 53: 0.0030 rad
2025-08-16 17:06:11,333 - INFO - CONVERGENCE EPISODE 54: 0.0006 rad
2025-08-16 17:06:11,742 - INFO - CONVERGENCE EPISODE 55: 0.0016 rad
2025-08-16 17:06:12,561 - INFO - CONVERGENCE EPISODE 56: 0.0001 rad
2025-08-16 17:06:13,231 - INFO - CONVERGENCE EPISODE 57: 0.0017 rad
2025-08-16 17:06:13,747 - INFO - CONVERGENCE EPISODE 58: 0.0030 rad
2025-08-16 17:06:14,267 - INFO - CONVERGENCE EPISODE 59: 0.0022 rad
2025-08-16 17:06:14,683 - INFO - CONVERGENCE EPISODE 60: 0.0026 rad
2025-08-16 17:06:15,164 - INFO - CONVERGENCE EPISODE 61: 0.0021 rad
2025-08-16 17:06:15,443 - INFO - CONVERGENCE EPISODE 62: 0.0014 rad
2025-08-16 17:06:15,874 - INFO - CONVERGENCE EPISODE 63: 0.0015 rad
2025-08-16 17:06:16,391 - INFO - CONVERGENCE EPISODE 64: 0.0000 rad
2025-08-16 17:06:16,727 - INFO - CONVERGENCE EPISODE 65: 0.0019 rad
2025-08-16 17:06:17,064 - INFO - CONVERGENCE EPISODE 66: 0.0014 rad
2025-08-16 17:06:17,551 - INFO - CONVERGENCE EPISODE 67: 0.0011 rad
2025-08-16 17:06:18,007 - INFO - CONVERGENCE EPISODE 68: 0.0001 rad
2025-08-16 17:06:18,523 - INFO - CONVERGENCE EPISODE 69: 0.0031 rad
2025-08-16 17:06:18,916 - INFO - CONVERGENCE EPISODE 70: 0.0025 rad
2025-08-16 17:06:19,512 - INFO - CONVERGENCE EPISODE 71: 0.0022 rad
2025-08-16 17:06:19,920 - INFO - CONVERGENCE EPISODE 72: 0.0009 rad
2025-08-16 17:06:20,536 - INFO - CONVERGENCE EPISODE 73: 0.0030 rad
2025-08-16 17:06:21,273 - INFO - CONVERGENCE EPISODE 74: 0.0028 rad
2025-08-16 17:06:21,677 - INFO - CONVERGENCE EPISODE 75: 0.0031 rad
2025-08-16 17:06:21,677 - INFO -      75 | -1072.98 | 66562.576 |    0.0031 |   0.000 |   47.7s
2025-08-16 17:06:22,086 - INFO - CONVERGENCE EPISODE 76: 0.0012 rad
2025-08-16 17:06:22,534 - INFO - CONVERGENCE EPISODE 77: 0.0015 rad
2025-08-16 17:06:22,904 - INFO - CONVERGENCE EPISODE 78: 0.0011 rad
2025-08-16 17:06:23,065 - INFO - CONVERGENCE EPISODE 79: 0.0008 rad
2025-08-16 17:06:23,459 - INFO - CONVERGENCE EPISODE 80: 0.0003 rad
2025-08-16 17:06:23,859 - INFO - CONVERGENCE EPISODE 81: 0.0012 rad
2025-08-16 17:06:24,403 - INFO - CONVERGENCE EPISODE 82: 0.0007 rad
2025-08-16 17:06:24,681 - INFO - CONVERGENCE EPISODE 83: 0.0009 rad
2025-08-16 17:06:25,002 - INFO - CONVERGENCE EPISODE 84: 0.0013 rad
2025-08-16 17:06:25,307 - INFO - CONVERGENCE EPISODE 85: 0.0005 rad
2025-08-16 17:06:25,662 - INFO - CONVERGENCE EPISODE 86: 0.0031 rad
2025-08-16 17:06:26,117 - INFO - CONVERGENCE EPISODE 87: 0.0019 rad
2025-08-16 17:06:26,496 - INFO - CONVERGENCE EPISODE 88: 0.0004 rad
2025-08-16 17:06:26,858 - INFO - CONVERGENCE EPISODE 89: 0.0030 rad
2025-08-16 17:06:27,388 - INFO - CONVERGENCE EPISODE 90: 0.0016 rad
2025-08-16 17:06:27,823 - INFO - CONVERGENCE EPISODE 91: 0.0009 rad
2025-08-16 17:06:28,239 - INFO - CONVERGENCE EPISODE 92: 0.0015 rad
2025-08-16 17:06:28,563 - INFO - CONVERGENCE EPISODE 93: 0.0017 rad
2025-08-16 17:06:28,957 - INFO - CONVERGENCE EPISODE 94: 0.0026 rad
2025-08-16 17:06:29,602 - INFO - CONVERGENCE EPISODE 95: 0.0022 rad
2025-08-16 17:06:30,025 - INFO - CONVERGENCE EPISODE 96: 0.0026 rad
2025-08-16 17:06:30,613 - INFO - CONVERGENCE EPISODE 97: 0.0002 rad
2025-08-16 17:06:31,000 - INFO - CONVERGENCE EPISODE 98: 0.0000 rad
2025-08-16 17:06:31,445 - INFO - CONVERGENCE EPISODE 99: 0.0026 rad
2025-08-16 17:06:31,708 - INFO - CONVERGENCE EPISODE 100: 0.0026 rad
2025-08-16 17:06:31,708 - INFO - 
2025-08-16 17:06:31,708 - INFO - MILESTONE 100 ANALYSIS:
2025-08-16 17:06:31,708 - INFO -   Recent 50 episodes avg position error: 0.0017 ± 0.0010 rad
2025-08-16 17:06:31,709 - INFO -   Recent 50 episodes avg cost: 63710.366
2025-08-16 17:06:31,709 - INFO -   Recent 50 episodes success rate: 0.00%
2025-08-16 17:06:31,709 - INFO -   Convergent episodes ratio (< 0.5 rad): 100.00%
2025-08-16 17:06:31,709 - INFO -   Total convergent episodes so far: 94
2025-08-16 17:06:31,709 - INFO -   Best performance: 0.0000 rad at episode 64
2025-08-16 17:06:31,709 - INFO -   Stable performance maintained since episode 9
2025-08-16 17:06:31,709 - INFO - 
2025-08-16 17:06:31,709 - INFO -     100 | -1053.18 | 90598.689 |    0.0026 |   0.000 |   57.8s
2025-08-16 17:06:32,167 - INFO - CONVERGENCE EPISODE 101: 0.0002 rad
2025-08-16 17:06:32,765 - INFO - CONVERGENCE EPISODE 102: 0.0010 rad
2025-08-16 17:06:33,313 - INFO - CONVERGENCE EPISODE 103: 0.0028 rad
2025-08-16 17:06:33,674 - INFO - CONVERGENCE EPISODE 104: 0.0015 rad
2025-08-16 17:06:33,921 - INFO - CONVERGENCE EPISODE 105: 0.0009 rad
2025-08-16 17:06:34,545 - INFO - CONVERGENCE EPISODE 106: 0.0023 rad
2025-08-16 17:06:35,313 - INFO - CONVERGENCE EPISODE 107: 0.0012 rad
2025-08-16 17:06:35,795 - INFO - CONVERGENCE EPISODE 108: 0.0013 rad
2025-08-16 17:06:36,246 - INFO - CONVERGENCE EPISODE 109: 0.0027 rad
2025-08-16 17:06:36,683 - INFO - CONVERGENCE EPISODE 110: 0.0006 rad
2025-08-16 17:06:37,225 - INFO - CONVERGENCE EPISODE 111: 0.0005 rad
2025-08-16 17:06:37,637 - INFO - CONVERGENCE EPISODE 112: 0.0010 rad
2025-08-16 17:06:37,943 - INFO - CONVERGENCE EPISODE 113: 0.0014 rad
2025-08-16 17:06:38,374 - INFO - CONVERGENCE EPISODE 114: 0.0001 rad
2025-08-16 17:06:38,716 - INFO - CONVERGENCE EPISODE 115: 0.0008 rad
2025-08-16 17:06:38,989 - INFO - CONVERGENCE EPISODE 116: 0.0002 rad
2025-08-16 17:06:39,657 - INFO - CONVERGENCE EPISODE 117: 0.0021 rad
2025-08-16 17:06:40,102 - INFO - CONVERGENCE EPISODE 118: 0.0004 rad
2025-08-16 17:06:40,628 - INFO - CONVERGENCE EPISODE 119: 0.0019 rad
2025-08-16 17:06:41,124 - INFO - CONVERGENCE EPISODE 120: 0.0028 rad
2025-08-16 17:06:41,567 - INFO - CONVERGENCE EPISODE 121: 0.0024 rad
2025-08-16 17:06:41,942 - INFO - CONVERGENCE EPISODE 122: 0.0022 rad
2025-08-16 17:06:42,396 - INFO - CONVERGENCE EPISODE 123: 0.0025 rad
2025-08-16 17:06:42,829 - INFO - CONVERGENCE EPISODE 124: 0.0000 rad
2025-08-16 17:06:43,576 - INFO - CONVERGENCE EPISODE 125: 0.0008 rad
2025-08-16 17:06:43,576 - INFO -     125 | -1042.46 | 37113.038 |    0.0008 |   0.000 |   69.6s
2025-08-16 17:06:44,061 - INFO - CONVERGENCE EPISODE 126: 0.0023 rad
2025-08-16 17:06:44,603 - INFO - CONVERGENCE EPISODE 127: 0.0001 rad
2025-08-16 17:06:44,775 - INFO - CONVERGENCE EPISODE 128: 0.0003 rad
2025-08-16 17:06:45,030 - INFO - CONVERGENCE EPISODE 129: 0.0021 rad
2025-08-16 17:06:45,822 - INFO - CONVERGENCE EPISODE 130: 0.0014 rad
2025-08-16 17:06:46,082 - INFO - CONVERGENCE EPISODE 131: 0.0030 rad
2025-08-16 17:06:46,426 - INFO - CONVERGENCE EPISODE 132: 0.0018 rad
2025-08-16 17:06:46,694 - INFO - CONVERGENCE EPISODE 133: 0.0015 rad
2025-08-16 17:06:46,856 - INFO - CONVERGENCE EPISODE 134: 0.0018 rad
2025-08-16 17:06:47,433 - INFO - CONVERGENCE EPISODE 135: 0.0006 rad
2025-08-16 17:06:47,817 - INFO - CONVERGENCE EPISODE 136: 0.0029 rad
2025-08-16 17:06:48,121 - INFO - CONVERGENCE EPISODE 137: 0.0016 rad
2025-08-16 17:06:48,565 - INFO - CONVERGENCE EPISODE 138: 0.0014 rad
2025-08-16 17:06:48,947 - INFO - CONVERGENCE EPISODE 139: 0.0029 rad
2025-08-16 17:06:49,214 - INFO - CONVERGENCE EPISODE 140: 0.0003 rad
2025-08-16 17:06:49,650 - INFO - CONVERGENCE EPISODE 141: 0.0002 rad
2025-08-16 17:06:50,044 - INFO - CONVERGENCE EPISODE 142: 0.0029 rad
2025-08-16 17:06:50,633 - INFO - CONVERGENCE EPISODE 143: 0.0018 rad
2025-08-16 17:06:50,938 - INFO - CONVERGENCE EPISODE 144: 0.0008 rad
2025-08-16 17:06:51,446 - INFO - CONVERGENCE EPISODE 145: 0.0018 rad
2025-08-16 17:06:51,935 - INFO - CONVERGENCE EPISODE 146: 0.0022 rad
2025-08-16 17:06:52,348 - INFO - CONVERGENCE EPISODE 147: 0.0026 rad
2025-08-16 17:06:52,795 - INFO - CONVERGENCE EPISODE 148: 0.0006 rad
2025-08-16 17:06:53,207 - INFO - CONVERGENCE EPISODE 149: 0.0010 rad
2025-08-16 17:06:53,660 - INFO - CONVERGENCE EPISODE 150: 0.0009 rad
2025-08-16 17:06:53,661 - INFO -     150 | -986.04 | 49147.417 |    0.0009 |   0.000 |   79.7s
2025-08-16 17:06:54,332 - INFO - CONVERGENCE EPISODE 151: 0.0013 rad
2025-08-16 17:06:54,916 - INFO - CONVERGENCE EPISODE 152: 0.0008 rad
2025-08-16 17:06:55,517 - INFO - CONVERGENCE EPISODE 153: 0.0023 rad
2025-08-16 17:06:55,932 - INFO - CONVERGENCE EPISODE 154: 0.0024 rad
2025-08-16 17:06:56,375 - INFO - CONVERGENCE EPISODE 155: 0.0031 rad
2025-08-16 17:06:56,785 - INFO - CONVERGENCE EPISODE 156: 0.0010 rad
2025-08-16 17:06:56,943 - INFO - CONVERGENCE EPISODE 157: 0.0019 rad
2025-08-16 17:06:57,412 - INFO - CONVERGENCE EPISODE 158: 0.0026 rad
2025-08-16 17:06:57,781 - INFO - CONVERGENCE EPISODE 159: 0.0001 rad
2025-08-16 17:06:58,335 - INFO - CONVERGENCE EPISODE 160: 0.0018 rad
2025-08-16 17:06:58,927 - INFO - CONVERGENCE EPISODE 161: 0.0007 rad
2025-08-16 17:06:59,316 - INFO - CONVERGENCE EPISODE 162: 0.0018 rad
2025-08-16 17:06:59,844 - INFO - CONVERGENCE EPISODE 163: 0.0017 rad
2025-08-16 17:07:00,435 - INFO - CONVERGENCE EPISODE 164: 0.0021 rad
2025-08-16 17:07:00,962 - INFO - CONVERGENCE EPISODE 165: 0.0007 rad
2025-08-16 17:07:01,364 - INFO - CONVERGENCE EPISODE 166: 0.0024 rad
2025-08-16 17:07:01,792 - INFO - CONVERGENCE EPISODE 167: 0.0019 rad
2025-08-16 17:07:02,373 - INFO - CONVERGENCE EPISODE 168: 0.0028 rad
2025-08-16 17:07:03,051 - INFO - CONVERGENCE EPISODE 169: 0.0003 rad
2025-08-16 17:07:03,464 - INFO - CONVERGENCE EPISODE 170: 0.0028 rad
2025-08-16 17:07:03,916 - INFO - CONVERGENCE EPISODE 171: 0.0023 rad
2025-08-16 17:07:04,223 - INFO - CONVERGENCE EPISODE 172: 0.0012 rad
2025-08-16 17:07:04,472 - INFO - CONVERGENCE EPISODE 173: 0.0020 rad
2025-08-16 17:07:04,799 - INFO - CONVERGENCE EPISODE 174: 0.0015 rad
2025-08-16 17:07:05,124 - INFO - CONVERGENCE EPISODE 175: 0.0031 rad
2025-08-16 17:07:05,124 - INFO -     175 | -965.95 | 68847.788 |    0.0031 |   0.000 |   91.2s
2025-08-16 17:07:05,605 - INFO - CONVERGENCE EPISODE 176: 0.0009 rad
2025-08-16 17:07:05,986 - INFO - CONVERGENCE EPISODE 177: 0.0018 rad
2025-08-16 17:07:06,311 - INFO - CONVERGENCE EPISODE 178: 0.0009 rad
2025-08-16 17:07:07,020 - INFO - CONVERGENCE EPISODE 179: 0.0016 rad
2025-08-16 17:07:07,325 - INFO - CONVERGENCE EPISODE 180: 0.0022 rad
2025-08-16 17:07:08,026 - INFO - CONVERGENCE EPISODE 181: 0.0005 rad
2025-08-16 17:07:08,623 - INFO - CONVERGENCE EPISODE 182: 0.0007 rad
2025-08-16 17:07:09,413 - INFO - CONVERGENCE EPISODE 183: 0.0028 rad
2025-08-16 17:07:10,169 - INFO - CONVERGENCE EPISODE 184: 0.0019 rad
2025-08-16 17:07:10,520 - INFO - CONVERGENCE EPISODE 185: 0.0018 rad
2025-08-16 17:07:10,902 - INFO - CONVERGENCE EPISODE 186: 0.0011 rad
2025-08-16 17:07:11,154 - INFO - CONVERGENCE EPISODE 187: 0.0006 rad
2025-08-16 17:07:11,538 - INFO - CONVERGENCE EPISODE 188: 0.0020 rad
2025-08-16 17:07:11,920 - INFO - CONVERGENCE EPISODE 189: 0.0018 rad
2025-08-16 17:07:12,805 - INFO - CONVERGENCE EPISODE 190: 0.0024 rad
2025-08-16 17:07:13,167 - INFO - CONVERGENCE EPISODE 191: 0.0009 rad
2025-08-16 17:07:13,558 - INFO - CONVERGENCE EPISODE 192: 0.0011 rad
2025-08-16 17:07:14,053 - INFO - CONVERGENCE EPISODE 193: 0.0010 rad
2025-08-16 17:07:14,462 - INFO - CONVERGENCE EPISODE 194: 0.0028 rad
2025-08-16 17:07:14,734 - INFO - CONVERGENCE EPISODE 195: 0.0031 rad
2025-08-16 17:07:15,404 - INFO - CONVERGENCE EPISODE 196: 0.0007 rad
2025-08-16 17:07:15,813 - INFO - CONVERGENCE EPISODE 197: 0.0009 rad
2025-08-16 17:07:16,556 - INFO - CONVERGENCE EPISODE 198: 0.0014 rad
2025-08-16 17:07:17,001 - INFO - CONVERGENCE EPISODE 199: 0.0001 rad
2025-08-16 17:07:17,307 - INFO - CONVERGENCE EPISODE 200: 0.0011 rad
2025-08-16 17:07:17,307 - INFO -     200 | -963.56 | 64735.587 |    0.0011 |   0.000 |  103.4s
2025-08-16 17:07:17,852 - INFO - CONVERGENCE EPISODE 201: 0.0029 rad
2025-08-16 17:07:18,263 - INFO - CONVERGENCE EPISODE 202: 0.0025 rad
2025-08-16 17:07:18,651 - INFO - CONVERGENCE EPISODE 203: 0.0008 rad
2025-08-16 17:07:18,992 - INFO - CONVERGENCE EPISODE 204: 0.0020 rad
2025-08-16 17:07:19,579 - INFO - CONVERGENCE EPISODE 205: 0.0005 rad
2025-08-16 17:07:20,083 - INFO - CONVERGENCE EPISODE 206: 0.0014 rad
2025-08-16 17:07:20,506 - INFO - CONVERGENCE EPISODE 207: 0.0024 rad
2025-08-16 17:07:20,870 - INFO - CONVERGENCE EPISODE 208: 0.0028 rad
2025-08-16 17:07:21,133 - INFO - CONVERGENCE EPISODE 209: 0.0027 rad
2025-08-16 17:07:21,577 - INFO - CONVERGENCE EPISODE 210: 0.0023 rad
2025-08-16 17:07:22,158 - INFO - CONVERGENCE EPISODE 211: 0.0005 rad
2025-08-16 17:07:22,569 - INFO - CONVERGENCE EPISODE 212: 0.0020 rad
2025-08-16 17:07:22,966 - INFO - CONVERGENCE EPISODE 213: 0.0023 rad
2025-08-16 17:07:23,267 - INFO - CONVERGENCE EPISODE 214: 0.0027 rad
2025-08-16 17:07:23,667 - INFO - CONVERGENCE EPISODE 215: 0.0008 rad
2025-08-16 17:07:24,153 - INFO - CONVERGENCE EPISODE 216: 0.0013 rad
2025-08-16 17:07:24,482 - INFO - CONVERGENCE EPISODE 217: 0.0014 rad
2025-08-16 17:07:24,897 - INFO - CONVERGENCE EPISODE 218: 0.0026 rad
2025-08-16 17:07:25,495 - INFO - CONVERGENCE EPISODE 219: 0.0010 rad
2025-08-16 17:07:25,885 - INFO - CONVERGENCE EPISODE 220: 0.0031 rad
2025-08-16 17:07:26,184 - INFO - CONVERGENCE EPISODE 221: 0.0029 rad
2025-08-16 17:07:26,689 - INFO - CONVERGENCE EPISODE 222: 0.0016 rad
2025-08-16 17:07:27,269 - INFO - CONVERGENCE EPISODE 223: 0.0010 rad
2025-08-16 17:07:27,679 - INFO - CONVERGENCE EPISODE 224: 0.0010 rad
2025-08-16 17:07:28,207 - INFO - CONVERGENCE EPISODE 225: 0.0008 rad
2025-08-16 17:07:28,207 - INFO -     225 | -1000.53 | 45915.144 |    0.0008 |   0.000 |  114.3s
2025-08-16 17:07:28,612 - INFO - CONVERGENCE EPISODE 226: 0.0025 rad
2025-08-16 17:07:28,945 - INFO - CONVERGENCE EPISODE 227: 0.0003 rad
2025-08-16 17:07:29,261 - INFO - CONVERGENCE EPISODE 228: 0.0002 rad
2025-08-16 17:07:29,421 - INFO - CONVERGENCE EPISODE 229: 0.0030 rad
2025-08-16 17:07:29,963 - INFO - CONVERGENCE EPISODE 230: 0.0017 rad
2025-08-16 17:07:30,486 - INFO - CONVERGENCE EPISODE 231: 0.0010 rad
2025-08-16 17:07:31,476 - INFO - CONVERGENCE EPISODE 232: 0.0008 rad
2025-08-16 17:07:31,633 - INFO - CONVERGENCE EPISODE 233: 0.0028 rad
2025-08-16 17:07:31,891 - INFO - CONVERGENCE EPISODE 234: 0.0012 rad
2025-08-16 17:07:32,385 - INFO - CONVERGENCE EPISODE 235: 0.0001 rad
2025-08-16 17:07:32,772 - INFO - CONVERGENCE EPISODE 236: 0.0001 rad
2025-08-16 17:07:33,133 - INFO - CONVERGENCE EPISODE 237: 0.0018 rad
2025-08-16 17:07:33,842 - INFO - CONVERGENCE EPISODE 238: 0.0023 rad
2025-08-16 17:07:34,476 - INFO - CONVERGENCE EPISODE 239: 0.0011 rad
2025-08-16 17:07:35,023 - INFO - CONVERGENCE EPISODE 240: 0.0022 rad
2025-08-16 17:07:35,713 - INFO - CONVERGENCE EPISODE 241: 0.0029 rad
2025-08-16 17:07:36,167 - INFO - CONVERGENCE EPISODE 242: 0.0009 rad
2025-08-16 17:07:36,433 - INFO - CONVERGENCE EPISODE 243: 0.0018 rad
2025-08-16 17:07:36,783 - INFO - CONVERGENCE EPISODE 244: 0.0011 rad
2025-08-16 17:07:37,222 - INFO - CONVERGENCE EPISODE 245: 0.0012 rad
2025-08-16 17:07:37,576 - INFO - CONVERGENCE EPISODE 246: 0.0015 rad
2025-08-16 17:07:38,332 - INFO - CONVERGENCE EPISODE 247: 0.0018 rad
2025-08-16 17:07:38,859 - INFO - CONVERGENCE EPISODE 248: 0.0024 rad
2025-08-16 17:07:39,114 - INFO - CONVERGENCE EPISODE 249: 0.0022 rad
2025-08-16 17:07:39,531 - INFO - CONVERGENCE EPISODE 250: 0.0005 rad
2025-08-16 17:07:39,531 - INFO - 
2025-08-16 17:07:39,532 - INFO - MILESTONE 250 ANALYSIS:
2025-08-16 17:07:39,532 - INFO -   Recent 50 episodes avg position error: 0.0016 ± 0.0009 rad
2025-08-16 17:07:39,532 - INFO -   Recent 50 episodes avg cost: 62414.508
2025-08-16 17:07:39,532 - INFO -   Recent 50 episodes success rate: 0.00%
2025-08-16 17:07:39,532 - INFO -   Convergent episodes ratio (< 0.5 rad): 100.00%
2025-08-16 17:07:39,532 - INFO -   Total convergent episodes so far: 244
2025-08-16 17:07:39,532 - INFO -   Best performance: 0.0000 rad at episode 124
2025-08-16 17:07:39,532 - INFO -   Stable performance maintained since episode 9
2025-08-16 17:07:39,532 - INFO - 
2025-08-16 17:07:39,532 - INFO -     250 | -961.98 | 71700.491 |    0.0005 |   0.000 |  125.6s
2025-08-16 17:07:39,954 - INFO - CONVERGENCE EPISODE 251: 0.0017 rad
2025-08-16 17:07:40,335 - INFO - CONVERGENCE EPISODE 252: 0.0011 rad
2025-08-16 17:07:40,815 - INFO - CONVERGENCE EPISODE 253: 0.0006 rad
2025-08-16 17:07:41,111 - INFO - CONVERGENCE EPISODE 254: 0.0004 rad
2025-08-16 17:07:41,589 - INFO - CONVERGENCE EPISODE 255: 0.0020 rad
2025-08-16 17:07:42,440 - INFO - CONVERGENCE EPISODE 256: 0.0007 rad
2025-08-16 17:07:42,856 - INFO - CONVERGENCE EPISODE 257: 0.0029 rad
2025-08-16 17:07:43,236 - INFO - CONVERGENCE EPISODE 258: 0.0016 rad
2025-08-16 17:07:43,802 - INFO - CONVERGENCE EPISODE 259: 0.0013 rad
2025-08-16 17:07:44,215 - INFO - CONVERGENCE EPISODE 260: 0.0019 rad
2025-08-16 17:07:44,516 - INFO - CONVERGENCE EPISODE 261: 0.0009 rad
2025-08-16 17:07:44,886 - INFO - CONVERGENCE EPISODE 262: 0.0005 rad
2025-08-16 17:07:45,317 - INFO - CONVERGENCE EPISODE 263: 0.0006 rad
2025-08-16 17:07:45,779 - INFO - CONVERGENCE EPISODE 264: 0.0023 rad
2025-08-16 17:07:46,264 - INFO - CONVERGENCE EPISODE 265: 0.0008 rad
2025-08-16 17:07:46,660 - INFO - CONVERGENCE EPISODE 266: 0.0013 rad
2025-08-16 17:07:47,138 - INFO - CONVERGENCE EPISODE 267: 0.0018 rad
2025-08-16 17:07:47,518 - INFO - CONVERGENCE EPISODE 268: 0.0006 rad
2025-08-16 17:07:48,230 - INFO - CONVERGENCE EPISODE 269: 0.0030 rad
2025-08-16 17:07:48,617 - INFO - CONVERGENCE EPISODE 270: 0.0025 rad
2025-08-16 17:07:49,141 - INFO - CONVERGENCE EPISODE 271: 0.0024 rad
2025-08-16 17:07:49,745 - INFO - CONVERGENCE EPISODE 272: 0.0027 rad
2025-08-16 17:07:50,455 - INFO - CONVERGENCE EPISODE 273: 0.0030 rad
2025-08-16 17:07:51,107 - INFO - CONVERGENCE EPISODE 274: 0.0005 rad
2025-08-16 17:07:51,534 - INFO - CONVERGENCE EPISODE 275: 0.0014 rad
2025-08-16 17:07:51,534 - INFO -     275 | -968.61 | 58193.653 |    0.0014 |   0.000 |  137.6s
2025-08-16 17:07:52,388 - INFO - CONVERGENCE EPISODE 276: 0.0013 rad
2025-08-16 17:07:52,551 - INFO - CONVERGENCE EPISODE 277: 0.0024 rad
2025-08-16 17:07:52,987 - INFO - CONVERGENCE EPISODE 278: 0.0008 rad
2025-08-16 17:07:53,229 - INFO - CONVERGENCE EPISODE 279: 0.0012 rad
2025-08-16 17:07:53,531 - INFO - CONVERGENCE EPISODE 280: 0.0003 rad
2025-08-16 17:07:53,797 - INFO - CONVERGENCE EPISODE 281: 0.0018 rad
2025-08-16 17:07:54,178 - INFO - CONVERGENCE EPISODE 282: 0.0002 rad
2025-08-16 17:07:54,618 - INFO - CONVERGENCE EPISODE 283: 0.0009 rad
2025-08-16 17:07:54,901 - INFO - CONVERGENCE EPISODE 284: 0.0027 rad
2025-08-16 17:07:55,319 - INFO - CONVERGENCE EPISODE 285: 0.0005 rad
2025-08-16 17:07:55,767 - INFO - CONVERGENCE EPISODE 286: 0.0011 rad
2025-08-16 17:07:56,182 - INFO - CONVERGENCE EPISODE 287: 0.0028 rad
2025-08-16 17:07:56,901 - INFO - CONVERGENCE EPISODE 288: 0.0008 rad
2025-08-16 17:07:57,336 - INFO - CONVERGENCE EPISODE 289: 0.0010 rad
2025-08-16 17:07:57,762 - INFO - CONVERGENCE EPISODE 290: 0.0013 rad
2025-08-16 17:07:58,156 - INFO - CONVERGENCE EPISODE 291: 0.0007 rad
2025-08-16 17:07:58,525 - INFO - CONVERGENCE EPISODE 292: 0.0009 rad
2025-08-16 17:07:58,993 - INFO - CONVERGENCE EPISODE 293: 0.0005 rad
2025-08-16 17:07:59,334 - INFO - CONVERGENCE EPISODE 294: 0.0027 rad
2025-08-16 17:07:59,806 - INFO - CONVERGENCE EPISODE 295: 0.0007 rad
2025-08-16 17:08:00,386 - INFO - CONVERGENCE EPISODE 296: 0.0002 rad
2025-08-16 17:08:00,977 - INFO - CONVERGENCE EPISODE 297: 0.0027 rad
2025-08-16 17:08:01,634 - INFO - CONVERGENCE EPISODE 298: 0.0004 rad
2025-08-16 17:08:02,416 - INFO - CONVERGENCE EPISODE 299: 0.0002 rad
2025-08-16 17:08:02,782 - INFO - CONVERGENCE EPISODE 300: 0.0023 rad
2025-08-16 17:08:02,782 - INFO -     300 | -1069.03 | 69859.855 |    0.0023 |   0.000 |  148.9s
2025-08-16 17:08:03,248 - INFO - CONVERGENCE EPISODE 301: 0.0028 rad
2025-08-16 17:08:03,572 - INFO - CONVERGENCE EPISODE 302: 0.0008 rad
2025-08-16 17:08:03,979 - INFO - CONVERGENCE EPISODE 303: 0.0021 rad
2025-08-16 17:08:04,234 - INFO - CONVERGENCE EPISODE 304: 0.0015 rad
2025-08-16 17:08:04,491 - INFO - CONVERGENCE EPISODE 305: 0.0015 rad
2025-08-16 17:08:04,992 - INFO - CONVERGENCE EPISODE 306: 0.0030 rad
2025-08-16 17:08:05,300 - INFO - CONVERGENCE EPISODE 307: 0.0005 rad
2025-08-16 17:08:05,684 - INFO - CONVERGENCE EPISODE 308: 0.0010 rad
2025-08-16 17:08:05,846 - INFO - CONVERGENCE EPISODE 309: 0.0009 rad
2025-08-16 17:08:06,283 - INFO - CONVERGENCE EPISODE 310: 0.0011 rad
2025-08-16 17:08:06,852 - INFO - CONVERGENCE EPISODE 311: 0.0002 rad
2025-08-16 17:08:07,011 - INFO - CONVERGENCE EPISODE 312: 0.0026 rad
2025-08-16 17:08:07,377 - INFO - CONVERGENCE EPISODE 313: 0.0027 rad
2025-08-16 17:08:07,920 - INFO - CONVERGENCE EPISODE 314: 0.0025 rad
2025-08-16 17:08:08,466 - INFO - CONVERGENCE EPISODE 315: 0.0002 rad
2025-08-16 17:08:09,145 - INFO - CONVERGENCE EPISODE 316: 0.0015 rad
2025-08-16 17:08:09,639 - INFO - CONVERGENCE EPISODE 317: 0.0019 rad
2025-08-16 17:08:10,208 - INFO - CONVERGENCE EPISODE 318: 0.0018 rad
2025-08-16 17:08:10,720 - INFO - CONVERGENCE EPISODE 319: 0.0018 rad
2025-08-16 17:08:11,256 - INFO - CONVERGENCE EPISODE 320: 0.0008 rad
2025-08-16 17:08:11,920 - INFO - CONVERGENCE EPISODE 321: 0.0019 rad
2025-08-16 17:08:12,183 - INFO - CONVERGENCE EPISODE 322: 0.0027 rad
2025-08-16 17:08:12,737 - INFO - CONVERGENCE EPISODE 323: 0.0006 rad
2025-08-16 17:08:13,182 - INFO - CONVERGENCE EPISODE 324: 0.0021 rad
2025-08-16 17:08:13,809 - INFO - CONVERGENCE EPISODE 325: 0.0017 rad
2025-08-16 17:08:13,809 - INFO -     325 | -1135.17 | 46748.217 |    0.0017 |   0.000 |  159.9s
2025-08-16 17:08:14,191 - INFO - CONVERGENCE EPISODE 326: 0.0031 rad
2025-08-16 17:08:14,557 - INFO - CONVERGENCE EPISODE 327: 0.0002 rad
2025-08-16 17:08:14,823 - INFO - CONVERGENCE EPISODE 328: 0.0013 rad
2025-08-16 17:08:15,461 - INFO - CONVERGENCE EPISODE 329: 0.0022 rad
2025-08-16 17:08:15,963 - INFO - CONVERGENCE EPISODE 330: 0.0008 rad
2025-08-16 17:08:16,481 - INFO - CONVERGENCE EPISODE 331: 0.0005 rad
2025-08-16 17:08:16,892 - INFO - CONVERGENCE EPISODE 332: 0.0003 rad
2025-08-16 17:08:17,308 - INFO - CONVERGENCE EPISODE 333: 0.0017 rad
2025-08-16 17:08:17,903 - INFO - CONVERGENCE EPISODE 334: 0.0026 rad
2025-08-16 17:08:18,298 - INFO - CONVERGENCE EPISODE 335: 0.0004 rad
2025-08-16 17:08:18,711 - INFO - CONVERGENCE EPISODE 336: 0.0007 rad
2025-08-16 17:08:19,139 - INFO - CONVERGENCE EPISODE 337: 0.0009 rad
2025-08-16 17:08:19,735 - INFO - CONVERGENCE EPISODE 338: 0.0014 rad
2025-08-16 17:08:20,114 - INFO - CONVERGENCE EPISODE 339: 0.0023 rad
2025-08-16 17:08:20,553 - INFO - CONVERGENCE EPISODE 340: 0.0015 rad
2025-08-16 17:08:20,961 - INFO - CONVERGENCE EPISODE 341: 0.0004 rad
2025-08-16 17:08:21,601 - INFO - CONVERGENCE EPISODE 342: 0.0001 rad
2025-08-16 17:08:21,765 - INFO - CONVERGENCE EPISODE 343: 0.0004 rad
2025-08-16 17:08:21,929 - INFO - CONVERGENCE EPISODE 344: 0.0018 rad
2025-08-16 17:08:22,532 - INFO - CONVERGENCE EPISODE 345: 0.0006 rad
2025-08-16 17:08:22,800 - INFO - CONVERGENCE EPISODE 346: 0.0006 rad
2025-08-16 17:08:23,461 - INFO - CONVERGENCE EPISODE 347: 0.0012 rad
2025-08-16 17:08:23,813 - INFO - CONVERGENCE EPISODE 348: 0.0026 rad
2025-08-16 17:08:24,205 - INFO - CONVERGENCE EPISODE 349: 0.0028 rad
2025-08-16 17:08:24,372 - INFO - CONVERGENCE EPISODE 350: 0.0023 rad
2025-08-16 17:08:24,372 - INFO -     350 | -845.97 | 107331.078 |    0.0023 |   0.000 |  170.4s
2025-08-16 17:08:24,731 - INFO - CONVERGENCE EPISODE 351: 0.0009 rad
2025-08-16 17:08:25,137 - INFO - CONVERGENCE EPISODE 352: 0.0019 rad
2025-08-16 17:08:25,693 - INFO - CONVERGENCE EPISODE 353: 0.0031 rad
2025-08-16 17:08:25,848 - INFO - CONVERGENCE EPISODE 354: 0.0014 rad
2025-08-16 17:08:26,452 - INFO - CONVERGENCE EPISODE 355: 0.0019 rad
2025-08-16 17:08:26,926 - INFO - CONVERGENCE EPISODE 356: 0.0026 rad
2025-08-16 17:08:27,462 - INFO - CONVERGENCE EPISODE 357: 0.0013 rad
2025-08-16 17:08:28,088 - INFO - CONVERGENCE EPISODE 358: 0.0011 rad
2025-08-16 17:08:28,251 - INFO - CONVERGENCE EPISODE 359: 0.0001 rad
2025-08-16 17:08:28,860 - INFO - CONVERGENCE EPISODE 360: 0.0021 rad
2025-08-16 17:08:29,310 - INFO - CONVERGENCE EPISODE 361: 0.0012 rad
2025-08-16 17:08:29,620 - INFO - CONVERGENCE EPISODE 362: 0.0008 rad
2025-08-16 17:08:30,075 - INFO - CONVERGENCE EPISODE 363: 0.0022 rad
2025-08-16 17:08:30,400 - INFO - CONVERGENCE EPISODE 364: 0.0006 rad
2025-08-16 17:08:30,558 - INFO - CONVERGENCE EPISODE 365: 0.0023 rad
2025-08-16 17:08:30,953 - INFO - CONVERGENCE EPISODE 366: 0.0002 rad
2025-08-16 17:08:31,334 - INFO - CONVERGENCE EPISODE 367: 0.0025 rad
2025-08-16 17:08:31,500 - INFO - CONVERGENCE EPISODE 368: 0.0018 rad
2025-08-16 17:08:31,989 - INFO - CONVERGENCE EPISODE 369: 0.0003 rad
2025-08-16 17:08:32,445 - INFO - CONVERGENCE EPISODE 370: 0.0004 rad
2025-08-16 17:08:32,868 - INFO - CONVERGENCE EPISODE 371: 0.0004 rad
2025-08-16 17:08:33,273 - INFO - CONVERGENCE EPISODE 372: 0.0015 rad
2025-08-16 17:08:33,851 - INFO - CONVERGENCE EPISODE 373: 0.0013 rad
2025-08-16 17:08:34,272 - INFO - CONVERGENCE EPISODE 374: 0.0023 rad
2025-08-16 17:08:34,821 - INFO - CONVERGENCE EPISODE 375: 0.0026 rad
2025-08-16 17:08:34,821 - INFO -     375 | -986.61 | 57284.969 |    0.0026 |   0.000 |  180.9s
2025-08-16 17:08:35,272 - INFO - CONVERGENCE EPISODE 376: 0.0004 rad
2025-08-16 17:08:35,827 - INFO - CONVERGENCE EPISODE 377: 0.0006 rad
2025-08-16 17:08:36,198 - INFO - CONVERGENCE EPISODE 378: 0.0003 rad
2025-08-16 17:08:36,751 - INFO - CONVERGENCE EPISODE 379: 0.0024 rad
2025-08-16 17:08:37,167 - INFO - CONVERGENCE EPISODE 380: 0.0017 rad
2025-08-16 17:08:37,628 - INFO - CONVERGENCE EPISODE 381: 0.0007 rad
2025-08-16 17:08:38,026 - INFO - CONVERGENCE EPISODE 382: 0.0002 rad
2025-08-16 17:08:38,385 - INFO - CONVERGENCE EPISODE 383: 0.0006 rad
2025-08-16 17:08:38,811 - INFO - CONVERGENCE EPISODE 384: 0.0022 rad
2025-08-16 17:08:39,067 - INFO - CONVERGENCE EPISODE 385: 0.0016 rad
2025-08-16 17:08:39,418 - INFO - CONVERGENCE EPISODE 386: 0.0007 rad
2025-08-16 17:08:40,074 - INFO - CONVERGENCE EPISODE 387: 0.0001 rad
2025-08-16 17:08:40,494 - INFO - CONVERGENCE EPISODE 388: 0.0009 rad
2025-08-16 17:08:40,838 - INFO - CONVERGENCE EPISODE 389: 0.0023 rad
2025-08-16 17:08:41,269 - INFO - CONVERGENCE EPISODE 390: 0.0006 rad
2025-08-16 17:08:41,650 - INFO - CONVERGENCE EPISODE 391: 0.0013 rad
2025-08-16 17:08:42,753 - INFO - CONVERGENCE EPISODE 392: 0.0022 rad
2025-08-16 17:08:43,072 - INFO - CONVERGENCE EPISODE 393: 0.0005 rad
2025-08-16 17:08:43,375 - INFO - CONVERGENCE EPISODE 394: 0.0012 rad
2025-08-16 17:08:43,826 - INFO - CONVERGENCE EPISODE 395: 0.0005 rad
2025-08-16 17:08:44,301 - INFO - CONVERGENCE EPISODE 396: 0.0020 rad
2025-08-16 17:08:44,715 - INFO - CONVERGENCE EPISODE 397: 0.0004 rad
2025-08-16 17:08:45,127 - INFO - CONVERGENCE EPISODE 398: 0.0004 rad
2025-08-16 17:08:45,566 - INFO - CONVERGENCE EPISODE 399: 0.0029 rad
2025-08-16 17:08:46,178 - INFO - CONVERGENCE EPISODE 400: 0.0027 rad
2025-08-16 17:08:46,178 - INFO -     400 | -1022.01 | 39909.164 |    0.0027 |   0.000 |  192.2s
2025-08-16 17:08:46,530 - INFO - CONVERGENCE EPISODE 401: 0.0010 rad
2025-08-16 17:08:47,202 - INFO - CONVERGENCE EPISODE 402: 0.0023 rad
2025-08-16 17:08:47,781 - INFO - CONVERGENCE EPISODE 403: 0.0001 rad
2025-08-16 17:08:48,384 - INFO - CONVERGENCE EPISODE 404: 0.0008 rad
2025-08-16 17:08:48,803 - INFO - CONVERGENCE EPISODE 405: 0.0012 rad
2025-08-16 17:08:49,836 - INFO - CONVERGENCE EPISODE 406: 0.0024 rad
2025-08-16 17:08:50,157 - INFO - CONVERGENCE EPISODE 407: 0.0016 rad
2025-08-16 17:08:50,420 - INFO - CONVERGENCE EPISODE 408: 0.0017 rad
2025-08-16 17:08:50,879 - INFO - CONVERGENCE EPISODE 409: 0.0003 rad
2025-08-16 17:08:51,346 - INFO - CONVERGENCE EPISODE 410: 0.0017 rad
2025-08-16 17:08:51,952 - INFO - CONVERGENCE EPISODE 411: 0.0026 rad
2025-08-16 17:08:52,258 - INFO - CONVERGENCE EPISODE 412: 0.0029 rad
2025-08-16 17:08:52,836 - INFO - CONVERGENCE EPISODE 413: 0.0022 rad
2025-08-16 17:08:53,111 - INFO - CONVERGENCE EPISODE 414: 0.0007 rad
2025-08-16 17:08:53,376 - INFO - CONVERGENCE EPISODE 415: 0.0004 rad
2025-08-16 17:08:53,803 - INFO - CONVERGENCE EPISODE 416: 0.0012 rad
2025-08-16 17:08:54,203 - INFO - CONVERGENCE EPISODE 417: 0.0002 rad
2025-08-16 17:08:54,580 - INFO - CONVERGENCE EPISODE 418: 0.0016 rad
2025-08-16 17:08:54,972 - INFO - CONVERGENCE EPISODE 419: 0.0017 rad
2025-08-16 17:08:55,453 - INFO - CONVERGENCE EPISODE 420: 0.0019 rad
2025-08-16 17:08:55,843 - INFO - CONVERGENCE EPISODE 421: 0.0024 rad
2025-08-16 17:08:56,262 - INFO - CONVERGENCE EPISODE 422: 0.0000 rad
2025-08-16 17:08:56,651 - INFO - CONVERGENCE EPISODE 423: 0.0023 rad
2025-08-16 17:08:57,159 - INFO - CONVERGENCE EPISODE 424: 0.0013 rad
2025-08-16 17:08:57,588 - INFO - CONVERGENCE EPISODE 425: 0.0027 rad
2025-08-16 17:08:57,589 - INFO -     425 | -1081.07 | 62908.072 |    0.0027 |   0.000 |  203.7s
2025-08-16 17:08:58,007 - INFO - CONVERGENCE EPISODE 426: 0.0025 rad
2025-08-16 17:08:58,312 - INFO - CONVERGENCE EPISODE 427: 0.0025 rad
2025-08-16 17:08:58,681 - INFO - CONVERGENCE EPISODE 428: 0.0027 rad
2025-08-16 17:08:59,090 - INFO - CONVERGENCE EPISODE 429: 0.0021 rad
2025-08-16 17:08:59,474 - INFO - CONVERGENCE EPISODE 430: 0.0006 rad
2025-08-16 17:08:59,872 - INFO - CONVERGENCE EPISODE 431: 0.0026 rad
2025-08-16 17:09:00,191 - INFO - CONVERGENCE EPISODE 432: 0.0029 rad
2025-08-16 17:09:00,680 - INFO - CONVERGENCE EPISODE 433: 0.0011 rad
2025-08-16 17:09:01,588 - INFO - CONVERGENCE EPISODE 434: 0.0021 rad
2025-08-16 17:09:02,044 - INFO - CONVERGENCE EPISODE 435: 0.0029 rad
2025-08-16 17:09:02,684 - INFO - CONVERGENCE EPISODE 436: 0.0009 rad
2025-08-16 17:09:03,167 - INFO - CONVERGENCE EPISODE 437: 0.0030 rad
2025-08-16 17:09:03,556 - INFO - CONVERGENCE EPISODE 438: 0.0019 rad
2025-08-16 17:09:04,861 - INFO - CONVERGENCE EPISODE 439: 0.0003 rad
2025-08-16 17:09:05,225 - INFO - CONVERGENCE EPISODE 440: 0.0020 rad
2025-08-16 17:09:05,469 - INFO - CONVERGENCE EPISODE 441: 0.0013 rad
2025-08-16 17:09:05,864 - INFO - CONVERGENCE EPISODE 442: 0.0027 rad
2025-08-16 17:09:06,166 - INFO - CONVERGENCE EPISODE 443: 0.0031 rad
2025-08-16 17:09:06,667 - INFO - CONVERGENCE EPISODE 444: 0.0027 rad
2025-08-16 17:09:07,069 - INFO - CONVERGENCE EPISODE 445: 0.0003 rad
2025-08-16 17:09:07,796 - INFO - CONVERGENCE EPISODE 446: 0.0012 rad
2025-08-16 17:09:08,065 - INFO - CONVERGENCE EPISODE 447: 0.0031 rad
2025-08-16 17:09:08,491 - INFO - CONVERGENCE EPISODE 448: 0.0005 rad
2025-08-16 17:09:08,859 - INFO - CONVERGENCE EPISODE 449: 0.0015 rad
2025-08-16 17:09:09,408 - INFO - CONVERGENCE EPISODE 450: 0.0010 rad
2025-08-16 17:09:09,408 - INFO -     450 | -1104.76 | 50133.652 |    0.0010 |   0.000 |  215.5s
2025-08-16 17:09:09,815 - INFO - CONVERGENCE EPISODE 451: 0.0025 rad
2025-08-16 17:09:10,317 - INFO - CONVERGENCE EPISODE 452: 0.0014 rad
2025-08-16 17:09:10,771 - INFO - CONVERGENCE EPISODE 453: 0.0027 rad
2025-08-16 17:09:11,192 - INFO - CONVERGENCE EPISODE 454: 0.0009 rad
2025-08-16 17:09:11,607 - INFO - CONVERGENCE EPISODE 455: 0.0025 rad
2025-08-16 17:09:12,006 - INFO - CONVERGENCE EPISODE 456: 0.0010 rad
2025-08-16 17:09:12,253 - INFO - CONVERGENCE EPISODE 457: 0.0011 rad
2025-08-16 17:09:12,644 - INFO - CONVERGENCE EPISODE 458: 0.0019 rad
2025-08-16 17:09:13,124 - INFO - CONVERGENCE EPISODE 459: 0.0030 rad
2025-08-16 17:09:13,283 - INFO - CONVERGENCE EPISODE 460: 0.0008 rad
2025-08-16 17:09:13,634 - INFO - CONVERGENCE EPISODE 461: 0.0024 rad
2025-08-16 17:09:14,080 - INFO - CONVERGENCE EPISODE 462: 0.0018 rad
2025-08-16 17:09:14,466 - INFO - CONVERGENCE EPISODE 463: 0.0018 rad
2025-08-16 17:09:14,925 - INFO - CONVERGENCE EPISODE 464: 0.0016 rad
2025-08-16 17:09:15,309 - INFO - CONVERGENCE EPISODE 465: 0.0004 rad
2025-08-16 17:09:15,768 - INFO - CONVERGENCE EPISODE 466: 0.0001 rad
2025-08-16 17:09:16,292 - INFO - CONVERGENCE EPISODE 467: 0.0019 rad
2025-08-16 17:09:16,592 - INFO - CONVERGENCE EPISODE 468: 0.0030 rad
2025-08-16 17:09:16,953 - INFO - CONVERGENCE EPISODE 469: 0.0024 rad
2025-08-16 17:09:17,366 - INFO - CONVERGENCE EPISODE 470: 0.0022 rad
2025-08-16 17:09:17,719 - INFO - CONVERGENCE EPISODE 471: 0.0004 rad
2025-08-16 17:09:18,024 - INFO - CONVERGENCE EPISODE 472: 0.0008 rad
2025-08-16 17:09:18,403 - INFO - CONVERGENCE EPISODE 473: 0.0005 rad
2025-08-16 17:09:18,655 - INFO - CONVERGENCE EPISODE 474: 0.0031 rad
2025-08-16 17:09:19,472 - INFO - CONVERGENCE EPISODE 475: 0.0011 rad
2025-08-16 17:09:19,472 - INFO -     475 | -1076.29 | 33773.728 |    0.0011 |   0.000 |  225.5s
2025-08-16 17:09:20,154 - INFO - CONVERGENCE EPISODE 476: 0.0016 rad
2025-08-16 17:09:20,566 - INFO - CONVERGENCE EPISODE 477: 0.0014 rad
2025-08-16 17:09:20,950 - INFO - CONVERGENCE EPISODE 478: 0.0021 rad
2025-08-16 17:09:21,343 - INFO - CONVERGENCE EPISODE 479: 0.0008 rad
2025-08-16 17:09:21,799 - INFO - CONVERGENCE EPISODE 480: 0.0013 rad
2025-08-16 17:09:22,221 - INFO - CONVERGENCE EPISODE 481: 0.0015 rad
2025-08-16 17:09:23,001 - INFO - CONVERGENCE EPISODE 482: 0.0021 rad
2025-08-16 17:09:23,962 - INFO - CONVERGENCE EPISODE 483: 0.0010 rad
2025-08-16 17:09:24,354 - INFO - CONVERGENCE EPISODE 484: 0.0027 rad
2025-08-16 17:09:25,060 - INFO - CONVERGENCE EPISODE 485: 0.0028 rad
2025-08-16 17:09:25,507 - INFO - CONVERGENCE EPISODE 486: 0.0011 rad
2025-08-16 17:09:25,942 - INFO - CONVERGENCE EPISODE 487: 0.0000 rad
2025-08-16 17:09:26,370 - INFO - CONVERGENCE EPISODE 488: 0.0029 rad
2025-08-16 17:09:26,629 - INFO - CONVERGENCE EPISODE 489: 0.0020 rad
2025-08-16 17:09:26,884 - INFO - CONVERGENCE EPISODE 490: 0.0025 rad
2025-08-16 17:09:27,307 - INFO - CONVERGENCE EPISODE 491: 0.0027 rad
2025-08-16 17:09:27,864 - INFO - CONVERGENCE EPISODE 492: 0.0015 rad
2025-08-16 17:09:28,155 - INFO - CONVERGENCE EPISODE 493: 0.0013 rad
2025-08-16 17:09:28,686 - INFO - CONVERGENCE EPISODE 494: 0.0030 rad
2025-08-16 17:09:29,077 - INFO - CONVERGENCE EPISODE 495: 0.0016 rad
2025-08-16 17:09:29,462 - INFO - CONVERGENCE EPISODE 496: 0.0021 rad
2025-08-16 17:09:29,945 - INFO - CONVERGENCE EPISODE 497: 0.0008 rad
2025-08-16 17:09:30,565 - INFO - CONVERGENCE EPISODE 498: 0.0015 rad
2025-08-16 17:09:30,819 - INFO - CONVERGENCE EPISODE 499: 0.0010 rad
2025-08-16 17:09:31,183 - INFO - CONVERGENCE EPISODE 500: 0.0007 rad
2025-08-16 17:09:31,184 - INFO - 
2025-08-16 17:09:31,184 - INFO - MILESTONE 500 ANALYSIS:
2025-08-16 17:09:31,184 - INFO -   Recent 50 episodes avg position error: 0.0017 ± 0.0008 rad
2025-08-16 17:09:31,184 - INFO -   Recent 50 episodes avg cost: 61767.128
2025-08-16 17:09:31,184 - INFO -   Recent 50 episodes success rate: 0.00%
2025-08-16 17:09:31,184 - INFO -   Convergent episodes ratio (< 0.5 rad): 100.00%
2025-08-16 17:09:31,184 - INFO -   Total convergent episodes so far: 494
2025-08-16 17:09:31,184 - INFO -   Best performance: 0.0000 rad at episode 487
2025-08-16 17:09:31,184 - INFO -   Stable performance maintained since episode 9
2025-08-16 17:09:31,184 - INFO - 
2025-08-16 17:09:31,184 - INFO -     500 | -968.46 | 58174.560 |    0.0007 |   0.000 |  237.3s
2025-08-16 17:09:31,756 - INFO - CONVERGENCE EPISODE 501: 0.0020 rad
2025-08-16 17:09:32,241 - INFO - CONVERGENCE EPISODE 502: 0.0005 rad
2025-08-16 17:09:32,541 - INFO - CONVERGENCE EPISODE 503: 0.0014 rad
2025-08-16 17:09:32,945 - INFO - CONVERGENCE EPISODE 504: 0.0025 rad
2025-08-16 17:09:33,329 - INFO - CONVERGENCE EPISODE 505: 0.0003 rad
2025-08-16 17:09:33,935 - INFO - CONVERGENCE EPISODE 506: 0.0005 rad
2025-08-16 17:09:34,567 - INFO - CONVERGENCE EPISODE 507: 0.0020 rad
2025-08-16 17:09:34,950 - INFO - CONVERGENCE EPISODE 508: 0.0008 rad
2025-08-16 17:09:35,218 - INFO - CONVERGENCE EPISODE 509: 0.0012 rad
2025-08-16 17:09:35,594 - INFO - CONVERGENCE EPISODE 510: 0.0025 rad
2025-08-16 17:09:35,992 - INFO - CONVERGENCE EPISODE 511: 0.0007 rad
2025-08-16 17:09:36,499 - INFO - CONVERGENCE EPISODE 512: 0.0008 rad
2025-08-16 17:09:37,067 - INFO - CONVERGENCE EPISODE 513: 0.0007 rad
2025-08-16 17:09:37,589 - INFO - CONVERGENCE EPISODE 514: 0.0019 rad
2025-08-16 17:09:37,985 - INFO - CONVERGENCE EPISODE 515: 0.0009 rad
2025-08-16 17:09:38,525 - INFO - CONVERGENCE EPISODE 516: 0.0005 rad
2025-08-16 17:09:39,110 - INFO - CONVERGENCE EPISODE 517: 0.0014 rad
2025-08-16 17:09:39,564 - INFO - CONVERGENCE EPISODE 518: 0.0027 rad
2025-08-16 17:09:39,943 - INFO - CONVERGENCE EPISODE 519: 0.0005 rad
2025-08-16 17:09:40,306 - INFO - CONVERGENCE EPISODE 520: 0.0002 rad
2025-08-16 17:09:40,723 - INFO - CONVERGENCE EPISODE 521: 0.0023 rad
2025-08-16 17:09:41,109 - INFO - CONVERGENCE EPISODE 522: 0.0017 rad
2025-08-16 17:09:41,552 - INFO - CONVERGENCE EPISODE 523: 0.0002 rad
2025-08-16 17:09:42,025 - INFO - CONVERGENCE EPISODE 524: 0.0006 rad
2025-08-16 17:09:42,563 - INFO - CONVERGENCE EPISODE 525: 0.0026 rad
2025-08-16 17:09:42,563 - INFO -     525 | -1016.61 | 42184.326 |    0.0026 |   0.000 |  248.6s
2025-08-16 17:09:42,916 - INFO - CONVERGENCE EPISODE 526: 0.0005 rad
2025-08-16 17:09:43,387 - INFO - CONVERGENCE EPISODE 527: 0.0003 rad
2025-08-16 17:09:43,824 - INFO - CONVERGENCE EPISODE 528: 0.0028 rad
2025-08-16 17:09:44,394 - INFO - CONVERGENCE EPISODE 529: 0.0016 rad
2025-08-16 17:09:45,397 - INFO - CONVERGENCE EPISODE 530: 0.0018 rad
2025-08-16 17:09:45,700 - INFO - CONVERGENCE EPISODE 531: 0.0019 rad
2025-08-16 17:09:46,109 - INFO - CONVERGENCE EPISODE 532: 0.0001 rad
2025-08-16 17:09:46,508 - INFO - CONVERGENCE EPISODE 533: 0.0029 rad
2025-08-16 17:09:46,922 - INFO - CONVERGENCE EPISODE 534: 0.0000 rad
2025-08-16 17:09:47,383 - INFO - CONVERGENCE EPISODE 535: 0.0012 rad
2025-08-16 17:09:47,770 - INFO - CONVERGENCE EPISODE 536: 0.0001 rad
2025-08-16 17:09:47,929 - INFO - CONVERGENCE EPISODE 537: 0.0030 rad
2025-08-16 17:09:48,346 - INFO - CONVERGENCE EPISODE 538: 0.0003 rad
2025-08-16 17:09:48,671 - INFO - CONVERGENCE EPISODE 539: 0.0015 rad
2025-08-16 17:09:48,831 - INFO - CONVERGENCE EPISODE 540: 0.0012 rad
2025-08-16 17:09:49,152 - INFO - CONVERGENCE EPISODE 541: 0.0015 rad
2025-08-16 17:09:49,579 - INFO - CONVERGENCE EPISODE 542: 0.0015 rad
2025-08-16 17:09:50,172 - INFO - CONVERGENCE EPISODE 543: 0.0012 rad
2025-08-16 17:09:50,594 - INFO - CONVERGENCE EPISODE 544: 0.0013 rad
2025-08-16 17:09:51,028 - INFO - CONVERGENCE EPISODE 545: 0.0031 rad
2025-08-16 17:09:51,523 - INFO - CONVERGENCE EPISODE 546: 0.0008 rad
2025-08-16 17:09:51,949 - INFO - CONVERGENCE EPISODE 547: 0.0019 rad
2025-08-16 17:09:52,204 - INFO - CONVERGENCE EPISODE 548: 0.0012 rad
2025-08-16 17:09:52,630 - INFO - CONVERGENCE EPISODE 549: 0.0013 rad
2025-08-16 17:09:53,199 - INFO - CONVERGENCE EPISODE 550: 0.0000 rad
2025-08-16 17:09:53,200 - INFO -     550 | -1011.34 | 44142.078 |    0.0000 |   0.000 |  259.3s
2025-08-16 17:09:53,753 - INFO - CONVERGENCE EPISODE 551: 0.0009 rad
2025-08-16 17:09:54,372 - INFO - CONVERGENCE EPISODE 552: 0.0001 rad
2025-08-16 17:09:54,552 - INFO - CONVERGENCE EPISODE 553: 0.0016 rad
2025-08-16 17:09:54,941 - INFO - CONVERGENCE EPISODE 554: 0.0021 rad
2025-08-16 17:09:55,473 - INFO - CONVERGENCE EPISODE 555: 0.0024 rad
2025-08-16 17:09:56,033 - INFO - CONVERGENCE EPISODE 556: 0.0016 rad
2025-08-16 17:09:56,272 - INFO - CONVERGENCE EPISODE 557: 0.0022 rad
2025-08-16 17:09:56,962 - INFO - CONVERGENCE EPISODE 558: 0.0016 rad
2025-08-16 17:09:57,556 - INFO - CONVERGENCE EPISODE 559: 0.0015 rad
2025-08-16 17:09:58,085 - INFO - CONVERGENCE EPISODE 560: 0.0018 rad
2025-08-16 17:09:58,537 - INFO - CONVERGENCE EPISODE 561: 0.0003 rad
2025-08-16 17:09:59,145 - INFO - CONVERGENCE EPISODE 562: 0.0012 rad
2025-08-16 17:09:59,725 - INFO - CONVERGENCE EPISODE 563: 0.0024 rad
2025-08-16 17:10:00,412 - INFO - CONVERGENCE EPISODE 564: 0.0008 rad
2025-08-16 17:10:00,717 - INFO - CONVERGENCE EPISODE 565: 0.0004 rad
2025-08-16 17:10:01,246 - INFO - CONVERGENCE EPISODE 566: 0.0028 rad
2025-08-16 17:10:01,723 - INFO - CONVERGENCE EPISODE 567: 0.0003 rad
2025-08-16 17:10:02,992 - INFO - CONVERGENCE EPISODE 568: 0.0013 rad
2025-08-16 17:10:03,399 - INFO - CONVERGENCE EPISODE 569: 0.0017 rad
2025-08-16 17:10:04,003 - INFO - CONVERGENCE EPISODE 570: 0.0006 rad
2025-08-16 17:10:04,564 - INFO - CONVERGENCE EPISODE 571: 0.0029 rad
2025-08-16 17:10:05,079 - INFO - CONVERGENCE EPISODE 572: 0.0017 rad
2025-08-16 17:10:05,463 - INFO - CONVERGENCE EPISODE 573: 0.0021 rad
2025-08-16 17:10:05,907 - INFO - CONVERGENCE EPISODE 574: 0.0004 rad
2025-08-16 17:10:06,296 - INFO - CONVERGENCE EPISODE 575: 0.0015 rad
2025-08-16 17:10:06,297 - INFO -     575 | -1074.47 | 65841.380 |    0.0015 |   0.000 |  272.4s
2025-08-16 17:10:06,702 - INFO - CONVERGENCE EPISODE 576: 0.0004 rad
2025-08-16 17:10:07,088 - INFO - CONVERGENCE EPISODE 577: 0.0007 rad
2025-08-16 17:10:07,393 - INFO - CONVERGENCE EPISODE 578: 0.0025 rad
2025-08-16 17:10:07,862 - INFO - CONVERGENCE EPISODE 579: 0.0030 rad
2025-08-16 17:10:08,037 - INFO - CONVERGENCE EPISODE 580: 0.0020 rad
2025-08-16 17:10:08,691 - INFO - CONVERGENCE EPISODE 581: 0.0015 rad
2025-08-16 17:10:09,166 - INFO - CONVERGENCE EPISODE 582: 0.0010 rad
2025-08-16 17:10:09,632 - INFO - CONVERGENCE EPISODE 583: 0.0025 rad
2025-08-16 17:10:10,249 - INFO - CONVERGENCE EPISODE 584: 0.0029 rad
2025-08-16 17:10:10,616 - INFO - CONVERGENCE EPISODE 585: 0.0031 rad
2025-08-16 17:10:11,481 - INFO - CONVERGENCE EPISODE 586: 0.0016 rad
2025-08-16 17:10:11,652 - INFO - CONVERGENCE EPISODE 587: 0.0013 rad
2025-08-16 17:10:12,105 - INFO - CONVERGENCE EPISODE 588: 0.0005 rad
2025-08-16 17:10:12,359 - INFO - CONVERGENCE EPISODE 589: 0.0030 rad
2025-08-16 17:10:12,753 - INFO - CONVERGENCE EPISODE 590: 0.0028 rad
2025-08-16 17:10:12,916 - INFO - CONVERGENCE EPISODE 591: 0.0006 rad
2025-08-16 17:10:13,338 - INFO - CONVERGENCE EPISODE 592: 0.0013 rad
2025-08-16 17:10:13,710 - INFO - CONVERGENCE EPISODE 593: 0.0026 rad
2025-08-16 17:10:14,185 - INFO - CONVERGENCE EPISODE 594: 0.0019 rad
2025-08-16 17:10:14,495 - INFO - CONVERGENCE EPISODE 595: 0.0001 rad
2025-08-16 17:10:14,789 - INFO - CONVERGENCE EPISODE 596: 0.0020 rad
2025-08-16 17:10:15,227 - INFO - CONVERGENCE EPISODE 597: 0.0018 rad
2025-08-16 17:10:15,767 - INFO - CONVERGENCE EPISODE 598: 0.0004 rad
2025-08-16 17:10:16,125 - INFO - CONVERGENCE EPISODE 599: 0.0006 rad
2025-08-16 17:10:16,430 - INFO - CONVERGENCE EPISODE 600: 0.0002 rad
2025-08-16 17:10:16,430 - INFO -     600 | -965.28 | 67126.844 |    0.0002 |   0.000 |  282.5s
2025-08-16 17:10:16,854 - INFO - CONVERGENCE EPISODE 601: 0.0021 rad
2025-08-16 17:10:17,265 - INFO - CONVERGENCE EPISODE 602: 0.0026 rad
2025-08-16 17:10:17,589 - INFO - CONVERGENCE EPISODE 603: 0.0026 rad
2025-08-16 17:10:17,941 - INFO - CONVERGENCE EPISODE 604: 0.0009 rad
2025-08-16 17:10:18,195 - INFO - CONVERGENCE EPISODE 605: 0.0028 rad
2025-08-16 17:10:18,787 - INFO - CONVERGENCE EPISODE 606: 0.0024 rad
2025-08-16 17:10:18,956 - INFO - CONVERGENCE EPISODE 607: 0.0006 rad
2025-08-16 17:10:19,254 - INFO - CONVERGENCE EPISODE 608: 0.0020 rad
2025-08-16 17:10:19,837 - INFO - CONVERGENCE EPISODE 609: 0.0012 rad
2025-08-16 17:10:20,310 - INFO - CONVERGENCE EPISODE 610: 0.0008 rad
2025-08-16 17:10:20,767 - INFO - CONVERGENCE EPISODE 611: 0.0021 rad
2025-08-16 17:10:21,223 - INFO - CONVERGENCE EPISODE 612: 0.0012 rad
2025-08-16 17:10:21,843 - INFO - CONVERGENCE EPISODE 613: 0.0000 rad
2025-08-16 17:10:22,400 - INFO - CONVERGENCE EPISODE 614: 0.0019 rad
2025-08-16 17:10:22,844 - INFO - CONVERGENCE EPISODE 615: 0.0013 rad
2025-08-16 17:10:23,010 - INFO - CONVERGENCE EPISODE 616: 0.0023 rad
2025-08-16 17:10:23,410 - INFO - CONVERGENCE EPISODE 617: 0.0023 rad
2025-08-16 17:10:23,976 - INFO - CONVERGENCE EPISODE 618: 0.0011 rad
2025-08-16 17:10:24,308 - INFO - CONVERGENCE EPISODE 619: 0.0026 rad
2025-08-16 17:10:24,777 - INFO - CONVERGENCE EPISODE 620: 0.0013 rad
2025-08-16 17:10:25,244 - INFO - CONVERGENCE EPISODE 621: 0.0016 rad
2025-08-16 17:10:25,649 - INFO - CONVERGENCE EPISODE 622: 0.0009 rad
2025-08-16 17:10:26,240 - INFO - CONVERGENCE EPISODE 623: 0.0003 rad
2025-08-16 17:10:26,622 - INFO - CONVERGENCE EPISODE 624: 0.0003 rad
2025-08-16 17:10:27,093 - INFO - CONVERGENCE EPISODE 625: 0.0008 rad
2025-08-16 17:10:27,094 - INFO -     625 | -1098.38 | 54210.712 |    0.0008 |   0.000 |  293.2s
2025-08-16 17:10:27,634 - INFO - CONVERGENCE EPISODE 626: 0.0006 rad
2025-08-16 17:10:27,895 - INFO - CONVERGENCE EPISODE 627: 0.0014 rad
2025-08-16 17:10:28,212 - INFO - CONVERGENCE EPISODE 628: 0.0005 rad
2025-08-16 17:10:28,599 - INFO - CONVERGENCE EPISODE 629: 0.0008 rad
2025-08-16 17:10:29,044 - INFO - CONVERGENCE EPISODE 630: 0.0027 rad
2025-08-16 17:10:29,604 - INFO - CONVERGENCE EPISODE 631: 0.0029 rad
2025-08-16 17:10:30,202 - INFO - CONVERGENCE EPISODE 632: 0.0013 rad
2025-08-16 17:10:30,610 - INFO - CONVERGENCE EPISODE 633: 0.0028 rad
2025-08-16 17:10:30,856 - INFO - CONVERGENCE EPISODE 634: 0.0021 rad
2025-08-16 17:10:31,273 - INFO - CONVERGENCE EPISODE 635: 0.0021 rad
2025-08-16 17:10:31,707 - INFO - CONVERGENCE EPISODE 636: 0.0027 rad
2025-08-16 17:10:32,496 - INFO - CONVERGENCE EPISODE 637: 0.0031 rad
2025-08-16 17:10:33,171 - INFO - CONVERGENCE EPISODE 638: 0.0013 rad
2025-08-16 17:10:33,702 - INFO - CONVERGENCE EPISODE 639: 0.0014 rad
2025-08-16 17:10:34,008 - INFO - CONVERGENCE EPISODE 640: 0.0031 rad
2025-08-16 17:10:34,544 - INFO - CONVERGENCE EPISODE 641: 0.0012 rad
2025-08-16 17:10:34,717 - INFO - CONVERGENCE EPISODE 642: 0.0028 rad
2025-08-16 17:10:35,307 - INFO - CONVERGENCE EPISODE 643: 0.0022 rad
2025-08-16 17:10:35,663 - INFO - CONVERGENCE EPISODE 644: 0.0011 rad
2025-08-16 17:10:36,097 - INFO - CONVERGENCE EPISODE 645: 0.0009 rad
2025-08-16 17:10:36,509 - INFO - CONVERGENCE EPISODE 646: 0.0025 rad
2025-08-16 17:10:37,017 - INFO - CONVERGENCE EPISODE 647: 0.0018 rad
2025-08-16 17:10:37,396 - INFO - CONVERGENCE EPISODE 648: 0.0000 rad
2025-08-16 17:10:37,810 - INFO - CONVERGENCE EPISODE 649: 0.0011 rad
2025-08-16 17:10:38,237 - INFO - CONVERGENCE EPISODE 650: 0.0020 rad
2025-08-16 17:10:38,237 - INFO -     650 | -1082.27 | 63762.147 |    0.0020 |   0.000 |  304.3s
2025-08-16 17:10:38,945 - INFO - CONVERGENCE EPISODE 651: 0.0025 rad
2025-08-16 17:10:39,336 - INFO - CONVERGENCE EPISODE 652: 0.0015 rad
2025-08-16 17:10:40,437 - INFO - CONVERGENCE EPISODE 653: 0.0018 rad
2025-08-16 17:10:41,252 - INFO - CONVERGENCE EPISODE 654: 0.0031 rad
2025-08-16 17:10:41,667 - INFO - CONVERGENCE EPISODE 655: 0.0011 rad
2025-08-16 17:10:41,980 - INFO - CONVERGENCE EPISODE 656: 0.0013 rad
2025-08-16 17:10:42,408 - INFO - CONVERGENCE EPISODE 657: 0.0003 rad
2025-08-16 17:10:42,763 - INFO - CONVERGENCE EPISODE 658: 0.0001 rad
2025-08-16 17:10:43,157 - INFO - CONVERGENCE EPISODE 659: 0.0021 rad
2025-08-16 17:10:43,581 - INFO - CONVERGENCE EPISODE 660: 0.0007 rad
2025-08-16 17:10:44,155 - INFO - CONVERGENCE EPISODE 661: 0.0021 rad
2025-08-16 17:10:44,873 - INFO - CONVERGENCE EPISODE 662: 0.0026 rad
2025-08-16 17:10:45,302 - INFO - CONVERGENCE EPISODE 663: 0.0004 rad
2025-08-16 17:10:45,743 - INFO - CONVERGENCE EPISODE 664: 0.0010 rad
2025-08-16 17:10:46,282 - INFO - CONVERGENCE EPISODE 665: 0.0019 rad
2025-08-16 17:10:47,014 - INFO - CONVERGENCE EPISODE 666: 0.0009 rad
2025-08-16 17:10:47,414 - INFO - CONVERGENCE EPISODE 667: 0.0029 rad
2025-08-16 17:10:47,842 - INFO - CONVERGENCE EPISODE 668: 0.0007 rad
2025-08-16 17:10:48,230 - INFO - CONVERGENCE EPISODE 669: 0.0005 rad
2025-08-16 17:10:48,628 - INFO - CONVERGENCE EPISODE 670: 0.0031 rad
2025-08-16 17:10:49,061 - INFO - CONVERGENCE EPISODE 671: 0.0021 rad
2025-08-16 17:10:49,442 - INFO - CONVERGENCE EPISODE 672: 0.0028 rad
2025-08-16 17:10:49,858 - INFO - CONVERGENCE EPISODE 673: 0.0013 rad
2025-08-16 17:10:50,606 - INFO - CONVERGENCE EPISODE 674: 0.0017 rad
2025-08-16 17:10:51,068 - INFO - CONVERGENCE EPISODE 675: 0.0005 rad
2025-08-16 17:10:51,068 - INFO -     675 | -989.47 | 54813.188 |    0.0005 |   0.000 |  317.1s
2025-08-16 17:10:51,902 - INFO - CONVERGENCE EPISODE 676: 0.0023 rad
2025-08-16 17:10:52,336 - INFO - CONVERGENCE EPISODE 677: 0.0025 rad
2025-08-16 17:10:52,881 - INFO - CONVERGENCE EPISODE 678: 0.0024 rad
2025-08-16 17:10:53,361 - INFO - CONVERGENCE EPISODE 679: 0.0030 rad
2025-08-16 17:10:53,614 - INFO - CONVERGENCE EPISODE 680: 0.0017 rad
2025-08-16 17:10:54,042 - INFO - CONVERGENCE EPISODE 681: 0.0029 rad
2025-08-16 17:10:54,455 - INFO - CONVERGENCE EPISODE 682: 0.0016 rad
2025-08-16 17:10:54,630 - INFO - CONVERGENCE EPISODE 683: 0.0028 rad
2025-08-16 17:10:55,067 - INFO - CONVERGENCE EPISODE 684: 0.0013 rad
2025-08-16 17:10:55,476 - INFO - CONVERGENCE EPISODE 685: 0.0016 rad
2025-08-16 17:10:56,013 - INFO - CONVERGENCE EPISODE 686: 0.0006 rad
2025-08-16 17:10:56,260 - INFO - CONVERGENCE EPISODE 687: 0.0003 rad
2025-08-16 17:10:56,813 - INFO - CONVERGENCE EPISODE 688: 0.0023 rad
2025-08-16 17:10:57,439 - INFO - CONVERGENCE EPISODE 689: 0.0023 rad
2025-08-16 17:10:57,845 - INFO - CONVERGENCE EPISODE 690: 0.0021 rad
2025-08-16 17:10:58,250 - INFO - CONVERGENCE EPISODE 691: 0.0003 rad
2025-08-16 17:10:59,030 - INFO - CONVERGENCE EPISODE 692: 0.0023 rad
2025-08-16 17:10:59,338 - INFO - CONVERGENCE EPISODE 693: 0.0006 rad
2025-08-16 17:10:59,710 - INFO - CONVERGENCE EPISODE 694: 0.0004 rad
2025-08-16 17:11:00,160 - INFO - CONVERGENCE EPISODE 695: 0.0020 rad
2025-08-16 17:11:00,678 - INFO - CONVERGENCE EPISODE 696: 0.0007 rad
2025-08-16 17:11:01,369 - INFO - CONVERGENCE EPISODE 697: 0.0028 rad
2025-08-16 17:11:02,014 - INFO - CONVERGENCE EPISODE 698: 0.0020 rad
2025-08-16 17:11:02,421 - INFO - CONVERGENCE EPISODE 699: 0.0004 rad
2025-08-16 17:11:02,932 - INFO - CONVERGENCE EPISODE 700: 0.0031 rad
2025-08-16 17:11:02,932 - INFO -     700 | -1025.62 | 51430.251 |    0.0031 |   0.000 |  329.0s
2025-08-16 17:11:03,368 - INFO - CONVERGENCE EPISODE 701: 0.0011 rad
2025-08-16 17:11:03,931 - INFO - CONVERGENCE EPISODE 702: 0.0005 rad
2025-08-16 17:11:04,318 - INFO - CONVERGENCE EPISODE 703: 0.0005 rad
2025-08-16 17:11:04,574 - INFO - CONVERGENCE EPISODE 704: 0.0013 rad
2025-08-16 17:11:05,269 - INFO - CONVERGENCE EPISODE 705: 0.0008 rad
2025-08-16 17:11:05,818 - INFO - CONVERGENCE EPISODE 706: 0.0026 rad
2025-08-16 17:11:06,437 - INFO - CONVERGENCE EPISODE 707: 0.0008 rad
2025-08-16 17:11:06,809 - INFO - CONVERGENCE EPISODE 708: 0.0009 rad
2025-08-16 17:11:07,175 - INFO - CONVERGENCE EPISODE 709: 0.0002 rad
2025-08-16 17:11:07,727 - INFO - CONVERGENCE EPISODE 710: 0.0006 rad
2025-08-16 17:11:08,568 - INFO - CONVERGENCE EPISODE 711: 0.0009 rad
2025-08-16 17:11:08,951 - INFO - CONVERGENCE EPISODE 712: 0.0022 rad
2025-08-16 17:11:09,492 - INFO - CONVERGENCE EPISODE 713: 0.0014 rad
2025-08-16 17:11:09,674 - INFO - CONVERGENCE EPISODE 714: 0.0007 rad
2025-08-16 17:11:10,210 - INFO - CONVERGENCE EPISODE 715: 0.0001 rad
2025-08-16 17:11:10,742 - INFO - CONVERGENCE EPISODE 716: 0.0025 rad
2025-08-16 17:11:11,265 - INFO - CONVERGENCE EPISODE 717: 0.0022 rad
2025-08-16 17:11:11,628 - INFO - CONVERGENCE EPISODE 718: 0.0005 rad
2025-08-16 17:11:12,068 - INFO - CONVERGENCE EPISODE 719: 0.0012 rad
2025-08-16 17:11:12,478 - INFO - CONVERGENCE EPISODE 720: 0.0031 rad
2025-08-16 17:11:13,280 - INFO - CONVERGENCE EPISODE 721: 0.0007 rad
2025-08-16 17:11:13,849 - INFO - CONVERGENCE EPISODE 722: 0.0007 rad
2025-08-16 17:11:14,371 - INFO - CONVERGENCE EPISODE 723: 0.0003 rad
2025-08-16 17:11:14,805 - INFO - CONVERGENCE EPISODE 724: 0.0019 rad
2025-08-16 17:11:14,969 - INFO - CONVERGENCE EPISODE 725: 0.0010 rad
2025-08-16 17:11:14,969 - INFO -     725 | -845.67 | 107303.811 |    0.0010 |   0.000 |  341.0s
2025-08-16 17:11:15,536 - INFO - CONVERGENCE EPISODE 726: 0.0000 rad
2025-08-16 17:11:15,958 - INFO - CONVERGENCE EPISODE 727: 0.0026 rad
2025-08-16 17:11:16,348 - INFO - CONVERGENCE EPISODE 728: 0.0026 rad
2025-08-16 17:11:16,797 - INFO - CONVERGENCE EPISODE 729: 0.0014 rad
2025-08-16 17:11:17,191 - INFO - CONVERGENCE EPISODE 730: 0.0018 rad
2025-08-16 17:11:17,569 - INFO - CONVERGENCE EPISODE 731: 0.0011 rad
2025-08-16 17:11:18,043 - INFO - CONVERGENCE EPISODE 732: 0.0006 rad
2025-08-16 17:11:18,459 - INFO - CONVERGENCE EPISODE 733: 0.0002 rad
2025-08-16 17:11:18,618 - INFO - CONVERGENCE EPISODE 734: 0.0001 rad
2025-08-16 17:11:19,327 - INFO - CONVERGENCE EPISODE 735: 0.0012 rad
2025-08-16 17:11:20,014 - INFO - CONVERGENCE EPISODE 736: 0.0004 rad
2025-08-16 17:11:20,556 - INFO - CONVERGENCE EPISODE 737: 0.0009 rad
2025-08-16 17:11:20,970 - INFO - CONVERGENCE EPISODE 738: 0.0003 rad
2025-08-16 17:11:21,462 - INFO - CONVERGENCE EPISODE 739: 0.0013 rad
2025-08-16 17:11:22,107 - INFO - CONVERGENCE EPISODE 740: 0.0017 rad
2025-08-16 17:11:22,552 - INFO - CONVERGENCE EPISODE 741: 0.0031 rad
2025-08-16 17:11:22,976 - INFO - CONVERGENCE EPISODE 742: 0.0015 rad
2025-08-16 17:11:23,363 - INFO - CONVERGENCE EPISODE 743: 0.0012 rad
2025-08-16 17:11:23,874 - INFO - CONVERGENCE EPISODE 744: 0.0017 rad
2025-08-16 17:11:24,288 - INFO - CONVERGENCE EPISODE 745: 0.0013 rad
2025-08-16 17:11:24,768 - INFO - CONVERGENCE EPISODE 746: 0.0002 rad
2025-08-16 17:11:25,320 - INFO - CONVERGENCE EPISODE 747: 0.0014 rad
2025-08-16 17:11:25,737 - INFO - CONVERGENCE EPISODE 748: 0.0005 rad
2025-08-16 17:11:26,137 - INFO - CONVERGENCE EPISODE 749: 0.0005 rad
2025-08-16 17:11:26,483 - INFO - CONVERGENCE EPISODE 750: 0.0027 rad
2025-08-16 17:11:26,483 - INFO - 
2025-08-16 17:11:26,483 - INFO - MILESTONE 750 ANALYSIS:
2025-08-16 17:11:26,483 - INFO -   Recent 50 episodes avg position error: 0.0012 ± 0.0008 rad
2025-08-16 17:11:26,483 - INFO -   Recent 50 episodes avg cost: 60335.121
2025-08-16 17:11:26,483 - INFO -   Recent 50 episodes success rate: 0.00%
2025-08-16 17:11:26,483 - INFO -   Convergent episodes ratio (< 0.5 rad): 100.00%
2025-08-16 17:11:26,483 - INFO -   Total convergent episodes so far: 744
2025-08-16 17:11:26,483 - INFO -   Best performance: 0.0000 rad at episode 487
2025-08-16 17:11:26,483 - INFO -   Stable performance maintained since episode 9
2025-08-16 17:11:26,484 - INFO - 
2025-08-16 17:11:26,484 - INFO -     750 | -970.58 | 64607.369 |    0.0027 |   0.000 |  352.6s
2025-08-16 17:11:27,248 - INFO - CONVERGENCE EPISODE 751: 0.0007 rad
2025-08-16 17:11:27,761 - INFO - CONVERGENCE EPISODE 752: 0.0021 rad
2025-08-16 17:11:28,141 - INFO - CONVERGENCE EPISODE 753: 0.0006 rad
2025-08-16 17:11:28,598 - INFO - CONVERGENCE EPISODE 754: 0.0018 rad
2025-08-16 17:11:28,862 - INFO - CONVERGENCE EPISODE 755: 0.0014 rad
2025-08-16 17:11:29,213 - INFO - CONVERGENCE EPISODE 756: 0.0011 rad
2025-08-16 17:11:29,952 - INFO - CONVERGENCE EPISODE 757: 0.0025 rad
2025-08-16 17:11:30,273 - INFO - CONVERGENCE EPISODE 758: 0.0002 rad
2025-08-16 17:11:30,737 - INFO - CONVERGENCE EPISODE 759: 0.0009 rad
2025-08-16 17:11:31,141 - INFO - CONVERGENCE EPISODE 760: 0.0030 rad
2025-08-16 17:11:31,770 - INFO - CONVERGENCE EPISODE 761: 0.0026 rad
2025-08-16 17:11:32,109 - INFO - CONVERGENCE EPISODE 762: 0.0003 rad
2025-08-16 17:11:32,801 - INFO - CONVERGENCE EPISODE 763: 0.0004 rad
2025-08-16 17:11:33,593 - INFO - CONVERGENCE EPISODE 764: 0.0016 rad
2025-08-16 17:11:33,989 - INFO - CONVERGENCE EPISODE 765: 0.0018 rad
2025-08-16 17:11:34,608 - INFO - CONVERGENCE EPISODE 766: 0.0028 rad
2025-08-16 17:11:35,217 - INFO - CONVERGENCE EPISODE 767: 0.0029 rad
2025-08-16 17:11:35,527 - INFO - CONVERGENCE EPISODE 768: 0.0020 rad
2025-08-16 17:11:35,927 - INFO - CONVERGENCE EPISODE 769: 0.0014 rad
2025-08-16 17:11:36,395 - INFO - CONVERGENCE EPISODE 770: 0.0000 rad
2025-08-16 17:11:36,671 - INFO - CONVERGENCE EPISODE 771: 0.0011 rad
2025-08-16 17:11:37,346 - INFO - CONVERGENCE EPISODE 772: 0.0027 rad
2025-08-16 17:11:37,924 - INFO - CONVERGENCE EPISODE 773: 0.0002 rad
2025-08-16 17:11:38,181 - INFO - CONVERGENCE EPISODE 774: 0.0001 rad
2025-08-16 17:11:38,566 - INFO - CONVERGENCE EPISODE 775: 0.0017 rad
2025-08-16 17:11:38,566 - INFO -     775 | -984.97 | 54730.515 |    0.0017 |   0.000 |  364.6s
2025-08-16 17:11:38,965 - INFO - CONVERGENCE EPISODE 776: 0.0023 rad
2025-08-16 17:11:39,858 - INFO - CONVERGENCE EPISODE 777: 0.0017 rad
2025-08-16 17:11:40,396 - INFO - CONVERGENCE EPISODE 778: 0.0004 rad
2025-08-16 17:11:40,703 - INFO - CONVERGENCE EPISODE 779: 0.0024 rad
2025-08-16 17:11:41,103 - INFO - CONVERGENCE EPISODE 780: 0.0028 rad
2025-08-16 17:11:41,560 - INFO - CONVERGENCE EPISODE 781: 0.0028 rad
2025-08-16 17:11:41,939 - INFO - CONVERGENCE EPISODE 782: 0.0022 rad
2025-08-16 17:11:42,379 - INFO - CONVERGENCE EPISODE 783: 0.0026 rad
2025-08-16 17:11:42,921 - INFO - CONVERGENCE EPISODE 784: 0.0007 rad
2025-08-16 17:11:43,657 - INFO - CONVERGENCE EPISODE 785: 0.0027 rad
2025-08-16 17:11:44,229 - INFO - CONVERGENCE EPISODE 786: 0.0009 rad
2025-08-16 17:11:44,932 - INFO - CONVERGENCE EPISODE 787: 0.0027 rad
2025-08-16 17:11:45,737 - INFO - CONVERGENCE EPISODE 788: 0.0012 rad
2025-08-16 17:11:46,179 - INFO - CONVERGENCE EPISODE 789: 0.0029 rad
2025-08-16 17:11:46,597 - INFO - CONVERGENCE EPISODE 790: 0.0022 rad
2025-08-16 17:11:47,067 - INFO - CONVERGENCE EPISODE 791: 0.0014 rad
2025-08-16 17:11:47,548 - INFO - CONVERGENCE EPISODE 792: 0.0023 rad
2025-08-16 17:11:48,133 - INFO - CONVERGENCE EPISODE 793: 0.0008 rad
2025-08-16 17:11:48,626 - INFO - CONVERGENCE EPISODE 794: 0.0028 rad
2025-08-16 17:11:49,403 - INFO - CONVERGENCE EPISODE 795: 0.0001 rad
2025-08-16 17:11:49,897 - INFO - CONVERGENCE EPISODE 796: 0.0002 rad
2025-08-16 17:11:50,070 - INFO - CONVERGENCE EPISODE 797: 0.0017 rad
2025-08-16 17:11:50,469 - INFO - CONVERGENCE EPISODE 798: 0.0028 rad
2025-08-16 17:11:50,979 - INFO - CONVERGENCE EPISODE 799: 0.0013 rad
2025-08-16 17:11:51,482 - INFO - CONVERGENCE EPISODE 800: 0.0017 rad
2025-08-16 17:11:51,482 - INFO -     800 | -992.56 | 47285.387 |    0.0017 |   0.000 |  377.6s
2025-08-16 17:11:51,891 - INFO - CONVERGENCE EPISODE 801: 0.0000 rad
2025-08-16 17:11:52,448 - INFO - CONVERGENCE EPISODE 802: 0.0009 rad
2025-08-16 17:11:52,828 - INFO - CONVERGENCE EPISODE 803: 0.0010 rad
2025-08-16 17:11:53,241 - INFO - CONVERGENCE EPISODE 804: 0.0014 rad
2025-08-16 17:11:53,610 - INFO - CONVERGENCE EPISODE 805: 0.0013 rad
2025-08-16 17:11:54,172 - INFO - CONVERGENCE EPISODE 806: 0.0009 rad
2025-08-16 17:11:54,859 - INFO - CONVERGENCE EPISODE 807: 0.0009 rad
2025-08-16 17:11:55,140 - INFO - CONVERGENCE EPISODE 808: 0.0028 rad
2025-08-16 17:11:55,496 - INFO - CONVERGENCE EPISODE 809: 0.0004 rad
2025-08-16 17:11:55,842 - INFO - CONVERGENCE EPISODE 810: 0.0018 rad
2025-08-16 17:11:56,235 - INFO - CONVERGENCE EPISODE 811: 0.0002 rad
2025-08-16 17:11:56,684 - INFO - CONVERGENCE EPISODE 812: 0.0015 rad
2025-08-16 17:11:57,416 - INFO - CONVERGENCE EPISODE 813: 0.0019 rad
2025-08-16 17:11:57,931 - INFO - CONVERGENCE EPISODE 814: 0.0024 rad
2025-08-16 17:11:58,305 - INFO - CONVERGENCE EPISODE 815: 0.0024 rad
2025-08-16 17:11:58,699 - INFO - CONVERGENCE EPISODE 816: 0.0026 rad
2025-08-16 17:11:59,084 - INFO - CONVERGENCE EPISODE 817: 0.0020 rad
2025-08-16 17:11:59,671 - INFO - CONVERGENCE EPISODE 818: 0.0024 rad
2025-08-16 17:11:59,987 - INFO - CONVERGENCE EPISODE 819: 0.0008 rad
2025-08-16 17:12:00,386 - INFO - CONVERGENCE EPISODE 820: 0.0026 rad
2025-08-16 17:12:01,070 - INFO - CONVERGENCE EPISODE 821: 0.0005 rad
2025-08-16 17:12:01,686 - INFO - CONVERGENCE EPISODE 822: 0.0028 rad
2025-08-16 17:12:02,118 - INFO - CONVERGENCE EPISODE 823: 0.0011 rad
2025-08-16 17:12:03,476 - INFO - CONVERGENCE EPISODE 824: 0.0005 rad
2025-08-16 17:12:03,782 - INFO - CONVERGENCE EPISODE 825: 0.0006 rad
2025-08-16 17:12:03,782 - INFO -     825 | -965.61 | 68904.964 |    0.0006 |   0.000 |  389.9s
2025-08-16 17:12:04,336 - INFO - CONVERGENCE EPISODE 826: 0.0025 rad
2025-08-16 17:12:04,788 - INFO - CONVERGENCE EPISODE 827: 0.0001 rad
2025-08-16 17:12:04,970 - INFO - CONVERGENCE EPISODE 828: 0.0020 rad
2025-08-16 17:12:05,335 - INFO - CONVERGENCE EPISODE 829: 0.0030 rad
2025-08-16 17:12:06,139 - INFO - CONVERGENCE EPISODE 830: 0.0018 rad
2025-08-16 17:12:06,391 - INFO - CONVERGENCE EPISODE 831: 0.0016 rad
2025-08-16 17:12:06,743 - INFO - CONVERGENCE EPISODE 832: 0.0005 rad
2025-08-16 17:12:06,976 - INFO - CONVERGENCE EPISODE 833: 0.0027 rad
2025-08-16 17:12:07,147 - INFO - CONVERGENCE EPISODE 834: 0.0009 rad
2025-08-16 17:12:07,580 - INFO - CONVERGENCE EPISODE 835: 0.0030 rad
2025-08-16 17:12:08,147 - INFO - CONVERGENCE EPISODE 836: 0.0016 rad
2025-08-16 17:12:08,636 - INFO - CONVERGENCE EPISODE 837: 0.0009 rad
2025-08-16 17:12:09,110 - INFO - CONVERGENCE EPISODE 838: 0.0001 rad
2025-08-16 17:12:09,277 - INFO - CONVERGENCE EPISODE 839: 0.0002 rad
2025-08-16 17:12:09,710 - INFO - CONVERGENCE EPISODE 840: 0.0031 rad
2025-08-16 17:12:10,302 - INFO - CONVERGENCE EPISODE 841: 0.0011 rad
2025-08-16 17:12:10,667 - INFO - CONVERGENCE EPISODE 842: 0.0022 rad
2025-08-16 17:12:11,109 - INFO - CONVERGENCE EPISODE 843: 0.0020 rad
2025-08-16 17:12:11,534 - INFO - CONVERGENCE EPISODE 844: 0.0000 rad
2025-08-16 17:12:12,178 - INFO - CONVERGENCE EPISODE 845: 0.0025 rad
2025-08-16 17:12:12,555 - INFO - CONVERGENCE EPISODE 846: 0.0020 rad
2025-08-16 17:12:13,021 - INFO - CONVERGENCE EPISODE 847: 0.0022 rad
2025-08-16 17:12:13,609 - INFO - CONVERGENCE EPISODE 848: 0.0028 rad
2025-08-16 17:12:13,970 - INFO - CONVERGENCE EPISODE 849: 0.0010 rad
2025-08-16 17:12:14,337 - INFO - CONVERGENCE EPISODE 850: 0.0006 rad
2025-08-16 17:12:14,337 - INFO -     850 | -968.66 | 57070.742 |    0.0006 |   0.000 |  400.4s
2025-08-16 17:12:14,902 - INFO - CONVERGENCE EPISODE 851: 0.0006 rad
2025-08-16 17:12:15,348 - INFO - CONVERGENCE EPISODE 852: 0.0010 rad
2025-08-16 17:12:15,884 - INFO - CONVERGENCE EPISODE 853: 0.0007 rad
2025-08-16 17:12:16,313 - INFO - CONVERGENCE EPISODE 854: 0.0031 rad
2025-08-16 17:12:16,762 - INFO - CONVERGENCE EPISODE 855: 0.0007 rad
2025-08-16 17:12:17,074 - INFO - CONVERGENCE EPISODE 856: 0.0012 rad
2025-08-16 17:12:17,656 - INFO - CONVERGENCE EPISODE 857: 0.0014 rad
2025-08-16 17:12:18,115 - INFO - CONVERGENCE EPISODE 858: 0.0027 rad
2025-08-16 17:12:18,611 - INFO - CONVERGENCE EPISODE 859: 0.0019 rad
2025-08-16 17:12:19,065 - INFO - CONVERGENCE EPISODE 860: 0.0021 rad
2025-08-16 17:12:19,893 - INFO - CONVERGENCE EPISODE 861: 0.0023 rad
2025-08-16 17:12:20,343 - INFO - CONVERGENCE EPISODE 862: 0.0003 rad
2025-08-16 17:12:20,737 - INFO - CONVERGENCE EPISODE 863: 0.0025 rad
2025-08-16 17:12:21,143 - INFO - CONVERGENCE EPISODE 864: 0.0007 rad
2025-08-16 17:12:21,574 - INFO - CONVERGENCE EPISODE 865: 0.0002 rad
2025-08-16 17:12:22,077 - INFO - CONVERGENCE EPISODE 866: 0.0013 rad
2025-08-16 17:12:22,521 - INFO - CONVERGENCE EPISODE 867: 0.0019 rad
2025-08-16 17:12:22,765 - INFO - CONVERGENCE EPISODE 868: 0.0003 rad
2025-08-16 17:12:23,191 - INFO - CONVERGENCE EPISODE 869: 0.0022 rad
2025-08-16 17:12:23,557 - INFO - CONVERGENCE EPISODE 870: 0.0029 rad
2025-08-16 17:12:24,035 - INFO - CONVERGENCE EPISODE 871: 0.0028 rad
2025-08-16 17:12:24,206 - INFO - CONVERGENCE EPISODE 872: 0.0002 rad
2025-08-16 17:12:24,603 - INFO - CONVERGENCE EPISODE 873: 0.0017 rad
2025-08-16 17:12:25,098 - INFO - CONVERGENCE EPISODE 874: 0.0025 rad
2025-08-16 17:12:25,769 - INFO - CONVERGENCE EPISODE 875: 0.0017 rad
2025-08-16 17:12:25,770 - INFO -     875 | -1140.93 | 49658.018 |    0.0017 |   0.000 |  411.8s
2025-08-16 17:12:25,930 - INFO - CONVERGENCE EPISODE 876: 0.0010 rad
2025-08-16 17:12:26,390 - INFO - CONVERGENCE EPISODE 877: 0.0027 rad
2025-08-16 17:12:26,698 - INFO - CONVERGENCE EPISODE 878: 0.0027 rad
2025-08-16 17:12:26,995 - INFO - CONVERGENCE EPISODE 879: 0.0008 rad
2025-08-16 17:12:27,298 - INFO - CONVERGENCE EPISODE 880: 0.0007 rad
2025-08-16 17:12:27,837 - INFO - CONVERGENCE EPISODE 881: 0.0018 rad
2025-08-16 17:12:28,559 - INFO - CONVERGENCE EPISODE 882: 0.0029 rad
2025-08-16 17:12:29,046 - INFO - CONVERGENCE EPISODE 883: 0.0023 rad
2025-08-16 17:12:29,453 - INFO - CONVERGENCE EPISODE 884: 0.0011 rad
2025-08-16 17:12:30,080 - INFO - CONVERGENCE EPISODE 885: 0.0028 rad
2025-08-16 17:12:30,703 - INFO - CONVERGENCE EPISODE 886: 0.0013 rad
2025-08-16 17:12:31,110 - INFO - CONVERGENCE EPISODE 887: 0.0009 rad
2025-08-16 17:12:31,601 - INFO - CONVERGENCE EPISODE 888: 0.0021 rad
2025-08-16 17:12:32,122 - INFO - CONVERGENCE EPISODE 889: 0.0003 rad
2025-08-16 17:12:32,568 - INFO - CONVERGENCE EPISODE 890: 0.0015 rad
2025-08-16 17:12:32,928 - INFO - CONVERGENCE EPISODE 891: 0.0007 rad
2025-08-16 17:12:33,467 - INFO - CONVERGENCE EPISODE 892: 0.0016 rad
2025-08-16 17:12:33,731 - INFO - CONVERGENCE EPISODE 893: 0.0023 rad
2025-08-16 17:12:33,891 - INFO - CONVERGENCE EPISODE 894: 0.0019 rad
2025-08-16 17:12:34,403 - INFO - CONVERGENCE EPISODE 895: 0.0013 rad
2025-08-16 17:12:34,857 - INFO - CONVERGENCE EPISODE 896: 0.0003 rad
2025-08-16 17:12:35,337 - INFO - CONVERGENCE EPISODE 897: 0.0029 rad
2025-08-16 17:12:35,696 - INFO - CONVERGENCE EPISODE 898: 0.0003 rad
2025-08-16 17:12:36,031 - INFO - CONVERGENCE EPISODE 899: 0.0024 rad
2025-08-16 17:12:36,440 - INFO - CONVERGENCE EPISODE 900: 0.0007 rad
2025-08-16 17:12:36,441 - INFO -     900 | -978.29 | 61006.028 |    0.0007 |   0.000 |  422.5s
2025-08-16 17:12:36,695 - INFO - CONVERGENCE EPISODE 901: 0.0014 rad
2025-08-16 17:12:37,089 - INFO - CONVERGENCE EPISODE 902: 0.0021 rad
2025-08-16 17:12:37,778 - INFO - CONVERGENCE EPISODE 903: 0.0020 rad
2025-08-16 17:12:38,021 - INFO - CONVERGENCE EPISODE 904: 0.0028 rad
2025-08-16 17:12:38,328 - INFO - CONVERGENCE EPISODE 905: 0.0014 rad
2025-08-16 17:12:38,801 - INFO - CONVERGENCE EPISODE 906: 0.0018 rad
2025-08-16 17:12:39,209 - INFO - CONVERGENCE EPISODE 907: 0.0018 rad
2025-08-16 17:12:39,378 - INFO - CONVERGENCE EPISODE 908: 0.0021 rad
2025-08-16 17:12:39,790 - INFO - CONVERGENCE EPISODE 909: 0.0002 rad
2025-08-16 17:12:40,420 - INFO - CONVERGENCE EPISODE 910: 0.0019 rad
2025-08-16 17:12:41,119 - INFO - CONVERGENCE EPISODE 911: 0.0012 rad
2025-08-16 17:12:41,585 - INFO - CONVERGENCE EPISODE 912: 0.0006 rad
2025-08-16 17:12:42,053 - INFO - CONVERGENCE EPISODE 913: 0.0024 rad
2025-08-16 17:12:42,408 - INFO - CONVERGENCE EPISODE 914: 0.0021 rad
2025-08-16 17:12:42,805 - INFO - CONVERGENCE EPISODE 915: 0.0019 rad
2025-08-16 17:12:43,283 - INFO - CONVERGENCE EPISODE 916: 0.0020 rad
2025-08-16 17:12:44,318 - INFO - CONVERGENCE EPISODE 917: 0.0022 rad
2025-08-16 17:12:44,904 - INFO - CONVERGENCE EPISODE 918: 0.0014 rad
2025-08-16 17:12:45,280 - INFO - CONVERGENCE EPISODE 919: 0.0015 rad
2025-08-16 17:12:45,700 - INFO - CONVERGENCE EPISODE 920: 0.0016 rad
2025-08-16 17:12:46,453 - INFO - CONVERGENCE EPISODE 921: 0.0031 rad
2025-08-16 17:12:46,842 - INFO - CONVERGENCE EPISODE 922: 0.0007 rad
2025-08-16 17:12:46,998 - INFO - CONVERGENCE EPISODE 923: 0.0020 rad
2025-08-16 17:12:47,247 - INFO - CONVERGENCE EPISODE 924: 0.0010 rad
2025-08-16 17:12:47,671 - INFO - CONVERGENCE EPISODE 925: 0.0022 rad
2025-08-16 17:12:47,671 - INFO -     925 | -975.54 | 56571.095 |    0.0022 |   0.000 |  433.7s
2025-08-16 17:12:48,066 - INFO - CONVERGENCE EPISODE 926: 0.0004 rad
2025-08-16 17:12:48,689 - INFO - CONVERGENCE EPISODE 927: 0.0002 rad
2025-08-16 17:12:48,849 - INFO - CONVERGENCE EPISODE 928: 0.0013 rad
2025-08-16 17:12:49,298 - INFO - CONVERGENCE EPISODE 929: 0.0014 rad
2025-08-16 17:12:49,963 - INFO - CONVERGENCE EPISODE 930: 0.0015 rad
2025-08-16 17:12:50,285 - INFO - CONVERGENCE EPISODE 931: 0.0020 rad
2025-08-16 17:12:50,716 - INFO - CONVERGENCE EPISODE 932: 0.0029 rad
2025-08-16 17:12:50,870 - INFO - CONVERGENCE EPISODE 933: 0.0018 rad
2025-08-16 17:12:51,655 - INFO - CONVERGENCE EPISODE 934: 0.0024 rad
2025-08-16 17:12:52,221 - INFO - CONVERGENCE EPISODE 935: 0.0001 rad
2025-08-16 17:12:52,530 - INFO - CONVERGENCE EPISODE 936: 0.0007 rad
2025-08-16 17:12:53,035 - INFO - CONVERGENCE EPISODE 937: 0.0016 rad
2025-08-16 17:12:53,273 - INFO - CONVERGENCE EPISODE 938: 0.0004 rad
2025-08-16 17:12:53,675 - INFO - CONVERGENCE EPISODE 939: 0.0001 rad
2025-08-16 17:12:54,123 - INFO - CONVERGENCE EPISODE 940: 0.0027 rad
2025-08-16 17:12:54,508 - INFO - CONVERGENCE EPISODE 941: 0.0011 rad
2025-08-16 17:12:55,141 - INFO - CONVERGENCE EPISODE 942: 0.0017 rad
2025-08-16 17:12:55,300 - INFO - CONVERGENCE EPISODE 943: 0.0028 rad
2025-08-16 17:12:55,605 - INFO - CONVERGENCE EPISODE 944: 0.0031 rad
2025-08-16 17:12:56,083 - INFO - CONVERGENCE EPISODE 945: 0.0031 rad
2025-08-16 17:12:56,918 - INFO - CONVERGENCE EPISODE 946: 0.0025 rad
2025-08-16 17:12:57,320 - INFO - CONVERGENCE EPISODE 947: 0.0029 rad
2025-08-16 17:12:57,688 - INFO - CONVERGENCE EPISODE 948: 0.0018 rad
2025-08-16 17:12:58,095 - INFO - CONVERGENCE EPISODE 949: 0.0004 rad
2025-08-16 17:12:58,481 - INFO - CONVERGENCE EPISODE 950: 0.0028 rad
2025-08-16 17:12:58,482 - INFO -     950 | -971.73 | 61448.810 |    0.0028 |   0.000 |  444.6s
2025-08-16 17:12:58,861 - INFO - CONVERGENCE EPISODE 951: 0.0029 rad
2025-08-16 17:12:59,207 - INFO - CONVERGENCE EPISODE 952: 0.0013 rad
2025-08-16 17:12:59,867 - INFO - CONVERGENCE EPISODE 953: 0.0013 rad
2025-08-16 17:13:00,228 - INFO - CONVERGENCE EPISODE 954: 0.0027 rad
2025-08-16 17:13:00,813 - INFO - CONVERGENCE EPISODE 955: 0.0026 rad
2025-08-16 17:13:01,271 - INFO - CONVERGENCE EPISODE 956: 0.0003 rad
2025-08-16 17:13:01,616 - INFO - CONVERGENCE EPISODE 957: 0.0026 rad
2025-08-16 17:13:02,023 - INFO - CONVERGENCE EPISODE 958: 0.0021 rad
2025-08-16 17:13:02,405 - INFO - CONVERGENCE EPISODE 959: 0.0018 rad
2025-08-16 17:13:02,831 - INFO - CONVERGENCE EPISODE 960: 0.0014 rad
2025-08-16 17:13:03,272 - INFO - CONVERGENCE EPISODE 961: 0.0018 rad
2025-08-16 17:13:03,897 - INFO - CONVERGENCE EPISODE 962: 0.0003 rad
2025-08-16 17:13:04,498 - INFO - CONVERGENCE EPISODE 963: 0.0013 rad
2025-08-16 17:13:05,169 - INFO - CONVERGENCE EPISODE 964: 0.0003 rad
2025-08-16 17:13:05,420 - INFO - CONVERGENCE EPISODE 965: 0.0011 rad
2025-08-16 17:13:05,809 - INFO - CONVERGENCE EPISODE 966: 0.0031 rad
2025-08-16 17:13:06,282 - INFO - CONVERGENCE EPISODE 967: 0.0021 rad
2025-08-16 17:13:07,069 - INFO - CONVERGENCE EPISODE 968: 0.0028 rad
2025-08-16 17:13:07,393 - INFO - CONVERGENCE EPISODE 969: 0.0015 rad
2025-08-16 17:13:07,722 - INFO - CONVERGENCE EPISODE 970: 0.0009 rad
2025-08-16 17:13:08,367 - INFO - CONVERGENCE EPISODE 971: 0.0018 rad
2025-08-16 17:13:09,082 - INFO - CONVERGENCE EPISODE 972: 0.0025 rad
2025-08-16 17:13:09,245 - INFO - CONVERGENCE EPISODE 973: 0.0019 rad
2025-08-16 17:13:09,641 - INFO - CONVERGENCE EPISODE 974: 0.0001 rad
2025-08-16 17:13:09,958 - INFO - CONVERGENCE EPISODE 975: 0.0012 rad
2025-08-16 17:13:09,958 - INFO -     975 | -965.37 | 67205.942 |    0.0012 |   0.000 |  456.0s
2025-08-16 17:13:10,471 - INFO - CONVERGENCE EPISODE 976: 0.0010 rad
2025-08-16 17:13:10,634 - INFO - CONVERGENCE EPISODE 977: 0.0012 rad
2025-08-16 17:13:11,008 - INFO - CONVERGENCE EPISODE 978: 0.0000 rad
2025-08-16 17:13:11,512 - INFO - CONVERGENCE EPISODE 979: 0.0025 rad
2025-08-16 17:13:12,044 - INFO - CONVERGENCE EPISODE 980: 0.0030 rad
2025-08-16 17:13:12,351 - INFO - CONVERGENCE EPISODE 981: 0.0028 rad
2025-08-16 17:13:12,662 - INFO - CONVERGENCE EPISODE 982: 0.0030 rad
2025-08-16 17:13:13,080 - INFO - CONVERGENCE EPISODE 983: 0.0031 rad
2025-08-16 17:13:13,621 - INFO - CONVERGENCE EPISODE 984: 0.0024 rad
2025-08-16 17:13:13,785 - INFO - CONVERGENCE EPISODE 985: 0.0020 rad
2025-08-16 17:13:14,242 - INFO - CONVERGENCE EPISODE 986: 0.0004 rad
2025-08-16 17:13:14,663 - INFO - CONVERGENCE EPISODE 987: 0.0008 rad
2025-08-16 17:13:15,066 - INFO - CONVERGENCE EPISODE 988: 0.0010 rad
2025-08-16 17:13:15,744 - INFO - CONVERGENCE EPISODE 989: 0.0013 rad
2025-08-16 17:13:16,189 - INFO - CONVERGENCE EPISODE 990: 0.0002 rad
2025-08-16 17:13:16,635 - INFO - CONVERGENCE EPISODE 991: 0.0008 rad
2025-08-16 17:13:17,153 - INFO - CONVERGENCE EPISODE 992: 0.0007 rad
2025-08-16 17:13:18,030 - INFO - CONVERGENCE EPISODE 993: 0.0020 rad
2025-08-16 17:13:18,440 - INFO - CONVERGENCE EPISODE 994: 0.0012 rad
2025-08-16 17:13:18,686 - INFO - CONVERGENCE EPISODE 995: 0.0014 rad
2025-08-16 17:13:19,402 - INFO - CONVERGENCE EPISODE 996: 0.0007 rad
2025-08-16 17:13:20,104 - INFO - CONVERGENCE EPISODE 997: 0.0003 rad
2025-08-16 17:13:20,666 - INFO - CONVERGENCE EPISODE 998: 0.0005 rad
2025-08-16 17:13:20,924 - INFO - CONVERGENCE EPISODE 999: 0.0006 rad
2025-08-16 17:13:20,924 - INFO - 
================================================================================
2025-08-16 17:13:20,924 - INFO - TRAINING COMPLETED - FINAL ANALYSIS
2025-08-16 17:13:20,924 - INFO - ================================================================================
2025-08-16 17:13:20,924 - INFO - Total training time: 467.0 seconds (7.8 minutes)
2025-08-16 17:13:20,924 - INFO - Final episode reward: -1053.79
2025-08-16 17:13:20,924 - INFO - Final position error: 0.0006 rad
2025-08-16 17:13:20,924 - INFO - Final success rate: 0.000
2025-08-16 17:13:20,924 - INFO - Best position error achieved: 0.0000 rad at episode 487
2025-08-16 17:13:20,924 - INFO - Total convergent episodes (< 0.5 rad): 993/1000 (99.30%)
2025-08-16 17:13:20,924 - INFO - Recent success rate (last 100 episodes): 0.00%
2025-08-16 17:13:20,924 - INFO - Stable performance achieved: Yes (from episode 9, duration: 991 episodes)
2025-08-16 17:13:20,925 - INFO - Position error statistics:
2025-08-16 17:13:20,925 - INFO -   Mean: 0.0168 rad (1.0°)
2025-08-16 17:13:20,925 - INFO -   Std:  0.1949 rad (11.2°)
2025-08-16 17:13:20,925 - INFO -   Min:  0.0000 rad (0.0°)
2025-08-16 17:13:20,925 - INFO -   Max:  3.1124 rad (178.3°)
2025-08-16 17:13:20,925 - INFO -   Median: 0.0015 rad (0.1°)
2025-08-16 17:13:20,925 - INFO - Performance distribution:
2025-08-16 17:13:20,925 - INFO -   Excellent (< 0.1 rad / 5.7°): 993 episodes (99.3%)
2025-08-16 17:13:20,925 - INFO -   Good (0.1-0.3 rad / 5.7°-17.2°): 0 episodes (0.0%)
2025-08-16 17:13:20,925 - INFO -   Acceptable (0.3-0.5 rad / 17.2°-28.6°): 0 episodes (0.0%)
2025-08-16 17:13:20,925 - INFO -   Poor (> 0.5 rad / 28.6°): 7 episodes (0.7%)
2025-08-16 17:13:20,925 - INFO - 
TRAINING CONFIGURATION EFFECTIVENESS:
2025-08-16 17:13:20,926 - INFO - ----------------------------------------
2025-08-16 17:13:20,926 - INFO - Episodes needed for first convergence: 5
2025-08-16 17:13:20,926 - INFO - Excitation phase ended at episode: 100
2025-08-16 17:13:20,938 - INFO - Training metrics saved to: /home/osos/Mohamed_Masters_Thesis/DHP_pendulum/training_logs/dhp_pendulum_metrics_20250816_171320.json
2025-08-16 17:13:20,938 - INFO - 
BEST MODEL CONFIRMED:
2025-08-16 17:13:20,938 - INFO -   Episode: 487
2025-08-16 17:13:20,938 - INFO -   Position Error: 0.0000 rad (0.0°)
2025-08-16 17:13:20,938 - INFO -   Model files: dhp_pendulum_best_*
2025-08-16 17:13:20,939 - INFO - ================================================================================
2025-08-16 17:13:20,939 - INFO - TRAINING SESSION COMPLETED
2025-08-16 17:13:20,939 - INFO - Detailed log saved to: /home/osos/Mohamed_Masters_Thesis/DHP_pendulum/training_logs/dhp_pendulum_training_20250816_170533.log
2025-08-16 17:13:20,939 - INFO - ================================================================================
2025-08-16 17:13:20,941 - ERROR - Failed to record session-best episode 487: not enough values to unpack (expected 5, got 4)
2025-08-16 17:13:21,006 - INFO - Model saved with state normalization ENABLED
