2025-08-16 13:28:26,886 - INFO - ================================================================================
2025-08-16 13:28:26,886 - INFO - DHP PENDULUM TRAINING SESSION STARTED
2025-08-16 13:28:26,886 - INFO - ================================================================================
2025-08-16 13:28:26,886 - INFO - HYPERPARAMETERS:
2025-08-16 13:28:26,886 - INFO - ----------------------------------------
2025-08-16 13:28:26,886 - INFO - action_size              : 1
2025-08-16 13:28:26,886 - INFO - activation               : tanh
2025-08-16 13:28:26,886 - INFO - best_episode_gui         : False
2025-08-16 13:28:26,886 - INFO - episode_length           : 200
2025-08-16 13:28:26,886 - INFO - excitation_amplitude     : 0.2
2025-08-16 13:28:26,887 - INFO - excitation_steps         : 7500
2025-08-16 13:28:26,887 - INFO - gamma                    : 0.95
2025-08-16 13:28:26,887 - INFO - gui                      : False
2025-08-16 13:28:26,887 - INFO - hidden_layer_size        : [64, 64, 32]
2025-08-16 13:28:26,887 - INFO - log_interval             : 50
2025-08-16 13:28:26,887 - INFO - lr_actor                 : 0.005
2025-08-16 13:28:26,887 - INFO - lr_critic                : 0.01
2025-08-16 13:28:26,887 - INFO - max_steps                : 200
2025-08-16 13:28:26,887 - INFO - normalize_states         : True
2025-08-16 13:28:26,887 - INFO - num_episodes             : 1500
2025-08-16 13:28:26,887 - INFO - predict_delta            : False
2025-08-16 13:28:26,887 - INFO - record                   : False
2025-08-16 13:28:26,887 - INFO - record_best_episodes     : True
2025-08-16 13:28:26,887 - INFO - recording_fps            : 30
2025-08-16 13:28:26,887 - INFO - reference_size           : 2
2025-08-16 13:28:26,887 - INFO - rls_action_size          : 1
2025-08-16 13:28:26,887 - INFO - rls_covariance           : 100.0
2025-08-16 13:28:26,887 - INFO - rls_gamma                : 0.9995
2025-08-16 13:28:26,887 - INFO - rls_state_size           : 2
2025-08-16 13:28:26,887 - INFO - save_interval            : 200
2025-08-16 13:28:26,887 - INFO - split                    : False
2025-08-16 13:28:26,887 - INFO - state_bounds             : {'theta': [-3.141592653589793, 3.141592653589793], 'theta_dot': [-8.0, 8.0]}
2025-08-16 13:28:26,887 - INFO - state_size               : 2
2025-08-16 13:28:26,887 - INFO - target_network           : True
2025-08-16 13:28:26,887 - INFO - tau                      : 0.001
2025-08-16 13:28:26,887 - INFO - update_cycles            : 2
2025-08-16 13:28:26,887 - INFO - ----------------------------------------
2025-08-16 13:28:26,887 - INFO - Log file: /home/osos/Mohamed_Masters_Thesis/DHP_pendulum/training_logs/dhp_pendulum_training_20250816_132826.log
2025-08-16 13:28:26,887 - INFO - ================================================================================
2025-08-16 13:28:26,888 - INFO - 
==================================================
2025-08-16 13:28:26,888 - INFO - STARTING DHP TRAINING FOR PENDULUM
2025-08-16 13:28:26,888 - INFO - ==================================================
2025-08-16 13:28:26,890 - WARNING - From /home/osos/Mohamed_Masters_Thesis/msc-thesis/agents/dhp.py:70: The name tf.Session is deprecated. Please use tf.compat.v1.Session instead.

2025-08-16 13:28:27,008 - WARNING - From /home/osos/Mohamed_Masters_Thesis/msc-thesis/agents/dhp.py:100: The name tf.placeholder is deprecated. Please use tf.compat.v1.placeholder instead.

2025-08-16 13:28:27,011 - WARNING - From /home/osos/Mohamed_Masters_Thesis/msc-thesis/agents/dhp.py:102: The name tf.placeholder_with_default is deprecated. Please use tf.compat.v1.placeholder_with_default instead.

2025-08-16 13:28:27,022 - WARNING - From /home/osos/Mohamed_Masters_Thesis/msc-thesis/agents/dhp.py:124: The name tf.variable_scope is deprecated. Please use tf.compat.v1.variable_scope instead.

2025-08-16 13:28:27,023 - WARNING - From /home/osos/Mohamed_Masters_Thesis/msc-thesis/agents/dhp.py:128: dense (from tensorflow.python.layers.core) is deprecated and will be removed in a future version.
Instructions for updating:
Use keras.layers.Dense instead.
2025-08-16 13:28:27,026 - WARNING - From /home/osos/anaconda3/envs/DHP/lib/python3.7/site-packages/tensorflow_core/python/layers/core.py:187: Layer.apply (from tensorflow.python.keras.engine.base_layer) is deprecated and will be removed in a future version.
Instructions for updating:
Please use `layer.__call__` method instead.
2025-08-16 13:28:27,107 - WARNING - From /home/osos/Mohamed_Masters_Thesis/msc-thesis/agents/dhp.py:133: The name tf.trainable_variables is deprecated. Please use tf.compat.v1.trainable_variables instead.

2025-08-16 13:28:27,125 - WARNING - From /home/osos/Mohamed_Masters_Thesis/msc-thesis/agents/dhp.py:139: The name tf.train.GradientDescentOptimizer is deprecated. Please use tf.compat.v1.train.GradientDescentOptimizer instead.

2025-08-16 13:28:27,177 - WARNING - From /home/osos/Mohamed_Masters_Thesis/msc-thesis/agents/dhp.py:156: The name tf.assign is deprecated. Please use tf.compat.v1.assign instead.

2025-08-16 13:28:27,277 - WARNING - From /home/osos/Mohamed_Masters_Thesis/msc-thesis/agents/dhp.py:79: The name tf.summary.merge_all is deprecated. Please use tf.compat.v1.summary.merge_all instead.

2025-08-16 13:28:27,277 - WARNING - From /home/osos/Mohamed_Masters_Thesis/msc-thesis/agents/dhp.py:80: The name tf.train.Saver is deprecated. Please use tf.compat.v1.train.Saver instead.

2025-08-16 13:28:27,295 - WARNING - From /home/osos/Mohamed_Masters_Thesis/msc-thesis/agents/dhp.py:81: The name tf.global_variables_initializer is deprecated. Please use tf.compat.v1.global_variables_initializer instead.

2025-08-16 13:28:27,368 - INFO - 
Training for 1000 episodes...
2025-08-16 13:28:27,368 - INFO - Episode | Reward  | Avg Cost | Pos Error | Success | Time
2025-08-16 13:28:27,368 - INFO - ------------------------------------------------------------
2025-08-16 13:28:29,213 - INFO -       0 | -11398.85 |    6.767 |    2.9062 |   0.000 |    1.8s
2025-08-16 13:28:34,725 - INFO - CONVERGENCE EPISODE 4: 0.0010 rad
2025-08-16 13:28:41,537 - INFO - CONVERGENCE EPISODE 9: 0.0027 rad
2025-08-16 13:28:44,909 - INFO - CONVERGENCE EPISODE 12: 0.0022 rad
2025-08-16 13:28:48,708 - INFO - CONVERGENCE EPISODE 15: 0.0006 rad
2025-08-16 13:28:53,756 - INFO - CONVERGENCE EPISODE 19: 0.0004 rad
2025-08-16 13:29:01,449 - INFO - CONVERGENCE EPISODE 25: 0.0001 rad
2025-08-16 13:29:01,449 - INFO -      25 |  -12.43 |    0.011 |    0.0001 |   0.000 |   34.1s
2025-08-16 13:29:08,034 - INFO - CONVERGENCE EPISODE 30: 0.0008 rad
2025-08-16 13:29:09,866 - INFO - CONVERGENCE EPISODE 32: 0.0017 rad
2025-08-16 13:29:13,214 - INFO - CONVERGENCE EPISODE 35: 0.0028 rad
2025-08-16 13:29:18,287 - INFO - CONVERGENCE EPISODE 39: 0.0022 rad
2025-08-16 13:29:21,821 - INFO - CONVERGENCE EPISODE 42: 0.0004 rad
2025-08-16 13:29:34,661 - INFO -      50 | -10733.49 |    6.798 |    2.9959 |   0.000 |   67.3s
2025-08-16 13:29:39,673 - INFO - CONVERGENCE EPISODE 54: 0.0018 rad
2025-08-16 13:29:39,815 - INFO - CONVERGENCE EPISODE 55: 0.0023 rad
2025-08-16 13:29:46,439 - INFO - CONVERGENCE EPISODE 60: 0.0013 rad
2025-08-16 13:30:09,590 - INFO -      75 | -11423.86 |    6.683 |    2.9500 |   0.000 |  102.2s
2025-08-16 13:30:31,721 - INFO - CONVERGENCE EPISODE 89: 0.0006 rad
2025-08-16 13:30:48,376 - INFO - CONVERGENCE EPISODE 99: 0.0000 rad
2025-08-16 13:30:50,064 - INFO - 
2025-08-16 13:30:50,065 - INFO - MILESTONE 100 ANALYSIS:
2025-08-16 13:30:50,065 - INFO -   Recent 50 episodes avg position error: 1.9243 ± 1.1391 rad
2025-08-16 13:30:50,065 - INFO -   Recent 50 episodes avg cost: 9.686
2025-08-16 13:30:50,065 - INFO -   Recent 50 episodes success rate: 0.00%
2025-08-16 13:30:50,065 - INFO -   Convergent episodes ratio (< 0.5 rad): 10.00%
2025-08-16 13:30:50,065 - INFO -   Total convergent episodes so far: 16
2025-08-16 13:30:50,065 - INFO -   Best performance: 0.0000 rad at episode 99
2025-08-16 13:30:50,065 - INFO -   Stable performance not yet achieved
2025-08-16 13:30:50,065 - INFO - 
2025-08-16 13:30:50,065 - INFO -     100 | -8372.16 |   16.473 |    0.9707 |   0.000 |  142.7s
2025-08-16 13:30:51,613 - INFO - CONVERGENCE EPISODE 101: 0.0020 rad
2025-08-16 13:30:55,511 - INFO - CONVERGENCE EPISODE 104: 0.0005 rad
2025-08-16 13:31:00,377 - INFO - CONVERGENCE EPISODE 107: 0.0009 rad
2025-08-16 13:31:03,427 - INFO - CONVERGENCE EPISODE 109: 0.0002 rad
