2025-08-15 18:03:42,546 - INFO - ================================================================================
2025-08-15 18:03:42,546 - INFO - DHP PENDULUM TRAINING SESSION STARTED
2025-08-15 18:03:42,546 - INFO - ================================================================================
2025-08-15 18:03:42,546 - INFO - HYPERPARAMETERS:
2025-08-15 18:03:42,546 - INFO - ----------------------------------------
2025-08-15 18:03:42,546 - INFO - action_size              : 1
2025-08-15 18:03:42,546 - INFO - activation               : relu
2025-08-15 18:03:42,546 - INFO - best_episode_gui         : False
2025-08-15 18:03:42,546 - INFO - episode_length           : 200
2025-08-15 18:03:42,546 - INFO - excitation_amplitude     : 0.2
2025-08-15 18:03:42,546 - INFO - excitation_steps         : 7500
2025-08-15 18:03:42,547 - INFO - fixed_target             : 3.141592653589793
2025-08-15 18:03:42,547 - INFO - gamma                    : 0.95
2025-08-15 18:03:42,547 - INFO - gui                      : False
2025-08-15 18:03:42,547 - INFO - hidden_layer_size        : [64, 64, 32]
2025-08-15 18:03:42,547 - INFO - log_interval             : 50
2025-08-15 18:03:42,547 - INFO - lr_actor                 : 0.005
2025-08-15 18:03:42,547 - INFO - lr_critic                : 0.01
2025-08-15 18:03:42,547 - INFO - max_steps                : 200
2025-08-15 18:03:42,547 - INFO - normalize_states         : True
2025-08-15 18:03:42,547 - INFO - num_episodes             : 1500
2025-08-15 18:03:42,547 - INFO - predict_delta            : False
2025-08-15 18:03:42,547 - INFO - record                   : False
2025-08-15 18:03:42,547 - INFO - record_best_episodes     : True
2025-08-15 18:03:42,547 - INFO - recording_fps            : 30
2025-08-15 18:03:42,547 - INFO - reference_size           : 2
2025-08-15 18:03:42,547 - INFO - rls_action_size          : 1
2025-08-15 18:03:42,547 - INFO - rls_covariance           : 100.0
2025-08-15 18:03:42,548 - INFO - rls_gamma                : 0.9995
2025-08-15 18:03:42,548 - INFO - rls_state_size           : 2
2025-08-15 18:03:42,548 - INFO - save_interval            : 200
2025-08-15 18:03:42,548 - INFO - split                    : False
2025-08-15 18:03:42,548 - INFO - state_bounds             : {'theta': [-3.141592653589793, 3.141592653589793], 'theta_dot': [-8.0, 8.0]}
2025-08-15 18:03:42,548 - INFO - state_size               : 2
2025-08-15 18:03:42,548 - INFO - target_network           : True
2025-08-15 18:03:42,548 - INFO - tau                      : 0.001
2025-08-15 18:03:42,548 - INFO - update_cycles            : 2
2025-08-15 18:03:42,548 - INFO - ----------------------------------------
2025-08-15 18:03:42,548 - INFO - Log file: /home/osos/Mohamed_Masters_Thesis/DHP_pendulum/training_logs/dhp_pendulum_training_20250815_180342.log
2025-08-15 18:03:42,548 - INFO - ================================================================================
2025-08-15 18:03:42,548 - INFO - 
CONFIGURATION OVERRIDES APPLIED:
2025-08-15 18:03:42,548 - INFO -   num_episodes: 400
2025-08-15 18:03:42,549 - INFO -   episode_length: 500
2025-08-15 18:03:42,549 - INFO -   max_steps: 500
2025-08-15 18:03:42,549 - INFO -   excitation_steps: 7500
2025-08-15 18:03:42,549 - INFO -   excitation_amplitude: 0.2
2025-08-15 18:03:42,549 - INFO -   log_interval: 50
2025-08-15 18:03:42,549 - INFO -   save_interval: 200
2025-08-15 18:03:42,549 - INFO -   gui: False
2025-08-15 18:03:42,549 - INFO -   record: False
2025-08-15 18:03:42,549 - INFO -   normalize_states: True
2025-08-15 18:03:42,549 - INFO -   record_best_episodes: True
2025-08-15 18:03:42,549 - INFO -   lr_critic: 0.01
2025-08-15 18:03:42,549 - INFO -   lr_actor: 0.005
2025-08-15 18:03:42,549 - INFO -   hidden_layer_size: [64, 64, 32]
2025-08-15 18:03:42,549 - INFO -   gamma: 0.95
2025-08-15 18:03:42,549 - INFO -   update_cycles: 2
2025-08-15 18:03:42,549 - INFO -   tau: 0.001
2025-08-15 18:03:42,550 - INFO - 
==================================================
2025-08-15 18:03:42,550 - INFO - STARTING DHP TRAINING FOR PENDULUM
2025-08-15 18:03:42,550 - INFO - ==================================================
2025-08-15 18:03:42,553 - WARNING - From /home/osos/Mohamed_Masters_Thesis/msc-thesis/agents/dhp.py:70: The name tf.Session is deprecated. Please use tf.compat.v1.Session instead.

2025-08-15 18:03:42,668 - WARNING - From /home/osos/Mohamed_Masters_Thesis/msc-thesis/agents/dhp.py:100: The name tf.placeholder is deprecated. Please use tf.compat.v1.placeholder instead.

2025-08-15 18:03:42,673 - WARNING - From /home/osos/Mohamed_Masters_Thesis/msc-thesis/agents/dhp.py:102: The name tf.placeholder_with_default is deprecated. Please use tf.compat.v1.placeholder_with_default instead.

2025-08-15 18:03:42,683 - WARNING - From /home/osos/Mohamed_Masters_Thesis/msc-thesis/agents/dhp.py:124: The name tf.variable_scope is deprecated. Please use tf.compat.v1.variable_scope instead.

2025-08-15 18:03:42,684 - WARNING - From /home/osos/Mohamed_Masters_Thesis/msc-thesis/agents/dhp.py:128: dense (from tensorflow.python.layers.core) is deprecated and will be removed in a future version.
Instructions for updating:
Use keras.layers.Dense instead.
2025-08-15 18:03:42,687 - WARNING - From /home/osos/anaconda3/envs/DHP/lib/python3.7/site-packages/tensorflow_core/python/layers/core.py:187: Layer.apply (from tensorflow.python.keras.engine.base_layer) is deprecated and will be removed in a future version.
Instructions for updating:
Please use `layer.__call__` method instead.
2025-08-15 18:03:42,726 - WARNING - From /home/osos/Mohamed_Masters_Thesis/msc-thesis/agents/dhp.py:133: The name tf.trainable_variables is deprecated. Please use tf.compat.v1.trainable_variables instead.

2025-08-15 18:03:42,737 - WARNING - From /home/osos/Mohamed_Masters_Thesis/msc-thesis/agents/dhp.py:139: The name tf.train.GradientDescentOptimizer is deprecated. Please use tf.compat.v1.train.GradientDescentOptimizer instead.

2025-08-15 18:03:42,766 - WARNING - From /home/osos/Mohamed_Masters_Thesis/msc-thesis/agents/dhp.py:156: The name tf.assign is deprecated. Please use tf.compat.v1.assign instead.

2025-08-15 18:03:42,825 - WARNING - From /home/osos/Mohamed_Masters_Thesis/msc-thesis/agents/dhp.py:79: The name tf.summary.merge_all is deprecated. Please use tf.compat.v1.summary.merge_all instead.

2025-08-15 18:03:42,825 - WARNING - From /home/osos/Mohamed_Masters_Thesis/msc-thesis/agents/dhp.py:80: The name tf.train.Saver is deprecated. Please use tf.compat.v1.train.Saver instead.

2025-08-15 18:03:42,836 - WARNING - From /home/osos/Mohamed_Masters_Thesis/msc-thesis/agents/dhp.py:81: The name tf.global_variables_initializer is deprecated. Please use tf.compat.v1.global_variables_initializer instead.

2025-08-15 18:03:42,883 - INFO - 
Training for 400 episodes...
2025-08-15 18:03:42,883 - INFO - Episode | Reward  | Avg Cost | Pos Error | Success | Time
2025-08-15 18:03:42,883 - INFO - ------------------------------------------------------------
2025-08-15 18:03:45,556 - INFO -       0 | -768.06 |   37.017 |    0.5504 |   0.000 |    2.7s
2025-08-15 18:03:55,150 - INFO - CONVERGENCE EPISODE 4: 0.1532 rad
2025-08-15 18:04:04,684 - INFO - CONVERGENCE EPISODE 8: 0.0484 rad
2025-08-15 18:04:11,748 - INFO - CONVERGENCE EPISODE 11: 0.3803 rad
2025-08-15 18:04:16,566 - INFO - CONVERGENCE EPISODE 13: 0.4279 rad
2025-08-15 18:04:21,255 - INFO - CONVERGENCE EPISODE 15: 0.0249 rad
2025-08-15 18:04:28,474 - INFO - CONVERGENCE EPISODE 18: 0.4637 rad
2025-08-15 18:04:30,853 - INFO - CONVERGENCE EPISODE 19: 0.0339 rad
2025-08-15 18:04:33,308 - INFO - CONVERGENCE EPISODE 20: 0.0737 rad
2025-08-15 18:04:35,731 - INFO - CONVERGENCE EPISODE 21: 0.2513 rad
2025-08-15 18:04:42,833 - INFO - CONVERGENCE EPISODE 24: 0.3469 rad
2025-08-15 18:04:50,091 - INFO - CONVERGENCE EPISODE 27: 0.0739 rad
2025-08-15 18:04:52,493 - INFO - CONVERGENCE EPISODE 28: 0.1075 rad
2025-08-15 18:04:54,944 - INFO - CONVERGENCE EPISODE 29: 0.0006 rad
2025-08-15 18:04:57,341 - INFO - CONVERGENCE EPISODE 30: 0.1337 rad
2025-08-15 18:04:59,709 - INFO - CONVERGENCE EPISODE 31: 0.0973 rad
2025-08-15 18:05:02,094 - INFO - CONVERGENCE EPISODE 32: 0.0901 rad
2025-08-15 18:05:04,463 - INFO - CONVERGENCE EPISODE 33: 0.0388 rad
2025-08-15 18:05:06,857 - INFO - CONVERGENCE EPISODE 34: 0.0113 rad
2025-08-15 18:05:09,316 - INFO - CONVERGENCE EPISODE 35: 0.0309 rad
2025-08-15 18:05:11,674 - INFO - CONVERGENCE EPISODE 36: 0.1000 rad
2025-08-15 18:05:11,675 - INFO - STABLE PERFORMANCE ACHIEVED starting at episode 27
2025-08-15 18:05:14,034 - INFO - CONVERGENCE EPISODE 37: 0.1089 rad
2025-08-15 18:05:16,417 - INFO - CONVERGENCE EPISODE 38: 0.0641 rad
2025-08-15 18:05:18,854 - INFO - CONVERGENCE EPISODE 39: 0.0695 rad
2025-08-15 18:05:21,277 - INFO - CONVERGENCE EPISODE 40: 0.0735 rad
2025-08-15 18:05:23,701 - INFO - CONVERGENCE EPISODE 41: 0.0713 rad
2025-08-15 18:05:26,111 - INFO - CONVERGENCE EPISODE 42: 0.0708 rad
2025-08-15 18:05:28,521 - INFO - CONVERGENCE EPISODE 43: 0.0761 rad
2025-08-15 18:05:30,868 - INFO - CONVERGENCE EPISODE 44: 0.0809 rad
2025-08-15 18:05:33,265 - INFO - CONVERGENCE EPISODE 45: 0.0878 rad
2025-08-15 18:05:35,634 - INFO - CONVERGENCE EPISODE 46: 0.0933 rad
2025-08-15 18:05:37,993 - INFO - CONVERGENCE EPISODE 47: 0.0787 rad
2025-08-15 18:05:40,349 - INFO - CONVERGENCE EPISODE 48: 0.0618 rad
2025-08-15 18:05:42,795 - INFO - CONVERGENCE EPISODE 49: 0.0493 rad
2025-08-15 18:05:45,172 - INFO - CONVERGENCE EPISODE 50: 0.0388 rad
2025-08-15 18:05:45,172 - INFO -      50 | -105.76 |    3.088 |    0.0388 |   1.000 |  122.3s
2025-08-15 18:05:47,621 - INFO - CONVERGENCE EPISODE 51: 0.0399 rad
2025-08-15 18:05:50,163 - INFO - CONVERGENCE EPISODE 52: 0.0417 rad
2025-08-15 18:05:52,567 - INFO - CONVERGENCE EPISODE 53: 0.0409 rad
2025-08-15 18:05:54,989 - INFO - CONVERGENCE EPISODE 54: 0.0253 rad
2025-08-15 18:05:57,429 - INFO - CONVERGENCE EPISODE 55: 0.0290 rad
2025-08-15 18:05:59,828 - INFO - CONVERGENCE EPISODE 56: 0.0341 rad
2025-08-15 18:06:02,254 - INFO - CONVERGENCE EPISODE 57: 0.0287 rad
2025-08-15 18:06:04,715 - INFO - CONVERGENCE EPISODE 58: 0.0232 rad
2025-08-15 18:06:07,077 - INFO - CONVERGENCE EPISODE 59: 0.0288 rad
2025-08-15 18:06:09,443 - INFO - CONVERGENCE EPISODE 60: 0.0344 rad
2025-08-15 18:06:11,817 - INFO - CONVERGENCE EPISODE 61: 0.0275 rad
2025-08-15 18:06:14,195 - INFO - CONVERGENCE EPISODE 62: 0.0219 rad
2025-08-15 18:06:16,591 - INFO - CONVERGENCE EPISODE 63: 0.0288 rad
2025-08-15 18:06:19,000 - INFO - CONVERGENCE EPISODE 64: 0.0286 rad
2025-08-15 18:06:21,429 - INFO - CONVERGENCE EPISODE 65: 0.0305 rad
2025-08-15 18:06:23,847 - INFO - CONVERGENCE EPISODE 66: 0.0202 rad
2025-08-15 18:06:26,326 - INFO - CONVERGENCE EPISODE 67: 0.0248 rad
2025-08-15 18:06:28,723 - INFO - CONVERGENCE EPISODE 68: 0.0332 rad
2025-08-15 18:06:31,095 - INFO - CONVERGENCE EPISODE 69: 0.0275 rad
2025-08-15 18:06:33,527 - INFO - CONVERGENCE EPISODE 70: 0.0291 rad
2025-08-15 18:06:35,912 - INFO - CONVERGENCE EPISODE 71: 0.0241 rad
2025-08-15 18:06:38,307 - INFO - CONVERGENCE EPISODE 72: 0.0284 rad
2025-08-15 18:06:40,693 - INFO - CONVERGENCE EPISODE 73: 0.0261 rad
2025-08-15 18:06:43,139 - INFO - CONVERGENCE EPISODE 74: 0.0287 rad
2025-08-15 18:06:45,499 - INFO - CONVERGENCE EPISODE 75: 0.0254 rad
2025-08-15 18:06:47,887 - INFO - CONVERGENCE EPISODE 76: 0.0320 rad
2025-08-15 18:06:50,327 - INFO - CONVERGENCE EPISODE 77: 0.0230 rad
2025-08-15 18:06:52,691 - INFO - CONVERGENCE EPISODE 78: 0.0214 rad
2025-08-15 18:06:55,070 - INFO - CONVERGENCE EPISODE 79: 0.0333 rad
2025-08-15 18:06:57,419 - INFO - CONVERGENCE EPISODE 80: 0.0325 rad
2025-08-15 18:06:59,795 - INFO - CONVERGENCE EPISODE 81: 0.0217 rad
2025-08-15 18:07:02,228 - INFO - CONVERGENCE EPISODE 82: 0.0173 rad
2025-08-15 18:07:04,713 - INFO - CONVERGENCE EPISODE 83: 0.0207 rad
2025-08-15 18:07:07,213 - INFO - CONVERGENCE EPISODE 84: 0.0179 rad
2025-08-15 18:07:09,692 - INFO - CONVERGENCE EPISODE 85: 0.0234 rad
2025-08-15 18:07:12,184 - INFO - CONVERGENCE EPISODE 86: 0.0173 rad
2025-08-15 18:07:14,604 - INFO - CONVERGENCE EPISODE 87: 0.0162 rad
2025-08-15 18:07:17,012 - INFO - CONVERGENCE EPISODE 88: 0.0210 rad
2025-08-15 18:07:19,435 - INFO - CONVERGENCE EPISODE 89: 0.0116 rad
2025-08-15 18:07:21,908 - INFO - CONVERGENCE EPISODE 90: 0.0180 rad
2025-08-15 18:07:24,375 - INFO - CONVERGENCE EPISODE 91: 0.0145 rad
2025-08-15 18:07:26,802 - INFO - CONVERGENCE EPISODE 92: 0.0167 rad
2025-08-15 18:07:29,218 - INFO - CONVERGENCE EPISODE 93: 0.0159 rad
2025-08-15 18:07:31,669 - INFO - CONVERGENCE EPISODE 94: 0.0237 rad
2025-08-15 18:07:34,118 - INFO - CONVERGENCE EPISODE 95: 0.0311 rad
2025-08-15 18:07:36,556 - INFO - CONVERGENCE EPISODE 96: 0.0193 rad
2025-08-15 18:07:39,052 - INFO - CONVERGENCE EPISODE 97: 0.0189 rad
2025-08-15 18:07:41,451 - INFO - CONVERGENCE EPISODE 98: 0.0202 rad
2025-08-15 18:07:43,807 - INFO - CONVERGENCE EPISODE 99: 0.0193 rad
2025-08-15 18:07:46,328 - INFO - CONVERGENCE EPISODE 100: 0.0203 rad
2025-08-15 18:07:46,328 - INFO - 
2025-08-15 18:07:46,328 - INFO - MILESTONE 100 ANALYSIS:
2025-08-15 18:07:46,328 - INFO -   Recent 50 episodes avg position error: 0.0252 ± 0.0069 rad
2025-08-15 18:07:46,328 - INFO -   Recent 50 episodes avg cost: 2.010
2025-08-15 18:07:46,328 - INFO -   Recent 50 episodes success rate: 100.00%
2025-08-15 18:07:46,328 - INFO -   Convergent episodes ratio (< 0.5 rad): 100.00%
2025-08-15 18:07:46,328 - INFO -   Total convergent episodes so far: 84
2025-08-15 18:07:46,328 - INFO -   Best performance: 0.0006 rad at episode 29
2025-08-15 18:07:46,328 - INFO -   Stable performance maintained since episode 27
2025-08-15 18:07:46,328 - INFO - 
2025-08-15 18:07:46,328 - INFO -     100 |  -97.27 |    3.492 |    0.0203 |   1.000 |  243.4s
2025-08-15 18:07:48,874 - INFO - CONVERGENCE EPISODE 101: 0.0182 rad
2025-08-15 18:07:51,363 - INFO - CONVERGENCE EPISODE 102: 0.0191 rad
2025-08-15 18:07:53,734 - INFO - CONVERGENCE EPISODE 103: 0.0164 rad
2025-08-15 18:07:56,132 - INFO - CONVERGENCE EPISODE 104: 0.0167 rad
2025-08-15 18:07:58,587 - INFO - CONVERGENCE EPISODE 105: 0.0165 rad
2025-08-15 18:08:00,982 - INFO - CONVERGENCE EPISODE 106: 0.0217 rad
2025-08-15 18:08:03,367 - INFO - CONVERGENCE EPISODE 107: 0.0212 rad
2025-08-15 18:08:05,728 - INFO - CONVERGENCE EPISODE 108: 0.0173 rad
2025-08-15 18:08:08,201 - INFO - CONVERGENCE EPISODE 109: 0.0192 rad
2025-08-15 18:08:10,579 - INFO - CONVERGENCE EPISODE 110: 0.0183 rad
2025-08-15 18:08:13,000 - INFO - CONVERGENCE EPISODE 111: 0.0239 rad
2025-08-15 18:08:15,379 - INFO - CONVERGENCE EPISODE 112: 0.0216 rad
2025-08-15 18:08:17,763 - INFO - CONVERGENCE EPISODE 113: 0.0230 rad
2025-08-15 18:08:20,154 - INFO - CONVERGENCE EPISODE 114: 0.0273 rad
2025-08-15 18:08:22,559 - INFO - CONVERGENCE EPISODE 115: 0.0194 rad
2025-08-15 18:08:24,991 - INFO - CONVERGENCE EPISODE 116: 0.0151 rad
2025-08-15 18:08:27,449 - INFO - CONVERGENCE EPISODE 117: 0.0288 rad
2025-08-15 18:08:29,861 - INFO - CONVERGENCE EPISODE 118: 0.0228 rad
2025-08-15 18:08:32,278 - INFO - CONVERGENCE EPISODE 119: 0.0251 rad
2025-08-15 18:08:34,697 - INFO - CONVERGENCE EPISODE 120: 0.0274 rad
2025-08-15 18:08:37,201 - INFO - CONVERGENCE EPISODE 121: 0.0267 rad
2025-08-15 18:08:39,584 - INFO - CONVERGENCE EPISODE 122: 0.0246 rad
2025-08-15 18:08:42,085 - INFO - CONVERGENCE EPISODE 123: 0.0208 rad
2025-08-15 18:08:44,632 - INFO - CONVERGENCE EPISODE 124: 0.0249 rad
2025-08-15 18:08:47,012 - INFO - CONVERGENCE EPISODE 125: 0.0223 rad
2025-08-15 18:08:49,447 - INFO - CONVERGENCE EPISODE 126: 0.0283 rad
2025-08-15 18:08:51,877 - INFO - CONVERGENCE EPISODE 127: 0.0175 rad
2025-08-15 18:08:54,272 - INFO - CONVERGENCE EPISODE 128: 0.0231 rad
2025-08-15 18:08:56,691 - INFO - CONVERGENCE EPISODE 129: 0.0227 rad
2025-08-15 18:08:59,073 - INFO - CONVERGENCE EPISODE 130: 0.0236 rad
2025-08-15 18:09:01,441 - INFO - CONVERGENCE EPISODE 131: 0.0213 rad
2025-08-15 18:09:03,814 - INFO - CONVERGENCE EPISODE 132: 0.0294 rad
2025-08-15 18:09:06,171 - INFO - CONVERGENCE EPISODE 133: 0.0267 rad
2025-08-15 18:09:08,586 - INFO - CONVERGENCE EPISODE 134: 0.0185 rad
2025-08-15 18:09:10,938 - INFO - CONVERGENCE EPISODE 135: 0.0296 rad
2025-08-15 18:09:13,327 - INFO - CONVERGENCE EPISODE 136: 0.0319 rad
2025-08-15 18:09:15,703 - INFO - CONVERGENCE EPISODE 137: 0.0307 rad
2025-08-15 18:09:18,093 - INFO - CONVERGENCE EPISODE 138: 0.0332 rad
2025-08-15 18:09:20,499 - INFO - CONVERGENCE EPISODE 139: 0.0281 rad
2025-08-15 18:09:22,938 - INFO - CONVERGENCE EPISODE 140: 0.0278 rad
2025-08-15 18:09:25,407 - INFO - CONVERGENCE EPISODE 141: 0.0295 rad
2025-08-15 18:09:27,828 - INFO - CONVERGENCE EPISODE 142: 0.0302 rad
2025-08-15 18:09:30,226 - INFO - CONVERGENCE EPISODE 143: 0.0272 rad
2025-08-15 18:09:32,675 - INFO - CONVERGENCE EPISODE 144: 0.0242 rad
2025-08-15 18:09:35,052 - INFO - CONVERGENCE EPISODE 145: 0.0248 rad
2025-08-15 18:09:37,419 - INFO - CONVERGENCE EPISODE 146: 0.0285 rad
2025-08-15 18:09:39,809 - INFO - CONVERGENCE EPISODE 147: 0.0200 rad
2025-08-15 18:09:42,190 - INFO - CONVERGENCE EPISODE 148: 0.0200 rad
2025-08-15 18:09:44,558 - INFO - CONVERGENCE EPISODE 149: 0.0988 rad
2025-08-15 18:09:46,948 - INFO - CONVERGENCE EPISODE 150: 0.0196 rad
2025-08-15 18:09:46,948 - INFO -     150 |  -47.83 |    1.872 |    0.0196 |   1.000 |  364.1s
2025-08-15 18:09:49,377 - INFO - CONVERGENCE EPISODE 151: 0.0330 rad
2025-08-15 18:09:51,845 - INFO - CONVERGENCE EPISODE 152: 0.0295 rad
2025-08-15 18:09:54,264 - INFO - CONVERGENCE EPISODE 153: 0.0350 rad
2025-08-15 18:09:56,683 - INFO - CONVERGENCE EPISODE 154: 0.0272 rad
2025-08-15 18:09:59,065 - INFO - CONVERGENCE EPISODE 155: 0.0297 rad
2025-08-15 18:10:01,446 - INFO - CONVERGENCE EPISODE 156: 0.0203 rad
2025-08-15 18:10:03,852 - INFO - CONVERGENCE EPISODE 157: 0.0209 rad
2025-08-15 18:10:06,256 - INFO - CONVERGENCE EPISODE 158: 0.0249 rad
2025-08-15 18:10:08,652 - INFO - CONVERGENCE EPISODE 159: 0.0159 rad
2025-08-15 18:10:11,040 - INFO - CONVERGENCE EPISODE 160: 0.0201 rad
2025-08-15 18:10:13,485 - INFO - CONVERGENCE EPISODE 161: 0.0174 rad
2025-08-15 18:10:15,924 - INFO - CONVERGENCE EPISODE 162: 0.0170 rad
2025-08-15 18:10:18,311 - INFO - CONVERGENCE EPISODE 163: 0.0186 rad
2025-08-15 18:10:20,653 - INFO - CONVERGENCE EPISODE 164: 0.0193 rad
2025-08-15 18:10:23,035 - INFO - CONVERGENCE EPISODE 165: 0.0252 rad
2025-08-15 18:10:25,386 - INFO - CONVERGENCE EPISODE 166: 0.0166 rad
2025-08-15 18:10:27,773 - INFO - CONVERGENCE EPISODE 167: 0.0233 rad
2025-08-15 18:10:30,218 - INFO - CONVERGENCE EPISODE 168: 0.0211 rad
2025-08-15 18:10:32,620 - INFO - CONVERGENCE EPISODE 169: 0.0199 rad
2025-08-15 18:10:34,981 - INFO - CONVERGENCE EPISODE 170: 0.0182 rad
2025-08-15 18:10:37,436 - INFO - CONVERGENCE EPISODE 171: 0.0206 rad
2025-08-15 18:10:39,808 - INFO - CONVERGENCE EPISODE 172: 0.0207 rad
2025-08-15 18:10:42,205 - INFO - CONVERGENCE EPISODE 173: 0.0228 rad
2025-08-15 18:10:44,606 - INFO - CONVERGENCE EPISODE 174: 0.0232 rad
2025-08-15 18:10:47,017 - INFO - CONVERGENCE EPISODE 175: 0.0200 rad
2025-08-15 18:10:49,485 - INFO - CONVERGENCE EPISODE 176: 0.0188 rad
2025-08-15 18:10:51,897 - INFO - CONVERGENCE EPISODE 177: 0.0107 rad
2025-08-15 18:10:54,320 - INFO - CONVERGENCE EPISODE 178: 0.0173 rad
2025-08-15 18:10:56,734 - INFO - CONVERGENCE EPISODE 179: 0.0162 rad
2025-08-15 18:10:59,151 - INFO - CONVERGENCE EPISODE 180: 0.0132 rad
2025-08-15 18:11:01,591 - INFO - CONVERGENCE EPISODE 181: 0.0196 rad
2025-08-15 18:11:04,022 - INFO - CONVERGENCE EPISODE 182: 0.0092 rad
2025-08-15 18:11:06,550 - INFO - CONVERGENCE EPISODE 183: 0.0106 rad
2025-08-15 18:11:09,048 - INFO - CONVERGENCE EPISODE 184: 0.0061 rad
2025-08-15 18:11:11,497 - INFO - CONVERGENCE EPISODE 185: 0.0089 rad
2025-08-15 18:11:13,919 - INFO - CONVERGENCE EPISODE 186: 0.0154 rad
2025-08-15 18:11:16,356 - INFO - CONVERGENCE EPISODE 187: 0.0137 rad
2025-08-15 18:11:18,833 - INFO - CONVERGENCE EPISODE 188: 0.0149 rad
2025-08-15 18:11:21,229 - INFO - CONVERGENCE EPISODE 189: 0.0153 rad
2025-08-15 18:11:23,610 - INFO - CONVERGENCE EPISODE 190: 0.0125 rad
2025-08-15 18:11:26,009 - INFO - CONVERGENCE EPISODE 191: 0.0122 rad
2025-08-15 18:11:28,381 - INFO - CONVERGENCE EPISODE 192: 0.0081 rad
2025-08-15 18:11:30,765 - INFO - CONVERGENCE EPISODE 193: 0.0008 rad
2025-08-15 18:11:33,189 - INFO - CONVERGENCE EPISODE 194: 0.0055 rad
2025-08-15 18:11:35,619 - INFO - CONVERGENCE EPISODE 195: 0.0054 rad
2025-08-15 18:11:38,015 - INFO - CONVERGENCE EPISODE 196: 0.0014 rad
2025-08-15 18:11:40,424 - INFO - CONVERGENCE EPISODE 197: 0.0082 rad
2025-08-15 18:11:42,867 - INFO - CONVERGENCE EPISODE 198: 0.0080 rad
2025-08-15 18:11:45,283 - INFO - CONVERGENCE EPISODE 199: 0.0103 rad
2025-08-15 18:11:47,660 - INFO - CONVERGENCE EPISODE 200: 0.0189 rad
2025-08-15 18:11:47,660 - INFO -     200 | -193.64 |    5.153 |    0.0189 |   1.000 |  484.8s
2025-08-15 18:11:50,172 - INFO - CONVERGENCE EPISODE 201: 0.0056 rad
2025-08-15 18:11:52,593 - INFO - CONVERGENCE EPISODE 202: 0.0142 rad
2025-08-15 18:11:54,935 - INFO - CONVERGENCE EPISODE 203: 0.0159 rad
2025-08-15 18:11:57,278 - INFO - CONVERGENCE EPISODE 204: 0.0137 rad
2025-08-15 18:11:59,633 - INFO - CONVERGENCE EPISODE 205: 0.0174 rad
2025-08-15 18:12:02,069 - INFO - CONVERGENCE EPISODE 206: 0.0210 rad
2025-08-15 18:12:04,512 - INFO - CONVERGENCE EPISODE 207: 0.0179 rad
2025-08-15 18:12:07,039 - INFO - CONVERGENCE EPISODE 208: 0.0163 rad
2025-08-15 18:12:09,572 - INFO - CONVERGENCE EPISODE 209: 0.0126 rad
2025-08-15 18:12:12,108 - INFO - CONVERGENCE EPISODE 210: 0.0126 rad
2025-08-15 18:12:14,653 - INFO - CONVERGENCE EPISODE 211: 0.0041 rad
2025-08-15 18:12:17,060 - INFO - CONVERGENCE EPISODE 212: 0.0083 rad
2025-08-15 18:12:19,530 - INFO - CONVERGENCE EPISODE 213: 0.0092 rad
2025-08-15 18:12:21,988 - INFO - CONVERGENCE EPISODE 214: 0.0024 rad
2025-08-15 18:12:24,424 - INFO - CONVERGENCE EPISODE 215: 0.0085 rad
2025-08-15 18:12:26,834 - INFO - CONVERGENCE EPISODE 216: 0.0107 rad
2025-08-15 18:12:29,306 - INFO - CONVERGENCE EPISODE 217: 0.0100 rad
2025-08-15 18:12:31,742 - INFO - CONVERGENCE EPISODE 218: 0.0108 rad
2025-08-15 18:12:34,111 - INFO - CONVERGENCE EPISODE 219: 0.0089 rad
2025-08-15 18:12:36,493 - INFO - CONVERGENCE EPISODE 220: 0.0132 rad
2025-08-15 18:12:38,909 - INFO - CONVERGENCE EPISODE 221: 0.0126 rad
2025-08-15 18:12:41,372 - INFO - CONVERGENCE EPISODE 222: 0.0163 rad
2025-08-15 18:12:43,802 - INFO - CONVERGENCE EPISODE 223: 0.0139 rad
2025-08-15 18:12:46,277 - INFO - CONVERGENCE EPISODE 224: 0.0140 rad
2025-08-15 18:12:48,741 - INFO - CONVERGENCE EPISODE 225: 0.0182 rad
2025-08-15 18:12:51,230 - INFO - CONVERGENCE EPISODE 226: 0.0210 rad
2025-08-15 18:12:53,609 - INFO - CONVERGENCE EPISODE 227: 0.0181 rad
2025-08-15 18:12:56,005 - INFO - CONVERGENCE EPISODE 228: 0.0152 rad
2025-08-15 18:12:58,531 - INFO - CONVERGENCE EPISODE 229: 0.0221 rad
2025-08-15 18:13:00,950 - INFO - CONVERGENCE EPISODE 230: 0.0188 rad
2025-08-15 18:13:03,296 - INFO - CONVERGENCE EPISODE 231: 0.0131 rad
2025-08-15 18:13:05,713 - INFO - CONVERGENCE EPISODE 232: 0.0139 rad
2025-08-15 18:13:08,126 - INFO - CONVERGENCE EPISODE 233: 0.0061 rad
2025-08-15 18:13:10,548 - INFO - CONVERGENCE EPISODE 234: 0.0084 rad
2025-08-15 18:13:12,928 - INFO - CONVERGENCE EPISODE 235: 0.0117 rad
2025-08-15 18:13:15,316 - INFO - CONVERGENCE EPISODE 236: 0.0052 rad
2025-08-15 18:13:17,736 - INFO - CONVERGENCE EPISODE 237: 0.0078 rad
2025-08-15 18:13:20,123 - INFO - CONVERGENCE EPISODE 238: 0.0141 rad
2025-08-15 18:13:22,511 - INFO - CONVERGENCE EPISODE 239: 0.0090 rad
2025-08-15 18:13:24,904 - INFO - CONVERGENCE EPISODE 240: 0.0108 rad
2025-08-15 18:13:27,358 - INFO - CONVERGENCE EPISODE 241: 0.0134 rad
2025-08-15 18:13:29,787 - INFO - CONVERGENCE EPISODE 242: 0.0147 rad
2025-08-15 18:13:32,237 - INFO - CONVERGENCE EPISODE 243: 0.0167 rad
2025-08-15 18:13:34,639 - INFO - CONVERGENCE EPISODE 244: 0.0092 rad
2025-08-15 18:13:37,043 - INFO - CONVERGENCE EPISODE 245: 0.0154 rad
2025-08-15 18:13:39,486 - INFO - CONVERGENCE EPISODE 246: 0.0118 rad
2025-08-15 18:13:41,930 - INFO - CONVERGENCE EPISODE 247: 0.0151 rad
2025-08-15 18:13:44,351 - INFO - CONVERGENCE EPISODE 248: 0.0078 rad
2025-08-15 18:13:46,762 - INFO - CONVERGENCE EPISODE 249: 0.0100 rad
2025-08-15 18:13:49,112 - INFO - CONVERGENCE EPISODE 250: 0.0104 rad
2025-08-15 18:13:49,112 - INFO - 
2025-08-15 18:13:49,113 - INFO - MILESTONE 250 ANALYSIS:
2025-08-15 18:13:49,113 - INFO -   Recent 50 episodes avg position error: 0.0126 ± 0.0044 rad
2025-08-15 18:13:49,113 - INFO -   Recent 50 episodes avg cost: 1.968
2025-08-15 18:13:49,113 - INFO -   Recent 50 episodes success rate: 100.00%
2025-08-15 18:13:49,113 - INFO -   Convergent episodes ratio (< 0.5 rad): 100.00%
2025-08-15 18:13:49,113 - INFO -   Total convergent episodes so far: 234
2025-08-15 18:13:49,113 - INFO -   Best performance: 0.0006 rad at episode 29
2025-08-15 18:13:49,113 - INFO -   Stable performance maintained since episode 27
2025-08-15 18:13:49,113 - INFO - 
2025-08-15 18:13:49,113 - INFO -     250 |   -1.02 |    0.016 |    0.0104 |   1.000 |  606.2s
2025-08-15 18:13:51,531 - INFO - CONVERGENCE EPISODE 251: 0.0071 rad
2025-08-15 18:13:53,859 - INFO - CONVERGENCE EPISODE 252: 0.0107 rad
2025-08-15 18:13:56,287 - INFO - CONVERGENCE EPISODE 253: 0.0104 rad
2025-08-15 18:13:58,706 - INFO - CONVERGENCE EPISODE 254: 0.0059 rad
2025-08-15 18:13:59,467 - INFO -     300 |    0.00 |    1.000 |   10.0000 |   0.000 |  616.6s
2025-08-15 18:13:59,510 - INFO -     350 |    0.00 |    1.000 |   10.0000 |   0.000 |  616.6s
2025-08-15 18:13:59,554 - INFO - 
================================================================================
2025-08-15 18:13:59,554 - INFO - TRAINING COMPLETED - FINAL ANALYSIS
2025-08-15 18:13:59,554 - INFO - ================================================================================
2025-08-15 18:13:59,554 - INFO - Total training time: 616.7 seconds (10.3 minutes)
2025-08-15 18:13:59,554 - INFO - Final episode reward: 0.00
2025-08-15 18:13:59,554 - INFO - Final position error: 10.0000 rad
2025-08-15 18:13:59,554 - INFO - Final success rate: 0.000
2025-08-15 18:13:59,554 - INFO - Best position error achieved: 0.0006 rad at episode 29
2025-08-15 18:13:59,554 - INFO - Total convergent episodes (< 0.5 rad): 238/400 (59.50%)
2025-08-15 18:13:59,554 - INFO - Recent success rate (last 100 episodes): 0.00%
2025-08-15 18:13:59,554 - INFO - Stable performance achieved: Yes (from episode 27, duration: 373 episodes)
2025-08-15 18:13:59,554 - INFO - Position error statistics:
2025-08-15 18:13:59,555 - INFO -   Mean: 3.7041 rad (212.2°)
2025-08-15 18:13:59,555 - INFO -   Std:  4.7578 rad (272.6°)
2025-08-15 18:13:59,555 - INFO -   Min:  0.0006 rad (0.0°)
2025-08-15 18:13:59,555 - INFO -   Max:  10.0000 rad (573.0°)
2025-08-15 18:13:59,555 - INFO -   Median: 0.0333 rad (1.9°)
2025-08-15 18:13:59,555 - INFO - Performance distribution:
2025-08-15 18:13:59,555 - INFO -   Excellent (< 0.1 rad / 5.7°): 228 episodes (57.0%)
2025-08-15 18:13:59,555 - INFO -   Good (0.1-0.3 rad / 5.7°-17.2°): 6 episodes (1.5%)
2025-08-15 18:13:59,555 - INFO -   Acceptable (0.3-0.5 rad / 17.2°-28.6°): 4 episodes (1.0%)
2025-08-15 18:13:59,555 - INFO -   Poor (> 0.5 rad / 28.6°): 162 episodes (40.5%)
2025-08-15 18:13:59,555 - INFO - 
TRAINING CONFIGURATION EFFECTIVENESS:
2025-08-15 18:13:59,555 - INFO - ----------------------------------------
2025-08-15 18:13:59,555 - INFO - Episodes needed for first convergence: 4
2025-08-15 18:13:59,555 - INFO - Excitation phase ended at episode: 15
2025-08-15 18:13:59,561 - INFO - Training metrics saved to: /home/osos/Mohamed_Masters_Thesis/DHP_pendulum/training_logs/dhp_pendulum_metrics_20250815_181359.json
2025-08-15 18:13:59,561 - INFO - 
BEST MODEL CONFIRMED:
2025-08-15 18:13:59,561 - INFO -   Episode: 29
2025-08-15 18:13:59,561 - INFO -   Position Error: 0.0006 rad (0.0°)
2025-08-15 18:13:59,561 - INFO -   Model files: dhp_pendulum_best_*
2025-08-15 18:13:59,561 - INFO - ================================================================================
2025-08-15 18:13:59,561 - INFO - TRAINING SESSION COMPLETED
2025-08-15 18:13:59,561 - INFO - Detailed log saved to: /home/osos/Mohamed_Masters_Thesis/DHP_pendulum/training_logs/dhp_pendulum_training_20250815_180342.log
2025-08-15 18:13:59,561 - INFO - ================================================================================
2025-08-15 18:14:16,395 - INFO - SESSION-BEST EPISODE RECORDED: Episode 29
2025-08-15 18:14:16,395 - INFO -   Replay error: 2.3430 rad vs training error: 0.0006 rad
2025-08-15 18:14:16,396 - INFO -   Target angle: 3.142 rad
2025-08-15 18:14:16,474 - INFO - Model saved with state normalization ENABLED
2025-08-15 18:26:15,299 - INFO - 
==================================================
2025-08-15 18:26:15,299 - INFO - STARTING POLICY DEMONSTRATION
2025-08-15 18:26:15,299 - INFO - ==================================================
2025-08-15 18:26:22,069 - INFO - Demonstration final angle error: 49.8°
2025-08-15 18:26:22,069 - INFO - Training and demonstration session completed successfully!
2025-08-15 18:26:44,128 - INFO - ================================================================================
2025-08-15 18:26:44,128 - INFO - DHP PENDULUM TRAINING SESSION STARTED
2025-08-15 18:26:44,128 - INFO - ================================================================================
2025-08-15 18:26:44,128 - INFO - HYPERPARAMETERS:
2025-08-15 18:26:44,128 - INFO - ----------------------------------------
2025-08-15 18:26:44,128 - INFO - action_size              : 1
2025-08-15 18:26:44,128 - INFO - activation               : relu
2025-08-15 18:26:44,128 - INFO - best_episode_gui         : False
2025-08-15 18:26:44,128 - INFO - episode_length           : 200
2025-08-15 18:26:44,128 - INFO - excitation_amplitude     : 0.2
2025-08-15 18:26:44,128 - INFO - excitation_steps         : 7500
2025-08-15 18:26:44,128 - INFO - fixed_target             : 3.141592653589793
2025-08-15 18:26:44,128 - INFO - gamma                    : 0.95
2025-08-15 18:26:44,128 - INFO - gui                      : False
2025-08-15 18:26:44,129 - INFO - hidden_layer_size        : [64, 64, 32]
2025-08-15 18:26:44,129 - INFO - log_interval             : 50
2025-08-15 18:26:44,129 - INFO - lr_actor                 : 0.005
2025-08-15 18:26:44,129 - INFO - lr_critic                : 0.01
2025-08-15 18:26:44,129 - INFO - max_steps                : 200
2025-08-15 18:26:44,129 - INFO - normalize_states         : True
2025-08-15 18:26:44,129 - INFO - num_episodes             : 1500
2025-08-15 18:26:44,129 - INFO - predict_delta            : False
2025-08-15 18:26:44,129 - INFO - record                   : False
2025-08-15 18:26:44,129 - INFO - record_best_episodes     : True
2025-08-15 18:26:44,129 - INFO - recording_fps            : 30
2025-08-15 18:26:44,129 - INFO - reference_size           : 2
2025-08-15 18:26:44,129 - INFO - rls_action_size          : 1
2025-08-15 18:26:44,129 - INFO - rls_covariance           : 100.0
2025-08-15 18:26:44,129 - INFO - rls_gamma                : 0.9995
2025-08-15 18:26:44,129 - INFO - rls_state_size           : 2
2025-08-15 18:26:44,129 - INFO - save_interval            : 200
2025-08-15 18:26:44,129 - INFO - split                    : False
2025-08-15 18:26:44,129 - INFO - state_bounds             : {'theta': [-3.141592653589793, 3.141592653589793], 'theta_dot': [-8.0, 8.0]}
2025-08-15 18:26:44,129 - INFO - state_size               : 2
2025-08-15 18:26:44,129 - INFO - target_network           : True
2025-08-15 18:26:44,129 - INFO - tau                      : 0.001
2025-08-15 18:26:44,129 - INFO - update_cycles            : 2
2025-08-15 18:26:44,129 - INFO - ----------------------------------------
2025-08-15 18:26:44,129 - INFO - Log file: /home/osos/Mohamed_Masters_Thesis/DHP_pendulum/training_logs/dhp_pendulum_training_20250815_182644.log
2025-08-15 18:26:44,129 - INFO - ================================================================================
2025-08-15 18:26:44,130 - INFO - 
CONFIGURATION OVERRIDES APPLIED:
2025-08-15 18:26:44,130 - INFO -   num_episodes: 1500
2025-08-15 18:26:44,130 - INFO -   episode_length: 200
2025-08-15 18:26:44,130 - INFO -   max_steps: 200
2025-08-15 18:26:44,130 - INFO -   excitation_steps: 7500
2025-08-15 18:26:44,130 - INFO -   excitation_amplitude: 0.2
2025-08-15 18:26:44,130 - INFO -   log_interval: 50
2025-08-15 18:26:44,130 - INFO -   save_interval: 200
2025-08-15 18:26:44,130 - INFO -   gui: False
2025-08-15 18:26:44,130 - INFO -   record: False
2025-08-15 18:26:44,130 - INFO -   normalize_states: True
2025-08-15 18:26:44,130 - INFO -   record_best_episodes: True
2025-08-15 18:26:44,130 - INFO -   lr_critic: 0.01
2025-08-15 18:26:44,130 - INFO -   lr_actor: 0.005
2025-08-15 18:26:44,130 - INFO -   hidden_layer_size: [64, 64, 32]
2025-08-15 18:26:44,130 - INFO -   gamma: 0.95
2025-08-15 18:26:44,130 - INFO -   update_cycles: 2
2025-08-15 18:26:44,130 - INFO -   tau: 0.001
2025-08-15 18:26:44,130 - INFO - 
==================================================
2025-08-15 18:26:44,130 - INFO - STARTING DHP TRAINING FOR PENDULUM
2025-08-15 18:26:44,130 - INFO - ==================================================
2025-08-15 18:26:44,310 - INFO - 
Training for 1500 episodes...
2025-08-15 18:26:44,310 - INFO - Episode | Reward  | Avg Cost | Pos Error | Success | Time
2025-08-15 18:26:44,310 - INFO - ------------------------------------------------------------
2025-08-15 18:26:45,571 - INFO -       0 | -668.36 |   58.998 |    1.4182 |   0.000 |    1.3s
