2025-08-15 20:43:46,062 - INFO - ================================================================================
2025-08-15 20:43:46,062 - INFO - DHP PENDULUM TRAINING SESSION STARTED
2025-08-15 20:43:46,062 - INFO - ================================================================================
2025-08-15 20:43:46,062 - INFO - HYPERPARAMETERS:
2025-08-15 20:43:46,062 - INFO - ----------------------------------------
2025-08-15 20:43:46,062 - INFO - action_size              : 1
2025-08-15 20:43:46,062 - INFO - activation               : relu
2025-08-15 20:43:46,062 - INFO - best_episode_gui         : False
2025-08-15 20:43:46,062 - INFO - episode_length           : 200
2025-08-15 20:43:46,062 - INFO - excitation_amplitude     : 0.2
2025-08-15 20:43:46,062 - INFO - excitation_steps         : 7500
2025-08-15 20:43:46,062 - INFO - fixed_target             : 0
2025-08-15 20:43:46,062 - INFO - gamma                    : 0.95
2025-08-15 20:43:46,062 - INFO - gui                      : False
2025-08-15 20:43:46,063 - INFO - hidden_layer_size        : [64, 64, 32]
2025-08-15 20:43:46,063 - INFO - log_interval             : 50
2025-08-15 20:43:46,063 - INFO - lr_actor                 : 0.005
2025-08-15 20:43:46,063 - INFO - lr_critic                : 0.01
2025-08-15 20:43:46,063 - INFO - max_steps                : 200
2025-08-15 20:43:46,063 - INFO - normalize_states         : True
2025-08-15 20:43:46,063 - INFO - num_episodes             : 1500
2025-08-15 20:43:46,063 - INFO - predict_delta            : False
2025-08-15 20:43:46,063 - INFO - record                   : False
2025-08-15 20:43:46,063 - INFO - record_best_episodes     : True
2025-08-15 20:43:46,063 - INFO - recording_fps            : 30
2025-08-15 20:43:46,063 - INFO - reference_size           : 2
2025-08-15 20:43:46,063 - INFO - rls_action_size          : 1
2025-08-15 20:43:46,063 - INFO - rls_covariance           : 100.0
2025-08-15 20:43:46,063 - INFO - rls_gamma                : 0.9995
2025-08-15 20:43:46,063 - INFO - rls_state_size           : 2
2025-08-15 20:43:46,063 - INFO - save_interval            : 200
2025-08-15 20:43:46,063 - INFO - split                    : False
2025-08-15 20:43:46,063 - INFO - state_bounds             : {'theta': [-3.141592653589793, 3.141592653589793], 'theta_dot': [-8.0, 8.0]}
2025-08-15 20:43:46,063 - INFO - state_size               : 2
2025-08-15 20:43:46,063 - INFO - target_network           : True
2025-08-15 20:43:46,063 - INFO - tau                      : 0.001
2025-08-15 20:43:46,063 - INFO - update_cycles            : 2
2025-08-15 20:43:46,063 - INFO - ----------------------------------------
2025-08-15 20:43:46,063 - INFO - Log file: /home/osos/Mohamed_Masters_Thesis/DHP_pendulum/training_logs/dhp_pendulum_training_20250815_204346.log
2025-08-15 20:43:46,063 - INFO - ================================================================================
2025-08-15 20:43:46,064 - INFO - 
==================================================
2025-08-15 20:43:46,064 - INFO - STARTING DHP TRAINING FOR PENDULUM
2025-08-15 20:43:46,064 - INFO - ==================================================
2025-08-15 20:43:46,066 - WARNING - From /home/osos/Mohamed_Masters_Thesis/msc-thesis/agents/dhp.py:70: The name tf.Session is deprecated. Please use tf.compat.v1.Session instead.

2025-08-15 20:43:46,181 - WARNING - From /home/osos/Mohamed_Masters_Thesis/msc-thesis/agents/dhp.py:100: The name tf.placeholder is deprecated. Please use tf.compat.v1.placeholder instead.

2025-08-15 20:43:46,186 - WARNING - From /home/osos/Mohamed_Masters_Thesis/msc-thesis/agents/dhp.py:102: The name tf.placeholder_with_default is deprecated. Please use tf.compat.v1.placeholder_with_default instead.

2025-08-15 20:43:46,194 - WARNING - From /home/osos/Mohamed_Masters_Thesis/msc-thesis/agents/dhp.py:124: The name tf.variable_scope is deprecated. Please use tf.compat.v1.variable_scope instead.

2025-08-15 20:43:46,194 - WARNING - From /home/osos/Mohamed_Masters_Thesis/msc-thesis/agents/dhp.py:128: dense (from tensorflow.python.layers.core) is deprecated and will be removed in a future version.
Instructions for updating:
Use keras.layers.Dense instead.
2025-08-15 20:43:46,196 - WARNING - From /home/osos/anaconda3/envs/DHP/lib/python3.7/site-packages/tensorflow_core/python/layers/core.py:187: Layer.apply (from tensorflow.python.keras.engine.base_layer) is deprecated and will be removed in a future version.
Instructions for updating:
Please use `layer.__call__` method instead.
2025-08-15 20:43:46,234 - WARNING - From /home/osos/Mohamed_Masters_Thesis/msc-thesis/agents/dhp.py:133: The name tf.trainable_variables is deprecated. Please use tf.compat.v1.trainable_variables instead.

2025-08-15 20:43:46,246 - WARNING - From /home/osos/Mohamed_Masters_Thesis/msc-thesis/agents/dhp.py:139: The name tf.train.GradientDescentOptimizer is deprecated. Please use tf.compat.v1.train.GradientDescentOptimizer instead.

2025-08-15 20:43:46,275 - WARNING - From /home/osos/Mohamed_Masters_Thesis/msc-thesis/agents/dhp.py:156: The name tf.assign is deprecated. Please use tf.compat.v1.assign instead.

2025-08-15 20:43:46,335 - WARNING - From /home/osos/Mohamed_Masters_Thesis/msc-thesis/agents/dhp.py:79: The name tf.summary.merge_all is deprecated. Please use tf.compat.v1.summary.merge_all instead.

2025-08-15 20:43:46,335 - WARNING - From /home/osos/Mohamed_Masters_Thesis/msc-thesis/agents/dhp.py:80: The name tf.train.Saver is deprecated. Please use tf.compat.v1.train.Saver instead.

2025-08-15 20:43:46,348 - WARNING - From /home/osos/Mohamed_Masters_Thesis/msc-thesis/agents/dhp.py:81: The name tf.global_variables_initializer is deprecated. Please use tf.compat.v1.global_variables_initializer instead.

2025-08-15 20:43:46,389 - INFO - 
Training for 400 episodes...
2025-08-15 20:43:46,390 - INFO - Episode | Reward  | Avg Cost | Pos Error | Success | Time
2025-08-15 20:43:46,390 - INFO - ------------------------------------------------------------
2025-08-15 20:43:47,659 - INFO -       0 | -1477.27 |   14.570 |    2.4719 |   0.000 |    1.3s
2025-08-15 20:43:50,547 - INFO - CONVERGENCE EPISODE 3: 0.1239 rad
2025-08-15 20:43:55,368 - INFO - CONVERGENCE EPISODE 8: 0.0859 rad
2025-08-15 20:44:29,362 - INFO - CONVERGENCE EPISODE 42: 0.3271 rad
2025-08-15 20:44:37,681 - INFO -      50 | -961.70 |   34.910 |    1.6711 |   0.000 |   51.3s
2025-08-15 20:44:38,737 - INFO - CONVERGENCE EPISODE 51: 0.2235 rad
2025-08-15 20:44:39,782 - INFO - CONVERGENCE EPISODE 52: 0.4257 rad
2025-08-15 20:44:51,421 - INFO - CONVERGENCE EPISODE 64: 0.4129 rad
2025-08-15 20:44:59,445 - INFO - CONVERGENCE EPISODE 72: 0.2298 rad
2025-08-15 20:45:07,884 - INFO - CONVERGENCE EPISODE 80: 0.2617 rad
2025-08-15 20:45:29,523 - INFO - 
2025-08-15 20:45:29,523 - INFO - MILESTONE 100 ANALYSIS:
2025-08-15 20:45:29,524 - INFO -   Recent 50 episodes avg position error: 2.0528 ± 0.9774 rad
2025-08-15 20:45:29,524 - INFO -   Recent 50 episodes avg cost: 22.267
2025-08-15 20:45:29,524 - INFO -   Recent 50 episodes success rate: 0.00%
2025-08-15 20:45:29,524 - INFO -   Convergent episodes ratio (< 0.5 rad): 10.00%
2025-08-15 20:45:29,524 - INFO -   Total convergent episodes so far: 8
2025-08-15 20:45:29,524 - INFO -   Best performance: 0.0859 rad at episode 8
2025-08-15 20:45:29,524 - INFO -   Stable performance not yet achieved
2025-08-15 20:45:29,524 - INFO - 
2025-08-15 20:45:29,524 - INFO -     100 | -1288.31 |   22.666 |    1.8022 |   0.000 |  103.1s
