2025-08-16 16:56:23,257 - INFO - ================================================================================
2025-08-16 16:56:23,257 - INFO - DHP PENDULUM TRAINING SESSION STARTED
2025-08-16 16:56:23,257 - INFO - ================================================================================
2025-08-16 16:56:23,257 - INFO - HYPERPARAMETERS:
2025-08-16 16:56:23,258 - INFO - ----------------------------------------
2025-08-16 16:56:23,258 - INFO - action_size              : 1
2025-08-16 16:56:23,258 - INFO - activation               : tanh
2025-08-16 16:56:23,258 - INFO - best_episode_gui         : False
2025-08-16 16:56:23,258 - INFO - episode_length           : 200
2025-08-16 16:56:23,258 - INFO - excitation_amplitude     : 0.2
2025-08-16 16:56:23,258 - INFO - excitation_steps         : 7500
2025-08-16 16:56:23,258 - INFO - gamma                    : 0.95
2025-08-16 16:56:23,258 - INFO - gui                      : False
2025-08-16 16:56:23,258 - INFO - hidden_layer_size        : [64, 64, 32]
2025-08-16 16:56:23,258 - INFO - log_interval             : 50
2025-08-16 16:56:23,258 - INFO - lr_actor                 : 0.005
2025-08-16 16:56:23,258 - INFO - lr_critic                : 0.01
2025-08-16 16:56:23,258 - INFO - max_steps                : 200
2025-08-16 16:56:23,258 - INFO - normalize_states         : True
2025-08-16 16:56:23,258 - INFO - num_episodes             : 1500
2025-08-16 16:56:23,258 - INFO - predict_delta            : False
2025-08-16 16:56:23,258 - INFO - record                   : False
2025-08-16 16:56:23,258 - INFO - record_best_episodes     : True
2025-08-16 16:56:23,258 - INFO - recording_fps            : 30
2025-08-16 16:56:23,258 - INFO - reference_size           : 2
2025-08-16 16:56:23,258 - INFO - render_best_only         : True
2025-08-16 16:56:23,258 - INFO - render_episode_steps     : 50
2025-08-16 16:56:23,258 - INFO - render_frequency         : 10
2025-08-16 16:56:23,258 - INFO - render_realtime          : False
2025-08-16 16:56:23,258 - INFO - render_training          : False
2025-08-16 16:56:23,258 - INFO - rls_action_size          : 1
2025-08-16 16:56:23,258 - INFO - rls_covariance           : 100.0
2025-08-16 16:56:23,258 - INFO - rls_gamma                : 0.9995
2025-08-16 16:56:23,258 - INFO - rls_state_size           : 2
2025-08-16 16:56:23,258 - INFO - save_interval            : 200
2025-08-16 16:56:23,258 - INFO - split                    : False
2025-08-16 16:56:23,259 - INFO - state_bounds             : {'theta': [-3.141592653589793, 3.141592653589793], 'theta_dot': [-8.0, 8.0]}
2025-08-16 16:56:23,259 - INFO - state_size               : 2
2025-08-16 16:56:23,259 - INFO - target_network           : True
2025-08-16 16:56:23,259 - INFO - tau                      : 0.001
2025-08-16 16:56:23,259 - INFO - update_cycles            : 2
2025-08-16 16:56:23,259 - INFO - ----------------------------------------
2025-08-16 16:56:23,259 - INFO - Log file: /home/osos/Mohamed_Masters_Thesis/DHP_pendulum/training_logs/dhp_pendulum_training_20250816_165623.log
2025-08-16 16:56:23,259 - INFO - ================================================================================
2025-08-16 16:56:23,259 - INFO - 
==================================================
2025-08-16 16:56:23,259 - INFO - STARTING DHP TRAINING FOR PENDULUM
2025-08-16 16:56:23,259 - INFO - ==================================================
2025-08-16 16:56:23,260 - WARNING - From /home/osos/Mohamed_Masters_Thesis/msc-thesis/agents/dhp.py:70: The name tf.Session is deprecated. Please use tf.compat.v1.Session instead.

2025-08-16 16:56:23,367 - WARNING - From /home/osos/Mohamed_Masters_Thesis/msc-thesis/agents/dhp.py:100: The name tf.placeholder is deprecated. Please use tf.compat.v1.placeholder instead.

2025-08-16 16:56:23,368 - WARNING - From /home/osos/Mohamed_Masters_Thesis/msc-thesis/agents/dhp.py:102: The name tf.placeholder_with_default is deprecated. Please use tf.compat.v1.placeholder_with_default instead.

2025-08-16 16:56:23,370 - WARNING - From /home/osos/Mohamed_Masters_Thesis/msc-thesis/agents/dhp.py:124: The name tf.variable_scope is deprecated. Please use tf.compat.v1.variable_scope instead.

2025-08-16 16:56:23,371 - WARNING - From /home/osos/Mohamed_Masters_Thesis/msc-thesis/agents/dhp.py:128: dense (from tensorflow.python.layers.core) is deprecated and will be removed in a future version.
Instructions for updating:
Use keras.layers.Dense instead.
2025-08-16 16:56:23,371 - WARNING - From /home/osos/anaconda3/envs/DHP/lib/python3.7/site-packages/tensorflow_core/python/layers/core.py:187: Layer.apply (from tensorflow.python.keras.engine.base_layer) is deprecated and will be removed in a future version.
Instructions for updating:
Please use `layer.__call__` method instead.
2025-08-16 16:56:23,413 - WARNING - From /home/osos/Mohamed_Masters_Thesis/msc-thesis/agents/dhp.py:133: The name tf.trainable_variables is deprecated. Please use tf.compat.v1.trainable_variables instead.

2025-08-16 16:56:23,432 - WARNING - From /home/osos/Mohamed_Masters_Thesis/msc-thesis/agents/dhp.py:139: The name tf.train.GradientDescentOptimizer is deprecated. Please use tf.compat.v1.train.GradientDescentOptimizer instead.

2025-08-16 16:56:23,469 - WARNING - From /home/osos/Mohamed_Masters_Thesis/msc-thesis/agents/dhp.py:156: The name tf.assign is deprecated. Please use tf.compat.v1.assign instead.

2025-08-16 16:56:23,565 - WARNING - From /home/osos/Mohamed_Masters_Thesis/msc-thesis/agents/dhp.py:79: The name tf.summary.merge_all is deprecated. Please use tf.compat.v1.summary.merge_all instead.

2025-08-16 16:56:23,565 - WARNING - From /home/osos/Mohamed_Masters_Thesis/msc-thesis/agents/dhp.py:80: The name tf.train.Saver is deprecated. Please use tf.compat.v1.train.Saver instead.

2025-08-16 16:56:23,581 - WARNING - From /home/osos/Mohamed_Masters_Thesis/msc-thesis/agents/dhp.py:81: The name tf.global_variables_initializer is deprecated. Please use tf.compat.v1.global_variables_initializer instead.

2025-08-16 16:56:23,642 - INFO - 
Training for 1000 episodes...
2025-08-16 16:56:23,642 - INFO - Episode | Reward  | Avg Cost | Pos Error | Success | Time
2025-08-16 16:56:23,643 - INFO - ------------------------------------------------------------
2025-08-16 16:56:50,339 - INFO -       0 | -15808.44 |  913.094 |    2.9258 |   0.000 |   26.7s
2025-08-16 17:00:48,397 - INFO - CONVERGENCE EPISODE 10: 0.0016 rad
2025-08-16 17:01:01,256 - INFO - CONVERGENCE EPISODE 11: 0.0011 rad
2025-08-16 17:01:14,294 - INFO - CONVERGENCE EPISODE 12: 0.0028 rad
2025-08-16 17:02:17,540 - INFO - CONVERGENCE EPISODE 15: 0.0013 rad
2025-08-16 17:02:24,346 - INFO - CONVERGENCE EPISODE 16: 0.0002 rad
2025-08-16 17:02:41,265 - INFO - CONVERGENCE EPISODE 17: 0.0005 rad
2025-08-16 17:02:50,540 - INFO - CONVERGENCE EPISODE 18: 0.0025 rad
2025-08-16 17:02:59,944 - INFO - CONVERGENCE EPISODE 19: 0.0012 rad
2025-08-16 17:03:10,249 - INFO - CONVERGENCE EPISODE 20: 0.0017 rad
2025-08-16 17:03:15,364 - INFO - CONVERGENCE EPISODE 21: 0.0022 rad
2025-08-16 17:03:22,904 - INFO - CONVERGENCE EPISODE 22: 0.0012 rad
2025-08-16 17:03:26,029 - INFO - CONVERGENCE EPISODE 23: 0.0028 rad
2025-08-16 17:03:34,890 - INFO - CONVERGENCE EPISODE 24: 0.0021 rad
2025-08-16 17:03:34,890 - INFO - STABLE PERFORMANCE ACHIEVED starting at episode 15
2025-08-16 17:03:44,084 - INFO - CONVERGENCE EPISODE 25: 0.0010 rad
2025-08-16 17:03:44,084 - INFO -      25 | -1126.51 | 56105.096 |    0.0010 |   0.000 |  440.4s
2025-08-16 17:03:51,451 - INFO - CONVERGENCE EPISODE 26: 0.0014 rad
2025-08-16 17:04:00,643 - INFO - CONVERGENCE EPISODE 27: 0.0004 rad
2025-08-16 17:04:09,144 - INFO - CONVERGENCE EPISODE 28: 0.0023 rad
2025-08-16 17:04:17,011 - INFO - CONVERGENCE EPISODE 29: 0.0002 rad
2025-08-16 17:04:24,710 - INFO - CONVERGENCE EPISODE 30: 0.0028 rad
2025-08-16 17:04:31,596 - INFO - CONVERGENCE EPISODE 31: 0.0014 rad
2025-08-16 17:04:38,340 - INFO - CONVERGENCE EPISODE 32: 0.0015 rad
2025-08-16 17:04:45,615 - INFO - CONVERGENCE EPISODE 33: 0.0015 rad
2025-08-16 17:04:55,688 - INFO - CONVERGENCE EPISODE 34: 0.0001 rad
2025-08-16 17:05:06,740 - INFO - CONVERGENCE EPISODE 35: 0.0021 rad
2025-08-16 17:05:12,847 - INFO - CONVERGENCE EPISODE 36: 0.0021 rad
