2025-08-15 01:24:42,144 - INFO - ================================================================================
2025-08-15 01:24:42,144 - INFO - DHP PENDULUM TRAINING SESSION STARTED
2025-08-15 01:24:42,144 - INFO - ================================================================================
2025-08-15 01:24:42,144 - INFO - HYPERPARAMETERS:
2025-08-15 01:24:42,144 - INFO - ----------------------------------------
2025-08-15 01:24:42,144 - INFO - action_size              : 1
2025-08-15 01:24:42,144 - INFO - best_episode_gui         : False
2025-08-15 01:24:42,144 - INFO - episode_length           : 200
2025-08-15 01:24:42,144 - INFO - excitation_amplitude     : 0.2
2025-08-15 01:24:42,144 - INFO - excitation_steps         : 7500
2025-08-15 01:24:42,144 - INFO - fixed_target             : None
2025-08-15 01:24:42,144 - INFO - gamma                    : 0.95
2025-08-15 01:24:42,144 - INFO - gui                      : False
2025-08-15 01:24:42,144 - INFO - hidden_layer_size        : [64, 64, 32]
2025-08-15 01:24:42,144 - INFO - log_interval             : 50
2025-08-15 01:24:42,144 - INFO - lr_actor                 : 0.005
2025-08-15 01:24:42,144 - INFO - lr_critic                : 0.01
2025-08-15 01:24:42,144 - INFO - max_steps                : 200
2025-08-15 01:24:42,144 - INFO - normalize_states         : True
2025-08-15 01:24:42,144 - INFO - num_episodes             : 1500
2025-08-15 01:24:42,144 - INFO - predict_delta            : False
2025-08-15 01:24:42,144 - INFO - record                   : False
2025-08-15 01:24:42,144 - INFO - record_best_episodes     : True
2025-08-15 01:24:42,145 - INFO - recording_fps            : 30
2025-08-15 01:24:42,145 - INFO - reference_size           : 3
2025-08-15 01:24:42,145 - INFO - rls_action_size          : 1
2025-08-15 01:24:42,145 - INFO - rls_covariance           : 100.0
2025-08-15 01:24:42,145 - INFO - rls_gamma                : 0.9995
2025-08-15 01:24:42,145 - INFO - rls_state_size           : 3
2025-08-15 01:24:42,145 - INFO - save_interval            : 200
2025-08-15 01:24:42,145 - INFO - split                    : False
2025-08-15 01:24:42,145 - INFO - state_bounds             : {'cos_theta': [-1.0, 1.0], 'sin_theta': [-1.0, 1.0], 'theta_dot': [-8.0, 8.0]}
2025-08-15 01:24:42,145 - INFO - state_size               : 3
2025-08-15 01:24:42,145 - INFO - target_network           : True
2025-08-15 01:24:42,145 - INFO - tau                      : 0.001
2025-08-15 01:24:42,145 - INFO - update_cycles            : 2
2025-08-15 01:24:42,145 - INFO - ----------------------------------------
2025-08-15 01:24:42,145 - INFO - Log file: /home/osos/Mohamed_Masters_Thesis/DHP_pendulum/training_logs/dhp_pendulum_training_20250815_012442.log
2025-08-15 01:24:42,145 - INFO - ================================================================================
2025-08-15 01:24:42,145 - INFO - 
CONFIGURATION OVERRIDES APPLIED:
2025-08-15 01:24:42,145 - INFO -   num_episodes: 400
2025-08-15 01:24:42,145 - INFO -   episode_length: 200
2025-08-15 01:24:42,145 - INFO -   max_steps: 200
2025-08-15 01:24:42,145 - INFO -   excitation_steps: 7500
2025-08-15 01:24:42,145 - INFO -   excitation_amplitude: 0.2
2025-08-15 01:24:42,145 - INFO -   log_interval: 50
2025-08-15 01:24:42,145 - INFO -   save_interval: 200
2025-08-15 01:24:42,145 - INFO -   gui: False
2025-08-15 01:24:42,145 - INFO -   record: False
2025-08-15 01:24:42,145 - INFO -   normalize_states: True
2025-08-15 01:24:42,145 - INFO -   record_best_episodes: True
2025-08-15 01:24:42,145 - INFO -   lr_critic: 0.001
2025-08-15 01:24:42,146 - INFO -   lr_actor: 0.0005
2025-08-15 01:24:42,146 - INFO -   hidden_layer_size: [64, 64, 32]
2025-08-15 01:24:42,146 - INFO -   gamma: 0.95
2025-08-15 01:24:42,146 - INFO -   update_cycles: 2
2025-08-15 01:24:42,146 - INFO -   tau: 0.001
2025-08-15 01:24:42,146 - INFO - 
==================================================
2025-08-15 01:24:42,146 - INFO - STARTING DHP TRAINING FOR PENDULUM
2025-08-15 01:24:42,146 - INFO - ==================================================
2025-08-15 01:24:42,147 - WARNING - From /home/osos/Mohamed_Masters_Thesis/msc-thesis/agents/dhp.py:70: The name tf.Session is deprecated. Please use tf.compat.v1.Session instead.

2025-08-15 01:24:42,259 - WARNING - From /home/osos/Mohamed_Masters_Thesis/msc-thesis/agents/dhp.py:100: The name tf.placeholder is deprecated. Please use tf.compat.v1.placeholder instead.

2025-08-15 01:24:42,260 - WARNING - From /home/osos/Mohamed_Masters_Thesis/msc-thesis/agents/dhp.py:102: The name tf.placeholder_with_default is deprecated. Please use tf.compat.v1.placeholder_with_default instead.

2025-08-15 01:24:42,262 - WARNING - From /home/osos/Mohamed_Masters_Thesis/msc-thesis/agents/dhp.py:124: The name tf.variable_scope is deprecated. Please use tf.compat.v1.variable_scope instead.

2025-08-15 01:24:42,263 - WARNING - From /home/osos/Mohamed_Masters_Thesis/msc-thesis/agents/dhp.py:128: dense (from tensorflow.python.layers.core) is deprecated and will be removed in a future version.
Instructions for updating:
Use keras.layers.Dense instead.
2025-08-15 01:24:42,263 - WARNING - From /home/osos/anaconda3/envs/DHP/lib/python3.7/site-packages/tensorflow_core/python/layers/core.py:187: Layer.apply (from tensorflow.python.keras.engine.base_layer) is deprecated and will be removed in a future version.
Instructions for updating:
Please use `layer.__call__` method instead.
2025-08-15 01:24:42,291 - WARNING - From /home/osos/Mohamed_Masters_Thesis/msc-thesis/agents/dhp.py:133: The name tf.trainable_variables is deprecated. Please use tf.compat.v1.trainable_variables instead.

2025-08-15 01:24:42,300 - WARNING - From /home/osos/Mohamed_Masters_Thesis/msc-thesis/agents/dhp.py:139: The name tf.train.GradientDescentOptimizer is deprecated. Please use tf.compat.v1.train.GradientDescentOptimizer instead.

2025-08-15 01:24:42,330 - WARNING - From /home/osos/Mohamed_Masters_Thesis/msc-thesis/agents/dhp.py:156: The name tf.assign is deprecated. Please use tf.compat.v1.assign instead.

2025-08-15 01:24:42,390 - WARNING - From /home/osos/Mohamed_Masters_Thesis/msc-thesis/agents/dhp.py:79: The name tf.summary.merge_all is deprecated. Please use tf.compat.v1.summary.merge_all instead.

2025-08-15 01:24:42,390 - WARNING - From /home/osos/Mohamed_Masters_Thesis/msc-thesis/agents/dhp.py:80: The name tf.train.Saver is deprecated. Please use tf.compat.v1.train.Saver instead.

2025-08-15 01:24:42,401 - WARNING - From /home/osos/Mohamed_Masters_Thesis/msc-thesis/agents/dhp.py:81: The name tf.global_variables_initializer is deprecated. Please use tf.compat.v1.global_variables_initializer instead.

2025-08-15 01:24:42,448 - INFO - 
Training for 400 episodes...
2025-08-15 01:24:42,448 - INFO - Episode | Reward  | Avg Cost | Pos Error | Success | Time
2025-08-15 01:24:42,448 - INFO - ------------------------------------------------------------
2025-08-15 01:24:43,825 - INFO -       0 | -1237.12 |   44.177 |    0.9407 |   0.000 |    1.4s
2025-08-15 01:24:49,724 - INFO - CONVERGENCE EPISODE 6: 0.4871 rad
2025-08-15 01:24:50,695 - INFO - CONVERGENCE EPISODE 7: 0.1743 rad
2025-08-15 01:24:56,458 - INFO - CONVERGENCE EPISODE 13: 0.2139 rad
2025-08-15 01:24:57,441 - INFO - CONVERGENCE EPISODE 14: 0.2422 rad
2025-08-15 01:25:01,316 - INFO - CONVERGENCE EPISODE 18: 0.4302 rad
2025-08-15 01:25:02,286 - INFO - CONVERGENCE EPISODE 19: 0.3818 rad
2025-08-15 01:25:14,904 - INFO - CONVERGENCE EPISODE 32: 0.1855 rad
2025-08-15 01:25:18,953 - INFO - CONVERGENCE EPISODE 36: 0.3785 rad
2025-08-15 01:25:21,944 - INFO - CONVERGENCE EPISODE 39: 0.2039 rad
2025-08-15 01:25:32,634 - INFO - CONVERGENCE EPISODE 50: 0.1315 rad
2025-08-15 01:25:32,635 - INFO -      50 | -269.36 |    6.063 |    0.1315 |   0.000 |   50.2s
2025-08-15 01:25:37,503 - INFO - CONVERGENCE EPISODE 55: 0.2052 rad
2025-08-15 01:25:39,419 - INFO - CONVERGENCE EPISODE 57: 0.0636 rad
2025-08-15 01:25:44,263 - INFO - CONVERGENCE EPISODE 62: 0.4149 rad
2025-08-15 01:26:06,540 - INFO - CONVERGENCE EPISODE 85: 0.4477 rad
2025-08-15 01:26:12,297 - INFO - CONVERGENCE EPISODE 91: 0.4053 rad
2025-08-15 01:26:16,210 - INFO - CONVERGENCE EPISODE 95: 0.4246 rad
2025-08-15 01:26:18,151 - INFO - CONVERGENCE EPISODE 97: 0.3103 rad
2025-08-15 01:26:19,143 - INFO - CONVERGENCE EPISODE 98: 0.3223 rad
2025-08-15 01:26:20,136 - INFO - CONVERGENCE EPISODE 99: 0.3569 rad
2025-08-15 01:26:21,108 - INFO - CONVERGENCE EPISODE 100: 0.0707 rad
2025-08-15 01:26:21,109 - INFO - 
2025-08-15 01:26:21,109 - INFO - MILESTONE 100 ANALYSIS:
2025-08-15 01:26:21,109 - INFO -   Recent 50 episodes avg position error: 1.5845 ± 0.9096 rad
2025-08-15 01:26:21,109 - INFO -   Recent 50 episodes avg cost: 32.872
2025-08-15 01:26:21,109 - INFO -   Recent 50 episodes success rate: 4.00%
2025-08-15 01:26:21,109 - INFO -   Convergent episodes ratio (< 0.5 rad): 20.00%
2025-08-15 01:26:21,109 - INFO -   Total convergent episodes so far: 20
2025-08-15 01:26:21,109 - INFO -   Best performance: 0.0636 rad at episode 57
2025-08-15 01:26:21,109 - INFO -   Stable performance not yet achieved
2025-08-15 01:26:21,109 - INFO - 
2025-08-15 01:26:21,109 - INFO -     100 | -893.96 |   25.521 |    0.0707 |   1.000 |   98.7s
2025-08-15 01:26:28,893 - INFO - CONVERGENCE EPISODE 108: 0.1185 rad
2025-08-15 01:26:36,720 - INFO - CONVERGENCE EPISODE 116: 0.1164 rad
2025-08-15 01:26:37,684 - INFO - CONVERGENCE EPISODE 117: 0.4256 rad
2025-08-15 01:26:46,426 - INFO - CONVERGENCE EPISODE 126: 0.0438 rad
2025-08-15 01:26:47,412 - INFO - CONVERGENCE EPISODE 127: 0.4574 rad
2025-08-15 01:27:03,955 - INFO - CONVERGENCE EPISODE 144: 0.1249 rad
2025-08-15 01:27:05,894 - INFO - CONVERGENCE EPISODE 146: 0.4612 rad
2025-08-15 01:27:08,814 - INFO - CONVERGENCE EPISODE 149: 0.1417 rad
2025-08-15 01:27:09,784 - INFO -     150 | -215.82 |    9.336 |    1.3277 |   0.000 |  147.3s
2025-08-15 01:27:18,527 - INFO - CONVERGENCE EPISODE 159: 0.2910 rad
2025-08-15 01:27:27,317 - INFO - CONVERGENCE EPISODE 168: 0.2519 rad
2025-08-15 01:27:28,291 - INFO - CONVERGENCE EPISODE 169: 0.2198 rad
2025-08-15 01:27:32,149 - INFO - CONVERGENCE EPISODE 173: 0.1758 rad
2025-08-15 01:27:38,313 - INFO - CONVERGENCE EPISODE 179: 0.0274 rad
2025-08-15 01:27:42,274 - INFO - CONVERGENCE EPISODE 183: 0.3972 rad
2025-08-15 01:27:45,170 - INFO - CONVERGENCE EPISODE 186: 0.3332 rad
2025-08-15 01:27:50,974 - INFO - CONVERGENCE EPISODE 192: 0.1049 rad
2025-08-15 01:27:53,834 - INFO - CONVERGENCE EPISODE 195: 0.0800 rad
2025-08-15 01:27:57,701 - INFO - CONVERGENCE EPISODE 199: 0.3894 rad
2025-08-15 01:27:58,658 - INFO -     200 | -971.99 |   35.698 |    2.0079 |   0.000 |  196.2s
2025-08-15 01:28:25,023 - INFO - CONVERGENCE EPISODE 227: 0.1502 rad
2025-08-15 01:28:27,915 - INFO - CONVERGENCE EPISODE 230: 0.1633 rad
2025-08-15 01:28:28,909 - INFO - CONVERGENCE EPISODE 231: 0.3620 rad
2025-08-15 01:28:32,863 - INFO - CONVERGENCE EPISODE 235: 0.0210 rad
2025-08-15 01:28:43,604 - INFO - CONVERGENCE EPISODE 246: 0.4674 rad
2025-08-15 01:28:47,479 - INFO - 
2025-08-15 01:28:47,479 - INFO - MILESTONE 250 ANALYSIS:
2025-08-15 01:28:47,479 - INFO -   Recent 50 episodes avg position error: 1.5744 ± 0.8455 rad
2025-08-15 01:28:47,479 - INFO -   Recent 50 episodes avg cost: 33.137
2025-08-15 01:28:47,479 - INFO -   Recent 50 episodes success rate: 2.00%
2025-08-15 01:28:47,479 - INFO -   Convergent episodes ratio (< 0.5 rad): 10.00%
2025-08-15 01:28:47,479 - INFO -   Total convergent episodes so far: 43
2025-08-15 01:28:47,479 - INFO -   Best performance: 0.0210 rad at episode 235
2025-08-15 01:28:47,479 - INFO -   Stable performance not yet achieved
2025-08-15 01:28:47,479 - INFO - 
2025-08-15 01:28:47,479 - INFO -     250 | -960.69 |   33.896 |    1.6515 |   0.000 |  245.0s
2025-08-15 01:29:13,669 - INFO - CONVERGENCE EPISODE 277: 0.1743 rad
2025-08-15 01:29:18,504 - INFO - CONVERGENCE EPISODE 282: 0.1195 rad
2025-08-15 01:29:19,466 - INFO - CONVERGENCE EPISODE 283: 0.2421 rad
2025-08-15 01:29:22,422 - INFO - CONVERGENCE EPISODE 286: 0.1209 rad
2025-08-15 01:29:24,429 - INFO - CONVERGENCE EPISODE 288: 0.4819 rad
2025-08-15 01:29:29,262 - INFO - CONVERGENCE EPISODE 293: 0.3566 rad
2025-08-15 01:29:36,274 - INFO - CONVERGENCE EPISODE 300: 0.4635 rad
2025-08-15 01:29:36,274 - INFO -     300 | -943.69 |   28.108 |    0.4635 |   0.000 |  293.8s
2025-08-15 01:29:37,258 - INFO - CONVERGENCE EPISODE 301: 0.1912 rad
2025-08-15 01:29:42,096 - INFO - CONVERGENCE EPISODE 306: 0.2656 rad
2025-08-15 01:29:43,080 - INFO - CONVERGENCE EPISODE 307: 0.0581 rad
2025-08-15 01:29:58,576 - INFO - CONVERGENCE EPISODE 323: 0.3611 rad
2025-08-15 01:30:04,399 - INFO - CONVERGENCE EPISODE 329: 0.2235 rad
2025-08-15 01:30:05,485 - INFO - CONVERGENCE EPISODE 330: 0.4749 rad
2025-08-15 01:30:10,645 - INFO - CONVERGENCE EPISODE 335: 0.2076 rad
2025-08-15 01:30:14,560 - INFO - CONVERGENCE EPISODE 339: 0.0393 rad
2025-08-15 01:30:25,236 - INFO -     350 | -107.99 |    4.791 |    0.9187 |   0.000 |  342.8s
2025-08-15 01:30:33,105 - INFO - CONVERGENCE EPISODE 358: 0.3234 rad
2025-08-15 01:30:36,079 - INFO - CONVERGENCE EPISODE 361: 0.0925 rad
2025-08-15 01:31:01,089 - INFO - CONVERGENCE EPISODE 387: 0.0096 rad
2025-08-15 01:31:07,861 - INFO - CONVERGENCE EPISODE 394: 0.4532 rad
2025-08-15 01:31:09,794 - INFO - CONVERGENCE EPISODE 396: 0.1927 rad
2025-08-15 01:31:12,690 - INFO - 
================================================================================
2025-08-15 01:31:12,690 - INFO - TRAINING COMPLETED - FINAL ANALYSIS
2025-08-15 01:31:12,690 - INFO - ================================================================================
2025-08-15 01:31:12,690 - INFO - Total training time: 390.2 seconds (6.5 minutes)
