2025-08-15 19:06:21,663 - INFO - ================================================================================
2025-08-15 19:06:21,663 - INFO - DHP PENDULUM TRAINING SESSION STARTED
2025-08-15 19:06:21,663 - INFO - ================================================================================
2025-08-15 19:06:21,663 - INFO - HYPERPARAMETERS:
2025-08-15 19:06:21,663 - INFO - ----------------------------------------
2025-08-15 19:06:21,663 - INFO - action_size              : 1
2025-08-15 19:06:21,664 - INFO - activation               : relu
2025-08-15 19:06:21,664 - INFO - best_episode_gui         : False
2025-08-15 19:06:21,664 - INFO - episode_length           : 200
2025-08-15 19:06:21,664 - INFO - excitation_amplitude     : 0.2
2025-08-15 19:06:21,664 - INFO - excitation_steps         : 7500
2025-08-15 19:06:21,664 - INFO - fixed_target             : 3.141592653589793
2025-08-15 19:06:21,664 - INFO - gamma                    : 0.95
2025-08-15 19:06:21,664 - INFO - gui                      : False
2025-08-15 19:06:21,664 - INFO - hidden_layer_size        : [64, 64, 32]
2025-08-15 19:06:21,664 - INFO - log_interval             : 50
2025-08-15 19:06:21,664 - INFO - lr_actor                 : 0.005
2025-08-15 19:06:21,664 - INFO - lr_critic                : 0.01
2025-08-15 19:06:21,664 - INFO - max_steps                : 200
2025-08-15 19:06:21,664 - INFO - normalize_states         : True
2025-08-15 19:06:21,664 - INFO - num_episodes             : 1500
2025-08-15 19:06:21,664 - INFO - predict_delta            : False
2025-08-15 19:06:21,664 - INFO - record                   : False
2025-08-15 19:06:21,664 - INFO - record_best_episodes     : True
2025-08-15 19:06:21,664 - INFO - recording_fps            : 30
2025-08-15 19:06:21,664 - INFO - reference_size           : 2
2025-08-15 19:06:21,664 - INFO - rls_action_size          : 1
2025-08-15 19:06:21,664 - INFO - rls_covariance           : 100.0
2025-08-15 19:06:21,664 - INFO - rls_gamma                : 0.9995
2025-08-15 19:06:21,664 - INFO - rls_state_size           : 2
2025-08-15 19:06:21,664 - INFO - save_interval            : 200
2025-08-15 19:06:21,664 - INFO - split                    : False
2025-08-15 19:06:21,664 - INFO - state_bounds             : {'theta': [-3.141592653589793, 3.141592653589793], 'theta_dot': [-8.0, 8.0]}
2025-08-15 19:06:21,664 - INFO - state_size               : 2
2025-08-15 19:06:21,665 - INFO - target_network           : True
2025-08-15 19:06:21,665 - INFO - tau                      : 0.001
2025-08-15 19:06:21,665 - INFO - update_cycles            : 2
2025-08-15 19:06:21,665 - INFO - ----------------------------------------
2025-08-15 19:06:21,665 - INFO - Log file: /home/osos/Mohamed_Masters_Thesis/DHP_pendulum/training_logs/dhp_pendulum_training_20250815_190621.log
2025-08-15 19:06:21,665 - INFO - ================================================================================
2025-08-15 19:06:21,665 - INFO - 
==================================================
2025-08-15 19:06:21,665 - INFO - STARTING DHP TRAINING FOR PENDULUM
2025-08-15 19:06:21,665 - INFO - ==================================================
2025-08-15 19:06:21,668 - WARNING - From /home/osos/Mohamed_Masters_Thesis/msc-thesis/agents/dhp.py:70: The name tf.Session is deprecated. Please use tf.compat.v1.Session instead.

2025-08-15 19:06:21,779 - WARNING - From /home/osos/Mohamed_Masters_Thesis/msc-thesis/agents/dhp.py:100: The name tf.placeholder is deprecated. Please use tf.compat.v1.placeholder instead.

2025-08-15 19:06:21,780 - WARNING - From /home/osos/Mohamed_Masters_Thesis/msc-thesis/agents/dhp.py:102: The name tf.placeholder_with_default is deprecated. Please use tf.compat.v1.placeholder_with_default instead.

2025-08-15 19:06:21,783 - WARNING - From /home/osos/Mohamed_Masters_Thesis/msc-thesis/agents/dhp.py:124: The name tf.variable_scope is deprecated. Please use tf.compat.v1.variable_scope instead.

2025-08-15 19:06:21,783 - WARNING - From /home/osos/Mohamed_Masters_Thesis/msc-thesis/agents/dhp.py:128: dense (from tensorflow.python.layers.core) is deprecated and will be removed in a future version.
Instructions for updating:
Use keras.layers.Dense instead.
2025-08-15 19:06:21,784 - WARNING - From /home/osos/anaconda3/envs/DHP/lib/python3.7/site-packages/tensorflow_core/python/layers/core.py:187: Layer.apply (from tensorflow.python.keras.engine.base_layer) is deprecated and will be removed in a future version.
Instructions for updating:
Please use `layer.__call__` method instead.
2025-08-15 19:06:21,812 - WARNING - From /home/osos/Mohamed_Masters_Thesis/msc-thesis/agents/dhp.py:133: The name tf.trainable_variables is deprecated. Please use tf.compat.v1.trainable_variables instead.

2025-08-15 19:06:21,822 - WARNING - From /home/osos/Mohamed_Masters_Thesis/msc-thesis/agents/dhp.py:139: The name tf.train.GradientDescentOptimizer is deprecated. Please use tf.compat.v1.train.GradientDescentOptimizer instead.

2025-08-15 19:06:21,851 - WARNING - From /home/osos/Mohamed_Masters_Thesis/msc-thesis/agents/dhp.py:156: The name tf.assign is deprecated. Please use tf.compat.v1.assign instead.

2025-08-15 19:06:21,911 - WARNING - From /home/osos/Mohamed_Masters_Thesis/msc-thesis/agents/dhp.py:79: The name tf.summary.merge_all is deprecated. Please use tf.compat.v1.summary.merge_all instead.

2025-08-15 19:06:21,911 - WARNING - From /home/osos/Mohamed_Masters_Thesis/msc-thesis/agents/dhp.py:80: The name tf.train.Saver is deprecated. Please use tf.compat.v1.train.Saver instead.

2025-08-15 19:06:21,921 - WARNING - From /home/osos/Mohamed_Masters_Thesis/msc-thesis/agents/dhp.py:81: The name tf.global_variables_initializer is deprecated. Please use tf.compat.v1.global_variables_initializer instead.

2025-08-15 19:06:21,966 - INFO - 
Training for 400 episodes...
2025-08-15 19:06:21,966 - INFO - Episode | Reward  | Avg Cost | Pos Error | Success | Time
2025-08-15 19:06:21,966 - INFO - ------------------------------------------------------------
2025-08-15 19:06:23,260 - INFO - CONVERGENCE EPISODE 0: 0.0998 rad
2025-08-15 19:06:23,260 - INFO -       0 | -528.17 |   50.838 |    0.0998 |   1.000 |    1.3s
2025-08-15 19:06:29,944 - INFO - CONVERGENCE EPISODE 7: 0.2156 rad
2025-08-15 19:06:31,850 - INFO - CONVERGENCE EPISODE 9: 0.1611 rad
2025-08-15 19:06:35,737 - INFO - CONVERGENCE EPISODE 13: 0.3959 rad
2025-08-15 19:06:39,541 - INFO - CONVERGENCE EPISODE 17: 0.1664 rad
2025-08-15 19:06:40,496 - INFO - CONVERGENCE EPISODE 18: 0.1925 rad
2025-08-15 19:06:44,310 - INFO - CONVERGENCE EPISODE 22: 0.3555 rad
2025-08-15 19:06:47,128 - INFO - CONVERGENCE EPISODE 25: 0.0309 rad
2025-08-15 19:06:52,851 - INFO - CONVERGENCE EPISODE 31: 0.3599 rad
2025-08-15 19:06:53,810 - INFO - CONVERGENCE EPISODE 32: 0.2046 rad
2025-08-15 19:06:54,784 - INFO - CONVERGENCE EPISODE 33: 0.4971 rad
2025-08-15 19:06:56,688 - INFO - CONVERGENCE EPISODE 35: 0.4372 rad
2025-08-15 19:06:57,629 - INFO - CONVERGENCE EPISODE 36: 0.4570 rad
2025-08-15 19:07:03,243 - INFO - CONVERGENCE EPISODE 42: 0.0899 rad
2025-08-15 19:07:06,137 - INFO - CONVERGENCE EPISODE 45: 0.1010 rad
2025-08-15 19:07:07,082 - INFO - CONVERGENCE EPISODE 46: 0.1074 rad
2025-08-15 19:07:08,947 - INFO - CONVERGENCE EPISODE 48: 0.4415 rad
2025-08-15 19:07:10,805 - INFO - CONVERGENCE EPISODE 50: 0.2230 rad
2025-08-15 19:07:10,805 - INFO -      50 |  -23.07 |   20.715 |    0.2230 |   0.000 |   48.8s
2025-08-15 19:07:11,751 - INFO - CONVERGENCE EPISODE 51: 0.3754 rad
2025-08-15 19:07:12,699 - INFO - CONVERGENCE EPISODE 52: 0.1148 rad
2025-08-15 19:07:13,638 - INFO - CONVERGENCE EPISODE 53: 0.0737 rad
2025-08-15 19:07:14,579 - INFO - CONVERGENCE EPISODE 54: 0.2756 rad
2025-08-15 19:07:27,864 - INFO - CONVERGENCE EPISODE 68: 0.3503 rad
2025-08-15 19:07:28,812 - INFO - CONVERGENCE EPISODE 69: 0.3227 rad
2025-08-15 19:07:36,451 - INFO - CONVERGENCE EPISODE 77: 0.1064 rad
2025-08-15 19:07:37,426 - INFO - CONVERGENCE EPISODE 78: 0.3091 rad
2025-08-15 19:07:44,157 - INFO - CONVERGENCE EPISODE 85: 0.1772 rad
2025-08-15 19:07:45,125 - INFO - CONVERGENCE EPISODE 86: 0.3425 rad
2025-08-15 19:07:48,018 - INFO - CONVERGENCE EPISODE 89: 0.3765 rad
2025-08-15 19:07:49,982 - INFO - CONVERGENCE EPISODE 91: 0.1577 rad
2025-08-15 19:07:50,955 - INFO - CONVERGENCE EPISODE 92: 0.4738 rad
2025-08-15 19:07:52,862 - INFO - CONVERGENCE EPISODE 94: 0.2834 rad
2025-08-15 19:07:53,799 - INFO - CONVERGENCE EPISODE 95: 0.1009 rad
2025-08-15 19:07:54,782 - INFO - CONVERGENCE EPISODE 96: 0.4793 rad
2025-08-15 19:07:57,648 - INFO - CONVERGENCE EPISODE 99: 0.1989 rad
2025-08-15 19:07:58,588 - INFO - 
2025-08-15 19:07:58,588 - INFO - MILESTONE 100 ANALYSIS:
2025-08-15 19:07:58,588 - INFO -   Recent 50 episodes avg position error: 0.9574 ± 0.7312 rad
2025-08-15 19:07:58,588 - INFO -   Recent 50 episodes avg cost: 51.917
2025-08-15 19:07:58,588 - INFO -   Recent 50 episodes success rate: 2.00%
2025-08-15 19:07:58,588 - INFO -   Convergent episodes ratio (< 0.5 rad): 34.00%
2025-08-15 19:07:58,588 - INFO -   Total convergent episodes so far: 35
2025-08-15 19:07:58,588 - INFO -   Best performance: 0.0309 rad at episode 25
2025-08-15 19:07:58,588 - INFO -   Stable performance not yet achieved
2025-08-15 19:07:58,588 - INFO - 
2025-08-15 19:07:58,589 - INFO -     100 | -938.28 |   72.158 |    0.5024 |   0.000 |   96.6s
2025-08-15 19:08:00,497 - INFO - CONVERGENCE EPISODE 102: 0.0024 rad
2025-08-15 19:08:01,451 - INFO - CONVERGENCE EPISODE 103: 0.3734 rad
2025-08-15 19:08:07,205 - INFO - CONVERGENCE EPISODE 109: 0.1588 rad
2025-08-15 19:08:10,071 - INFO - CONVERGENCE EPISODE 112: 0.3578 rad
2025-08-15 19:08:11,049 - INFO - CONVERGENCE EPISODE 113: 0.0511 rad
2025-08-15 19:08:13,901 - INFO - CONVERGENCE EPISODE 116: 0.2604 rad
2025-08-15 19:08:16,714 - INFO - CONVERGENCE EPISODE 119: 0.4197 rad
2025-08-15 19:08:19,575 - INFO - CONVERGENCE EPISODE 122: 0.4072 rad
2025-08-15 19:08:27,212 - INFO - CONVERGENCE EPISODE 130: 0.1342 rad
2025-08-15 19:08:29,176 - INFO - CONVERGENCE EPISODE 132: 0.1003 rad
2025-08-15 19:08:30,155 - INFO - CONVERGENCE EPISODE 133: 0.3598 rad
2025-08-15 19:08:31,118 - INFO - CONVERGENCE EPISODE 134: 0.0613 rad
2025-08-15 19:08:33,043 - INFO - CONVERGENCE EPISODE 136: 0.3999 rad
2025-08-15 19:08:36,924 - INFO - CONVERGENCE EPISODE 140: 0.3688 rad
2025-08-15 19:08:37,892 - INFO - CONVERGENCE EPISODE 141: 0.2504 rad
2025-08-15 19:08:39,781 - INFO - CONVERGENCE EPISODE 143: 0.3576 rad
2025-08-15 19:08:41,695 - INFO - CONVERGENCE EPISODE 145: 0.3077 rad
2025-08-15 19:08:46,466 - INFO - CONVERGENCE EPISODE 150: 0.0267 rad
2025-08-15 19:08:46,467 - INFO -     150 | -259.09 |   33.335 |    0.0267 |   1.000 |  144.5s
2025-08-15 19:08:48,369 - INFO - CONVERGENCE EPISODE 152: 0.0048 rad
2025-08-15 19:08:50,266 - INFO - CONVERGENCE EPISODE 154: 0.3498 rad
2025-08-15 19:08:53,115 - INFO - CONVERGENCE EPISODE 157: 0.3128 rad
2025-08-15 19:08:56,904 - INFO - CONVERGENCE EPISODE 161: 0.1149 rad
2025-08-15 19:08:57,864 - INFO - CONVERGENCE EPISODE 162: 0.4497 rad
2025-08-15 19:09:01,697 - INFO - CONVERGENCE EPISODE 166: 0.1716 rad
2025-08-15 19:09:04,553 - INFO - CONVERGENCE EPISODE 169: 0.2104 rad
2025-08-15 19:09:06,433 - INFO - CONVERGENCE EPISODE 171: 0.2343 rad
2025-08-15 19:09:07,396 - INFO - CONVERGENCE EPISODE 172: 0.4429 rad
2025-08-15 19:09:09,266 - INFO - CONVERGENCE EPISODE 174: 0.0769 rad
2025-08-15 19:09:11,177 - INFO - CONVERGENCE EPISODE 176: 0.4191 rad
2025-08-15 19:09:12,158 - INFO - CONVERGENCE EPISODE 177: 0.3612 rad
2025-08-15 19:09:17,845 - INFO - CONVERGENCE EPISODE 183: 0.0919 rad
2025-08-15 19:09:18,826 - INFO - CONVERGENCE EPISODE 184: 0.2662 rad
2025-08-15 19:09:19,782 - INFO - CONVERGENCE EPISODE 185: 0.0061 rad
2025-08-15 19:09:20,742 - INFO - CONVERGENCE EPISODE 186: 0.4971 rad
2025-08-15 19:09:22,653 - INFO - CONVERGENCE EPISODE 188: 0.1364 rad
2025-08-15 19:09:24,548 - INFO - CONVERGENCE EPISODE 190: 0.4126 rad
2025-08-15 19:09:26,496 - INFO - CONVERGENCE EPISODE 192: 0.3285 rad
2025-08-15 19:09:27,458 - INFO - CONVERGENCE EPISODE 193: 0.2363 rad
2025-08-15 19:09:28,435 - INFO - CONVERGENCE EPISODE 194: 0.4920 rad
2025-08-15 19:09:34,197 - INFO - CONVERGENCE EPISODE 200: 0.3797 rad
2025-08-15 19:09:34,197 - INFO -     200 |  -36.51 |   21.428 |    0.3797 |   0.000 |  192.2s
2025-08-15 19:09:37,053 - INFO - CONVERGENCE EPISODE 203: 0.0518 rad
2025-08-15 19:09:41,862 - INFO - CONVERGENCE EPISODE 208: 0.3263 rad
2025-08-15 19:09:43,805 - INFO - CONVERGENCE EPISODE 210: 0.3903 rad
2025-08-15 19:09:49,459 - INFO - CONVERGENCE EPISODE 216: 0.3197 rad
2025-08-15 19:09:52,318 - INFO - CONVERGENCE EPISODE 219: 0.3993 rad
2025-08-15 19:09:55,226 - INFO - CONVERGENCE EPISODE 222: 0.1997 rad
2025-08-15 19:09:59,925 - INFO - CONVERGENCE EPISODE 227: 0.0395 rad
2025-08-15 19:10:10,710 - INFO - CONVERGENCE EPISODE 238: 0.4707 rad
2025-08-15 19:10:14,539 - INFO - CONVERGENCE EPISODE 242: 0.1091 rad
2025-08-15 19:10:17,396 - INFO - CONVERGENCE EPISODE 245: 0.0699 rad
2025-08-15 19:10:18,406 - INFO - CONVERGENCE EPISODE 246: 0.2677 rad
2025-08-15 19:10:21,562 - INFO - CONVERGENCE EPISODE 249: 0.0945 rad
2025-08-15 19:10:22,667 - INFO - 
2025-08-15 19:10:22,667 - INFO - MILESTONE 250 ANALYSIS:
2025-08-15 19:10:22,667 - INFO -   Recent 50 episodes avg position error: 1.1482 ± 0.7588 rad
2025-08-15 19:10:22,667 - INFO -   Recent 50 episodes avg cost: 58.491
2025-08-15 19:10:22,667 - INFO -   Recent 50 episodes success rate: 8.00%
2025-08-15 19:10:22,667 - INFO -   Convergent episodes ratio (< 0.5 rad): 24.00%
2025-08-15 19:10:22,667 - INFO -   Total convergent episodes so far: 87
2025-08-15 19:10:22,667 - INFO -   Best performance: 0.0024 rad at episode 102
2025-08-15 19:10:22,667 - INFO -   Stable performance not yet achieved
2025-08-15 19:10:22,667 - INFO - 
2025-08-15 19:10:22,667 - INFO -     250 | -383.55 |   42.118 |    1.2874 |   0.000 |  240.7s
2025-08-15 19:10:23,780 - INFO - CONVERGENCE EPISODE 251: 0.3671 rad
2025-08-15 19:10:29,024 - INFO - CONVERGENCE EPISODE 256: 0.1002 rad
2025-08-15 19:10:34,876 - INFO - CONVERGENCE EPISODE 261: 0.0247 rad
2025-08-15 19:10:44,976 - INFO - CONVERGENCE EPISODE 270: 0.3846 rad
2025-08-15 19:10:49,042 - INFO - CONVERGENCE EPISODE 274: 0.1860 rad
2025-08-15 19:10:51,153 - INFO - CONVERGENCE EPISODE 276: 0.3210 rad
2025-08-15 19:10:53,388 - INFO - CONVERGENCE EPISODE 278: 0.0886 rad
2025-08-15 19:10:57,455 - INFO - CONVERGENCE EPISODE 282: 0.1195 rad
2025-08-15 19:10:58,469 - INFO - CONVERGENCE EPISODE 283: 0.1073 rad
2025-08-15 19:11:01,643 - INFO - CONVERGENCE EPISODE 286: 0.3033 rad
2025-08-15 19:11:03,707 - INFO - CONVERGENCE EPISODE 288: 0.1229 rad
2025-08-15 19:11:04,874 - INFO - CONVERGENCE EPISODE 289: 0.0124 rad
2025-08-15 19:11:06,943 - INFO - CONVERGENCE EPISODE 291: 0.3420 rad
2025-08-15 19:11:07,964 - INFO - CONVERGENCE EPISODE 292: 0.1390 rad
2025-08-15 19:11:08,968 - INFO - CONVERGENCE EPISODE 293: 0.4797 rad
2025-08-15 19:11:12,866 - INFO - CONVERGENCE EPISODE 297: 0.4964 rad
2025-08-15 19:11:15,824 - INFO -     300 | -329.51 |   38.055 |    0.9848 |   0.000 |  293.9s
2025-08-15 19:11:16,843 - INFO - CONVERGENCE EPISODE 301: 0.1417 rad
2025-08-15 19:11:19,857 - INFO - CONVERGENCE EPISODE 304: 0.2142 rad
2025-08-15 19:11:21,948 - INFO - CONVERGENCE EPISODE 306: 0.0531 rad
2025-08-15 19:11:26,010 - INFO - CONVERGENCE EPISODE 310: 0.1273 rad
2025-08-15 19:11:31,010 - INFO - CONVERGENCE EPISODE 315: 0.3610 rad
2025-08-15 19:11:35,055 - INFO - CONVERGENCE EPISODE 318: 0.2906 rad
2025-08-15 19:11:36,124 - INFO - CONVERGENCE EPISODE 319: 0.0308 rad
2025-08-15 19:11:40,141 - INFO - CONVERGENCE EPISODE 323: 0.3397 rad
2025-08-15 19:11:41,207 - INFO - CONVERGENCE EPISODE 324: 0.0730 rad
2025-08-15 19:11:47,712 - INFO - CONVERGENCE EPISODE 330: 0.1310 rad
2025-08-15 19:11:48,954 - INFO - CONVERGENCE EPISODE 331: 0.0989 rad
2025-08-15 19:11:53,066 - INFO - CONVERGENCE EPISODE 335: 0.0564 rad
2025-08-15 19:11:59,955 - INFO - CONVERGENCE EPISODE 342: 0.1941 rad
2025-08-15 19:12:01,947 - INFO - CONVERGENCE EPISODE 344: 0.4013 rad
2025-08-15 19:12:02,993 - INFO - CONVERGENCE EPISODE 345: 0.0019 rad
2025-08-15 19:12:04,037 - INFO - CONVERGENCE EPISODE 346: 0.4319 rad
2025-08-15 19:12:07,998 - INFO -     350 | -793.51 |   65.185 |    1.2153 |   0.000 |  346.0s
2025-08-15 19:12:10,034 - INFO - CONVERGENCE EPISODE 352: 0.4115 rad
2025-08-15 19:12:11,085 - INFO - CONVERGENCE EPISODE 353: 0.3464 rad
2025-08-15 19:12:13,159 - INFO - CONVERGENCE EPISODE 355: 0.4792 rad
2025-08-15 19:12:17,743 - INFO - CONVERGENCE EPISODE 359: 0.0548 rad
2025-08-15 19:12:24,432 - INFO - CONVERGENCE EPISODE 365: 0.0142 rad
2025-08-15 19:12:32,231 - INFO - CONVERGENCE EPISODE 373: 0.2022 rad
2025-08-15 19:12:34,139 - INFO - CONVERGENCE EPISODE 375: 0.1675 rad
2025-08-15 19:12:35,101 - INFO - CONVERGENCE EPISODE 376: 0.3623 rad
2025-08-15 19:12:36,043 - INFO - CONVERGENCE EPISODE 377: 0.0328 rad
2025-08-15 19:12:38,945 - INFO - CONVERGENCE EPISODE 380: 0.1307 rad
2025-08-15 19:12:42,736 - INFO - CONVERGENCE EPISODE 384: 0.4292 rad
2025-08-15 19:12:44,649 - INFO - CONVERGENCE EPISODE 386: 0.1449 rad
2025-08-15 19:12:46,560 - INFO - CONVERGENCE EPISODE 388: 0.4094 rad
2025-08-15 19:12:47,519 - INFO - CONVERGENCE EPISODE 389: 0.1339 rad
2025-08-15 19:12:50,368 - INFO - CONVERGENCE EPISODE 392: 0.0999 rad
2025-08-15 19:12:53,226 - INFO - CONVERGENCE EPISODE 395: 0.1330 rad
2025-08-15 19:12:56,147 - INFO - CONVERGENCE EPISODE 398: 0.4083 rad
2025-08-15 19:12:57,142 - INFO - CONVERGENCE EPISODE 399: 0.2393 rad
2025-08-15 19:12:57,142 - INFO - 
================================================================================
2025-08-15 19:12:57,142 - INFO - TRAINING COMPLETED - FINAL ANALYSIS
2025-08-15 19:12:57,142 - INFO - ================================================================================
2025-08-15 19:12:57,142 - INFO - Total training time: 395.2 seconds (6.6 minutes)
2025-08-15 19:12:57,142 - INFO - Final episode reward: -274.06
2025-08-15 19:12:57,142 - INFO - Final position error: 0.2393 rad
2025-08-15 19:12:57,142 - INFO - Final success rate: 0.000
2025-08-15 19:12:57,143 - INFO - Best position error achieved: 0.0019 rad at episode 345
2025-08-15 19:12:57,143 - INFO - Total convergent episodes (< 0.5 rad): 137/400 (34.25%)
2025-08-15 19:12:57,143 - INFO - Recent success rate (last 100 episodes): 10.00%
2025-08-15 19:12:57,143 - INFO - Stable performance achieved: No
2025-08-15 19:12:57,143 - INFO - Position error statistics:
2025-08-15 19:12:57,143 - INFO -   Mean: 0.9552 rad (54.7°)
2025-08-15 19:12:57,143 - INFO -   Std:  0.7454 rad (42.7°)
2025-08-15 19:12:57,143 - INFO -   Min:  0.0019 rad (0.1°)
2025-08-15 19:12:57,143 - INFO -   Max:  3.1315 rad (179.4°)
2025-08-15 19:12:57,143 - INFO -   Median: 0.7171 rad (41.1°)
2025-08-15 19:12:57,143 - INFO - Performance distribution:
2025-08-15 19:12:57,143 - INFO -   Excellent (< 0.1 rad / 5.7°): 29 episodes (7.2%)
2025-08-15 19:12:57,143 - INFO -   Good (0.1-0.3 rad / 5.7°-17.2°): 50 episodes (12.5%)
2025-08-15 19:12:57,143 - INFO -   Acceptable (0.3-0.5 rad / 17.2°-28.6°): 58 episodes (14.5%)
2025-08-15 19:12:57,143 - INFO -   Poor (> 0.5 rad / 28.6°): 263 episodes (65.8%)
2025-08-15 19:12:57,143 - INFO - 
TRAINING CONFIGURATION EFFECTIVENESS:
2025-08-15 19:12:57,143 - INFO - ----------------------------------------
2025-08-15 19:12:57,144 - INFO - Episodes needed for first convergence: 0
2025-08-15 19:12:57,144 - INFO - Excitation phase ended at episode: 15
2025-08-15 19:12:57,147 - INFO - Training metrics saved to: /home/osos/Mohamed_Masters_Thesis/DHP_pendulum/training_logs/dhp_pendulum_metrics_20250815_191257.json
2025-08-15 19:12:57,147 - INFO - 
BEST MODEL CONFIRMED:
2025-08-15 19:12:57,147 - INFO -   Episode: 345
2025-08-15 19:12:57,147 - INFO -   Position Error: 0.0019 rad (0.1°)
2025-08-15 19:12:57,147 - INFO -   Model files: dhp_pendulum_best_*
2025-08-15 19:12:57,147 - INFO - ================================================================================
2025-08-15 19:12:57,147 - INFO - TRAINING SESSION COMPLETED
2025-08-15 19:12:57,147 - INFO - Detailed log saved to: /home/osos/Mohamed_Masters_Thesis/DHP_pendulum/training_logs/dhp_pendulum_training_20250815_190621.log
2025-08-15 19:12:57,147 - INFO - ================================================================================
2025-08-15 19:13:04,015 - INFO - SESSION-BEST EPISODE RECORDED: Episode 345
2025-08-15 19:13:04,015 - INFO -   Replay error: 0.4534 rad vs training error: 0.0019 rad
2025-08-15 19:13:04,016 - INFO -   Target angle: 3.142 rad
2025-08-15 19:13:04,088 - INFO - Model saved with state normalization ENABLED
