2025-08-15 17:34:24,260 - INFO - ================================================================================
2025-08-15 17:34:24,261 - INFO - DHP PENDULUM TRAINING SESSION STARTED
2025-08-15 17:34:24,261 - INFO - ================================================================================
2025-08-15 17:34:24,261 - INFO - HYPERPARAMETERS:
2025-08-15 17:34:24,261 - INFO - ----------------------------------------
2025-08-15 17:34:24,261 - INFO - action_size              : 1
2025-08-15 17:34:24,261 - INFO - activation               : relu
2025-08-15 17:34:24,261 - INFO - best_episode_gui         : False
2025-08-15 17:34:24,261 - INFO - episode_length           : 200
2025-08-15 17:34:24,261 - INFO - excitation_amplitude     : 0.2
2025-08-15 17:34:24,261 - INFO - excitation_steps         : 7500
2025-08-15 17:34:24,261 - INFO - fixed_target             : 3.141592653589793
2025-08-15 17:34:24,261 - INFO - gamma                    : 0.95
2025-08-15 17:34:24,261 - INFO - gui                      : False
2025-08-15 17:34:24,261 - INFO - hidden_layer_size        : [64, 64, 32]
2025-08-15 17:34:24,261 - INFO - log_interval             : 50
2025-08-15 17:34:24,261 - INFO - lr_actor                 : 0.005
2025-08-15 17:34:24,261 - INFO - lr_critic                : 0.01
2025-08-15 17:34:24,261 - INFO - max_steps                : 200
2025-08-15 17:34:24,262 - INFO - normalize_states         : True
2025-08-15 17:34:24,262 - INFO - num_episodes             : 1500
2025-08-15 17:34:24,262 - INFO - predict_delta            : False
2025-08-15 17:34:24,262 - INFO - record                   : False
2025-08-15 17:34:24,262 - INFO - record_best_episodes     : True
2025-08-15 17:34:24,262 - INFO - recording_fps            : 30
2025-08-15 17:34:24,262 - INFO - reference_size           : 2
2025-08-15 17:34:24,262 - INFO - rls_action_size          : 1
2025-08-15 17:34:24,262 - INFO - rls_covariance           : 100.0
2025-08-15 17:34:24,262 - INFO - rls_gamma                : 0.9995
2025-08-15 17:34:24,262 - INFO - rls_state_size           : 2
2025-08-15 17:34:24,262 - INFO - save_interval            : 200
2025-08-15 17:34:24,262 - INFO - split                    : False
2025-08-15 17:34:24,262 - INFO - state_bounds             : {'theta': [-3.141592653589793, 3.141592653589793], 'theta_dot': [-8.0, 8.0]}
2025-08-15 17:34:24,262 - INFO - state_size               : 2
2025-08-15 17:34:24,263 - INFO - target_network           : True
2025-08-15 17:34:24,263 - INFO - tau                      : 0.001
2025-08-15 17:34:24,263 - INFO - update_cycles            : 2
2025-08-15 17:34:24,263 - INFO - ----------------------------------------
2025-08-15 17:34:24,263 - INFO - Log file: /home/osos/Mohamed_Masters_Thesis/DHP_pendulum/training_logs/dhp_pendulum_training_20250815_173424.log
2025-08-15 17:34:24,263 - INFO - ================================================================================
2025-08-15 17:34:24,263 - INFO - 
CONFIGURATION OVERRIDES APPLIED:
2025-08-15 17:34:24,263 - INFO -   num_episodes: 400
2025-08-15 17:34:24,263 - INFO -   episode_length: 200
2025-08-15 17:34:24,263 - INFO -   max_steps: 200
2025-08-15 17:34:24,263 - INFO -   excitation_steps: 7500
2025-08-15 17:34:24,263 - INFO -   excitation_amplitude: 0.2
2025-08-15 17:34:24,263 - INFO -   log_interval: 50
2025-08-15 17:34:24,264 - INFO -   save_interval: 200
2025-08-15 17:34:24,264 - INFO -   gui: False
2025-08-15 17:34:24,264 - INFO -   record: False
2025-08-15 17:34:24,264 - INFO -   normalize_states: True
2025-08-15 17:34:24,264 - INFO -   record_best_episodes: True
2025-08-15 17:34:24,264 - INFO -   lr_critic: 0.01
2025-08-15 17:34:24,264 - INFO -   lr_actor: 0.005
2025-08-15 17:34:24,264 - INFO -   hidden_layer_size: [64, 64, 32]
2025-08-15 17:34:24,264 - INFO -   gamma: 0.95
2025-08-15 17:34:24,264 - INFO -   update_cycles: 2
2025-08-15 17:34:24,264 - INFO -   tau: 0.001
2025-08-15 17:34:24,264 - INFO - 
==================================================
2025-08-15 17:34:24,264 - INFO - STARTING DHP TRAINING FOR PENDULUM
2025-08-15 17:34:24,264 - INFO - ==================================================
2025-08-15 17:34:24,268 - WARNING - From /home/osos/Mohamed_Masters_Thesis/msc-thesis/agents/dhp.py:70: The name tf.Session is deprecated. Please use tf.compat.v1.Session instead.

2025-08-15 17:34:24,374 - WARNING - From /home/osos/Mohamed_Masters_Thesis/msc-thesis/agents/dhp.py:100: The name tf.placeholder is deprecated. Please use tf.compat.v1.placeholder instead.

2025-08-15 17:34:24,375 - WARNING - From /home/osos/Mohamed_Masters_Thesis/msc-thesis/agents/dhp.py:102: The name tf.placeholder_with_default is deprecated. Please use tf.compat.v1.placeholder_with_default instead.

2025-08-15 17:34:24,378 - WARNING - From /home/osos/Mohamed_Masters_Thesis/msc-thesis/agents/dhp.py:124: The name tf.variable_scope is deprecated. Please use tf.compat.v1.variable_scope instead.

2025-08-15 17:34:24,378 - WARNING - From /home/osos/Mohamed_Masters_Thesis/msc-thesis/agents/dhp.py:128: dense (from tensorflow.python.layers.core) is deprecated and will be removed in a future version.
Instructions for updating:
Use keras.layers.Dense instead.
2025-08-15 17:34:24,379 - WARNING - From /home/osos/anaconda3/envs/DHP/lib/python3.7/site-packages/tensorflow_core/python/layers/core.py:187: Layer.apply (from tensorflow.python.keras.engine.base_layer) is deprecated and will be removed in a future version.
Instructions for updating:
Please use `layer.__call__` method instead.
2025-08-15 17:34:24,410 - WARNING - From /home/osos/Mohamed_Masters_Thesis/msc-thesis/agents/dhp.py:133: The name tf.trainable_variables is deprecated. Please use tf.compat.v1.trainable_variables instead.

2025-08-15 17:34:24,423 - WARNING - From /home/osos/Mohamed_Masters_Thesis/msc-thesis/agents/dhp.py:139: The name tf.train.GradientDescentOptimizer is deprecated. Please use tf.compat.v1.train.GradientDescentOptimizer instead.

2025-08-15 17:34:24,454 - WARNING - From /home/osos/Mohamed_Masters_Thesis/msc-thesis/agents/dhp.py:156: The name tf.assign is deprecated. Please use tf.compat.v1.assign instead.

2025-08-15 17:34:24,526 - WARNING - From /home/osos/Mohamed_Masters_Thesis/msc-thesis/agents/dhp.py:79: The name tf.summary.merge_all is deprecated. Please use tf.compat.v1.summary.merge_all instead.

2025-08-15 17:34:24,526 - WARNING - From /home/osos/Mohamed_Masters_Thesis/msc-thesis/agents/dhp.py:80: The name tf.train.Saver is deprecated. Please use tf.compat.v1.train.Saver instead.

2025-08-15 17:34:24,540 - WARNING - From /home/osos/Mohamed_Masters_Thesis/msc-thesis/agents/dhp.py:81: The name tf.global_variables_initializer is deprecated. Please use tf.compat.v1.global_variables_initializer instead.

2025-08-15 17:34:24,589 - INFO - 
Training for 400 episodes...
2025-08-15 17:34:24,589 - INFO - Episode | Reward  | Avg Cost | Pos Error | Success | Time
2025-08-15 17:34:24,589 - INFO - ------------------------------------------------------------
2025-08-15 17:34:26,119 - INFO -       0 | -1162.36 |   69.384 |    2.3449 |   0.000 |    1.5s
2025-08-15 17:34:29,811 - INFO - CONVERGENCE EPISODE 3: 0.3148 rad
2025-08-15 17:34:31,012 - INFO - CONVERGENCE EPISODE 4: 0.4840 rad
2025-08-15 17:34:33,309 - INFO - CONVERGENCE EPISODE 6: 0.3382 rad
2025-08-15 17:34:36,545 - INFO - CONVERGENCE EPISODE 9: 0.4935 rad
2025-08-15 17:34:38,590 - INFO - CONVERGENCE EPISODE 11: 0.0721 rad
2025-08-15 17:34:40,617 - INFO - CONVERGENCE EPISODE 13: 0.4524 rad
2025-08-15 17:34:43,632 - INFO - CONVERGENCE EPISODE 16: 0.3104 rad
2025-08-15 17:34:47,789 - INFO - CONVERGENCE EPISODE 20: 0.1966 rad
2025-08-15 17:34:57,067 - INFO - CONVERGENCE EPISODE 29: 0.1475 rad
2025-08-15 17:35:01,301 - INFO - CONVERGENCE EPISODE 33: 0.3309 rad
2025-08-15 17:35:09,288 - INFO - CONVERGENCE EPISODE 41: 0.3545 rad
2025-08-15 17:35:10,299 - INFO - CONVERGENCE EPISODE 42: 0.0418 rad
2025-08-15 17:35:14,135 - INFO - CONVERGENCE EPISODE 45: 0.1554 rad
2025-08-15 17:35:15,452 - INFO - CONVERGENCE EPISODE 46: 0.4788 rad
2025-08-15 17:35:16,635 - INFO - CONVERGENCE EPISODE 47: 0.0712 rad
2025-08-15 17:35:17,613 - INFO - CONVERGENCE EPISODE 48: 0.0785 rad
2025-08-15 17:35:19,534 - INFO - CONVERGENCE EPISODE 50: 0.0033 rad
2025-08-15 17:35:19,535 - INFO -      50 |  -33.09 |    4.914 |    0.0033 |   1.000 |   54.9s
2025-08-15 17:35:20,481 - INFO - CONVERGENCE EPISODE 51: 0.0128 rad
