2025-08-15 19:15:00,042 - INFO - ================================================================================
2025-08-15 19:15:00,042 - INFO - DHP PENDULUM TRAINING SESSION STARTED
2025-08-15 19:15:00,042 - INFO - ================================================================================
2025-08-15 19:15:00,042 - INFO - HYPERPARAMETERS:
2025-08-15 19:15:00,042 - INFO - ----------------------------------------
2025-08-15 19:15:00,042 - INFO - action_size              : 1
2025-08-15 19:15:00,042 - INFO - activation               : relu
2025-08-15 19:15:00,043 - INFO - best_episode_gui         : False
2025-08-15 19:15:00,043 - INFO - episode_length           : 200
2025-08-15 19:15:00,043 - INFO - excitation_amplitude     : 0.2
2025-08-15 19:15:00,043 - INFO - excitation_steps         : 7500
2025-08-15 19:15:00,043 - INFO - fixed_target             : 3.141592653589793
2025-08-15 19:15:00,043 - INFO - gamma                    : 0.95
2025-08-15 19:15:00,043 - INFO - gui                      : False
2025-08-15 19:15:00,043 - INFO - hidden_layer_size        : [64, 64, 32]
2025-08-15 19:15:00,043 - INFO - log_interval             : 50
2025-08-15 19:15:00,043 - INFO - lr_actor                 : 0.005
2025-08-15 19:15:00,043 - INFO - lr_critic                : 0.01
2025-08-15 19:15:00,043 - INFO - max_steps                : 200
2025-08-15 19:15:00,043 - INFO - normalize_states         : True
2025-08-15 19:15:00,043 - INFO - num_episodes             : 1500
2025-08-15 19:15:00,043 - INFO - predict_delta            : False
2025-08-15 19:15:00,044 - INFO - record                   : False
2025-08-15 19:15:00,044 - INFO - record_best_episodes     : True
2025-08-15 19:15:00,044 - INFO - recording_fps            : 30
2025-08-15 19:15:00,044 - INFO - reference_size           : 2
2025-08-15 19:15:00,044 - INFO - rls_action_size          : 1
2025-08-15 19:15:00,044 - INFO - rls_covariance           : 100.0
2025-08-15 19:15:00,044 - INFO - rls_gamma                : 0.9995
2025-08-15 19:15:00,044 - INFO - rls_state_size           : 2
2025-08-15 19:15:00,044 - INFO - save_interval            : 200
2025-08-15 19:15:00,044 - INFO - split                    : False
2025-08-15 19:15:00,044 - INFO - state_bounds             : {'theta': [-3.141592653589793, 3.141592653589793], 'theta_dot': [-8.0, 8.0]}
2025-08-15 19:15:00,044 - INFO - state_size               : 2
2025-08-15 19:15:00,044 - INFO - target_network           : True
2025-08-15 19:15:00,044 - INFO - tau                      : 0.001
2025-08-15 19:15:00,045 - INFO - update_cycles            : 2
2025-08-15 19:15:00,045 - INFO - ----------------------------------------
2025-08-15 19:15:00,045 - INFO - Log file: /home/osos/Mohamed_Masters_Thesis/DHP_pendulum/training_logs/dhp_pendulum_training_20250815_191500.log
2025-08-15 19:15:00,045 - INFO - ================================================================================
2025-08-15 19:15:00,045 - INFO - 
==================================================
2025-08-15 19:15:00,045 - INFO - STARTING DHP TRAINING FOR PENDULUM
2025-08-15 19:15:00,045 - INFO - ==================================================
2025-08-15 19:15:00,048 - WARNING - From /home/osos/Mohamed_Masters_Thesis/msc-thesis/agents/dhp.py:70: The name tf.Session is deprecated. Please use tf.compat.v1.Session instead.

2025-08-15 19:15:00,163 - WARNING - From /home/osos/Mohamed_Masters_Thesis/msc-thesis/agents/dhp.py:100: The name tf.placeholder is deprecated. Please use tf.compat.v1.placeholder instead.

2025-08-15 19:15:00,164 - WARNING - From /home/osos/Mohamed_Masters_Thesis/msc-thesis/agents/dhp.py:102: The name tf.placeholder_with_default is deprecated. Please use tf.compat.v1.placeholder_with_default instead.

2025-08-15 19:15:00,166 - WARNING - From /home/osos/Mohamed_Masters_Thesis/msc-thesis/agents/dhp.py:124: The name tf.variable_scope is deprecated. Please use tf.compat.v1.variable_scope instead.

2025-08-15 19:15:00,166 - WARNING - From /home/osos/Mohamed_Masters_Thesis/msc-thesis/agents/dhp.py:128: dense (from tensorflow.python.layers.core) is deprecated and will be removed in a future version.
Instructions for updating:
Use keras.layers.Dense instead.
2025-08-15 19:15:00,167 - WARNING - From /home/osos/anaconda3/envs/DHP/lib/python3.7/site-packages/tensorflow_core/python/layers/core.py:187: Layer.apply (from tensorflow.python.keras.engine.base_layer) is deprecated and will be removed in a future version.
Instructions for updating:
Please use `layer.__call__` method instead.
2025-08-15 19:15:00,194 - WARNING - From /home/osos/Mohamed_Masters_Thesis/msc-thesis/agents/dhp.py:133: The name tf.trainable_variables is deprecated. Please use tf.compat.v1.trainable_variables instead.

2025-08-15 19:15:00,205 - WARNING - From /home/osos/Mohamed_Masters_Thesis/msc-thesis/agents/dhp.py:139: The name tf.train.GradientDescentOptimizer is deprecated. Please use tf.compat.v1.train.GradientDescentOptimizer instead.

2025-08-15 19:15:00,235 - WARNING - From /home/osos/Mohamed_Masters_Thesis/msc-thesis/agents/dhp.py:156: The name tf.assign is deprecated. Please use tf.compat.v1.assign instead.

2025-08-15 19:15:00,297 - WARNING - From /home/osos/Mohamed_Masters_Thesis/msc-thesis/agents/dhp.py:79: The name tf.summary.merge_all is deprecated. Please use tf.compat.v1.summary.merge_all instead.

2025-08-15 19:15:00,297 - WARNING - From /home/osos/Mohamed_Masters_Thesis/msc-thesis/agents/dhp.py:80: The name tf.train.Saver is deprecated. Please use tf.compat.v1.train.Saver instead.

2025-08-15 19:15:00,310 - WARNING - From /home/osos/Mohamed_Masters_Thesis/msc-thesis/agents/dhp.py:81: The name tf.global_variables_initializer is deprecated. Please use tf.compat.v1.global_variables_initializer instead.

2025-08-15 19:15:00,359 - INFO - 
Training for 400 episodes...
2025-08-15 19:15:00,359 - INFO - Episode | Reward  | Avg Cost | Pos Error | Success | Time
2025-08-15 19:15:00,359 - INFO - ------------------------------------------------------------
2025-08-15 19:15:02,600 - INFO -       0 | -1669.32 |   66.552 |    2.0620 |   0.000 |    2.2s
2025-08-15 19:15:14,043 - INFO - CONVERGENCE EPISODE 6: 0.0563 rad
2025-08-15 19:15:15,945 - INFO - CONVERGENCE EPISODE 7: 0.1932 rad
2025-08-15 19:15:17,927 - INFO - CONVERGENCE EPISODE 8: 0.1181 rad
2025-08-15 19:15:19,850 - INFO - CONVERGENCE EPISODE 9: 0.4010 rad
2025-08-15 19:15:21,782 - INFO - CONVERGENCE EPISODE 10: 0.0894 rad
2025-08-15 19:15:27,496 - INFO - CONVERGENCE EPISODE 13: 0.0055 rad
2025-08-15 19:15:35,102 - INFO - CONVERGENCE EPISODE 17: 0.4476 rad
2025-08-15 19:15:40,827 - INFO - CONVERGENCE EPISODE 20: 0.3441 rad
2025-08-15 19:15:42,697 - INFO - CONVERGENCE EPISODE 21: 0.0596 rad
2025-08-15 19:15:44,603 - INFO - CONVERGENCE EPISODE 22: 0.0079 rad
2025-08-15 19:15:48,407 - INFO - CONVERGENCE EPISODE 24: 0.1801 rad
2025-08-15 19:15:50,386 - INFO - CONVERGENCE EPISODE 25: 0.1453 rad
2025-08-15 19:15:52,329 - INFO - CONVERGENCE EPISODE 26: 0.1223 rad
2025-08-15 19:15:54,284 - INFO - CONVERGENCE EPISODE 27: 0.0994 rad
2025-08-15 19:15:56,243 - INFO - CONVERGENCE EPISODE 28: 0.1060 rad
2025-08-15 19:15:58,170 - INFO - CONVERGENCE EPISODE 29: 0.3382 rad
2025-08-15 19:16:00,154 - INFO - CONVERGENCE EPISODE 30: 0.2037 rad
2025-08-15 19:16:02,128 - INFO - CONVERGENCE EPISODE 31: 0.2975 rad
2025-08-15 19:16:04,137 - INFO - CONVERGENCE EPISODE 32: 0.3607 rad
2025-08-15 19:16:06,066 - INFO - CONVERGENCE EPISODE 33: 0.4029 rad
2025-08-15 19:16:06,066 - INFO - STABLE PERFORMANCE ACHIEVED starting at episode 24
2025-08-15 19:16:07,990 - INFO - CONVERGENCE EPISODE 34: 0.3643 rad
2025-08-15 19:16:09,870 - INFO - CONVERGENCE EPISODE 35: 0.2980 rad
2025-08-15 19:16:11,772 - INFO - CONVERGENCE EPISODE 36: 0.0364 rad
2025-08-15 19:16:13,714 - INFO - CONVERGENCE EPISODE 37: 0.0209 rad
2025-08-15 19:16:15,618 - INFO - CONVERGENCE EPISODE 38: 0.0409 rad
2025-08-15 19:16:17,547 - INFO - CONVERGENCE EPISODE 39: 0.0526 rad
2025-08-15 19:16:19,473 - INFO - CONVERGENCE EPISODE 40: 0.0526 rad
2025-08-15 19:16:21,381 - INFO - CONVERGENCE EPISODE 41: 0.0439 rad
2025-08-15 19:16:23,329 - INFO - CONVERGENCE EPISODE 42: 0.0471 rad
2025-08-15 19:16:25,269 - INFO - CONVERGENCE EPISODE 43: 0.0419 rad
2025-08-15 19:16:27,158 - INFO - CONVERGENCE EPISODE 44: 0.0342 rad
2025-08-15 19:16:29,050 - INFO - CONVERGENCE EPISODE 45: 0.0293 rad
2025-08-15 19:16:30,995 - INFO - CONVERGENCE EPISODE 46: 0.0226 rad
2025-08-15 19:16:32,901 - INFO - CONVERGENCE EPISODE 47: 0.0245 rad
2025-08-15 19:16:34,840 - INFO - CONVERGENCE EPISODE 48: 0.0237 rad
2025-08-15 19:16:36,825 - INFO - CONVERGENCE EPISODE 49: 0.0212 rad
2025-08-15 19:16:38,783 - INFO - CONVERGENCE EPISODE 50: 0.0163 rad
2025-08-15 19:16:38,783 - INFO -      50 |   -1.53 |    0.014 |    0.0163 |   1.000 |   98.4s
2025-08-15 19:16:40,744 - INFO - CONVERGENCE EPISODE 51: 0.0367 rad
2025-08-15 19:16:42,686 - INFO - CONVERGENCE EPISODE 52: 0.1323 rad
2025-08-15 19:16:46,526 - INFO - CONVERGENCE EPISODE 54: 0.1005 rad
2025-08-15 19:16:48,442 - INFO - CONVERGENCE EPISODE 55: 0.0297 rad
2025-08-15 19:16:50,346 - INFO - CONVERGENCE EPISODE 56: 0.0282 rad
2025-08-15 19:16:52,298 - INFO - CONVERGENCE EPISODE 57: 0.0288 rad
2025-08-15 19:16:54,220 - INFO - CONVERGENCE EPISODE 58: 0.0338 rad
2025-08-15 19:16:56,167 - INFO - CONVERGENCE EPISODE 59: 0.0372 rad
2025-08-15 19:16:58,101 - INFO - CONVERGENCE EPISODE 60: 0.1273 rad
2025-08-15 19:17:00,017 - INFO - CONVERGENCE EPISODE 61: 0.1529 rad
2025-08-15 19:17:01,981 - INFO - CONVERGENCE EPISODE 62: 0.1415 rad
2025-08-15 19:17:03,910 - INFO - CONVERGENCE EPISODE 63: 0.1690 rad
2025-08-15 19:17:05,841 - INFO - CONVERGENCE EPISODE 64: 0.0533 rad
2025-08-15 19:17:07,757 - INFO - CONVERGENCE EPISODE 65: 0.0542 rad
2025-08-15 19:17:09,646 - INFO - CONVERGENCE EPISODE 66: 0.0827 rad
2025-08-15 19:17:11,543 - INFO - CONVERGENCE EPISODE 67: 0.0690 rad
2025-08-15 19:17:13,424 - INFO - CONVERGENCE EPISODE 68: 0.0990 rad
2025-08-15 19:17:15,308 - INFO - CONVERGENCE EPISODE 69: 0.1219 rad
2025-08-15 19:17:17,208 - INFO - CONVERGENCE EPISODE 70: 0.0928 rad
2025-08-15 19:17:19,207 - INFO - CONVERGENCE EPISODE 71: 0.1298 rad
2025-08-15 19:17:21,131 - INFO - CONVERGENCE EPISODE 72: 0.1702 rad
2025-08-15 19:17:23,041 - INFO - CONVERGENCE EPISODE 73: 0.2987 rad
2025-08-15 19:17:24,957 - INFO - CONVERGENCE EPISODE 74: 0.1936 rad
2025-08-15 19:17:26,847 - INFO - CONVERGENCE EPISODE 75: 0.3280 rad
2025-08-15 19:17:28,757 - INFO - CONVERGENCE EPISODE 76: 0.1942 rad
2025-08-15 19:17:30,661 - INFO - CONVERGENCE EPISODE 77: 0.3003 rad
2025-08-15 19:17:32,537 - INFO - CONVERGENCE EPISODE 78: 0.2635 rad
2025-08-15 19:17:34,430 - INFO - CONVERGENCE EPISODE 79: 0.3444 rad
2025-08-15 19:17:36,389 - INFO - CONVERGENCE EPISODE 80: 0.4083 rad
2025-08-15 19:17:38,362 - INFO - CONVERGENCE EPISODE 81: 0.4219 rad
2025-08-15 19:17:40,275 - INFO - CONVERGENCE EPISODE 82: 0.4068 rad
2025-08-15 19:17:42,198 - INFO - CONVERGENCE EPISODE 83: 0.4084 rad
2025-08-15 19:17:44,139 - INFO - CONVERGENCE EPISODE 84: 0.3994 rad
2025-08-15 19:17:46,053 - INFO - CONVERGENCE EPISODE 85: 0.4129 rad
2025-08-15 19:17:48,030 - INFO - CONVERGENCE EPISODE 86: 0.4167 rad
2025-08-15 19:17:50,002 - INFO - CONVERGENCE EPISODE 87: 0.4114 rad
2025-08-15 19:17:51,900 - INFO - CONVERGENCE EPISODE 88: 0.4077 rad
2025-08-15 19:17:53,829 - INFO - CONVERGENCE EPISODE 89: 0.4026 rad
2025-08-15 19:17:55,772 - INFO - CONVERGENCE EPISODE 90: 0.3926 rad
2025-08-15 19:17:57,699 - INFO - CONVERGENCE EPISODE 91: 0.3598 rad
2025-08-15 19:17:59,612 - INFO - CONVERGENCE EPISODE 92: 0.3904 rad
2025-08-15 19:18:01,535 - INFO - CONVERGENCE EPISODE 93: 0.3221 rad
2025-08-15 19:18:03,469 - INFO - CONVERGENCE EPISODE 94: 0.2788 rad
2025-08-15 19:18:05,385 - INFO - CONVERGENCE EPISODE 95: 0.2391 rad
2025-08-15 19:18:07,291 - INFO - CONVERGENCE EPISODE 96: 0.2551 rad
2025-08-15 19:18:09,237 - INFO - CONVERGENCE EPISODE 97: 0.2396 rad
2025-08-15 19:18:11,143 - INFO - CONVERGENCE EPISODE 98: 0.2514 rad
2025-08-15 19:18:13,096 - INFO - CONVERGENCE EPISODE 99: 0.2219 rad
2025-08-15 19:18:15,002 - INFO - CONVERGENCE EPISODE 100: 0.2124 rad
2025-08-15 19:18:15,002 - INFO - 
2025-08-15 19:18:15,003 - INFO - MILESTONE 100 ANALYSIS:
2025-08-15 19:18:15,003 - INFO -   Recent 50 episodes avg position error: 0.2502 ± 0.2164 rad
2025-08-15 19:18:15,003 - INFO -   Recent 50 episodes avg cost: 12.795
2025-08-15 19:18:15,003 - INFO -   Recent 50 episodes success rate: 24.00%
2025-08-15 19:18:15,003 - INFO -   Convergent episodes ratio (< 0.5 rad): 98.00%
2025-08-15 19:18:15,003 - INFO -   Total convergent episodes so far: 86
2025-08-15 19:18:15,003 - INFO -   Best performance: 0.0055 rad at episode 13
2025-08-15 19:18:15,003 - INFO -   Stable performance maintained since episode 24
2025-08-15 19:18:15,003 - INFO - 
2025-08-15 19:18:15,003 - INFO -     100 |  -30.57 |    1.484 |    0.2124 |   0.000 |  194.6s
2025-08-15 19:18:16,906 - INFO - CONVERGENCE EPISODE 101: 0.1978 rad
2025-08-15 19:18:18,821 - INFO - CONVERGENCE EPISODE 102: 0.1934 rad
2025-08-15 19:18:20,705 - INFO - CONVERGENCE EPISODE 103: 0.1449 rad
2025-08-15 19:18:22,594 - INFO - CONVERGENCE EPISODE 104: 0.1918 rad
2025-08-15 19:18:24,488 - INFO - CONVERGENCE EPISODE 105: 0.1719 rad
2025-08-15 19:18:26,374 - INFO - CONVERGENCE EPISODE 106: 0.1635 rad
2025-08-15 19:18:28,265 - INFO - CONVERGENCE EPISODE 107: 0.1879 rad
2025-08-15 19:18:30,137 - INFO - CONVERGENCE EPISODE 108: 0.1517 rad
2025-08-15 19:18:32,032 - INFO - CONVERGENCE EPISODE 109: 0.1227 rad
2025-08-15 19:18:33,962 - INFO - CONVERGENCE EPISODE 110: 0.0953 rad
2025-08-15 19:18:35,882 - INFO - CONVERGENCE EPISODE 111: 0.0806 rad
2025-08-15 19:18:37,835 - INFO - CONVERGENCE EPISODE 112: 0.0768 rad
2025-08-15 19:18:39,736 - INFO - CONVERGENCE EPISODE 113: 0.0805 rad
2025-08-15 19:18:41,629 - INFO - CONVERGENCE EPISODE 114: 0.0795 rad
2025-08-15 19:18:43,592 - INFO - CONVERGENCE EPISODE 115: 0.0881 rad
2025-08-15 19:18:45,494 - INFO - CONVERGENCE EPISODE 116: 0.0804 rad
2025-08-15 19:18:47,391 - INFO - CONVERGENCE EPISODE 117: 0.0732 rad
2025-08-15 19:18:49,297 - INFO - CONVERGENCE EPISODE 118: 0.0655 rad
2025-08-15 19:18:51,175 - INFO - CONVERGENCE EPISODE 119: 0.0711 rad
2025-08-15 19:18:53,065 - INFO - CONVERGENCE EPISODE 120: 0.0710 rad
2025-08-15 19:18:55,009 - INFO - CONVERGENCE EPISODE 121: 0.0790 rad
2025-08-15 19:18:56,979 - INFO - CONVERGENCE EPISODE 122: 0.0711 rad
2025-08-15 19:18:58,907 - INFO - CONVERGENCE EPISODE 123: 0.0720 rad
2025-08-15 19:19:00,882 - INFO - CONVERGENCE EPISODE 124: 0.0664 rad
2025-08-15 19:19:02,820 - INFO - CONVERGENCE EPISODE 125: 0.0631 rad
2025-08-15 19:19:04,785 - INFO - CONVERGENCE EPISODE 126: 0.0733 rad
2025-08-15 19:19:06,696 - INFO - CONVERGENCE EPISODE 127: 0.0678 rad
2025-08-15 19:19:08,664 - INFO - CONVERGENCE EPISODE 128: 0.0701 rad
2025-08-15 19:19:10,578 - INFO - CONVERGENCE EPISODE 129: 0.0685 rad
2025-08-15 19:19:12,489 - INFO - CONVERGENCE EPISODE 130: 0.0637 rad
2025-08-15 19:19:14,421 - INFO - CONVERGENCE EPISODE 131: 0.0673 rad
2025-08-15 19:19:16,372 - INFO - CONVERGENCE EPISODE 132: 0.0765 rad
2025-08-15 19:19:18,308 - INFO - CONVERGENCE EPISODE 133: 0.0729 rad
2025-08-15 19:19:20,224 - INFO - CONVERGENCE EPISODE 134: 0.0665 rad
2025-08-15 19:19:22,126 - INFO - CONVERGENCE EPISODE 135: 0.0643 rad
2025-08-15 19:19:24,020 - INFO - CONVERGENCE EPISODE 136: 0.0579 rad
2025-08-15 19:19:25,930 - INFO - CONVERGENCE EPISODE 137: 0.0527 rad
2025-08-15 19:19:27,884 - INFO - CONVERGENCE EPISODE 138: 0.0762 rad
2025-08-15 19:19:29,840 - INFO - CONVERGENCE EPISODE 139: 0.0993 rad
2025-08-15 19:19:31,737 - INFO - CONVERGENCE EPISODE 140: 0.0925 rad
2025-08-15 19:19:33,713 - INFO - CONVERGENCE EPISODE 141: 0.1055 rad
2025-08-15 19:19:35,675 - INFO - CONVERGENCE EPISODE 142: 0.0941 rad
2025-08-15 19:19:37,677 - INFO - CONVERGENCE EPISODE 143: 0.0887 rad
2025-08-15 19:19:39,589 - INFO - CONVERGENCE EPISODE 144: 0.0869 rad
2025-08-15 19:19:41,527 - INFO - CONVERGENCE EPISODE 145: 0.0847 rad
2025-08-15 19:19:43,487 - INFO - CONVERGENCE EPISODE 146: 0.0806 rad
2025-08-15 19:19:45,431 - INFO - CONVERGENCE EPISODE 147: 0.0748 rad
2025-08-15 19:19:47,350 - INFO - CONVERGENCE EPISODE 148: 0.0879 rad
2025-08-15 19:19:49,279 - INFO - CONVERGENCE EPISODE 149: 0.0849 rad
2025-08-15 19:19:51,205 - INFO - CONVERGENCE EPISODE 150: 0.0812 rad
2025-08-15 19:19:51,205 - INFO -     150 |   -3.44 |    0.095 |    0.0812 |   1.000 |  290.8s
2025-08-15 19:19:53,157 - INFO - CONVERGENCE EPISODE 151: 0.0790 rad
2025-08-15 19:19:55,081 - INFO - CONVERGENCE EPISODE 152: 0.0947 rad
2025-08-15 19:19:57,111 - INFO - CONVERGENCE EPISODE 153: 0.0907 rad
2025-08-15 19:19:59,055 - INFO - CONVERGENCE EPISODE 154: 0.1021 rad
2025-08-15 19:20:00,959 - INFO - CONVERGENCE EPISODE 155: 0.0919 rad
2025-08-15 19:20:02,881 - INFO - CONVERGENCE EPISODE 156: 0.0788 rad
2025-08-15 19:20:04,790 - INFO - CONVERGENCE EPISODE 157: 0.1029 rad
2025-08-15 19:20:06,694 - INFO - CONVERGENCE EPISODE 158: 0.0980 rad
2025-08-15 19:20:08,622 - INFO - CONVERGENCE EPISODE 159: 0.0872 rad
2025-08-15 19:20:10,524 - INFO - CONVERGENCE EPISODE 160: 0.1037 rad
2025-08-15 19:20:12,425 - INFO - CONVERGENCE EPISODE 161: 0.0913 rad
2025-08-15 19:20:14,343 - INFO - CONVERGENCE EPISODE 162: 0.0849 rad
2025-08-15 19:20:16,252 - INFO - CONVERGENCE EPISODE 163: 0.0775 rad
2025-08-15 19:20:18,259 - INFO - CONVERGENCE EPISODE 164: 0.1029 rad
2025-08-15 19:20:20,261 - INFO - CONVERGENCE EPISODE 165: 0.0959 rad
2025-08-15 19:20:22,259 - INFO - CONVERGENCE EPISODE 166: 0.0928 rad
2025-08-15 19:20:24,186 - INFO - CONVERGENCE EPISODE 167: 0.0820 rad
2025-08-15 19:20:26,114 - INFO - CONVERGENCE EPISODE 168: 0.0830 rad
2025-08-15 19:20:28,040 - INFO - CONVERGENCE EPISODE 169: 0.0859 rad
2025-08-15 19:20:29,928 - INFO - CONVERGENCE EPISODE 170: 0.0767 rad
2025-08-15 19:20:31,857 - INFO - CONVERGENCE EPISODE 171: 0.0707 rad
2025-08-15 19:20:33,775 - INFO - CONVERGENCE EPISODE 172: 0.0799 rad
2025-08-15 19:20:35,748 - INFO - CONVERGENCE EPISODE 173: 0.0729 rad
2025-08-15 19:20:37,741 - INFO - CONVERGENCE EPISODE 174: 0.0661 rad
2025-08-15 19:20:39,655 - INFO - CONVERGENCE EPISODE 175: 0.0687 rad
2025-08-15 19:20:41,602 - INFO - CONVERGENCE EPISODE 176: 0.0616 rad
2025-08-15 19:20:43,506 - INFO - CONVERGENCE EPISODE 177: 0.0667 rad
2025-08-15 19:20:45,444 - INFO - CONVERGENCE EPISODE 178: 0.0629 rad
2025-08-15 19:20:47,346 - INFO - CONVERGENCE EPISODE 179: 0.0699 rad
2025-08-15 19:20:49,253 - INFO - CONVERGENCE EPISODE 180: 0.0798 rad
2025-08-15 19:20:51,222 - INFO - CONVERGENCE EPISODE 181: 0.0816 rad
2025-08-15 19:20:53,173 - INFO - CONVERGENCE EPISODE 182: 0.0594 rad
2025-08-15 19:20:55,092 - INFO - CONVERGENCE EPISODE 183: 0.0532 rad
2025-08-15 19:20:57,095 - INFO - CONVERGENCE EPISODE 184: 0.0543 rad
2025-08-15 19:20:59,039 - INFO - CONVERGENCE EPISODE 185: 0.0606 rad
2025-08-15 19:21:01,054 - INFO - CONVERGENCE EPISODE 186: 0.0605 rad
2025-08-15 19:21:02,993 - INFO - CONVERGENCE EPISODE 187: 0.0569 rad
2025-08-15 19:21:04,902 - INFO - CONVERGENCE EPISODE 188: 0.0528 rad
2025-08-15 19:21:06,900 - INFO - CONVERGENCE EPISODE 189: 0.0489 rad
2025-08-15 19:21:08,922 - INFO - CONVERGENCE EPISODE 190: 0.0493 rad
2025-08-15 19:21:10,968 - INFO - CONVERGENCE EPISODE 191: 0.0557 rad
2025-08-15 19:21:12,968 - INFO - CONVERGENCE EPISODE 192: 0.0600 rad
2025-08-15 19:21:14,891 - INFO - CONVERGENCE EPISODE 193: 0.0595 rad
2025-08-15 19:21:16,809 - INFO - CONVERGENCE EPISODE 194: 0.0749 rad
2025-08-15 19:21:18,748 - INFO - CONVERGENCE EPISODE 195: 0.0664 rad
2025-08-15 19:21:20,703 - INFO - CONVERGENCE EPISODE 196: 0.0683 rad
2025-08-15 19:21:22,703 - INFO - CONVERGENCE EPISODE 197: 0.0600 rad
2025-08-15 19:21:24,602 - INFO - CONVERGENCE EPISODE 198: 0.0637 rad
2025-08-15 19:21:26,532 - INFO - CONVERGENCE EPISODE 199: 0.0569 rad
2025-08-15 19:21:28,444 - INFO - CONVERGENCE EPISODE 200: 0.0558 rad
2025-08-15 19:21:28,444 - INFO -     200 |   -3.25 |    1.182 |    0.0558 |   1.000 |  388.1s
2025-08-15 19:21:30,401 - INFO - CONVERGENCE EPISODE 201: 0.0493 rad
2025-08-15 19:21:32,357 - INFO - CONVERGENCE EPISODE 202: 0.0450 rad
2025-08-15 19:21:34,307 - INFO - CONVERGENCE EPISODE 203: 0.0409 rad
2025-08-15 19:21:36,195 - INFO - CONVERGENCE EPISODE 204: 0.0541 rad
2025-08-15 19:21:38,115 - INFO - CONVERGENCE EPISODE 205: 0.0817 rad
2025-08-15 19:21:40,037 - INFO - CONVERGENCE EPISODE 206: 0.1640 rad
2025-08-15 19:21:41,937 - INFO - CONVERGENCE EPISODE 207: 0.0530 rad
2025-08-15 19:21:43,835 - INFO - CONVERGENCE EPISODE 208: 0.0618 rad
2025-08-15 19:21:45,707 - INFO - CONVERGENCE EPISODE 209: 0.0646 rad
2025-08-15 19:21:47,603 - INFO - CONVERGENCE EPISODE 210: 0.0762 rad
2025-08-15 19:21:49,505 - INFO - CONVERGENCE EPISODE 211: 0.0695 rad
2025-08-15 19:21:51,495 - INFO - CONVERGENCE EPISODE 212: 0.0655 rad
2025-08-15 19:21:53,395 - INFO - CONVERGENCE EPISODE 213: 0.0803 rad
2025-08-15 19:21:55,311 - INFO - CONVERGENCE EPISODE 214: 0.0767 rad
2025-08-15 19:21:57,276 - INFO - CONVERGENCE EPISODE 215: 0.0616 rad
2025-08-15 19:21:59,282 - INFO - CONVERGENCE EPISODE 216: 0.0643 rad
2025-08-15 19:22:01,236 - INFO - CONVERGENCE EPISODE 217: 0.0629 rad
2025-08-15 19:22:03,151 - INFO - CONVERGENCE EPISODE 218: 0.0633 rad
2025-08-15 19:22:05,042 - INFO - CONVERGENCE EPISODE 219: 0.0611 rad
2025-08-15 19:22:06,941 - INFO - CONVERGENCE EPISODE 220: 0.0624 rad
2025-08-15 19:22:08,867 - INFO - CONVERGENCE EPISODE 221: 0.0792 rad
2025-08-15 19:22:10,748 - INFO - CONVERGENCE EPISODE 222: 0.0736 rad
2025-08-15 19:22:12,688 - INFO - CONVERGENCE EPISODE 223: 0.0558 rad
2025-08-15 19:22:14,585 - INFO - CONVERGENCE EPISODE 224: 0.0771 rad
2025-08-15 19:22:16,473 - INFO - CONVERGENCE EPISODE 225: 0.0781 rad
2025-08-15 19:22:18,370 - INFO - CONVERGENCE EPISODE 226: 0.0723 rad
2025-08-15 19:22:20,372 - INFO - CONVERGENCE EPISODE 227: 0.0667 rad
2025-08-15 19:22:22,344 - INFO - CONVERGENCE EPISODE 228: 0.0602 rad
2025-08-15 19:22:24,324 - INFO - CONVERGENCE EPISODE 229: 0.0762 rad
2025-08-15 19:22:26,300 - INFO - CONVERGENCE EPISODE 230: 0.0712 rad
2025-08-15 19:22:28,245 - INFO - CONVERGENCE EPISODE 231: 0.0686 rad
2025-08-15 19:22:30,134 - INFO - CONVERGENCE EPISODE 232: 0.0706 rad
2025-08-15 19:22:32,077 - INFO - CONVERGENCE EPISODE 233: 0.0626 rad
2025-08-15 19:22:33,987 - INFO - CONVERGENCE EPISODE 234: 0.0603 rad
2025-08-15 19:22:35,917 - INFO - CONVERGENCE EPISODE 235: 0.0611 rad
2025-08-15 19:22:37,867 - INFO - CONVERGENCE EPISODE 236: 0.0615 rad
2025-08-15 19:22:39,760 - INFO - CONVERGENCE EPISODE 237: 0.0591 rad
2025-08-15 19:22:41,727 - INFO - CONVERGENCE EPISODE 238: 0.0597 rad
2025-08-15 19:22:43,672 - INFO - CONVERGENCE EPISODE 239: 0.0607 rad
2025-08-15 19:22:45,578 - INFO - CONVERGENCE EPISODE 240: 0.0547 rad
2025-08-15 19:22:47,558 - INFO - CONVERGENCE EPISODE 241: 0.0510 rad
2025-08-15 19:22:49,460 - INFO - CONVERGENCE EPISODE 242: 0.0637 rad
2025-08-15 19:22:51,368 - INFO - CONVERGENCE EPISODE 243: 0.0652 rad
2025-08-15 19:22:53,347 - INFO - CONVERGENCE EPISODE 244: 0.0631 rad
2025-08-15 19:22:55,289 - INFO - CONVERGENCE EPISODE 245: 0.1017 rad
2025-08-15 19:22:57,339 - INFO - CONVERGENCE EPISODE 246: 0.0751 rad
2025-08-15 19:22:59,267 - INFO - CONVERGENCE EPISODE 247: 0.0710 rad
2025-08-15 19:23:01,184 - INFO - CONVERGENCE EPISODE 248: 0.0698 rad
2025-08-15 19:23:03,144 - INFO - CONVERGENCE EPISODE 249: 0.0707 rad
2025-08-15 19:23:05,162 - INFO - CONVERGENCE EPISODE 250: 0.0758 rad
2025-08-15 19:23:05,162 - INFO - 
2025-08-15 19:23:05,162 - INFO - MILESTONE 250 ANALYSIS:
2025-08-15 19:23:05,162 - INFO -   Recent 50 episodes avg position error: 0.0679 ± 0.0172 rad
2025-08-15 19:23:05,162 - INFO -   Recent 50 episodes avg cost: 2.064
2025-08-15 19:23:05,162 - INFO -   Recent 50 episodes success rate: 96.00%
2025-08-15 19:23:05,162 - INFO -   Convergent episodes ratio (< 0.5 rad): 100.00%
2025-08-15 19:23:05,162 - INFO -   Total convergent episodes so far: 236
2025-08-15 19:23:05,162 - INFO -   Best performance: 0.0055 rad at episode 13
2025-08-15 19:23:05,162 - INFO -   Stable performance maintained since episode 24
2025-08-15 19:23:05,162 - INFO - 
2025-08-15 19:23:05,162 - INFO -     250 |  -48.69 |    4.172 |    0.0758 |   1.000 |  484.8s
2025-08-15 19:23:07,277 - INFO - CONVERGENCE EPISODE 251: 0.0695 rad
2025-08-15 19:23:09,255 - INFO - CONVERGENCE EPISODE 252: 0.0655 rad
2025-08-15 19:23:11,295 - INFO - CONVERGENCE EPISODE 253: 0.0669 rad
2025-08-15 19:23:13,320 - INFO - CONVERGENCE EPISODE 254: 0.0628 rad
2025-08-15 19:23:15,266 - INFO - CONVERGENCE EPISODE 255: 0.0683 rad
2025-08-15 19:23:17,293 - INFO - CONVERGENCE EPISODE 256: 0.0802 rad
2025-08-15 19:23:19,223 - INFO - CONVERGENCE EPISODE 257: 0.0727 rad
2025-08-15 19:23:21,127 - INFO - CONVERGENCE EPISODE 258: 0.0672 rad
2025-08-15 19:23:23,078 - INFO - CONVERGENCE EPISODE 259: 0.0661 rad
2025-08-15 19:23:24,986 - INFO - CONVERGENCE EPISODE 260: 0.0642 rad
2025-08-15 19:23:26,932 - INFO - CONVERGENCE EPISODE 261: 0.0787 rad
2025-08-15 19:23:28,841 - INFO - CONVERGENCE EPISODE 262: 0.0761 rad
2025-08-15 19:23:30,766 - INFO - CONVERGENCE EPISODE 263: 0.0851 rad
2025-08-15 19:23:32,674 - INFO - CONVERGENCE EPISODE 264: 0.1003 rad
2025-08-15 19:23:34,645 - INFO - CONVERGENCE EPISODE 265: 0.0811 rad
2025-08-15 19:23:36,695 - INFO - CONVERGENCE EPISODE 266: 0.0723 rad
2025-08-15 19:23:38,683 - INFO - CONVERGENCE EPISODE 267: 0.0642 rad
2025-08-15 19:23:40,619 - INFO - CONVERGENCE EPISODE 268: 0.0644 rad
2025-08-15 19:23:42,601 - INFO - CONVERGENCE EPISODE 269: 0.0564 rad
2025-08-15 19:23:44,592 - INFO - CONVERGENCE EPISODE 270: 0.0686 rad
2025-08-15 19:23:46,524 - INFO - CONVERGENCE EPISODE 271: 0.0661 rad
2025-08-15 19:23:48,455 - INFO - CONVERGENCE EPISODE 272: 0.0656 rad
2025-08-15 19:23:50,372 - INFO - CONVERGENCE EPISODE 273: 0.0681 rad
2025-08-15 19:23:52,319 - INFO - CONVERGENCE EPISODE 274: 0.0549 rad
2025-08-15 19:23:54,222 - INFO - CONVERGENCE EPISODE 275: 0.0587 rad
2025-08-15 19:23:56,199 - INFO - CONVERGENCE EPISODE 276: 0.0523 rad
2025-08-15 19:23:58,130 - INFO - CONVERGENCE EPISODE 277: 0.0498 rad
2025-08-15 19:24:00,105 - INFO - CONVERGENCE EPISODE 278: 0.0709 rad
2025-08-15 19:24:02,025 - INFO - CONVERGENCE EPISODE 279: 0.0651 rad
2025-08-15 19:24:03,941 - INFO - CONVERGENCE EPISODE 280: 0.0596 rad
2025-08-15 19:24:05,882 - INFO - CONVERGENCE EPISODE 281: 0.0611 rad
2025-08-15 19:24:07,807 - INFO - CONVERGENCE EPISODE 282: 0.0604 rad
2025-08-15 19:24:09,735 - INFO - CONVERGENCE EPISODE 283: 0.0662 rad
2025-08-15 19:24:11,654 - INFO - CONVERGENCE EPISODE 284: 0.0748 rad
2025-08-15 19:24:13,592 - INFO - CONVERGENCE EPISODE 285: 0.0834 rad
2025-08-15 19:24:15,524 - INFO - CONVERGENCE EPISODE 286: 0.0796 rad
2025-08-15 19:24:17,466 - INFO - CONVERGENCE EPISODE 287: 0.0777 rad
2025-08-15 19:24:19,463 - INFO - CONVERGENCE EPISODE 288: 0.0742 rad
2025-08-15 19:24:21,389 - INFO - CONVERGENCE EPISODE 289: 0.0740 rad
2025-08-15 19:24:23,326 - INFO - CONVERGENCE EPISODE 290: 0.0743 rad
2025-08-15 19:24:25,258 - INFO - CONVERGENCE EPISODE 291: 0.0777 rad
2025-08-15 19:24:27,226 - INFO - CONVERGENCE EPISODE 292: 0.0756 rad
2025-08-15 19:24:29,119 - INFO - CONVERGENCE EPISODE 293: 0.0724 rad
2025-08-15 19:24:31,016 - INFO - CONVERGENCE EPISODE 294: 0.0700 rad
2025-08-15 19:24:32,955 - INFO - CONVERGENCE EPISODE 295: 0.0605 rad
2025-08-15 19:24:34,909 - INFO - CONVERGENCE EPISODE 296: 0.0724 rad
2025-08-15 19:24:36,864 - INFO - CONVERGENCE EPISODE 297: 0.0736 rad
2025-08-15 19:24:38,844 - INFO - CONVERGENCE EPISODE 298: 0.0818 rad
2025-08-15 19:24:40,841 - INFO - CONVERGENCE EPISODE 299: 0.1045 rad
2025-08-15 19:24:42,849 - INFO - CONVERGENCE EPISODE 300: 0.1162 rad
2025-08-15 19:24:42,850 - INFO -     300 |   -6.34 |    0.392 |    0.1162 |   0.000 |  582.5s
2025-08-15 19:24:44,852 - INFO - CONVERGENCE EPISODE 301: 0.0978 rad
2025-08-15 19:24:46,754 - INFO - CONVERGENCE EPISODE 302: 0.0967 rad
2025-08-15 19:24:48,661 - INFO - CONVERGENCE EPISODE 303: 0.1075 rad
2025-08-15 19:24:50,571 - INFO - CONVERGENCE EPISODE 304: 0.1358 rad
2025-08-15 19:24:52,480 - INFO - CONVERGENCE EPISODE 305: 0.0890 rad
2025-08-15 19:24:54,430 - INFO - CONVERGENCE EPISODE 306: 0.0890 rad
2025-08-15 19:24:56,347 - INFO - CONVERGENCE EPISODE 307: 0.0847 rad
2025-08-15 19:24:58,275 - INFO - CONVERGENCE EPISODE 308: 0.0836 rad
2025-08-15 19:25:00,227 - INFO - CONVERGENCE EPISODE 309: 0.1045 rad
2025-08-15 19:25:02,137 - INFO - CONVERGENCE EPISODE 310: 0.0912 rad
2025-08-15 19:25:04,048 - INFO - CONVERGENCE EPISODE 311: 0.0817 rad
2025-08-15 19:25:05,973 - INFO - CONVERGENCE EPISODE 312: 0.0884 rad
2025-08-15 19:25:07,942 - INFO - CONVERGENCE EPISODE 313: 0.0895 rad
2025-08-15 19:25:09,949 - INFO - CONVERGENCE EPISODE 314: 0.1080 rad
2025-08-15 19:25:11,914 - INFO - CONVERGENCE EPISODE 315: 0.0963 rad
2025-08-15 19:25:13,851 - INFO - CONVERGENCE EPISODE 316: 0.1110 rad
2025-08-15 19:25:15,757 - INFO - CONVERGENCE EPISODE 317: 0.0928 rad
2025-08-15 19:25:17,653 - INFO - CONVERGENCE EPISODE 318: 0.1028 rad
2025-08-15 19:25:19,535 - INFO - CONVERGENCE EPISODE 319: 0.0955 rad
2025-08-15 19:25:21,427 - INFO - CONVERGENCE EPISODE 320: 0.0933 rad
2025-08-15 19:25:23,378 - INFO - CONVERGENCE EPISODE 321: 0.0877 rad
2025-08-15 19:25:25,314 - INFO - CONVERGENCE EPISODE 322: 0.0927 rad
2025-08-15 19:25:27,242 - INFO - CONVERGENCE EPISODE 323: 0.0842 rad
2025-08-15 19:25:29,176 - INFO - CONVERGENCE EPISODE 324: 0.0723 rad
2025-08-15 19:25:31,070 - INFO - CONVERGENCE EPISODE 325: 0.0713 rad
2025-08-15 19:25:32,994 - INFO - CONVERGENCE EPISODE 326: 0.0598 rad
2025-08-15 19:25:34,891 - INFO - CONVERGENCE EPISODE 327: 0.0791 rad
2025-08-15 19:25:36,794 - INFO - CONVERGENCE EPISODE 328: 0.0741 rad
2025-08-15 19:25:38,734 - INFO - CONVERGENCE EPISODE 329: 0.0721 rad
2025-08-15 19:25:40,625 - INFO - CONVERGENCE EPISODE 330: 0.0695 rad
2025-08-15 19:25:42,523 - INFO - CONVERGENCE EPISODE 331: 0.0683 rad
2025-08-15 19:25:44,415 - INFO - CONVERGENCE EPISODE 332: 0.0607 rad
2025-08-15 19:25:46,328 - INFO - CONVERGENCE EPISODE 333: 0.0569 rad
2025-08-15 19:25:48,245 - INFO - CONVERGENCE EPISODE 334: 0.0566 rad
2025-08-15 19:25:50,147 - INFO - CONVERGENCE EPISODE 335: 0.0582 rad
2025-08-15 19:25:52,071 - INFO - CONVERGENCE EPISODE 336: 0.0536 rad
2025-08-15 19:25:53,973 - INFO - CONVERGENCE EPISODE 337: 0.0591 rad
2025-08-15 19:25:55,870 - INFO - CONVERGENCE EPISODE 338: 0.0571 rad
2025-08-15 19:25:57,828 - INFO - CONVERGENCE EPISODE 339: 0.0714 rad
2025-08-15 19:25:59,736 - INFO - CONVERGENCE EPISODE 340: 0.0676 rad
2025-08-15 19:26:01,667 - INFO - CONVERGENCE EPISODE 341: 0.0675 rad
2025-08-15 19:26:03,623 - INFO - CONVERGENCE EPISODE 342: 0.0792 rad
2025-08-15 19:26:05,623 - INFO - CONVERGENCE EPISODE 343: 0.0788 rad
2025-08-15 19:26:07,558 - INFO - CONVERGENCE EPISODE 344: 0.0724 rad
2025-08-15 19:26:09,439 - INFO - CONVERGENCE EPISODE 345: 0.0633 rad
2025-08-15 19:26:11,352 - INFO - CONVERGENCE EPISODE 346: 0.0600 rad
2025-08-15 19:26:13,277 - INFO - CONVERGENCE EPISODE 347: 0.0622 rad
2025-08-15 19:26:15,176 - INFO - CONVERGENCE EPISODE 348: 0.0757 rad
2025-08-15 19:26:17,047 - INFO - CONVERGENCE EPISODE 349: 0.0811 rad
2025-08-15 19:26:18,923 - INFO - CONVERGENCE EPISODE 350: 0.0714 rad
2025-08-15 19:26:18,923 - INFO -     350 |   -6.19 |    0.682 |    0.0714 |   1.000 |  678.6s
2025-08-15 19:26:20,820 - INFO - CONVERGENCE EPISODE 351: 0.0653 rad
2025-08-15 19:26:22,729 - INFO - CONVERGENCE EPISODE 352: 0.0618 rad
2025-08-15 19:26:24,620 - INFO - CONVERGENCE EPISODE 353: 0.0613 rad
2025-08-15 19:26:26,532 - INFO - CONVERGENCE EPISODE 354: 0.0517 rad
2025-08-15 19:26:28,472 - INFO - CONVERGENCE EPISODE 355: 0.0648 rad
2025-08-15 19:26:30,389 - INFO - CONVERGENCE EPISODE 356: 0.0603 rad
2025-08-15 19:26:32,347 - INFO - CONVERGENCE EPISODE 357: 0.0570 rad
2025-08-15 19:26:34,264 - INFO - CONVERGENCE EPISODE 358: 0.0438 rad
2025-08-15 19:26:36,163 - INFO - CONVERGENCE EPISODE 359: 0.0469 rad
2025-08-15 19:26:38,094 - INFO - CONVERGENCE EPISODE 360: 0.0472 rad
2025-08-15 19:26:40,025 - INFO - CONVERGENCE EPISODE 361: 0.0684 rad
2025-08-15 19:26:41,948 - INFO - CONVERGENCE EPISODE 362: 0.0519 rad
2025-08-15 19:26:43,862 - INFO - CONVERGENCE EPISODE 363: 0.0562 rad
2025-08-15 19:26:45,742 - INFO - CONVERGENCE EPISODE 364: 0.0674 rad
2025-08-15 19:26:47,660 - INFO - CONVERGENCE EPISODE 365: 0.0609 rad
2025-08-15 19:26:49,578 - INFO - CONVERGENCE EPISODE 366: 0.0622 rad
2025-08-15 19:26:51,562 - INFO - CONVERGENCE EPISODE 367: 0.0550 rad
2025-08-15 19:26:53,560 - INFO - CONVERGENCE EPISODE 368: 0.0500 rad
2025-08-15 19:26:55,468 - INFO - CONVERGENCE EPISODE 369: 0.0471 rad
2025-08-15 19:26:57,443 - INFO - CONVERGENCE EPISODE 370: 0.0543 rad
2025-08-15 19:26:59,436 - INFO - CONVERGENCE EPISODE 371: 0.0444 rad
2025-08-15 19:27:01,394 - INFO - CONVERGENCE EPISODE 372: 0.0487 rad
2025-08-15 19:27:03,326 - INFO - CONVERGENCE EPISODE 373: 0.0424 rad
2025-08-15 19:27:05,227 - INFO - CONVERGENCE EPISODE 374: 0.0507 rad
2025-08-15 19:27:07,137 - INFO - CONVERGENCE EPISODE 375: 0.0478 rad
2025-08-15 19:27:09,033 - INFO - CONVERGENCE EPISODE 376: 0.0468 rad
2025-08-15 19:27:10,952 - INFO - CONVERGENCE EPISODE 377: 0.0420 rad
2025-08-15 19:27:12,923 - INFO - CONVERGENCE EPISODE 378: 0.0469 rad
2025-08-15 19:27:14,841 - INFO - CONVERGENCE EPISODE 379: 0.0391 rad
2025-08-15 19:27:16,739 - INFO - CONVERGENCE EPISODE 380: 0.0374 rad
2025-08-15 19:27:18,652 - INFO - CONVERGENCE EPISODE 381: 0.0439 rad
2025-08-15 19:27:20,574 - INFO - CONVERGENCE EPISODE 382: 0.0440 rad
2025-08-15 19:27:22,518 - INFO - CONVERGENCE EPISODE 383: 0.0588 rad
2025-08-15 19:27:24,496 - INFO - CONVERGENCE EPISODE 384: 0.0471 rad
2025-08-15 19:27:26,429 - INFO - CONVERGENCE EPISODE 385: 0.0524 rad
2025-08-15 19:27:28,384 - INFO - CONVERGENCE EPISODE 386: 0.0511 rad
2025-08-15 19:27:30,288 - INFO - CONVERGENCE EPISODE 387: 0.0439 rad
2025-08-15 19:27:32,219 - INFO - CONVERGENCE EPISODE 388: 0.0474 rad
2025-08-15 19:27:34,178 - INFO - CONVERGENCE EPISODE 389: 0.0503 rad
2025-08-15 19:27:36,158 - INFO - CONVERGENCE EPISODE 390: 0.0501 rad
2025-08-15 19:27:38,183 - INFO - CONVERGENCE EPISODE 391: 0.0406 rad
2025-08-15 19:27:40,105 - INFO - CONVERGENCE EPISODE 392: 0.0424 rad
2025-08-15 19:27:42,130 - INFO - CONVERGENCE EPISODE 393: 0.0424 rad
2025-08-15 19:27:44,100 - INFO - CONVERGENCE EPISODE 394: 0.0537 rad
2025-08-15 19:27:46,034 - INFO - CONVERGENCE EPISODE 395: 0.0527 rad
2025-08-15 19:27:47,971 - INFO - CONVERGENCE EPISODE 396: 0.0419 rad
2025-08-15 19:27:49,884 - INFO - CONVERGENCE EPISODE 397: 0.0414 rad
2025-08-15 19:27:51,770 - INFO - CONVERGENCE EPISODE 398: 0.0445 rad
2025-08-15 19:27:53,679 - INFO - CONVERGENCE EPISODE 399: 0.0533 rad
2025-08-15 19:27:53,679 - INFO - 
================================================================================
2025-08-15 19:27:53,680 - INFO - TRAINING COMPLETED - FINAL ANALYSIS
2025-08-15 19:27:53,680 - INFO - ================================================================================
2025-08-15 19:27:53,680 - INFO - Total training time: 773.3 seconds (12.9 minutes)
2025-08-15 19:27:53,680 - INFO - Final episode reward: -26.26
2025-08-15 19:27:53,680 - INFO - Final position error: 0.0533 rad
2025-08-15 19:27:53,680 - INFO - Final success rate: 1.000
2025-08-15 19:27:53,680 - INFO - Best position error achieved: 0.0055 rad at episode 13
2025-08-15 19:27:53,680 - INFO - Total convergent episodes (< 0.5 rad): 385/400 (96.25%)
2025-08-15 19:27:53,680 - INFO - Recent success rate (last 100 episodes): 93.00%
2025-08-15 19:27:53,680 - INFO - Stable performance achieved: Yes (from episode 24, duration: 376 episodes)
2025-08-15 19:27:53,680 - INFO - Position error statistics:
2025-08-15 19:27:53,680 - INFO -   Mean: 0.1524 rad (8.7°)
2025-08-15 19:27:53,680 - INFO -   Std:  0.3147 rad (18.0°)
2025-08-15 19:27:53,680 - INFO -   Min:  0.0055 rad (0.3°)
2025-08-15 19:27:53,680 - INFO -   Max:  2.8409 rad (162.8°)
2025-08-15 19:27:53,680 - INFO -   Median: 0.0722 rad (4.1°)
2025-08-15 19:27:53,681 - INFO - Performance distribution:
2025-08-15 19:27:53,681 - INFO -   Excellent (< 0.1 rad / 5.7°): 307 episodes (76.8%)
2025-08-15 19:27:53,681 - INFO -   Good (0.1-0.3 rad / 5.7°-17.2°): 54 episodes (13.5%)
2025-08-15 19:27:53,681 - INFO -   Acceptable (0.3-0.5 rad / 17.2°-28.6°): 24 episodes (6.0%)
2025-08-15 19:27:53,681 - INFO -   Poor (> 0.5 rad / 28.6°): 15 episodes (3.8%)
2025-08-15 19:27:53,681 - INFO - 
TRAINING CONFIGURATION EFFECTIVENESS:
2025-08-15 19:27:53,681 - INFO - ----------------------------------------
2025-08-15 19:27:53,681 - INFO - Episodes needed for first convergence: 6
2025-08-15 19:27:53,681 - INFO - Excitation phase ended at episode: 7
2025-08-15 19:27:53,684 - INFO - Training metrics saved to: /home/osos/Mohamed_Masters_Thesis/DHP_pendulum/training_logs/dhp_pendulum_metrics_20250815_192753.json
2025-08-15 19:27:53,684 - INFO - 
BEST MODEL CONFIRMED:
2025-08-15 19:27:53,684 - INFO -   Episode: 13
2025-08-15 19:27:53,684 - INFO -   Position Error: 0.0055 rad (0.3°)
2025-08-15 19:27:53,684 - INFO -   Model files: dhp_pendulum_best_*
2025-08-15 19:27:53,684 - INFO - ================================================================================
2025-08-15 19:27:53,684 - INFO - TRAINING SESSION COMPLETED
2025-08-15 19:27:53,684 - INFO - Detailed log saved to: /home/osos/Mohamed_Masters_Thesis/DHP_pendulum/training_logs/dhp_pendulum_training_20250815_191500.log
2025-08-15 19:27:53,684 - INFO - ================================================================================
2025-08-15 19:28:07,199 - INFO - SESSION-BEST EPISODE RECORDED: Episode 13
2025-08-15 19:28:07,199 - INFO -   Replay error: 1.8930 rad vs training error: 0.0055 rad
2025-08-15 19:28:07,199 - INFO -   Target angle: 3.142 rad
2025-08-15 19:28:07,267 - INFO - Model saved with state normalization ENABLED
