2025-08-15 20:45:43,188 - INFO - ================================================================================
2025-08-15 20:45:43,188 - INFO - DHP PENDULUM TRAINING SESSION STARTED
2025-08-15 20:45:43,188 - INFO - ================================================================================
2025-08-15 20:45:43,188 - INFO - HYPERPARAMETERS:
2025-08-15 20:45:43,188 - INFO - ----------------------------------------
2025-08-15 20:45:43,188 - INFO - action_size              : 1
2025-08-15 20:45:43,188 - INFO - activation               : relu
2025-08-15 20:45:43,188 - INFO - best_episode_gui         : False
2025-08-15 20:45:43,188 - INFO - episode_length           : 200
2025-08-15 20:45:43,188 - INFO - excitation_amplitude     : 0.2
2025-08-15 20:45:43,188 - INFO - excitation_steps         : 7500
2025-08-15 20:45:43,189 - INFO - fixed_target             : 0
2025-08-15 20:45:43,189 - INFO - gamma                    : 0.95
2025-08-15 20:45:43,189 - INFO - gui                      : False
2025-08-15 20:45:43,189 - INFO - hidden_layer_size        : [64, 64, 32]
2025-08-15 20:45:43,189 - INFO - log_interval             : 50
2025-08-15 20:45:43,189 - INFO - lr_actor                 : 0.005
2025-08-15 20:45:43,189 - INFO - lr_critic                : 0.01
2025-08-15 20:45:43,189 - INFO - max_steps                : 200
2025-08-15 20:45:43,189 - INFO - normalize_states         : True
2025-08-15 20:45:43,189 - INFO - num_episodes             : 1500
2025-08-15 20:45:43,189 - INFO - predict_delta            : False
2025-08-15 20:45:43,189 - INFO - record                   : False
2025-08-15 20:45:43,189 - INFO - record_best_episodes     : True
2025-08-15 20:45:43,189 - INFO - recording_fps            : 30
2025-08-15 20:45:43,189 - INFO - reference_size           : 2
2025-08-15 20:45:43,189 - INFO - rls_action_size          : 1
2025-08-15 20:45:43,189 - INFO - rls_covariance           : 100.0
2025-08-15 20:45:43,189 - INFO - rls_gamma                : 0.9995
2025-08-15 20:45:43,189 - INFO - rls_state_size           : 2
2025-08-15 20:45:43,189 - INFO - save_interval            : 200
2025-08-15 20:45:43,189 - INFO - split                    : False
2025-08-15 20:45:43,189 - INFO - state_bounds             : {'theta': [-3.141592653589793, 3.141592653589793], 'theta_dot': [-8.0, 8.0]}
2025-08-15 20:45:43,189 - INFO - state_size               : 2
2025-08-15 20:45:43,189 - INFO - target_network           : True
2025-08-15 20:45:43,189 - INFO - tau                      : 0.001
2025-08-15 20:45:43,189 - INFO - update_cycles            : 2
2025-08-15 20:45:43,189 - INFO - ----------------------------------------
2025-08-15 20:45:43,189 - INFO - Log file: /home/osos/Mohamed_Masters_Thesis/DHP_pendulum/training_logs/dhp_pendulum_training_20250815_204543.log
2025-08-15 20:45:43,189 - INFO - ================================================================================
2025-08-15 20:45:43,190 - INFO - 
==================================================
2025-08-15 20:45:43,190 - INFO - STARTING DHP TRAINING FOR PENDULUM
2025-08-15 20:45:43,190 - INFO - ==================================================
2025-08-15 20:45:43,192 - WARNING - From /home/osos/Mohamed_Masters_Thesis/msc-thesis/agents/dhp.py:70: The name tf.Session is deprecated. Please use tf.compat.v1.Session instead.

2025-08-15 20:45:43,294 - WARNING - From /home/osos/Mohamed_Masters_Thesis/msc-thesis/agents/dhp.py:100: The name tf.placeholder is deprecated. Please use tf.compat.v1.placeholder instead.

2025-08-15 20:45:43,296 - WARNING - From /home/osos/Mohamed_Masters_Thesis/msc-thesis/agents/dhp.py:102: The name tf.placeholder_with_default is deprecated. Please use tf.compat.v1.placeholder_with_default instead.

2025-08-15 20:45:43,299 - WARNING - From /home/osos/Mohamed_Masters_Thesis/msc-thesis/agents/dhp.py:124: The name tf.variable_scope is deprecated. Please use tf.compat.v1.variable_scope instead.

2025-08-15 20:45:43,299 - WARNING - From /home/osos/Mohamed_Masters_Thesis/msc-thesis/agents/dhp.py:128: dense (from tensorflow.python.layers.core) is deprecated and will be removed in a future version.
Instructions for updating:
Use keras.layers.Dense instead.
2025-08-15 20:45:43,301 - WARNING - From /home/osos/anaconda3/envs/DHP/lib/python3.7/site-packages/tensorflow_core/python/layers/core.py:187: Layer.apply (from tensorflow.python.keras.engine.base_layer) is deprecated and will be removed in a future version.
Instructions for updating:
Please use `layer.__call__` method instead.
2025-08-15 20:45:43,340 - WARNING - From /home/osos/Mohamed_Masters_Thesis/msc-thesis/agents/dhp.py:133: The name tf.trainable_variables is deprecated. Please use tf.compat.v1.trainable_variables instead.

2025-08-15 20:45:43,360 - WARNING - From /home/osos/Mohamed_Masters_Thesis/msc-thesis/agents/dhp.py:139: The name tf.train.GradientDescentOptimizer is deprecated. Please use tf.compat.v1.train.GradientDescentOptimizer instead.

2025-08-15 20:45:43,399 - WARNING - From /home/osos/Mohamed_Masters_Thesis/msc-thesis/agents/dhp.py:156: The name tf.assign is deprecated. Please use tf.compat.v1.assign instead.

2025-08-15 20:45:43,464 - WARNING - From /home/osos/Mohamed_Masters_Thesis/msc-thesis/agents/dhp.py:79: The name tf.summary.merge_all is deprecated. Please use tf.compat.v1.summary.merge_all instead.

2025-08-15 20:45:43,464 - WARNING - From /home/osos/Mohamed_Masters_Thesis/msc-thesis/agents/dhp.py:80: The name tf.train.Saver is deprecated. Please use tf.compat.v1.train.Saver instead.

2025-08-15 20:45:43,477 - WARNING - From /home/osos/Mohamed_Masters_Thesis/msc-thesis/agents/dhp.py:81: The name tf.global_variables_initializer is deprecated. Please use tf.compat.v1.global_variables_initializer instead.

2025-08-15 20:45:43,530 - INFO - 
Training for 400 episodes...
2025-08-15 20:45:43,530 - INFO - Episode | Reward  | Avg Cost | Pos Error | Success | Time
2025-08-15 20:45:43,530 - INFO - ------------------------------------------------------------
2025-08-15 20:45:44,842 - INFO -       0 | -1331.29 |   19.760 |    2.4767 |   0.000 |    1.3s
2025-08-15 20:45:53,216 - INFO - CONVERGENCE EPISODE 8: 0.4538 rad
2025-08-15 20:45:55,160 - INFO - CONVERGENCE EPISODE 10: 0.1875 rad
2025-08-15 20:45:56,143 - INFO - CONVERGENCE EPISODE 11: 0.2814 rad
2025-08-15 20:46:07,062 - INFO - CONVERGENCE EPISODE 22: 0.3693 rad
2025-08-15 20:46:08,111 - INFO - CONVERGENCE EPISODE 23: 0.3603 rad
2025-08-15 20:46:14,211 - INFO - CONVERGENCE EPISODE 29: 0.3468 rad
2025-08-15 20:46:17,303 - INFO - CONVERGENCE EPISODE 32: 0.3905 rad
2025-08-15 20:46:34,994 - INFO -      50 | -1304.63 |   21.200 |    2.0221 |   0.000 |   51.5s
