2025-08-15 17:35:29,341 - INFO - ================================================================================
2025-08-15 17:35:29,342 - INFO - DHP PENDULUM TRAINING SESSION STARTED
2025-08-15 17:35:29,342 - INFO - ================================================================================
2025-08-15 17:35:29,342 - INFO - HYPERPARAMETERS:
2025-08-15 17:35:29,342 - INFO - ----------------------------------------
2025-08-15 17:35:29,342 - INFO - action_size              : 1
2025-08-15 17:35:29,342 - INFO - activation               : relu
2025-08-15 17:35:29,342 - INFO - best_episode_gui         : False
2025-08-15 17:35:29,342 - INFO - episode_length           : 200
2025-08-15 17:35:29,342 - INFO - excitation_amplitude     : 0.2
2025-08-15 17:35:29,342 - INFO - excitation_steps         : 7500
2025-08-15 17:35:29,342 - INFO - fixed_target             : 3.141592653589793
2025-08-15 17:35:29,342 - INFO - gamma                    : 0.95
2025-08-15 17:35:29,342 - INFO - gui                      : False
2025-08-15 17:35:29,342 - INFO - hidden_layer_size        : [64, 64, 32]
2025-08-15 17:35:29,342 - INFO - log_interval             : 50
2025-08-15 17:35:29,342 - INFO - lr_actor                 : 0.005
2025-08-15 17:35:29,342 - INFO - lr_critic                : 0.01
2025-08-15 17:35:29,342 - INFO - max_steps                : 200
2025-08-15 17:35:29,342 - INFO - normalize_states         : True
2025-08-15 17:35:29,342 - INFO - num_episodes             : 1500
2025-08-15 17:35:29,342 - INFO - predict_delta            : False
2025-08-15 17:35:29,342 - INFO - record                   : False
2025-08-15 17:35:29,342 - INFO - record_best_episodes     : True
2025-08-15 17:35:29,342 - INFO - recording_fps            : 30
2025-08-15 17:35:29,342 - INFO - reference_size           : 2
2025-08-15 17:35:29,342 - INFO - rls_action_size          : 1
2025-08-15 17:35:29,342 - INFO - rls_covariance           : 100.0
2025-08-15 17:35:29,342 - INFO - rls_gamma                : 0.9995
2025-08-15 17:35:29,343 - INFO - rls_state_size           : 2
2025-08-15 17:35:29,343 - INFO - save_interval            : 200
2025-08-15 17:35:29,343 - INFO - split                    : False
2025-08-15 17:35:29,343 - INFO - state_bounds             : {'theta': [-3.141592653589793, 3.141592653589793], 'theta_dot': [-8.0, 8.0]}
2025-08-15 17:35:29,343 - INFO - state_size               : 2
2025-08-15 17:35:29,343 - INFO - target_network           : True
2025-08-15 17:35:29,343 - INFO - tau                      : 0.001
2025-08-15 17:35:29,343 - INFO - update_cycles            : 2
2025-08-15 17:35:29,343 - INFO - ----------------------------------------
2025-08-15 17:35:29,343 - INFO - Log file: /home/osos/Mohamed_Masters_Thesis/DHP_pendulum/training_logs/dhp_pendulum_training_20250815_173529.log
2025-08-15 17:35:29,343 - INFO - ================================================================================
2025-08-15 17:35:29,343 - INFO - 
CONFIGURATION OVERRIDES APPLIED:
2025-08-15 17:35:29,343 - INFO -   num_episodes: 400
2025-08-15 17:35:29,343 - INFO -   episode_length: 200
2025-08-15 17:35:29,343 - INFO -   max_steps: 200
2025-08-15 17:35:29,343 - INFO -   excitation_steps: 7500
2025-08-15 17:35:29,343 - INFO -   excitation_amplitude: 0.2
2025-08-15 17:35:29,343 - INFO -   log_interval: 50
2025-08-15 17:35:29,343 - INFO -   save_interval: 200
2025-08-15 17:35:29,343 - INFO -   gui: False
2025-08-15 17:35:29,343 - INFO -   record: False
2025-08-15 17:35:29,343 - INFO -   normalize_states: True
2025-08-15 17:35:29,343 - INFO -   record_best_episodes: True
2025-08-15 17:35:29,343 - INFO -   lr_critic: 0.01
2025-08-15 17:35:29,343 - INFO -   lr_actor: 0.005
2025-08-15 17:35:29,343 - INFO -   hidden_layer_size: [64, 64, 32]
2025-08-15 17:35:29,343 - INFO -   gamma: 0.95
2025-08-15 17:35:29,343 - INFO -   update_cycles: 2
2025-08-15 17:35:29,343 - INFO -   tau: 0.001
2025-08-15 17:35:29,344 - INFO - 
==================================================
2025-08-15 17:35:29,344 - INFO - STARTING DHP TRAINING FOR PENDULUM
2025-08-15 17:35:29,344 - INFO - ==================================================
2025-08-15 17:35:29,346 - WARNING - From /home/osos/Mohamed_Masters_Thesis/msc-thesis/agents/dhp.py:70: The name tf.Session is deprecated. Please use tf.compat.v1.Session instead.

2025-08-15 17:35:29,450 - WARNING - From /home/osos/Mohamed_Masters_Thesis/msc-thesis/agents/dhp.py:100: The name tf.placeholder is deprecated. Please use tf.compat.v1.placeholder instead.

2025-08-15 17:35:29,451 - WARNING - From /home/osos/Mohamed_Masters_Thesis/msc-thesis/agents/dhp.py:102: The name tf.placeholder_with_default is deprecated. Please use tf.compat.v1.placeholder_with_default instead.

2025-08-15 17:35:29,454 - WARNING - From /home/osos/Mohamed_Masters_Thesis/msc-thesis/agents/dhp.py:124: The name tf.variable_scope is deprecated. Please use tf.compat.v1.variable_scope instead.

2025-08-15 17:35:29,454 - WARNING - From /home/osos/Mohamed_Masters_Thesis/msc-thesis/agents/dhp.py:128: dense (from tensorflow.python.layers.core) is deprecated and will be removed in a future version.
Instructions for updating:
Use keras.layers.Dense instead.
2025-08-15 17:35:29,454 - WARNING - From /home/osos/anaconda3/envs/DHP/lib/python3.7/site-packages/tensorflow_core/python/layers/core.py:187: Layer.apply (from tensorflow.python.keras.engine.base_layer) is deprecated and will be removed in a future version.
Instructions for updating:
Please use `layer.__call__` method instead.
2025-08-15 17:35:29,482 - WARNING - From /home/osos/Mohamed_Masters_Thesis/msc-thesis/agents/dhp.py:133: The name tf.trainable_variables is deprecated. Please use tf.compat.v1.trainable_variables instead.

2025-08-15 17:35:29,492 - WARNING - From /home/osos/Mohamed_Masters_Thesis/msc-thesis/agents/dhp.py:139: The name tf.train.GradientDescentOptimizer is deprecated. Please use tf.compat.v1.train.GradientDescentOptimizer instead.

2025-08-15 17:35:29,524 - WARNING - From /home/osos/Mohamed_Masters_Thesis/msc-thesis/agents/dhp.py:156: The name tf.assign is deprecated. Please use tf.compat.v1.assign instead.

2025-08-15 17:35:29,586 - WARNING - From /home/osos/Mohamed_Masters_Thesis/msc-thesis/agents/dhp.py:79: The name tf.summary.merge_all is deprecated. Please use tf.compat.v1.summary.merge_all instead.

2025-08-15 17:35:29,586 - WARNING - From /home/osos/Mohamed_Masters_Thesis/msc-thesis/agents/dhp.py:80: The name tf.train.Saver is deprecated. Please use tf.compat.v1.train.Saver instead.

2025-08-15 17:35:29,598 - WARNING - From /home/osos/Mohamed_Masters_Thesis/msc-thesis/agents/dhp.py:81: The name tf.global_variables_initializer is deprecated. Please use tf.compat.v1.global_variables_initializer instead.

2025-08-15 17:35:29,646 - INFO - 
Training for 400 episodes...
2025-08-15 17:35:29,646 - INFO - Episode | Reward  | Avg Cost | Pos Error | Success | Time
2025-08-15 17:35:29,646 - INFO - ------------------------------------------------------------
2025-08-15 17:35:31,253 - INFO -       0 | -1155.77 |  134.409 |    2.8083 |   0.000 |    1.6s
2025-08-15 17:35:34,518 - INFO - CONVERGENCE EPISODE 3: 0.3064 rad
2025-08-15 17:35:37,723 - INFO - CONVERGENCE EPISODE 6: 0.2977 rad
2025-08-15 17:35:39,851 - INFO - CONVERGENCE EPISODE 8: 0.0974 rad
2025-08-15 17:35:42,288 - INFO - CONVERGENCE EPISODE 10: 0.3610 rad
2025-08-15 17:35:50,202 - INFO - CONVERGENCE EPISODE 18: 0.4029 rad
2025-08-15 17:35:52,223 - INFO - CONVERGENCE EPISODE 20: 0.1561 rad
2025-08-15 17:36:02,874 - INFO - CONVERGENCE EPISODE 31: 0.4153 rad
2025-08-15 17:36:03,877 - INFO - CONVERGENCE EPISODE 32: 0.0829 rad
2025-08-15 17:36:05,915 - INFO - CONVERGENCE EPISODE 34: 0.1805 rad
2025-08-15 17:36:06,933 - INFO - CONVERGENCE EPISODE 35: 0.2438 rad
2025-08-15 17:36:07,934 - INFO - CONVERGENCE EPISODE 36: 0.4401 rad
2025-08-15 17:36:08,946 - INFO - CONVERGENCE EPISODE 37: 0.1764 rad
2025-08-15 17:36:16,870 - INFO - CONVERGENCE EPISODE 45: 0.1737 rad
2025-08-15 17:36:18,729 - INFO -      50 |    0.00 |    1.000 |   10.0000 |   0.000 |   49.1s
2025-08-15 17:36:18,773 - INFO - 
2025-08-15 17:36:18,773 - INFO - MILESTONE 100 ANALYSIS:
2025-08-15 17:36:18,773 - INFO -   Recent 50 episodes avg position error: 10.0000 ± 0.0000 rad
2025-08-15 17:36:18,773 - INFO -   Recent 50 episodes avg cost: 1.000
2025-08-15 17:36:18,773 - INFO -   Recent 50 episodes success rate: 0.00%
2025-08-15 17:36:18,773 - INFO -   Convergent episodes ratio (< 0.5 rad): 0.00%
2025-08-15 17:36:18,774 - INFO -   Total convergent episodes so far: 13
2025-08-15 17:36:18,774 - INFO -   Best performance: 0.0829 rad at episode 32
2025-08-15 17:36:18,774 - INFO -   Stable performance not yet achieved
2025-08-15 17:36:18,774 - INFO - 
2025-08-15 17:36:18,774 - INFO -     100 |    0.00 |    1.000 |   10.0000 |   0.000 |   49.1s
2025-08-15 17:36:18,823 - INFO -     150 |    0.00 |    1.000 |   10.0000 |   0.000 |   49.2s
2025-08-15 17:36:18,867 - INFO -     200 |    0.00 |    1.000 |   10.0000 |   0.000 |   49.2s
2025-08-15 17:36:18,920 - INFO - 
2025-08-15 17:36:18,920 - INFO - MILESTONE 250 ANALYSIS:
2025-08-15 17:36:18,920 - INFO -   Recent 50 episodes avg position error: 10.0000 ± 0.0000 rad
2025-08-15 17:36:18,920 - INFO -   Recent 50 episodes avg cost: 1.000
2025-08-15 17:36:18,921 - INFO -   Recent 50 episodes success rate: 0.00%
2025-08-15 17:36:18,921 - INFO -   Convergent episodes ratio (< 0.5 rad): 0.00%
2025-08-15 17:36:18,921 - INFO -   Total convergent episodes so far: 13
2025-08-15 17:36:18,921 - INFO -   Best performance: 0.0829 rad at episode 32
2025-08-15 17:36:18,921 - INFO -   Stable performance not yet achieved
2025-08-15 17:36:18,921 - INFO - 
2025-08-15 17:36:18,921 - INFO -     250 |    0.00 |    1.000 |   10.0000 |   0.000 |   49.3s
2025-08-15 17:36:18,963 - INFO -     300 |    0.00 |    1.000 |   10.0000 |   0.000 |   49.3s
2025-08-15 17:36:19,011 - INFO -     350 |    0.00 |    1.000 |   10.0000 |   0.000 |   49.4s
2025-08-15 17:36:19,055 - INFO - 
================================================================================
2025-08-15 17:36:19,056 - INFO - TRAINING COMPLETED - FINAL ANALYSIS
2025-08-15 17:36:19,056 - INFO - ================================================================================
2025-08-15 17:36:19,056 - INFO - Total training time: 49.4 seconds (0.8 minutes)
2025-08-15 17:36:19,056 - INFO - Final episode reward: 0.00
2025-08-15 17:36:19,056 - INFO - Final position error: 10.0000 rad
2025-08-15 17:36:19,056 - INFO - Final success rate: 0.000
2025-08-15 17:36:19,056 - INFO - Best position error achieved: 0.0829 rad at episode 32
2025-08-15 17:36:19,056 - INFO - Total convergent episodes (< 0.5 rad): 13/400 (3.25%)
2025-08-15 17:36:19,056 - INFO - Recent success rate (last 100 episodes): 0.00%
2025-08-15 17:36:19,056 - INFO - Stable performance achieved: No
2025-08-15 17:36:19,056 - INFO - Position error statistics:
2025-08-15 17:36:19,056 - INFO -   Mean: 8.9413 rad (512.3°)
2025-08-15 17:36:19,056 - INFO -   Std:  2.9133 rad (166.9°)
2025-08-15 17:36:19,056 - INFO -   Min:  0.0829 rad (4.8°)
2025-08-15 17:36:19,056 - INFO -   Max:  10.0000 rad (573.0°)
2025-08-15 17:36:19,057 - INFO -   Median: 10.0000 rad (573.0°)
2025-08-15 17:36:19,057 - INFO - Performance distribution:
2025-08-15 17:36:19,057 - INFO -   Excellent (< 0.1 rad / 5.7°): 2 episodes (0.5%)
2025-08-15 17:36:19,057 - INFO -   Good (0.1-0.3 rad / 5.7°-17.2°): 6 episodes (1.5%)
2025-08-15 17:36:19,057 - INFO -   Acceptable (0.3-0.5 rad / 17.2°-28.6°): 5 episodes (1.2%)
2025-08-15 17:36:19,057 - INFO -   Poor (> 0.5 rad / 28.6°): 387 episodes (96.8%)
2025-08-15 17:36:19,057 - INFO - 
TRAINING CONFIGURATION EFFECTIVENESS:
2025-08-15 17:36:19,057 - INFO - ----------------------------------------
2025-08-15 17:36:19,057 - INFO - Episodes needed for first convergence: 3
2025-08-15 17:36:19,057 - INFO - Excitation phase ended at episode: 37
2025-08-15 17:36:19,062 - INFO - Training metrics saved to: /home/osos/Mohamed_Masters_Thesis/DHP_pendulum/training_logs/dhp_pendulum_metrics_20250815_173619.json
2025-08-15 17:36:19,063 - INFO - 
BEST MODEL CONFIRMED:
2025-08-15 17:36:19,063 - INFO -   Episode: 32
2025-08-15 17:36:19,063 - INFO -   Position Error: 0.0829 rad (4.8°)
2025-08-15 17:36:19,063 - INFO -   Model files: dhp_pendulum_best_*
2025-08-15 17:36:19,063 - INFO - ================================================================================
2025-08-15 17:36:19,063 - INFO - TRAINING SESSION COMPLETED
2025-08-15 17:36:19,063 - INFO - Detailed log saved to: /home/osos/Mohamed_Masters_Thesis/DHP_pendulum/training_logs/dhp_pendulum_training_20250815_173529.log
2025-08-15 17:36:19,063 - INFO - ================================================================================
2025-08-15 17:36:25,938 - INFO - SESSION-BEST EPISODE RECORDED: Episode 32
2025-08-15 17:36:25,939 - INFO -   Replay error: 2.0799 rad vs training error: 0.0829 rad
2025-08-15 17:36:25,939 - INFO -   Target angle: 3.142 rad
2025-08-15 17:36:26,023 - INFO - Model saved with state normalization ENABLED
