2025-08-16 20:15:18,631 - INFO - ================================================================================
2025-08-16 20:15:18,631 - INFO - DHP PENDULUM TRAINING SESSION STARTED
2025-08-16 20:15:18,631 - INFO - ================================================================================
2025-08-16 20:15:18,631 - INFO - HYPERPARAMETERS:
2025-08-16 20:15:18,631 - INFO - ----------------------------------------
2025-08-16 20:15:18,631 - INFO - action_size              : 1
2025-08-16 20:15:18,631 - INFO - activation               : tanh
2025-08-16 20:15:18,631 - INFO - best_episode_gui         : False
2025-08-16 20:15:18,632 - INFO - episode_length           : 200
2025-08-16 20:15:18,632 - INFO - excitation_amplitude     : 0.2
2025-08-16 20:15:18,632 - INFO - excitation_steps         : 7500
2025-08-16 20:15:18,632 - INFO - gamma                    : 0.95
2025-08-16 20:15:18,632 - INFO - gui                      : False
2025-08-16 20:15:18,632 - INFO - hidden_layer_size        : [64, 64, 32]
2025-08-16 20:15:18,632 - INFO - log_interval             : 50
2025-08-16 20:15:18,632 - INFO - lr_actor                 : 0.005
2025-08-16 20:15:18,632 - INFO - lr_critic                : 0.01
2025-08-16 20:15:18,632 - INFO - max_steps                : 200
2025-08-16 20:15:18,632 - INFO - normalize_states         : True
2025-08-16 20:15:18,632 - INFO - num_episodes             : 1500
2025-08-16 20:15:18,632 - INFO - predict_delta            : False
2025-08-16 20:15:18,632 - INFO - record                   : False
2025-08-16 20:15:18,632 - INFO - record_best_episodes     : True
2025-08-16 20:15:18,632 - INFO - recording_fps            : 30
2025-08-16 20:15:18,632 - INFO - reference_size           : 2
2025-08-16 20:15:18,632 - INFO - render_best_only         : True
2025-08-16 20:15:18,632 - INFO - render_episode_steps     : 50
2025-08-16 20:15:18,632 - INFO - render_frequency         : 10
2025-08-16 20:15:18,632 - INFO - render_realtime          : False
2025-08-16 20:15:18,632 - INFO - render_training          : False
2025-08-16 20:15:18,632 - INFO - rls_action_size          : 1
2025-08-16 20:15:18,632 - INFO - rls_covariance           : 100.0
2025-08-16 20:15:18,632 - INFO - rls_gamma                : 0.9995
2025-08-16 20:15:18,632 - INFO - rls_state_size           : 2
2025-08-16 20:15:18,632 - INFO - save_interval            : 200
2025-08-16 20:15:18,632 - INFO - split                    : False
2025-08-16 20:15:18,632 - INFO - state_bounds             : {'theta': [-3.141592653589793, 3.141592653589793], 'theta_dot': [-8.0, 8.0]}
2025-08-16 20:15:18,633 - INFO - state_size               : 2
2025-08-16 20:15:18,633 - INFO - target_network           : True
2025-08-16 20:15:18,633 - INFO - tau                      : 0.001
2025-08-16 20:15:18,633 - INFO - update_cycles            : 2
2025-08-16 20:15:18,633 - INFO - ----------------------------------------
2025-08-16 20:15:18,633 - INFO - Log file: /home/osos/Mohamed_Masters_Thesis/DHP_pendulum/training_logs/dhp_pendulum_training_20250816_201518.log
2025-08-16 20:15:18,633 - INFO - ================================================================================
2025-08-16 20:15:18,633 - INFO - 
==================================================
2025-08-16 20:15:18,633 - INFO - STARTING DHP TRAINING FOR PENDULUM
2025-08-16 20:15:18,633 - INFO - ==================================================
2025-08-16 20:15:18,634 - WARNING - From /home/osos/Mohamed_Masters_Thesis/msc-thesis/agents/dhp.py:70: The name tf.Session is deprecated. Please use tf.compat.v1.Session instead.

2025-08-16 20:15:18,726 - WARNING - From /home/osos/Mohamed_Masters_Thesis/msc-thesis/agents/dhp.py:100: The name tf.placeholder is deprecated. Please use tf.compat.v1.placeholder instead.

2025-08-16 20:15:18,727 - WARNING - From /home/osos/Mohamed_Masters_Thesis/msc-thesis/agents/dhp.py:102: The name tf.placeholder_with_default is deprecated. Please use tf.compat.v1.placeholder_with_default instead.

2025-08-16 20:15:18,730 - WARNING - From /home/osos/Mohamed_Masters_Thesis/msc-thesis/agents/dhp.py:124: The name tf.variable_scope is deprecated. Please use tf.compat.v1.variable_scope instead.

2025-08-16 20:15:18,730 - WARNING - From /home/osos/Mohamed_Masters_Thesis/msc-thesis/agents/dhp.py:128: dense (from tensorflow.python.layers.core) is deprecated and will be removed in a future version.
Instructions for updating:
Use keras.layers.Dense instead.
2025-08-16 20:15:18,730 - WARNING - From /home/osos/anaconda3/envs/DHP/lib/python3.7/site-packages/tensorflow_core/python/layers/core.py:187: Layer.apply (from tensorflow.python.keras.engine.base_layer) is deprecated and will be removed in a future version.
Instructions for updating:
Please use `layer.__call__` method instead.
2025-08-16 20:15:18,755 - WARNING - From /home/osos/Mohamed_Masters_Thesis/msc-thesis/agents/dhp.py:133: The name tf.trainable_variables is deprecated. Please use tf.compat.v1.trainable_variables instead.

2025-08-16 20:15:18,765 - WARNING - From /home/osos/Mohamed_Masters_Thesis/msc-thesis/agents/dhp.py:139: The name tf.train.GradientDescentOptimizer is deprecated. Please use tf.compat.v1.train.GradientDescentOptimizer instead.

2025-08-16 20:15:18,792 - WARNING - From /home/osos/Mohamed_Masters_Thesis/msc-thesis/agents/dhp.py:156: The name tf.assign is deprecated. Please use tf.compat.v1.assign instead.

2025-08-16 20:15:18,851 - WARNING - From /home/osos/Mohamed_Masters_Thesis/msc-thesis/agents/dhp.py:79: The name tf.summary.merge_all is deprecated. Please use tf.compat.v1.summary.merge_all instead.

2025-08-16 20:15:18,851 - WARNING - From /home/osos/Mohamed_Masters_Thesis/msc-thesis/agents/dhp.py:80: The name tf.train.Saver is deprecated. Please use tf.compat.v1.train.Saver instead.

2025-08-16 20:15:18,862 - WARNING - From /home/osos/Mohamed_Masters_Thesis/msc-thesis/agents/dhp.py:81: The name tf.global_variables_initializer is deprecated. Please use tf.compat.v1.global_variables_initializer instead.

2025-08-16 20:15:18,908 - INFO - 
Training for 1000 episodes...
2025-08-16 20:15:18,908 - INFO - Episode | Reward  | Avg Cost | Pos Error | Success | Time
2025-08-16 20:15:18,908 - INFO - ------------------------------------------------------------
2025-08-16 20:15:20,077 - INFO -       0 | -13357.39 |  835.843 |    2.5458 |   0.000 |    1.2s
2025-08-16 20:15:22,267 - INFO - CONVERGENCE EPISODE 3: 0.0002 rad
2025-08-16 20:15:22,450 - INFO - CONVERGENCE EPISODE 4: 0.0014 rad
2025-08-16 20:15:24,329 - INFO - CONVERGENCE EPISODE 6: 0.0489 rad
2025-08-16 20:15:26,067 - INFO - CONVERGENCE EPISODE 8: 0.0014 rad
2025-08-16 20:15:27,003 - INFO - CONVERGENCE EPISODE 9: 0.0503 rad
2025-08-16 20:15:28,576 - INFO - CONVERGENCE EPISODE 11: 0.0024 rad
2025-08-16 20:15:31,334 - INFO - CONVERGENCE EPISODE 14: 0.2163 rad
2025-08-16 20:15:32,240 - INFO - CONVERGENCE EPISODE 15: 0.4279 rad
2025-08-16 20:15:33,702 - INFO - CONVERGENCE EPISODE 17: 0.0014 rad
2025-08-16 20:15:34,160 - INFO - CONVERGENCE EPISODE 18: 0.0006 rad
2025-08-16 20:15:36,038 - INFO - CONVERGENCE EPISODE 20: 0.2117 rad
2025-08-16 20:15:38,179 - INFO - CONVERGENCE EPISODE 23: 0.0028 rad
2025-08-16 20:15:38,888 - INFO - CONVERGENCE EPISODE 24: 0.0026 rad
2025-08-16 20:15:39,833 - INFO -      25 | -7365.68 | 98844.079 |    0.6130 |   0.000 |   20.9s
2025-08-16 20:15:43,083 - INFO - CONVERGENCE EPISODE 29: 0.0008 rad
2025-08-16 20:15:44,909 - INFO - CONVERGENCE EPISODE 31: 0.0235 rad
2025-08-16 20:15:46,166 - INFO - CONVERGENCE EPISODE 33: 0.0028 rad
2025-08-16 20:15:52,624 - INFO - CONVERGENCE EPISODE 40: 0.1463 rad
2025-08-16 20:15:52,958 - INFO - CONVERGENCE EPISODE 41: 0.0031 rad
2025-08-16 20:15:53,887 - INFO - CONVERGENCE EPISODE 42: 0.0358 rad
2025-08-16 20:15:57,968 - INFO - CONVERGENCE EPISODE 47: 0.0015 rad
2025-08-16 20:16:00,700 - INFO - CONVERGENCE EPISODE 50: 0.3963 rad
2025-08-16 20:16:00,700 - INFO -      50 | -8389.72 | 194833.247 |    0.3963 |   0.000 |   41.8s
2025-08-16 20:16:03,449 - INFO - CONVERGENCE EPISODE 53: 0.2157 rad
2025-08-16 20:16:05,049 - INFO - CONVERGENCE EPISODE 55: 0.0017 rad
2025-08-16 20:16:05,935 - INFO - CONVERGENCE EPISODE 56: 0.0013 rad
2025-08-16 20:16:13,458 - INFO - CONVERGENCE EPISODE 65: 0.0021 rad
2025-08-16 20:16:14,654 - INFO - CONVERGENCE EPISODE 67: 0.0002 rad
2025-08-16 20:16:16,124 - INFO - CONVERGENCE EPISODE 69: 0.0019 rad
2025-08-16 20:16:19,699 - INFO - CONVERGENCE EPISODE 73: 0.0020 rad
2025-08-16 20:16:19,985 - INFO - CONVERGENCE EPISODE 74: 0.0003 rad
2025-08-16 20:16:20,403 - INFO - CONVERGENCE EPISODE 75: 0.0016 rad
2025-08-16 20:16:20,403 - INFO -      75 | -1423.71 | 52807.127 |    0.0016 |   0.000 |   61.5s
2025-08-16 20:16:20,887 - INFO - CONVERGENCE EPISODE 76: 0.0013 rad
2025-08-16 20:16:21,161 - INFO - CONVERGENCE EPISODE 77: 0.0015 rad
2025-08-16 20:16:21,488 - INFO - CONVERGENCE EPISODE 78: 0.0017 rad
2025-08-16 20:16:21,787 - INFO - CONVERGENCE EPISODE 79: 0.0011 rad
2025-08-16 20:16:22,706 - INFO - CONVERGENCE EPISODE 80: 0.4610 rad
2025-08-16 20:16:23,015 - INFO - CONVERGENCE EPISODE 81: 0.0006 rad
2025-08-16 20:16:23,345 - INFO - CONVERGENCE EPISODE 82: 0.0015 rad
2025-08-16 20:16:23,345 - INFO - STABLE PERFORMANCE ACHIEVED starting at episode 73
2025-08-16 20:16:23,755 - INFO - CONVERGENCE EPISODE 83: 0.0011 rad
2025-08-16 20:16:24,479 - INFO - CONVERGENCE EPISODE 84: 0.0016 rad
2025-08-16 20:16:24,909 - INFO - CONVERGENCE EPISODE 85: 0.0008 rad
2025-08-16 20:16:25,274 - INFO - CONVERGENCE EPISODE 86: 0.0029 rad
2025-08-16 20:16:25,553 - INFO - CONVERGENCE EPISODE 87: 0.0012 rad
2025-08-16 20:16:25,903 - INFO - CONVERGENCE EPISODE 88: 0.0012 rad
2025-08-16 20:16:26,230 - INFO - CONVERGENCE EPISODE 89: 0.0018 rad
2025-08-16 20:16:27,044 - INFO - CONVERGENCE EPISODE 90: 0.0023 rad
2025-08-16 20:16:27,768 - INFO - CONVERGENCE EPISODE 91: 0.0031 rad
2025-08-16 20:16:28,162 - INFO - CONVERGENCE EPISODE 92: 0.0021 rad
2025-08-16 20:16:29,103 - INFO - CONVERGENCE EPISODE 93: 0.4288 rad
2025-08-16 20:16:29,594 - INFO - CONVERGENCE EPISODE 94: 0.0012 rad
2025-08-16 20:16:29,765 - INFO - CONVERGENCE EPISODE 95: 0.0010 rad
2025-08-16 20:16:30,210 - INFO - CONVERGENCE EPISODE 96: 0.0013 rad
2025-08-16 20:16:30,509 - INFO - CONVERGENCE EPISODE 97: 0.0024 rad
2025-08-16 20:16:30,791 - INFO - CONVERGENCE EPISODE 98: 0.0009 rad
2025-08-16 20:16:31,074 - INFO - CONVERGENCE EPISODE 99: 0.0022 rad
2025-08-16 20:16:31,393 - INFO - CONVERGENCE EPISODE 100: 0.0017 rad
2025-08-16 20:16:31,393 - INFO - 
2025-08-16 20:16:31,393 - INFO - MILESTONE 100 ANALYSIS:
2025-08-16 20:16:31,393 - INFO -   Recent 50 episodes avg position error: 0.4203 ± 0.6441 rad
2025-08-16 20:16:31,393 - INFO -   Recent 50 episodes avg cost: 103229.698
2025-08-16 20:16:31,393 - INFO -   Recent 50 episodes success rate: 0.00%
2025-08-16 20:16:31,393 - INFO -   Convergent episodes ratio (< 0.5 rad): 68.00%
2025-08-16 20:16:31,393 - INFO -   Total convergent episodes so far: 55
2025-08-16 20:16:31,393 - INFO -   Best performance: 0.0002 rad at episode 67
2025-08-16 20:16:31,393 - INFO -   Stable performance maintained since episode 73
2025-08-16 20:16:31,393 - INFO - 
2025-08-16 20:16:31,393 - INFO -     100 | -1509.25 | 46012.646 |    0.0017 |   0.000 |   72.5s
2025-08-16 20:16:32,326 - INFO - CONVERGENCE EPISODE 101: 0.2378 rad
2025-08-16 20:16:32,621 - INFO - CONVERGENCE EPISODE 102: 0.0000 rad
2025-08-16 20:16:33,032 - INFO - CONVERGENCE EPISODE 103: 0.0005 rad
2025-08-16 20:16:33,344 - INFO - CONVERGENCE EPISODE 104: 0.0009 rad
2025-08-16 20:16:34,261 - INFO - CONVERGENCE EPISODE 105: 0.1282 rad
2025-08-16 20:16:34,620 - INFO - CONVERGENCE EPISODE 106: 0.0027 rad
2025-08-16 20:16:34,945 - INFO - CONVERGENCE EPISODE 107: 0.0001 rad
2025-08-16 20:16:35,865 - INFO - CONVERGENCE EPISODE 108: 0.1164 rad
2025-08-16 20:16:36,461 - INFO - CONVERGENCE EPISODE 109: 0.0031 rad
2025-08-16 20:16:36,773 - INFO - CONVERGENCE EPISODE 110: 0.0012 rad
2025-08-16 20:16:37,690 - INFO - CONVERGENCE EPISODE 111: 0.0032 rad
2025-08-16 20:16:38,604 - INFO - CONVERGENCE EPISODE 112: 0.1354 rad
2025-08-16 20:16:38,852 - INFO - CONVERGENCE EPISODE 113: 0.0026 rad
2025-08-16 20:16:39,430 - INFO - CONVERGENCE EPISODE 114: 0.0009 rad
2025-08-16 20:16:40,353 - INFO - CONVERGENCE EPISODE 115: 0.1445 rad
2025-08-16 20:16:40,904 - INFO - CONVERGENCE EPISODE 116: 0.0022 rad
2025-08-16 20:16:41,821 - INFO - CONVERGENCE EPISODE 117: 0.3844 rad
2025-08-16 20:16:42,260 - INFO - CONVERGENCE EPISODE 118: 0.0025 rad
2025-08-16 20:16:43,117 - INFO - CONVERGENCE EPISODE 119: 0.0016 rad
2025-08-16 20:16:43,605 - INFO - CONVERGENCE EPISODE 120: 0.0007 rad
2025-08-16 20:16:43,999 - INFO - CONVERGENCE EPISODE 121: 0.0019 rad
2025-08-16 20:16:44,677 - INFO - CONVERGENCE EPISODE 122: 0.0023 rad
2025-08-16 20:16:44,975 - INFO - CONVERGENCE EPISODE 123: 0.0026 rad
2025-08-16 20:16:45,275 - INFO - CONVERGENCE EPISODE 124: 0.0030 rad
2025-08-16 20:16:45,604 - INFO - CONVERGENCE EPISODE 125: 0.0029 rad
2025-08-16 20:16:45,604 - INFO -     125 | -1778.39 | 44979.502 |    0.0029 |   0.000 |   86.7s
2025-08-16 20:16:45,910 - INFO - CONVERGENCE EPISODE 126: 0.0016 rad
2025-08-16 20:16:46,597 - INFO - CONVERGENCE EPISODE 127: 0.0027 rad
2025-08-16 20:16:47,516 - INFO - CONVERGENCE EPISODE 128: 0.1175 rad
2025-08-16 20:16:47,749 - INFO - CONVERGENCE EPISODE 129: 0.0021 rad
2025-08-16 20:16:48,037 - INFO - CONVERGENCE EPISODE 130: 0.0017 rad
2025-08-16 20:16:48,948 - INFO - CONVERGENCE EPISODE 131: 0.3140 rad
2025-08-16 20:16:49,266 - INFO - CONVERGENCE EPISODE 132: 0.0004 rad
2025-08-16 20:16:49,867 - INFO - CONVERGENCE EPISODE 133: 0.0003 rad
2025-08-16 20:16:50,268 - INFO - CONVERGENCE EPISODE 134: 0.0019 rad
2025-08-16 20:16:51,166 - INFO - CONVERGENCE EPISODE 135: 0.0011 rad
2025-08-16 20:16:51,546 - INFO - CONVERGENCE EPISODE 136: 0.0013 rad
2025-08-16 20:16:52,046 - INFO - CONVERGENCE EPISODE 137: 0.0030 rad
2025-08-16 20:16:52,734 - INFO - CONVERGENCE EPISODE 138: 0.0017 rad
2025-08-16 20:16:53,036 - INFO - CONVERGENCE EPISODE 139: 0.0024 rad
2025-08-16 20:16:53,490 - INFO - CONVERGENCE EPISODE 140: 0.0029 rad
2025-08-16 20:16:54,213 - INFO - CONVERGENCE EPISODE 141: 0.0025 rad
2025-08-16 20:16:54,999 - INFO - CONVERGENCE EPISODE 142: 0.0020 rad
2025-08-16 20:16:55,395 - INFO - CONVERGENCE EPISODE 143: 0.0005 rad
2025-08-16 20:16:56,161 - INFO - CONVERGENCE EPISODE 144: 0.0020 rad
2025-08-16 20:16:56,443 - INFO - CONVERGENCE EPISODE 145: 0.0012 rad
2025-08-16 20:16:57,279 - INFO - CONVERGENCE EPISODE 146: 0.0012 rad
2025-08-16 20:16:57,646 - INFO - CONVERGENCE EPISODE 147: 0.0015 rad
2025-08-16 20:16:58,179 - INFO - CONVERGENCE EPISODE 148: 0.0015 rad
2025-08-16 20:16:59,444 - INFO - CONVERGENCE EPISODE 150: 0.0018 rad
2025-08-16 20:16:59,445 - INFO -     150 | -2226.19 | 45891.524 |    0.0018 |   0.000 |  100.5s
2025-08-16 20:16:59,803 - INFO - CONVERGENCE EPISODE 151: 0.0026 rad
2025-08-16 20:17:00,128 - INFO - CONVERGENCE EPISODE 152: 0.0003 rad
2025-08-16 20:17:00,592 - INFO - CONVERGENCE EPISODE 153: 0.0015 rad
2025-08-16 20:17:01,060 - INFO - CONVERGENCE EPISODE 154: 0.0025 rad
2025-08-16 20:17:01,420 - INFO - CONVERGENCE EPISODE 155: 0.0014 rad
2025-08-16 20:17:01,862 - INFO - CONVERGENCE EPISODE 156: 0.0019 rad
2025-08-16 20:17:02,285 - INFO - CONVERGENCE EPISODE 157: 0.0014 rad
2025-08-16 20:17:02,583 - INFO - CONVERGENCE EPISODE 158: 0.0025 rad
2025-08-16 20:17:02,931 - INFO - CONVERGENCE EPISODE 159: 0.0008 rad
2025-08-16 20:17:03,629 - INFO - CONVERGENCE EPISODE 160: 0.0020 rad
2025-08-16 20:17:04,033 - INFO - CONVERGENCE EPISODE 161: 0.0012 rad
2025-08-16 20:17:04,437 - INFO - CONVERGENCE EPISODE 162: 0.0015 rad
2025-08-16 20:17:04,918 - INFO - CONVERGENCE EPISODE 163: 0.0019 rad
2025-08-16 20:17:05,274 - INFO - CONVERGENCE EPISODE 164: 0.0007 rad
2025-08-16 20:17:05,620 - INFO - CONVERGENCE EPISODE 165: 0.0010 rad
2025-08-16 20:17:06,112 - INFO - CONVERGENCE EPISODE 166: 0.0005 rad
2025-08-16 20:17:06,621 - INFO - CONVERGENCE EPISODE 167: 0.0029 rad
2025-08-16 20:17:06,837 - INFO - CONVERGENCE EPISODE 168: 0.0015 rad
2025-08-16 20:17:07,169 - INFO - CONVERGENCE EPISODE 169: 0.0010 rad
2025-08-16 20:17:07,602 - INFO - CONVERGENCE EPISODE 170: 0.0023 rad
2025-08-16 20:17:07,975 - INFO - CONVERGENCE EPISODE 171: 0.0021 rad
2025-08-16 20:17:08,751 - INFO - CONVERGENCE EPISODE 172: 0.0026 rad
2025-08-16 20:17:09,431 - INFO - CONVERGENCE EPISODE 173: 0.0020 rad
2025-08-16 20:17:10,221 - INFO - CONVERGENCE EPISODE 174: 0.0030 rad
2025-08-16 20:17:11,063 - INFO - CONVERGENCE EPISODE 175: 0.0004 rad
2025-08-16 20:17:11,063 - INFO -     175 | -1786.61 | 38463.565 |    0.0004 |   0.000 |  112.2s
2025-08-16 20:17:11,430 - INFO - CONVERGENCE EPISODE 176: 0.0005 rad
2025-08-16 20:17:11,719 - INFO - CONVERGENCE EPISODE 177: 0.0022 rad
2025-08-16 20:17:12,030 - INFO - CONVERGENCE EPISODE 178: 0.0026 rad
2025-08-16 20:17:12,585 - INFO - CONVERGENCE EPISODE 179: 0.0008 rad
2025-08-16 20:17:12,871 - INFO - CONVERGENCE EPISODE 180: 0.0026 rad
2025-08-16 20:17:13,137 - INFO - CONVERGENCE EPISODE 181: 0.0020 rad
2025-08-16 20:17:13,459 - INFO - CONVERGENCE EPISODE 182: 0.0007 rad
2025-08-16 20:17:13,756 - INFO - CONVERGENCE EPISODE 183: 0.0000 rad
2025-08-16 20:17:14,560 - INFO - CONVERGENCE EPISODE 184: 0.0016 rad
2025-08-16 20:17:14,996 - INFO - CONVERGENCE EPISODE 185: 0.0026 rad
2025-08-16 20:17:15,767 - INFO - CONVERGENCE EPISODE 186: 0.0022 rad
2025-08-16 20:17:16,252 - INFO - CONVERGENCE EPISODE 187: 0.0017 rad
2025-08-16 20:17:16,559 - INFO - CONVERGENCE EPISODE 188: 0.0016 rad
2025-08-16 20:17:16,901 - INFO - CONVERGENCE EPISODE 189: 0.0011 rad
2025-08-16 20:17:17,808 - INFO - CONVERGENCE EPISODE 190: 0.0048 rad
2025-08-16 20:17:18,078 - INFO - CONVERGENCE EPISODE 191: 0.0015 rad
2025-08-16 20:17:18,341 - INFO - CONVERGENCE EPISODE 192: 0.0028 rad
2025-08-16 20:17:18,739 - INFO - CONVERGENCE EPISODE 193: 0.0021 rad
2025-08-16 20:17:19,023 - INFO - CONVERGENCE EPISODE 194: 0.0015 rad
2025-08-16 20:17:19,333 - INFO - CONVERGENCE EPISODE 195: 0.0010 rad
2025-08-16 20:17:19,653 - INFO - CONVERGENCE EPISODE 196: 0.0006 rad
2025-08-16 20:17:20,413 - INFO - CONVERGENCE EPISODE 197: 0.0022 rad
2025-08-16 20:17:20,547 - INFO - CONVERGENCE EPISODE 198: 0.0026 rad
2025-08-16 20:17:20,794 - INFO - CONVERGENCE EPISODE 199: 0.0003 rad
2025-08-16 20:17:21,391 - INFO - CONVERGENCE EPISODE 200: 0.0011 rad
2025-08-16 20:17:21,392 - INFO -     200 | -1908.82 | 48169.712 |    0.0011 |   0.000 |  122.5s
2025-08-16 20:17:21,694 - INFO - CONVERGENCE EPISODE 201: 0.0010 rad
2025-08-16 20:17:22,452 - INFO - CONVERGENCE EPISODE 202: 0.0011 rad
2025-08-16 20:17:22,721 - INFO - CONVERGENCE EPISODE 203: 0.0010 rad
2025-08-16 20:17:22,848 - INFO - CONVERGENCE EPISODE 204: 0.0022 rad
2025-08-16 20:17:23,154 - INFO - CONVERGENCE EPISODE 205: 0.0003 rad
2025-08-16 20:17:23,476 - INFO - CONVERGENCE EPISODE 206: 0.0024 rad
2025-08-16 20:17:23,668 - INFO - CONVERGENCE EPISODE 207: 0.0007 rad
2025-08-16 20:17:23,776 - INFO - CONVERGENCE EPISODE 208: 0.0009 rad
2025-08-16 20:17:24,095 - INFO - CONVERGENCE EPISODE 209: 0.0005 rad
2025-08-16 20:17:25,014 - INFO - CONVERGENCE EPISODE 210: 0.0935 rad
2025-08-16 20:17:25,501 - INFO - CONVERGENCE EPISODE 211: 0.0012 rad
2025-08-16 20:17:25,796 - INFO - CONVERGENCE EPISODE 212: 0.0030 rad
2025-08-16 20:17:26,297 - INFO - CONVERGENCE EPISODE 213: 0.0016 rad
2025-08-16 20:17:26,593 - INFO - CONVERGENCE EPISODE 214: 0.0008 rad
2025-08-16 20:17:26,701 - INFO - CONVERGENCE EPISODE 215: 0.0020 rad
2025-08-16 20:17:26,955 - INFO - CONVERGENCE EPISODE 216: 0.0010 rad
2025-08-16 20:17:27,270 - INFO - CONVERGENCE EPISODE 217: 0.0026 rad
2025-08-16 20:17:27,450 - INFO - CONVERGENCE EPISODE 218: 0.0010 rad
2025-08-16 20:17:27,699 - INFO - CONVERGENCE EPISODE 219: 0.0027 rad
2025-08-16 20:17:27,949 - INFO - CONVERGENCE EPISODE 220: 0.0025 rad
2025-08-16 20:17:28,883 - INFO - CONVERGENCE EPISODE 221: 0.3292 rad
2025-08-16 20:17:29,161 - INFO - CONVERGENCE EPISODE 222: 0.0024 rad
2025-08-16 20:17:29,487 - INFO - CONVERGENCE EPISODE 223: 0.0029 rad
2025-08-16 20:17:29,747 - INFO - CONVERGENCE EPISODE 224: 0.0012 rad
2025-08-16 20:17:29,990 - INFO - CONVERGENCE EPISODE 225: 0.0020 rad
2025-08-16 20:17:29,990 - INFO -     225 | -1168.58 | 84622.483 |    0.0020 |   0.000 |  131.1s
2025-08-16 20:17:30,262 - INFO - CONVERGENCE EPISODE 226: 0.0000 rad
2025-08-16 20:17:30,572 - INFO - CONVERGENCE EPISODE 227: 0.0018 rad
2025-08-16 20:17:30,946 - INFO - CONVERGENCE EPISODE 228: 0.0012 rad
2025-08-16 20:17:31,177 - INFO - CONVERGENCE EPISODE 229: 0.0017 rad
2025-08-16 20:17:31,348 - INFO - CONVERGENCE EPISODE 230: 0.0010 rad
2025-08-16 20:17:31,894 - INFO - CONVERGENCE EPISODE 231: 0.0027 rad
2025-08-16 20:17:32,160 - INFO - CONVERGENCE EPISODE 232: 0.0014 rad
2025-08-16 20:17:32,613 - INFO - CONVERGENCE EPISODE 233: 0.0014 rad
2025-08-16 20:17:33,529 - INFO - CONVERGENCE EPISODE 234: 0.3661 rad
2025-08-16 20:17:33,770 - INFO - CONVERGENCE EPISODE 235: 0.0022 rad
2025-08-16 20:17:34,055 - INFO - CONVERGENCE EPISODE 236: 0.0018 rad
2025-08-16 20:17:34,285 - INFO - CONVERGENCE EPISODE 237: 0.0013 rad
2025-08-16 20:17:34,516 - INFO - CONVERGENCE EPISODE 238: 0.0010 rad
2025-08-16 20:17:34,899 - INFO - CONVERGENCE EPISODE 239: 0.0006 rad
2025-08-16 20:17:35,134 - INFO - CONVERGENCE EPISODE 240: 0.0017 rad
2025-08-16 20:17:35,946 - INFO - CONVERGENCE EPISODE 241: 0.0001 rad
2025-08-16 20:17:36,358 - INFO - CONVERGENCE EPISODE 242: 0.0018 rad
2025-08-16 20:17:37,036 - INFO - CONVERGENCE EPISODE 243: 0.0006 rad
2025-08-16 20:17:37,404 - INFO - CONVERGENCE EPISODE 244: 0.0031 rad
2025-08-16 20:17:37,690 - INFO - CONVERGENCE EPISODE 245: 0.0001 rad
2025-08-16 20:17:37,908 - INFO - CONVERGENCE EPISODE 246: 0.0004 rad
2025-08-16 20:17:38,068 - INFO - CONVERGENCE EPISODE 247: 0.0007 rad
2025-08-16 20:17:38,365 - INFO - CONVERGENCE EPISODE 248: 0.0000 rad
2025-08-16 20:17:38,685 - INFO - CONVERGENCE EPISODE 249: 0.0006 rad
2025-08-16 20:17:39,117 - INFO - CONVERGENCE EPISODE 250: 0.0026 rad
2025-08-16 20:17:39,118 - INFO - 
2025-08-16 20:17:39,118 - INFO - MILESTONE 250 ANALYSIS:
2025-08-16 20:17:39,118 - INFO -   Recent 50 episodes avg position error: 0.0171 ± 0.0688 rad
2025-08-16 20:17:39,118 - INFO -   Recent 50 episodes avg cost: 67046.054
2025-08-16 20:17:39,118 - INFO -   Recent 50 episodes success rate: 0.00%
2025-08-16 20:17:39,118 - INFO -   Convergent episodes ratio (< 0.5 rad): 100.00%
2025-08-16 20:17:39,118 - INFO -   Total convergent episodes so far: 204
2025-08-16 20:17:39,118 - INFO -   Best performance: 0.0000 rad at episode 226
2025-08-16 20:17:39,118 - INFO -   Stable performance maintained since episode 73
2025-08-16 20:17:39,118 - INFO - 
2025-08-16 20:17:39,118 - INFO -     250 | -1182.32 | 53101.598 |    0.0026 |   0.000 |  140.2s
2025-08-16 20:17:39,440 - INFO - CONVERGENCE EPISODE 251: 0.0017 rad
2025-08-16 20:17:39,851 - INFO - CONVERGENCE EPISODE 252: 0.0010 rad
2025-08-16 20:17:40,438 - INFO - CONVERGENCE EPISODE 253: 0.0030 rad
2025-08-16 20:17:40,682 - INFO - CONVERGENCE EPISODE 254: 0.0028 rad
2025-08-16 20:17:40,872 - INFO - CONVERGENCE EPISODE 255: 0.0010 rad
2025-08-16 20:17:41,704 - INFO - CONVERGENCE EPISODE 256: 0.0004 rad
2025-08-16 20:17:41,906 - INFO - CONVERGENCE EPISODE 257: 0.0022 rad
2025-08-16 20:17:42,144 - INFO - CONVERGENCE EPISODE 258: 0.0005 rad
2025-08-16 20:17:42,528 - INFO - CONVERGENCE EPISODE 259: 0.0023 rad
2025-08-16 20:17:42,730 - INFO - CONVERGENCE EPISODE 260: 0.0022 rad
2025-08-16 20:17:42,928 - INFO - CONVERGENCE EPISODE 261: 0.0027 rad
2025-08-16 20:17:43,236 - INFO - CONVERGENCE EPISODE 262: 0.0029 rad
2025-08-16 20:17:43,483 - INFO - CONVERGENCE EPISODE 263: 0.0019 rad
2025-08-16 20:17:44,235 - INFO - CONVERGENCE EPISODE 264: 0.0006 rad
2025-08-16 20:17:44,476 - INFO - CONVERGENCE EPISODE 265: 0.0005 rad
2025-08-16 20:17:44,723 - INFO - CONVERGENCE EPISODE 266: 0.0029 rad
2025-08-16 20:17:45,001 - INFO - CONVERGENCE EPISODE 267: 0.0007 rad
2025-08-16 20:17:45,231 - INFO - CONVERGENCE EPISODE 268: 0.0011 rad
2025-08-16 20:17:45,441 - INFO - CONVERGENCE EPISODE 269: 0.0029 rad
2025-08-16 20:17:46,159 - INFO - CONVERGENCE EPISODE 270: 0.0024 rad
2025-08-16 20:17:46,510 - INFO - CONVERGENCE EPISODE 271: 0.0017 rad
2025-08-16 20:17:46,796 - INFO - CONVERGENCE EPISODE 272: 0.0030 rad
2025-08-16 20:17:47,339 - INFO - CONVERGENCE EPISODE 273: 0.0012 rad
2025-08-16 20:17:47,588 - INFO - CONVERGENCE EPISODE 274: 0.0030 rad
2025-08-16 20:17:47,989 - INFO - CONVERGENCE EPISODE 275: 0.0018 rad
2025-08-16 20:17:47,989 - INFO -     275 | -782.42 | 42225.715 |    0.0018 |   0.000 |  149.1s
2025-08-16 20:17:48,258 - INFO - CONVERGENCE EPISODE 276: 0.0003 rad
2025-08-16 20:17:48,698 - INFO - CONVERGENCE EPISODE 277: 0.0002 rad
2025-08-16 20:17:49,142 - INFO - CONVERGENCE EPISODE 278: 0.0002 rad
2025-08-16 20:17:49,538 - INFO - CONVERGENCE EPISODE 279: 0.0016 rad
2025-08-16 20:17:49,845 - INFO - CONVERGENCE EPISODE 280: 0.0006 rad
2025-08-16 20:17:50,089 - INFO - CONVERGENCE EPISODE 281: 0.0008 rad
2025-08-16 20:17:50,427 - INFO - CONVERGENCE EPISODE 282: 0.0025 rad
2025-08-16 20:17:51,356 - INFO - CONVERGENCE EPISODE 283: 0.0089 rad
2025-08-16 20:17:51,676 - INFO - CONVERGENCE EPISODE 284: 0.0016 rad
2025-08-16 20:17:51,836 - INFO - CONVERGENCE EPISODE 285: 0.0016 rad
2025-08-16 20:17:52,032 - INFO - CONVERGENCE EPISODE 286: 0.0001 rad
2025-08-16 20:17:52,284 - INFO - CONVERGENCE EPISODE 287: 0.0008 rad
2025-08-16 20:17:52,560 - INFO - CONVERGENCE EPISODE 288: 0.0001 rad
2025-08-16 20:17:52,827 - INFO - CONVERGENCE EPISODE 289: 0.0025 rad
2025-08-16 20:17:53,093 - INFO - CONVERGENCE EPISODE 290: 0.0011 rad
2025-08-16 20:17:53,325 - INFO - CONVERGENCE EPISODE 291: 0.0009 rad
2025-08-16 20:17:53,635 - INFO - CONVERGENCE EPISODE 292: 0.0019 rad
2025-08-16 20:17:53,881 - INFO - CONVERGENCE EPISODE 293: 0.0006 rad
2025-08-16 20:17:54,132 - INFO - CONVERGENCE EPISODE 294: 0.0009 rad
2025-08-16 20:17:54,292 - INFO - CONVERGENCE EPISODE 295: 0.0001 rad
2025-08-16 20:17:54,589 - INFO - CONVERGENCE EPISODE 296: 0.0027 rad
2025-08-16 20:17:54,934 - INFO - CONVERGENCE EPISODE 297: 0.0008 rad
2025-08-16 20:17:55,595 - INFO - CONVERGENCE EPISODE 298: 0.0002 rad
2025-08-16 20:17:55,816 - INFO - CONVERGENCE EPISODE 299: 0.0003 rad
2025-08-16 20:17:56,178 - INFO - CONVERGENCE EPISODE 300: 0.0029 rad
2025-08-16 20:17:56,178 - INFO -     300 | -1106.27 | 74450.172 |    0.0029 |   0.000 |  157.3s
2025-08-16 20:17:56,281 - INFO - CONVERGENCE EPISODE 301: 0.0019 rad
2025-08-16 20:17:56,558 - INFO - CONVERGENCE EPISODE 302: 0.0021 rad
2025-08-16 20:17:57,131 - INFO - CONVERGENCE EPISODE 303: 0.0008 rad
2025-08-16 20:17:57,383 - INFO - CONVERGENCE EPISODE 304: 0.0016 rad
2025-08-16 20:17:57,610 - INFO - CONVERGENCE EPISODE 305: 0.0016 rad
2025-08-16 20:17:57,925 - INFO - CONVERGENCE EPISODE 306: 0.0029 rad
2025-08-16 20:17:58,304 - INFO - CONVERGENCE EPISODE 307: 0.0025 rad
2025-08-16 20:17:58,908 - INFO - CONVERGENCE EPISODE 308: 0.0006 rad
2025-08-16 20:17:59,228 - INFO - CONVERGENCE EPISODE 309: 0.0004 rad
2025-08-16 20:17:59,458 - INFO - CONVERGENCE EPISODE 310: 0.0022 rad
2025-08-16 20:17:59,749 - INFO - CONVERGENCE EPISODE 311: 0.0015 rad
2025-08-16 20:17:59,997 - INFO - CONVERGENCE EPISODE 312: 0.0008 rad
2025-08-16 20:18:00,255 - INFO - CONVERGENCE EPISODE 313: 0.0025 rad
2025-08-16 20:18:00,457 - INFO - CONVERGENCE EPISODE 314: 0.0028 rad
2025-08-16 20:18:00,805 - INFO - CONVERGENCE EPISODE 315: 0.0019 rad
2025-08-16 20:18:01,068 - INFO - CONVERGENCE EPISODE 316: 0.0018 rad
2025-08-16 20:18:01,259 - INFO - CONVERGENCE EPISODE 317: 0.0018 rad
2025-08-16 20:18:01,604 - INFO - CONVERGENCE EPISODE 318: 0.0012 rad
2025-08-16 20:18:01,849 - INFO - CONVERGENCE EPISODE 319: 0.0004 rad
2025-08-16 20:18:02,094 - INFO - CONVERGENCE EPISODE 320: 0.0020 rad
2025-08-16 20:18:02,389 - INFO - CONVERGENCE EPISODE 321: 0.0020 rad
2025-08-16 20:18:02,624 - INFO - CONVERGENCE EPISODE 322: 0.0018 rad
2025-08-16 20:18:03,143 - INFO - CONVERGENCE EPISODE 323: 0.0012 rad
2025-08-16 20:18:03,449 - INFO - CONVERGENCE EPISODE 324: 0.0022 rad
2025-08-16 20:18:03,755 - INFO - CONVERGENCE EPISODE 325: 0.0020 rad
2025-08-16 20:18:03,755 - INFO -     325 | -1024.96 | 51323.118 |    0.0020 |   0.000 |  164.8s
2025-08-16 20:18:03,953 - INFO - CONVERGENCE EPISODE 326: 0.0020 rad
2025-08-16 20:18:04,247 - INFO - CONVERGENCE EPISODE 327: 0.0023 rad
2025-08-16 20:18:04,497 - INFO - CONVERGENCE EPISODE 328: 0.0026 rad
2025-08-16 20:18:04,740 - INFO - CONVERGENCE EPISODE 329: 0.0012 rad
2025-08-16 20:18:04,855 - INFO - CONVERGENCE EPISODE 330: 0.0008 rad
2025-08-16 20:18:05,161 - INFO - CONVERGENCE EPISODE 331: 0.0014 rad
2025-08-16 20:18:05,449 - INFO - CONVERGENCE EPISODE 332: 0.0029 rad
2025-08-16 20:18:05,552 - INFO - CONVERGENCE EPISODE 333: 0.0010 rad
2025-08-16 20:18:05,799 - INFO - CONVERGENCE EPISODE 334: 0.0027 rad
2025-08-16 20:18:06,000 - INFO - CONVERGENCE EPISODE 335: 0.0030 rad
2025-08-16 20:18:06,237 - INFO - CONVERGENCE EPISODE 336: 0.0031 rad
2025-08-16 20:18:06,546 - INFO - CONVERGENCE EPISODE 337: 0.0006 rad
2025-08-16 20:18:06,881 - INFO - CONVERGENCE EPISODE 338: 0.0012 rad
2025-08-16 20:18:07,120 - INFO - CONVERGENCE EPISODE 339: 0.0022 rad
2025-08-16 20:18:07,343 - INFO - CONVERGENCE EPISODE 340: 0.0023 rad
2025-08-16 20:18:07,741 - INFO - CONVERGENCE EPISODE 341: 0.0012 rad
2025-08-16 20:18:07,960 - INFO - CONVERGENCE EPISODE 342: 0.0015 rad
2025-08-16 20:18:08,149 - INFO - CONVERGENCE EPISODE 343: 0.0011 rad
2025-08-16 20:18:08,610 - INFO - CONVERGENCE EPISODE 344: 0.0008 rad
2025-08-16 20:18:09,042 - INFO - CONVERGENCE EPISODE 345: 0.0003 rad
2025-08-16 20:18:09,341 - INFO - CONVERGENCE EPISODE 346: 0.0004 rad
2025-08-16 20:18:09,574 - INFO - CONVERGENCE EPISODE 347: 0.0005 rad
2025-08-16 20:18:09,774 - INFO - CONVERGENCE EPISODE 348: 0.0028 rad
2025-08-16 20:18:10,017 - INFO - CONVERGENCE EPISODE 349: 0.0020 rad
2025-08-16 20:18:10,757 - INFO - CONVERGENCE EPISODE 350: 0.0026 rad
2025-08-16 20:18:10,758 - INFO -     350 | -1236.58 | 38710.504 |    0.0026 |   0.000 |  171.8s
2025-08-16 20:18:11,316 - INFO - CONVERGENCE EPISODE 351: 0.0021 rad
2025-08-16 20:18:11,477 - INFO - CONVERGENCE EPISODE 352: 0.0026 rad
2025-08-16 20:18:11,765 - INFO - CONVERGENCE EPISODE 353: 0.0016 rad
2025-08-16 20:18:12,175 - INFO - CONVERGENCE EPISODE 354: 0.0031 rad
2025-08-16 20:18:12,951 - INFO - CONVERGENCE EPISODE 355: 0.0012 rad
2025-08-16 20:18:13,108 - INFO - CONVERGENCE EPISODE 356: 0.0009 rad
2025-08-16 20:18:13,412 - INFO - CONVERGENCE EPISODE 357: 0.0027 rad
2025-08-16 20:18:13,659 - INFO - CONVERGENCE EPISODE 358: 0.0008 rad
2025-08-16 20:18:13,956 - INFO - CONVERGENCE EPISODE 359: 0.0015 rad
2025-08-16 20:18:14,205 - INFO - CONVERGENCE EPISODE 360: 0.0027 rad
2025-08-16 20:18:14,509 - INFO - CONVERGENCE EPISODE 361: 0.0021 rad
2025-08-16 20:18:14,731 - INFO - CONVERGENCE EPISODE 362: 0.0020 rad
2025-08-16 20:18:14,978 - INFO - CONVERGENCE EPISODE 363: 0.0011 rad
2025-08-16 20:18:15,268 - INFO - CONVERGENCE EPISODE 364: 0.0021 rad
2025-08-16 20:18:15,469 - INFO - CONVERGENCE EPISODE 365: 0.0004 rad
2025-08-16 20:18:15,748 - INFO - CONVERGENCE EPISODE 366: 0.0009 rad
2025-08-16 20:18:15,851 - INFO - CONVERGENCE EPISODE 367: 0.0031 rad
2025-08-16 20:18:16,056 - INFO - CONVERGENCE EPISODE 368: 0.0016 rad
2025-08-16 20:18:16,413 - INFO - CONVERGENCE EPISODE 369: 0.0019 rad
2025-08-16 20:18:16,702 - INFO - CONVERGENCE EPISODE 370: 0.0004 rad
2025-08-16 20:18:17,638 - INFO - CONVERGENCE EPISODE 371: 0.4340 rad
2025-08-16 20:18:17,878 - INFO - CONVERGENCE EPISODE 372: 0.0025 rad
2025-08-16 20:18:18,303 - INFO - CONVERGENCE EPISODE 373: 0.0009 rad
2025-08-16 20:18:18,929 - INFO - CONVERGENCE EPISODE 374: 0.0009 rad
2025-08-16 20:18:19,868 - INFO - CONVERGENCE EPISODE 375: 0.2974 rad
2025-08-16 20:18:19,868 - INFO -     375 | -957.43 | 44255.079 |    0.2974 |   0.000 |  181.0s
2025-08-16 20:18:20,516 - INFO - CONVERGENCE EPISODE 376: 0.0023 rad
2025-08-16 20:18:20,765 - INFO - CONVERGENCE EPISODE 377: 0.0025 rad
2025-08-16 20:18:21,084 - INFO - CONVERGENCE EPISODE 378: 0.0009 rad
2025-08-16 20:18:21,641 - INFO - CONVERGENCE EPISODE 379: 0.0022 rad
2025-08-16 20:18:22,549 - INFO - CONVERGENCE EPISODE 380: 0.1249 rad
2025-08-16 20:18:22,861 - INFO - CONVERGENCE EPISODE 381: 0.0020 rad
2025-08-16 20:18:23,162 - INFO - CONVERGENCE EPISODE 382: 0.0023 rad
2025-08-16 20:18:24,080 - INFO - CONVERGENCE EPISODE 383: 0.0276 rad
2025-08-16 20:18:24,390 - INFO - CONVERGENCE EPISODE 384: 0.0021 rad
2025-08-16 20:18:24,672 - INFO - CONVERGENCE EPISODE 385: 0.0002 rad
2025-08-16 20:18:24,870 - INFO - CONVERGENCE EPISODE 386: 0.0020 rad
2025-08-16 20:18:25,110 - INFO - CONVERGENCE EPISODE 387: 0.0002 rad
2025-08-16 20:18:25,211 - INFO - CONVERGENCE EPISODE 388: 0.0012 rad
2025-08-16 20:18:25,517 - INFO - CONVERGENCE EPISODE 389: 0.0010 rad
2025-08-16 20:18:25,714 - INFO - CONVERGENCE EPISODE 390: 0.0006 rad
2025-08-16 20:18:26,641 - INFO - CONVERGENCE EPISODE 391: 0.2223 rad
2025-08-16 20:18:26,957 - INFO - CONVERGENCE EPISODE 392: 0.0027 rad
2025-08-16 20:18:27,199 - INFO - CONVERGENCE EPISODE 393: 0.0017 rad
2025-08-16 20:18:27,501 - INFO - CONVERGENCE EPISODE 394: 0.0021 rad
2025-08-16 20:18:28,332 - INFO - CONVERGENCE EPISODE 395: 0.0022 rad
2025-08-16 20:18:28,944 - INFO - CONVERGENCE EPISODE 396: 0.0029 rad
2025-08-16 20:18:29,186 - INFO - CONVERGENCE EPISODE 397: 0.0018 rad
2025-08-16 20:18:29,807 - INFO - CONVERGENCE EPISODE 398: 0.0030 rad
2025-08-16 20:18:30,145 - INFO - CONVERGENCE EPISODE 399: 0.0013 rad
2025-08-16 20:18:30,412 - INFO - CONVERGENCE EPISODE 400: 0.0001 rad
2025-08-16 20:18:30,412 - INFO -     400 | -1101.69 | 71304.271 |    0.0001 |   0.000 |  191.5s
2025-08-16 20:18:30,640 - INFO - CONVERGENCE EPISODE 401: 0.0010 rad
2025-08-16 20:18:30,909 - INFO - CONVERGENCE EPISODE 402: 0.0010 rad
2025-08-16 20:18:31,192 - INFO - CONVERGENCE EPISODE 403: 0.0022 rad
2025-08-16 20:18:32,104 - INFO - CONVERGENCE EPISODE 404: 0.0399 rad
2025-08-16 20:18:32,275 - INFO - CONVERGENCE EPISODE 405: 0.0001 rad
2025-08-16 20:18:32,594 - INFO - CONVERGENCE EPISODE 406: 0.0024 rad
2025-08-16 20:18:33,037 - INFO - CONVERGENCE EPISODE 407: 0.0029 rad
2025-08-16 20:18:33,844 - INFO - CONVERGENCE EPISODE 408: 0.0011 rad
2025-08-16 20:18:34,033 - INFO - CONVERGENCE EPISODE 409: 0.0030 rad
2025-08-16 20:18:34,345 - INFO - CONVERGENCE EPISODE 410: 0.0009 rad
2025-08-16 20:18:34,575 - INFO - CONVERGENCE EPISODE 411: 0.0022 rad
2025-08-16 20:18:34,860 - INFO - CONVERGENCE EPISODE 412: 0.0011 rad
2025-08-16 20:18:35,149 - INFO - CONVERGENCE EPISODE 413: 0.0009 rad
2025-08-16 20:18:35,534 - INFO - CONVERGENCE EPISODE 414: 0.0031 rad
2025-08-16 20:18:35,795 - INFO - CONVERGENCE EPISODE 415: 0.0031 rad
2025-08-16 20:18:36,112 - INFO - CONVERGENCE EPISODE 416: 0.0025 rad
2025-08-16 20:18:36,365 - INFO - CONVERGENCE EPISODE 417: 0.0029 rad
2025-08-16 20:18:36,647 - INFO - CONVERGENCE EPISODE 418: 0.0014 rad
2025-08-16 20:18:36,806 - INFO - CONVERGENCE EPISODE 419: 0.0012 rad
2025-08-16 20:18:37,108 - INFO - CONVERGENCE EPISODE 420: 0.0014 rad
2025-08-16 20:18:37,409 - INFO - CONVERGENCE EPISODE 421: 0.0029 rad
2025-08-16 20:18:37,756 - INFO - CONVERGENCE EPISODE 422: 0.0011 rad
2025-08-16 20:18:38,301 - INFO - CONVERGENCE EPISODE 423: 0.0014 rad
2025-08-16 20:18:38,524 - INFO - CONVERGENCE EPISODE 424: 0.0024 rad
2025-08-16 20:18:38,832 - INFO - CONVERGENCE EPISODE 425: 0.0019 rad
2025-08-16 20:18:38,833 - INFO -     425 | -964.67 | 50045.017 |    0.0019 |   0.000 |  199.9s
2025-08-16 20:18:39,162 - INFO - CONVERGENCE EPISODE 426: 0.0002 rad
2025-08-16 20:18:39,362 - INFO - CONVERGENCE EPISODE 427: 0.0021 rad
2025-08-16 20:18:39,655 - INFO - CONVERGENCE EPISODE 428: 0.0023 rad
2025-08-16 20:18:39,922 - INFO - CONVERGENCE EPISODE 429: 0.0023 rad
2025-08-16 20:18:40,163 - INFO - CONVERGENCE EPISODE 430: 0.0001 rad
2025-08-16 20:18:40,434 - INFO - CONVERGENCE EPISODE 431: 0.0021 rad
2025-08-16 20:18:40,736 - INFO - CONVERGENCE EPISODE 432: 0.0025 rad
2025-08-16 20:18:41,006 - INFO - CONVERGENCE EPISODE 433: 0.0001 rad
2025-08-16 20:18:41,920 - INFO - CONVERGENCE EPISODE 434: 0.0466 rad
2025-08-16 20:18:42,079 - INFO - CONVERGENCE EPISODE 435: 0.0030 rad
2025-08-16 20:18:42,327 - INFO - CONVERGENCE EPISODE 436: 0.0023 rad
2025-08-16 20:18:42,622 - INFO - CONVERGENCE EPISODE 437: 0.0007 rad
2025-08-16 20:18:43,052 - INFO - CONVERGENCE EPISODE 438: 0.0027 rad
2025-08-16 20:18:43,311 - INFO - CONVERGENCE EPISODE 439: 0.0004 rad
2025-08-16 20:18:43,573 - INFO - CONVERGENCE EPISODE 440: 0.0018 rad
2025-08-16 20:18:44,504 - INFO - CONVERGENCE EPISODE 441: 0.0682 rad
2025-08-16 20:18:45,288 - INFO - CONVERGENCE EPISODE 442: 0.0013 rad
2025-08-16 20:18:45,400 - INFO - CONVERGENCE EPISODE 443: 0.0019 rad
2025-08-16 20:18:45,658 - INFO - CONVERGENCE EPISODE 444: 0.0030 rad
2025-08-16 20:18:45,911 - INFO - CONVERGENCE EPISODE 445: 0.0010 rad
2025-08-16 20:18:46,317 - INFO - CONVERGENCE EPISODE 446: 0.0008 rad
2025-08-16 20:18:46,628 - INFO - CONVERGENCE EPISODE 447: 0.0030 rad
2025-08-16 20:18:46,917 - INFO - CONVERGENCE EPISODE 448: 0.0029 rad
2025-08-16 20:18:47,252 - INFO - CONVERGENCE EPISODE 449: 0.0028 rad
2025-08-16 20:18:47,489 - INFO - CONVERGENCE EPISODE 450: 0.0004 rad
2025-08-16 20:18:47,489 - INFO -     450 | -1076.39 | 62172.688 |    0.0004 |   0.000 |  208.6s
2025-08-16 20:18:47,761 - INFO - CONVERGENCE EPISODE 451: 0.0023 rad
2025-08-16 20:18:48,690 - INFO - CONVERGENCE EPISODE 452: 0.1494 rad
2025-08-16 20:18:48,923 - INFO - CONVERGENCE EPISODE 453: 0.0024 rad
2025-08-16 20:18:49,124 - INFO - CONVERGENCE EPISODE 454: 0.0008 rad
2025-08-16 20:18:49,366 - INFO - CONVERGENCE EPISODE 455: 0.0010 rad
2025-08-16 20:18:50,130 - INFO - CONVERGENCE EPISODE 456: 0.0008 rad
2025-08-16 20:18:50,426 - INFO - CONVERGENCE EPISODE 457: 0.0009 rad
2025-08-16 20:18:50,600 - INFO - CONVERGENCE EPISODE 458: 0.0012 rad
2025-08-16 20:18:50,891 - INFO - CONVERGENCE EPISODE 459: 0.0028 rad
2025-08-16 20:18:51,180 - INFO - CONVERGENCE EPISODE 460: 0.0021 rad
2025-08-16 20:18:51,597 - INFO - CONVERGENCE EPISODE 461: 0.0005 rad
2025-08-16 20:18:51,828 - INFO - CONVERGENCE EPISODE 462: 0.0015 rad
2025-08-16 20:18:52,424 - INFO - CONVERGENCE EPISODE 463: 0.0005 rad
2025-08-16 20:18:52,691 - INFO - CONVERGENCE EPISODE 464: 0.0016 rad
2025-08-16 20:18:53,000 - INFO - CONVERGENCE EPISODE 465: 0.0026 rad
2025-08-16 20:18:53,217 - INFO - CONVERGENCE EPISODE 466: 0.0024 rad
2025-08-16 20:18:53,541 - INFO - CONVERGENCE EPISODE 467: 0.0004 rad
2025-08-16 20:18:53,791 - INFO - CONVERGENCE EPISODE 468: 0.0025 rad
2025-08-16 20:18:54,094 - INFO - CONVERGENCE EPISODE 469: 0.0018 rad
2025-08-16 20:18:54,311 - INFO - CONVERGENCE EPISODE 470: 0.0014 rad
2025-08-16 20:18:54,621 - INFO - CONVERGENCE EPISODE 471: 0.0023 rad
2025-08-16 20:18:54,731 - INFO - CONVERGENCE EPISODE 472: 0.0007 rad
2025-08-16 20:18:55,653 - INFO - CONVERGENCE EPISODE 473: 0.0127 rad
2025-08-16 20:18:55,914 - INFO - CONVERGENCE EPISODE 474: 0.0026 rad
2025-08-16 20:18:56,151 - INFO - CONVERGENCE EPISODE 475: 0.0020 rad
2025-08-16 20:18:56,151 - INFO -     475 | -815.65 | 66138.327 |    0.0020 |   0.000 |  217.2s
2025-08-16 20:18:56,373 - INFO - CONVERGENCE EPISODE 476: 0.0028 rad
2025-08-16 20:18:56,677 - INFO - CONVERGENCE EPISODE 477: 0.0022 rad
2025-08-16 20:18:56,960 - INFO - CONVERGENCE EPISODE 478: 0.0016 rad
2025-08-16 20:18:57,462 - INFO - CONVERGENCE EPISODE 479: 0.0029 rad
2025-08-16 20:18:57,794 - INFO - CONVERGENCE EPISODE 480: 0.0007 rad
2025-08-16 20:18:58,186 - INFO - CONVERGENCE EPISODE 481: 0.0029 rad
2025-08-16 20:18:58,441 - INFO - CONVERGENCE EPISODE 482: 0.0031 rad
2025-08-16 20:18:58,748 - INFO - CONVERGENCE EPISODE 483: 0.0018 rad
2025-08-16 20:18:59,048 - INFO - CONVERGENCE EPISODE 484: 0.0020 rad
2025-08-16 20:18:59,332 - INFO - CONVERGENCE EPISODE 485: 0.0022 rad
2025-08-16 20:18:59,631 - INFO - CONVERGENCE EPISODE 486: 0.0007 rad
2025-08-16 20:18:59,937 - INFO - CONVERGENCE EPISODE 487: 0.0015 rad
2025-08-16 20:19:00,227 - INFO - CONVERGENCE EPISODE 488: 0.0025 rad
2025-08-16 20:19:00,485 - INFO - CONVERGENCE EPISODE 489: 0.0023 rad
2025-08-16 20:19:00,688 - INFO - CONVERGENCE EPISODE 490: 0.0002 rad
2025-08-16 20:19:00,926 - INFO - CONVERGENCE EPISODE 491: 0.0014 rad
2025-08-16 20:19:01,159 - INFO - CONVERGENCE EPISODE 492: 0.0013 rad
2025-08-16 20:19:02,058 - INFO - CONVERGENCE EPISODE 493: 0.1926 rad
2025-08-16 20:19:02,347 - INFO - CONVERGENCE EPISODE 494: 0.0024 rad
2025-08-16 20:19:02,613 - INFO - CONVERGENCE EPISODE 495: 0.0020 rad
2025-08-16 20:19:02,914 - INFO - CONVERGENCE EPISODE 496: 0.0023 rad
2025-08-16 20:19:03,191 - INFO - CONVERGENCE EPISODE 497: 0.0005 rad
2025-08-16 20:19:03,864 - INFO - CONVERGENCE EPISODE 498: 0.0021 rad
2025-08-16 20:19:04,130 - INFO - CONVERGENCE EPISODE 499: 0.0011 rad
2025-08-16 20:19:04,905 - INFO - CONVERGENCE EPISODE 500: 0.0024 rad
2025-08-16 20:19:04,905 - INFO - 
2025-08-16 20:19:04,905 - INFO - MILESTONE 500 ANALYSIS:
2025-08-16 20:19:04,905 - INFO -   Recent 50 episodes avg position error: 0.0087 ± 0.0335 rad
2025-08-16 20:19:04,905 - INFO -   Recent 50 episodes avg cost: 61053.640
2025-08-16 20:19:04,905 - INFO -   Recent 50 episodes success rate: 0.00%
2025-08-16 20:19:04,905 - INFO -   Convergent episodes ratio (< 0.5 rad): 100.00%
2025-08-16 20:19:04,905 - INFO -   Total convergent episodes so far: 454
2025-08-16 20:19:04,905 - INFO -   Best performance: 0.0000 rad at episode 226
2025-08-16 20:19:04,905 - INFO -   Stable performance maintained since episode 73
2025-08-16 20:19:04,905 - INFO - 
2025-08-16 20:19:04,905 - INFO -     500 | -1129.81 | 45973.018 |    0.0024 |   0.000 |  226.0s
2025-08-16 20:19:05,182 - INFO - CONVERGENCE EPISODE 501: 0.0011 rad
2025-08-16 20:19:05,916 - INFO - CONVERGENCE EPISODE 502: 0.0007 rad
2025-08-16 20:19:06,321 - INFO - CONVERGENCE EPISODE 503: 0.0009 rad
2025-08-16 20:19:06,837 - INFO - CONVERGENCE EPISODE 504: 0.0030 rad
2025-08-16 20:19:07,079 - INFO - CONVERGENCE EPISODE 505: 0.0007 rad
2025-08-16 20:19:07,371 - INFO - CONVERGENCE EPISODE 506: 0.0023 rad
2025-08-16 20:19:07,721 - INFO - CONVERGENCE EPISODE 507: 0.0020 rad
2025-08-16 20:19:07,941 - INFO - CONVERGENCE EPISODE 508: 0.0020 rad
2025-08-16 20:19:08,190 - INFO - CONVERGENCE EPISODE 509: 0.0021 rad
2025-08-16 20:19:08,482 - INFO - CONVERGENCE EPISODE 510: 0.0027 rad
2025-08-16 20:19:08,740 - INFO - CONVERGENCE EPISODE 511: 0.0015 rad
2025-08-16 20:19:09,087 - INFO - CONVERGENCE EPISODE 512: 0.0018 rad
2025-08-16 20:19:09,308 - INFO - CONVERGENCE EPISODE 513: 0.0001 rad
2025-08-16 20:19:09,554 - INFO - CONVERGENCE EPISODE 514: 0.0023 rad
2025-08-16 20:19:09,912 - INFO - CONVERGENCE EPISODE 515: 0.0001 rad
2025-08-16 20:19:10,108 - INFO - CONVERGENCE EPISODE 516: 0.0025 rad
2025-08-16 20:19:10,423 - INFO - CONVERGENCE EPISODE 517: 0.0025 rad
2025-08-16 20:19:10,529 - INFO - CONVERGENCE EPISODE 518: 0.0027 rad
2025-08-16 20:19:11,111 - INFO - CONVERGENCE EPISODE 519: 0.0031 rad
2025-08-16 20:19:11,358 - INFO - CONVERGENCE EPISODE 520: 0.0000 rad
2025-08-16 20:19:11,603 - INFO - CONVERGENCE EPISODE 521: 0.0003 rad
2025-08-16 20:19:11,849 - INFO - CONVERGENCE EPISODE 522: 0.0015 rad
2025-08-16 20:19:12,130 - INFO - CONVERGENCE EPISODE 523: 0.0023 rad
2025-08-16 20:19:13,047 - INFO - CONVERGENCE EPISODE 524: 0.4177 rad
2025-08-16 20:19:13,335 - INFO - CONVERGENCE EPISODE 525: 0.0015 rad
2025-08-16 20:19:13,335 - INFO -     525 | -1007.72 | 49945.810 |    0.0015 |   0.000 |  234.4s
2025-08-16 20:19:13,541 - INFO - CONVERGENCE EPISODE 526: 0.0021 rad
2025-08-16 20:19:13,771 - INFO - CONVERGENCE EPISODE 527: 0.0028 rad
2025-08-16 20:19:14,021 - INFO - CONVERGENCE EPISODE 528: 0.0000 rad
2025-08-16 20:19:14,246 - INFO - CONVERGENCE EPISODE 529: 0.0025 rad
2025-08-16 20:19:15,008 - INFO - CONVERGENCE EPISODE 530: 0.0011 rad
2025-08-16 20:19:15,246 - INFO - CONVERGENCE EPISODE 531: 0.0027 rad
2025-08-16 20:19:15,562 - INFO - CONVERGENCE EPISODE 532: 0.0026 rad
2025-08-16 20:19:15,906 - INFO - CONVERGENCE EPISODE 533: 0.0007 rad
2025-08-16 20:19:16,188 - INFO - CONVERGENCE EPISODE 534: 0.0020 rad
2025-08-16 20:19:16,443 - INFO - CONVERGENCE EPISODE 535: 0.0007 rad
2025-08-16 20:19:17,096 - INFO - CONVERGENCE EPISODE 536: 0.0003 rad
2025-08-16 20:19:17,292 - INFO - CONVERGENCE EPISODE 537: 0.0005 rad
2025-08-16 20:19:17,516 - INFO - CONVERGENCE EPISODE 538: 0.0024 rad
2025-08-16 20:19:17,673 - INFO - CONVERGENCE EPISODE 539: 0.0007 rad
2025-08-16 20:19:17,774 - INFO - CONVERGENCE EPISODE 540: 0.0029 rad
2025-08-16 20:19:18,037 - INFO - CONVERGENCE EPISODE 541: 0.0024 rad
2025-08-16 20:19:18,975 - INFO - CONVERGENCE EPISODE 542: 0.2559 rad
2025-08-16 20:19:19,234 - INFO - CONVERGENCE EPISODE 543: 0.0011 rad
2025-08-16 20:19:19,535 - INFO - CONVERGENCE EPISODE 544: 0.0008 rad
2025-08-16 20:19:19,751 - INFO - CONVERGENCE EPISODE 545: 0.0030 rad
2025-08-16 20:19:20,214 - INFO - CONVERGENCE EPISODE 546: 0.0008 rad
2025-08-16 20:19:20,464 - INFO - CONVERGENCE EPISODE 547: 0.0020 rad
2025-08-16 20:19:20,668 - INFO - CONVERGENCE EPISODE 548: 0.0007 rad
2025-08-16 20:19:20,919 - INFO - CONVERGENCE EPISODE 549: 0.0029 rad
2025-08-16 20:19:21,174 - INFO - CONVERGENCE EPISODE 550: 0.0013 rad
2025-08-16 20:19:21,174 - INFO -     550 | -877.27 | 84172.307 |    0.0013 |   0.000 |  242.3s
2025-08-16 20:19:21,467 - INFO - CONVERGENCE EPISODE 551: 0.0018 rad
2025-08-16 20:19:21,704 - INFO - CONVERGENCE EPISODE 552: 0.0012 rad
2025-08-16 20:19:21,965 - INFO - CONVERGENCE EPISODE 553: 0.0021 rad
2025-08-16 20:19:22,285 - INFO - CONVERGENCE EPISODE 554: 0.0028 rad
2025-08-16 20:19:22,391 - INFO - CONVERGENCE EPISODE 555: 0.0016 rad
2025-08-16 20:19:22,493 - INFO - CONVERGENCE EPISODE 556: 0.0031 rad
2025-08-16 20:19:22,797 - INFO - CONVERGENCE EPISODE 557: 0.0007 rad
2025-08-16 20:19:23,011 - INFO - CONVERGENCE EPISODE 558: 0.0027 rad
2025-08-16 20:19:23,255 - INFO - CONVERGENCE EPISODE 559: 0.0030 rad
2025-08-16 20:19:24,184 - INFO - CONVERGENCE EPISODE 560: 0.0352 rad
2025-08-16 20:19:24,509 - INFO - CONVERGENCE EPISODE 561: 0.0022 rad
2025-08-16 20:19:24,755 - INFO - CONVERGENCE EPISODE 562: 0.0020 rad
2025-08-16 20:19:24,965 - INFO - CONVERGENCE EPISODE 563: 0.0017 rad
2025-08-16 20:19:25,200 - INFO - CONVERGENCE EPISODE 564: 0.0002 rad
2025-08-16 20:19:25,528 - INFO - CONVERGENCE EPISODE 565: 0.0028 rad
2025-08-16 20:19:26,007 - INFO - CONVERGENCE EPISODE 566: 0.0012 rad
2025-08-16 20:19:26,270 - INFO - CONVERGENCE EPISODE 567: 0.0022 rad
2025-08-16 20:19:26,592 - INFO - CONVERGENCE EPISODE 568: 0.0005 rad
2025-08-16 20:19:26,893 - INFO - CONVERGENCE EPISODE 569: 0.0028 rad
2025-08-16 20:19:27,304 - INFO - CONVERGENCE EPISODE 570: 0.0017 rad
2025-08-16 20:19:27,625 - INFO - CONVERGENCE EPISODE 571: 0.0001 rad
2025-08-16 20:19:27,818 - INFO - CONVERGENCE EPISODE 572: 0.0019 rad
2025-08-16 20:19:28,156 - INFO - CONVERGENCE EPISODE 573: 0.0028 rad
2025-08-16 20:19:28,313 - INFO - CONVERGENCE EPISODE 574: 0.0005 rad
2025-08-16 20:19:28,623 - INFO - CONVERGENCE EPISODE 575: 0.0023 rad
2025-08-16 20:19:28,624 - INFO -     575 | -1103.85 | 66772.572 |    0.0023 |   0.000 |  249.7s
2025-08-16 20:19:28,957 - INFO - CONVERGENCE EPISODE 576: 0.0017 rad
2025-08-16 20:19:29,269 - INFO - CONVERGENCE EPISODE 577: 0.0007 rad
2025-08-16 20:19:29,699 - INFO - CONVERGENCE EPISODE 578: 0.0028 rad
2025-08-16 20:19:29,936 - INFO - CONVERGENCE EPISODE 579: 0.0006 rad
2025-08-16 20:19:30,225 - INFO - CONVERGENCE EPISODE 580: 0.0024 rad
2025-08-16 20:19:30,607 - INFO - CONVERGENCE EPISODE 581: 0.0000 rad
2025-08-16 20:19:30,711 - INFO - CONVERGENCE EPISODE 582: 0.0015 rad
2025-08-16 20:19:31,032 - INFO - CONVERGENCE EPISODE 583: 0.0005 rad
2025-08-16 20:19:31,886 - INFO - CONVERGENCE EPISODE 584: 0.0022 rad
2025-08-16 20:19:32,201 - INFO - CONVERGENCE EPISODE 585: 0.0028 rad
2025-08-16 20:19:32,969 - INFO - CONVERGENCE EPISODE 586: 0.0006 rad
2025-08-16 20:19:33,877 - INFO - CONVERGENCE EPISODE 587: 0.2965 rad
2025-08-16 20:19:34,131 - INFO - CONVERGENCE EPISODE 588: 0.0015 rad
2025-08-16 20:19:34,415 - INFO - CONVERGENCE EPISODE 589: 0.0008 rad
2025-08-16 20:19:34,655 - INFO - CONVERGENCE EPISODE 590: 0.0020 rad
2025-08-16 20:19:34,934 - INFO - CONVERGENCE EPISODE 591: 0.0010 rad
2025-08-16 20:19:35,226 - INFO - CONVERGENCE EPISODE 592: 0.0017 rad
2025-08-16 20:19:35,542 - INFO - CONVERGENCE EPISODE 593: 0.0024 rad
2025-08-16 20:19:35,811 - INFO - CONVERGENCE EPISODE 594: 0.0030 rad
2025-08-16 20:19:36,029 - INFO - CONVERGENCE EPISODE 595: 0.0023 rad
2025-08-16 20:19:36,256 - INFO - CONVERGENCE EPISODE 596: 0.0029 rad
2025-08-16 20:19:36,505 - INFO - CONVERGENCE EPISODE 597: 0.0017 rad
2025-08-16 20:19:37,109 - INFO - CONVERGENCE EPISODE 598: 0.0021 rad
2025-08-16 20:19:37,304 - INFO - CONVERGENCE EPISODE 599: 0.0012 rad
2025-08-16 20:19:37,701 - INFO - CONVERGENCE EPISODE 600: 0.0011 rad
2025-08-16 20:19:37,701 - INFO -     600 | -1043.03 | 47213.978 |    0.0011 |   0.000 |  258.8s
2025-08-16 20:19:38,424 - INFO - CONVERGENCE EPISODE 601: 0.0004 rad
2025-08-16 20:19:38,981 - INFO - CONVERGENCE EPISODE 602: 0.0031 rad
2025-08-16 20:19:39,329 - INFO - CONVERGENCE EPISODE 603: 0.0021 rad
2025-08-16 20:19:39,628 - INFO - CONVERGENCE EPISODE 604: 0.0015 rad
2025-08-16 20:19:39,788 - INFO - CONVERGENCE EPISODE 605: 0.0016 rad
2025-08-16 20:19:40,147 - INFO - CONVERGENCE EPISODE 606: 0.0028 rad
2025-08-16 20:19:40,460 - INFO - CONVERGENCE EPISODE 607: 0.0007 rad
2025-08-16 20:19:40,631 - INFO - CONVERGENCE EPISODE 608: 0.0028 rad
2025-08-16 20:19:40,943 - INFO - CONVERGENCE EPISODE 609: 0.0011 rad
2025-08-16 20:19:41,235 - INFO - CONVERGENCE EPISODE 610: 0.0028 rad
2025-08-16 20:19:41,472 - INFO - CONVERGENCE EPISODE 611: 0.0005 rad
2025-08-16 20:19:41,574 - INFO - CONVERGENCE EPISODE 612: 0.0008 rad
2025-08-16 20:19:42,179 - INFO - CONVERGENCE EPISODE 613: 0.0014 rad
2025-08-16 20:19:42,956 - INFO - CONVERGENCE EPISODE 614: 0.0008 rad
2025-08-16 20:19:43,308 - INFO - CONVERGENCE EPISODE 615: 0.0006 rad
2025-08-16 20:19:43,598 - INFO - CONVERGENCE EPISODE 616: 0.0020 rad
2025-08-16 20:19:43,835 - INFO - CONVERGENCE EPISODE 617: 0.0026 rad
2025-08-16 20:19:44,041 - INFO - CONVERGENCE EPISODE 618: 0.0028 rad
2025-08-16 20:19:44,292 - INFO - CONVERGENCE EPISODE 619: 0.0002 rad
2025-08-16 20:19:44,526 - INFO - CONVERGENCE EPISODE 620: 0.0008 rad
2025-08-16 20:19:44,824 - INFO - CONVERGENCE EPISODE 621: 0.0029 rad
2025-08-16 20:19:45,062 - INFO - CONVERGENCE EPISODE 622: 0.0027 rad
2025-08-16 20:19:45,231 - INFO - CONVERGENCE EPISODE 623: 0.0004 rad
2025-08-16 20:19:45,534 - INFO - CONVERGENCE EPISODE 624: 0.0022 rad
2025-08-16 20:19:45,822 - INFO - CONVERGENCE EPISODE 625: 0.0026 rad
2025-08-16 20:19:45,822 - INFO -     625 | -844.85 | 68723.079 |    0.0026 |   0.000 |  266.9s
2025-08-16 20:19:46,093 - INFO - CONVERGENCE EPISODE 626: 0.0027 rad
2025-08-16 20:19:46,345 - INFO - CONVERGENCE EPISODE 627: 0.0006 rad
2025-08-16 20:19:46,624 - INFO - CONVERGENCE EPISODE 628: 0.0019 rad
2025-08-16 20:19:46,787 - INFO - CONVERGENCE EPISODE 629: 0.0030 rad
2025-08-16 20:19:47,184 - INFO - CONVERGENCE EPISODE 630: 0.0001 rad
2025-08-16 20:19:47,744 - INFO - CONVERGENCE EPISODE 631: 0.0014 rad
2025-08-16 20:19:47,948 - INFO - CONVERGENCE EPISODE 632: 0.0010 rad
2025-08-16 20:19:48,191 - INFO - CONVERGENCE EPISODE 633: 0.0022 rad
2025-08-16 20:19:48,432 - INFO - CONVERGENCE EPISODE 634: 0.0011 rad
2025-08-16 20:19:48,686 - INFO - CONVERGENCE EPISODE 635: 0.0009 rad
2025-08-16 20:19:49,159 - INFO - CONVERGENCE EPISODE 636: 0.0024 rad
2025-08-16 20:19:49,396 - INFO - CONVERGENCE EPISODE 637: 0.0026 rad
2025-08-16 20:19:49,722 - INFO - CONVERGENCE EPISODE 638: 0.0022 rad
2025-08-16 20:19:49,915 - INFO - CONVERGENCE EPISODE 639: 0.0003 rad
2025-08-16 20:19:50,811 - INFO - CONVERGENCE EPISODE 640: 0.0027 rad
2025-08-16 20:19:51,105 - INFO - CONVERGENCE EPISODE 641: 0.0016 rad
2025-08-16 20:19:51,365 - INFO - CONVERGENCE EPISODE 642: 0.0025 rad
2025-08-16 20:19:51,601 - INFO - CONVERGENCE EPISODE 643: 0.0015 rad
2025-08-16 20:19:51,806 - INFO - CONVERGENCE EPISODE 644: 0.0012 rad
2025-08-16 20:19:52,067 - INFO - CONVERGENCE EPISODE 645: 0.0001 rad
2025-08-16 20:19:52,338 - INFO - CONVERGENCE EPISODE 646: 0.0007 rad
2025-08-16 20:19:52,496 - INFO - CONVERGENCE EPISODE 647: 0.0010 rad
2025-08-16 20:19:52,736 - INFO - CONVERGENCE EPISODE 648: 0.0022 rad
2025-08-16 20:19:52,976 - INFO - CONVERGENCE EPISODE 649: 0.0002 rad
2025-08-16 20:19:53,464 - INFO - CONVERGENCE EPISODE 650: 0.0004 rad
2025-08-16 20:19:53,464 - INFO -     650 | -1192.85 | 52223.955 |    0.0004 |   0.000 |  274.6s
2025-08-16 20:19:54,343 - INFO - CONVERGENCE EPISODE 651: 0.0013 rad
2025-08-16 20:19:54,597 - INFO - CONVERGENCE EPISODE 652: 0.0022 rad
2025-08-16 20:19:55,496 - INFO - CONVERGENCE EPISODE 653: 0.0023 rad
2025-08-16 20:19:55,827 - INFO - CONVERGENCE EPISODE 654: 0.0002 rad
2025-08-16 20:19:56,068 - INFO - CONVERGENCE EPISODE 655: 0.0026 rad
2025-08-16 20:19:56,353 - INFO - CONVERGENCE EPISODE 656: 0.0012 rad
2025-08-16 20:19:56,516 - INFO - CONVERGENCE EPISODE 657: 0.0018 rad
2025-08-16 20:19:56,774 - INFO - CONVERGENCE EPISODE 658: 0.0002 rad
2025-08-16 20:19:57,055 - INFO - CONVERGENCE EPISODE 659: 0.0001 rad
2025-08-16 20:19:57,336 - INFO - CONVERGENCE EPISODE 660: 0.0027 rad
2025-08-16 20:19:57,531 - INFO - CONVERGENCE EPISODE 661: 0.0006 rad
2025-08-16 20:19:57,781 - INFO - CONVERGENCE EPISODE 662: 0.0025 rad
2025-08-16 20:19:58,020 - INFO - CONVERGENCE EPISODE 663: 0.0005 rad
2025-08-16 20:19:58,209 - INFO - CONVERGENCE EPISODE 664: 0.0010 rad
2025-08-16 20:19:58,496 - INFO - CONVERGENCE EPISODE 665: 0.0009 rad
2025-08-16 20:19:58,771 - INFO - CONVERGENCE EPISODE 666: 0.0016 rad
2025-08-16 20:19:59,103 - INFO - CONVERGENCE EPISODE 667: 0.0015 rad
2025-08-16 20:19:59,791 - INFO - CONVERGENCE EPISODE 668: 0.0013 rad
2025-08-16 20:20:00,049 - INFO - CONVERGENCE EPISODE 669: 0.0023 rad
2025-08-16 20:20:00,240 - INFO - CONVERGENCE EPISODE 670: 0.0027 rad
2025-08-16 20:20:00,502 - INFO - CONVERGENCE EPISODE 671: 0.0018 rad
2025-08-16 20:20:00,814 - INFO - CONVERGENCE EPISODE 672: 0.0031 rad
2025-08-16 20:20:01,047 - INFO - CONVERGENCE EPISODE 673: 0.0024 rad
2025-08-16 20:20:01,378 - INFO - CONVERGENCE EPISODE 674: 0.0024 rad
2025-08-16 20:20:01,481 - INFO - CONVERGENCE EPISODE 675: 0.0004 rad
2025-08-16 20:20:01,481 - INFO -     675 | -815.39 | 145745.181 |    0.0004 |   0.000 |  282.6s
2025-08-16 20:20:01,721 - INFO - CONVERGENCE EPISODE 676: 0.0026 rad
2025-08-16 20:20:02,490 - INFO - CONVERGENCE EPISODE 677: 0.0015 rad
2025-08-16 20:20:02,746 - INFO - CONVERGENCE EPISODE 678: 0.0003 rad
2025-08-16 20:20:02,952 - INFO - CONVERGENCE EPISODE 679: 0.0020 rad
2025-08-16 20:20:03,416 - INFO - CONVERGENCE EPISODE 680: 0.0031 rad
2025-08-16 20:20:03,654 - INFO - CONVERGENCE EPISODE 681: 0.0019 rad
2025-08-16 20:20:04,451 - INFO - CONVERGENCE EPISODE 682: 0.0020 rad
2025-08-16 20:20:04,651 - INFO - CONVERGENCE EPISODE 683: 0.0021 rad
2025-08-16 20:20:04,895 - INFO - CONVERGENCE EPISODE 684: 0.0029 rad
2025-08-16 20:20:05,137 - INFO - CONVERGENCE EPISODE 685: 0.0028 rad
2025-08-16 20:20:05,358 - INFO - CONVERGENCE EPISODE 686: 0.0007 rad
2025-08-16 20:20:05,516 - INFO - CONVERGENCE EPISODE 687: 0.0002 rad
2025-08-16 20:20:05,721 - INFO - CONVERGENCE EPISODE 688: 0.0028 rad
2025-08-16 20:20:06,003 - INFO - CONVERGENCE EPISODE 689: 0.0021 rad
2025-08-16 20:20:06,243 - INFO - CONVERGENCE EPISODE 690: 0.0015 rad
2025-08-16 20:20:06,435 - INFO - CONVERGENCE EPISODE 691: 0.0024 rad
2025-08-16 20:20:06,588 - INFO - CONVERGENCE EPISODE 692: 0.0025 rad
2025-08-16 20:20:06,791 - INFO - CONVERGENCE EPISODE 693: 0.0004 rad
2025-08-16 20:20:07,017 - INFO - CONVERGENCE EPISODE 694: 0.0028 rad
2025-08-16 20:20:07,294 - INFO - CONVERGENCE EPISODE 695: 0.0018 rad
2025-08-16 20:20:08,014 - INFO - CONVERGENCE EPISODE 696: 0.0018 rad
2025-08-16 20:20:08,270 - INFO - CONVERGENCE EPISODE 697: 0.0028 rad
2025-08-16 20:20:08,472 - INFO - CONVERGENCE EPISODE 698: 0.0031 rad
2025-08-16 20:20:08,705 - INFO - CONVERGENCE EPISODE 699: 0.0008 rad
2025-08-16 20:20:08,978 - INFO - CONVERGENCE EPISODE 700: 0.0004 rad
2025-08-16 20:20:08,978 - INFO -     700 | -1108.19 | 67788.017 |    0.0004 |   0.000 |  290.1s
2025-08-16 20:20:09,219 - INFO - CONVERGENCE EPISODE 701: 0.0029 rad
2025-08-16 20:20:09,417 - INFO - CONVERGENCE EPISODE 702: 0.0028 rad
2025-08-16 20:20:09,667 - INFO - CONVERGENCE EPISODE 703: 0.0003 rad
2025-08-16 20:20:10,368 - INFO - CONVERGENCE EPISODE 704: 0.0022 rad
2025-08-16 20:20:10,996 - INFO - CONVERGENCE EPISODE 705: 0.0001 rad
2025-08-16 20:20:11,407 - INFO - CONVERGENCE EPISODE 706: 0.0010 rad
2025-08-16 20:20:12,291 - INFO - CONVERGENCE EPISODE 707: 0.0003 rad
2025-08-16 20:20:12,797 - INFO - CONVERGENCE EPISODE 708: 0.0027 rad
2025-08-16 20:20:13,435 - INFO - CONVERGENCE EPISODE 709: 0.0018 rad
2025-08-16 20:20:13,731 - INFO - CONVERGENCE EPISODE 710: 0.0017 rad
2025-08-16 20:20:14,021 - INFO - CONVERGENCE EPISODE 711: 0.0027 rad
2025-08-16 20:20:14,401 - INFO - CONVERGENCE EPISODE 712: 0.0020 rad
2025-08-16 20:20:14,702 - INFO - CONVERGENCE EPISODE 713: 0.0010 rad
2025-08-16 20:20:15,069 - INFO - CONVERGENCE EPISODE 714: 0.0009 rad
2025-08-16 20:20:15,390 - INFO - CONVERGENCE EPISODE 715: 0.0001 rad
2025-08-16 20:20:15,912 - INFO - CONVERGENCE EPISODE 716: 0.0023 rad
2025-08-16 20:20:16,148 - INFO - CONVERGENCE EPISODE 717: 0.0005 rad
2025-08-16 20:20:16,437 - INFO - CONVERGENCE EPISODE 718: 0.0017 rad
2025-08-16 20:20:16,698 - INFO - CONVERGENCE EPISODE 719: 0.0020 rad
2025-08-16 20:20:17,454 - INFO - CONVERGENCE EPISODE 720: 0.0001 rad
2025-08-16 20:20:18,018 - INFO - CONVERGENCE EPISODE 721: 0.0020 rad
2025-08-16 20:20:18,318 - INFO - CONVERGENCE EPISODE 722: 0.0025 rad
2025-08-16 20:20:18,749 - INFO - CONVERGENCE EPISODE 723: 0.0019 rad
2025-08-16 20:20:18,953 - INFO - CONVERGENCE EPISODE 724: 0.0006 rad
2025-08-16 20:20:19,231 - INFO - CONVERGENCE EPISODE 725: 0.0001 rad
2025-08-16 20:20:19,231 - INFO -     725 | -1027.84 | 52843.968 |    0.0001 |   0.000 |  300.3s
2025-08-16 20:20:19,496 - INFO - CONVERGENCE EPISODE 726: 0.0021 rad
2025-08-16 20:20:19,816 - INFO - CONVERGENCE EPISODE 727: 0.0028 rad
2025-08-16 20:20:20,104 - INFO - CONVERGENCE EPISODE 728: 0.0010 rad
2025-08-16 20:20:20,337 - INFO - CONVERGENCE EPISODE 729: 0.0007 rad
2025-08-16 20:20:20,599 - INFO - CONVERGENCE EPISODE 730: 0.0006 rad
2025-08-16 20:20:20,882 - INFO - CONVERGENCE EPISODE 731: 0.0021 rad
2025-08-16 20:20:20,994 - INFO - CONVERGENCE EPISODE 732: 0.0030 rad
2025-08-16 20:20:21,698 - INFO - CONVERGENCE EPISODE 733: 0.0004 rad
2025-08-16 20:20:21,995 - INFO - CONVERGENCE EPISODE 734: 0.0024 rad
2025-08-16 20:20:22,766 - INFO - CONVERGENCE EPISODE 735: 0.0020 rad
2025-08-16 20:20:23,023 - INFO - CONVERGENCE EPISODE 736: 0.0002 rad
2025-08-16 20:20:23,286 - INFO - CONVERGENCE EPISODE 737: 0.0014 rad
2025-08-16 20:20:23,516 - INFO - CONVERGENCE EPISODE 738: 0.0030 rad
2025-08-16 20:20:23,714 - INFO - CONVERGENCE EPISODE 739: 0.0015 rad
2025-08-16 20:20:24,005 - INFO - CONVERGENCE EPISODE 740: 0.0009 rad
2025-08-16 20:20:24,211 - INFO - CONVERGENCE EPISODE 741: 0.0017 rad
2025-08-16 20:20:24,491 - INFO - CONVERGENCE EPISODE 742: 0.0022 rad
2025-08-16 20:20:24,762 - INFO - CONVERGENCE EPISODE 743: 0.0014 rad
2025-08-16 20:20:24,931 - INFO - CONVERGENCE EPISODE 744: 0.0012 rad
2025-08-16 20:20:25,186 - INFO - CONVERGENCE EPISODE 745: 0.0006 rad
2025-08-16 20:20:25,291 - INFO - CONVERGENCE EPISODE 746: 0.0020 rad
2025-08-16 20:20:25,823 - INFO - CONVERGENCE EPISODE 747: 0.0019 rad
2025-08-16 20:20:26,075 - INFO - CONVERGENCE EPISODE 748: 0.0029 rad
2025-08-16 20:20:26,705 - INFO - CONVERGENCE EPISODE 749: 0.0030 rad
2025-08-16 20:20:26,980 - INFO - CONVERGENCE EPISODE 750: 0.0015 rad
2025-08-16 20:20:26,980 - INFO - 
2025-08-16 20:20:26,980 - INFO - MILESTONE 750 ANALYSIS:
2025-08-16 20:20:26,981 - INFO -   Recent 50 episodes avg position error: 0.0016 ± 0.0009 rad
2025-08-16 20:20:26,981 - INFO -   Recent 50 episodes avg cost: 64047.154
2025-08-16 20:20:26,981 - INFO -   Recent 50 episodes success rate: 0.00%
2025-08-16 20:20:26,981 - INFO -   Convergent episodes ratio (< 0.5 rad): 100.00%
2025-08-16 20:20:26,981 - INFO -   Total convergent episodes so far: 704
2025-08-16 20:20:26,981 - INFO -   Best performance: 0.0000 rad at episode 520
2025-08-16 20:20:26,981 - INFO -   Stable performance maintained since episode 73
2025-08-16 20:20:26,981 - INFO - 
2025-08-16 20:20:26,981 - INFO -     750 | -744.08 | 65134.444 |    0.0015 |   0.000 |  308.1s
2025-08-16 20:20:27,894 - INFO - CONVERGENCE EPISODE 751: 0.1364 rad
2025-08-16 20:20:28,149 - INFO - CONVERGENCE EPISODE 752: 0.0023 rad
2025-08-16 20:20:28,394 - INFO - CONVERGENCE EPISODE 753: 0.0027 rad
2025-08-16 20:20:28,894 - INFO - CONVERGENCE EPISODE 754: 0.0017 rad
2025-08-16 20:20:29,091 - INFO - CONVERGENCE EPISODE 755: 0.0021 rad
2025-08-16 20:20:29,516 - INFO - CONVERGENCE EPISODE 756: 0.0013 rad
2025-08-16 20:20:29,669 - INFO - CONVERGENCE EPISODE 757: 0.0013 rad
2025-08-16 20:20:29,932 - INFO - CONVERGENCE EPISODE 758: 0.0023 rad
2025-08-16 20:20:30,177 - INFO - CONVERGENCE EPISODE 759: 0.0004 rad
2025-08-16 20:20:30,414 - INFO - CONVERGENCE EPISODE 760: 0.0028 rad
2025-08-16 20:20:30,579 - INFO - CONVERGENCE EPISODE 761: 0.0012 rad
2025-08-16 20:20:30,769 - INFO - CONVERGENCE EPISODE 762: 0.0011 rad
2025-08-16 20:20:31,048 - INFO - CONVERGENCE EPISODE 763: 0.0029 rad
2025-08-16 20:20:31,210 - INFO - CONVERGENCE EPISODE 764: 0.0015 rad
2025-08-16 20:20:31,405 - INFO - CONVERGENCE EPISODE 765: 0.0028 rad
2025-08-16 20:20:31,655 - INFO - CONVERGENCE EPISODE 766: 0.0005 rad
2025-08-16 20:20:32,570 - INFO - CONVERGENCE EPISODE 767: 0.0721 rad
2025-08-16 20:20:32,863 - INFO - CONVERGENCE EPISODE 768: 0.0022 rad
2025-08-16 20:20:33,152 - INFO - CONVERGENCE EPISODE 769: 0.0005 rad
2025-08-16 20:20:33,651 - INFO - CONVERGENCE EPISODE 770: 0.0005 rad
2025-08-16 20:20:34,390 - INFO - CONVERGENCE EPISODE 771: 0.0002 rad
2025-08-16 20:20:34,669 - INFO - CONVERGENCE EPISODE 772: 0.0005 rad
2025-08-16 20:20:34,872 - INFO - CONVERGENCE EPISODE 773: 0.0028 rad
2025-08-16 20:20:35,479 - INFO - CONVERGENCE EPISODE 774: 0.0008 rad
2025-08-16 20:20:36,403 - INFO - CONVERGENCE EPISODE 775: 0.3008 rad
2025-08-16 20:20:36,403 - INFO -     775 | -1332.67 | 47201.971 |    0.3008 |   0.000 |  317.5s
2025-08-16 20:20:36,652 - INFO - CONVERGENCE EPISODE 776: 0.0003 rad
2025-08-16 20:20:36,903 - INFO - CONVERGENCE EPISODE 777: 0.0005 rad
2025-08-16 20:20:37,175 - INFO - CONVERGENCE EPISODE 778: 0.0000 rad
2025-08-16 20:20:37,420 - INFO - CONVERGENCE EPISODE 779: 0.0024 rad
2025-08-16 20:20:38,214 - INFO - CONVERGENCE EPISODE 780: 0.0008 rad
2025-08-16 20:20:38,696 - INFO - CONVERGENCE EPISODE 781: 0.0010 rad
2025-08-16 20:20:38,905 - INFO - CONVERGENCE EPISODE 782: 0.0028 rad
2025-08-16 20:20:39,183 - INFO - CONVERGENCE EPISODE 783: 0.0024 rad
2025-08-16 20:20:39,580 - INFO - CONVERGENCE EPISODE 784: 0.0027 rad
2025-08-16 20:20:39,820 - INFO - CONVERGENCE EPISODE 785: 0.0025 rad
2025-08-16 20:20:40,013 - INFO - CONVERGENCE EPISODE 786: 0.0031 rad
2025-08-16 20:20:40,314 - INFO - CONVERGENCE EPISODE 787: 0.0023 rad
2025-08-16 20:20:40,415 - INFO - CONVERGENCE EPISODE 788: 0.0029 rad
2025-08-16 20:20:40,694 - INFO - CONVERGENCE EPISODE 789: 0.0021 rad
2025-08-16 20:20:40,933 - INFO - CONVERGENCE EPISODE 790: 0.0008 rad
2025-08-16 20:20:41,127 - INFO - CONVERGENCE EPISODE 791: 0.0009 rad
2025-08-16 20:20:41,227 - INFO - CONVERGENCE EPISODE 792: 0.0006 rad
2025-08-16 20:20:41,514 - INFO - CONVERGENCE EPISODE 793: 0.0021 rad
2025-08-16 20:20:41,746 - INFO - CONVERGENCE EPISODE 794: 0.0004 rad
2025-08-16 20:20:42,650 - INFO - CONVERGENCE EPISODE 795: 0.2910 rad
2025-08-16 20:20:42,813 - INFO - CONVERGENCE EPISODE 796: 0.0030 rad
2025-08-16 20:20:43,340 - INFO - CONVERGENCE EPISODE 797: 0.0003 rad
2025-08-16 20:20:43,531 - INFO - CONVERGENCE EPISODE 798: 0.0011 rad
2025-08-16 20:20:43,729 - INFO - CONVERGENCE EPISODE 799: 0.0008 rad
2025-08-16 20:20:44,614 - INFO - CONVERGENCE EPISODE 800: 0.0002 rad
2025-08-16 20:20:44,615 - INFO -     800 | -936.49 | 41563.483 |    0.0002 |   0.000 |  325.7s
2025-08-16 20:20:45,108 - INFO - CONVERGENCE EPISODE 801: 0.0007 rad
2025-08-16 20:20:45,399 - INFO - CONVERGENCE EPISODE 802: 0.0001 rad
2025-08-16 20:20:45,709 - INFO - CONVERGENCE EPISODE 803: 0.0030 rad
2025-08-16 20:20:45,951 - INFO - CONVERGENCE EPISODE 804: 0.0005 rad
2025-08-16 20:20:46,374 - INFO - CONVERGENCE EPISODE 805: 0.0013 rad
2025-08-16 20:20:47,054 - INFO - CONVERGENCE EPISODE 806: 0.0029 rad
2025-08-16 20:20:47,254 - INFO - CONVERGENCE EPISODE 807: 0.0016 rad
2025-08-16 20:20:47,688 - INFO - CONVERGENCE EPISODE 808: 0.0007 rad
2025-08-16 20:20:47,947 - INFO - CONVERGENCE EPISODE 809: 0.0012 rad
2025-08-16 20:20:48,346 - INFO - CONVERGENCE EPISODE 810: 0.0027 rad
2025-08-16 20:20:48,710 - INFO - CONVERGENCE EPISODE 811: 0.0026 rad
2025-08-16 20:20:49,475 - INFO - CONVERGENCE EPISODE 812: 0.0019 rad
2025-08-16 20:20:49,694 - INFO - CONVERGENCE EPISODE 813: 0.0004 rad
2025-08-16 20:20:50,053 - INFO - CONVERGENCE EPISODE 814: 0.0009 rad
2025-08-16 20:20:50,298 - INFO - CONVERGENCE EPISODE 815: 0.0017 rad
2025-08-16 20:20:50,793 - INFO - CONVERGENCE EPISODE 816: 0.0017 rad
2025-08-16 20:20:51,237 - INFO - CONVERGENCE EPISODE 817: 0.0011 rad
2025-08-16 20:20:51,536 - INFO - CONVERGENCE EPISODE 818: 0.0010 rad
2025-08-16 20:20:52,200 - INFO - CONVERGENCE EPISODE 819: 0.0003 rad
2025-08-16 20:20:52,414 - INFO - CONVERGENCE EPISODE 820: 0.0002 rad
2025-08-16 20:20:52,715 - INFO - CONVERGENCE EPISODE 821: 0.0006 rad
2025-08-16 20:20:53,310 - INFO - CONVERGENCE EPISODE 822: 0.0008 rad
2025-08-16 20:20:53,795 - INFO - CONVERGENCE EPISODE 823: 0.0015 rad
2025-08-16 20:20:54,084 - INFO - CONVERGENCE EPISODE 824: 0.0024 rad
2025-08-16 20:20:54,310 - INFO - CONVERGENCE EPISODE 825: 0.0026 rad
2025-08-16 20:20:54,311 - INFO -     825 | -1087.97 | 86803.372 |    0.0026 |   0.000 |  335.4s
2025-08-16 20:20:54,517 - INFO - CONVERGENCE EPISODE 826: 0.0024 rad
2025-08-16 20:20:54,711 - INFO - CONVERGENCE EPISODE 827: 0.0006 rad
2025-08-16 20:20:54,811 - INFO - CONVERGENCE EPISODE 828: 0.0017 rad
2025-08-16 20:20:55,096 - INFO - CONVERGENCE EPISODE 829: 0.0027 rad
2025-08-16 20:20:55,376 - INFO - CONVERGENCE EPISODE 830: 0.0026 rad
2025-08-16 20:20:55,704 - INFO - CONVERGENCE EPISODE 831: 0.0001 rad
2025-08-16 20:20:56,040 - INFO - CONVERGENCE EPISODE 832: 0.0024 rad
2025-08-16 20:20:56,651 - INFO - CONVERGENCE EPISODE 833: 0.0031 rad
2025-08-16 20:20:56,807 - INFO - CONVERGENCE EPISODE 834: 0.0023 rad
2025-08-16 20:20:57,047 - INFO - CONVERGENCE EPISODE 835: 0.0016 rad
2025-08-16 20:20:57,295 - INFO - CONVERGENCE EPISODE 836: 0.0006 rad
2025-08-16 20:20:57,605 - INFO - CONVERGENCE EPISODE 837: 0.0031 rad
2025-08-16 20:20:58,103 - INFO - CONVERGENCE EPISODE 838: 0.0013 rad
2025-08-16 20:20:58,349 - INFO - CONVERGENCE EPISODE 839: 0.0026 rad
2025-08-16 20:20:58,642 - INFO - CONVERGENCE EPISODE 840: 0.0008 rad
2025-08-16 20:20:58,884 - INFO - CONVERGENCE EPISODE 841: 0.0026 rad
2025-08-16 20:20:59,164 - INFO - CONVERGENCE EPISODE 842: 0.0020 rad
2025-08-16 20:21:00,098 - INFO - CONVERGENCE EPISODE 843: 0.2835 rad
2025-08-16 20:21:00,299 - INFO - CONVERGENCE EPISODE 844: 0.0012 rad
2025-08-16 20:21:00,591 - INFO - CONVERGENCE EPISODE 845: 0.0018 rad
2025-08-16 20:21:00,836 - INFO - CONVERGENCE EPISODE 846: 0.0003 rad
2025-08-16 20:21:01,177 - INFO - CONVERGENCE EPISODE 847: 0.0017 rad
2025-08-16 20:21:01,427 - INFO - CONVERGENCE EPISODE 848: 0.0025 rad
2025-08-16 20:21:01,716 - INFO - CONVERGENCE EPISODE 849: 0.0026 rad
2025-08-16 20:21:02,144 - INFO - CONVERGENCE EPISODE 850: 0.0007 rad
2025-08-16 20:21:02,144 - INFO -     850 | -1129.38 | 51673.603 |    0.0007 |   0.000 |  343.2s
2025-08-16 20:21:02,350 - INFO - CONVERGENCE EPISODE 851: 0.0011 rad
2025-08-16 20:21:02,654 - INFO - CONVERGENCE EPISODE 852: 0.0022 rad
2025-08-16 20:21:02,854 - INFO - CONVERGENCE EPISODE 853: 0.0022 rad
2025-08-16 20:21:03,198 - INFO - CONVERGENCE EPISODE 854: 0.0000 rad
2025-08-16 20:21:03,538 - INFO - CONVERGENCE EPISODE 855: 0.0026 rad
2025-08-16 20:21:03,766 - INFO - CONVERGENCE EPISODE 856: 0.0016 rad
2025-08-16 20:21:04,008 - INFO - CONVERGENCE EPISODE 857: 0.0031 rad
2025-08-16 20:21:04,286 - INFO - CONVERGENCE EPISODE 858: 0.0014 rad
2025-08-16 20:21:04,546 - INFO - CONVERGENCE EPISODE 859: 0.0017 rad
2025-08-16 20:21:04,849 - INFO - CONVERGENCE EPISODE 860: 0.0019 rad
2025-08-16 20:21:05,104 - INFO - CONVERGENCE EPISODE 861: 0.0021 rad
2025-08-16 20:21:05,409 - INFO - CONVERGENCE EPISODE 862: 0.0021 rad
2025-08-16 20:21:05,572 - INFO - CONVERGENCE EPISODE 863: 0.0008 rad
2025-08-16 20:21:05,830 - INFO - CONVERGENCE EPISODE 864: 0.0012 rad
2025-08-16 20:21:06,741 - INFO - CONVERGENCE EPISODE 865: 0.0193 rad
2025-08-16 20:21:06,933 - INFO - CONVERGENCE EPISODE 866: 0.0017 rad
2025-08-16 20:21:07,308 - INFO - CONVERGENCE EPISODE 867: 0.0003 rad
2025-08-16 20:21:07,557 - INFO - CONVERGENCE EPISODE 868: 0.0013 rad
2025-08-16 20:21:07,848 - INFO - CONVERGENCE EPISODE 869: 0.0003 rad
2025-08-16 20:21:08,142 - INFO - CONVERGENCE EPISODE 870: 0.0026 rad
2025-08-16 20:21:09,049 - INFO - CONVERGENCE EPISODE 871: 0.0823 rad
2025-08-16 20:21:09,455 - INFO - CONVERGENCE EPISODE 872: 0.0008 rad
2025-08-16 20:21:09,726 - INFO - CONVERGENCE EPISODE 873: 0.0013 rad
2025-08-16 20:21:09,922 - INFO - CONVERGENCE EPISODE 874: 0.0008 rad
2025-08-16 20:21:10,160 - INFO - CONVERGENCE EPISODE 875: 0.0023 rad
2025-08-16 20:21:10,160 - INFO -     875 | -752.02 | 62891.896 |    0.0023 |   0.000 |  351.3s
2025-08-16 20:21:10,537 - INFO - CONVERGENCE EPISODE 876: 0.0015 rad
2025-08-16 20:21:10,760 - INFO - CONVERGENCE EPISODE 877: 0.0026 rad
2025-08-16 20:21:11,011 - INFO - CONVERGENCE EPISODE 878: 0.0004 rad
2025-08-16 20:21:11,240 - INFO - CONVERGENCE EPISODE 879: 0.0010 rad
2025-08-16 20:21:11,506 - INFO - CONVERGENCE EPISODE 880: 0.0027 rad
2025-08-16 20:21:11,774 - INFO - CONVERGENCE EPISODE 881: 0.0027 rad
2025-08-16 20:21:11,884 - INFO - CONVERGENCE EPISODE 882: 0.0011 rad
2025-08-16 20:21:12,819 - INFO - CONVERGENCE EPISODE 883: 0.0252 rad
2025-08-16 20:21:13,054 - INFO - CONVERGENCE EPISODE 884: 0.0010 rad
2025-08-16 20:21:13,720 - INFO - CONVERGENCE EPISODE 885: 0.0007 rad
2025-08-16 20:21:14,261 - INFO - CONVERGENCE EPISODE 886: 0.0027 rad
2025-08-16 20:21:14,550 - INFO - CONVERGENCE EPISODE 887: 0.0026 rad
2025-08-16 20:21:15,473 - INFO - CONVERGENCE EPISODE 888: 0.2114 rad
2025-08-16 20:21:16,338 - INFO - CONVERGENCE EPISODE 889: 0.0000 rad
2025-08-16 20:21:16,586 - INFO - CONVERGENCE EPISODE 890: 0.0017 rad
2025-08-16 20:21:16,899 - INFO - CONVERGENCE EPISODE 891: 0.0016 rad
2025-08-16 20:21:17,150 - INFO - CONVERGENCE EPISODE 892: 0.0018 rad
2025-08-16 20:21:17,355 - INFO - CONVERGENCE EPISODE 893: 0.0013 rad
2025-08-16 20:21:17,462 - INFO - CONVERGENCE EPISODE 894: 0.0013 rad
2025-08-16 20:21:17,703 - INFO - CONVERGENCE EPISODE 895: 0.0028 rad
2025-08-16 20:21:17,988 - INFO - CONVERGENCE EPISODE 896: 0.0028 rad
2025-08-16 20:21:18,234 - INFO - CONVERGENCE EPISODE 897: 0.0021 rad
2025-08-16 20:21:18,429 - INFO - CONVERGENCE EPISODE 898: 0.0013 rad
2025-08-16 20:21:18,956 - INFO - CONVERGENCE EPISODE 899: 0.0026 rad
2025-08-16 20:21:19,794 - INFO - CONVERGENCE EPISODE 900: 0.0019 rad
2025-08-16 20:21:19,794 - INFO -     900 | -943.06 | 50175.483 |    0.0019 |   0.000 |  360.9s
2025-08-16 20:21:20,047 - INFO - CONVERGENCE EPISODE 901: 0.0008 rad
2025-08-16 20:21:20,294 - INFO - CONVERGENCE EPISODE 902: 0.0015 rad
2025-08-16 20:21:20,564 - INFO - CONVERGENCE EPISODE 903: 0.0028 rad
2025-08-16 20:21:20,808 - INFO - CONVERGENCE EPISODE 904: 0.0031 rad
2025-08-16 20:21:21,099 - INFO - CONVERGENCE EPISODE 905: 0.0021 rad
2025-08-16 20:21:21,389 - INFO - CONVERGENCE EPISODE 906: 0.0012 rad
2025-08-16 20:21:22,179 - INFO - CONVERGENCE EPISODE 907: 0.0019 rad
2025-08-16 20:21:22,445 - INFO - CONVERGENCE EPISODE 908: 0.0018 rad
2025-08-16 20:21:22,557 - INFO - CONVERGENCE EPISODE 909: 0.0026 rad
2025-08-16 20:21:22,814 - INFO - CONVERGENCE EPISODE 910: 0.0031 rad
2025-08-16 20:21:23,104 - INFO - CONVERGENCE EPISODE 911: 0.0014 rad
2025-08-16 20:21:23,311 - INFO - CONVERGENCE EPISODE 912: 0.0011 rad
2025-08-16 20:21:23,495 - INFO - CONVERGENCE EPISODE 913: 0.0031 rad
2025-08-16 20:21:23,745 - INFO - CONVERGENCE EPISODE 914: 0.0017 rad
2025-08-16 20:21:24,095 - INFO - CONVERGENCE EPISODE 915: 0.0009 rad
2025-08-16 20:21:24,371 - INFO - CONVERGENCE EPISODE 916: 0.0016 rad
2025-08-16 20:21:24,681 - INFO - CONVERGENCE EPISODE 917: 0.0002 rad
2025-08-16 20:21:24,937 - INFO - CONVERGENCE EPISODE 918: 0.0010 rad
2025-08-16 20:21:25,238 - INFO - CONVERGENCE EPISODE 919: 0.0025 rad
2025-08-16 20:21:25,475 - INFO - CONVERGENCE EPISODE 920: 0.0014 rad
2025-08-16 20:21:25,635 - INFO - CONVERGENCE EPISODE 921: 0.0016 rad
2025-08-16 20:21:25,999 - INFO - CONVERGENCE EPISODE 922: 0.0003 rad
2025-08-16 20:21:26,205 - INFO - CONVERGENCE EPISODE 923: 0.0003 rad
2025-08-16 20:21:26,428 - INFO - CONVERGENCE EPISODE 924: 0.0013 rad
2025-08-16 20:21:26,696 - INFO - CONVERGENCE EPISODE 925: 0.0017 rad
2025-08-16 20:21:26,697 - INFO -     925 | -859.54 | 60938.011 |    0.0017 |   0.000 |  367.8s
2025-08-16 20:21:26,938 - INFO - CONVERGENCE EPISODE 926: 0.0023 rad
2025-08-16 20:21:27,749 - INFO - CONVERGENCE EPISODE 927: 0.0009 rad
2025-08-16 20:21:27,994 - INFO - CONVERGENCE EPISODE 928: 0.0020 rad
2025-08-16 20:21:28,291 - INFO - CONVERGENCE EPISODE 929: 0.0016 rad
2025-08-16 20:21:28,562 - INFO - CONVERGENCE EPISODE 930: 0.0012 rad
2025-08-16 20:21:29,048 - INFO - CONVERGENCE EPISODE 931: 0.0001 rad
2025-08-16 20:21:29,449 - INFO - CONVERGENCE EPISODE 932: 0.0003 rad
2025-08-16 20:21:30,292 - INFO - CONVERGENCE EPISODE 933: 0.0015 rad
2025-08-16 20:21:30,601 - INFO - CONVERGENCE EPISODE 934: 0.0001 rad
2025-08-16 20:21:30,804 - INFO - CONVERGENCE EPISODE 935: 0.0028 rad
2025-08-16 20:21:30,966 - INFO - CONVERGENCE EPISODE 936: 0.0013 rad
2025-08-16 20:21:31,277 - INFO - CONVERGENCE EPISODE 937: 0.0022 rad
2025-08-16 20:21:32,144 - INFO - CONVERGENCE EPISODE 938: 0.0025 rad
2025-08-16 20:21:32,442 - INFO - CONVERGENCE EPISODE 939: 0.0010 rad
2025-08-16 20:21:32,552 - INFO - CONVERGENCE EPISODE 940: 0.0009 rad
2025-08-16 20:21:32,808 - INFO - CONVERGENCE EPISODE 941: 0.0013 rad
2025-08-16 20:21:33,078 - INFO - CONVERGENCE EPISODE 942: 0.0002 rad
2025-08-16 20:21:33,858 - INFO - CONVERGENCE EPISODE 943: 0.0001 rad
2025-08-16 20:21:34,771 - INFO - CONVERGENCE EPISODE 944: 0.4734 rad
2025-08-16 20:21:35,194 - INFO - CONVERGENCE EPISODE 945: 0.0010 rad
2025-08-16 20:21:36,107 - INFO - CONVERGENCE EPISODE 946: 0.0634 rad
2025-08-16 20:21:36,603 - INFO - CONVERGENCE EPISODE 947: 0.0023 rad
2025-08-16 20:21:36,916 - INFO - CONVERGENCE EPISODE 948: 0.0016 rad
2025-08-16 20:21:37,630 - INFO - CONVERGENCE EPISODE 949: 0.0007 rad
2025-08-16 20:21:37,885 - INFO - CONVERGENCE EPISODE 950: 0.0019 rad
2025-08-16 20:21:37,885 - INFO -     950 | -1058.05 | 61388.808 |    0.0019 |   0.000 |  379.0s
2025-08-16 20:21:38,141 - INFO - CONVERGENCE EPISODE 951: 0.0022 rad
2025-08-16 20:21:38,425 - INFO - CONVERGENCE EPISODE 952: 0.0010 rad
2025-08-16 20:21:38,859 - INFO - CONVERGENCE EPISODE 953: 0.0002 rad
2025-08-16 20:21:39,152 - INFO - CONVERGENCE EPISODE 954: 0.0023 rad
2025-08-16 20:21:39,410 - INFO - CONVERGENCE EPISODE 955: 0.0001 rad
2025-08-16 20:21:39,606 - INFO - CONVERGENCE EPISODE 956: 0.0011 rad
2025-08-16 20:21:40,203 - INFO - CONVERGENCE EPISODE 957: 0.0027 rad
2025-08-16 20:21:40,453 - INFO - CONVERGENCE EPISODE 958: 0.0000 rad
2025-08-16 20:21:40,999 - INFO - CONVERGENCE EPISODE 959: 0.0027 rad
2025-08-16 20:21:41,281 - INFO - CONVERGENCE EPISODE 960: 0.0013 rad
2025-08-16 20:21:41,535 - INFO - CONVERGENCE EPISODE 961: 0.0013 rad
2025-08-16 20:21:41,810 - INFO - CONVERGENCE EPISODE 962: 0.0010 rad
2025-08-16 20:21:42,046 - INFO - CONVERGENCE EPISODE 963: 0.0024 rad
2025-08-16 20:21:42,302 - INFO - CONVERGENCE EPISODE 964: 0.0003 rad
2025-08-16 20:21:42,821 - INFO - CONVERGENCE EPISODE 965: 0.0017 rad
2025-08-16 20:21:43,059 - INFO - CONVERGENCE EPISODE 966: 0.0025 rad
2025-08-16 20:21:43,254 - INFO - CONVERGENCE EPISODE 967: 0.0014 rad
2025-08-16 20:21:43,566 - INFO - CONVERGENCE EPISODE 968: 0.0013 rad
2025-08-16 20:21:43,862 - INFO - CONVERGENCE EPISODE 969: 0.0026 rad
2025-08-16 20:21:44,053 - INFO - CONVERGENCE EPISODE 970: 0.0016 rad
2025-08-16 20:21:44,208 - INFO - CONVERGENCE EPISODE 971: 0.0010 rad
2025-08-16 20:21:44,960 - INFO - CONVERGENCE EPISODE 972: 0.0015 rad
2025-08-16 20:21:45,152 - INFO - CONVERGENCE EPISODE 973: 0.0008 rad
2025-08-16 20:21:45,385 - INFO - CONVERGENCE EPISODE 974: 0.0011 rad
2025-08-16 20:21:45,623 - INFO - CONVERGENCE EPISODE 975: 0.0026 rad
2025-08-16 20:21:45,623 - INFO -     975 | -837.99 | 71905.837 |    0.0026 |   0.000 |  386.7s
2025-08-16 20:21:45,900 - INFO - CONVERGENCE EPISODE 976: 0.0024 rad
2025-08-16 20:21:46,141 - INFO - CONVERGENCE EPISODE 977: 0.0007 rad
2025-08-16 20:21:46,256 - INFO - CONVERGENCE EPISODE 978: 0.0006 rad
2025-08-16 20:21:46,489 - INFO - CONVERGENCE EPISODE 979: 0.0026 rad
2025-08-16 20:21:47,058 - INFO - CONVERGENCE EPISODE 980: 0.0005 rad
2025-08-16 20:21:47,327 - INFO - CONVERGENCE EPISODE 981: 0.0017 rad
2025-08-16 20:21:47,518 - INFO - CONVERGENCE EPISODE 982: 0.0011 rad
2025-08-16 20:21:47,836 - INFO - CONVERGENCE EPISODE 983: 0.0020 rad
2025-08-16 20:21:48,084 - INFO - CONVERGENCE EPISODE 984: 0.0023 rad
2025-08-16 20:21:48,328 - INFO - CONVERGENCE EPISODE 985: 0.0016 rad
2025-08-16 20:21:48,581 - INFO - CONVERGENCE EPISODE 986: 0.0028 rad
2025-08-16 20:21:48,779 - INFO - CONVERGENCE EPISODE 987: 0.0019 rad
2025-08-16 20:21:49,046 - INFO - CONVERGENCE EPISODE 988: 0.0014 rad
2025-08-16 20:21:49,701 - INFO - CONVERGENCE EPISODE 989: 0.0028 rad
2025-08-16 20:21:50,190 - INFO - CONVERGENCE EPISODE 990: 0.0000 rad
2025-08-16 20:21:50,470 - INFO - CONVERGENCE EPISODE 991: 0.0027 rad
2025-08-16 20:21:50,812 - INFO - CONVERGENCE EPISODE 992: 0.0030 rad
2025-08-16 20:21:51,139 - INFO - CONVERGENCE EPISODE 993: 0.0008 rad
2025-08-16 20:21:51,256 - INFO - CONVERGENCE EPISODE 994: 0.0012 rad
2025-08-16 20:21:51,542 - INFO - CONVERGENCE EPISODE 995: 0.0027 rad
2025-08-16 20:21:52,237 - INFO - CONVERGENCE EPISODE 996: 0.0016 rad
2025-08-16 20:21:52,482 - INFO - CONVERGENCE EPISODE 997: 0.0028 rad
2025-08-16 20:21:52,728 - INFO - CONVERGENCE EPISODE 998: 0.0014 rad
2025-08-16 20:21:53,258 - INFO - CONVERGENCE EPISODE 999: 0.0028 rad
2025-08-16 20:21:53,258 - INFO - 
================================================================================
2025-08-16 20:21:53,258 - INFO - TRAINING COMPLETED - FINAL ANALYSIS
2025-08-16 20:21:53,258 - INFO - ================================================================================
2025-08-16 20:21:53,258 - INFO - Total training time: 394.4 seconds (6.6 minutes)
2025-08-16 20:21:53,258 - INFO - Final episode reward: -1188.68
2025-08-16 20:21:53,258 - INFO - Final position error: 0.0028 rad
2025-08-16 20:21:53,258 - INFO - Final success rate: 0.000
2025-08-16 20:21:53,259 - INFO - Best position error achieved: 0.0000 rad at episode 520
2025-08-16 20:21:53,259 - INFO - Total convergent episodes (< 0.5 rad): 953/1000 (95.30%)
2025-08-16 20:21:53,259 - INFO - Recent success rate (last 100 episodes): 0.00%
2025-08-16 20:21:53,259 - INFO - Stable performance achieved: Yes (from episode 73, duration: 927 episodes)
2025-08-16 20:21:53,259 - INFO - Position error statistics:
2025-08-16 20:21:53,259 - INFO -   Mean: 0.0873 rad (5.0°)
2025-08-16 20:21:53,259 - INFO -   Std:  0.3828 rad (21.9°)
2025-08-16 20:21:53,259 - INFO -   Min:  0.0000 rad (0.0°)
2025-08-16 20:21:53,259 - INFO -   Max:  2.9952 rad (171.6°)
2025-08-16 20:21:53,260 - INFO -   Median: 0.0018 rad (0.1°)
2025-08-16 20:21:53,260 - INFO - Performance distribution:
2025-08-16 20:21:53,260 - INFO -   Excellent (< 0.1 rad / 5.7°): 920 episodes (92.0%)
2025-08-16 20:21:53,260 - INFO -   Good (0.1-0.3 rad / 5.7°-17.2°): 21 episodes (2.1%)
2025-08-16 20:21:53,260 - INFO -   Acceptable (0.3-0.5 rad / 17.2°-28.6°): 12 episodes (1.2%)
2025-08-16 20:21:53,260 - INFO -   Poor (> 0.5 rad / 28.6°): 47 episodes (4.7%)
2025-08-16 20:21:53,260 - INFO - 
TRAINING CONFIGURATION EFFECTIVENESS:
2025-08-16 20:21:53,260 - INFO - ----------------------------------------
2025-08-16 20:21:53,260 - INFO - Episodes needed for first convergence: 3
2025-08-16 20:21:53,260 - INFO - Excitation phase ended at episode: 100
2025-08-16 20:21:53,267 - INFO - Training metrics saved to: /home/osos/Mohamed_Masters_Thesis/DHP_pendulum/training_logs/dhp_pendulum_metrics_20250816_202153.json
2025-08-16 20:21:53,267 - INFO - 
BEST MODEL CONFIRMED:
2025-08-16 20:21:53,267 - INFO -   Episode: 520
2025-08-16 20:21:53,267 - INFO -   Position Error: 0.0000 rad (0.0°)
2025-08-16 20:21:53,267 - INFO -   Model files: dhp_pendulum_best_*
2025-08-16 20:21:53,267 - INFO - ================================================================================
2025-08-16 20:21:53,267 - INFO - TRAINING SESSION COMPLETED
2025-08-16 20:21:53,267 - INFO - Detailed log saved to: /home/osos/Mohamed_Masters_Thesis/DHP_pendulum/training_logs/dhp_pendulum_training_20250816_201518.log
2025-08-16 20:21:53,267 - INFO - ================================================================================
2025-08-16 20:21:53,268 - ERROR - Failed to record session-best episode 520: not enough values to unpack (expected 5, got 4)
2025-08-16 20:21:53,320 - INFO - Model saved with state normalization ENABLED
