2025-08-15 17:44:47,446 - INFO - ================================================================================
2025-08-15 17:44:47,446 - INFO - DHP PENDULUM TRAINING SESSION STARTED
2025-08-15 17:44:47,446 - INFO - ================================================================================
2025-08-15 17:44:47,446 - INFO - HYPERPARAMETERS:
2025-08-15 17:44:47,446 - INFO - ----------------------------------------
2025-08-15 17:44:47,446 - INFO - action_size              : 1
2025-08-15 17:44:47,446 - INFO - activation               : relu
2025-08-15 17:44:47,446 - INFO - best_episode_gui         : False
2025-08-15 17:44:47,446 - INFO - episode_length           : 200
2025-08-15 17:44:47,447 - INFO - excitation_amplitude     : 0.2
2025-08-15 17:44:47,447 - INFO - excitation_steps         : 7500
2025-08-15 17:44:47,447 - INFO - fixed_target             : 3.141592653589793
2025-08-15 17:44:47,447 - INFO - gamma                    : 0.95
2025-08-15 17:44:47,447 - INFO - gui                      : False
2025-08-15 17:44:47,447 - INFO - hidden_layer_size        : [64, 64, 32]
2025-08-15 17:44:47,447 - INFO - log_interval             : 50
2025-08-15 17:44:47,447 - INFO - lr_actor                 : 0.005
2025-08-15 17:44:47,447 - INFO - lr_critic                : 0.01
2025-08-15 17:44:47,447 - INFO - max_steps                : 200
2025-08-15 17:44:47,447 - INFO - normalize_states         : True
2025-08-15 17:44:47,447 - INFO - num_episodes             : 1500
2025-08-15 17:44:47,447 - INFO - predict_delta            : False
2025-08-15 17:44:47,447 - INFO - record                   : False
2025-08-15 17:44:47,447 - INFO - record_best_episodes     : True
2025-08-15 17:44:47,447 - INFO - recording_fps            : 30
2025-08-15 17:44:47,447 - INFO - reference_size           : 2
2025-08-15 17:44:47,447 - INFO - rls_action_size          : 1
2025-08-15 17:44:47,447 - INFO - rls_covariance           : 100.0
2025-08-15 17:44:47,447 - INFO - rls_gamma                : 0.9995
2025-08-15 17:44:47,447 - INFO - rls_state_size           : 2
2025-08-15 17:44:47,447 - INFO - save_interval            : 200
2025-08-15 17:44:47,447 - INFO - split                    : False
2025-08-15 17:44:47,447 - INFO - state_bounds             : {'theta': [-3.141592653589793, 3.141592653589793], 'theta_dot': [-8.0, 8.0]}
2025-08-15 17:44:47,447 - INFO - state_size               : 2
2025-08-15 17:44:47,447 - INFO - target_network           : True
2025-08-15 17:44:47,447 - INFO - tau                      : 0.001
2025-08-15 17:44:47,447 - INFO - update_cycles            : 2
2025-08-15 17:44:47,447 - INFO - ----------------------------------------
2025-08-15 17:44:47,447 - INFO - Log file: /home/osos/Mohamed_Masters_Thesis/DHP_pendulum/training_logs/dhp_pendulum_training_20250815_174447.log
2025-08-15 17:44:47,447 - INFO - ================================================================================
2025-08-15 17:44:47,448 - INFO - 
CONFIGURATION OVERRIDES APPLIED:
2025-08-15 17:44:47,448 - INFO -   num_episodes: 400
2025-08-15 17:44:47,448 - INFO -   episode_length: 500
2025-08-15 17:44:47,448 - INFO -   max_steps: 500
2025-08-15 17:44:47,448 - INFO -   excitation_steps: 7500
2025-08-15 17:44:47,448 - INFO -   excitation_amplitude: 0.2
2025-08-15 17:44:47,448 - INFO -   log_interval: 50
2025-08-15 17:44:47,448 - INFO -   save_interval: 200
2025-08-15 17:44:47,448 - INFO -   gui: False
2025-08-15 17:44:47,448 - INFO -   record: False
2025-08-15 17:44:47,448 - INFO -   normalize_states: True
2025-08-15 17:44:47,448 - INFO -   record_best_episodes: True
2025-08-15 17:44:47,448 - INFO -   lr_critic: 0.01
2025-08-15 17:44:47,448 - INFO -   lr_actor: 0.005
2025-08-15 17:44:47,448 - INFO -   hidden_layer_size: [64, 64, 32]
2025-08-15 17:44:47,448 - INFO -   gamma: 0.95
2025-08-15 17:44:47,448 - INFO -   update_cycles: 2
2025-08-15 17:44:47,448 - INFO -   tau: 0.001
2025-08-15 17:44:47,448 - INFO - 
==================================================
2025-08-15 17:44:47,448 - INFO - STARTING DHP TRAINING FOR PENDULUM
2025-08-15 17:44:47,448 - INFO - ==================================================
2025-08-15 17:44:47,450 - WARNING - From /home/osos/Mohamed_Masters_Thesis/msc-thesis/agents/dhp.py:70: The name tf.Session is deprecated. Please use tf.compat.v1.Session instead.

2025-08-15 17:44:47,566 - WARNING - From /home/osos/Mohamed_Masters_Thesis/msc-thesis/agents/dhp.py:100: The name tf.placeholder is deprecated. Please use tf.compat.v1.placeholder instead.

2025-08-15 17:44:47,570 - WARNING - From /home/osos/Mohamed_Masters_Thesis/msc-thesis/agents/dhp.py:102: The name tf.placeholder_with_default is deprecated. Please use tf.compat.v1.placeholder_with_default instead.

2025-08-15 17:44:47,577 - WARNING - From /home/osos/Mohamed_Masters_Thesis/msc-thesis/agents/dhp.py:124: The name tf.variable_scope is deprecated. Please use tf.compat.v1.variable_scope instead.

2025-08-15 17:44:47,578 - WARNING - From /home/osos/Mohamed_Masters_Thesis/msc-thesis/agents/dhp.py:128: dense (from tensorflow.python.layers.core) is deprecated and will be removed in a future version.
Instructions for updating:
Use keras.layers.Dense instead.
2025-08-15 17:44:47,579 - WARNING - From /home/osos/anaconda3/envs/DHP/lib/python3.7/site-packages/tensorflow_core/python/layers/core.py:187: Layer.apply (from tensorflow.python.keras.engine.base_layer) is deprecated and will be removed in a future version.
Instructions for updating:
Please use `layer.__call__` method instead.
2025-08-15 17:44:47,611 - WARNING - From /home/osos/Mohamed_Masters_Thesis/msc-thesis/agents/dhp.py:133: The name tf.trainable_variables is deprecated. Please use tf.compat.v1.trainable_variables instead.

2025-08-15 17:44:47,621 - WARNING - From /home/osos/Mohamed_Masters_Thesis/msc-thesis/agents/dhp.py:139: The name tf.train.GradientDescentOptimizer is deprecated. Please use tf.compat.v1.train.GradientDescentOptimizer instead.

2025-08-15 17:44:47,650 - WARNING - From /home/osos/Mohamed_Masters_Thesis/msc-thesis/agents/dhp.py:156: The name tf.assign is deprecated. Please use tf.compat.v1.assign instead.

2025-08-15 17:44:47,711 - WARNING - From /home/osos/Mohamed_Masters_Thesis/msc-thesis/agents/dhp.py:79: The name tf.summary.merge_all is deprecated. Please use tf.compat.v1.summary.merge_all instead.

2025-08-15 17:44:47,712 - WARNING - From /home/osos/Mohamed_Masters_Thesis/msc-thesis/agents/dhp.py:80: The name tf.train.Saver is deprecated. Please use tf.compat.v1.train.Saver instead.

2025-08-15 17:44:47,723 - WARNING - From /home/osos/Mohamed_Masters_Thesis/msc-thesis/agents/dhp.py:81: The name tf.global_variables_initializer is deprecated. Please use tf.compat.v1.global_variables_initializer instead.

2025-08-15 17:44:47,771 - INFO - 
Training for 400 episodes...
2025-08-15 17:44:47,771 - INFO - Episode | Reward  | Avg Cost | Pos Error | Success | Time
2025-08-15 17:44:47,771 - INFO - ------------------------------------------------------------
2025-08-15 17:44:50,906 - INFO -       0 | -609.99 |   18.651 |    0.9334 |   0.000 |    3.1s
2025-08-15 17:44:55,713 - INFO - CONVERGENCE EPISODE 2: 0.3458 rad
2025-08-15 17:45:05,273 - INFO - CONVERGENCE EPISODE 6: 0.1488 rad
2025-08-15 17:45:07,683 - INFO - CONVERGENCE EPISODE 7: 0.3040 rad
2025-08-15 17:45:10,085 - INFO - CONVERGENCE EPISODE 8: 0.1177 rad
2025-08-15 17:45:26,962 - INFO - CONVERGENCE EPISODE 15: 0.4968 rad
2025-08-15 17:45:38,849 - INFO - CONVERGENCE EPISODE 20: 0.0455 rad
2025-08-15 17:45:41,228 - INFO - CONVERGENCE EPISODE 21: 0.2225 rad
2025-08-15 17:45:46,037 - INFO - CONVERGENCE EPISODE 23: 0.3678 rad
2025-08-15 17:45:48,519 - INFO - CONVERGENCE EPISODE 24: 0.0287 rad
2025-08-15 17:45:53,402 - INFO - CONVERGENCE EPISODE 26: 0.0971 rad
2025-08-15 17:45:55,827 - INFO - CONVERGENCE EPISODE 27: 0.1727 rad
2025-08-15 17:45:58,265 - INFO - CONVERGENCE EPISODE 28: 0.2556 rad
2025-08-15 17:46:00,696 - INFO - CONVERGENCE EPISODE 29: 0.0964 rad
2025-08-15 17:46:03,118 - INFO - CONVERGENCE EPISODE 30: 0.1811 rad
2025-08-15 17:46:05,524 - INFO - CONVERGENCE EPISODE 31: 0.3568 rad
2025-08-15 17:46:10,324 - INFO - CONVERGENCE EPISODE 33: 0.1260 rad
2025-08-15 17:46:12,713 - INFO - CONVERGENCE EPISODE 34: 0.1062 rad
2025-08-15 17:46:15,104 - INFO - CONVERGENCE EPISODE 35: 0.2493 rad
2025-08-15 17:46:17,502 - INFO - CONVERGENCE EPISODE 36: 0.0376 rad
2025-08-15 17:46:19,977 - INFO - CONVERGENCE EPISODE 37: 0.2745 rad
2025-08-15 17:46:22,482 - INFO - CONVERGENCE EPISODE 38: 0.2629 rad
2025-08-15 17:46:24,970 - INFO - CONVERGENCE EPISODE 39: 0.2412 rad
2025-08-15 17:46:27,398 - INFO - CONVERGENCE EPISODE 40: 0.1702 rad
2025-08-15 17:46:29,826 - INFO - CONVERGENCE EPISODE 41: 0.1702 rad
2025-08-15 17:46:32,244 - INFO - CONVERGENCE EPISODE 42: 0.1240 rad
2025-08-15 17:46:32,244 - INFO - STABLE PERFORMANCE ACHIEVED starting at episode 33
2025-08-15 17:46:34,663 - INFO - CONVERGENCE EPISODE 43: 0.0887 rad
2025-08-15 17:46:37,068 - INFO - CONVERGENCE EPISODE 44: 0.0189 rad
2025-08-15 17:46:39,450 - INFO - CONVERGENCE EPISODE 45: 0.0783 rad
2025-08-15 17:46:41,866 - INFO - CONVERGENCE EPISODE 46: 0.0387 rad
2025-08-15 17:46:44,249 - INFO - CONVERGENCE EPISODE 47: 0.0562 rad
2025-08-15 17:46:46,624 - INFO - CONVERGENCE EPISODE 48: 0.0819 rad
2025-08-15 17:46:49,056 - INFO - CONVERGENCE EPISODE 49: 0.1482 rad
2025-08-15 17:46:51,480 - INFO - CONVERGENCE EPISODE 50: 0.1428 rad
2025-08-15 17:46:51,480 - INFO -      50 |  -28.10 |    0.638 |    0.1428 |   0.000 |  123.7s
2025-08-15 17:46:53,857 - INFO - CONVERGENCE EPISODE 51: 0.1213 rad
2025-08-15 17:46:56,269 - INFO - CONVERGENCE EPISODE 52: 0.0949 rad
2025-08-15 17:46:58,722 - INFO - CONVERGENCE EPISODE 53: 0.0692 rad
2025-08-15 17:47:01,172 - INFO - CONVERGENCE EPISODE 54: 0.0438 rad
2025-08-15 17:47:03,549 - INFO - CONVERGENCE EPISODE 55: 0.0631 rad
2025-08-15 17:47:05,924 - INFO - CONVERGENCE EPISODE 56: 0.0745 rad
2025-08-15 17:47:08,410 - INFO - CONVERGENCE EPISODE 57: 0.0409 rad
2025-08-15 17:47:10,805 - INFO - CONVERGENCE EPISODE 58: 0.0588 rad
2025-08-15 17:47:13,209 - INFO - CONVERGENCE EPISODE 59: 0.0601 rad
2025-08-15 17:47:15,610 - INFO - CONVERGENCE EPISODE 60: 0.0538 rad
2025-08-15 17:47:17,971 - INFO - CONVERGENCE EPISODE 61: 0.0482 rad
2025-08-15 17:47:20,342 - INFO - CONVERGENCE EPISODE 62: 0.0425 rad
2025-08-15 17:47:22,678 - INFO - CONVERGENCE EPISODE 63: 0.0340 rad
2025-08-15 17:47:25,055 - INFO - CONVERGENCE EPISODE 64: 0.0288 rad
2025-08-15 17:47:27,433 - INFO - CONVERGENCE EPISODE 65: 0.0263 rad
2025-08-15 17:47:29,813 - INFO - CONVERGENCE EPISODE 66: 0.0223 rad
2025-08-15 17:47:32,257 - INFO - CONVERGENCE EPISODE 67: 0.0199 rad
2025-08-15 17:47:34,687 - INFO - CONVERGENCE EPISODE 68: 0.0205 rad
2025-08-15 17:47:37,060 - INFO - CONVERGENCE EPISODE 69: 0.0143 rad
2025-08-15 17:47:39,460 - INFO - CONVERGENCE EPISODE 70: 0.0137 rad
2025-08-15 17:47:41,869 - INFO - CONVERGENCE EPISODE 71: 0.0087 rad
2025-08-15 17:47:44,417 - INFO - CONVERGENCE EPISODE 72: 0.0091 rad
2025-08-15 17:47:46,979 - INFO - CONVERGENCE EPISODE 73: 0.0074 rad
2025-08-15 17:47:49,464 - INFO - CONVERGENCE EPISODE 74: 0.0034 rad
2025-08-15 17:47:51,925 - INFO - CONVERGENCE EPISODE 75: 0.0111 rad
2025-08-15 17:47:54,408 - INFO - CONVERGENCE EPISODE 76: 0.0034 rad
2025-08-15 17:47:56,882 - INFO - CONVERGENCE EPISODE 77: 0.0047 rad
2025-08-15 17:47:59,342 - INFO - CONVERGENCE EPISODE 78: 0.0126 rad
2025-08-15 17:48:01,856 - INFO - CONVERGENCE EPISODE 79: 0.0087 rad
2025-08-15 17:48:04,259 - INFO - CONVERGENCE EPISODE 80: 0.0034 rad
2025-08-15 17:48:06,700 - INFO - CONVERGENCE EPISODE 81: 0.0030 rad
2025-08-15 17:48:09,094 - INFO - CONVERGENCE EPISODE 82: 0.0015 rad
2025-08-15 17:48:11,471 - INFO - CONVERGENCE EPISODE 83: 0.0070 rad
2025-08-15 17:48:13,854 - INFO - CONVERGENCE EPISODE 84: 0.0025 rad
2025-08-15 17:48:16,334 - INFO - CONVERGENCE EPISODE 85: 0.0002 rad
2025-08-15 17:48:18,710 - INFO - CONVERGENCE EPISODE 86: 0.0012 rad
2025-08-15 17:48:21,086 - INFO - CONVERGENCE EPISODE 87: 0.0065 rad
2025-08-15 17:48:23,513 - INFO - CONVERGENCE EPISODE 88: 0.0035 rad
2025-08-15 17:48:25,951 - INFO - CONVERGENCE EPISODE 89: 0.0018 rad
2025-08-15 17:48:28,346 - INFO - CONVERGENCE EPISODE 90: 0.0086 rad
2025-08-15 17:48:30,731 - INFO - CONVERGENCE EPISODE 91: 0.0091 rad
2025-08-15 17:48:33,152 - INFO - CONVERGENCE EPISODE 92: 0.0042 rad
2025-08-15 17:48:35,570 - INFO - CONVERGENCE EPISODE 93: 0.0055 rad
2025-08-15 17:48:37,995 - INFO - CONVERGENCE EPISODE 94: 0.0035 rad
2025-08-15 17:48:40,462 - INFO - CONVERGENCE EPISODE 95: 0.0031 rad
2025-08-15 17:48:42,867 - INFO - CONVERGENCE EPISODE 96: 0.0077 rad
2025-08-15 17:48:45,238 - INFO - CONVERGENCE EPISODE 97: 0.0019 rad
2025-08-15 17:48:47,678 - INFO - CONVERGENCE EPISODE 98: 0.0106 rad
2025-08-15 17:48:50,071 - INFO - CONVERGENCE EPISODE 99: 0.0027 rad
2025-08-15 17:48:52,487 - INFO - CONVERGENCE EPISODE 100: 0.0037 rad
2025-08-15 17:48:52,488 - INFO - 
2025-08-15 17:48:52,488 - INFO - MILESTONE 100 ANALYSIS:
2025-08-15 17:48:52,488 - INFO -   Recent 50 episodes avg position error: 0.0222 ± 0.0270 rad
2025-08-15 17:48:52,488 - INFO -   Recent 50 episodes avg cost: 1.210
2025-08-15 17:48:52,488 - INFO -   Recent 50 episodes success rate: 98.00%
2025-08-15 17:48:52,488 - INFO -   Convergent episodes ratio (< 0.5 rad): 100.00%
2025-08-15 17:48:52,488 - INFO -   Total convergent episodes so far: 83
2025-08-15 17:48:52,488 - INFO -   Best performance: 0.0002 rad at episode 85
2025-08-15 17:48:52,488 - INFO -   Stable performance maintained since episode 33
2025-08-15 17:48:52,488 - INFO - 
2025-08-15 17:48:52,488 - INFO -     100 |   -7.19 |    0.170 |    0.0037 |   1.000 |  244.7s
2025-08-15 17:48:55,050 - INFO - CONVERGENCE EPISODE 101: 0.0004 rad
2025-08-15 17:48:57,447 - INFO - CONVERGENCE EPISODE 102: 0.0039 rad
2025-08-15 17:48:59,859 - INFO - CONVERGENCE EPISODE 103: 0.0025 rad
2025-08-15 17:49:02,259 - INFO - CONVERGENCE EPISODE 104: 0.0001 rad
2025-08-15 17:49:04,662 - INFO - CONVERGENCE EPISODE 105: 0.0035 rad
2025-08-15 17:49:07,075 - INFO - CONVERGENCE EPISODE 106: 0.0021 rad
2025-08-15 17:49:09,508 - INFO - CONVERGENCE EPISODE 107: 0.0003 rad
2025-08-15 17:49:11,938 - INFO - CONVERGENCE EPISODE 108: 0.0096 rad
2025-08-15 17:49:14,569 - INFO - CONVERGENCE EPISODE 109: 0.0042 rad
2025-08-15 17:49:16,930 - INFO - CONVERGENCE EPISODE 110: 0.0012 rad
2025-08-15 17:49:19,355 - INFO - CONVERGENCE EPISODE 111: 0.0037 rad
2025-08-15 17:49:21,798 - INFO - CONVERGENCE EPISODE 112: 0.0026 rad
2025-08-15 17:49:24,205 - INFO - CONVERGENCE EPISODE 113: 0.0036 rad
2025-08-15 17:49:26,617 - INFO - CONVERGENCE EPISODE 114: 0.0043 rad
2025-08-15 17:49:29,075 - INFO - CONVERGENCE EPISODE 115: 0.0045 rad
2025-08-15 17:49:31,501 - INFO - CONVERGENCE EPISODE 116: 0.0047 rad
2025-08-15 17:49:33,901 - INFO - CONVERGENCE EPISODE 117: 0.0057 rad
2025-08-15 17:49:36,292 - INFO - CONVERGENCE EPISODE 118: 0.0033 rad
2025-08-15 17:49:38,689 - INFO - CONVERGENCE EPISODE 119: 0.0036 rad
2025-08-15 17:49:41,070 - INFO - CONVERGENCE EPISODE 120: 0.0060 rad
2025-08-15 17:49:43,551 - INFO - CONVERGENCE EPISODE 121: 0.0082 rad
2025-08-15 17:49:45,894 - INFO - CONVERGENCE EPISODE 122: 0.0094 rad
2025-08-15 17:49:48,316 - INFO - CONVERGENCE EPISODE 123: 0.0105 rad
2025-08-15 17:49:50,718 - INFO - CONVERGENCE EPISODE 124: 0.0043 rad
2025-08-15 17:49:53,182 - INFO - CONVERGENCE EPISODE 125: 0.0020 rad
2025-08-15 17:49:55,595 - INFO - CONVERGENCE EPISODE 126: 0.0021 rad
2025-08-15 17:49:57,980 - INFO - CONVERGENCE EPISODE 127: 0.0015 rad
2025-08-15 17:50:00,409 - INFO - CONVERGENCE EPISODE 128: 0.0014 rad
2025-08-15 17:50:02,874 - INFO - CONVERGENCE EPISODE 129: 0.0078 rad
2025-08-15 17:50:05,295 - INFO - CONVERGENCE EPISODE 130: 0.0096 rad
2025-08-15 17:50:07,678 - INFO - CONVERGENCE EPISODE 131: 0.0034 rad
2025-08-15 17:50:10,082 - INFO - CONVERGENCE EPISODE 132: 0.0099 rad
2025-08-15 17:50:12,477 - INFO - CONVERGENCE EPISODE 133: 0.0038 rad
2025-08-15 17:50:14,923 - INFO - CONVERGENCE EPISODE 134: 0.0069 rad
2025-08-15 17:50:17,319 - INFO - CONVERGENCE EPISODE 135: 0.0021 rad
2025-08-15 17:50:19,711 - INFO - CONVERGENCE EPISODE 136: 0.0070 rad
2025-08-15 17:50:22,120 - INFO - CONVERGENCE EPISODE 137: 0.0042 rad
2025-08-15 17:50:24,552 - INFO - CONVERGENCE EPISODE 138: 0.0101 rad
2025-08-15 17:50:27,002 - INFO - CONVERGENCE EPISODE 139: 0.0193 rad
2025-08-15 17:50:29,390 - INFO - CONVERGENCE EPISODE 140: 0.0010 rad
2025-08-15 17:50:31,762 - INFO - CONVERGENCE EPISODE 141: 0.0045 rad
2025-08-15 17:50:34,177 - INFO - CONVERGENCE EPISODE 142: 0.0045 rad
2025-08-15 17:50:36,581 - INFO - CONVERGENCE EPISODE 143: 0.0075 rad
2025-08-15 17:50:38,938 - INFO - CONVERGENCE EPISODE 144: 0.0061 rad
2025-08-15 17:50:41,303 - INFO - CONVERGENCE EPISODE 145: 0.0027 rad
2025-08-15 17:50:43,741 - INFO - CONVERGENCE EPISODE 146: 0.0018 rad
2025-08-15 17:50:46,166 - INFO - CONVERGENCE EPISODE 147: 0.0003 rad
2025-08-15 17:50:48,676 - INFO - CONVERGENCE EPISODE 148: 0.0029 rad
2025-08-15 17:50:51,125 - INFO - CONVERGENCE EPISODE 149: 0.0010 rad
2025-08-15 17:50:53,538 - INFO - CONVERGENCE EPISODE 150: 0.0034 rad
2025-08-15 17:50:53,538 - INFO -     150 |  -48.01 |    1.147 |    0.0034 |   1.000 |  365.8s
2025-08-15 17:50:55,932 - INFO - CONVERGENCE EPISODE 151: 0.0037 rad
2025-08-15 17:50:58,370 - INFO - CONVERGENCE EPISODE 152: 0.0001 rad
2025-08-15 17:51:00,788 - INFO - CONVERGENCE EPISODE 153: 0.0013 rad
2025-08-15 17:51:03,201 - INFO - CONVERGENCE EPISODE 154: 0.0085 rad
2025-08-15 17:51:05,589 - INFO - CONVERGENCE EPISODE 155: 0.0087 rad
2025-08-15 17:51:07,992 - INFO - CONVERGENCE EPISODE 156: 0.0054 rad
2025-08-15 17:51:10,397 - INFO - CONVERGENCE EPISODE 157: 0.0030 rad
2025-08-15 17:51:12,769 - INFO - CONVERGENCE EPISODE 158: 0.0055 rad
2025-08-15 17:51:15,125 - INFO - CONVERGENCE EPISODE 159: 0.0004 rad
2025-08-15 17:51:17,483 - INFO - CONVERGENCE EPISODE 160: 0.0015 rad
2025-08-15 17:51:19,834 - INFO - CONVERGENCE EPISODE 161: 0.0031 rad
2025-08-15 17:51:22,345 - INFO - CONVERGENCE EPISODE 162: 0.0021 rad
2025-08-15 17:51:24,964 - INFO - CONVERGENCE EPISODE 163: 0.0015 rad
2025-08-15 17:51:27,554 - INFO - CONVERGENCE EPISODE 164: 0.0056 rad
2025-08-15 17:51:30,155 - INFO - CONVERGENCE EPISODE 165: 0.0000 rad
2025-08-15 17:51:32,750 - INFO - CONVERGENCE EPISODE 166: 0.0054 rad
2025-08-15 17:51:35,326 - INFO - CONVERGENCE EPISODE 167: 0.0034 rad
2025-08-15 17:51:37,770 - INFO - CONVERGENCE EPISODE 168: 0.0019 rad
2025-08-15 17:51:40,228 - INFO - CONVERGENCE EPISODE 169: 0.0042 rad
2025-08-15 17:51:42,721 - INFO - CONVERGENCE EPISODE 170: 0.0010 rad
2025-08-15 17:51:45,174 - INFO - CONVERGENCE EPISODE 171: 0.0044 rad
2025-08-15 17:51:47,638 - INFO - CONVERGENCE EPISODE 172: 0.0000 rad
2025-08-15 17:51:50,026 - INFO - CONVERGENCE EPISODE 173: 0.0039 rad
2025-08-15 17:51:52,420 - INFO - CONVERGENCE EPISODE 174: 0.0040 rad
2025-08-15 17:51:54,783 - INFO - CONVERGENCE EPISODE 175: 0.0035 rad
2025-08-15 17:51:57,219 - INFO - CONVERGENCE EPISODE 176: 0.0084 rad
2025-08-15 17:51:59,550 - INFO - CONVERGENCE EPISODE 177: 0.0082 rad
2025-08-15 17:52:01,873 - INFO - CONVERGENCE EPISODE 178: 0.0049 rad
2025-08-15 17:52:04,204 - INFO - CONVERGENCE EPISODE 179: 0.0042 rad
2025-08-15 17:52:06,606 - INFO - CONVERGENCE EPISODE 180: 0.0036 rad
2025-08-15 17:52:09,022 - INFO - CONVERGENCE EPISODE 181: 0.0015 rad
2025-08-15 17:52:11,398 - INFO - CONVERGENCE EPISODE 182: 0.0021 rad
2025-08-15 17:52:13,824 - INFO - CONVERGENCE EPISODE 183: 0.0029 rad
2025-08-15 17:52:16,221 - INFO - CONVERGENCE EPISODE 184: 0.0005 rad
2025-08-15 17:52:18,639 - INFO - CONVERGENCE EPISODE 185: 0.0074 rad
2025-08-15 17:52:20,991 - INFO - CONVERGENCE EPISODE 186: 0.0037 rad
2025-08-15 17:52:23,384 - INFO - CONVERGENCE EPISODE 187: 0.0025 rad
2025-08-15 17:52:25,763 - INFO - CONVERGENCE EPISODE 188: 0.0077 rad
2025-08-15 17:52:28,153 - INFO - CONVERGENCE EPISODE 189: 0.0063 rad
2025-08-15 17:52:30,564 - INFO - CONVERGENCE EPISODE 190: 0.0011 rad
2025-08-15 17:52:32,943 - INFO - CONVERGENCE EPISODE 191: 0.0024 rad
2025-08-15 17:52:35,300 - INFO - CONVERGENCE EPISODE 192: 0.0020 rad
2025-08-15 17:52:37,684 - INFO - CONVERGENCE EPISODE 193: 0.0092 rad
2025-08-15 17:52:40,109 - INFO - CONVERGENCE EPISODE 194: 0.0036 rad
2025-08-15 17:52:42,449 - INFO - CONVERGENCE EPISODE 195: 0.0293 rad
2025-08-15 17:52:44,809 - INFO - CONVERGENCE EPISODE 196: 0.0020 rad
2025-08-15 17:52:47,164 - INFO - CONVERGENCE EPISODE 197: 0.0031 rad
2025-08-15 17:52:49,506 - INFO - CONVERGENCE EPISODE 198: 0.0018 rad
2025-08-15 17:52:51,852 - INFO - CONVERGENCE EPISODE 199: 0.0029 rad
2025-08-15 17:52:54,220 - INFO - CONVERGENCE EPISODE 200: 0.0000 rad
2025-08-15 17:52:54,220 - INFO -     200 |  -75.79 |    1.609 |    0.0000 |   1.000 |  486.4s
2025-08-15 17:52:56,736 - INFO - CONVERGENCE EPISODE 201: 0.0102 rad
2025-08-15 17:52:59,154 - INFO - CONVERGENCE EPISODE 202: 0.0043 rad
2025-08-15 17:53:01,545 - INFO - CONVERGENCE EPISODE 203: 0.0149 rad
2025-08-15 17:53:03,883 - INFO - CONVERGENCE EPISODE 204: 0.0076 rad
2025-08-15 17:53:06,267 - INFO - CONVERGENCE EPISODE 205: 0.0069 rad
2025-08-15 17:53:08,656 - INFO - CONVERGENCE EPISODE 206: 0.0034 rad
2025-08-15 17:53:11,053 - INFO - CONVERGENCE EPISODE 207: 0.0047 rad
2025-08-15 17:53:13,435 - INFO - CONVERGENCE EPISODE 208: 0.0053 rad
2025-08-15 17:53:15,860 - INFO - CONVERGENCE EPISODE 209: 0.0029 rad
2025-08-15 17:53:18,329 - INFO - CONVERGENCE EPISODE 210: 0.0028 rad
2025-08-15 17:53:20,798 - INFO - CONVERGENCE EPISODE 211: 0.0058 rad
2025-08-15 17:53:23,202 - INFO - CONVERGENCE EPISODE 212: 0.0002 rad
2025-08-15 17:53:25,643 - INFO - CONVERGENCE EPISODE 213: 0.0058 rad
2025-08-15 17:53:28,063 - INFO - CONVERGENCE EPISODE 214: 0.0088 rad
2025-08-15 17:53:30,461 - INFO - CONVERGENCE EPISODE 215: 0.0076 rad
2025-08-15 17:53:32,931 - INFO - CONVERGENCE EPISODE 216: 0.0034 rad
2025-08-15 17:53:35,332 - INFO - CONVERGENCE EPISODE 217: 0.0093 rad
2025-08-15 17:53:37,737 - INFO - CONVERGENCE EPISODE 218: 0.0112 rad
2025-08-15 17:53:40,163 - INFO - CONVERGENCE EPISODE 219: 0.0035 rad
2025-08-15 17:53:42,545 - INFO - CONVERGENCE EPISODE 220: 0.0042 rad
2025-08-15 17:53:44,868 - INFO - CONVERGENCE EPISODE 221: 0.0062 rad
2025-08-15 17:53:47,273 - INFO - CONVERGENCE EPISODE 222: 0.0027 rad
2025-08-15 17:53:49,656 - INFO - CONVERGENCE EPISODE 223: 0.0023 rad
2025-08-15 17:53:52,055 - INFO - CONVERGENCE EPISODE 224: 0.0006 rad
2025-08-15 17:53:54,450 - INFO - CONVERGENCE EPISODE 225: 0.0010 rad
2025-08-15 17:53:56,880 - INFO - CONVERGENCE EPISODE 226: 0.0113 rad
2025-08-15 17:53:59,283 - INFO - CONVERGENCE EPISODE 227: 0.0053 rad
2025-08-15 17:54:01,710 - INFO - CONVERGENCE EPISODE 228: 0.0014 rad
2025-08-15 17:54:04,117 - INFO - CONVERGENCE EPISODE 229: 0.0007 rad
2025-08-15 17:54:06,461 - INFO - CONVERGENCE EPISODE 230: 0.0024 rad
2025-08-15 17:54:08,891 - INFO - CONVERGENCE EPISODE 231: 0.0002 rad
2025-08-15 17:54:11,353 - INFO - CONVERGENCE EPISODE 232: 0.0011 rad
2025-08-15 17:54:13,794 - INFO - CONVERGENCE EPISODE 233: 0.0014 rad
2025-08-15 17:54:16,253 - INFO - CONVERGENCE EPISODE 234: 0.0013 rad
2025-08-15 17:54:18,759 - INFO - CONVERGENCE EPISODE 235: 0.0082 rad
2025-08-15 17:54:21,164 - INFO - CONVERGENCE EPISODE 236: 0.0048 rad
2025-08-15 17:54:23,523 - INFO - CONVERGENCE EPISODE 237: 0.0120 rad
2025-08-15 17:54:25,929 - INFO - CONVERGENCE EPISODE 238: 0.0036 rad
2025-08-15 17:54:28,320 - INFO - CONVERGENCE EPISODE 239: 0.0086 rad
2025-08-15 17:54:30,737 - INFO - CONVERGENCE EPISODE 240: 0.0031 rad
2025-08-15 17:54:33,129 - INFO - CONVERGENCE EPISODE 241: 0.0068 rad
2025-08-15 17:54:35,617 - INFO - CONVERGENCE EPISODE 242: 0.0046 rad
2025-08-15 17:54:37,983 - INFO - CONVERGENCE EPISODE 243: 0.0053 rad
2025-08-15 17:54:40,357 - INFO - CONVERGENCE EPISODE 244: 0.0040 rad
2025-08-15 17:54:42,811 - INFO - CONVERGENCE EPISODE 245: 0.0041 rad
2025-08-15 17:54:45,216 - INFO - CONVERGENCE EPISODE 246: 0.0099 rad
2025-08-15 17:54:47,704 - INFO - CONVERGENCE EPISODE 247: 0.0058 rad
2025-08-15 17:54:50,249 - INFO - CONVERGENCE EPISODE 248: 0.0026 rad
2025-08-15 17:54:52,717 - INFO - CONVERGENCE EPISODE 249: 0.0026 rad
2025-08-15 17:54:55,163 - INFO - CONVERGENCE EPISODE 250: 0.0017 rad
2025-08-15 17:54:55,163 - INFO - 
2025-08-15 17:54:55,163 - INFO - MILESTONE 250 ANALYSIS:
2025-08-15 17:54:55,163 - INFO -   Recent 50 episodes avg position error: 0.0050 ± 0.0034 rad
2025-08-15 17:54:55,163 - INFO -   Recent 50 episodes avg cost: 1.329
2025-08-15 17:54:55,163 - INFO -   Recent 50 episodes success rate: 100.00%
2025-08-15 17:54:55,163 - INFO -   Convergent episodes ratio (< 0.5 rad): 100.00%
2025-08-15 17:54:55,163 - INFO -   Total convergent episodes so far: 233
2025-08-15 17:54:55,163 - INFO -   Best performance: 0.0000 rad at episode 165
2025-08-15 17:54:55,164 - INFO -   Stable performance maintained since episode 33
2025-08-15 17:54:55,164 - INFO - 
2025-08-15 17:54:55,164 - INFO -     250 |  -24.57 |    0.551 |    0.0017 |   1.000 |  607.4s
2025-08-15 17:54:57,709 - INFO - CONVERGENCE EPISODE 251: 0.0074 rad
2025-08-15 17:55:00,211 - INFO - CONVERGENCE EPISODE 252: 0.0060 rad
2025-08-15 17:55:02,586 - INFO - CONVERGENCE EPISODE 253: 0.0022 rad
2025-08-15 17:55:04,968 - INFO - CONVERGENCE EPISODE 254: 0.0034 rad
2025-08-15 17:55:07,313 - INFO - CONVERGENCE EPISODE 255: 0.0018 rad
2025-08-15 17:55:09,689 - INFO - CONVERGENCE EPISODE 256: 0.0196 rad
2025-08-15 17:55:12,057 - INFO - CONVERGENCE EPISODE 257: 0.0040 rad
2025-08-15 17:55:14,404 - INFO - CONVERGENCE EPISODE 258: 0.0053 rad
2025-08-15 17:55:16,731 - INFO - CONVERGENCE EPISODE 259: 0.0030 rad
2025-08-15 17:55:19,215 - INFO - CONVERGENCE EPISODE 260: 0.0033 rad
2025-08-15 17:55:21,629 - INFO - CONVERGENCE EPISODE 261: 0.0044 rad
2025-08-15 17:55:24,054 - INFO - CONVERGENCE EPISODE 262: 0.0015 rad
2025-08-15 17:55:26,579 - INFO - CONVERGENCE EPISODE 263: 0.0012 rad
2025-08-15 17:55:29,059 - INFO - CONVERGENCE EPISODE 264: 0.0027 rad
2025-08-15 17:55:31,571 - INFO - CONVERGENCE EPISODE 265: 0.0015 rad
2025-08-15 17:55:33,930 - INFO - CONVERGENCE EPISODE 266: 0.0011 rad
2025-08-15 17:55:36,295 - INFO - CONVERGENCE EPISODE 267: 0.0013 rad
2025-08-15 17:55:38,661 - INFO - CONVERGENCE EPISODE 268: 0.0001 rad
2025-08-15 17:55:41,093 - INFO - CONVERGENCE EPISODE 269: 0.0212 rad
2025-08-15 17:55:43,619 - INFO - CONVERGENCE EPISODE 270: 0.0000 rad
2025-08-15 17:55:46,193 - INFO - CONVERGENCE EPISODE 271: 0.0013 rad
2025-08-15 17:55:48,691 - INFO - CONVERGENCE EPISODE 272: 0.0060 rad
2025-08-15 17:55:51,147 - INFO - CONVERGENCE EPISODE 273: 0.0001 rad
2025-08-15 17:55:53,704 - INFO - CONVERGENCE EPISODE 274: 0.0035 rad
2025-08-15 17:55:56,262 - INFO - CONVERGENCE EPISODE 275: 0.0025 rad
2025-08-15 17:55:58,687 - INFO - CONVERGENCE EPISODE 276: 0.0010 rad
2025-08-15 17:56:01,051 - INFO - CONVERGENCE EPISODE 277: 0.0030 rad
2025-08-15 17:56:03,466 - INFO - CONVERGENCE EPISODE 278: 0.0007 rad
2025-08-15 17:56:05,887 - INFO - CONVERGENCE EPISODE 279: 0.0035 rad
2025-08-15 17:56:08,216 - INFO - CONVERGENCE EPISODE 280: 0.0035 rad
2025-08-15 17:56:10,592 - INFO - CONVERGENCE EPISODE 281: 0.0013 rad
2025-08-15 17:56:12,992 - INFO - CONVERGENCE EPISODE 282: 0.0002 rad
2025-08-15 17:56:15,403 - INFO - CONVERGENCE EPISODE 283: 0.0020 rad
2025-08-15 17:56:17,834 - INFO - CONVERGENCE EPISODE 284: 0.0022 rad
2025-08-15 17:56:20,278 - INFO - CONVERGENCE EPISODE 285: 0.0004 rad
2025-08-15 17:56:22,692 - INFO - CONVERGENCE EPISODE 286: 0.0007 rad
2025-08-15 17:56:25,226 - INFO - CONVERGENCE EPISODE 287: 0.0007 rad
2025-08-15 17:56:27,773 - INFO - CONVERGENCE EPISODE 288: 0.0015 rad
2025-08-15 17:56:30,287 - INFO - CONVERGENCE EPISODE 289: 0.0021 rad
2025-08-15 17:56:32,737 - INFO - CONVERGENCE EPISODE 290: 0.0006 rad
2025-08-15 17:56:35,184 - INFO - CONVERGENCE EPISODE 291: 0.0009 rad
2025-08-15 17:56:37,648 - INFO - CONVERGENCE EPISODE 292: 0.0065 rad
2025-08-15 17:56:40,176 - INFO - CONVERGENCE EPISODE 293: 0.0021 rad
2025-08-15 17:56:42,690 - INFO - CONVERGENCE EPISODE 294: 0.0013 rad
2025-08-15 17:56:45,096 - INFO - CONVERGENCE EPISODE 295: 0.0022 rad
2025-08-15 17:56:47,565 - INFO - CONVERGENCE EPISODE 296: 0.0273 rad
2025-08-15 17:56:49,984 - INFO - CONVERGENCE EPISODE 297: 0.0016 rad
2025-08-15 17:56:52,373 - INFO - CONVERGENCE EPISODE 298: 0.0048 rad
2025-08-15 17:56:54,829 - INFO - CONVERGENCE EPISODE 299: 0.0041 rad
2025-08-15 17:56:57,234 - INFO - CONVERGENCE EPISODE 300: 0.0012 rad
2025-08-15 17:56:57,234 - INFO -     300 |  -72.19 |    1.569 |    0.0012 |   1.000 |  729.5s
2025-08-15 17:56:59,670 - INFO - CONVERGENCE EPISODE 301: 0.0027 rad
2025-08-15 17:57:02,107 - INFO - CONVERGENCE EPISODE 302: 0.0092 rad
2025-08-15 17:57:04,531 - INFO - CONVERGENCE EPISODE 303: 0.0003 rad
2025-08-15 17:57:07,099 - INFO - CONVERGENCE EPISODE 304: 0.0061 rad
2025-08-15 17:57:09,471 - INFO - CONVERGENCE EPISODE 305: 0.0018 rad
2025-08-15 17:57:11,882 - INFO - CONVERGENCE EPISODE 306: 0.0042 rad
2025-08-15 17:57:14,287 - INFO - CONVERGENCE EPISODE 307: 0.0024 rad
2025-08-15 17:57:16,705 - INFO - CONVERGENCE EPISODE 308: 0.0016 rad
2025-08-15 17:57:19,047 - INFO - CONVERGENCE EPISODE 309: 0.0018 rad
2025-08-15 17:57:21,390 - INFO - CONVERGENCE EPISODE 310: 0.0007 rad
2025-08-15 17:57:23,724 - INFO - CONVERGENCE EPISODE 311: 0.0011 rad
2025-08-15 17:57:26,106 - INFO - CONVERGENCE EPISODE 312: 0.0012 rad
2025-08-15 17:57:28,544 - INFO - CONVERGENCE EPISODE 313: 0.0021 rad
2025-08-15 17:57:30,919 - INFO - CONVERGENCE EPISODE 314: 0.0021 rad
2025-08-15 17:57:33,339 - INFO - CONVERGENCE EPISODE 315: 0.0104 rad
2025-08-15 17:57:35,665 - INFO - CONVERGENCE EPISODE 316: 0.0015 rad
2025-08-15 17:57:38,107 - INFO - CONVERGENCE EPISODE 317: 0.0000 rad
2025-08-15 17:57:40,549 - INFO - CONVERGENCE EPISODE 318: 0.0015 rad
2025-08-15 17:57:42,949 - INFO - CONVERGENCE EPISODE 319: 0.0002 rad
2025-08-15 17:57:45,386 - INFO - CONVERGENCE EPISODE 320: 0.0017 rad
2025-08-15 17:57:47,798 - INFO - CONVERGENCE EPISODE 321: 0.0071 rad
2025-08-15 17:57:50,169 - INFO - CONVERGENCE EPISODE 322: 0.0034 rad
2025-08-15 17:57:52,568 - INFO - CONVERGENCE EPISODE 323: 0.0079 rad
2025-08-15 17:57:54,959 - INFO - CONVERGENCE EPISODE 324: 0.0044 rad
2025-08-15 17:57:57,439 - INFO - CONVERGENCE EPISODE 325: 0.0084 rad
2025-08-15 17:57:59,852 - INFO - CONVERGENCE EPISODE 326: 0.0073 rad
2025-08-15 17:58:02,341 - INFO - CONVERGENCE EPISODE 327: 0.0106 rad
2025-08-15 17:58:04,766 - INFO - CONVERGENCE EPISODE 328: 0.0047 rad
2025-08-15 17:58:07,181 - INFO - CONVERGENCE EPISODE 329: 0.0089 rad
2025-08-15 17:58:09,610 - INFO - CONVERGENCE EPISODE 330: 0.0033 rad
2025-08-15 17:58:12,059 - INFO - CONVERGENCE EPISODE 331: 0.0023 rad
2025-08-15 17:58:14,436 - INFO - CONVERGENCE EPISODE 332: 0.0019 rad
2025-08-15 17:58:16,826 - INFO - CONVERGENCE EPISODE 333: 0.0078 rad
2025-08-15 17:58:19,192 - INFO - CONVERGENCE EPISODE 334: 0.0026 rad
2025-08-15 17:58:21,624 - INFO - CONVERGENCE EPISODE 335: 0.0027 rad
2025-08-15 17:58:24,051 - INFO - CONVERGENCE EPISODE 336: 0.0023 rad
2025-08-15 17:58:26,468 - INFO - CONVERGENCE EPISODE 337: 0.0028 rad
2025-08-15 17:58:28,858 - INFO - CONVERGENCE EPISODE 338: 0.0020 rad
2025-08-15 17:58:31,207 - INFO - CONVERGENCE EPISODE 339: 0.0039 rad
2025-08-15 17:58:33,601 - INFO - CONVERGENCE EPISODE 340: 0.0053 rad
2025-08-15 17:58:36,069 - INFO - CONVERGENCE EPISODE 341: 0.0020 rad
2025-08-15 17:58:38,671 - INFO - CONVERGENCE EPISODE 342: 0.0007 rad
2025-08-15 17:58:41,058 - INFO - CONVERGENCE EPISODE 343: 0.0066 rad
2025-08-15 17:58:43,580 - INFO - CONVERGENCE EPISODE 344: 0.0057 rad
2025-08-15 17:58:46,081 - INFO - CONVERGENCE EPISODE 345: 0.0024 rad
2025-08-15 17:58:48,514 - INFO - CONVERGENCE EPISODE 346: 0.0035 rad
2025-08-15 17:58:50,978 - INFO - CONVERGENCE EPISODE 347: 0.0034 rad
2025-08-15 17:58:53,547 - INFO - CONVERGENCE EPISODE 348: 0.0027 rad
2025-08-15 17:58:56,172 - INFO - CONVERGENCE EPISODE 349: 0.0061 rad
2025-08-15 17:58:58,598 - INFO - CONVERGENCE EPISODE 350: 0.0018 rad
2025-08-15 17:58:58,598 - INFO -     350 |  -47.79 |    1.029 |    0.0018 |   1.000 |  850.8s
2025-08-15 17:59:00,942 - INFO - CONVERGENCE EPISODE 351: 0.0023 rad
2025-08-15 17:59:03,316 - INFO - CONVERGENCE EPISODE 352: 0.0015 rad
2025-08-15 17:59:05,746 - INFO - CONVERGENCE EPISODE 353: 0.0024 rad
2025-08-15 17:59:08,136 - INFO - CONVERGENCE EPISODE 354: 0.0019 rad
2025-08-15 17:59:10,524 - INFO - CONVERGENCE EPISODE 355: 0.0009 rad
2025-08-15 17:59:12,987 - INFO - CONVERGENCE EPISODE 356: 0.0042 rad
2025-08-15 17:59:15,346 - INFO - CONVERGENCE EPISODE 357: 0.0041 rad
2025-08-15 17:59:17,728 - INFO - CONVERGENCE EPISODE 358: 0.0043 rad
2025-08-15 17:59:20,132 - INFO - CONVERGENCE EPISODE 359: 0.0034 rad
2025-08-15 17:59:22,545 - INFO - CONVERGENCE EPISODE 360: 0.0031 rad
2025-08-15 17:59:24,941 - INFO - CONVERGENCE EPISODE 361: 0.0010 rad
2025-08-15 17:59:27,347 - INFO - CONVERGENCE EPISODE 362: 0.0030 rad
2025-08-15 17:59:29,833 - INFO - CONVERGENCE EPISODE 363: 0.0035 rad
2025-08-15 17:59:32,217 - INFO - CONVERGENCE EPISODE 364: 0.0040 rad
2025-08-15 17:59:34,618 - INFO - CONVERGENCE EPISODE 365: 0.0039 rad
2025-08-15 17:59:37,082 - INFO - CONVERGENCE EPISODE 366: 0.0021 rad
2025-08-15 17:59:39,457 - INFO - CONVERGENCE EPISODE 367: 0.0064 rad
2025-08-15 17:59:41,818 - INFO - CONVERGENCE EPISODE 368: 0.0034 rad
2025-08-15 17:59:44,154 - INFO - CONVERGENCE EPISODE 369: 0.0028 rad
2025-08-15 17:59:46,591 - INFO - CONVERGENCE EPISODE 370: 0.0012 rad
2025-08-15 17:59:49,167 - INFO - CONVERGENCE EPISODE 371: 0.0077 rad
2025-08-15 17:59:51,625 - INFO - CONVERGENCE EPISODE 372: 0.0030 rad
2025-08-15 17:59:54,133 - INFO - CONVERGENCE EPISODE 373: 0.0009 rad
2025-08-15 17:59:56,527 - INFO - CONVERGENCE EPISODE 374: 0.0043 rad
2025-08-15 17:59:58,879 - INFO - CONVERGENCE EPISODE 375: 0.0028 rad
2025-08-15 18:00:01,233 - INFO - CONVERGENCE EPISODE 376: 0.0096 rad
2025-08-15 18:00:03,633 - INFO - CONVERGENCE EPISODE 377: 0.0028 rad
2025-08-15 18:00:06,010 - INFO - CONVERGENCE EPISODE 378: 0.0142 rad
2025-08-15 18:00:08,422 - INFO - CONVERGENCE EPISODE 379: 0.0048 rad
2025-08-15 18:00:10,879 - INFO - CONVERGENCE EPISODE 380: 0.0006 rad
2025-08-15 18:00:13,250 - INFO - CONVERGENCE EPISODE 381: 0.0011 rad
2025-08-15 18:00:15,680 - INFO - CONVERGENCE EPISODE 382: 0.0035 rad
2025-08-15 18:00:18,075 - INFO - CONVERGENCE EPISODE 383: 0.0036 rad
2025-08-15 18:00:20,460 - INFO - CONVERGENCE EPISODE 384: 0.0029 rad
2025-08-15 18:00:22,846 - INFO - CONVERGENCE EPISODE 385: 0.0009 rad
2025-08-15 18:00:25,411 - INFO - CONVERGENCE EPISODE 386: 0.0033 rad
2025-08-15 18:00:27,842 - INFO - CONVERGENCE EPISODE 387: 0.0015 rad
2025-08-15 18:00:30,367 - INFO - CONVERGENCE EPISODE 388: 0.0017 rad
2025-08-15 18:00:32,872 - INFO - CONVERGENCE EPISODE 389: 0.0012 rad
2025-08-15 18:00:35,394 - INFO - CONVERGENCE EPISODE 390: 0.0108 rad
2025-08-15 18:00:37,848 - INFO - CONVERGENCE EPISODE 391: 0.0035 rad
2025-08-15 18:00:40,285 - INFO - CONVERGENCE EPISODE 392: 0.0023 rad
2025-08-15 18:00:42,809 - INFO - CONVERGENCE EPISODE 393: 0.0020 rad
2025-08-15 18:00:45,249 - INFO - CONVERGENCE EPISODE 394: 0.0051 rad
2025-08-15 18:00:47,702 - INFO - CONVERGENCE EPISODE 395: 0.0025 rad
2025-08-15 18:00:50,202 - INFO - CONVERGENCE EPISODE 396: 0.0034 rad
2025-08-15 18:00:52,679 - INFO - CONVERGENCE EPISODE 397: 0.0074 rad
2025-08-15 18:00:55,148 - INFO - CONVERGENCE EPISODE 398: 0.0005 rad
2025-08-15 18:00:57,681 - INFO - CONVERGENCE EPISODE 399: 0.0045 rad
2025-08-15 18:00:57,682 - INFO - 
================================================================================
2025-08-15 18:00:57,682 - INFO - TRAINING COMPLETED - FINAL ANALYSIS
2025-08-15 18:00:57,682 - INFO - ================================================================================
2025-08-15 18:00:57,682 - INFO - Total training time: 969.9 seconds (16.2 minutes)
2025-08-15 18:00:57,682 - INFO - Final episode reward: -50.03
2025-08-15 18:00:57,682 - INFO - Final position error: 0.0045 rad
2025-08-15 18:00:57,682 - INFO - Final success rate: 1.000
2025-08-15 18:00:57,682 - INFO - Best position error achieved: 0.0000 rad at episode 165
2025-08-15 18:00:57,682 - INFO - Total convergent episodes (< 0.5 rad): 382/400 (95.50%)
2025-08-15 18:00:57,682 - INFO - Recent success rate (last 100 episodes): 100.00%
2025-08-15 18:00:57,682 - INFO - Stable performance achieved: Yes (from episode 33, duration: 367 episodes)
2025-08-15 18:00:57,682 - INFO - Position error statistics:
2025-08-15 18:00:57,682 - INFO -   Mean: 0.0709 rad (4.1°)
2025-08-15 18:00:57,682 - INFO -   Std:  0.2598 rad (14.9°)
2025-08-15 18:00:57,682 - INFO -   Min:  0.0000 rad (0.0°)
2025-08-15 18:00:57,682 - INFO -   Max:  2.0696 rad (118.6°)
2025-08-15 18:00:57,682 - INFO -   Median: 0.0039 rad (0.2°)
2025-08-15 18:00:57,682 - INFO - Performance distribution:
2025-08-15 18:00:57,683 - INFO -   Excellent (< 0.1 rad / 5.7°): 359 episodes (89.8%)
2025-08-15 18:00:57,683 - INFO -   Good (0.1-0.3 rad / 5.7°-17.2°): 18 episodes (4.5%)
2025-08-15 18:00:57,683 - INFO -   Acceptable (0.3-0.5 rad / 17.2°-28.6°): 5 episodes (1.2%)
2025-08-15 18:00:57,683 - INFO -   Poor (> 0.5 rad / 28.6°): 18 episodes (4.5%)
2025-08-15 18:00:57,683 - INFO - 
TRAINING CONFIGURATION EFFECTIVENESS:
2025-08-15 18:00:57,683 - INFO - ----------------------------------------
2025-08-15 18:00:57,683 - INFO - Episodes needed for first convergence: 2
2025-08-15 18:00:57,683 - INFO - Excitation phase ended at episode: 15
2025-08-15 18:00:57,686 - INFO - Training metrics saved to: /home/osos/Mohamed_Masters_Thesis/DHP_pendulum/training_logs/dhp_pendulum_metrics_20250815_180057.json
2025-08-15 18:00:57,686 - INFO - 
BEST MODEL CONFIRMED:
2025-08-15 18:00:57,686 - INFO -   Episode: 165
2025-08-15 18:00:57,686 - INFO -   Position Error: 0.0000 rad (0.0°)
2025-08-15 18:00:57,686 - INFO -   Model files: dhp_pendulum_best_*
2025-08-15 18:00:57,686 - INFO - ================================================================================
2025-08-15 18:00:57,686 - INFO - TRAINING SESSION COMPLETED
2025-08-15 18:00:57,686 - INFO - Detailed log saved to: /home/osos/Mohamed_Masters_Thesis/DHP_pendulum/training_logs/dhp_pendulum_training_20250815_174447.log
2025-08-15 18:00:57,686 - INFO - ================================================================================
2025-08-15 18:01:14,503 - INFO - SESSION-BEST EPISODE RECORDED: Episode 165
2025-08-15 18:01:14,503 - INFO -   Replay error: 1.5402 rad vs training error: 0.0000 rad
2025-08-15 18:01:14,503 - INFO -   Target angle: 3.142 rad
2025-08-15 18:01:14,570 - INFO - Model saved with state normalization ENABLED
