2025-08-15 02:28:32,081 - INFO - ================================================================================
2025-08-15 02:28:32,081 - INFO - DHP PENDULUM TRAINING SESSION STARTED
2025-08-15 02:28:32,081 - INFO - ================================================================================
2025-08-15 02:28:32,081 - INFO - HYPERPARAMETERS:
2025-08-15 02:28:32,081 - INFO - ----------------------------------------
2025-08-15 02:28:32,081 - INFO - action_size              : 1
2025-08-15 02:28:32,081 - INFO - activation               : tanh
2025-08-15 02:28:32,081 - INFO - best_episode_gui         : False
2025-08-15 02:28:32,082 - INFO - episode_length           : 200
2025-08-15 02:28:32,082 - INFO - excitation_amplitude     : 0.2
2025-08-15 02:28:32,082 - INFO - excitation_steps         : 7500
2025-08-15 02:28:32,082 - INFO - fixed_target             : None
2025-08-15 02:28:32,082 - INFO - gamma                    : 0.95
2025-08-15 02:28:32,082 - INFO - gui                      : False
2025-08-15 02:28:32,082 - INFO - hidden_layer_size        : [64, 64, 32]
2025-08-15 02:28:32,082 - INFO - log_interval             : 50
2025-08-15 02:28:32,082 - INFO - lr_actor                 : 0.005
2025-08-15 02:28:32,082 - INFO - lr_critic                : 0.01
2025-08-15 02:28:32,082 - INFO - max_steps                : 200
2025-08-15 02:28:32,082 - INFO - normalize_states         : True
2025-08-15 02:28:32,082 - INFO - num_episodes             : 1500
2025-08-15 02:28:32,082 - INFO - predict_delta            : False
2025-08-15 02:28:32,083 - INFO - record                   : False
2025-08-15 02:28:32,083 - INFO - record_best_episodes     : True
2025-08-15 02:28:32,083 - INFO - recording_fps            : 30
2025-08-15 02:28:32,083 - INFO - reference_size           : 3
2025-08-15 02:28:32,083 - INFO - rls_action_size          : 1
2025-08-15 02:28:32,083 - INFO - rls_covariance           : 100.0
2025-08-15 02:28:32,083 - INFO - rls_gamma                : 0.9995
2025-08-15 02:28:32,083 - INFO - rls_state_size           : 3
2025-08-15 02:28:32,083 - INFO - save_interval            : 200
2025-08-15 02:28:32,083 - INFO - split                    : False
2025-08-15 02:28:32,083 - INFO - state_bounds             : {'cos_theta': [-1.0, 1.0], 'sin_theta': [-1.0, 1.0], 'theta_dot': [-8.0, 8.0]}
2025-08-15 02:28:32,083 - INFO - state_size               : 3
2025-08-15 02:28:32,083 - INFO - target_network           : True
2025-08-15 02:28:32,083 - INFO - tau                      : 0.001
2025-08-15 02:28:32,084 - INFO - update_cycles            : 2
2025-08-15 02:28:32,084 - INFO - ----------------------------------------
2025-08-15 02:28:32,084 - INFO - Log file: /home/osos/Mohamed_Masters_Thesis/DHP_pendulum/training_logs/dhp_pendulum_training_20250815_022832.log
2025-08-15 02:28:32,084 - INFO - ================================================================================
2025-08-15 02:28:32,084 - INFO - 
CONFIGURATION OVERRIDES APPLIED:
2025-08-15 02:28:32,084 - INFO -   num_episodes: 400
2025-08-15 02:28:32,084 - INFO -   episode_length: 200
2025-08-15 02:28:32,084 - INFO -   max_steps: 200
2025-08-15 02:28:32,084 - INFO -   excitation_steps: 7500
2025-08-15 02:28:32,084 - INFO -   excitation_amplitude: 0.2
2025-08-15 02:28:32,084 - INFO -   log_interval: 50
2025-08-15 02:28:32,085 - INFO -   save_interval: 200
2025-08-15 02:28:32,085 - INFO -   gui: False
2025-08-15 02:28:32,085 - INFO -   record: False
2025-08-15 02:28:32,085 - INFO -   normalize_states: True
2025-08-15 02:28:32,085 - INFO -   record_best_episodes: True
2025-08-15 02:28:32,085 - INFO -   lr_critic: 0.001
2025-08-15 02:28:32,085 - INFO -   lr_actor: 0.0005
2025-08-15 02:28:32,085 - INFO -   hidden_layer_size: [64, 64, 32]
2025-08-15 02:28:32,085 - INFO -   gamma: 0.95
2025-08-15 02:28:32,085 - INFO -   update_cycles: 2
2025-08-15 02:28:32,085 - INFO -   tau: 0.001
2025-08-15 02:28:32,085 - INFO - 
==================================================
2025-08-15 02:28:32,086 - INFO - STARTING DHP TRAINING FOR PENDULUM
2025-08-15 02:28:32,086 - INFO - ==================================================
2025-08-15 02:28:32,088 - WARNING - From /home/osos/Mohamed_Masters_Thesis/msc-thesis/agents/dhp.py:70: The name tf.Session is deprecated. Please use tf.compat.v1.Session instead.

2025-08-15 02:28:32,207 - WARNING - From /home/osos/Mohamed_Masters_Thesis/msc-thesis/agents/dhp.py:100: The name tf.placeholder is deprecated. Please use tf.compat.v1.placeholder instead.

2025-08-15 02:28:32,208 - WARNING - From /home/osos/Mohamed_Masters_Thesis/msc-thesis/agents/dhp.py:102: The name tf.placeholder_with_default is deprecated. Please use tf.compat.v1.placeholder_with_default instead.

2025-08-15 02:28:32,211 - WARNING - From /home/osos/Mohamed_Masters_Thesis/msc-thesis/agents/dhp.py:124: The name tf.variable_scope is deprecated. Please use tf.compat.v1.variable_scope instead.

2025-08-15 02:28:32,213 - WARNING - From /home/osos/Mohamed_Masters_Thesis/msc-thesis/agents/dhp.py:128: dense (from tensorflow.python.layers.core) is deprecated and will be removed in a future version.
Instructions for updating:
Use keras.layers.Dense instead.
2025-08-15 02:28:32,214 - WARNING - From /home/osos/anaconda3/envs/DHP/lib/python3.7/site-packages/tensorflow_core/python/layers/core.py:187: Layer.apply (from tensorflow.python.keras.engine.base_layer) is deprecated and will be removed in a future version.
Instructions for updating:
Please use `layer.__call__` method instead.
2025-08-15 02:28:32,255 - WARNING - From /home/osos/Mohamed_Masters_Thesis/msc-thesis/agents/dhp.py:133: The name tf.trainable_variables is deprecated. Please use tf.compat.v1.trainable_variables instead.

2025-08-15 02:28:32,274 - WARNING - From /home/osos/Mohamed_Masters_Thesis/msc-thesis/agents/dhp.py:139: The name tf.train.GradientDescentOptimizer is deprecated. Please use tf.compat.v1.train.GradientDescentOptimizer instead.

2025-08-15 02:28:32,327 - WARNING - From /home/osos/Mohamed_Masters_Thesis/msc-thesis/agents/dhp.py:156: The name tf.assign is deprecated. Please use tf.compat.v1.assign instead.

2025-08-15 02:28:32,427 - WARNING - From /home/osos/Mohamed_Masters_Thesis/msc-thesis/agents/dhp.py:79: The name tf.summary.merge_all is deprecated. Please use tf.compat.v1.summary.merge_all instead.

2025-08-15 02:28:32,427 - WARNING - From /home/osos/Mohamed_Masters_Thesis/msc-thesis/agents/dhp.py:80: The name tf.train.Saver is deprecated. Please use tf.compat.v1.train.Saver instead.

2025-08-15 02:28:32,443 - WARNING - From /home/osos/Mohamed_Masters_Thesis/msc-thesis/agents/dhp.py:81: The name tf.global_variables_initializer is deprecated. Please use tf.compat.v1.global_variables_initializer instead.

2025-08-15 02:28:32,512 - INFO - 
Training for 400 episodes...
2025-08-15 02:28:32,512 - INFO - Episode | Reward  | Avg Cost | Pos Error | Success | Time
2025-08-15 02:28:32,512 - INFO - ------------------------------------------------------------
2025-08-15 02:28:34,066 - INFO -       0 | -1030.82 |   50.279 |    2.5138 |   0.000 |    1.6s
2025-08-15 02:28:42,826 - INFO - CONVERGENCE EPISODE 6: 0.1950 rad
2025-08-15 02:28:54,807 - INFO - CONVERGENCE EPISODE 14: 0.1868 rad
2025-08-15 02:29:13,731 - INFO - CONVERGENCE EPISODE 27: 0.2420 rad
2025-08-15 02:29:21,000 - INFO - CONVERGENCE EPISODE 32: 0.2461 rad
2025-08-15 02:29:40,785 - INFO - CONVERGENCE EPISODE 46: 0.2890 rad
2025-08-15 02:29:43,446 - INFO - CONVERGENCE EPISODE 48: 0.2555 rad
2025-08-15 02:29:46,092 - INFO -      50 | -1078.94 |   55.633 |    0.7664 |   0.000 |   73.6s
2025-08-15 02:29:50,035 - INFO - CONVERGENCE EPISODE 53: 0.3445 rad
2025-08-15 02:29:57,766 - INFO - CONVERGENCE EPISODE 59: 0.3192 rad
2025-08-15 02:30:13,483 - INFO - CONVERGENCE EPISODE 71: 0.4413 rad
2025-08-15 02:30:14,868 - INFO - CONVERGENCE EPISODE 72: 0.2089 rad
2025-08-15 02:30:31,919 - INFO - CONVERGENCE EPISODE 85: 0.1983 rad
2025-08-15 02:30:37,172 - INFO - CONVERGENCE EPISODE 89: 0.1076 rad
2025-08-15 02:30:39,795 - INFO - CONVERGENCE EPISODE 91: 0.2239 rad
2025-08-15 02:30:51,269 - INFO - 
2025-08-15 02:30:51,270 - INFO - MILESTONE 100 ANALYSIS:
2025-08-15 02:30:51,270 - INFO -   Recent 50 episodes avg position error: 1.5772 ± 0.8726 rad
2025-08-15 02:30:51,270 - INFO -   Recent 50 episodes avg cost: 47.043
2025-08-15 02:30:51,270 - INFO -   Recent 50 episodes success rate: 0.00%
2025-08-15 02:30:51,270 - INFO -   Convergent episodes ratio (< 0.5 rad): 14.00%
2025-08-15 02:30:51,270 - INFO -   Total convergent episodes so far: 13
2025-08-15 02:30:51,270 - INFO -   Best performance: 0.1076 rad at episode 89
2025-08-15 02:30:51,270 - INFO -   Stable performance not yet achieved
2025-08-15 02:30:51,270 - INFO - 
2025-08-15 02:30:51,270 - INFO -     100 | -245.43 |    8.945 |    1.0386 |   0.000 |  138.8s
2025-08-15 02:31:04,020 - INFO - CONVERGENCE EPISODE 110: 0.4275 rad
2025-08-15 02:31:07,785 - INFO - CONVERGENCE EPISODE 113: 0.0907 rad
2025-08-15 02:31:11,509 - INFO - CONVERGENCE EPISODE 116: 0.4531 rad
2025-08-15 02:31:12,758 - INFO - CONVERGENCE EPISODE 117: 0.1321 rad
2025-08-15 02:31:20,730 - INFO - CONVERGENCE EPISODE 123: 0.1425 rad
2025-08-15 02:31:27,321 - INFO - CONVERGENCE EPISODE 128: 0.2541 rad
2025-08-15 02:31:29,851 - INFO - CONVERGENCE EPISODE 130: 0.4096 rad
2025-08-15 02:31:40,891 - INFO - CONVERGENCE EPISODE 138: 0.0557 rad
2025-08-15 02:31:42,341 - INFO - CONVERGENCE EPISODE 139: 0.0470 rad
2025-08-15 02:31:46,372 - INFO - CONVERGENCE EPISODE 142: 0.3688 rad
2025-08-15 02:31:57,703 - INFO -     150 | -1219.64 |   81.926 |    2.7315 |   0.000 |  205.2s
2025-08-15 02:32:09,222 - INFO - CONVERGENCE EPISODE 158: 0.2280 rad
2025-08-15 02:32:24,486 - INFO - CONVERGENCE EPISODE 169: 0.0753 rad
2025-08-15 02:32:35,799 - INFO - CONVERGENCE EPISODE 177: 0.0420 rad
