2025-08-16 11:34:42,712 - INFO - ================================================================================
2025-08-16 11:34:42,712 - INFO - DHP PENDULUM TRAINING SESSION STARTED
2025-08-16 11:34:42,713 - INFO - ================================================================================
2025-08-16 11:34:42,713 - INFO - HYPERPARAMETERS:
2025-08-16 11:34:42,713 - INFO - ----------------------------------------
2025-08-16 11:34:42,713 - INFO - action_size              : 1
2025-08-16 11:34:42,713 - INFO - activation               : tanh
2025-08-16 11:34:42,713 - INFO - best_episode_gui         : False
2025-08-16 11:34:42,713 - INFO - episode_length           : 200
2025-08-16 11:34:42,713 - INFO - excitation_amplitude     : 0.2
2025-08-16 11:34:42,713 - INFO - excitation_steps         : 7500
2025-08-16 11:34:42,713 - INFO - gamma                    : 0.95
2025-08-16 11:34:42,713 - INFO - gui                      : False
2025-08-16 11:34:42,713 - INFO - hidden_layer_size        : [64, 64, 32]
2025-08-16 11:34:42,713 - INFO - log_interval             : 50
2025-08-16 11:34:42,713 - INFO - lr_actor                 : 0.005
2025-08-16 11:34:42,713 - INFO - lr_critic                : 0.01
2025-08-16 11:34:42,714 - INFO - max_steps                : 200
2025-08-16 11:34:42,714 - INFO - normalize_states         : True
2025-08-16 11:34:42,714 - INFO - num_episodes             : 1500
2025-08-16 11:34:42,714 - INFO - predict_delta            : False
2025-08-16 11:34:42,714 - INFO - record                   : False
2025-08-16 11:34:42,714 - INFO - record_best_episodes     : True
2025-08-16 11:34:42,714 - INFO - recording_fps            : 30
2025-08-16 11:34:42,714 - INFO - reference_size           : 2
2025-08-16 11:34:42,714 - INFO - rls_action_size          : 1
2025-08-16 11:34:42,714 - INFO - rls_covariance           : 100.0
2025-08-16 11:34:42,714 - INFO - rls_gamma                : 0.9995
2025-08-16 11:34:42,714 - INFO - rls_state_size           : 2
2025-08-16 11:34:42,714 - INFO - save_interval            : 200
2025-08-16 11:34:42,714 - INFO - split                    : False
2025-08-16 11:34:42,714 - INFO - state_bounds             : {'theta': [-3.141592653589793, 3.141592653589793], 'theta_dot': [-8.0, 8.0]}
2025-08-16 11:34:42,715 - INFO - state_size               : 2
2025-08-16 11:34:42,715 - INFO - target_network           : True
2025-08-16 11:34:42,715 - INFO - tau                      : 0.001
2025-08-16 11:34:42,715 - INFO - update_cycles            : 2
2025-08-16 11:34:42,715 - INFO - ----------------------------------------
2025-08-16 11:34:42,715 - INFO - Log file: /home/osos/Mohamed_Masters_Thesis/DHP_pendulum/training_logs/dhp_pendulum_training_20250816_113442.log
2025-08-16 11:34:42,715 - INFO - ================================================================================
2025-08-16 11:34:42,715 - INFO - 
==================================================
2025-08-16 11:34:42,715 - INFO - STARTING DHP TRAINING FOR PENDULUM
2025-08-16 11:34:42,715 - INFO - ==================================================
2025-08-16 11:34:42,717 - WARNING - From /home/osos/Mohamed_Masters_Thesis/msc-thesis/agents/dhp.py:70: The name tf.Session is deprecated. Please use tf.compat.v1.Session instead.

2025-08-16 11:34:42,828 - WARNING - From /home/osos/Mohamed_Masters_Thesis/msc-thesis/agents/dhp.py:100: The name tf.placeholder is deprecated. Please use tf.compat.v1.placeholder instead.

2025-08-16 11:34:42,829 - WARNING - From /home/osos/Mohamed_Masters_Thesis/msc-thesis/agents/dhp.py:102: The name tf.placeholder_with_default is deprecated. Please use tf.compat.v1.placeholder_with_default instead.

2025-08-16 11:34:42,833 - WARNING - From /home/osos/Mohamed_Masters_Thesis/msc-thesis/agents/dhp.py:124: The name tf.variable_scope is deprecated. Please use tf.compat.v1.variable_scope instead.

2025-08-16 11:34:42,833 - WARNING - From /home/osos/Mohamed_Masters_Thesis/msc-thesis/agents/dhp.py:128: dense (from tensorflow.python.layers.core) is deprecated and will be removed in a future version.
Instructions for updating:
Use keras.layers.Dense instead.
2025-08-16 11:34:42,834 - WARNING - From /home/osos/anaconda3/envs/DHP/lib/python3.7/site-packages/tensorflow_core/python/layers/core.py:187: Layer.apply (from tensorflow.python.keras.engine.base_layer) is deprecated and will be removed in a future version.
Instructions for updating:
Please use `layer.__call__` method instead.
2025-08-16 11:34:42,869 - WARNING - From /home/osos/Mohamed_Masters_Thesis/msc-thesis/agents/dhp.py:133: The name tf.trainable_variables is deprecated. Please use tf.compat.v1.trainable_variables instead.

2025-08-16 11:34:42,888 - WARNING - From /home/osos/Mohamed_Masters_Thesis/msc-thesis/agents/dhp.py:139: The name tf.train.GradientDescentOptimizer is deprecated. Please use tf.compat.v1.train.GradientDescentOptimizer instead.

2025-08-16 11:34:42,929 - WARNING - From /home/osos/Mohamed_Masters_Thesis/msc-thesis/agents/dhp.py:156: The name tf.assign is deprecated. Please use tf.compat.v1.assign instead.

2025-08-16 11:34:43,018 - WARNING - From /home/osos/Mohamed_Masters_Thesis/msc-thesis/agents/dhp.py:79: The name tf.summary.merge_all is deprecated. Please use tf.compat.v1.summary.merge_all instead.

2025-08-16 11:34:43,018 - WARNING - From /home/osos/Mohamed_Masters_Thesis/msc-thesis/agents/dhp.py:80: The name tf.train.Saver is deprecated. Please use tf.compat.v1.train.Saver instead.

2025-08-16 11:34:43,032 - WARNING - From /home/osos/Mohamed_Masters_Thesis/msc-thesis/agents/dhp.py:81: The name tf.global_variables_initializer is deprecated. Please use tf.compat.v1.global_variables_initializer instead.

2025-08-16 11:34:43,104 - INFO - 
Training for 2500 episodes...
2025-08-16 11:34:43,104 - INFO - Episode | Reward  | Avg Cost | Pos Error | Success | Time
2025-08-16 11:34:43,104 - INFO - ------------------------------------------------------------
2025-08-16 11:34:44,898 - INFO -       0 | -18145.99 | 222733377.136 |    3.0258 |   0.000 |    1.8s
2025-08-16 11:36:04,178 - INFO -      50 | -18509.40 | 312177227.216 |    3.1352 |   0.000 |   81.1s
2025-08-16 11:37:20,038 - INFO - 
2025-08-16 11:37:20,039 - INFO - MILESTONE 100 ANALYSIS:
2025-08-16 11:37:20,039 - INFO -   Recent 50 episodes avg position error: 3.1173 ± 0.0116 rad
2025-08-16 11:37:20,039 - INFO -   Recent 50 episodes avg cost: 310963532.086
2025-08-16 11:37:20,039 - INFO -   Recent 50 episodes success rate: 0.00%
2025-08-16 11:37:20,039 - INFO -   Convergent episodes ratio (< 0.5 rad): 0.00%
2025-08-16 11:37:20,039 - INFO -   Total convergent episodes so far: 0
2025-08-16 11:37:20,039 - INFO -   Best performance: 2.9442 rad at episode 12
2025-08-16 11:37:20,039 - INFO -   Stable performance not yet achieved
2025-08-16 11:37:20,039 - INFO - 
2025-08-16 11:37:20,039 - INFO -     100 | -18933.14 | 311681195.651 |    3.1362 |   0.000 |  156.9s
2025-08-16 11:38:35,651 - INFO -     150 | -19572.11 | 304728450.553 |    3.1403 |   0.000 |  232.5s
2025-08-16 11:39:51,360 - INFO -     200 | -18790.04 | 310515591.998 |    3.1101 |   0.000 |  308.3s
2025-08-16 11:41:07,228 - INFO - 
2025-08-16 11:41:07,228 - INFO - MILESTONE 250 ANALYSIS:
2025-08-16 11:41:07,228 - INFO -   Recent 50 episodes avg position error: 3.1004 ± 0.0305 rad
2025-08-16 11:41:07,228 - INFO -   Recent 50 episodes avg cost: 309792890.193
2025-08-16 11:41:07,228 - INFO -   Recent 50 episodes success rate: 0.00%
2025-08-16 11:41:07,229 - INFO -   Convergent episodes ratio (< 0.5 rad): 0.00%
2025-08-16 11:41:07,229 - INFO -   Total convergent episodes so far: 0
2025-08-16 11:41:07,229 - INFO -   Best performance: 2.9442 rad at episode 12
2025-08-16 11:41:07,229 - INFO -   Stable performance not yet achieved
2025-08-16 11:41:07,229 - INFO - 
2025-08-16 11:41:07,229 - INFO -     250 | -18502.43 | 310937576.497 |    3.1057 |   0.000 |  384.1s
2025-08-16 11:42:22,786 - INFO -     300 | -17577.26 | 310181115.861 |    3.0694 |   0.000 |  459.7s
2025-08-16 11:43:38,487 - INFO -     350 | -19136.04 | 311625964.582 |    3.1404 |   0.000 |  535.4s
2025-08-16 11:44:54,590 - INFO -     400 | -18335.11 | 310758536.840 |    3.0994 |   0.000 |  611.5s
2025-08-16 11:46:10,283 - INFO -     450 | -18981.55 | 310643038.301 |    3.1103 |   0.000 |  687.2s
2025-08-16 11:47:26,527 - INFO - 
2025-08-16 11:47:26,527 - INFO - MILESTONE 500 ANALYSIS:
2025-08-16 11:47:26,527 - INFO -   Recent 50 episodes avg position error: 3.1153 ± 0.0157 rad
2025-08-16 11:47:26,527 - INFO -   Recent 50 episodes avg cost: 309704591.557
2025-08-16 11:47:26,528 - INFO -   Recent 50 episodes success rate: 0.00%
2025-08-16 11:47:26,528 - INFO -   Convergent episodes ratio (< 0.5 rad): 0.00%
2025-08-16 11:47:26,528 - INFO -   Total convergent episodes so far: 0
2025-08-16 11:47:26,528 - INFO -   Best performance: 2.9442 rad at episode 12
2025-08-16 11:47:26,528 - INFO -   Stable performance not yet achieved
2025-08-16 11:47:26,528 - INFO - 
2025-08-16 11:47:26,528 - INFO -     500 | -18682.94 | 310810000.734 |    3.1093 |   0.000 |  763.4s
2025-08-16 11:48:42,561 - INFO -     550 | -18931.32 | 310877502.612 |    3.1159 |   0.000 |  839.5s
2025-08-16 11:49:58,467 - INFO -     600 | -17684.06 | 311449073.900 |    3.1006 |   0.000 |  915.4s
2025-08-16 11:51:14,448 - INFO -     650 | -19270.70 | 307601280.674 |    3.1276 |   0.000 |  991.3s
