2025-08-15 16:22:20,485 - INFO - ================================================================================
2025-08-15 16:22:20,485 - INFO - DHP PENDULUM TRAINING SESSION STARTED
2025-08-15 16:22:20,485 - INFO - ================================================================================
2025-08-15 16:22:20,485 - INFO - HYPERPARAMETERS:
2025-08-15 16:22:20,485 - INFO - ----------------------------------------
2025-08-15 16:22:20,485 - INFO - action_size              : 1
2025-08-15 16:22:20,485 - INFO - activation               : tanh
2025-08-15 16:22:20,485 - INFO - best_episode_gui         : False
2025-08-15 16:22:20,485 - INFO - episode_length           : 200
2025-08-15 16:22:20,485 - INFO - excitation_amplitude     : 0.2
2025-08-15 16:22:20,485 - INFO - excitation_steps         : 7500
2025-08-15 16:22:20,485 - INFO - fixed_target             : None
2025-08-15 16:22:20,485 - INFO - gamma                    : 0.95
2025-08-15 16:22:20,485 - INFO - gui                      : False
2025-08-15 16:22:20,485 - INFO - hidden_layer_size        : [64, 64, 32]
2025-08-15 16:22:20,485 - INFO - log_interval             : 50
2025-08-15 16:22:20,485 - INFO - lr_actor                 : 0.005
2025-08-15 16:22:20,486 - INFO - lr_critic                : 0.01
2025-08-15 16:22:20,486 - INFO - max_steps                : 200
2025-08-15 16:22:20,486 - INFO - normalize_states         : True
2025-08-15 16:22:20,486 - INFO - num_episodes             : 1500
2025-08-15 16:22:20,486 - INFO - predict_delta            : False
2025-08-15 16:22:20,486 - INFO - record                   : False
2025-08-15 16:22:20,486 - INFO - record_best_episodes     : True
2025-08-15 16:22:20,486 - INFO - recording_fps            : 30
2025-08-15 16:22:20,486 - INFO - reference_size           : 3
2025-08-15 16:22:20,486 - INFO - rls_action_size          : 1
2025-08-15 16:22:20,486 - INFO - rls_covariance           : 100.0
2025-08-15 16:22:20,486 - INFO - rls_gamma                : 0.9995
2025-08-15 16:22:20,486 - INFO - rls_state_size           : 3
2025-08-15 16:22:20,486 - INFO - save_interval            : 200
2025-08-15 16:22:20,486 - INFO - split                    : False
2025-08-15 16:22:20,486 - INFO - state_bounds             : {'cos_theta': [-1.0, 1.0], 'sin_theta': [-1.0, 1.0], 'theta_dot': [-8.0, 8.0]}
2025-08-15 16:22:20,486 - INFO - state_size               : 3
2025-08-15 16:22:20,486 - INFO - target_network           : True
2025-08-15 16:22:20,486 - INFO - tau                      : 0.001
2025-08-15 16:22:20,486 - INFO - update_cycles            : 2
2025-08-15 16:22:20,486 - INFO - ----------------------------------------
2025-08-15 16:22:20,486 - INFO - Log file: /home/osos/Mohamed_Masters_Thesis/DHP_pendulum/training_logs/dhp_pendulum_training_20250815_162220.log
2025-08-15 16:22:20,486 - INFO - ================================================================================
2025-08-15 16:22:20,486 - INFO - 
CONFIGURATION OVERRIDES APPLIED:
2025-08-15 16:22:20,486 - INFO -   num_episodes: 400
2025-08-15 16:22:20,486 - INFO -   episode_length: 200
2025-08-15 16:22:20,487 - INFO -   max_steps: 200
2025-08-15 16:22:20,487 - INFO -   excitation_steps: 7500
2025-08-15 16:22:20,487 - INFO -   excitation_amplitude: 0.2
2025-08-15 16:22:20,487 - INFO -   log_interval: 50
2025-08-15 16:22:20,487 - INFO -   save_interval: 200
2025-08-15 16:22:20,487 - INFO -   gui: False
2025-08-15 16:22:20,487 - INFO -   record: False
2025-08-15 16:22:20,487 - INFO -   normalize_states: True
2025-08-15 16:22:20,487 - INFO -   record_best_episodes: True
2025-08-15 16:22:20,487 - INFO -   lr_critic: 0.001
2025-08-15 16:22:20,487 - INFO -   lr_actor: 0.0005
2025-08-15 16:22:20,487 - INFO -   hidden_layer_size: [64, 64, 32]
2025-08-15 16:22:20,487 - INFO -   gamma: 0.95
2025-08-15 16:22:20,487 - INFO -   update_cycles: 2
2025-08-15 16:22:20,487 - INFO -   tau: 0.001
2025-08-15 16:22:20,487 - INFO - 
==================================================
2025-08-15 16:22:20,487 - INFO - STARTING DHP TRAINING FOR PENDULUM
2025-08-15 16:22:20,487 - INFO - ==================================================
2025-08-15 16:22:20,489 - WARNING - From /home/osos/Mohamed_Masters_Thesis/msc-thesis/agents/dhp.py:70: The name tf.Session is deprecated. Please use tf.compat.v1.Session instead.

2025-08-15 16:22:20,598 - WARNING - From /home/osos/Mohamed_Masters_Thesis/msc-thesis/agents/dhp.py:100: The name tf.placeholder is deprecated. Please use tf.compat.v1.placeholder instead.

2025-08-15 16:22:20,602 - WARNING - From /home/osos/Mohamed_Masters_Thesis/msc-thesis/agents/dhp.py:102: The name tf.placeholder_with_default is deprecated. Please use tf.compat.v1.placeholder_with_default instead.

2025-08-15 16:22:20,610 - WARNING - From /home/osos/Mohamed_Masters_Thesis/msc-thesis/agents/dhp.py:124: The name tf.variable_scope is deprecated. Please use tf.compat.v1.variable_scope instead.

2025-08-15 16:22:20,611 - WARNING - From /home/osos/Mohamed_Masters_Thesis/msc-thesis/agents/dhp.py:128: dense (from tensorflow.python.layers.core) is deprecated and will be removed in a future version.
Instructions for updating:
Use keras.layers.Dense instead.
2025-08-15 16:22:20,613 - WARNING - From /home/osos/anaconda3/envs/DHP/lib/python3.7/site-packages/tensorflow_core/python/layers/core.py:187: Layer.apply (from tensorflow.python.keras.engine.base_layer) is deprecated and will be removed in a future version.
Instructions for updating:
Please use `layer.__call__` method instead.
2025-08-15 16:22:20,654 - WARNING - From /home/osos/Mohamed_Masters_Thesis/msc-thesis/agents/dhp.py:133: The name tf.trainable_variables is deprecated. Please use tf.compat.v1.trainable_variables instead.

2025-08-15 16:22:20,664 - WARNING - From /home/osos/Mohamed_Masters_Thesis/msc-thesis/agents/dhp.py:139: The name tf.train.GradientDescentOptimizer is deprecated. Please use tf.compat.v1.train.GradientDescentOptimizer instead.

2025-08-15 16:22:20,695 - WARNING - From /home/osos/Mohamed_Masters_Thesis/msc-thesis/agents/dhp.py:156: The name tf.assign is deprecated. Please use tf.compat.v1.assign instead.

2025-08-15 16:22:20,768 - WARNING - From /home/osos/Mohamed_Masters_Thesis/msc-thesis/agents/dhp.py:79: The name tf.summary.merge_all is deprecated. Please use tf.compat.v1.summary.merge_all instead.

2025-08-15 16:22:20,769 - WARNING - From /home/osos/Mohamed_Masters_Thesis/msc-thesis/agents/dhp.py:80: The name tf.train.Saver is deprecated. Please use tf.compat.v1.train.Saver instead.

2025-08-15 16:22:20,783 - WARNING - From /home/osos/Mohamed_Masters_Thesis/msc-thesis/agents/dhp.py:81: The name tf.global_variables_initializer is deprecated. Please use tf.compat.v1.global_variables_initializer instead.

2025-08-15 16:22:20,862 - INFO - 
Training for 400 episodes...
2025-08-15 16:22:20,862 - INFO - Episode | Reward  | Avg Cost | Pos Error | Success | Time
2025-08-15 16:22:20,862 - INFO - ------------------------------------------------------------
2025-08-15 16:22:22,229 - INFO -       0 | -867.48 |   57.420 |    1.7081 |   0.000 |    1.4s
2025-08-15 16:22:31,722 - INFO - CONVERGENCE EPISODE 9: 0.0965 rad
2025-08-15 16:22:37,841 - INFO - CONVERGENCE EPISODE 15: 0.1873 rad
2025-08-15 16:22:41,752 - INFO - CONVERGENCE EPISODE 19: 0.0999 rad
2025-08-15 16:22:46,713 - INFO - CONVERGENCE EPISODE 24: 0.4419 rad
2025-08-15 16:22:53,562 - INFO - CONVERGENCE EPISODE 31: 0.1940 rad
2025-08-15 16:22:54,666 - INFO - CONVERGENCE EPISODE 32: 0.1738 rad
2025-08-15 16:22:58,697 - INFO - CONVERGENCE EPISODE 36: 0.2332 rad
2025-08-15 16:23:00,660 - INFO - CONVERGENCE EPISODE 38: 0.3467 rad
2025-08-15 16:23:12,415 - INFO -      50 | -720.62 |   34.087 |    2.4545 |   0.000 |   51.6s
2025-08-15 16:23:20,409 - INFO - CONVERGENCE EPISODE 58: 0.2523 rad
2025-08-15 16:23:26,304 - INFO - CONVERGENCE EPISODE 64: 0.2275 rad
2025-08-15 16:23:29,269 - INFO - CONVERGENCE EPISODE 67: 0.2430 rad
2025-08-15 16:23:33,230 - INFO - CONVERGENCE EPISODE 71: 0.0442 rad
2025-08-15 16:23:51,958 - INFO - CONVERGENCE EPISODE 90: 0.4411 rad
2025-08-15 16:24:01,903 - INFO - 
2025-08-15 16:24:01,903 - INFO - MILESTONE 100 ANALYSIS:
2025-08-15 16:24:01,903 - INFO -   Recent 50 episodes avg position error: 1.6963 ± 0.8413 rad
2025-08-15 16:24:01,903 - INFO -   Recent 50 episodes avg cost: 46.367
2025-08-15 16:24:01,903 - INFO -   Recent 50 episodes success rate: 2.00%
2025-08-15 16:24:01,903 - INFO -   Convergent episodes ratio (< 0.5 rad): 10.00%
2025-08-15 16:24:01,903 - INFO -   Total convergent episodes so far: 13
2025-08-15 16:24:01,903 - INFO -   Best performance: 0.0442 rad at episode 71
2025-08-15 16:24:01,903 - INFO -   Stable performance not yet achieved
2025-08-15 16:24:01,903 - INFO - 
2025-08-15 16:24:01,903 - INFO -     100 | -1022.37 |   59.063 |    2.3515 |   0.000 |  101.0s
2025-08-15 16:24:16,627 - INFO - CONVERGENCE EPISODE 115: 0.4191 rad
2025-08-15 16:24:20,828 - INFO - CONVERGENCE EPISODE 119: 0.3220 rad
2025-08-15 16:24:23,909 - INFO - CONVERGENCE EPISODE 122: 0.2667 rad
2025-08-15 16:24:27,032 - INFO - CONVERGENCE EPISODE 125: 0.1841 rad
2025-08-15 16:24:30,233 - INFO - CONVERGENCE EPISODE 128: 0.1704 rad
2025-08-15 16:24:33,424 - INFO - CONVERGENCE EPISODE 131: 0.1570 rad
2025-08-15 16:24:37,717 - INFO - CONVERGENCE EPISODE 135: 0.3938 rad
2025-08-15 16:24:42,037 - INFO - CONVERGENCE EPISODE 139: 0.2282 rad
2025-08-15 16:24:45,339 - INFO - CONVERGENCE EPISODE 142: 0.0532 rad
2025-08-15 16:24:54,026 - INFO -     150 | -1508.07 |   52.365 |    2.5165 |   0.000 |  153.2s
2025-08-15 16:24:58,385 - INFO - CONVERGENCE EPISODE 154: 0.3448 rad
