2025-08-16 03:15:21,119 - INFO - ================================================================================
2025-08-16 03:15:21,119 - INFO - DHP PENDULUM TRAINING SESSION STARTED
2025-08-16 03:15:21,119 - INFO - ================================================================================
2025-08-16 03:15:21,119 - INFO - HYPERPARAMETERS:
2025-08-16 03:15:21,119 - INFO - ----------------------------------------
2025-08-16 03:15:21,119 - INFO - action_size              : 1
2025-08-16 03:15:21,119 - INFO - activation               : tanh
2025-08-16 03:15:21,119 - INFO - best_episode_gui         : False
2025-08-16 03:15:21,119 - INFO - episode_length           : 200
2025-08-16 03:15:21,119 - INFO - excitation_amplitude     : 0.2
2025-08-16 03:15:21,119 - INFO - excitation_steps         : 7500
2025-08-16 03:15:21,119 - INFO - gamma                    : 0.95
2025-08-16 03:15:21,119 - INFO - gui                      : False
2025-08-16 03:15:21,119 - INFO - hidden_layer_size        : [64, 64, 32]
2025-08-16 03:15:21,119 - INFO - log_interval             : 50
2025-08-16 03:15:21,119 - INFO - lr_actor                 : 0.005
2025-08-16 03:15:21,119 - INFO - lr_critic                : 0.01
2025-08-16 03:15:21,120 - INFO - max_steps                : 200
2025-08-16 03:15:21,120 - INFO - normalize_states         : True
2025-08-16 03:15:21,120 - INFO - num_episodes             : 1500
2025-08-16 03:15:21,120 - INFO - predict_delta            : False
2025-08-16 03:15:21,120 - INFO - record                   : False
2025-08-16 03:15:21,120 - INFO - record_best_episodes     : True
2025-08-16 03:15:21,120 - INFO - recording_fps            : 30
2025-08-16 03:15:21,120 - INFO - reference_size           : 2
2025-08-16 03:15:21,120 - INFO - rls_action_size          : 1
2025-08-16 03:15:21,120 - INFO - rls_covariance           : 100.0
2025-08-16 03:15:21,120 - INFO - rls_gamma                : 0.9995
2025-08-16 03:15:21,120 - INFO - rls_state_size           : 2
2025-08-16 03:15:21,120 - INFO - save_interval            : 200
2025-08-16 03:15:21,120 - INFO - split                    : False
2025-08-16 03:15:21,120 - INFO - state_bounds             : {'theta': [-3.141592653589793, 3.141592653589793], 'theta_dot': [-8.0, 8.0]}
2025-08-16 03:15:21,120 - INFO - state_size               : 2
2025-08-16 03:15:21,120 - INFO - target_network           : True
2025-08-16 03:15:21,120 - INFO - tau                      : 0.001
2025-08-16 03:15:21,120 - INFO - update_cycles            : 2
2025-08-16 03:15:21,120 - INFO - ----------------------------------------
2025-08-16 03:15:21,120 - INFO - Log file: /home/osos/Mohamed_Masters_Thesis/DHP_pendulum/training_logs/dhp_pendulum_training_20250816_031521.log
2025-08-16 03:15:21,120 - INFO - ================================================================================
2025-08-16 03:15:21,121 - INFO - 
==================================================
2025-08-16 03:15:21,121 - INFO - STARTING DHP TRAINING FOR PENDULUM
2025-08-16 03:15:21,121 - INFO - ==================================================
2025-08-16 03:15:21,122 - WARNING - From /home/osos/Mohamed_Masters_Thesis/msc-thesis/agents/dhp.py:70: The name tf.Session is deprecated. Please use tf.compat.v1.Session instead.

2025-08-16 03:15:21,240 - WARNING - From /home/osos/Mohamed_Masters_Thesis/msc-thesis/agents/dhp.py:100: The name tf.placeholder is deprecated. Please use tf.compat.v1.placeholder instead.

2025-08-16 03:15:21,243 - WARNING - From /home/osos/Mohamed_Masters_Thesis/msc-thesis/agents/dhp.py:102: The name tf.placeholder_with_default is deprecated. Please use tf.compat.v1.placeholder_with_default instead.

2025-08-16 03:15:21,250 - WARNING - From /home/osos/Mohamed_Masters_Thesis/msc-thesis/agents/dhp.py:124: The name tf.variable_scope is deprecated. Please use tf.compat.v1.variable_scope instead.

2025-08-16 03:15:21,251 - WARNING - From /home/osos/Mohamed_Masters_Thesis/msc-thesis/agents/dhp.py:128: dense (from tensorflow.python.layers.core) is deprecated and will be removed in a future version.
Instructions for updating:
Use keras.layers.Dense instead.
2025-08-16 03:15:21,253 - WARNING - From /home/osos/anaconda3/envs/DHP/lib/python3.7/site-packages/tensorflow_core/python/layers/core.py:187: Layer.apply (from tensorflow.python.keras.engine.base_layer) is deprecated and will be removed in a future version.
Instructions for updating:
Please use `layer.__call__` method instead.
2025-08-16 03:15:21,288 - WARNING - From /home/osos/Mohamed_Masters_Thesis/msc-thesis/agents/dhp.py:133: The name tf.trainable_variables is deprecated. Please use tf.compat.v1.trainable_variables instead.

2025-08-16 03:15:21,300 - WARNING - From /home/osos/Mohamed_Masters_Thesis/msc-thesis/agents/dhp.py:139: The name tf.train.GradientDescentOptimizer is deprecated. Please use tf.compat.v1.train.GradientDescentOptimizer instead.

2025-08-16 03:15:21,341 - WARNING - From /home/osos/Mohamed_Masters_Thesis/msc-thesis/agents/dhp.py:156: The name tf.assign is deprecated. Please use tf.compat.v1.assign instead.

2025-08-16 03:15:21,430 - WARNING - From /home/osos/Mohamed_Masters_Thesis/msc-thesis/agents/dhp.py:79: The name tf.summary.merge_all is deprecated. Please use tf.compat.v1.summary.merge_all instead.

2025-08-16 03:15:21,431 - WARNING - From /home/osos/Mohamed_Masters_Thesis/msc-thesis/agents/dhp.py:80: The name tf.train.Saver is deprecated. Please use tf.compat.v1.train.Saver instead.

2025-08-16 03:15:21,446 - WARNING - From /home/osos/Mohamed_Masters_Thesis/msc-thesis/agents/dhp.py:81: The name tf.global_variables_initializer is deprecated. Please use tf.compat.v1.global_variables_initializer instead.

2025-08-16 03:15:21,509 - INFO - 
Training for 2500 episodes...
2025-08-16 03:15:21,509 - INFO - Episode | Reward  | Avg Cost | Pos Error | Success | Time
2025-08-16 03:15:21,509 - INFO - ------------------------------------------------------------
2025-08-16 03:15:23,163 - INFO -       0 | -16106.89 | 1631.908 |    3.1202 |   0.000 |    1.7s
2025-08-16 03:15:35,585 - INFO - CONVERGENCE EPISODE 8: 0.1692 rad
2025-08-16 03:15:41,590 - INFO - CONVERGENCE EPISODE 12: 0.0034 rad
2025-08-16 03:15:44,925 - INFO - CONVERGENCE EPISODE 15: 0.0001 rad
2025-08-16 03:15:46,469 - INFO - CONVERGENCE EPISODE 17: 0.0004 rad
2025-08-16 03:15:49,583 - INFO - CONVERGENCE EPISODE 19: 0.3723 rad
2025-08-16 03:16:00,163 - INFO - CONVERGENCE EPISODE 26: 0.3451 rad
2025-08-16 03:16:00,575 - INFO - CONVERGENCE EPISODE 27: 0.0026 rad
2025-08-16 03:16:05,129 - INFO - CONVERGENCE EPISODE 30: 0.1827 rad
2025-08-16 03:16:07,463 - INFO - CONVERGENCE EPISODE 32: 0.0018 rad
2025-08-16 03:16:09,443 - INFO - CONVERGENCE EPISODE 34: 0.0007 rad
2025-08-16 03:16:10,975 - INFO - CONVERGENCE EPISODE 35: 0.0735 rad
2025-08-16 03:16:18,822 - INFO - CONVERGENCE EPISODE 41: 0.0009 rad
2025-08-16 03:16:18,865 - INFO - CONVERGENCE EPISODE 42: 0.0004 rad
2025-08-16 03:16:27,875 - INFO - CONVERGENCE EPISODE 48: 0.2767 rad
2025-08-16 03:16:29,819 - INFO - CONVERGENCE EPISODE 50: 0.0012 rad
2025-08-16 03:16:29,819 - INFO -      50 | -804277.13 | 16540.165 |    0.0012 |   0.000 |   68.3s
2025-08-16 03:16:30,613 - INFO - CONVERGENCE EPISODE 51: 0.0016 rad
2025-08-16 03:16:32,129 - INFO - CONVERGENCE EPISODE 52: 0.2139 rad
2025-08-16 03:16:33,680 - INFO - CONVERGENCE EPISODE 53: 0.0707 rad
2025-08-16 03:16:35,795 - INFO - CONVERGENCE EPISODE 55: 0.0028 rad
2025-08-16 03:16:37,322 - INFO - CONVERGENCE EPISODE 56: 0.2322 rad
2025-08-16 03:16:37,611 - INFO - CONVERGENCE EPISODE 57: 0.0021 rad
2025-08-16 03:16:40,667 - INFO - CONVERGENCE EPISODE 59: 0.4724 rad
2025-08-16 03:16:41,385 - INFO - CONVERGENCE EPISODE 60: 0.0023 rad
2025-08-16 03:16:47,506 - INFO - CONVERGENCE EPISODE 64: 0.0673 rad
2025-08-16 03:16:50,552 - INFO - CONVERGENCE EPISODE 66: 0.4180 rad
2025-08-16 03:16:51,144 - INFO - CONVERGENCE EPISODE 67: 0.0005 rad
2025-08-16 03:16:55,656 - INFO - CONVERGENCE EPISODE 70: 0.0016 rad
2025-08-16 03:17:01,391 - INFO - CONVERGENCE EPISODE 74: 0.0011 rad
2025-08-16 03:17:02,918 - INFO - CONVERGENCE EPISODE 75: 0.3076 rad
2025-08-16 03:17:04,931 - INFO - CONVERGENCE EPISODE 77: 0.0001 rad
2025-08-16 03:17:08,342 - INFO - CONVERGENCE EPISODE 80: 0.0029 rad
2025-08-16 03:17:12,917 - INFO - CONVERGENCE EPISODE 83: 0.3948 rad
2025-08-16 03:17:23,557 - INFO - CONVERGENCE EPISODE 90: 0.3476 rad
2025-08-16 03:17:24,060 - INFO - CONVERGENCE EPISODE 91: 0.0016 rad
2025-08-16 03:17:26,625 - INFO - CONVERGENCE EPISODE 93: 0.0021 rad
2025-08-16 03:17:27,509 - INFO - CONVERGENCE EPISODE 94: 0.0012 rad
2025-08-16 03:17:29,047 - INFO - CONVERGENCE EPISODE 95: 0.1150 rad
2025-08-16 03:17:35,114 - INFO - CONVERGENCE EPISODE 99: 0.0444 rad
2025-08-16 03:17:36,634 - INFO - 
2025-08-16 03:17:36,634 - INFO - MILESTONE 100 ANALYSIS:
2025-08-16 03:17:36,634 - INFO -   Recent 50 episodes avg position error: 1.0623 ± 1.0511 rad
2025-08-16 03:17:36,634 - INFO -   Recent 50 episodes avg cost: 13482.867
2025-08-16 03:17:36,634 - INFO -   Recent 50 episodes success rate: 0.00%
2025-08-16 03:17:36,634 - INFO -   Convergent episodes ratio (< 0.5 rad): 46.00%
2025-08-16 03:17:36,634 - INFO -   Total convergent episodes so far: 38
2025-08-16 03:17:36,634 - INFO -   Best performance: 0.0001 rad at episode 15
2025-08-16 03:17:36,634 - INFO -   Stable performance not yet achieved
2025-08-16 03:17:36,634 - INFO - 
2025-08-16 03:17:36,634 - INFO -     100 | -253495.72 | 4424.363 |    1.0001 |   0.000 |  135.1s
2025-08-16 03:17:40,705 - INFO - CONVERGENCE EPISODE 103: 0.0027 rad
2025-08-16 03:17:42,322 - INFO - CONVERGENCE EPISODE 104: 0.4779 rad
2025-08-16 03:17:45,360 - INFO - CONVERGENCE EPISODE 106: 0.1228 rad
2025-08-16 03:17:49,952 - INFO - CONVERGENCE EPISODE 109: 0.2686 rad
2025-08-16 03:17:52,257 - INFO - CONVERGENCE EPISODE 111: 0.0027 rad
2025-08-16 03:17:59,859 - INFO - CONVERGENCE EPISODE 116: 0.0776 rad
2025-08-16 03:18:05,523 - INFO - CONVERGENCE EPISODE 120: 0.0028 rad
2025-08-16 03:18:07,054 - INFO - CONVERGENCE EPISODE 121: 0.3619 rad
2025-08-16 03:18:11,515 - INFO - CONVERGENCE EPISODE 124: 0.3964 rad
2025-08-16 03:18:28,204 - INFO - CONVERGENCE EPISODE 135: 0.2299 rad
2025-08-16 03:18:35,835 - INFO - CONVERGENCE EPISODE 141: 0.0002 rad
2025-08-16 03:18:37,315 - INFO - CONVERGENCE EPISODE 142: 0.3595 rad
2025-08-16 03:18:37,543 - INFO - CONVERGENCE EPISODE 143: 0.0001 rad
2025-08-16 03:18:45,524 - INFO - CONVERGENCE EPISODE 149: 0.0031 rad
2025-08-16 03:18:47,017 - INFO -     150 | -255256.72 | 4105.773 |    0.6808 |   0.000 |  205.5s
2025-08-16 03:18:55,049 - INFO - CONVERGENCE EPISODE 156: 0.0026 rad
2025-08-16 03:19:12,974 - INFO - CONVERGENCE EPISODE 168: 0.2072 rad
2025-08-16 03:19:15,973 - INFO - CONVERGENCE EPISODE 170: 0.3379 rad
2025-08-16 03:19:20,396 - INFO - CONVERGENCE EPISODE 173: 0.0166 rad
2025-08-16 03:19:24,867 - INFO - CONVERGENCE EPISODE 176: 0.1455 rad
2025-08-16 03:19:54,781 - INFO - CONVERGENCE EPISODE 197: 0.0002 rad
2025-08-16 03:19:59,245 - INFO -     200 | -328545.02 | 2812.264 |    0.9498 |   0.000 |  277.7s
2025-08-16 03:20:02,668 - INFO - CONVERGENCE EPISODE 203: 0.0013 rad
2025-08-16 03:20:11,589 - INFO - CONVERGENCE EPISODE 209: 0.0722 rad
2025-08-16 03:20:19,298 - INFO - CONVERGENCE EPISODE 215: 0.0008 rad
2025-08-16 03:20:29,682 - INFO - CONVERGENCE EPISODE 222: 0.1935 rad
2025-08-16 03:20:34,478 - INFO - CONVERGENCE EPISODE 226: 0.0006 rad
2025-08-16 03:20:37,488 - INFO - CONVERGENCE EPISODE 228: 0.4610 rad
2025-08-16 03:20:40,479 - INFO - CONVERGENCE EPISODE 230: 0.3445 rad
2025-08-16 03:20:44,979 - INFO - CONVERGENCE EPISODE 233: 0.2817 rad
2025-08-16 03:20:54,138 - INFO - CONVERGENCE EPISODE 239: 0.0361 rad
2025-08-16 03:20:55,617 - INFO - CONVERGENCE EPISODE 240: 0.0792 rad
2025-08-16 03:20:56,381 - INFO - CONVERGENCE EPISODE 241: 0.0005 rad
2025-08-16 03:21:03,803 - INFO - CONVERGENCE EPISODE 246: 0.1106 rad
2025-08-16 03:21:05,708 - INFO - CONVERGENCE EPISODE 248: 0.0017 rad
2025-08-16 03:21:08,700 - INFO - 
2025-08-16 03:21:08,700 - INFO - MILESTONE 250 ANALYSIS:
2025-08-16 03:21:08,700 - INFO -   Recent 50 episodes avg position error: 1.4033 ± 0.9636 rad
2025-08-16 03:21:08,700 - INFO -   Recent 50 episodes avg cost: 2935.583
2025-08-16 03:21:08,700 - INFO -   Recent 50 episodes success rate: 0.00%
2025-08-16 03:21:08,700 - INFO -   Convergent episodes ratio (< 0.5 rad): 26.00%
2025-08-16 03:21:08,700 - INFO -   Total convergent episodes so far: 71
2025-08-16 03:21:08,700 - INFO -   Best performance: 0.0001 rad at episode 15
2025-08-16 03:21:08,700 - INFO -   Stable performance not yet achieved
2025-08-16 03:21:08,700 - INFO - 
2025-08-16 03:21:08,700 - INFO -     250 | -180654.33 | 2470.052 |    1.9644 |   0.000 |  347.2s
2025-08-16 03:21:10,187 - INFO - CONVERGENCE EPISODE 251: 0.1893 rad
2025-08-16 03:21:11,526 - INFO - CONVERGENCE EPISODE 252: 0.0027 rad
2025-08-16 03:21:14,503 - INFO - CONVERGENCE EPISODE 254: 0.1566 rad
2025-08-16 03:21:20,440 - INFO - CONVERGENCE EPISODE 258: 0.4983 rad
2025-08-16 03:21:32,318 - INFO - CONVERGENCE EPISODE 266: 0.3947 rad
2025-08-16 03:21:42,455 - INFO - CONVERGENCE EPISODE 273: 0.0001 rad
2025-08-16 03:21:44,193 - INFO - CONVERGENCE EPISODE 275: 0.0029 rad
2025-08-16 03:21:48,926 - INFO - CONVERGENCE EPISODE 279: 0.0030 rad
2025-08-16 03:21:59,278 - INFO - CONVERGENCE EPISODE 286: 0.2777 rad
2025-08-16 03:22:03,835 - INFO - CONVERGENCE EPISODE 289: 0.4329 rad
2025-08-16 03:22:05,783 - INFO - CONVERGENCE EPISODE 291: 0.0024 rad
2025-08-16 03:22:06,181 - INFO - CONVERGENCE EPISODE 292: 0.0020 rad
2025-08-16 03:22:06,456 - INFO - CONVERGENCE EPISODE 293: 0.0004 rad
2025-08-16 03:22:10,981 - INFO - CONVERGENCE EPISODE 296: 0.4938 rad
2025-08-16 03:22:12,466 - INFO - CONVERGENCE EPISODE 297: 0.2938 rad
2025-08-16 03:22:16,959 - INFO - CONVERGENCE EPISODE 300: 0.2139 rad
2025-08-16 03:22:16,959 - INFO -     300 | -282639.72 | 4365.544 |    0.2139 |   0.000 |  415.5s
2025-08-16 03:22:51,691 - INFO - CONVERGENCE EPISODE 323: 0.3886 rad
2025-08-16 03:22:54,686 - INFO - CONVERGENCE EPISODE 325: 0.2212 rad
2025-08-16 03:22:57,626 - INFO - CONVERGENCE EPISODE 327: 0.3320 rad
2025-08-16 03:22:59,133 - INFO - CONVERGENCE EPISODE 328: 0.1617 rad
2025-08-16 03:23:02,186 - INFO - CONVERGENCE EPISODE 330: 0.1800 rad
2025-08-16 03:23:06,065 - INFO - CONVERGENCE EPISODE 333: 0.0011 rad
2025-08-16 03:23:11,826 - INFO - CONVERGENCE EPISODE 337: 0.0029 rad
2025-08-16 03:23:13,337 - INFO - CONVERGENCE EPISODE 338: 0.2063 rad
2025-08-16 03:23:19,319 - INFO - CONVERGENCE EPISODE 342: 0.0509 rad
2025-08-16 03:23:19,662 - INFO - CONVERGENCE EPISODE 343: 0.0031 rad
2025-08-16 03:23:20,478 - INFO - CONVERGENCE EPISODE 344: 0.0027 rad
2025-08-16 03:23:23,805 - INFO - CONVERGENCE EPISODE 347: 0.0015 rad
2025-08-16 03:23:26,529 - INFO - CONVERGENCE EPISODE 349: 0.0013 rad
2025-08-16 03:23:26,639 - INFO - CONVERGENCE EPISODE 350: 0.0004 rad
2025-08-16 03:23:26,639 - INFO -     350 | -69801.78 | 4171.047 |    0.0004 |   0.000 |  485.1s
2025-08-16 03:23:40,064 - INFO - CONVERGENCE EPISODE 359: 0.2616 rad
2025-08-16 03:23:52,237 - INFO - CONVERGENCE EPISODE 367: 0.0627 rad
2025-08-16 03:23:54,901 - INFO - CONVERGENCE EPISODE 369: 0.0027 rad
2025-08-16 03:23:56,337 - INFO - CONVERGENCE EPISODE 370: 0.3662 rad
2025-08-16 03:23:57,287 - INFO - CONVERGENCE EPISODE 371: 0.0007 rad
2025-08-16 03:24:00,275 - INFO - CONVERGENCE EPISODE 373: 0.0844 rad
2025-08-16 03:24:04,734 - INFO - CONVERGENCE EPISODE 376: 0.3344 rad
2025-08-16 03:24:06,226 - INFO - CONVERGENCE EPISODE 377: 0.3283 rad
2025-08-16 03:24:10,727 - INFO - CONVERGENCE EPISODE 380: 0.1455 rad
2025-08-16 03:24:18,913 - INFO - CONVERGENCE EPISODE 386: 0.0021 rad
2025-08-16 03:24:27,800 - INFO - CONVERGENCE EPISODE 392: 0.4708 rad
2025-08-16 03:24:28,594 - INFO - CONVERGENCE EPISODE 393: 0.0007 rad
2025-08-16 03:24:39,034 - INFO -     400 | -339149.09 | 3231.434 |    2.3789 |   0.000 |  557.5s
2025-08-16 03:24:42,409 - INFO - CONVERGENCE EPISODE 403: 0.0025 rad
2025-08-16 03:24:46,821 - INFO - CONVERGENCE EPISODE 406: 0.0595 rad
2025-08-16 03:24:54,110 - INFO - CONVERGENCE EPISODE 411: 0.0014 rad
2025-08-16 03:24:55,554 - INFO - CONVERGENCE EPISODE 412: 0.1272 rad
2025-08-16 03:25:02,954 - INFO - CONVERGENCE EPISODE 417: 0.1851 rad
2025-08-16 03:25:14,079 - INFO - CONVERGENCE EPISODE 425: 0.0025 rad
2025-08-16 03:25:15,545 - INFO - CONVERGENCE EPISODE 426: 0.4368 rad
2025-08-16 03:25:22,954 - INFO - CONVERGENCE EPISODE 431: 0.1090 rad
2025-08-16 03:25:33,817 - INFO - CONVERGENCE EPISODE 439: 0.0010 rad
2025-08-16 03:25:37,134 - INFO - CONVERGENCE EPISODE 442: 0.0010 rad
2025-08-16 03:25:46,088 - INFO - CONVERGENCE EPISODE 448: 0.4789 rad
2025-08-16 03:25:47,830 - INFO - CONVERGENCE EPISODE 450: 0.0028 rad
2025-08-16 03:25:47,830 - INFO -     450 | -50929.41 | 2019.563 |    0.0028 |   0.000 |  626.3s
2025-08-16 03:25:56,826 - INFO - CONVERGENCE EPISODE 456: 0.3577 rad
2025-08-16 03:25:58,348 - INFO - CONVERGENCE EPISODE 457: 0.0592 rad
2025-08-16 03:25:58,452 - INFO - CONVERGENCE EPISODE 458: 0.0015 rad
2025-08-16 03:26:02,866 - INFO - CONVERGENCE EPISODE 461: 0.4103 rad
2025-08-16 03:26:04,839 - INFO - CONVERGENCE EPISODE 463: 0.0024 rad
2025-08-16 03:26:19,527 - INFO - CONVERGENCE EPISODE 473: 0.0004 rad
2025-08-16 03:26:22,477 - INFO - CONVERGENCE EPISODE 475: 0.2608 rad
2025-08-16 03:26:27,547 - INFO - CONVERGENCE EPISODE 479: 0.0020 rad
2025-08-16 03:26:32,141 - INFO - CONVERGENCE EPISODE 483: 0.0019 rad
2025-08-16 03:26:35,098 - INFO - CONVERGENCE EPISODE 485: 0.0607 rad
2025-08-16 03:26:42,846 - INFO - CONVERGENCE EPISODE 491: 0.0016 rad
2025-08-16 03:26:47,319 - INFO - CONVERGENCE EPISODE 494: 0.3087 rad
2025-08-16 03:26:50,406 - INFO - CONVERGENCE EPISODE 496: 0.2728 rad
2025-08-16 03:26:51,885 - INFO - CONVERGENCE EPISODE 497: 0.0416 rad
2025-08-16 03:26:52,138 - INFO - CONVERGENCE EPISODE 498: 0.0026 rad
2025-08-16 03:26:55,178 - INFO - 
2025-08-16 03:26:55,178 - INFO - MILESTONE 500 ANALYSIS:
2025-08-16 03:26:55,178 - INFO -   Recent 50 episodes avg position error: 1.2126 ± 0.9411 rad
2025-08-16 03:26:55,179 - INFO -   Recent 50 episodes avg cost: 3173.924
2025-08-16 03:26:55,179 - INFO -   Recent 50 episodes success rate: 0.00%
2025-08-16 03:26:55,179 - INFO -   Convergent episodes ratio (< 0.5 rad): 30.00%
2025-08-16 03:26:55,179 - INFO -   Total convergent episodes so far: 140
2025-08-16 03:26:55,179 - INFO -   Best performance: 0.0001 rad at episode 15
2025-08-16 03:26:55,179 - INFO -   Stable performance not yet achieved
2025-08-16 03:26:55,179 - INFO - 
2025-08-16 03:26:55,179 - INFO -     500 | -209403.70 | 2724.915 |    2.0219 |   0.000 |  693.7s
2025-08-16 03:26:56,133 - INFO - CONVERGENCE EPISODE 501: 0.0007 rad
2025-08-16 03:26:59,122 - INFO - CONVERGENCE EPISODE 503: 0.0761 rad
2025-08-16 03:27:01,083 - INFO - CONVERGENCE EPISODE 505: 0.0013 rad
2025-08-16 03:27:01,130 - INFO - CONVERGENCE EPISODE 506: 0.0021 rad
2025-08-16 03:27:04,091 - INFO - CONVERGENCE EPISODE 508: 0.3297 rad
2025-08-16 03:27:06,451 - INFO - CONVERGENCE EPISODE 510: 0.0027 rad
2025-08-16 03:27:09,408 - INFO - CONVERGENCE EPISODE 512: 0.0656 rad
2025-08-16 03:27:09,635 - INFO - CONVERGENCE EPISODE 513: 0.0002 rad
2025-08-16 03:27:16,997 - INFO - CONVERGENCE EPISODE 518: 0.0013 rad
2025-08-16 03:27:18,508 - INFO - CONVERGENCE EPISODE 519: 0.2444 rad
2025-08-16 03:27:20,438 - INFO - CONVERGENCE EPISODE 521: 0.0019 rad
2025-08-16 03:27:29,392 - INFO - CONVERGENCE EPISODE 527: 0.2482 rad
2025-08-16 03:27:30,898 - INFO - CONVERGENCE EPISODE 528: 0.2932 rad
2025-08-16 03:27:32,408 - INFO - CONVERGENCE EPISODE 529: 0.0206 rad
2025-08-16 03:27:41,297 - INFO - CONVERGENCE EPISODE 535: 0.2515 rad
2025-08-16 03:27:42,887 - INFO - CONVERGENCE EPISODE 536: 0.2936 rad
2025-08-16 03:27:44,365 - INFO - CONVERGENCE EPISODE 537: 0.0187 rad
2025-08-16 03:27:48,896 - INFO - CONVERGENCE EPISODE 540: 0.2447 rad
2025-08-16 03:27:50,378 - INFO - CONVERGENCE EPISODE 541: 0.3246 rad
2025-08-16 03:27:51,880 - INFO - CONVERGENCE EPISODE 542: 0.0349 rad
2025-08-16 03:28:03,849 - INFO - CONVERGENCE EPISODE 550: 0.0538 rad
2025-08-16 03:28:03,849 - INFO -     550 | -281617.92 | 2442.585 |    0.0538 |   0.000 |  762.3s
2025-08-16 03:28:09,293 - INFO - CONVERGENCE EPISODE 554: 0.0023 rad
2025-08-16 03:28:11,025 - INFO - CONVERGENCE EPISODE 556: 0.0027 rad
2025-08-16 03:28:14,017 - INFO - CONVERGENCE EPISODE 558: 0.2541 rad
2025-08-16 03:28:16,955 - INFO - CONVERGENCE EPISODE 560: 0.4028 rad
2025-08-16 03:28:18,002 - INFO - CONVERGENCE EPISODE 561: 0.0010 rad
2025-08-16 03:28:20,972 - INFO - CONVERGENCE EPISODE 563: 0.3214 rad
2025-08-16 03:28:28,835 - INFO - CONVERGENCE EPISODE 569: 0.0013 rad
2025-08-16 03:28:33,234 - INFO - CONVERGENCE EPISODE 572: 0.1629 rad
2025-08-16 03:28:36,320 - INFO - CONVERGENCE EPISODE 575: 0.0027 rad
2025-08-16 03:28:36,986 - INFO - CONVERGENCE EPISODE 576: 0.0031 rad
2025-08-16 03:28:51,992 - INFO - CONVERGENCE EPISODE 586: 0.2484 rad
2025-08-16 03:28:52,210 - INFO - CONVERGENCE EPISODE 587: 0.0008 rad
2025-08-16 03:28:59,752 - INFO - CONVERGENCE EPISODE 592: 0.2818 rad
2025-08-16 03:29:02,683 - INFO - CONVERGENCE EPISODE 594: 0.3580 rad
2025-08-16 03:29:03,414 - INFO - CONVERGENCE EPISODE 595: 0.0020 rad
2025-08-16 03:29:10,901 - INFO -     600 | -215449.87 | 2641.059 |    1.3600 |   0.000 |  829.4s
2025-08-16 03:29:12,398 - INFO - CONVERGENCE EPISODE 601: 0.0711 rad
2025-08-16 03:29:13,944 - INFO - CONVERGENCE EPISODE 602: 0.1440 rad
2025-08-16 03:29:16,943 - INFO - CONVERGENCE EPISODE 604: 0.1533 rad
2025-08-16 03:29:22,234 - INFO - CONVERGENCE EPISODE 608: 0.0021 rad
2025-08-16 03:29:50,889 - INFO - CONVERGENCE EPISODE 628: 0.0005 rad
2025-08-16 03:29:52,377 - INFO - CONVERGENCE EPISODE 629: 0.3660 rad
2025-08-16 03:29:56,849 - INFO - CONVERGENCE EPISODE 632: 0.4531 rad
2025-08-16 03:29:58,372 - INFO - CONVERGENCE EPISODE 633: 0.4340 rad
2025-08-16 03:30:05,795 - INFO - CONVERGENCE EPISODE 638: 0.4718 rad
2025-08-16 03:30:07,281 - INFO - CONVERGENCE EPISODE 639: 0.2437 rad
2025-08-16 03:30:19,246 - INFO - CONVERGENCE EPISODE 647: 0.1832 rad
2025-08-16 03:30:20,453 - INFO - CONVERGENCE EPISODE 648: 0.0013 rad
2025-08-16 03:30:20,644 - INFO - CONVERGENCE EPISODE 649: 0.0005 rad
2025-08-16 03:30:22,130 - INFO -     650 | -286424.47 | 3126.336 |    1.0444 |   0.000 |  900.6s
2025-08-16 03:30:23,635 - INFO - CONVERGENCE EPISODE 651: 0.2790 rad
2025-08-16 03:30:25,458 - INFO - CONVERGENCE EPISODE 653: 0.0017 rad
2025-08-16 03:30:37,480 - INFO - CONVERGENCE EPISODE 661: 0.0360 rad
2025-08-16 03:30:41,995 - INFO - CONVERGENCE EPISODE 664: 0.4543 rad
2025-08-16 03:30:46,515 - INFO - CONVERGENCE EPISODE 667: 0.4107 rad
2025-08-16 03:31:10,704 - INFO - CONVERGENCE EPISODE 684: 0.0007 rad
2025-08-16 03:31:16,727 - INFO - CONVERGENCE EPISODE 688: 0.2487 rad
2025-08-16 03:31:22,786 - INFO - CONVERGENCE EPISODE 692: 0.4617 rad
2025-08-16 03:31:23,155 - INFO - CONVERGENCE EPISODE 693: 0.0002 rad
2025-08-16 03:31:29,219 - INFO - CONVERGENCE EPISODE 698: 0.0007 rad
2025-08-16 03:31:32,171 - INFO -     700 | -331434.97 | 2068.020 |    1.5077 |   0.000 |  970.7s
2025-08-16 03:31:35,176 - INFO - CONVERGENCE EPISODE 702: 0.4920 rad
2025-08-16 03:31:38,223 - INFO - CONVERGENCE EPISODE 704: 0.0629 rad
2025-08-16 03:31:45,984 - INFO - CONVERGENCE EPISODE 710: 0.0005 rad
2025-08-16 03:31:47,202 - INFO - CONVERGENCE EPISODE 711: 0.0005 rad
2025-08-16 03:31:51,654 - INFO - CONVERGENCE EPISODE 714: 0.3863 rad
2025-08-16 03:31:52,088 - INFO - CONVERGENCE EPISODE 715: 0.0020 rad
2025-08-16 03:31:52,788 - INFO - CONVERGENCE EPISODE 716: 0.0023 rad
2025-08-16 03:31:58,750 - INFO - CONVERGENCE EPISODE 720: 0.4006 rad
2025-08-16 03:32:06,202 - INFO - CONVERGENCE EPISODE 725: 0.0740 rad
2025-08-16 03:32:08,104 - INFO - CONVERGENCE EPISODE 727: 0.0015 rad
2025-08-16 03:32:09,611 - INFO - CONVERGENCE EPISODE 728: 0.4534 rad
2025-08-16 03:32:16,254 - INFO - CONVERGENCE EPISODE 733: 0.0016 rad
2025-08-16 03:32:20,783 - INFO - CONVERGENCE EPISODE 736: 0.2089 rad
2025-08-16 03:32:28,286 - INFO - CONVERGENCE EPISODE 741: 0.3141 rad
2025-08-16 03:32:31,240 - INFO - CONVERGENCE EPISODE 743: 0.1920 rad
2025-08-16 03:32:35,865 - INFO - CONVERGENCE EPISODE 746: 0.1121 rad
2025-08-16 03:32:41,794 - INFO - 
2025-08-16 03:32:41,795 - INFO - MILESTONE 750 ANALYSIS:
2025-08-16 03:32:41,795 - INFO -   Recent 50 episodes avg position error: 1.2954 ± 1.0177 rad
2025-08-16 03:32:41,795 - INFO -   Recent 50 episodes avg cost: 3067.182
2025-08-16 03:32:41,795 - INFO -   Recent 50 episodes success rate: 0.00%
2025-08-16 03:32:41,795 - INFO -   Convergent episodes ratio (< 0.5 rad): 32.00%
2025-08-16 03:32:41,795 - INFO -   Total convergent episodes so far: 215
2025-08-16 03:32:41,795 - INFO -   Best performance: 0.0001 rad at episode 15
2025-08-16 03:32:41,795 - INFO -   Stable performance not yet achieved
2025-08-16 03:32:41,795 - INFO - 
2025-08-16 03:32:41,795 - INFO -     750 | -348151.14 | 3028.337 |    1.6138 |   0.000 | 1040.3s
2025-08-16 03:32:54,750 - INFO - CONVERGENCE EPISODE 759: 0.0005 rad
2025-08-16 03:32:57,778 - INFO - CONVERGENCE EPISODE 761: 0.0567 rad
2025-08-16 03:33:08,328 - INFO - CONVERGENCE EPISODE 769: 0.0023 rad
2025-08-16 03:33:11,283 - INFO - CONVERGENCE EPISODE 771: 0.2646 rad
2025-08-16 03:33:17,538 - INFO - CONVERGENCE EPISODE 776: 0.0029 rad
2025-08-16 03:33:19,421 - INFO - CONVERGENCE EPISODE 778: 0.0025 rad
2025-08-16 03:33:31,320 - INFO - CONVERGENCE EPISODE 786: 0.3470 rad
2025-08-16 03:33:32,825 - INFO - CONVERGENCE EPISODE 787: 0.0348 rad
2025-08-16 03:33:33,146 - INFO - CONVERGENCE EPISODE 788: 0.0003 rad
2025-08-16 03:33:40,164 - INFO - CONVERGENCE EPISODE 793: 0.0012 rad
2025-08-16 03:33:47,647 - INFO - CONVERGENCE EPISODE 798: 0.3766 rad
2025-08-16 03:33:50,725 - INFO -     800 | -217158.77 | 4291.824 |    2.0765 |   0.000 | 1109.2s
2025-08-16 03:33:53,734 - INFO - CONVERGENCE EPISODE 802: 0.0196 rad
2025-08-16 03:33:59,750 - INFO - CONVERGENCE EPISODE 806: 0.4618 rad
2025-08-16 03:34:01,847 - INFO - CONVERGENCE EPISODE 808: 0.0012 rad
2025-08-16 03:34:06,752 - INFO - CONVERGENCE EPISODE 812: 0.0017 rad
2025-08-16 03:34:14,255 - INFO - CONVERGENCE EPISODE 817: 0.3084 rad
2025-08-16 03:34:18,723 - INFO - CONVERGENCE EPISODE 820: 0.1765 rad
2025-08-16 03:34:25,093 - INFO - CONVERGENCE EPISODE 825: 0.0029 rad
2025-08-16 03:34:29,560 - INFO - CONVERGENCE EPISODE 828: 0.0031 rad
2025-08-16 03:34:33,981 - INFO - CONVERGENCE EPISODE 831: 0.4635 rad
2025-08-16 03:34:35,485 - INFO - CONVERGENCE EPISODE 832: 0.1293 rad
2025-08-16 03:34:42,565 - INFO - CONVERGENCE EPISODE 837: 0.0017 rad
2025-08-16 03:34:51,644 - INFO - CONVERGENCE EPISODE 843: 0.2315 rad
2025-08-16 03:34:57,650 - INFO - CONVERGENCE EPISODE 847: 0.3351 rad
2025-08-16 03:34:58,440 - INFO - CONVERGENCE EPISODE 848: 0.0012 rad
2025-08-16 03:34:59,944 - INFO - CONVERGENCE EPISODE 849: 0.1187 rad
2025-08-16 03:35:01,432 - INFO -     850 | -194585.72 | 2629.545 |    3.0362 |   0.000 | 1179.9s
2025-08-16 03:35:04,409 - INFO - CONVERGENCE EPISODE 852: 0.1423 rad
2025-08-16 03:35:04,529 - INFO - CONVERGENCE EPISODE 853: 0.0017 rad
2025-08-16 03:35:14,940 - INFO - CONVERGENCE EPISODE 860: 0.1901 rad
2025-08-16 03:35:15,073 - INFO - CONVERGENCE EPISODE 861: 0.0015 rad
2025-08-16 03:35:15,106 - INFO - CONVERGENCE EPISODE 862: 0.0004 rad
2025-08-16 03:35:22,578 - INFO - CONVERGENCE EPISODE 867: 0.1364 rad
2025-08-16 03:35:29,988 - INFO - CONVERGENCE EPISODE 872: 0.3386 rad
2025-08-16 03:35:39,390 - INFO - CONVERGENCE EPISODE 879: 0.0008 rad
2025-08-16 03:35:40,204 - INFO - CONVERGENCE EPISODE 880: 0.0023 rad
2025-08-16 03:35:55,450 - INFO - CONVERGENCE EPISODE 890: 0.1133 rad
2025-08-16 03:35:57,716 - INFO - CONVERGENCE EPISODE 892: 0.0026 rad
2025-08-16 03:35:57,881 - INFO - CONVERGENCE EPISODE 893: 0.0031 rad
2025-08-16 03:36:00,251 - INFO - CONVERGENCE EPISODE 895: 0.0025 rad
2025-08-16 03:36:02,345 - INFO - CONVERGENCE EPISODE 897: 0.0018 rad
2025-08-16 03:36:03,337 - INFO - CONVERGENCE EPISODE 898: 0.0019 rad
2025-08-16 03:36:04,802 - INFO - CONVERGENCE EPISODE 899: 0.0502 rad
2025-08-16 03:36:06,278 - INFO -     900 | -217394.60 | 1231.986 |    1.9678 |   0.000 | 1244.8s
2025-08-16 03:36:09,392 - INFO - CONVERGENCE EPISODE 903: 0.0019 rad
2025-08-16 03:36:10,199 - INFO - CONVERGENCE EPISODE 904: 0.0018 rad
2025-08-16 03:36:13,201 - INFO - CONVERGENCE EPISODE 906: 0.1645 rad
2025-08-16 03:36:17,659 - INFO - CONVERGENCE EPISODE 909: 0.0355 rad
2025-08-16 03:36:20,656 - INFO - CONVERGENCE EPISODE 911: 0.3820 rad
2025-08-16 03:36:29,555 - INFO - CONVERGENCE EPISODE 917: 0.2191 rad
2025-08-16 03:36:29,875 - INFO - CONVERGENCE EPISODE 918: 0.0026 rad
2025-08-16 03:36:36,725 - INFO - CONVERGENCE EPISODE 923: 0.0026 rad
2025-08-16 03:36:41,516 - INFO - CONVERGENCE EPISODE 927: 0.0003 rad
2025-08-16 03:36:43,116 - INFO - CONVERGENCE EPISODE 928: 0.4734 rad
2025-08-16 03:36:46,975 - INFO - CONVERGENCE EPISODE 931: 0.0021 rad
2025-08-16 03:36:55,075 - INFO - CONVERGENCE EPISODE 937: 0.0005 rad
2025-08-16 03:36:59,563 - INFO - CONVERGENCE EPISODE 940: 0.2251 rad
2025-08-16 03:37:01,071 - INFO - CONVERGENCE EPISODE 941: 0.3468 rad
2025-08-16 03:37:05,007 - INFO - CONVERGENCE EPISODE 944: 0.0019 rad
2025-08-16 03:37:05,051 - INFO - CONVERGENCE EPISODE 945: 0.0027 rad
2025-08-16 03:37:12,475 - INFO -     950 | -199681.10 | 2640.282 |    2.6425 |   0.000 | 1311.0s
2025-08-16 03:37:25,855 - INFO - CONVERGENCE EPISODE 959: 0.4618 rad
2025-08-16 03:37:35,334 - INFO - CONVERGENCE EPISODE 966: 0.0027 rad
2025-08-16 03:37:44,281 - INFO - CONVERGENCE EPISODE 972: 0.2830 rad
2025-08-16 03:37:45,108 - INFO - CONVERGENCE EPISODE 973: 0.0011 rad
2025-08-16 03:37:51,085 - INFO - CONVERGENCE EPISODE 977: 0.0057 rad
2025-08-16 03:37:58,515 - INFO - CONVERGENCE EPISODE 982: 0.1211 rad
2025-08-16 03:38:01,471 - INFO - CONVERGENCE EPISODE 984: 0.2327 rad
2025-08-16 03:38:04,517 - INFO - CONVERGENCE EPISODE 986: 0.4916 rad
2025-08-16 03:38:05,560 - INFO - CONVERGENCE EPISODE 987: 0.0030 rad
2025-08-16 03:38:05,835 - INFO - CONVERGENCE EPISODE 988: 0.0007 rad
2025-08-16 03:38:15,836 - INFO - CONVERGENCE EPISODE 995: 0.0027 rad
2025-08-16 03:38:19,241 - INFO - CONVERGENCE EPISODE 998: 0.0015 rad
2025-08-16 03:38:22,233 - INFO - CONVERGENCE EPISODE 1000: 0.4497 rad
2025-08-16 03:38:22,234 - INFO - 
2025-08-16 03:38:22,234 - INFO - MILESTONE 1000 ANALYSIS:
2025-08-16 03:38:22,234 - INFO -   Recent 50 episodes avg position error: 1.3336 ± 0.9401 rad
2025-08-16 03:38:22,234 - INFO -   Recent 50 episodes avg cost: 3267.411
2025-08-16 03:38:22,234 - INFO -   Recent 50 episodes success rate: 0.00%
2025-08-16 03:38:22,234 - INFO -   Convergent episodes ratio (< 0.5 rad): 26.00%
2025-08-16 03:38:22,234 - INFO -   Total convergent episodes so far: 286
2025-08-16 03:38:22,234 - INFO -   Best performance: 0.0001 rad at episode 15
2025-08-16 03:38:22,234 - INFO -   Stable performance not yet achieved
2025-08-16 03:38:22,234 - INFO - 
2025-08-16 03:38:22,234 - INFO -    1000 | -223797.58 | 4237.392 |    0.4497 |   0.000 | 1380.7s
2025-08-16 03:38:28,172 - INFO - CONVERGENCE EPISODE 1004: 0.0824 rad
2025-08-16 03:38:35,605 - INFO - CONVERGENCE EPISODE 1009: 0.1620 rad
2025-08-16 03:38:39,033 - INFO - CONVERGENCE EPISODE 1012: 0.0013 rad
2025-08-16 03:38:48,096 - INFO - CONVERGENCE EPISODE 1018: 0.3035 rad
2025-08-16 03:38:49,603 - INFO - CONVERGENCE EPISODE 1019: 0.3333 rad
2025-08-16 03:38:52,597 - INFO - CONVERGENCE EPISODE 1021: 0.0315 rad
2025-08-16 03:38:56,846 - INFO - CONVERGENCE EPISODE 1024: 0.0014 rad
2025-08-16 03:38:58,350 - INFO - CONVERGENCE EPISODE 1025: 0.3479 rad
2025-08-16 03:39:13,201 - INFO - CONVERGENCE EPISODE 1035: 0.3517 rad
2025-08-16 03:39:20,016 - INFO - CONVERGENCE EPISODE 1040: 0.0027 rad
2025-08-16 03:39:32,485 - INFO - CONVERGENCE EPISODE 1049: 0.0003 rad
2025-08-16 03:39:34,002 - INFO -    1050 | -263492.65 | 4126.759 |    2.9355 |   0.000 | 1452.5s
2025-08-16 03:39:37,973 - INFO - CONVERGENCE EPISODE 1053: 0.0025 rad
2025-08-16 03:39:42,506 - INFO - CONVERGENCE EPISODE 1056: 0.4212 rad
2025-08-16 03:39:55,758 - INFO - CONVERGENCE EPISODE 1065: 0.0008 rad
2025-08-16 03:39:57,276 - INFO - CONVERGENCE EPISODE 1066: 0.2519 rad
2025-08-16 03:40:00,274 - INFO - CONVERGENCE EPISODE 1068: 0.2759 rad
2025-08-16 03:40:03,237 - INFO - CONVERGENCE EPISODE 1070: 0.0709 rad
2025-08-16 03:40:09,531 - INFO - CONVERGENCE EPISODE 1075: 0.0022 rad
2025-08-16 03:40:10,590 - INFO - CONVERGENCE EPISODE 1076: 0.0026 rad
2025-08-16 03:40:25,502 - INFO - CONVERGENCE EPISODE 1086: 0.0301 rad
2025-08-16 03:40:27,797 - INFO - CONVERGENCE EPISODE 1088: 0.0015 rad
2025-08-16 03:40:29,306 - INFO - CONVERGENCE EPISODE 1089: 0.3539 rad
2025-08-16 03:40:30,799 - INFO - CONVERGENCE EPISODE 1090: 0.4768 rad
2025-08-16 03:40:40,787 - INFO - CONVERGENCE EPISODE 1097: 0.0031 rad
2025-08-16 03:40:45,349 - INFO -    1100 | -182732.61 | 3988.798 |    2.0092 |   0.000 | 1523.8s
2025-08-16 03:40:49,828 - INFO - CONVERGENCE EPISODE 1103: 0.0698 rad
2025-08-16 03:40:52,801 - INFO - CONVERGENCE EPISODE 1105: 0.2504 rad
2025-08-16 03:40:55,822 - INFO - CONVERGENCE EPISODE 1107: 0.0778 rad
2025-08-16 03:41:00,311 - INFO - CONVERGENCE EPISODE 1110: 0.3367 rad
2025-08-16 03:41:05,139 - INFO - CONVERGENCE EPISODE 1114: 0.0005 rad
2025-08-16 03:41:30,438 - INFO - CONVERGENCE EPISODE 1131: 0.0724 rad
2025-08-16 03:41:34,907 - INFO - CONVERGENCE EPISODE 1134: 0.1608 rad
2025-08-16 03:41:36,480 - INFO - CONVERGENCE EPISODE 1136: 0.0008 rad
2025-08-16 03:41:36,768 - INFO - CONVERGENCE EPISODE 1137: 0.0024 rad
2025-08-16 03:41:51,630 - INFO - CONVERGENCE EPISODE 1147: 0.4877 rad
2025-08-16 03:41:56,089 - INFO -    1150 | -338479.92 | 3241.345 |    2.0759 |   0.000 | 1594.6s
2025-08-16 03:41:57,577 - INFO - CONVERGENCE EPISODE 1151: 0.3246 rad
2025-08-16 03:42:00,544 - INFO - CONVERGENCE EPISODE 1153: 0.2275 rad
2025-08-16 03:42:03,559 - INFO - CONVERGENCE EPISODE 1155: 0.1998 rad
2025-08-16 03:42:05,067 - INFO - CONVERGENCE EPISODE 1156: 0.0002 rad
2025-08-16 03:42:08,831 - INFO - CONVERGENCE EPISODE 1159: 0.0004 rad
2025-08-16 03:42:16,314 - INFO - CONVERGENCE EPISODE 1164: 0.4079 rad
2025-08-16 03:42:27,932 - INFO - CONVERGENCE EPISODE 1172: 0.0008 rad
2025-08-16 03:42:28,828 - INFO - CONVERGENCE EPISODE 1173: 0.0029 rad
2025-08-16 03:42:29,725 - INFO - CONVERGENCE EPISODE 1174: 0.0023 rad
2025-08-16 03:42:31,215 - INFO - CONVERGENCE EPISODE 1175: 0.4640 rad
2025-08-16 03:42:50,870 - INFO - CONVERGENCE EPISODE 1188: 0.3174 rad
2025-08-16 03:42:59,808 - INFO - CONVERGENCE EPISODE 1194: 0.3929 rad
2025-08-16 03:43:05,807 - INFO - CONVERGENCE EPISODE 1198: 0.1476 rad
2025-08-16 03:43:08,830 - INFO -    1200 | -331812.13 | 2991.425 |    0.9820 |   0.000 | 1667.3s
2025-08-16 03:43:10,324 - INFO - CONVERGENCE EPISODE 1201: 0.0930 rad
2025-08-16 03:43:17,790 - INFO - CONVERGENCE EPISODE 1207: 0.0008 rad
2025-08-16 03:43:32,587 - INFO - CONVERGENCE EPISODE 1217: 0.3894 rad
2025-08-16 03:43:40,149 - INFO - CONVERGENCE EPISODE 1223: 0.0009 rad
2025-08-16 03:43:47,624 - INFO - CONVERGENCE EPISODE 1228: 0.0629 rad
2025-08-16 03:43:48,611 - INFO - CONVERGENCE EPISODE 1229: 0.0006 rad
2025-08-16 03:43:51,700 - INFO - CONVERGENCE EPISODE 1232: 0.0000 rad
2025-08-16 03:43:53,245 - INFO - CONVERGENCE EPISODE 1234: 0.0013 rad
2025-08-16 03:44:02,108 - INFO - CONVERGENCE EPISODE 1240: 0.2438 rad
2025-08-16 03:44:17,142 - INFO - 
2025-08-16 03:44:17,142 - INFO - MILESTONE 1250 ANALYSIS:
2025-08-16 03:44:17,142 - INFO -   Recent 50 episodes avg position error: 1.6299 ± 0.9484 rad
2025-08-16 03:44:17,142 - INFO -   Recent 50 episodes avg cost: 3066.526
2025-08-16 03:44:17,142 - INFO -   Recent 50 episodes success rate: 0.00%
2025-08-16 03:44:17,142 - INFO -   Convergent episodes ratio (< 0.5 rad): 18.00%
2025-08-16 03:44:17,142 - INFO -   Total convergent episodes so far: 342
2025-08-16 03:44:17,142 - INFO -   Best performance: 0.0000 rad at episode 1232
2025-08-16 03:44:17,142 - INFO -   Stable performance not yet achieved
2025-08-16 03:44:17,142 - INFO - 
2025-08-16 03:44:17,142 - INFO -    1250 | -210831.15 | 4130.288 |    2.9134 |   0.000 | 1735.6s
2025-08-16 03:44:26,162 - INFO - CONVERGENCE EPISODE 1256: 0.0754 rad
2025-08-16 03:44:27,645 - INFO - CONVERGENCE EPISODE 1257: 0.1383 rad
2025-08-16 03:44:32,215 - INFO - CONVERGENCE EPISODE 1260: 0.0594 rad
2025-08-16 03:44:41,154 - INFO - CONVERGENCE EPISODE 1266: 0.0166 rad
2025-08-16 03:45:00,514 - INFO - CONVERGENCE EPISODE 1279: 0.0849 rad
2025-08-16 03:45:03,510 - INFO - CONVERGENCE EPISODE 1281: 0.3048 rad
2025-08-16 03:45:07,963 - INFO - CONVERGENCE EPISODE 1285: 0.0026 rad
2025-08-16 03:45:10,954 - INFO - CONVERGENCE EPISODE 1287: 0.0189 rad
2025-08-16 03:45:17,289 - INFO - CONVERGENCE EPISODE 1292: 0.0030 rad
2025-08-16 03:45:21,783 - INFO - CONVERGENCE EPISODE 1295: 0.0051 rad
2025-08-16 03:45:26,200 - INFO - CONVERGENCE EPISODE 1298: 0.0919 rad
2025-08-16 03:45:29,163 - INFO -    1300 | -339270.81 | 2844.639 |    1.1226 |   0.000 | 1807.7s
2025-08-16 03:45:34,546 - INFO - CONVERGENCE EPISODE 1304: 0.0010 rad
2025-08-16 03:45:40,454 - INFO - CONVERGENCE EPISODE 1308: 0.0431 rad
2025-08-16 03:45:48,614 - INFO - CONVERGENCE EPISODE 1314: 0.0014 rad
2025-08-16 03:45:50,123 - INFO - CONVERGENCE EPISODE 1315: 0.4240 rad
2025-08-16 03:45:56,150 - INFO - CONVERGENCE EPISODE 1319: 0.4092 rad
2025-08-16 03:46:08,322 - INFO - CONVERGENCE EPISODE 1327: 0.4251 rad
2025-08-16 03:46:15,801 - INFO - CONVERGENCE EPISODE 1332: 0.0356 rad
2025-08-16 03:46:20,988 - INFO - CONVERGENCE EPISODE 1336: 0.0010 rad
2025-08-16 03:46:26,443 - INFO - CONVERGENCE EPISODE 1340: 0.0024 rad
2025-08-16 03:46:29,925 - INFO - CONVERGENCE EPISODE 1343: 0.0019 rad
2025-08-16 03:46:30,894 - INFO - CONVERGENCE EPISODE 1344: 0.0030 rad
2025-08-16 03:46:33,875 - INFO - CONVERGENCE EPISODE 1346: 0.0075 rad
2025-08-16 03:46:35,353 - INFO - CONVERGENCE EPISODE 1347: 0.4003 rad
2025-08-16 03:46:36,826 - INFO - CONVERGENCE EPISODE 1348: 0.1428 rad
2025-08-16 03:46:39,820 - INFO -    1350 | -245462.01 | 2652.722 |    2.4551 |   0.000 | 1878.3s
2025-08-16 03:46:50,295 - INFO - CONVERGENCE EPISODE 1357: 0.1281 rad
2025-08-16 03:46:53,545 - INFO - CONVERGENCE EPISODE 1360: 0.0024 rad
2025-08-16 03:46:55,333 - INFO - CONVERGENCE EPISODE 1362: 0.0026 rad
2025-08-16 03:46:59,808 - INFO - CONVERGENCE EPISODE 1365: 0.4574 rad
2025-08-16 03:47:05,995 - INFO - CONVERGENCE EPISODE 1370: 0.0022 rad
2025-08-16 03:47:12,139 - INFO - CONVERGENCE EPISODE 1375: 0.0017 rad
2025-08-16 03:47:13,661 - INFO - CONVERGENCE EPISODE 1376: 0.4424 rad
2025-08-16 03:47:19,595 - INFO - CONVERGENCE EPISODE 1380: 0.2430 rad
2025-08-16 03:47:34,505 - INFO - CONVERGENCE EPISODE 1390: 0.0765 rad
2025-08-16 03:47:42,560 - INFO - CONVERGENCE EPISODE 1396: 0.0028 rad
2025-08-16 03:47:48,614 - INFO -    1400 | -336939.27 | 4605.720 |    1.5493 |   0.000 | 1947.1s
2025-08-16 03:48:11,121 - INFO - CONVERGENCE EPISODE 1415: 0.4092 rad
2025-08-16 03:48:17,054 - INFO - CONVERGENCE EPISODE 1419: 0.1521 rad
2025-08-16 03:48:18,567 - INFO - CONVERGENCE EPISODE 1420: 0.2186 rad
2025-08-16 03:48:23,032 - INFO - CONVERGENCE EPISODE 1423: 0.0317 rad
2025-08-16 03:48:24,532 - INFO - CONVERGENCE EPISODE 1424: 0.1736 rad
2025-08-16 03:48:27,497 - INFO - CONVERGENCE EPISODE 1426: 0.3119 rad
2025-08-16 03:48:30,458 - INFO - CONVERGENCE EPISODE 1428: 0.0745 rad
2025-08-16 03:48:33,423 - INFO - CONVERGENCE EPISODE 1430: 0.3372 rad
2025-08-16 03:48:58,454 - INFO - CONVERGENCE EPISODE 1447: 0.0016 rad
2025-08-16 03:49:01,891 - INFO - CONVERGENCE EPISODE 1450: 0.0018 rad
2025-08-16 03:49:01,892 - INFO -    1450 | -122519.94 | 1729.550 |    0.0018 |   0.000 | 2020.4s
2025-08-16 03:49:03,394 - INFO - CONVERGENCE EPISODE 1451: 0.0723 rad
2025-08-16 03:49:10,830 - INFO - CONVERGENCE EPISODE 1456: 0.4024 rad
2025-08-16 03:49:25,767 - INFO - CONVERGENCE EPISODE 1467: 0.0001 rad
2025-08-16 03:49:39,487 - INFO - CONVERGENCE EPISODE 1477: 0.0003 rad
2025-08-16 03:49:41,197 - INFO - CONVERGENCE EPISODE 1479: 0.0023 rad
2025-08-16 03:49:42,739 - INFO - CONVERGENCE EPISODE 1480: 0.0667 rad
2025-08-16 03:49:43,577 - INFO - CONVERGENCE EPISODE 1481: 0.0008 rad
2025-08-16 03:49:56,981 - INFO - CONVERGENCE EPISODE 1490: 0.4072 rad
2025-08-16 03:50:00,123 - INFO - CONVERGENCE EPISODE 1492: 0.3973 rad
2025-08-16 03:50:06,075 - INFO - CONVERGENCE EPISODE 1496: 0.4826 rad
2025-08-16 03:50:10,643 - INFO - CONVERGENCE EPISODE 1499: 0.0373 rad
2025-08-16 03:50:11,883 - INFO - CONVERGENCE EPISODE 1500: 0.0007 rad
2025-08-16 03:50:11,883 - INFO - 
2025-08-16 03:50:11,883 - INFO - MILESTONE 1500 ANALYSIS:
2025-08-16 03:50:11,883 - INFO -   Recent 50 episodes avg position error: 1.4984 ± 0.9717 rad
2025-08-16 03:50:11,883 - INFO -   Recent 50 episodes avg cost: 3433.701
2025-08-16 03:50:11,883 - INFO -   Recent 50 episodes success rate: 0.00%
2025-08-16 03:50:11,883 - INFO -   Convergent episodes ratio (< 0.5 rad): 24.00%
2025-08-16 03:50:11,883 - INFO -   Total convergent episodes so far: 399
2025-08-16 03:50:11,883 - INFO -   Best performance: 0.0000 rad at episode 1232
2025-08-16 03:50:11,883 - INFO -   Stable performance not yet achieved
2025-08-16 03:50:11,883 - INFO - 
2025-08-16 03:50:11,883 - INFO -    1500 | -248406.65 | 1831.300 |    0.0007 |   0.000 | 2090.4s
2025-08-16 03:50:13,394 - INFO - CONVERGENCE EPISODE 1501: 0.2707 rad
2025-08-16 03:50:23,832 - INFO - CONVERGENCE EPISODE 1508: 0.1369 rad
2025-08-16 03:50:26,436 - INFO - CONVERGENCE EPISODE 1510: 0.0011 rad
2025-08-16 03:50:33,862 - INFO - CONVERGENCE EPISODE 1515: 0.4830 rad
2025-08-16 03:50:36,816 - INFO - CONVERGENCE EPISODE 1517: 0.4432 rad
2025-08-16 03:50:48,899 - INFO - CONVERGENCE EPISODE 1525: 0.4172 rad
2025-08-16 03:51:05,896 - INFO - CONVERGENCE EPISODE 1537: 0.0018 rad
2025-08-16 03:51:06,211 - INFO - CONVERGENCE EPISODE 1538: 0.0001 rad
2025-08-16 03:51:10,245 - INFO - CONVERGENCE EPISODE 1541: 0.0010 rad
2025-08-16 03:51:18,175 - INFO - CONVERGENCE EPISODE 1547: 0.0003 rad
2025-08-16 03:51:21,004 - INFO - CONVERGENCE EPISODE 1549: 0.0018 rad
2025-08-16 03:51:21,260 - INFO - CONVERGENCE EPISODE 1550: 0.0007 rad
2025-08-16 03:51:21,261 - INFO -    1550 | -58124.63 | 1694.813 |    0.0007 |   0.000 | 2159.8s
2025-08-16 03:51:27,744 - INFO - CONVERGENCE EPISODE 1555: 0.0025 rad
2025-08-16 03:51:33,705 - INFO - CONVERGENCE EPISODE 1559: 0.2072 rad
2025-08-16 03:51:36,666 - INFO - CONVERGENCE EPISODE 1561: 0.0316 rad
2025-08-16 03:51:44,190 - INFO - CONVERGENCE EPISODE 1566: 0.2231 rad
2025-08-16 03:51:45,679 - INFO - CONVERGENCE EPISODE 1567: 0.2082 rad
2025-08-16 03:51:46,815 - INFO - CONVERGENCE EPISODE 1568: 0.0023 rad
2025-08-16 03:51:48,309 - INFO - CONVERGENCE EPISODE 1569: 0.1831 rad
2025-08-16 03:51:49,610 - INFO - CONVERGENCE EPISODE 1570: 0.0014 rad
2025-08-16 03:51:53,270 - INFO - CONVERGENCE EPISODE 1573: 0.0022 rad
2025-08-16 03:51:55,480 - INFO - CONVERGENCE EPISODE 1575: 0.0005 rad
2025-08-16 03:52:14,388 - INFO - CONVERGENCE EPISODE 1588: 0.0026 rad
2025-08-16 03:52:21,878 - INFO - CONVERGENCE EPISODE 1593: 0.2564 rad
2025-08-16 03:52:23,013 - INFO - CONVERGENCE EPISODE 1594: 0.0006 rad
2025-08-16 03:52:23,411 - INFO - CONVERGENCE EPISODE 1595: 0.0028 rad
2025-08-16 03:52:29,393 - INFO - CONVERGENCE EPISODE 1599: 0.0982 rad
2025-08-16 03:52:30,844 - INFO -    1600 | -155499.13 | 2349.291 |    1.3511 |   0.000 | 2229.3s
2025-08-16 03:52:32,358 - INFO - CONVERGENCE EPISODE 1601: 0.0496 rad
2025-08-16 03:52:37,497 - INFO - CONVERGENCE EPISODE 1605: 0.0023 rad
2025-08-16 03:52:40,462 - INFO - CONVERGENCE EPISODE 1607: 0.0794 rad
2025-08-16 03:52:47,964 - INFO - CONVERGENCE EPISODE 1612: 0.4535 rad
2025-08-16 03:52:58,508 - INFO - CONVERGENCE EPISODE 1619: 0.3193 rad
2025-08-16 03:52:58,721 - INFO - CONVERGENCE EPISODE 1620: 0.0019 rad
2025-08-16 03:53:01,664 - INFO - CONVERGENCE EPISODE 1622: 0.4545 rad
2025-08-16 03:53:03,194 - INFO - CONVERGENCE EPISODE 1623: 0.3410 rad
2025-08-16 03:53:06,818 - INFO - CONVERGENCE EPISODE 1626: 0.0004 rad
2025-08-16 03:53:15,726 - INFO - CONVERGENCE EPISODE 1632: 0.3563 rad
2025-08-16 03:53:21,656 - INFO - CONVERGENCE EPISODE 1636: 0.2887 rad
2025-08-16 03:53:31,733 - INFO - CONVERGENCE EPISODE 1643: 0.0018 rad
2025-08-16 03:53:33,840 - INFO - CONVERGENCE EPISODE 1645: 0.0010 rad
2025-08-16 03:53:41,275 - INFO -    1650 | -24523.72 | 2316.345 |    2.4791 |   0.000 | 2299.8s
2025-08-16 03:53:57,091 - INFO - CONVERGENCE EPISODE 1661: 0.0014 rad
2025-08-16 03:54:01,516 - INFO - CONVERGENCE EPISODE 1664: 0.1645 rad
2025-08-16 03:54:06,020 - INFO - CONVERGENCE EPISODE 1667: 0.2293 rad
2025-08-16 03:54:09,182 - INFO - CONVERGENCE EPISODE 1670: 0.0027 rad
2025-08-16 03:54:09,189 - INFO - CONVERGENCE EPISODE 1671: 0.0008 rad
2025-08-16 03:54:19,419 - INFO - CONVERGENCE EPISODE 1678: 0.0011 rad
2025-08-16 03:54:29,302 - INFO - CONVERGENCE EPISODE 1685: 0.0004 rad
2025-08-16 03:54:32,284 - INFO - CONVERGENCE EPISODE 1687: 0.3699 rad
2025-08-16 03:54:47,418 - INFO - CONVERGENCE EPISODE 1698: 0.0015 rad
2025-08-16 03:54:50,459 - INFO -    1700 | -25137.56 | 1653.053 |    1.0712 |   0.000 | 2368.9s
2025-08-16 03:54:54,934 - INFO - CONVERGENCE EPISODE 1703: 0.3897 rad
2025-08-16 03:55:03,876 - INFO - CONVERGENCE EPISODE 1709: 0.3615 rad
2025-08-16 03:55:05,354 - INFO - CONVERGENCE EPISODE 1710: 0.1821 rad
2025-08-16 03:55:14,296 - INFO - CONVERGENCE EPISODE 1716: 0.3463 rad
2025-08-16 03:55:15,781 - INFO - CONVERGENCE EPISODE 1717: 0.0063 rad
2025-08-16 03:55:33,594 - INFO - CONVERGENCE EPISODE 1729: 0.1057 rad
2025-08-16 03:55:41,064 - INFO - CONVERGENCE EPISODE 1734: 0.2755 rad
2025-08-16 03:55:41,145 - INFO - CONVERGENCE EPISODE 1735: 0.0010 rad
2025-08-16 03:55:56,418 - INFO - CONVERGENCE EPISODE 1746: 0.0009 rad
2025-08-16 03:56:00,900 - INFO - CONVERGENCE EPISODE 1749: 0.3212 rad
2025-08-16 03:56:02,406 - INFO -    1750 | -20383.07 | 1552.406 |    0.7995 |   0.000 | 2440.9s
2025-08-16 03:56:10,075 - INFO - CONVERGENCE EPISODE 1756: 0.0026 rad
2025-08-16 03:56:17,512 - INFO - CONVERGENCE EPISODE 1761: 0.2577 rad
2025-08-16 03:56:29,909 - INFO - CONVERGENCE EPISODE 1770: 0.0021 rad
2025-08-16 03:56:35,779 - INFO - CONVERGENCE EPISODE 1774: 0.0731 rad
2025-08-16 03:56:37,636 - INFO - CONVERGENCE EPISODE 1776: 0.0022 rad
2025-08-16 03:56:45,199 - INFO - CONVERGENCE EPISODE 1782: 0.0012 rad
2025-08-16 03:56:46,702 - INFO - CONVERGENCE EPISODE 1783: 0.4620 rad
2025-08-16 03:56:56,390 - INFO - CONVERGENCE EPISODE 1790: 0.0028 rad
2025-08-16 03:57:11,382 - INFO - CONVERGENCE EPISODE 1800: 0.2846 rad
2025-08-16 03:57:11,383 - INFO -    1800 | -22589.49 | 3604.516 |    0.2846 |   0.000 | 2509.9s
2025-08-16 03:57:12,862 - INFO - CONVERGENCE EPISODE 1801: 0.4584 rad
2025-08-16 03:57:25,790 - INFO - CONVERGENCE EPISODE 1810: 0.0001 rad
2025-08-16 03:57:30,432 - INFO - CONVERGENCE EPISODE 1814: 0.0027 rad
2025-08-16 03:57:37,673 - INFO - CONVERGENCE EPISODE 1819: 0.0014 rad
2025-08-16 03:57:40,675 - INFO - CONVERGENCE EPISODE 1821: 0.3931 rad
2025-08-16 03:58:09,099 - INFO - CONVERGENCE EPISODE 1840: 0.4884 rad
2025-08-16 03:58:11,999 - INFO - CONVERGENCE EPISODE 1842: 0.0013 rad
2025-08-16 03:58:13,519 - INFO - CONVERGENCE EPISODE 1843: 0.2512 rad
2025-08-16 03:58:15,027 - INFO - CONVERGENCE EPISODE 1844: 0.4131 rad
2025-08-16 03:58:21,055 - INFO - CONVERGENCE EPISODE 1849: 0.0024 rad
2025-08-16 03:58:22,556 - INFO -    1850 | -21133.42 | 3313.674 |    2.0488 |   0.000 | 2581.0s
2025-08-16 03:58:24,056 - INFO - CONVERGENCE EPISODE 1851: 0.4968 rad
2025-08-16 03:58:27,034 - INFO - CONVERGENCE EPISODE 1853: 0.1077 rad
2025-08-16 03:58:28,543 - INFO - CONVERGENCE EPISODE 1854: 0.0371 rad
2025-08-16 03:58:32,885 - INFO - CONVERGENCE EPISODE 1857: 0.0017 rad
2025-08-16 03:58:39,624 - INFO - CONVERGENCE EPISODE 1862: 0.0028 rad
2025-08-16 03:58:41,153 - INFO - CONVERGENCE EPISODE 1863: 0.0101 rad
2025-08-16 03:58:48,623 - INFO - CONVERGENCE EPISODE 1868: 0.2958 rad
2025-08-16 03:59:14,156 - INFO - CONVERGENCE EPISODE 1885: 0.2480 rad
2025-08-16 03:59:21,560 - INFO - CONVERGENCE EPISODE 1890: 0.3318 rad
2025-08-16 03:59:23,052 - INFO - CONVERGENCE EPISODE 1891: 0.0237 rad
2025-08-16 03:59:25,989 - INFO - CONVERGENCE EPISODE 1893: 0.4760 rad
2025-08-16 03:59:33,173 - INFO - CONVERGENCE EPISODE 1898: 0.0012 rad
2025-08-16 03:59:36,139 - INFO - CONVERGENCE EPISODE 1900: 0.3316 rad
2025-08-16 03:59:36,140 - INFO -    1900 | -20941.20 | 3226.238 |    0.3316 |   0.000 | 2654.6s
2025-08-16 03:59:43,107 - INFO - CONVERGENCE EPISODE 1905: 0.0027 rad
2025-08-16 03:59:53,706 - INFO - CONVERGENCE EPISODE 1912: 0.0492 rad
2025-08-16 04:00:01,145 - INFO - CONVERGENCE EPISODE 1917: 0.1784 rad
2025-08-16 04:00:11,649 - INFO - CONVERGENCE EPISODE 1924: 0.0009 rad
2025-08-16 04:00:21,169 - INFO - CONVERGENCE EPISODE 1931: 0.0022 rad
2025-08-16 04:00:33,363 - INFO - CONVERGENCE EPISODE 1940: 0.0030 rad
2025-08-16 04:00:40,799 - INFO - CONVERGENCE EPISODE 1945: 0.0634 rad
2025-08-16 04:00:42,366 - INFO - CONVERGENCE EPISODE 1946: 0.1625 rad
2025-08-16 04:00:48,266 - INFO -    1950 | -26201.73 | 2972.571 |    1.0795 |   0.000 | 2726.8s
2025-08-16 04:00:52,835 - INFO - CONVERGENCE EPISODE 1953: 0.2498 rad
2025-08-16 04:00:57,975 - INFO - CONVERGENCE EPISODE 1957: 0.0007 rad
2025-08-16 04:01:00,988 - INFO - CONVERGENCE EPISODE 1959: 0.0541 rad
2025-08-16 04:01:05,648 - INFO - CONVERGENCE EPISODE 1963: 0.0023 rad
2025-08-16 04:01:06,936 - INFO - CONVERGENCE EPISODE 1964: 0.0018 rad
2025-08-16 04:01:11,402 - INFO - CONVERGENCE EPISODE 1967: 0.4520 rad
2025-08-16 04:01:15,866 - INFO - CONVERGENCE EPISODE 1970: 0.1726 rad
2025-08-16 04:01:29,312 - INFO - CONVERGENCE EPISODE 1979: 0.1195 rad
2025-08-16 04:01:38,261 - INFO - CONVERGENCE EPISODE 1985: 0.3050 rad
2025-08-16 04:01:38,531 - INFO - CONVERGENCE EPISODE 1986: 0.0013 rad
2025-08-16 04:01:41,473 - INFO - CONVERGENCE EPISODE 1988: 0.2810 rad
2025-08-16 04:01:43,041 - INFO - CONVERGENCE EPISODE 1989: 0.3714 rad
2025-08-16 04:01:51,786 - INFO - CONVERGENCE EPISODE 1995: 0.0006 rad
2025-08-16 04:01:55,845 - INFO - CONVERGENCE EPISODE 1998: 0.0030 rad
2025-08-16 04:01:58,832 - INFO -    2000 | -15361.55 | 1771.447 |    1.4579 |   0.000 | 2797.3s
2025-08-16 04:02:09,281 - INFO - CONVERGENCE EPISODE 2007: 0.3963 rad
2025-08-16 04:02:18,440 - INFO - CONVERGENCE EPISODE 2014: 0.0001 rad
2025-08-16 04:02:19,945 - INFO - CONVERGENCE EPISODE 2015: 0.0656 rad
2025-08-16 04:02:21,459 - INFO - CONVERGENCE EPISODE 2016: 0.1544 rad
2025-08-16 04:02:30,322 - INFO - CONVERGENCE EPISODE 2022: 0.2738 rad
2025-08-16 04:02:39,826 - INFO - CONVERGENCE EPISODE 2029: 0.0023 rad
2025-08-16 04:02:45,893 - INFO - CONVERGENCE EPISODE 2033: 0.1750 rad
2025-08-16 04:02:47,834 - INFO - CONVERGENCE EPISODE 2035: 0.0006 rad
2025-08-16 04:02:59,796 - INFO - CONVERGENCE EPISODE 2043: 0.0117 rad
2025-08-16 04:03:04,987 - INFO - CONVERGENCE EPISODE 2047: 0.0008 rad
2025-08-16 04:03:09,468 - INFO - CONVERGENCE EPISODE 2050: 0.0460 rad
2025-08-16 04:03:09,468 - INFO -    2050 | -14766.77 | 1754.475 |    0.0460 |   0.000 | 2868.0s
2025-08-16 04:03:12,508 - INFO - CONVERGENCE EPISODE 2052: 0.0443 rad
2025-08-16 04:03:14,045 - INFO - CONVERGENCE EPISODE 2053: 0.0128 rad
2025-08-16 04:03:15,965 - INFO - CONVERGENCE EPISODE 2055: 0.0018 rad
2025-08-16 04:03:20,486 - INFO - CONVERGENCE EPISODE 2058: 0.0000 rad
2025-08-16 04:03:24,965 - INFO - CONVERGENCE EPISODE 2061: 0.0791 rad
2025-08-16 04:03:29,504 - INFO - CONVERGENCE EPISODE 2064: 0.0858 rad
2025-08-16 04:03:35,538 - INFO - CONVERGENCE EPISODE 2068: 0.0816 rad
2025-08-16 04:03:41,327 - INFO - CONVERGENCE EPISODE 2072: 0.0004 rad
2025-08-16 04:03:45,916 - INFO - CONVERGENCE EPISODE 2075: 0.0477 rad
2025-08-16 04:03:50,432 - INFO - CONVERGENCE EPISODE 2078: 0.0313 rad
2025-08-16 04:04:03,213 - INFO - CONVERGENCE EPISODE 2087: 0.0022 rad
2025-08-16 04:04:12,206 - INFO - CONVERGENCE EPISODE 2093: 0.1040 rad
2025-08-16 04:04:17,557 - INFO - CONVERGENCE EPISODE 2097: 0.0017 rad
2025-08-16 04:04:19,587 - INFO - CONVERGENCE EPISODE 2099: 0.0015 rad
2025-08-16 04:04:21,076 - INFO -    2100 | -3137100.81 | 22194.664 |    2.7156 |   0.000 | 2939.6s
2025-08-16 04:04:21,961 - INFO - CONVERGENCE EPISODE 2101: 0.0007 rad
2025-08-16 04:04:26,484 - INFO - CONVERGENCE EPISODE 2104: 0.4662 rad
2025-08-16 04:04:27,955 - INFO - CONVERGENCE EPISODE 2105: 0.3535 rad
2025-08-16 04:04:30,977 - INFO - CONVERGENCE EPISODE 2107: 0.4530 rad
2025-08-16 04:04:41,294 - INFO - CONVERGENCE EPISODE 2114: 0.0017 rad
2025-08-16 04:04:42,847 - INFO - CONVERGENCE EPISODE 2115: 0.2051 rad
2025-08-16 04:04:56,338 - INFO - CONVERGENCE EPISODE 2125: 0.0007 rad
2025-08-16 04:05:15,689 - INFO - CONVERGENCE EPISODE 2138: 0.3319 rad
2025-08-16 04:05:17,231 - INFO - CONVERGENCE EPISODE 2139: 0.3019 rad
2025-08-16 04:05:17,249 - INFO - CONVERGENCE EPISODE 2140: 0.0005 rad
2025-08-16 04:05:25,664 - INFO - CONVERGENCE EPISODE 2146: 0.0026 rad
2025-08-16 04:05:26,926 - INFO - CONVERGENCE EPISODE 2147: 0.0020 rad
2025-08-16 04:05:31,404 - INFO -    2150 | -3247194.66 | 12665.608 |    2.1814 |   0.000 | 3009.9s
2025-08-16 04:05:32,366 - INFO - CONVERGENCE EPISODE 2151: 0.0014 rad
2025-08-16 04:05:37,103 - INFO - CONVERGENCE EPISODE 2155: 0.0021 rad
2025-08-16 04:05:47,854 - INFO - CONVERGENCE EPISODE 2162: 0.0019 rad
2025-08-16 04:05:50,806 - INFO - CONVERGENCE EPISODE 2164: 0.0020 rad
2025-08-16 04:05:51,441 - INFO - CONVERGENCE EPISODE 2165: 0.0013 rad
2025-08-16 04:05:53,122 - INFO - CONVERGENCE EPISODE 2166: 0.0531 rad
2025-08-16 04:05:53,747 - INFO - CONVERGENCE EPISODE 2167: 0.0021 rad
2025-08-16 04:05:54,271 - INFO - CONVERGENCE EPISODE 2168: 0.0021 rad
2025-08-16 04:05:54,405 - INFO - CONVERGENCE EPISODE 2169: 0.0029 rad
2025-08-16 04:05:54,423 - INFO - CONVERGENCE EPISODE 2170: 0.0008 rad
2025-08-16 04:05:58,920 - INFO - CONVERGENCE EPISODE 2173: 0.0016 rad
2025-08-16 04:06:00,573 - INFO - CONVERGENCE EPISODE 2175: 0.0020 rad
2025-08-16 04:06:07,039 - INFO - CONVERGENCE EPISODE 2180: 0.0003 rad
2025-08-16 04:06:10,176 - INFO - CONVERGENCE EPISODE 2182: 0.0656 rad
2025-08-16 04:06:14,962 - INFO - CONVERGENCE EPISODE 2186: 0.0002 rad
2025-08-16 04:06:19,216 - INFO - CONVERGENCE EPISODE 2189: 0.0030 rad
2025-08-16 04:06:19,703 - INFO - CONVERGENCE EPISODE 2190: 0.0022 rad
2025-08-16 04:06:22,809 - INFO - CONVERGENCE EPISODE 2192: 0.0296 rad
2025-08-16 04:06:28,050 - INFO - CONVERGENCE EPISODE 2196: 0.0025 rad
2025-08-16 04:06:31,085 - INFO - CONVERGENCE EPISODE 2198: 0.0004 rad
2025-08-16 04:06:34,393 - INFO -    2200 | -3282997.90 | 18348.623 |    2.1914 |   0.000 | 3072.9s
2025-08-16 04:06:42,258 - INFO - CONVERGENCE EPISODE 2205: 0.1737 rad
2025-08-16 04:06:42,551 - INFO - CONVERGENCE EPISODE 2206: 0.0008 rad
2025-08-16 04:06:43,714 - INFO - CONVERGENCE EPISODE 2207: 0.0002 rad
2025-08-16 04:06:49,945 - INFO - CONVERGENCE EPISODE 2211: 0.0024 rad
2025-08-16 04:06:53,366 - INFO - CONVERGENCE EPISODE 2213: 0.2170 rad
2025-08-16 04:07:06,467 - INFO - CONVERGENCE EPISODE 2221: 0.0030 rad
2025-08-16 04:07:11,819 - INFO - CONVERGENCE EPISODE 2225: 0.0001 rad
2025-08-16 04:07:16,774 - INFO - CONVERGENCE EPISODE 2228: 0.0972 rad
2025-08-16 04:07:17,478 - INFO - CONVERGENCE EPISODE 2229: 0.0025 rad
2025-08-16 04:07:25,177 - INFO - CONVERGENCE EPISODE 2234: 0.0498 rad
2025-08-16 04:07:31,316 - INFO - CONVERGENCE EPISODE 2238: 0.0025 rad
2025-08-16 04:07:34,550 - INFO - CONVERGENCE EPISODE 2240: 0.0008 rad
2025-08-16 04:07:37,819 - INFO - CONVERGENCE EPISODE 2242: 0.0019 rad
2025-08-16 04:07:41,168 - INFO - CONVERGENCE EPISODE 2244: 0.2400 rad
2025-08-16 04:07:42,923 - INFO - CONVERGENCE EPISODE 2245: 0.4824 rad
2025-08-16 04:07:43,795 - INFO - CONVERGENCE EPISODE 2246: 0.0008 rad
2025-08-16 04:07:45,879 - INFO - CONVERGENCE EPISODE 2248: 0.0012 rad
2025-08-16 04:07:47,657 - INFO - CONVERGENCE EPISODE 2249: 0.1575 rad
2025-08-16 04:07:49,388 - INFO - CONVERGENCE EPISODE 2250: 0.0153 rad
2025-08-16 04:07:49,388 - INFO -    2250 | -39177.04 | 2163.652 |    0.0153 |   0.000 | 3147.9s
2025-08-16 04:07:57,018 - INFO - CONVERGENCE EPISODE 2255: 0.0023 rad
2025-08-16 04:08:03,405 - INFO - CONVERGENCE EPISODE 2259: 0.2764 rad
2025-08-16 04:08:14,415 - INFO - CONVERGENCE EPISODE 2266: 0.0821 rad
2025-08-16 04:08:17,686 - INFO - CONVERGENCE EPISODE 2269: 0.0018 rad
2025-08-16 04:08:22,380 - INFO - CONVERGENCE EPISODE 2272: 0.2867 rad
2025-08-16 04:08:25,645 - INFO - CONVERGENCE EPISODE 2274: 0.2633 rad
2025-08-16 04:08:31,853 - INFO - CONVERGENCE EPISODE 2278: 0.4566 rad
2025-08-16 04:08:33,498 - INFO - CONVERGENCE EPISODE 2279: 0.3775 rad
2025-08-16 04:08:38,371 - INFO - CONVERGENCE EPISODE 2282: 0.0872 rad
2025-08-16 04:09:04,482 - INFO - CONVERGENCE EPISODE 2299: 0.0023 rad
2025-08-16 04:09:06,132 - INFO -    2300 | -3302460.79 | 21003.080 |    2.9584 |   0.000 | 3224.6s
2025-08-16 04:09:08,897 - INFO - CONVERGENCE EPISODE 2302: 0.0009 rad
2025-08-16 04:09:10,510 - INFO - CONVERGENCE EPISODE 2303: 0.1968 rad
2025-08-16 04:09:19,236 - INFO - CONVERGENCE EPISODE 2309: 0.0031 rad
2025-08-16 04:09:25,979 - INFO - CONVERGENCE EPISODE 2314: 0.0014 rad
2025-08-16 04:09:29,107 - INFO - CONVERGENCE EPISODE 2316: 0.4146 rad
2025-08-16 04:09:38,204 - INFO - CONVERGENCE EPISODE 2322: 0.1686 rad
2025-08-16 04:09:43,976 - INFO - CONVERGENCE EPISODE 2326: 0.0012 rad
2025-08-16 04:09:45,556 - INFO - CONVERGENCE EPISODE 2327: 0.3813 rad
2025-08-16 04:09:48,682 - INFO - CONVERGENCE EPISODE 2329: 0.4749 rad
2025-08-16 04:10:00,887 - INFO - CONVERGENCE EPISODE 2338: 0.0012 rad
2025-08-16 04:10:02,499 - INFO - CONVERGENCE EPISODE 2339: 0.0081 rad
2025-08-16 04:10:04,150 - INFO - CONVERGENCE EPISODE 2340: 0.0143 rad
2025-08-16 04:10:08,443 - INFO - CONVERGENCE EPISODE 2343: 0.0005 rad
2025-08-16 04:10:10,971 - INFO - CONVERGENCE EPISODE 2345: 0.0029 rad
2025-08-16 04:10:17,109 - INFO - CONVERGENCE EPISODE 2349: 0.4152 rad
2025-08-16 04:10:18,744 - INFO -    2350 | -4447.87 | 3151.223 |    1.5866 |   0.000 | 3297.2s
2025-08-16 04:10:19,937 - INFO - CONVERGENCE EPISODE 2351: 0.0028 rad
2025-08-16 04:10:21,570 - INFO - CONVERGENCE EPISODE 2352: 0.4976 rad
2025-08-16 04:10:45,766 - INFO - CONVERGENCE EPISODE 2368: 0.3352 rad
2025-08-16 04:10:50,389 - INFO - CONVERGENCE EPISODE 2371: 0.3679 rad
2025-08-16 04:10:55,130 - INFO - CONVERGENCE EPISODE 2374: 0.0914 rad
2025-08-16 04:10:59,751 - INFO - CONVERGENCE EPISODE 2377: 0.1583 rad
2025-08-16 04:11:16,280 - INFO - CONVERGENCE EPISODE 2388: 0.2184 rad
2025-08-16 04:11:16,945 - INFO - CONVERGENCE EPISODE 2389: 0.0024 rad
2025-08-16 04:11:20,187 - INFO - CONVERGENCE EPISODE 2392: 0.0016 rad
2025-08-16 04:11:23,342 - INFO - CONVERGENCE EPISODE 2394: 0.3611 rad
2025-08-16 04:11:26,619 - INFO - CONVERGENCE EPISODE 2397: 0.0015 rad
2025-08-16 04:11:28,232 - INFO - CONVERGENCE EPISODE 2398: 0.3101 rad
2025-08-16 04:11:31,305 - INFO -    2400 | -3321369.73 | 20684.483 |    1.0844 |   0.000 | 3369.8s
2025-08-16 04:11:41,298 - INFO - CONVERGENCE EPISODE 2407: 0.0000 rad
2025-08-16 04:11:45,561 - INFO - CONVERGENCE EPISODE 2410: 0.0014 rad
2025-08-16 04:11:48,709 - INFO - CONVERGENCE EPISODE 2412: 0.3277 rad
2025-08-16 04:11:53,142 - INFO - CONVERGENCE EPISODE 2415: 0.0029 rad
2025-08-16 04:11:56,252 - INFO - CONVERGENCE EPISODE 2417: 0.2062 rad
2025-08-16 04:12:05,403 - INFO - CONVERGENCE EPISODE 2423: 0.1276 rad
2025-08-16 04:12:06,087 - INFO - CONVERGENCE EPISODE 2424: 0.0018 rad
2025-08-16 04:12:10,850 - INFO - CONVERGENCE EPISODE 2428: 0.0027 rad
2025-08-16 04:12:12,442 - INFO - CONVERGENCE EPISODE 2429: 0.0257 rad
2025-08-16 04:12:15,439 - INFO - CONVERGENCE EPISODE 2431: 0.0014 rad
2025-08-16 04:12:23,116 - INFO - CONVERGENCE EPISODE 2436: 0.0603 rad
2025-08-16 04:12:24,739 - INFO - CONVERGENCE EPISODE 2437: 0.4733 rad
2025-08-16 04:12:26,928 - INFO - CONVERGENCE EPISODE 2439: 0.0009 rad
2025-08-16 04:12:30,092 - INFO - CONVERGENCE EPISODE 2441: 0.2110 rad
2025-08-16 04:12:43,784 - INFO - CONVERGENCE EPISODE 2450: 0.0634 rad
2025-08-16 04:12:43,785 - INFO -    2450 | -22330.78 | 1832.459 |    0.0634 |   0.000 | 3442.3s
2025-08-16 04:12:45,414 - INFO - CONVERGENCE EPISODE 2451: 0.3354 rad
2025-08-16 04:12:48,545 - INFO - CONVERGENCE EPISODE 2453: 0.3320 rad
2025-08-16 04:12:53,301 - INFO - CONVERGENCE EPISODE 2456: 0.0409 rad
2025-08-16 04:12:56,376 - INFO - CONVERGENCE EPISODE 2458: 0.2716 rad
2025-08-16 04:13:00,086 - INFO - CONVERGENCE EPISODE 2461: 0.0007 rad
2025-08-16 04:13:09,570 - INFO - CONVERGENCE EPISODE 2468: 0.0008 rad
2025-08-16 04:13:10,906 - INFO - CONVERGENCE EPISODE 2469: 0.0031 rad
2025-08-16 04:13:14,001 - INFO - CONVERGENCE EPISODE 2471: 0.4953 rad
2025-08-16 04:13:23,103 - INFO - CONVERGENCE EPISODE 2477: 0.3511 rad
2025-08-16 04:13:27,680 - INFO - CONVERGENCE EPISODE 2480: 0.2184 rad
2025-08-16 04:13:33,863 - INFO - CONVERGENCE EPISODE 2484: 0.4696 rad
2025-08-16 04:13:35,485 - INFO - CONVERGENCE EPISODE 2486: 0.0029 rad
2025-08-16 04:13:40,060 - INFO - CONVERGENCE EPISODE 2489: 0.3914 rad
2025-08-16 04:13:47,679 - INFO - CONVERGENCE EPISODE 2494: 0.1350 rad
2025-08-16 04:13:55,332 - INFO - CONVERGENCE EPISODE 2499: 0.3534 rad
2025-08-16 04:13:55,332 - INFO - 
================================================================================
2025-08-16 04:13:55,332 - INFO - TRAINING COMPLETED - FINAL ANALYSIS
2025-08-16 04:13:55,332 - INFO - ================================================================================
2025-08-16 04:13:55,332 - INFO - Total training time: 3513.8 seconds (58.6 minutes)
2025-08-16 04:13:55,332 - INFO - Final episode reward: -517751.23
2025-08-16 04:13:55,332 - INFO - Final position error: 0.3534 rad
2025-08-16 04:13:55,332 - INFO - Final success rate: 0.000
2025-08-16 04:13:55,332 - INFO - Best position error achieved: 0.0000 rad at episode 2058
2025-08-16 04:13:55,332 - INFO - Total convergent episodes (< 0.5 rad): 655/2500 (26.20%)
2025-08-16 04:13:55,333 - INFO - Recent success rate (last 100 episodes): 0.00%
2025-08-16 04:13:55,333 - INFO - Stable performance achieved: No
2025-08-16 04:13:55,333 - INFO - Position error statistics:
2025-08-16 04:13:55,333 - INFO -   Mean: 1.3708 rad (78.5°)
2025-08-16 04:13:55,333 - INFO -   Std:  0.9872 rad (56.6°)
2025-08-16 04:13:55,333 - INFO -   Min:  0.0000 rad (0.0°)
2025-08-16 04:13:55,333 - INFO -   Max:  3.1405 rad (179.9°)
2025-08-16 04:13:55,333 - INFO -   Median: 1.3609 rad (78.0°)
2025-08-16 04:13:55,334 - INFO - Performance distribution:
2025-08-16 04:13:55,334 - INFO -   Excellent (< 0.1 rad / 5.7°): 388 episodes (15.5%)
2025-08-16 04:13:55,334 - INFO -   Good (0.1-0.3 rad / 5.7°-17.2°): 127 episodes (5.1%)
2025-08-16 04:13:55,334 - INFO -   Acceptable (0.3-0.5 rad / 17.2°-28.6°): 140 episodes (5.6%)
2025-08-16 04:13:55,334 - INFO -   Poor (> 0.5 rad / 28.6°): 1845 episodes (73.8%)
2025-08-16 04:13:55,334 - INFO - 
TRAINING CONFIGURATION EFFECTIVENESS:
2025-08-16 04:13:55,334 - INFO - ----------------------------------------
2025-08-16 04:13:55,334 - INFO - Episodes needed for first convergence: 8
2025-08-16 04:13:55,334 - INFO - Excitation phase ended at episode: 15
2025-08-16 04:13:55,351 - INFO - Training metrics saved to: /home/osos/Mohamed_Masters_Thesis/DHP_pendulum/training_logs/dhp_pendulum_metrics_20250816_041355.json
2025-08-16 04:13:55,352 - INFO - 
BEST MODEL CONFIRMED:
2025-08-16 04:13:55,352 - INFO -   Episode: 2058
2025-08-16 04:13:55,352 - INFO -   Position Error: 0.0000 rad (0.0°)
2025-08-16 04:13:55,352 - INFO -   Model files: dhp_pendulum_best_*
2025-08-16 04:13:55,352 - INFO - ================================================================================
2025-08-16 04:13:55,352 - INFO - TRAINING SESSION COMPLETED
2025-08-16 04:13:55,352 - INFO - Detailed log saved to: /home/osos/Mohamed_Masters_Thesis/DHP_pendulum/training_logs/dhp_pendulum_training_20250816_031521.log
2025-08-16 04:13:55,352 - INFO - ================================================================================
2025-08-16 04:13:55,353 - ERROR - Failed to record session-best episode 2058: not enough values to unpack (expected 5, got 4)
2025-08-16 04:13:55,443 - INFO - Model saved with state normalization ENABLED
