2025-08-15 16:54:10,245 - INFO - ================================================================================
2025-08-15 16:54:10,245 - INFO - DHP PENDULUM TRAINING SESSION STARTED
2025-08-15 16:54:10,245 - INFO - ================================================================================
2025-08-15 16:54:10,245 - INFO - HYPERPARAMETERS:
2025-08-15 16:54:10,245 - INFO - ----------------------------------------
2025-08-15 16:54:10,245 - INFO - action_size              : 1
2025-08-15 16:54:10,245 - INFO - activation               : relu
2025-08-15 16:54:10,245 - INFO - best_episode_gui         : False
2025-08-15 16:54:10,245 - INFO - episode_length           : 200
2025-08-15 16:54:10,245 - INFO - excitation_amplitude     : 0.2
2025-08-15 16:54:10,245 - INFO - excitation_steps         : 7500
2025-08-15 16:54:10,245 - INFO - fixed_target             : 3.141592653589793
2025-08-15 16:54:10,245 - INFO - gamma                    : 0.95
2025-08-15 16:54:10,245 - INFO - gui                      : False
2025-08-15 16:54:10,245 - INFO - hidden_layer_size        : [64, 64, 32]
2025-08-15 16:54:10,245 - INFO - log_interval             : 50
2025-08-15 16:54:10,245 - INFO - lr_actor                 : 0.005
2025-08-15 16:54:10,246 - INFO - lr_critic                : 0.01
2025-08-15 16:54:10,246 - INFO - max_steps                : 200
2025-08-15 16:54:10,246 - INFO - normalize_states         : True
2025-08-15 16:54:10,246 - INFO - num_episodes             : 1500
2025-08-15 16:54:10,246 - INFO - predict_delta            : False
2025-08-15 16:54:10,246 - INFO - record                   : False
2025-08-15 16:54:10,246 - INFO - record_best_episodes     : True
2025-08-15 16:54:10,246 - INFO - recording_fps            : 30
2025-08-15 16:54:10,246 - INFO - reference_size           : 3
2025-08-15 16:54:10,246 - INFO - rls_action_size          : 1
2025-08-15 16:54:10,246 - INFO - rls_covariance           : 100.0
2025-08-15 16:54:10,246 - INFO - rls_gamma                : 0.9995
2025-08-15 16:54:10,246 - INFO - rls_state_size           : 3
2025-08-15 16:54:10,246 - INFO - save_interval            : 200
2025-08-15 16:54:10,246 - INFO - split                    : False
2025-08-15 16:54:10,246 - INFO - state_bounds             : {'cos_theta': [-1.0, 1.0], 'sin_theta': [-1.0, 1.0], 'theta_dot': [-8.0, 8.0]}
2025-08-15 16:54:10,246 - INFO - state_size               : 3
2025-08-15 16:54:10,246 - INFO - target_network           : True
2025-08-15 16:54:10,246 - INFO - tau                      : 0.001
2025-08-15 16:54:10,246 - INFO - update_cycles            : 2
2025-08-15 16:54:10,246 - INFO - ----------------------------------------
2025-08-15 16:54:10,246 - INFO - Log file: /home/osos/Mohamed_Masters_Thesis/DHP_pendulum/training_logs/dhp_pendulum_training_20250815_165410.log
2025-08-15 16:54:10,246 - INFO - ================================================================================
2025-08-15 16:54:10,247 - INFO - 
CONFIGURATION OVERRIDES APPLIED:
2025-08-15 16:54:10,247 - INFO -   num_episodes: 400
2025-08-15 16:54:10,247 - INFO -   episode_length: 200
2025-08-15 16:54:10,247 - INFO -   max_steps: 200
2025-08-15 16:54:10,247 - INFO -   excitation_steps: 7500
2025-08-15 16:54:10,247 - INFO -   excitation_amplitude: 0.2
2025-08-15 16:54:10,247 - INFO -   log_interval: 50
2025-08-15 16:54:10,247 - INFO -   save_interval: 200
2025-08-15 16:54:10,247 - INFO -   gui: False
2025-08-15 16:54:10,247 - INFO -   record: False
2025-08-15 16:54:10,247 - INFO -   normalize_states: True
2025-08-15 16:54:10,247 - INFO -   record_best_episodes: True
2025-08-15 16:54:10,247 - INFO -   lr_critic: 0.01
2025-08-15 16:54:10,247 - INFO -   lr_actor: 0.005
2025-08-15 16:54:10,247 - INFO -   hidden_layer_size: [64, 64, 32]
2025-08-15 16:54:10,247 - INFO -   gamma: 0.95
2025-08-15 16:54:10,247 - INFO -   update_cycles: 2
2025-08-15 16:54:10,247 - INFO -   tau: 0.001
2025-08-15 16:54:10,247 - INFO - 
==================================================
2025-08-15 16:54:10,247 - INFO - STARTING DHP TRAINING FOR PENDULUM
2025-08-15 16:54:10,247 - INFO - ==================================================
2025-08-15 16:54:10,250 - WARNING - From /home/osos/Mohamed_Masters_Thesis/msc-thesis/agents/dhp.py:70: The name tf.Session is deprecated. Please use tf.compat.v1.Session instead.

2025-08-15 16:54:10,355 - WARNING - From /home/osos/Mohamed_Masters_Thesis/msc-thesis/agents/dhp.py:100: The name tf.placeholder is deprecated. Please use tf.compat.v1.placeholder instead.

2025-08-15 16:54:10,356 - WARNING - From /home/osos/Mohamed_Masters_Thesis/msc-thesis/agents/dhp.py:102: The name tf.placeholder_with_default is deprecated. Please use tf.compat.v1.placeholder_with_default instead.

2025-08-15 16:54:10,359 - WARNING - From /home/osos/Mohamed_Masters_Thesis/msc-thesis/agents/dhp.py:124: The name tf.variable_scope is deprecated. Please use tf.compat.v1.variable_scope instead.

2025-08-15 16:54:10,359 - WARNING - From /home/osos/Mohamed_Masters_Thesis/msc-thesis/agents/dhp.py:128: dense (from tensorflow.python.layers.core) is deprecated and will be removed in a future version.
Instructions for updating:
Use keras.layers.Dense instead.
2025-08-15 16:54:10,360 - WARNING - From /home/osos/anaconda3/envs/DHP/lib/python3.7/site-packages/tensorflow_core/python/layers/core.py:187: Layer.apply (from tensorflow.python.keras.engine.base_layer) is deprecated and will be removed in a future version.
Instructions for updating:
Please use `layer.__call__` method instead.
2025-08-15 16:54:10,386 - WARNING - From /home/osos/Mohamed_Masters_Thesis/msc-thesis/agents/dhp.py:133: The name tf.trainable_variables is deprecated. Please use tf.compat.v1.trainable_variables instead.

2025-08-15 16:54:10,397 - WARNING - From /home/osos/Mohamed_Masters_Thesis/msc-thesis/agents/dhp.py:139: The name tf.train.GradientDescentOptimizer is deprecated. Please use tf.compat.v1.train.GradientDescentOptimizer instead.

2025-08-15 16:54:10,425 - WARNING - From /home/osos/Mohamed_Masters_Thesis/msc-thesis/agents/dhp.py:156: The name tf.assign is deprecated. Please use tf.compat.v1.assign instead.

2025-08-15 16:54:10,485 - WARNING - From /home/osos/Mohamed_Masters_Thesis/msc-thesis/agents/dhp.py:79: The name tf.summary.merge_all is deprecated. Please use tf.compat.v1.summary.merge_all instead.

2025-08-15 16:54:10,485 - WARNING - From /home/osos/Mohamed_Masters_Thesis/msc-thesis/agents/dhp.py:80: The name tf.train.Saver is deprecated. Please use tf.compat.v1.train.Saver instead.

2025-08-15 16:54:10,497 - WARNING - From /home/osos/Mohamed_Masters_Thesis/msc-thesis/agents/dhp.py:81: The name tf.global_variables_initializer is deprecated. Please use tf.compat.v1.global_variables_initializer instead.

2025-08-15 16:54:10,541 - INFO - 
Training for 400 episodes...
2025-08-15 16:54:10,541 - INFO - Episode | Reward  | Avg Cost | Pos Error | Success | Time
2025-08-15 16:54:10,541 - INFO - ------------------------------------------------------------
2025-08-15 16:54:11,854 - INFO - CONVERGENCE EPISODE 0: 0.4211 rad
2025-08-15 16:54:11,854 - INFO -       0 |  -36.95 |    3.337 |    0.4211 |   0.000 |    1.3s
2025-08-15 16:54:13,824 - INFO - CONVERGENCE EPISODE 2: 0.4096 rad
2025-08-15 16:54:14,808 - INFO - CONVERGENCE EPISODE 3: 0.1632 rad
2025-08-15 16:54:17,761 - INFO - CONVERGENCE EPISODE 6: 0.2498 rad
2025-08-15 16:54:18,761 - INFO - CONVERGENCE EPISODE 7: 0.2390 rad
2025-08-15 16:54:32,807 - INFO - CONVERGENCE EPISODE 21: 0.3616 rad
2025-08-15 16:54:33,817 - INFO - CONVERGENCE EPISODE 22: 0.3826 rad
2025-08-15 16:54:34,814 - INFO - CONVERGENCE EPISODE 23: 0.2107 rad
2025-08-15 16:54:37,804 - INFO - CONVERGENCE EPISODE 26: 0.2442 rad
2025-08-15 16:54:38,788 - INFO - CONVERGENCE EPISODE 27: 0.1019 rad
2025-08-15 16:54:40,756 - INFO - CONVERGENCE EPISODE 29: 0.0116 rad
2025-08-15 16:54:42,734 - INFO - CONVERGENCE EPISODE 31: 0.1991 rad
2025-08-15 16:54:43,729 - INFO - CONVERGENCE EPISODE 32: 0.0012 rad
2025-08-15 16:54:48,795 - INFO - CONVERGENCE EPISODE 37: 0.0070 rad
2025-08-15 16:54:50,809 - INFO - CONVERGENCE EPISODE 39: 0.0955 rad
2025-08-15 16:54:51,814 - INFO - CONVERGENCE EPISODE 40: 0.1265 rad
2025-08-15 16:54:53,795 - INFO - CONVERGENCE EPISODE 42: 0.1475 rad
2025-08-15 16:54:59,856 - INFO - CONVERGENCE EPISODE 48: 0.0348 rad
2025-08-15 16:55:01,799 - INFO - CONVERGENCE EPISODE 50: 0.2573 rad
2025-08-15 16:55:01,800 - INFO -      50 | -587.50 |   37.716 |    0.2573 |   0.000 |   51.3s
2025-08-15 16:55:02,811 - INFO - CONVERGENCE EPISODE 51: 0.4872 rad
2025-08-15 16:55:04,855 - INFO - CONVERGENCE EPISODE 53: 0.3493 rad
2025-08-15 16:55:06,931 - INFO - CONVERGENCE EPISODE 55: 0.2298 rad
2025-08-15 16:55:07,974 - INFO - CONVERGENCE EPISODE 56: 0.2664 rad
2025-08-15 16:55:08,993 - INFO - CONVERGENCE EPISODE 57: 0.0792 rad
2025-08-15 16:55:09,993 - INFO - CONVERGENCE EPISODE 58: 0.4663 rad
2025-08-15 16:55:10,970 - INFO - CONVERGENCE EPISODE 59: 0.4250 rad
2025-08-15 16:55:11,953 - INFO - CONVERGENCE EPISODE 60: 0.1777 rad
2025-08-15 16:55:12,959 - INFO - CONVERGENCE EPISODE 61: 0.1403 rad
2025-08-15 16:55:13,978 - INFO - CONVERGENCE EPISODE 62: 0.0595 rad
2025-08-15 16:55:15,013 - INFO - CONVERGENCE EPISODE 63: 0.3765 rad
2025-08-15 16:55:16,045 - INFO - CONVERGENCE EPISODE 64: 0.4030 rad
2025-08-15 16:55:16,045 - INFO - STABLE PERFORMANCE ACHIEVED starting at episode 55
2025-08-15 16:55:17,090 - INFO - CONVERGENCE EPISODE 65: 0.2832 rad
2025-08-15 16:55:18,091 - INFO - CONVERGENCE EPISODE 66: 0.3750 rad
2025-08-15 16:55:19,076 - INFO - CONVERGENCE EPISODE 67: 0.3578 rad
2025-08-15 16:55:20,108 - INFO - CONVERGENCE EPISODE 68: 0.0978 rad
2025-08-15 16:55:21,106 - INFO - CONVERGENCE EPISODE 69: 0.0888 rad
2025-08-15 16:55:22,109 - INFO - CONVERGENCE EPISODE 70: 0.0615 rad
2025-08-15 16:55:23,106 - INFO - CONVERGENCE EPISODE 71: 0.0722 rad
2025-08-15 16:55:24,122 - INFO - CONVERGENCE EPISODE 72: 0.0714 rad
2025-08-15 16:55:25,159 - INFO - CONVERGENCE EPISODE 73: 0.0719 rad
2025-08-15 16:55:26,137 - INFO - CONVERGENCE EPISODE 74: 0.0965 rad
2025-08-15 16:55:27,118 - INFO - CONVERGENCE EPISODE 75: 0.0710 rad
2025-08-15 16:55:28,107 - INFO - CONVERGENCE EPISODE 76: 0.0559 rad
2025-08-15 16:55:29,128 - INFO - CONVERGENCE EPISODE 77: 0.0477 rad
2025-08-15 16:55:30,160 - INFO - CONVERGENCE EPISODE 78: 0.0364 rad
2025-08-15 16:55:31,177 - INFO - CONVERGENCE EPISODE 79: 0.0319 rad
2025-08-15 16:55:32,173 - INFO - CONVERGENCE EPISODE 80: 0.0489 rad
2025-08-15 16:55:33,200 - INFO - CONVERGENCE EPISODE 81: 0.0658 rad
2025-08-15 16:55:34,219 - INFO - CONVERGENCE EPISODE 82: 0.0411 rad
2025-08-15 16:55:35,209 - INFO - CONVERGENCE EPISODE 83: 0.0445 rad
2025-08-15 16:55:36,184 - INFO - CONVERGENCE EPISODE 84: 0.0379 rad
2025-08-15 16:55:37,189 - INFO - CONVERGENCE EPISODE 85: 0.0411 rad
2025-08-15 16:55:38,193 - INFO - CONVERGENCE EPISODE 86: 0.0371 rad
2025-08-15 16:55:39,198 - INFO - CONVERGENCE EPISODE 87: 0.0535 rad
2025-08-15 16:55:40,195 - INFO - CONVERGENCE EPISODE 88: 0.0210 rad
2025-08-15 16:55:41,167 - INFO - CONVERGENCE EPISODE 89: 0.0352 rad
2025-08-15 16:55:42,162 - INFO - CONVERGENCE EPISODE 90: 0.0218 rad
2025-08-15 16:55:43,157 - INFO - CONVERGENCE EPISODE 91: 0.0248 rad
2025-08-15 16:55:44,162 - INFO - CONVERGENCE EPISODE 92: 0.0234 rad
2025-08-15 16:55:45,172 - INFO - CONVERGENCE EPISODE 93: 0.0396 rad
2025-08-15 16:55:46,161 - INFO - CONVERGENCE EPISODE 94: 0.0281 rad
2025-08-15 16:55:47,172 - INFO - CONVERGENCE EPISODE 95: 0.0203 rad
2025-08-15 16:55:48,165 - INFO - CONVERGENCE EPISODE 96: 0.0283 rad
2025-08-15 16:55:49,145 - INFO - CONVERGENCE EPISODE 97: 0.0355 rad
2025-08-15 16:55:50,146 - INFO - CONVERGENCE EPISODE 98: 0.0287 rad
2025-08-15 16:55:51,163 - INFO - CONVERGENCE EPISODE 99: 0.0430 rad
2025-08-15 16:55:52,153 - INFO - CONVERGENCE EPISODE 100: 0.0260 rad
2025-08-15 16:55:52,153 - INFO - 
2025-08-15 16:55:52,153 - INFO - MILESTONE 100 ANALYSIS:
2025-08-15 16:55:52,153 - INFO -   Recent 50 episodes avg position error: 0.1458 ± 0.1687 rad
2025-08-15 16:55:52,153 - INFO -   Recent 50 episodes avg cost: 3.110
2025-08-15 16:55:52,154 - INFO -   Recent 50 episodes success rate: 70.00%
2025-08-15 16:55:52,154 - INFO -   Convergent episodes ratio (< 0.5 rad): 96.00%
2025-08-15 16:55:52,154 - INFO -   Total convergent episodes so far: 67
2025-08-15 16:55:52,154 - INFO -   Best performance: 0.0012 rad at episode 32
2025-08-15 16:55:52,154 - INFO -   Stable performance maintained since episode 55
2025-08-15 16:55:52,154 - INFO - 
2025-08-15 16:55:52,154 - INFO -     100 |   -3.94 |    0.098 |    0.0260 |   1.000 |  101.6s
2025-08-15 16:55:53,144 - INFO - CONVERGENCE EPISODE 101: 0.0210 rad
2025-08-15 16:55:54,146 - INFO - CONVERGENCE EPISODE 102: 0.0214 rad
2025-08-15 16:55:55,206 - INFO - CONVERGENCE EPISODE 103: 0.0203 rad
2025-08-15 16:55:56,205 - INFO - CONVERGENCE EPISODE 104: 0.0220 rad
2025-08-15 16:55:57,264 - INFO - CONVERGENCE EPISODE 105: 0.0353 rad
2025-08-15 16:55:58,297 - INFO - CONVERGENCE EPISODE 106: 0.0390 rad
2025-08-15 16:55:59,291 - INFO - CONVERGENCE EPISODE 107: 0.0227 rad
2025-08-15 16:56:00,309 - INFO - CONVERGENCE EPISODE 108: 0.0187 rad
2025-08-15 16:56:01,334 - INFO - CONVERGENCE EPISODE 109: 0.0132 rad
2025-08-15 16:56:02,354 - INFO - CONVERGENCE EPISODE 110: 0.0209 rad
2025-08-15 16:56:03,387 - INFO - CONVERGENCE EPISODE 111: 0.0170 rad
2025-08-15 16:56:04,389 - INFO - CONVERGENCE EPISODE 112: 0.0192 rad
2025-08-15 16:56:05,380 - INFO - CONVERGENCE EPISODE 113: 0.0145 rad
2025-08-15 16:56:06,351 - INFO - CONVERGENCE EPISODE 114: 0.0105 rad
2025-08-15 16:56:07,331 - INFO - CONVERGENCE EPISODE 115: 0.0105 rad
2025-08-15 16:56:08,312 - INFO - CONVERGENCE EPISODE 116: 0.0165 rad
2025-08-15 16:56:09,319 - INFO - CONVERGENCE EPISODE 117: 0.0171 rad
2025-08-15 16:56:10,291 - INFO - CONVERGENCE EPISODE 118: 0.0051 rad
2025-08-15 16:56:11,287 - INFO - CONVERGENCE EPISODE 119: 0.0118 rad
2025-08-15 16:56:12,323 - INFO - CONVERGENCE EPISODE 120: 0.0132 rad
2025-08-15 16:56:13,361 - INFO - CONVERGENCE EPISODE 121: 0.0121 rad
2025-08-15 16:56:14,381 - INFO - CONVERGENCE EPISODE 122: 0.0147 rad
2025-08-15 16:56:15,410 - INFO - CONVERGENCE EPISODE 123: 0.0258 rad
2025-08-15 16:56:16,411 - INFO - CONVERGENCE EPISODE 124: 0.0138 rad
2025-08-15 16:56:17,410 - INFO - CONVERGENCE EPISODE 125: 0.0251 rad
2025-08-15 16:56:18,388 - INFO - CONVERGENCE EPISODE 126: 0.0095 rad
2025-08-15 16:56:19,396 - INFO - CONVERGENCE EPISODE 127: 0.0117 rad
2025-08-15 16:56:20,398 - INFO - CONVERGENCE EPISODE 128: 0.0072 rad
2025-08-15 16:56:21,391 - INFO - CONVERGENCE EPISODE 129: 0.0121 rad
2025-08-15 16:56:22,370 - INFO - CONVERGENCE EPISODE 130: 0.0104 rad
2025-08-15 16:56:23,350 - INFO - CONVERGENCE EPISODE 131: 0.0135 rad
2025-08-15 16:56:24,341 - INFO - CONVERGENCE EPISODE 132: 0.0204 rad
2025-08-15 16:56:25,373 - INFO - CONVERGENCE EPISODE 133: 0.0084 rad
2025-08-15 16:56:26,396 - INFO - CONVERGENCE EPISODE 134: 0.0131 rad
2025-08-15 16:56:27,371 - INFO - CONVERGENCE EPISODE 135: 0.0099 rad
2025-08-15 16:56:28,350 - INFO - CONVERGENCE EPISODE 136: 0.0169 rad
2025-08-15 16:56:29,334 - INFO - CONVERGENCE EPISODE 137: 0.0134 rad
2025-08-15 16:56:30,334 - INFO - CONVERGENCE EPISODE 138: 0.0035 rad
2025-08-15 16:56:31,330 - INFO - CONVERGENCE EPISODE 139: 0.0054 rad
2025-08-15 16:56:32,325 - INFO - CONVERGENCE EPISODE 140: 0.0748 rad
2025-08-15 16:56:33,318 - INFO - CONVERGENCE EPISODE 141: 0.0153 rad
2025-08-15 16:56:34,325 - INFO - CONVERGENCE EPISODE 142: 0.0043 rad
2025-08-15 16:56:35,408 - INFO - CONVERGENCE EPISODE 143: 0.0006 rad
2025-08-15 16:56:36,416 - INFO - CONVERGENCE EPISODE 144: 0.0042 rad
2025-08-15 16:56:37,433 - INFO - CONVERGENCE EPISODE 145: 0.0045 rad
2025-08-15 16:56:38,451 - INFO - CONVERGENCE EPISODE 146: 0.0005 rad
2025-08-15 16:56:39,470 - INFO - CONVERGENCE EPISODE 147: 0.0022 rad
2025-08-15 16:56:40,477 - INFO - CONVERGENCE EPISODE 148: 0.0036 rad
2025-08-15 16:56:41,483 - INFO - CONVERGENCE EPISODE 149: 0.0031 rad
2025-08-15 16:56:42,490 - INFO - CONVERGENCE EPISODE 150: 0.0004 rad
2025-08-15 16:56:42,490 - INFO -     150 |  -47.39 |    2.184 |    0.0004 |   1.000 |  151.9s
2025-08-15 16:56:43,487 - INFO - CONVERGENCE EPISODE 151: 0.0012 rad
2025-08-15 16:56:44,508 - INFO - CONVERGENCE EPISODE 152: 0.0055 rad
2025-08-15 16:56:45,521 - INFO - CONVERGENCE EPISODE 153: 0.0010 rad
2025-08-15 16:56:46,551 - INFO - CONVERGENCE EPISODE 154: 0.0036 rad
2025-08-15 16:56:47,566 - INFO - CONVERGENCE EPISODE 155: 0.0041 rad
2025-08-15 16:56:48,587 - INFO - CONVERGENCE EPISODE 156: 0.0019 rad
2025-08-15 16:56:49,596 - INFO - CONVERGENCE EPISODE 157: 0.0033 rad
2025-08-15 16:56:50,585 - INFO - CONVERGENCE EPISODE 158: 0.0023 rad
2025-08-15 16:56:51,560 - INFO - CONVERGENCE EPISODE 159: 0.0004 rad
2025-08-15 16:56:52,545 - INFO - CONVERGENCE EPISODE 160: 0.0086 rad
2025-08-15 16:56:53,516 - INFO - CONVERGENCE EPISODE 161: 0.0031 rad
2025-08-15 16:56:54,579 - INFO - CONVERGENCE EPISODE 162: 0.0038 rad
2025-08-15 16:56:55,706 - INFO - CONVERGENCE EPISODE 163: 0.0059 rad
2025-08-15 16:56:56,716 - INFO - CONVERGENCE EPISODE 164: 0.0034 rad
2025-08-15 16:56:57,725 - INFO - CONVERGENCE EPISODE 165: 0.0109 rad
2025-08-15 16:56:58,765 - INFO - CONVERGENCE EPISODE 166: 0.0009 rad
2025-08-15 16:56:59,812 - INFO - CONVERGENCE EPISODE 167: 0.0006 rad
2025-08-15 16:57:00,817 - INFO - CONVERGENCE EPISODE 168: 0.0004 rad
2025-08-15 16:57:01,819 - INFO - CONVERGENCE EPISODE 169: 0.0016 rad
2025-08-15 16:57:02,816 - INFO - CONVERGENCE EPISODE 170: 0.0002 rad
2025-08-15 16:57:03,847 - INFO - CONVERGENCE EPISODE 171: 0.0065 rad
2025-08-15 16:57:04,852 - INFO - CONVERGENCE EPISODE 172: 0.0044 rad
2025-08-15 16:57:05,846 - INFO - CONVERGENCE EPISODE 173: 0.0023 rad
2025-08-15 16:57:06,815 - INFO - CONVERGENCE EPISODE 174: 0.0032 rad
2025-08-15 16:57:07,787 - INFO - CONVERGENCE EPISODE 175: 0.0087 rad
2025-08-15 16:57:08,771 - INFO - CONVERGENCE EPISODE 176: 0.0036 rad
2025-08-15 16:57:09,766 - INFO - CONVERGENCE EPISODE 177: 0.0017 rad
2025-08-15 16:57:10,758 - INFO - CONVERGENCE EPISODE 178: 0.0075 rad
2025-08-15 16:57:11,785 - INFO - CONVERGENCE EPISODE 179: 0.0041 rad
2025-08-15 16:57:12,771 - INFO - CONVERGENCE EPISODE 180: 0.0183 rad
2025-08-15 16:57:13,781 - INFO - CONVERGENCE EPISODE 181: 0.0006 rad
2025-08-15 16:57:14,780 - INFO - CONVERGENCE EPISODE 182: 0.0059 rad
2025-08-15 16:57:15,809 - INFO - CONVERGENCE EPISODE 183: 0.0014 rad
2025-08-15 16:57:16,809 - INFO - CONVERGENCE EPISODE 184: 0.0020 rad
2025-08-15 16:57:17,842 - INFO - CONVERGENCE EPISODE 185: 0.0007 rad
2025-08-15 16:57:18,854 - INFO - CONVERGENCE EPISODE 186: 0.0007 rad
2025-08-15 16:57:19,893 - INFO - CONVERGENCE EPISODE 187: 0.0004 rad
2025-08-15 16:57:20,952 - INFO - CONVERGENCE EPISODE 188: 0.0004 rad
2025-08-15 16:57:21,948 - INFO - CONVERGENCE EPISODE 189: 0.0066 rad
2025-08-15 16:57:22,976 - INFO - CONVERGENCE EPISODE 190: 0.0122 rad
2025-08-15 16:57:23,998 - INFO - CONVERGENCE EPISODE 191: 0.0129 rad
2025-08-15 16:57:24,994 - INFO - CONVERGENCE EPISODE 192: 0.0013 rad
2025-08-15 16:57:25,989 - INFO - CONVERGENCE EPISODE 193: 0.0019 rad
2025-08-15 16:57:26,978 - INFO - CONVERGENCE EPISODE 194: 0.0019 rad
2025-08-15 16:57:27,996 - INFO - CONVERGENCE EPISODE 195: 0.0022 rad
2025-08-15 16:57:28,993 - INFO - CONVERGENCE EPISODE 196: 0.0021 rad
2025-08-15 16:57:30,005 - INFO - CONVERGENCE EPISODE 197: 0.0019 rad
2025-08-15 16:57:31,003 - INFO - CONVERGENCE EPISODE 198: 0.0014 rad
2025-08-15 16:57:32,000 - INFO - CONVERGENCE EPISODE 199: 0.0072 rad
2025-08-15 16:57:32,986 - INFO - CONVERGENCE EPISODE 200: 0.0026 rad
2025-08-15 16:57:32,986 - INFO -     200 |   -2.80 |    0.034 |    0.0026 |   1.000 |  202.4s
2025-08-15 16:57:33,973 - INFO - CONVERGENCE EPISODE 201: 0.0000 rad
2025-08-15 16:57:34,975 - INFO - CONVERGENCE EPISODE 202: 0.0009 rad
2025-08-15 16:57:35,997 - INFO - CONVERGENCE EPISODE 203: 0.0055 rad
2025-08-15 16:57:36,996 - INFO - CONVERGENCE EPISODE 204: 0.0017 rad
2025-08-15 16:57:38,050 - INFO - CONVERGENCE EPISODE 205: 0.0128 rad
2025-08-15 16:57:39,053 - INFO - CONVERGENCE EPISODE 206: 0.0024 rad
2025-08-15 16:57:40,072 - INFO - CONVERGENCE EPISODE 207: 0.0015 rad
2025-08-15 16:57:41,054 - INFO - CONVERGENCE EPISODE 208: 0.0014 rad
2025-08-15 16:57:42,067 - INFO - CONVERGENCE EPISODE 209: 0.0016 rad
2025-08-15 16:57:43,082 - INFO - CONVERGENCE EPISODE 210: 0.0062 rad
2025-08-15 16:57:44,097 - INFO - CONVERGENCE EPISODE 211: 0.0021 rad
2025-08-15 16:57:45,121 - INFO - CONVERGENCE EPISODE 212: 0.0021 rad
2025-08-15 16:57:46,162 - INFO - CONVERGENCE EPISODE 213: 0.0100 rad
2025-08-15 16:57:47,156 - INFO - CONVERGENCE EPISODE 214: 0.0010 rad
2025-08-15 16:57:48,197 - INFO - CONVERGENCE EPISODE 215: 0.0004 rad
2025-08-15 16:57:49,237 - INFO - CONVERGENCE EPISODE 216: 0.0005 rad
2025-08-15 16:57:50,281 - INFO - CONVERGENCE EPISODE 217: 0.0013 rad
2025-08-15 16:57:51,300 - INFO - CONVERGENCE EPISODE 218: 0.0007 rad
2025-08-15 16:57:52,325 - INFO - CONVERGENCE EPISODE 219: 0.0015 rad
2025-08-15 16:57:53,319 - INFO - CONVERGENCE EPISODE 220: 0.0041 rad
2025-08-15 16:57:54,317 - INFO - CONVERGENCE EPISODE 221: 0.0022 rad
2025-08-15 16:57:55,422 - INFO - CONVERGENCE EPISODE 222: 0.0021 rad
2025-08-15 16:57:56,421 - INFO - CONVERGENCE EPISODE 223: 0.0045 rad
2025-08-15 16:57:57,465 - INFO - CONVERGENCE EPISODE 224: 0.0002 rad
2025-08-15 16:57:58,478 - INFO - CONVERGENCE EPISODE 225: 0.0032 rad
2025-08-15 16:57:59,471 - INFO - CONVERGENCE EPISODE 226: 0.0021 rad
2025-08-15 16:58:00,463 - INFO - CONVERGENCE EPISODE 227: 0.0007 rad
2025-08-15 16:58:01,457 - INFO - CONVERGENCE EPISODE 228: 0.0008 rad
2025-08-15 16:58:02,446 - INFO - CONVERGENCE EPISODE 229: 0.0011 rad
2025-08-15 16:58:03,477 - INFO - CONVERGENCE EPISODE 230: 0.0016 rad
2025-08-15 16:58:04,496 - INFO - CONVERGENCE EPISODE 231: 0.0019 rad
2025-08-15 16:58:05,540 - INFO - CONVERGENCE EPISODE 232: 0.0016 rad
2025-08-15 16:58:06,538 - INFO - CONVERGENCE EPISODE 233: 0.0001 rad
2025-08-15 16:58:07,565 - INFO - CONVERGENCE EPISODE 234: 0.0009 rad
2025-08-15 16:58:08,607 - INFO - CONVERGENCE EPISODE 235: 0.0002 rad
2025-08-15 16:58:09,674 - INFO - CONVERGENCE EPISODE 236: 0.0025 rad
2025-08-15 16:58:10,685 - INFO - CONVERGENCE EPISODE 237: 0.0048 rad
2025-08-15 16:58:11,719 - INFO - CONVERGENCE EPISODE 238: 0.0014 rad
2025-08-15 16:58:12,749 - INFO - CONVERGENCE EPISODE 239: 0.0028 rad
2025-08-15 16:58:13,796 - INFO - CONVERGENCE EPISODE 240: 0.0099 rad
2025-08-15 16:58:14,816 - INFO - CONVERGENCE EPISODE 241: 0.0046 rad
2025-08-15 16:58:15,807 - INFO - CONVERGENCE EPISODE 242: 0.0046 rad
2025-08-15 16:58:16,784 - INFO - CONVERGENCE EPISODE 243: 0.0011 rad
2025-08-15 16:58:17,759 - INFO - CONVERGENCE EPISODE 244: 0.0049 rad
2025-08-15 16:58:18,756 - INFO - CONVERGENCE EPISODE 245: 0.0069 rad
2025-08-15 16:58:19,807 - INFO - CONVERGENCE EPISODE 246: 0.0013 rad
2025-08-15 16:58:20,788 - INFO - CONVERGENCE EPISODE 247: 0.0045 rad
2025-08-15 16:58:21,803 - INFO - CONVERGENCE EPISODE 248: 0.0025 rad
2025-08-15 16:58:22,791 - INFO - CONVERGENCE EPISODE 249: 0.0023 rad
2025-08-15 16:58:23,788 - INFO - CONVERGENCE EPISODE 250: 0.0011 rad
2025-08-15 16:58:23,788 - INFO - 
2025-08-15 16:58:23,788 - INFO - MILESTONE 250 ANALYSIS:
2025-08-15 16:58:23,788 - INFO -   Recent 50 episodes avg position error: 0.0027 ± 0.0027 rad
2025-08-15 16:58:23,789 - INFO -   Recent 50 episodes avg cost: 1.773
2025-08-15 16:58:23,789 - INFO -   Recent 50 episodes success rate: 100.00%
2025-08-15 16:58:23,789 - INFO -   Convergent episodes ratio (< 0.5 rad): 100.00%
2025-08-15 16:58:23,789 - INFO -   Total convergent episodes so far: 217
2025-08-15 16:58:23,789 - INFO -   Best performance: 0.0000 rad at episode 201
2025-08-15 16:58:23,789 - INFO -   Stable performance maintained since episode 55
2025-08-15 16:58:23,789 - INFO - 
2025-08-15 16:58:23,789 - INFO -     250 |   -8.34 |    0.284 |    0.0011 |   1.000 |  253.2s
2025-08-15 16:58:24,797 - INFO - CONVERGENCE EPISODE 251: 0.0025 rad
2025-08-15 16:58:25,802 - INFO - CONVERGENCE EPISODE 252: 0.0023 rad
2025-08-15 16:58:26,794 - INFO - CONVERGENCE EPISODE 253: 0.0023 rad
2025-08-15 16:58:27,791 - INFO - CONVERGENCE EPISODE 254: 0.0012 rad
2025-08-15 16:58:28,783 - INFO - CONVERGENCE EPISODE 255: 0.0011 rad
2025-08-15 16:58:29,769 - INFO - CONVERGENCE EPISODE 256: 0.0047 rad
2025-08-15 16:58:30,747 - INFO - CONVERGENCE EPISODE 257: 0.0077 rad
2025-08-15 16:58:31,756 - INFO - CONVERGENCE EPISODE 258: 0.0015 rad
2025-08-15 16:58:32,749 - INFO - CONVERGENCE EPISODE 259: 0.0086 rad
2025-08-15 16:58:33,712 - INFO - CONVERGENCE EPISODE 260: 0.0128 rad
2025-08-15 16:58:34,704 - INFO - CONVERGENCE EPISODE 261: 0.0082 rad
2025-08-15 16:58:35,733 - INFO - CONVERGENCE EPISODE 262: 0.0054 rad
2025-08-15 16:58:36,770 - INFO - CONVERGENCE EPISODE 263: 0.0005 rad
2025-08-15 16:58:37,814 - INFO - CONVERGENCE EPISODE 264: 0.0048 rad
2025-08-15 16:58:38,844 - INFO - CONVERGENCE EPISODE 265: 0.0029 rad
2025-08-15 16:58:39,837 - INFO - CONVERGENCE EPISODE 266: 0.0013 rad
2025-08-15 16:58:40,821 - INFO - CONVERGENCE EPISODE 267: 0.0053 rad
2025-08-15 16:58:41,846 - INFO - CONVERGENCE EPISODE 268: 0.0024 rad
2025-08-15 16:58:42,879 - INFO - CONVERGENCE EPISODE 269: 0.0009 rad
2025-08-15 16:58:43,899 - INFO - CONVERGENCE EPISODE 270: 0.0056 rad
2025-08-15 16:58:44,931 - INFO - CONVERGENCE EPISODE 271: 0.0005 rad
2025-08-15 16:58:45,938 - INFO - CONVERGENCE EPISODE 272: 0.0143 rad
2025-08-15 16:58:46,955 - INFO - CONVERGENCE EPISODE 273: 0.0049 rad
2025-08-15 16:58:47,958 - INFO - CONVERGENCE EPISODE 274: 0.0005 rad
2025-08-15 16:58:48,996 - INFO - CONVERGENCE EPISODE 275: 0.0061 rad
2025-08-15 16:58:49,986 - INFO - CONVERGENCE EPISODE 276: 0.0080 rad
2025-08-15 16:58:50,969 - INFO - CONVERGENCE EPISODE 277: 0.0001 rad
2025-08-15 16:58:51,960 - INFO - CONVERGENCE EPISODE 278: 0.0048 rad
2025-08-15 16:58:52,966 - INFO - CONVERGENCE EPISODE 279: 0.0027 rad
2025-08-15 16:58:53,958 - INFO - CONVERGENCE EPISODE 280: 0.0010 rad
2025-08-15 16:58:55,045 - INFO - CONVERGENCE EPISODE 281: 0.0027 rad
2025-08-15 16:58:56,084 - INFO - CONVERGENCE EPISODE 282: 0.0005 rad
2025-08-15 16:58:57,075 - INFO - CONVERGENCE EPISODE 283: 0.0023 rad
2025-08-15 16:58:58,074 - INFO - CONVERGENCE EPISODE 284: 0.0024 rad
2025-08-15 16:58:59,061 - INFO - CONVERGENCE EPISODE 285: 0.0013 rad
2025-08-15 16:59:00,071 - INFO - CONVERGENCE EPISODE 286: 0.0036 rad
2025-08-15 16:59:01,057 - INFO - CONVERGENCE EPISODE 287: 0.0016 rad
2025-08-15 16:59:02,059 - INFO - CONVERGENCE EPISODE 288: 0.0063 rad
2025-08-15 16:59:03,060 - INFO - CONVERGENCE EPISODE 289: 0.0006 rad
2025-08-15 16:59:04,128 - INFO - CONVERGENCE EPISODE 290: 0.0048 rad
2025-08-15 16:59:05,136 - INFO - CONVERGENCE EPISODE 291: 0.0007 rad
2025-08-15 16:59:06,165 - INFO - CONVERGENCE EPISODE 292: 0.0015 rad
2025-08-15 16:59:07,172 - INFO - CONVERGENCE EPISODE 293: 0.0014 rad
2025-08-15 16:59:08,161 - INFO - CONVERGENCE EPISODE 294: 0.0127 rad
2025-08-15 16:59:09,206 - INFO - CONVERGENCE EPISODE 295: 0.0001 rad
2025-08-15 16:59:10,193 - INFO - CONVERGENCE EPISODE 296: 0.0015 rad
2025-08-15 16:59:11,204 - INFO - CONVERGENCE EPISODE 297: 0.0065 rad
2025-08-15 16:59:12,236 - INFO - CONVERGENCE EPISODE 298: 0.0075 rad
2025-08-15 16:59:13,238 - INFO - CONVERGENCE EPISODE 299: 0.0013 rad
2025-08-15 16:59:14,236 - INFO - CONVERGENCE EPISODE 300: 0.0059 rad
2025-08-15 16:59:14,236 - INFO -     300 |  -91.58 |    4.489 |    0.0059 |   1.000 |  303.7s
2025-08-15 16:59:15,245 - INFO - CONVERGENCE EPISODE 301: 0.0013 rad
2025-08-15 16:59:16,238 - INFO - CONVERGENCE EPISODE 302: 0.0007 rad
2025-08-15 16:59:17,209 - INFO - CONVERGENCE EPISODE 303: 0.0007 rad
2025-08-15 16:59:18,180 - INFO - CONVERGENCE EPISODE 304: 0.0001 rad
2025-08-15 16:59:19,177 - INFO - CONVERGENCE EPISODE 305: 0.0057 rad
2025-08-15 16:59:20,188 - INFO - CONVERGENCE EPISODE 306: 0.0102 rad
2025-08-15 16:59:21,182 - INFO - CONVERGENCE EPISODE 307: 0.0106 rad
2025-08-15 16:59:22,185 - INFO - CONVERGENCE EPISODE 308: 0.0005 rad
2025-08-15 16:59:23,185 - INFO - CONVERGENCE EPISODE 309: 0.0047 rad
2025-08-15 16:59:24,199 - INFO - CONVERGENCE EPISODE 310: 0.0036 rad
2025-08-15 16:59:25,245 - INFO - CONVERGENCE EPISODE 311: 0.0025 rad
2025-08-15 16:59:26,237 - INFO - CONVERGENCE EPISODE 312: 0.0026 rad
2025-08-15 16:59:27,234 - INFO - CONVERGENCE EPISODE 313: 0.0010 rad
2025-08-15 16:59:28,204 - INFO - CONVERGENCE EPISODE 314: 0.0000 rad
2025-08-15 16:59:29,231 - INFO - CONVERGENCE EPISODE 315: 0.0015 rad
2025-08-15 16:59:30,260 - INFO - CONVERGENCE EPISODE 316: 0.0015 rad
2025-08-15 16:59:31,279 - INFO - CONVERGENCE EPISODE 317: 0.0114 rad
2025-08-15 16:59:32,310 - INFO - CONVERGENCE EPISODE 318: 0.0012 rad
2025-08-15 16:59:33,304 - INFO - CONVERGENCE EPISODE 319: 0.0004 rad
2025-08-15 16:59:34,284 - INFO - CONVERGENCE EPISODE 320: 0.0012 rad
2025-08-15 16:59:35,268 - INFO - CONVERGENCE EPISODE 321: 0.0010 rad
2025-08-15 16:59:36,247 - INFO - CONVERGENCE EPISODE 322: 0.0015 rad
2025-08-15 16:59:37,255 - INFO - CONVERGENCE EPISODE 323: 0.0068 rad
2025-08-15 16:59:38,273 - INFO - CONVERGENCE EPISODE 324: 0.0008 rad
2025-08-15 16:59:39,265 - INFO - CONVERGENCE EPISODE 325: 0.0049 rad
2025-08-15 16:59:40,274 - INFO - CONVERGENCE EPISODE 326: 0.0005 rad
2025-08-15 16:59:41,276 - INFO - CONVERGENCE EPISODE 327: 0.0072 rad
2025-08-15 16:59:42,257 - INFO - CONVERGENCE EPISODE 328: 0.0028 rad
2025-08-15 16:59:43,270 - INFO - CONVERGENCE EPISODE 329: 0.0018 rad
2025-08-15 16:59:44,262 - INFO - CONVERGENCE EPISODE 330: 0.0108 rad
2025-08-15 16:59:45,252 - INFO - CONVERGENCE EPISODE 331: 0.0010 rad
2025-08-15 16:59:46,239 - INFO - CONVERGENCE EPISODE 332: 0.0007 rad
2025-08-15 16:59:47,236 - INFO - CONVERGENCE EPISODE 333: 0.0009 rad
2025-08-15 16:59:48,222 - INFO - CONVERGENCE EPISODE 334: 0.0016 rad
2025-08-15 16:59:49,224 - INFO - CONVERGENCE EPISODE 335: 0.0018 rad
2025-08-15 16:59:50,213 - INFO - CONVERGENCE EPISODE 336: 0.0008 rad
2025-08-15 16:59:51,209 - INFO - CONVERGENCE EPISODE 337: 0.0022 rad
2025-08-15 16:59:52,205 - INFO - CONVERGENCE EPISODE 338: 0.0005 rad
2025-08-15 16:59:53,197 - INFO - CONVERGENCE EPISODE 339: 0.0022 rad
2025-08-15 16:59:54,184 - INFO - CONVERGENCE EPISODE 340: 0.0023 rad
2025-08-15 16:59:55,273 - INFO - CONVERGENCE EPISODE 341: 0.0032 rad
2025-08-15 16:59:56,326 - INFO - CONVERGENCE EPISODE 342: 0.0013 rad
2025-08-15 16:59:57,372 - INFO - CONVERGENCE EPISODE 343: 0.0048 rad
2025-08-15 16:59:58,371 - INFO - CONVERGENCE EPISODE 344: 0.0147 rad
2025-08-15 16:59:59,375 - INFO - CONVERGENCE EPISODE 345: 0.0022 rad
2025-08-15 17:00:00,360 - INFO - CONVERGENCE EPISODE 346: 0.0013 rad
2025-08-15 17:00:01,333 - INFO - CONVERGENCE EPISODE 347: 0.0017 rad
2025-08-15 17:00:02,320 - INFO - CONVERGENCE EPISODE 348: 0.0117 rad
2025-08-15 17:00:03,361 - INFO - CONVERGENCE EPISODE 349: 0.0008 rad
2025-08-15 17:00:04,404 - INFO - CONVERGENCE EPISODE 350: 0.0121 rad
2025-08-15 17:00:04,405 - INFO -     350 | -152.80 |    6.686 |    0.0121 |   1.000 |  353.9s
2025-08-15 17:00:05,405 - INFO - CONVERGENCE EPISODE 351: 0.0060 rad
2025-08-15 17:00:06,418 - INFO - CONVERGENCE EPISODE 352: 0.0155 rad
2025-08-15 17:00:07,402 - INFO - CONVERGENCE EPISODE 353: 0.0014 rad
2025-08-15 17:00:08,384 - INFO - CONVERGENCE EPISODE 354: 0.0011 rad
2025-08-15 17:00:09,401 - INFO - CONVERGENCE EPISODE 355: 0.0031 rad
2025-08-15 17:00:10,407 - INFO - CONVERGENCE EPISODE 356: 0.0070 rad
2025-08-15 17:00:11,388 - INFO - CONVERGENCE EPISODE 357: 0.0001 rad
2025-08-15 17:00:12,393 - INFO - CONVERGENCE EPISODE 358: 0.0014 rad
2025-08-15 17:00:13,379 - INFO - CONVERGENCE EPISODE 359: 0.0001 rad
2025-08-15 17:00:14,393 - INFO - CONVERGENCE EPISODE 360: 0.0009 rad
2025-08-15 17:00:15,430 - INFO - CONVERGENCE EPISODE 361: 0.0004 rad
2025-08-15 17:00:16,418 - INFO - CONVERGENCE EPISODE 362: 0.0024 rad
2025-08-15 17:00:17,448 - INFO - CONVERGENCE EPISODE 363: 0.0019 rad
2025-08-15 17:00:18,443 - INFO - CONVERGENCE EPISODE 364: 0.0019 rad
2025-08-15 17:00:19,446 - INFO - CONVERGENCE EPISODE 365: 0.0010 rad
2025-08-15 17:00:20,448 - INFO - CONVERGENCE EPISODE 366: 0.0011 rad
2025-08-15 17:00:21,445 - INFO - CONVERGENCE EPISODE 367: 0.0015 rad
2025-08-15 17:00:22,439 - INFO - CONVERGENCE EPISODE 368: 0.0034 rad
2025-08-15 17:00:23,423 - INFO - CONVERGENCE EPISODE 369: 0.0012 rad
2025-08-15 17:00:24,422 - INFO - CONVERGENCE EPISODE 370: 0.0095 rad
2025-08-15 17:00:25,431 - INFO - CONVERGENCE EPISODE 371: 0.0013 rad
2025-08-15 17:00:26,412 - INFO - CONVERGENCE EPISODE 372: 0.0006 rad
2025-08-15 17:00:27,401 - INFO - CONVERGENCE EPISODE 373: 0.0042 rad
2025-08-15 17:00:28,397 - INFO - CONVERGENCE EPISODE 374: 0.0044 rad
2025-08-15 17:00:29,402 - INFO - CONVERGENCE EPISODE 375: 0.0118 rad
2025-08-15 17:00:30,395 - INFO - CONVERGENCE EPISODE 376: 0.0006 rad
2025-08-15 17:00:31,415 - INFO - CONVERGENCE EPISODE 377: 0.0019 rad
2025-08-15 17:00:32,430 - INFO - CONVERGENCE EPISODE 378: 0.0020 rad
2025-08-15 17:00:33,450 - INFO - CONVERGENCE EPISODE 379: 0.0115 rad
2025-08-15 17:00:34,468 - INFO - CONVERGENCE EPISODE 380: 0.0007 rad
2025-08-15 17:00:35,496 - INFO - CONVERGENCE EPISODE 381: 0.0047 rad
2025-08-15 17:00:36,480 - INFO - CONVERGENCE EPISODE 382: 0.0076 rad
2025-08-15 17:00:37,485 - INFO - CONVERGENCE EPISODE 383: 0.0117 rad
2025-08-15 17:00:38,526 - INFO - CONVERGENCE EPISODE 384: 0.0015 rad
2025-08-15 17:00:39,522 - INFO - CONVERGENCE EPISODE 385: 0.0000 rad
2025-08-15 17:00:40,514 - INFO - CONVERGENCE EPISODE 386: 0.0047 rad
2025-08-15 17:00:41,499 - INFO - CONVERGENCE EPISODE 387: 0.0017 rad
2025-08-15 17:00:42,502 - INFO - CONVERGENCE EPISODE 388: 0.0009 rad
2025-08-15 17:00:43,496 - INFO - CONVERGENCE EPISODE 389: 0.0005 rad
2025-08-15 17:00:44,540 - INFO - CONVERGENCE EPISODE 390: 0.0013 rad
2025-08-15 17:00:45,600 - INFO - CONVERGENCE EPISODE 391: 0.0008 rad
2025-08-15 17:00:46,648 - INFO - CONVERGENCE EPISODE 392: 0.0006 rad
2025-08-15 17:00:47,679 - INFO - CONVERGENCE EPISODE 393: 0.0098 rad
2025-08-15 17:00:48,702 - INFO - CONVERGENCE EPISODE 394: 0.0001 rad
2025-08-15 17:00:49,729 - INFO - CONVERGENCE EPISODE 395: 0.0007 rad
2025-08-15 17:00:50,721 - INFO - CONVERGENCE EPISODE 396: 0.0010 rad
2025-08-15 17:00:51,720 - INFO - CONVERGENCE EPISODE 397: 0.0017 rad
2025-08-15 17:00:52,704 - INFO - CONVERGENCE EPISODE 398: 0.0081 rad
2025-08-15 17:00:53,696 - INFO - CONVERGENCE EPISODE 399: 0.0097 rad
2025-08-15 17:00:53,696 - INFO - 
================================================================================
2025-08-15 17:00:53,696 - INFO - TRAINING COMPLETED - FINAL ANALYSIS
2025-08-15 17:00:53,696 - INFO - ================================================================================
2025-08-15 17:00:53,696 - INFO - Total training time: 403.2 seconds (6.7 minutes)
2025-08-15 17:00:53,696 - INFO - Final episode reward: -130.25
2025-08-15 17:00:53,696 - INFO - Final position error: 0.0097 rad
2025-08-15 17:00:53,696 - INFO - Final success rate: 1.000
2025-08-15 17:00:53,696 - INFO - Best position error achieved: 0.0000 rad at episode 201
2025-08-15 17:00:53,696 - INFO - Total convergent episodes (< 0.5 rad): 366/400 (91.50%)
2025-08-15 17:00:53,696 - INFO - Recent success rate (last 100 episodes): 100.00%
2025-08-15 17:00:53,696 - INFO - Stable performance achieved: Yes (from episode 55, duration: 345 episodes)
2025-08-15 17:00:53,696 - INFO - Position error statistics:
2025-08-15 17:00:53,696 - INFO -   Mean: 0.1362 rad (7.8°)
2025-08-15 17:00:53,696 - INFO -   Std:  0.3993 rad (22.9°)
2025-08-15 17:00:53,696 - INFO -   Min:  0.0000 rad (0.0°)
2025-08-15 17:00:53,697 - INFO -   Max:  2.9621 rad (169.7°)
2025-08-15 17:00:53,697 - INFO -   Median: 0.0048 rad (0.3°)
2025-08-15 17:00:53,697 - INFO - Performance distribution:
2025-08-15 17:00:53,697 - INFO -   Excellent (< 0.1 rad / 5.7°): 339 episodes (84.8%)
2025-08-15 17:00:53,697 - INFO -   Good (0.1-0.3 rad / 5.7°-17.2°): 15 episodes (3.8%)
2025-08-15 17:00:53,697 - INFO -   Acceptable (0.3-0.5 rad / 17.2°-28.6°): 12 episodes (3.0%)
2025-08-15 17:00:53,697 - INFO -   Poor (> 0.5 rad / 28.6°): 34 episodes (8.5%)
2025-08-15 17:00:53,697 - INFO - 
TRAINING CONFIGURATION EFFECTIVENESS:
2025-08-15 17:00:53,697 - INFO - ----------------------------------------
2025-08-15 17:00:53,697 - INFO - Episodes needed for first convergence: 0
2025-08-15 17:00:53,697 - INFO - Excitation phase ended at episode: 37
2025-08-15 17:00:53,700 - INFO - Training metrics saved to: /home/osos/Mohamed_Masters_Thesis/DHP_pendulum/training_logs/dhp_pendulum_metrics_20250815_170053.json
2025-08-15 17:00:53,700 - INFO - 
BEST MODEL CONFIRMED:
2025-08-15 17:00:53,700 - INFO -   Episode: 201
2025-08-15 17:00:53,700 - INFO -   Position Error: 0.0000 rad (0.0°)
2025-08-15 17:00:53,700 - INFO -   Model files: dhp_pendulum_best_*
2025-08-15 17:00:53,700 - INFO - ================================================================================
2025-08-15 17:00:53,700 - INFO - TRAINING SESSION COMPLETED
2025-08-15 17:00:53,700 - INFO - Detailed log saved to: /home/osos/Mohamed_Masters_Thesis/DHP_pendulum/training_logs/dhp_pendulum_training_20250815_165410.log
2025-08-15 17:00:53,700 - INFO - ================================================================================
2025-08-15 17:01:00,569 - INFO - SESSION-BEST EPISODE RECORDED: Episode 201
2025-08-15 17:01:00,569 - INFO -   Replay error: 2.8731 rad vs training error: 0.0000 rad
2025-08-15 17:01:00,569 - INFO -   Target angle: 3.142 rad
2025-08-15 17:01:00,653 - INFO - Model saved with state normalization ENABLED
2025-08-15 17:02:17,916 - INFO - 
==================================================
2025-08-15 17:02:17,917 - INFO - STARTING POLICY DEMONSTRATION
2025-08-15 17:02:17,917 - INFO - ==================================================
2025-08-15 17:02:24,799 - INFO - Demonstration final angle error: 165.0°
2025-08-15 17:02:24,800 - INFO - Training and demonstration session completed successfully!
