2025-08-16 03:03:02,541 - INFO - ================================================================================
2025-08-16 03:03:02,541 - INFO - DHP PENDULUM TRAINING SESSION STARTED
2025-08-16 03:03:02,541 - INFO - ================================================================================
2025-08-16 03:03:02,541 - INFO - HYPERPARAMETERS:
2025-08-16 03:03:02,541 - INFO - ----------------------------------------
2025-08-16 03:03:02,541 - INFO - action_size              : 1
2025-08-16 03:03:02,542 - INFO - activation               : relu
2025-08-16 03:03:02,542 - INFO - best_episode_gui         : False
2025-08-16 03:03:02,542 - INFO - episode_length           : 200
2025-08-16 03:03:02,542 - INFO - excitation_amplitude     : 0.2
2025-08-16 03:03:02,542 - INFO - excitation_steps         : 7500
2025-08-16 03:03:02,542 - INFO - gamma                    : 0.95
2025-08-16 03:03:02,542 - INFO - gui                      : False
2025-08-16 03:03:02,542 - INFO - hidden_layer_size        : [64, 64, 32]
2025-08-16 03:03:02,542 - INFO - log_interval             : 50
2025-08-16 03:03:02,542 - INFO - lr_actor                 : 0.005
2025-08-16 03:03:02,542 - INFO - lr_critic                : 0.01
2025-08-16 03:03:02,542 - INFO - max_steps                : 200
2025-08-16 03:03:02,542 - INFO - normalize_states         : True
2025-08-16 03:03:02,542 - INFO - num_episodes             : 1500
2025-08-16 03:03:02,542 - INFO - predict_delta            : False
2025-08-16 03:03:02,542 - INFO - record                   : False
2025-08-16 03:03:02,542 - INFO - record_best_episodes     : True
2025-08-16 03:03:02,542 - INFO - recording_fps            : 30
2025-08-16 03:03:02,542 - INFO - reference_size           : 2
2025-08-16 03:03:02,542 - INFO - rls_action_size          : 1
2025-08-16 03:03:02,542 - INFO - rls_covariance           : 100.0
2025-08-16 03:03:02,542 - INFO - rls_gamma                : 0.9995
2025-08-16 03:03:02,542 - INFO - rls_state_size           : 2
2025-08-16 03:03:02,542 - INFO - save_interval            : 200
2025-08-16 03:03:02,543 - INFO - split                    : False
2025-08-16 03:03:02,543 - INFO - state_bounds             : {'theta': [-3.141592653589793, 3.141592653589793], 'theta_dot': [-8.0, 8.0]}
2025-08-16 03:03:02,543 - INFO - state_size               : 2
2025-08-16 03:03:02,543 - INFO - target_network           : True
2025-08-16 03:03:02,543 - INFO - tau                      : 0.001
2025-08-16 03:03:02,543 - INFO - update_cycles            : 2
2025-08-16 03:03:02,543 - INFO - ----------------------------------------
2025-08-16 03:03:02,543 - INFO - Log file: /home/osos/Mohamed_Masters_Thesis/DHP_pendulum/training_logs/dhp_pendulum_training_20250816_030302.log
2025-08-16 03:03:02,543 - INFO - ================================================================================
2025-08-16 03:03:02,543 - INFO - 
==================================================
2025-08-16 03:03:02,543 - INFO - STARTING DHP TRAINING FOR PENDULUM
2025-08-16 03:03:02,543 - INFO - ==================================================
2025-08-16 03:03:02,545 - WARNING - From /home/osos/Mohamed_Masters_Thesis/msc-thesis/agents/dhp.py:70: The name tf.Session is deprecated. Please use tf.compat.v1.Session instead.

2025-08-16 03:03:02,657 - WARNING - From /home/osos/Mohamed_Masters_Thesis/msc-thesis/agents/dhp.py:100: The name tf.placeholder is deprecated. Please use tf.compat.v1.placeholder instead.

2025-08-16 03:03:02,659 - WARNING - From /home/osos/Mohamed_Masters_Thesis/msc-thesis/agents/dhp.py:102: The name tf.placeholder_with_default is deprecated. Please use tf.compat.v1.placeholder_with_default instead.

2025-08-16 03:03:02,662 - WARNING - From /home/osos/Mohamed_Masters_Thesis/msc-thesis/agents/dhp.py:124: The name tf.variable_scope is deprecated. Please use tf.compat.v1.variable_scope instead.

2025-08-16 03:03:02,663 - WARNING - From /home/osos/Mohamed_Masters_Thesis/msc-thesis/agents/dhp.py:128: dense (from tensorflow.python.layers.core) is deprecated and will be removed in a future version.
Instructions for updating:
Use keras.layers.Dense instead.
2025-08-16 03:03:02,665 - WARNING - From /home/osos/anaconda3/envs/DHP/lib/python3.7/site-packages/tensorflow_core/python/layers/core.py:187: Layer.apply (from tensorflow.python.keras.engine.base_layer) is deprecated and will be removed in a future version.
Instructions for updating:
Please use `layer.__call__` method instead.
2025-08-16 03:03:02,711 - WARNING - From /home/osos/Mohamed_Masters_Thesis/msc-thesis/agents/dhp.py:133: The name tf.trainable_variables is deprecated. Please use tf.compat.v1.trainable_variables instead.

2025-08-16 03:03:02,727 - WARNING - From /home/osos/Mohamed_Masters_Thesis/msc-thesis/agents/dhp.py:139: The name tf.train.GradientDescentOptimizer is deprecated. Please use tf.compat.v1.train.GradientDescentOptimizer instead.

2025-08-16 03:03:02,764 - WARNING - From /home/osos/Mohamed_Masters_Thesis/msc-thesis/agents/dhp.py:156: The name tf.assign is deprecated. Please use tf.compat.v1.assign instead.

2025-08-16 03:03:02,865 - WARNING - From /home/osos/Mohamed_Masters_Thesis/msc-thesis/agents/dhp.py:79: The name tf.summary.merge_all is deprecated. Please use tf.compat.v1.summary.merge_all instead.

2025-08-16 03:03:02,865 - WARNING - From /home/osos/Mohamed_Masters_Thesis/msc-thesis/agents/dhp.py:80: The name tf.train.Saver is deprecated. Please use tf.compat.v1.train.Saver instead.

2025-08-16 03:03:02,883 - WARNING - From /home/osos/Mohamed_Masters_Thesis/msc-thesis/agents/dhp.py:81: The name tf.global_variables_initializer is deprecated. Please use tf.compat.v1.global_variables_initializer instead.

2025-08-16 03:03:02,946 - INFO - 
Training for 100 episodes...
2025-08-16 03:03:02,947 - INFO - Episode | Reward  | Avg Cost | Pos Error | Success | Time
2025-08-16 03:03:02,947 - INFO - ------------------------------------------------------------
2025-08-16 03:03:04,649 - INFO -       0 | -35322.12 | 2279.676 |    2.2453 |   0.000 |    1.7s
2025-08-16 03:03:04,751 - INFO - CONVERGENCE EPISODE 1: 0.0021 rad
2025-08-16 03:03:10,903 - INFO - CONVERGENCE EPISODE 5: 0.3379 rad
2025-08-16 03:03:13,987 - INFO - CONVERGENCE EPISODE 7: 0.1604 rad
2025-08-16 03:03:22,572 - INFO - CONVERGENCE EPISODE 13: 0.0006 rad
2025-08-16 03:03:24,147 - INFO - CONVERGENCE EPISODE 14: 0.1141 rad
2025-08-16 03:03:32,124 - INFO - CONVERGENCE EPISODE 20: 0.0019 rad
2025-08-16 03:03:33,737 - INFO - CONVERGENCE EPISODE 22: 0.0008 rad
2025-08-16 03:03:52,853 - INFO - CONVERGENCE EPISODE 35: 0.0027 rad
2025-08-16 03:03:52,874 - INFO - CONVERGENCE EPISODE 36: 0.0023 rad
2025-08-16 03:04:00,905 - INFO - CONVERGENCE EPISODE 42: 0.0012 rad
2025-08-16 03:04:02,469 - INFO - CONVERGENCE EPISODE 43: 0.4212 rad
2025-08-16 03:04:05,516 - INFO - CONVERGENCE EPISODE 45: 0.3158 rad
2025-08-16 03:04:10,091 - INFO - CONVERGENCE EPISODE 48: 0.0023 rad
2025-08-16 03:04:13,102 - INFO -      50 | -21438.70 | 3363.771 |    0.8571 |   0.000 |   70.2s
2025-08-16 03:04:16,103 - INFO - CONVERGENCE EPISODE 52: 0.4634 rad
2025-08-16 03:04:23,799 - INFO - CONVERGENCE EPISODE 58: 0.0012 rad
2025-08-16 03:04:40,539 - INFO - CONVERGENCE EPISODE 69: 0.2176 rad
2025-08-16 03:04:55,807 - INFO - CONVERGENCE EPISODE 80: 0.0026 rad
2025-08-16 03:05:01,824 - INFO - CONVERGENCE EPISODE 84: 0.3969 rad
2025-08-16 03:05:03,363 - INFO - CONVERGENCE EPISODE 85: 0.1316 rad
2025-08-16 03:05:24,673 - INFO - 
================================================================================
2025-08-16 03:05:24,674 - INFO - TRAINING COMPLETED - FINAL ANALYSIS
2025-08-16 03:05:24,674 - INFO - ================================================================================
2025-08-16 03:05:24,674 - INFO - Total training time: 141.7 seconds (2.4 minutes)
2025-08-16 03:05:24,674 - INFO - Final episode reward: -87849.70
2025-08-16 03:05:24,674 - INFO - Final position error: 1.4413 rad
2025-08-16 03:05:24,674 - INFO - Final success rate: 0.000
2025-08-16 03:05:24,674 - INFO - Best position error achieved: 0.0006 rad at episode 13
2025-08-16 03:05:24,674 - INFO - Total convergent episodes (< 0.5 rad): 19/100 (19.00%)
2025-08-16 03:05:24,674 - INFO - Recent success rate (last 100 episodes): 0.00%
2025-08-16 03:05:24,674 - INFO - Stable performance achieved: No
2025-08-16 03:05:24,674 - INFO - Position error statistics:
2025-08-16 03:05:24,674 - INFO -   Mean: 1.4892 rad (85.3°)
2025-08-16 03:05:24,674 - INFO -   Std:  0.9392 rad (53.8°)
2025-08-16 03:05:24,674 - INFO -   Min:  0.0006 rad (0.0°)
2025-08-16 03:05:24,674 - INFO -   Max:  3.1367 rad (179.7°)
2025-08-16 03:05:24,675 - INFO -   Median: 1.6014 rad (91.8°)
2025-08-16 03:05:24,675 - INFO - Performance distribution:
2025-08-16 03:05:24,675 - INFO -   Excellent (< 0.1 rad / 5.7°): 10 episodes (10.0%)
2025-08-16 03:05:24,675 - INFO -   Good (0.1-0.3 rad / 5.7°-17.2°): 4 episodes (4.0%)
2025-08-16 03:05:24,675 - INFO -   Acceptable (0.3-0.5 rad / 17.2°-28.6°): 5 episodes (5.0%)
2025-08-16 03:05:24,675 - INFO -   Poor (> 0.5 rad / 28.6°): 81 episodes (81.0%)
2025-08-16 03:05:24,675 - INFO - 
TRAINING CONFIGURATION EFFECTIVENESS:
2025-08-16 03:05:24,675 - INFO - ----------------------------------------
2025-08-16 03:05:24,675 - INFO - Episodes needed for first convergence: 1
2025-08-16 03:05:24,675 - INFO - Excitation phase ended at episode: 15
2025-08-16 03:05:24,676 - INFO - Training metrics saved to: /home/osos/Mohamed_Masters_Thesis/DHP_pendulum/training_logs/dhp_pendulum_metrics_20250816_030524.json
2025-08-16 03:05:24,676 - INFO - 
BEST MODEL CONFIRMED:
2025-08-16 03:05:24,676 - INFO -   Episode: 13
2025-08-16 03:05:24,676 - INFO -   Position Error: 0.0006 rad (0.0°)
2025-08-16 03:05:24,676 - INFO -   Model files: dhp_pendulum_best_*
2025-08-16 03:05:24,676 - INFO - ================================================================================
2025-08-16 03:05:24,676 - INFO - TRAINING SESSION COMPLETED
2025-08-16 03:05:24,676 - INFO - Detailed log saved to: /home/osos/Mohamed_Masters_Thesis/DHP_pendulum/training_logs/dhp_pendulum_training_20250816_030302.log
2025-08-16 03:05:24,676 - INFO - ================================================================================
2025-08-16 03:05:24,677 - ERROR - Failed to record session-best episode 13: not enough values to unpack (expected 5, got 4)
2025-08-16 03:05:24,745 - INFO - Model saved with state normalization ENABLED
