2025-08-16 14:41:36,119 - INFO - ================================================================================
2025-08-16 14:41:36,119 - INFO - DHP PENDULUM TRAINING SESSION STARTED
2025-08-16 14:41:36,119 - INFO - ================================================================================
2025-08-16 14:41:36,119 - INFO - HYPERPARAMETERS:
2025-08-16 14:41:36,119 - INFO - ----------------------------------------
2025-08-16 14:41:36,120 - INFO - action_size              : 1
2025-08-16 14:41:36,120 - INFO - activation               : tanh
2025-08-16 14:41:36,120 - INFO - best_episode_gui         : False
2025-08-16 14:41:36,120 - INFO - episode_length           : 200
2025-08-16 14:41:36,120 - INFO - excitation_amplitude     : 0.2
2025-08-16 14:41:36,120 - INFO - excitation_steps         : 7500
2025-08-16 14:41:36,120 - INFO - gamma                    : 0.95
2025-08-16 14:41:36,120 - INFO - gui                      : False
2025-08-16 14:41:36,120 - INFO - hidden_layer_size        : [64, 64, 32]
2025-08-16 14:41:36,120 - INFO - log_interval             : 50
2025-08-16 14:41:36,120 - INFO - lr_actor                 : 0.005
2025-08-16 14:41:36,120 - INFO - lr_critic                : 0.01
2025-08-16 14:41:36,120 - INFO - max_steps                : 200
2025-08-16 14:41:36,120 - INFO - normalize_states         : True
2025-08-16 14:41:36,120 - INFO - num_episodes             : 1500
2025-08-16 14:41:36,120 - INFO - predict_delta            : False
2025-08-16 14:41:36,120 - INFO - record                   : False
2025-08-16 14:41:36,120 - INFO - record_best_episodes     : True
2025-08-16 14:41:36,120 - INFO - recording_fps            : 30
2025-08-16 14:41:36,120 - INFO - reference_size           : 2
2025-08-16 14:41:36,120 - INFO - render_best_only         : True
2025-08-16 14:41:36,120 - INFO - render_episode_steps     : 50
2025-08-16 14:41:36,120 - INFO - render_frequency         : 10
2025-08-16 14:41:36,120 - INFO - render_realtime          : False
2025-08-16 14:41:36,120 - INFO - render_training          : False
2025-08-16 14:41:36,120 - INFO - rls_action_size          : 1
2025-08-16 14:41:36,120 - INFO - rls_covariance           : 100.0
2025-08-16 14:41:36,120 - INFO - rls_gamma                : 0.9995
2025-08-16 14:41:36,120 - INFO - rls_state_size           : 2
2025-08-16 14:41:36,120 - INFO - save_interval            : 200
2025-08-16 14:41:36,120 - INFO - split                    : False
2025-08-16 14:41:36,121 - INFO - state_bounds             : {'theta': [-3.141592653589793, 3.141592653589793], 'theta_dot': [-8.0, 8.0]}
2025-08-16 14:41:36,121 - INFO - state_size               : 2
2025-08-16 14:41:36,121 - INFO - target_network           : True
2025-08-16 14:41:36,121 - INFO - tau                      : 0.001
2025-08-16 14:41:36,121 - INFO - update_cycles            : 2
2025-08-16 14:41:36,121 - INFO - ----------------------------------------
2025-08-16 14:41:36,121 - INFO - Log file: /home/osos/Mohamed_Masters_Thesis/DHP_pendulum/training_logs/dhp_pendulum_training_20250816_144136.log
2025-08-16 14:41:36,121 - INFO - ================================================================================
2025-08-16 14:41:36,121 - INFO - 
==================================================
2025-08-16 14:41:36,121 - INFO - STARTING DHP TRAINING FOR PENDULUM
2025-08-16 14:41:36,121 - INFO - ==================================================
2025-08-16 14:41:36,124 - WARNING - From /home/osos/Mohamed_Masters_Thesis/msc-thesis/agents/dhp.py:70: The name tf.Session is deprecated. Please use tf.compat.v1.Session instead.

2025-08-16 14:41:36,258 - WARNING - From /home/osos/Mohamed_Masters_Thesis/msc-thesis/agents/dhp.py:100: The name tf.placeholder is deprecated. Please use tf.compat.v1.placeholder instead.

2025-08-16 14:41:36,261 - WARNING - From /home/osos/Mohamed_Masters_Thesis/msc-thesis/agents/dhp.py:102: The name tf.placeholder_with_default is deprecated. Please use tf.compat.v1.placeholder_with_default instead.

2025-08-16 14:41:36,268 - WARNING - From /home/osos/Mohamed_Masters_Thesis/msc-thesis/agents/dhp.py:124: The name tf.variable_scope is deprecated. Please use tf.compat.v1.variable_scope instead.

2025-08-16 14:41:36,269 - WARNING - From /home/osos/Mohamed_Masters_Thesis/msc-thesis/agents/dhp.py:128: dense (from tensorflow.python.layers.core) is deprecated and will be removed in a future version.
Instructions for updating:
Use keras.layers.Dense instead.
2025-08-16 14:41:36,271 - WARNING - From /home/osos/anaconda3/envs/DHP/lib/python3.7/site-packages/tensorflow_core/python/layers/core.py:187: Layer.apply (from tensorflow.python.keras.engine.base_layer) is deprecated and will be removed in a future version.
Instructions for updating:
Please use `layer.__call__` method instead.
2025-08-16 14:41:36,307 - WARNING - From /home/osos/Mohamed_Masters_Thesis/msc-thesis/agents/dhp.py:133: The name tf.trainable_variables is deprecated. Please use tf.compat.v1.trainable_variables instead.

2025-08-16 14:41:36,323 - WARNING - From /home/osos/Mohamed_Masters_Thesis/msc-thesis/agents/dhp.py:139: The name tf.train.GradientDescentOptimizer is deprecated. Please use tf.compat.v1.train.GradientDescentOptimizer instead.

2025-08-16 14:41:36,369 - WARNING - From /home/osos/Mohamed_Masters_Thesis/msc-thesis/agents/dhp.py:156: The name tf.assign is deprecated. Please use tf.compat.v1.assign instead.

2025-08-16 14:41:36,457 - WARNING - From /home/osos/Mohamed_Masters_Thesis/msc-thesis/agents/dhp.py:79: The name tf.summary.merge_all is deprecated. Please use tf.compat.v1.summary.merge_all instead.

2025-08-16 14:41:36,458 - WARNING - From /home/osos/Mohamed_Masters_Thesis/msc-thesis/agents/dhp.py:80: The name tf.train.Saver is deprecated. Please use tf.compat.v1.train.Saver instead.

2025-08-16 14:41:36,475 - WARNING - From /home/osos/Mohamed_Masters_Thesis/msc-thesis/agents/dhp.py:81: The name tf.global_variables_initializer is deprecated. Please use tf.compat.v1.global_variables_initializer instead.

2025-08-16 14:41:36,537 - INFO - 
Training for 1000 episodes...
2025-08-16 14:41:36,537 - INFO - Episode | Reward  | Avg Cost | Pos Error | Success | Time
2025-08-16 14:41:36,537 - INFO - ------------------------------------------------------------
2025-08-16 14:42:02,845 - INFO -       0 | -15628.62 | 23950.473 |    3.0641 |   0.000 |   26.3s
2025-08-16 14:43:48,714 - INFO - CONVERGENCE EPISODE 4: 0.2382 rad
2025-08-16 14:44:04,938 - INFO - CONVERGENCE EPISODE 5: 0.0006 rad
2025-08-16 14:44:22,534 - INFO - CONVERGENCE EPISODE 6: 0.0012 rad
2025-08-16 14:44:40,749 - INFO - CONVERGENCE EPISODE 7: 0.0008 rad
2025-08-16 14:44:53,822 - INFO - CONVERGENCE EPISODE 8: 0.0021 rad
2025-08-16 14:45:01,783 - INFO - CONVERGENCE EPISODE 9: 0.0019 rad
2025-08-16 14:45:11,341 - INFO - CONVERGENCE EPISODE 10: 0.0005 rad
2025-08-16 14:45:35,629 - INFO - CONVERGENCE EPISODE 11: 0.0005 rad
2025-08-16 14:45:55,396 - INFO - CONVERGENCE EPISODE 12: 0.0017 rad
2025-08-16 14:46:09,427 - INFO - CONVERGENCE EPISODE 13: 0.0017 rad
2025-08-16 14:46:09,428 - INFO - STABLE PERFORMANCE ACHIEVED starting at episode 4
2025-08-16 14:46:35,403 - INFO - CONVERGENCE EPISODE 14: 0.0598 rad
2025-08-16 14:47:02,148 - INFO - CONVERGENCE EPISODE 15: 0.1686 rad
2025-08-16 14:47:26,003 - INFO - CONVERGENCE EPISODE 16: 0.0009 rad
2025-08-16 14:47:38,064 - INFO - CONVERGENCE EPISODE 17: 0.0009 rad
2025-08-16 14:47:53,366 - INFO - CONVERGENCE EPISODE 18: 0.0003 rad
2025-08-16 14:48:02,635 - INFO - CONVERGENCE EPISODE 19: 0.0002 rad
2025-08-16 14:48:21,150 - INFO - CONVERGENCE EPISODE 20: 0.0009 rad
2025-08-16 14:48:25,775 - INFO - CONVERGENCE EPISODE 21: 0.0024 rad
2025-08-16 14:48:41,251 - INFO - CONVERGENCE EPISODE 22: 0.0015 rad
2025-08-16 14:48:48,793 - INFO - CONVERGENCE EPISODE 23: 0.0020 rad
2025-08-16 14:49:05,048 - INFO - CONVERGENCE EPISODE 24: 0.0010 rad
2025-08-16 14:49:23,676 - INFO - CONVERGENCE EPISODE 25: 0.0002 rad
2025-08-16 14:49:23,676 - INFO -      25 | -1894.93 | 928012.169 |    0.0002 |   0.000 |  467.1s
2025-08-16 14:49:33,715 - INFO - CONVERGENCE EPISODE 26: 0.0030 rad
2025-08-16 14:49:46,729 - INFO - CONVERGENCE EPISODE 27: 0.0003 rad
2025-08-16 14:50:09,803 - INFO - CONVERGENCE EPISODE 28: 0.0019 rad
2025-08-16 14:50:36,866 - INFO - CONVERGENCE EPISODE 29: 0.1774 rad
2025-08-16 14:50:54,575 - INFO - CONVERGENCE EPISODE 30: 0.0019 rad
2025-08-16 14:51:21,302 - INFO - CONVERGENCE EPISODE 31: 0.1720 rad
2025-08-16 14:51:37,245 - INFO - CONVERGENCE EPISODE 32: 0.0023 rad
2025-08-16 14:51:51,827 - INFO - CONVERGENCE EPISODE 33: 0.0007 rad
2025-08-16 14:52:16,365 - INFO - CONVERGENCE EPISODE 34: 0.0008 rad
2025-08-16 14:52:27,673 - INFO - CONVERGENCE EPISODE 35: 0.0018 rad
2025-08-16 14:52:34,289 - INFO - CONVERGENCE EPISODE 36: 0.0012 rad
2025-08-16 14:52:43,318 - INFO - CONVERGENCE EPISODE 37: 0.0014 rad
2025-08-16 14:53:10,023 - INFO - CONVERGENCE EPISODE 38: 0.0228 rad
2025-08-16 14:53:21,979 - INFO - CONVERGENCE EPISODE 39: 0.0019 rad
2025-08-16 14:53:34,391 - INFO - CONVERGENCE EPISODE 40: 0.0009 rad
2025-08-16 14:53:46,427 - INFO - CONVERGENCE EPISODE 41: 0.0027 rad
2025-08-16 14:54:07,880 - INFO - CONVERGENCE EPISODE 42: 0.0022 rad
2025-08-16 14:54:34,274 - INFO - CONVERGENCE EPISODE 43: 0.1823 rad
2025-08-16 14:54:42,991 - INFO - CONVERGENCE EPISODE 44: 0.0013 rad
2025-08-16 14:54:52,489 - INFO - CONVERGENCE EPISODE 45: 0.0018 rad
