2025-08-16 13:26:52,477 - INFO - ================================================================================
2025-08-16 13:26:52,477 - INFO - DHP PENDULUM TRAINING SESSION STARTED
2025-08-16 13:26:52,477 - INFO - ================================================================================
2025-08-16 13:26:52,477 - INFO - HYPERPARAMETERS:
2025-08-16 13:26:52,477 - INFO - ----------------------------------------
2025-08-16 13:26:52,477 - INFO - action_size              : 1
2025-08-16 13:26:52,477 - INFO - activation               : tanh
2025-08-16 13:26:52,477 - INFO - best_episode_gui         : False
2025-08-16 13:26:52,477 - INFO - episode_length           : 200
2025-08-16 13:26:52,477 - INFO - excitation_amplitude     : 0.2
2025-08-16 13:26:52,477 - INFO - excitation_steps         : 7500
2025-08-16 13:26:52,478 - INFO - gamma                    : 0.95
2025-08-16 13:26:52,478 - INFO - gui                      : False
2025-08-16 13:26:52,478 - INFO - hidden_layer_size        : [64, 64, 32]
2025-08-16 13:26:52,478 - INFO - log_interval             : 50
2025-08-16 13:26:52,478 - INFO - lr_actor                 : 0.005
2025-08-16 13:26:52,478 - INFO - lr_critic                : 0.01
2025-08-16 13:26:52,478 - INFO - max_steps                : 200
2025-08-16 13:26:52,478 - INFO - normalize_states         : True
2025-08-16 13:26:52,478 - INFO - num_episodes             : 1500
2025-08-16 13:26:52,478 - INFO - predict_delta            : False
2025-08-16 13:26:52,478 - INFO - record                   : False
2025-08-16 13:26:52,478 - INFO - record_best_episodes     : True
2025-08-16 13:26:52,478 - INFO - recording_fps            : 30
2025-08-16 13:26:52,478 - INFO - reference_size           : 2
2025-08-16 13:26:52,478 - INFO - rls_action_size          : 1
2025-08-16 13:26:52,478 - INFO - rls_covariance           : 100.0
2025-08-16 13:26:52,478 - INFO - rls_gamma                : 0.9995
2025-08-16 13:26:52,478 - INFO - rls_state_size           : 2
2025-08-16 13:26:52,478 - INFO - save_interval            : 200
2025-08-16 13:26:52,478 - INFO - split                    : False
2025-08-16 13:26:52,478 - INFO - state_bounds             : {'theta': [-3.141592653589793, 3.141592653589793], 'theta_dot': [-8.0, 8.0]}
2025-08-16 13:26:52,478 - INFO - state_size               : 2
2025-08-16 13:26:52,478 - INFO - target_network           : True
2025-08-16 13:26:52,478 - INFO - tau                      : 0.001
2025-08-16 13:26:52,478 - INFO - update_cycles            : 2
2025-08-16 13:26:52,478 - INFO - ----------------------------------------
2025-08-16 13:26:52,478 - INFO - Log file: /home/osos/Mohamed_Masters_Thesis/DHP_pendulum/training_logs/dhp_pendulum_training_20250816_132652.log
2025-08-16 13:26:52,478 - INFO - ================================================================================
2025-08-16 13:26:52,479 - INFO - 
==================================================
2025-08-16 13:26:52,479 - INFO - STARTING DHP TRAINING FOR PENDULUM
2025-08-16 13:26:52,479 - INFO - ==================================================
2025-08-16 13:26:52,480 - WARNING - From /home/osos/Mohamed_Masters_Thesis/msc-thesis/agents/dhp.py:70: The name tf.Session is deprecated. Please use tf.compat.v1.Session instead.

2025-08-16 13:26:52,594 - WARNING - From /home/osos/Mohamed_Masters_Thesis/msc-thesis/agents/dhp.py:100: The name tf.placeholder is deprecated. Please use tf.compat.v1.placeholder instead.

2025-08-16 13:26:52,595 - WARNING - From /home/osos/Mohamed_Masters_Thesis/msc-thesis/agents/dhp.py:102: The name tf.placeholder_with_default is deprecated. Please use tf.compat.v1.placeholder_with_default instead.

2025-08-16 13:26:52,598 - WARNING - From /home/osos/Mohamed_Masters_Thesis/msc-thesis/agents/dhp.py:124: The name tf.variable_scope is deprecated. Please use tf.compat.v1.variable_scope instead.

2025-08-16 13:26:52,598 - WARNING - From /home/osos/Mohamed_Masters_Thesis/msc-thesis/agents/dhp.py:128: dense (from tensorflow.python.layers.core) is deprecated and will be removed in a future version.
Instructions for updating:
Use keras.layers.Dense instead.
2025-08-16 13:26:52,599 - WARNING - From /home/osos/anaconda3/envs/DHP/lib/python3.7/site-packages/tensorflow_core/python/layers/core.py:187: Layer.apply (from tensorflow.python.keras.engine.base_layer) is deprecated and will be removed in a future version.
Instructions for updating:
Please use `layer.__call__` method instead.
2025-08-16 13:26:52,640 - WARNING - From /home/osos/Mohamed_Masters_Thesis/msc-thesis/agents/dhp.py:133: The name tf.trainable_variables is deprecated. Please use tf.compat.v1.trainable_variables instead.

2025-08-16 13:26:52,657 - WARNING - From /home/osos/Mohamed_Masters_Thesis/msc-thesis/agents/dhp.py:139: The name tf.train.GradientDescentOptimizer is deprecated. Please use tf.compat.v1.train.GradientDescentOptimizer instead.

2025-08-16 13:26:52,698 - WARNING - From /home/osos/Mohamed_Masters_Thesis/msc-thesis/agents/dhp.py:156: The name tf.assign is deprecated. Please use tf.compat.v1.assign instead.

2025-08-16 13:26:52,789 - WARNING - From /home/osos/Mohamed_Masters_Thesis/msc-thesis/agents/dhp.py:79: The name tf.summary.merge_all is deprecated. Please use tf.compat.v1.summary.merge_all instead.

2025-08-16 13:26:52,790 - WARNING - From /home/osos/Mohamed_Masters_Thesis/msc-thesis/agents/dhp.py:80: The name tf.train.Saver is deprecated. Please use tf.compat.v1.train.Saver instead.

2025-08-16 13:26:52,806 - WARNING - From /home/osos/Mohamed_Masters_Thesis/msc-thesis/agents/dhp.py:81: The name tf.global_variables_initializer is deprecated. Please use tf.compat.v1.global_variables_initializer instead.

2025-08-16 13:26:52,871 - INFO - 
Training for 1000 episodes...
2025-08-16 13:26:52,871 - INFO - Episode | Reward  | Avg Cost | Pos Error | Success | Time
2025-08-16 13:26:52,871 - INFO - ------------------------------------------------------------
2025-08-16 13:26:54,578 - INFO -       0 | -10340.94 |    6.631 |    2.8617 |   0.000 |    1.7s
2025-08-16 13:26:56,296 - INFO - CONVERGENCE EPISODE 2: 0.0024 rad
2025-08-16 13:26:59,422 - INFO - CONVERGENCE EPISODE 5: 0.0007 rad
2025-08-16 13:26:59,648 - INFO - CONVERGENCE EPISODE 6: 0.0027 rad
2025-08-16 13:26:59,734 - INFO - CONVERGENCE EPISODE 7: 0.0012 rad
2025-08-16 13:27:08,850 - INFO - CONVERGENCE EPISODE 14: 0.0006 rad
2025-08-16 13:27:21,866 - INFO - CONVERGENCE EPISODE 24: 0.0024 rad
2025-08-16 13:27:23,345 - INFO -      25 | -9057.98 |    6.816 |    3.0003 |   0.000 |   30.5s
2025-08-16 13:27:47,540 - INFO - CONVERGENCE EPISODE 42: 0.0016 rad
2025-08-16 13:27:52,587 - INFO - CONVERGENCE EPISODE 46: 0.0029 rad
2025-08-16 13:27:58,938 - INFO -      50 | -11060.47 |    6.415 |    2.9300 |   0.000 |   66.1s
2025-08-16 13:28:05,526 - INFO - CONVERGENCE EPISODE 54: 0.0005 rad
