2025-08-15 01:58:54,206 - INFO - ================================================================================
2025-08-15 01:58:54,206 - INFO - DHP PENDULUM TRAINING SESSION STARTED
2025-08-15 01:58:54,206 - INFO - ================================================================================
2025-08-15 01:58:54,206 - INFO - HYPERPARAMETERS:
2025-08-15 01:58:54,206 - INFO - ----------------------------------------
2025-08-15 01:58:54,206 - INFO - action_size              : 1
2025-08-15 01:58:54,207 - INFO - activation               : tanh
2025-08-15 01:58:54,207 - INFO - best_episode_gui         : False
2025-08-15 01:58:54,207 - INFO - episode_length           : 200
2025-08-15 01:58:54,207 - INFO - excitation_amplitude     : 0.2
2025-08-15 01:58:54,207 - INFO - excitation_steps         : 7500
2025-08-15 01:58:54,207 - INFO - fixed_target             : None
2025-08-15 01:58:54,207 - INFO - gamma                    : 0.95
2025-08-15 01:58:54,207 - INFO - gui                      : False
2025-08-15 01:58:54,207 - INFO - hidden_layer_size        : [64, 64, 32]
2025-08-15 01:58:54,207 - INFO - log_interval             : 50
2025-08-15 01:58:54,207 - INFO - lr_actor                 : 0.005
2025-08-15 01:58:54,207 - INFO - lr_critic                : 0.01
2025-08-15 01:58:54,207 - INFO - max_steps                : 200
2025-08-15 01:58:54,207 - INFO - normalize_states         : True
2025-08-15 01:58:54,207 - INFO - num_episodes             : 1500
2025-08-15 01:58:54,208 - INFO - predict_delta            : False
2025-08-15 01:58:54,208 - INFO - record                   : False
2025-08-15 01:58:54,208 - INFO - record_best_episodes     : True
2025-08-15 01:58:54,208 - INFO - recording_fps            : 30
2025-08-15 01:58:54,208 - INFO - reference_size           : 3
2025-08-15 01:58:54,208 - INFO - rls_action_size          : 1
2025-08-15 01:58:54,208 - INFO - rls_covariance           : 100.0
2025-08-15 01:58:54,208 - INFO - rls_gamma                : 0.9995
2025-08-15 01:58:54,208 - INFO - rls_state_size           : 3
2025-08-15 01:58:54,208 - INFO - save_interval            : 200
2025-08-15 01:58:54,208 - INFO - split                    : False
2025-08-15 01:58:54,208 - INFO - state_bounds             : {'cos_theta': [-1.0, 1.0], 'sin_theta': [-1.0, 1.0], 'theta_dot': [-8.0, 8.0]}
2025-08-15 01:58:54,208 - INFO - state_size               : 3
2025-08-15 01:58:54,208 - INFO - target_network           : True
2025-08-15 01:58:54,208 - INFO - tau                      : 0.001
2025-08-15 01:58:54,209 - INFO - update_cycles            : 2
2025-08-15 01:58:54,209 - INFO - ----------------------------------------
2025-08-15 01:58:54,209 - INFO - Log file: /home/osos/Mohamed_Masters_Thesis/DHP_pendulum/training_logs/dhp_pendulum_training_20250815_015854.log
2025-08-15 01:58:54,209 - INFO - ================================================================================
2025-08-15 01:58:54,209 - INFO - 
CONFIGURATION OVERRIDES APPLIED:
2025-08-15 01:58:54,209 - INFO -   num_episodes: 400
2025-08-15 01:58:54,209 - INFO -   episode_length: 200
2025-08-15 01:58:54,209 - INFO -   max_steps: 200
2025-08-15 01:58:54,209 - INFO -   excitation_steps: 7500
2025-08-15 01:58:54,209 - INFO -   excitation_amplitude: 0.2
2025-08-15 01:58:54,209 - INFO -   log_interval: 50
2025-08-15 01:58:54,209 - INFO -   save_interval: 200
2025-08-15 01:58:54,210 - INFO -   gui: False
2025-08-15 01:58:54,210 - INFO -   record: False
2025-08-15 01:58:54,210 - INFO -   normalize_states: True
2025-08-15 01:58:54,210 - INFO -   record_best_episodes: True
2025-08-15 01:58:54,210 - INFO -   lr_critic: 0.001
2025-08-15 01:58:54,210 - INFO -   lr_actor: 0.0005
2025-08-15 01:58:54,210 - INFO -   hidden_layer_size: [64, 64, 32]
2025-08-15 01:58:54,210 - INFO -   gamma: 0.95
2025-08-15 01:58:54,210 - INFO -   update_cycles: 2
2025-08-15 01:58:54,210 - INFO -   tau: 0.001
2025-08-15 01:58:54,210 - INFO - 
==================================================
2025-08-15 01:58:54,210 - INFO - STARTING DHP TRAINING FOR PENDULUM
2025-08-15 01:58:54,210 - INFO - ==================================================
2025-08-15 01:58:54,213 - WARNING - From /home/osos/Mohamed_Masters_Thesis/msc-thesis/agents/dhp.py:70: The name tf.Session is deprecated. Please use tf.compat.v1.Session instead.

2025-08-15 01:58:54,323 - WARNING - From /home/osos/Mohamed_Masters_Thesis/msc-thesis/agents/dhp.py:100: The name tf.placeholder is deprecated. Please use tf.compat.v1.placeholder instead.

2025-08-15 01:58:54,325 - WARNING - From /home/osos/Mohamed_Masters_Thesis/msc-thesis/agents/dhp.py:102: The name tf.placeholder_with_default is deprecated. Please use tf.compat.v1.placeholder_with_default instead.

2025-08-15 01:58:54,327 - WARNING - From /home/osos/Mohamed_Masters_Thesis/msc-thesis/agents/dhp.py:124: The name tf.variable_scope is deprecated. Please use tf.compat.v1.variable_scope instead.

2025-08-15 01:58:54,328 - WARNING - From /home/osos/Mohamed_Masters_Thesis/msc-thesis/agents/dhp.py:128: dense (from tensorflow.python.layers.core) is deprecated and will be removed in a future version.
Instructions for updating:
Use keras.layers.Dense instead.
2025-08-15 01:58:54,328 - WARNING - From /home/osos/anaconda3/envs/DHP/lib/python3.7/site-packages/tensorflow_core/python/layers/core.py:187: Layer.apply (from tensorflow.python.keras.engine.base_layer) is deprecated and will be removed in a future version.
Instructions for updating:
Please use `layer.__call__` method instead.
2025-08-15 01:58:54,356 - WARNING - From /home/osos/Mohamed_Masters_Thesis/msc-thesis/agents/dhp.py:133: The name tf.trainable_variables is deprecated. Please use tf.compat.v1.trainable_variables instead.

2025-08-15 01:58:54,368 - WARNING - From /home/osos/Mohamed_Masters_Thesis/msc-thesis/agents/dhp.py:139: The name tf.train.GradientDescentOptimizer is deprecated. Please use tf.compat.v1.train.GradientDescentOptimizer instead.

2025-08-15 01:58:54,400 - WARNING - From /home/osos/Mohamed_Masters_Thesis/msc-thesis/agents/dhp.py:156: The name tf.assign is deprecated. Please use tf.compat.v1.assign instead.

2025-08-15 01:58:54,466 - WARNING - From /home/osos/Mohamed_Masters_Thesis/msc-thesis/agents/dhp.py:79: The name tf.summary.merge_all is deprecated. Please use tf.compat.v1.summary.merge_all instead.

2025-08-15 01:58:54,466 - WARNING - From /home/osos/Mohamed_Masters_Thesis/msc-thesis/agents/dhp.py:80: The name tf.train.Saver is deprecated. Please use tf.compat.v1.train.Saver instead.

2025-08-15 01:58:54,477 - WARNING - From /home/osos/Mohamed_Masters_Thesis/msc-thesis/agents/dhp.py:81: The name tf.global_variables_initializer is deprecated. Please use tf.compat.v1.global_variables_initializer instead.

2025-08-15 01:58:54,525 - INFO - 
Training for 400 episodes...
2025-08-15 01:58:54,525 - INFO - Episode | Reward  | Avg Cost | Pos Error | Success | Time
2025-08-15 01:58:54,525 - INFO - ------------------------------------------------------------
2025-08-15 01:58:55,810 - INFO -       0 | -1073.22 |   37.981 |    3.0508 |   0.000 |    1.3s
2025-08-15 01:58:56,844 - INFO - CONVERGENCE EPISODE 1: 0.2792 rad
2025-08-15 01:58:57,838 - INFO - CONVERGENCE EPISODE 2: 0.0609 rad
2025-08-15 01:58:59,792 - INFO - CONVERGENCE EPISODE 4: 0.0006 rad
2025-08-15 01:59:02,688 - INFO - CONVERGENCE EPISODE 7: 0.2547 rad
2025-08-15 01:59:11,884 - INFO - CONVERGENCE EPISODE 16: 0.2990 rad
2025-08-15 01:59:13,004 - INFO - CONVERGENCE EPISODE 17: 0.0265 rad
2025-08-15 01:59:14,170 - INFO - CONVERGENCE EPISODE 18: 0.2953 rad
2025-08-15 01:59:19,455 - INFO - CONVERGENCE EPISODE 23: 0.1055 rad
2025-08-15 01:59:23,576 - INFO - CONVERGENCE EPISODE 27: 0.1853 rad
2025-08-15 01:59:43,359 - INFO - CONVERGENCE EPISODE 46: 0.3129 rad
2025-08-15 01:59:46,690 - INFO - CONVERGENCE EPISODE 49: 0.4714 rad
2025-08-15 01:59:47,738 - INFO -      50 | -908.69 |   29.433 |    0.6638 |   0.000 |   53.2s
2025-08-15 01:59:58,235 - INFO - CONVERGENCE EPISODE 60: 0.3320 rad
2025-08-15 02:00:02,648 - INFO - CONVERGENCE EPISODE 64: 0.0771 rad
2025-08-15 02:00:10,220 - INFO - CONVERGENCE EPISODE 71: 0.0742 rad
2025-08-15 02:00:20,059 - INFO - CONVERGENCE EPISODE 80: 0.2057 rad
2025-08-15 02:00:25,582 - INFO - CONVERGENCE EPISODE 85: 0.0769 rad
