2025-08-15 19:34:28,301 - INFO - ================================================================================
2025-08-15 19:34:28,302 - INFO - DHP PENDULUM TRAINING SESSION STARTED
2025-08-15 19:34:28,302 - INFO - ================================================================================
2025-08-15 19:34:28,302 - INFO - HYPERPARAMETERS:
2025-08-15 19:34:28,302 - INFO - ----------------------------------------
2025-08-15 19:34:28,302 - INFO - action_size              : 1
2025-08-15 19:34:28,302 - INFO - activation               : relu
2025-08-15 19:34:28,302 - INFO - best_episode_gui         : False
2025-08-15 19:34:28,302 - INFO - episode_length           : 200
2025-08-15 19:34:28,302 - INFO - excitation_amplitude     : 0.2
2025-08-15 19:34:28,302 - INFO - excitation_steps         : 7500
2025-08-15 19:34:28,302 - INFO - fixed_target             : 0
2025-08-15 19:34:28,302 - INFO - gamma                    : 0.95
2025-08-15 19:34:28,302 - INFO - gui                      : False
2025-08-15 19:34:28,302 - INFO - hidden_layer_size        : [64, 64, 32]
2025-08-15 19:34:28,302 - INFO - log_interval             : 50
2025-08-15 19:34:28,302 - INFO - lr_actor                 : 0.005
2025-08-15 19:34:28,302 - INFO - lr_critic                : 0.01
2025-08-15 19:34:28,302 - INFO - max_steps                : 200
2025-08-15 19:34:28,302 - INFO - normalize_states         : True
2025-08-15 19:34:28,302 - INFO - num_episodes             : 1500
2025-08-15 19:34:28,302 - INFO - predict_delta            : False
2025-08-15 19:34:28,302 - INFO - record                   : False
2025-08-15 19:34:28,302 - INFO - record_best_episodes     : True
2025-08-15 19:34:28,302 - INFO - recording_fps            : 30
2025-08-15 19:34:28,302 - INFO - reference_size           : 2
2025-08-15 19:34:28,302 - INFO - rls_action_size          : 1
2025-08-15 19:34:28,302 - INFO - rls_covariance           : 100.0
2025-08-15 19:34:28,302 - INFO - rls_gamma                : 0.9995
2025-08-15 19:34:28,302 - INFO - rls_state_size           : 2
2025-08-15 19:34:28,303 - INFO - save_interval            : 200
2025-08-15 19:34:28,303 - INFO - split                    : False
2025-08-15 19:34:28,303 - INFO - state_bounds             : {'theta': [-3.141592653589793, 3.141592653589793], 'theta_dot': [-8.0, 8.0]}
2025-08-15 19:34:28,303 - INFO - state_size               : 2
2025-08-15 19:34:28,303 - INFO - target_network           : True
2025-08-15 19:34:28,303 - INFO - tau                      : 0.001
2025-08-15 19:34:28,303 - INFO - update_cycles            : 2
2025-08-15 19:34:28,303 - INFO - ----------------------------------------
2025-08-15 19:34:28,303 - INFO - Log file: /home/osos/Mohamed_Masters_Thesis/DHP_pendulum/training_logs/dhp_pendulum_training_20250815_193428.log
2025-08-15 19:34:28,303 - INFO - ================================================================================
2025-08-15 19:34:28,303 - INFO - 
==================================================
2025-08-15 19:34:28,303 - INFO - STARTING DHP TRAINING FOR PENDULUM
2025-08-15 19:34:28,303 - INFO - ==================================================
2025-08-15 19:34:28,305 - WARNING - From /home/osos/Mohamed_Masters_Thesis/msc-thesis/agents/dhp.py:70: The name tf.Session is deprecated. Please use tf.compat.v1.Session instead.

2025-08-15 19:34:28,412 - WARNING - From /home/osos/Mohamed_Masters_Thesis/msc-thesis/agents/dhp.py:100: The name tf.placeholder is deprecated. Please use tf.compat.v1.placeholder instead.

2025-08-15 19:34:28,417 - WARNING - From /home/osos/Mohamed_Masters_Thesis/msc-thesis/agents/dhp.py:102: The name tf.placeholder_with_default is deprecated. Please use tf.compat.v1.placeholder_with_default instead.

2025-08-15 19:34:28,429 - WARNING - From /home/osos/Mohamed_Masters_Thesis/msc-thesis/agents/dhp.py:124: The name tf.variable_scope is deprecated. Please use tf.compat.v1.variable_scope instead.

2025-08-15 19:34:28,430 - WARNING - From /home/osos/Mohamed_Masters_Thesis/msc-thesis/agents/dhp.py:128: dense (from tensorflow.python.layers.core) is deprecated and will be removed in a future version.
Instructions for updating:
Use keras.layers.Dense instead.
2025-08-15 19:34:28,433 - WARNING - From /home/osos/anaconda3/envs/DHP/lib/python3.7/site-packages/tensorflow_core/python/layers/core.py:187: Layer.apply (from tensorflow.python.keras.engine.base_layer) is deprecated and will be removed in a future version.
Instructions for updating:
Please use `layer.__call__` method instead.
2025-08-15 19:34:28,475 - WARNING - From /home/osos/Mohamed_Masters_Thesis/msc-thesis/agents/dhp.py:133: The name tf.trainable_variables is deprecated. Please use tf.compat.v1.trainable_variables instead.

2025-08-15 19:34:28,491 - WARNING - From /home/osos/Mohamed_Masters_Thesis/msc-thesis/agents/dhp.py:139: The name tf.train.GradientDescentOptimizer is deprecated. Please use tf.compat.v1.train.GradientDescentOptimizer instead.

2025-08-15 19:34:28,522 - WARNING - From /home/osos/Mohamed_Masters_Thesis/msc-thesis/agents/dhp.py:156: The name tf.assign is deprecated. Please use tf.compat.v1.assign instead.

2025-08-15 19:34:28,586 - WARNING - From /home/osos/Mohamed_Masters_Thesis/msc-thesis/agents/dhp.py:79: The name tf.summary.merge_all is deprecated. Please use tf.compat.v1.summary.merge_all instead.

2025-08-15 19:34:28,586 - WARNING - From /home/osos/Mohamed_Masters_Thesis/msc-thesis/agents/dhp.py:80: The name tf.train.Saver is deprecated. Please use tf.compat.v1.train.Saver instead.

2025-08-15 19:34:28,596 - WARNING - From /home/osos/Mohamed_Masters_Thesis/msc-thesis/agents/dhp.py:81: The name tf.global_variables_initializer is deprecated. Please use tf.compat.v1.global_variables_initializer instead.

2025-08-15 19:34:28,643 - INFO - 
Training for 400 episodes...
2025-08-15 19:34:28,644 - INFO - Episode | Reward  | Avg Cost | Pos Error | Success | Time
2025-08-15 19:34:28,644 - INFO - ------------------------------------------------------------
2025-08-15 19:34:31,469 - INFO -       0 | -1600.44 |   49.450 |    1.6575 |   0.000 |    2.8s
2025-08-15 19:34:33,830 - INFO - CONVERGENCE EPISODE 1: 0.2926 rad
2025-08-15 19:35:10,379 - INFO - CONVERGENCE EPISODE 17: 0.3710 rad
2025-08-15 19:36:04,510 - INFO - CONVERGENCE EPISODE 42: 0.3175 rad
2025-08-15 19:36:21,692 - INFO -      50 | -2334.47 |   57.446 |    1.5894 |   0.000 |  113.0s
2025-08-15 19:36:55,747 - INFO - CONVERGENCE EPISODE 66: 0.1759 rad
