2025-08-16 11:22:26,443 - INFO - ================================================================================
2025-08-16 11:22:26,443 - INFO - DHP PENDULUM TRAINING SESSION STARTED
2025-08-16 11:22:26,443 - INFO - ================================================================================
2025-08-16 11:22:26,443 - INFO - HYPERPARAMETERS:
2025-08-16 11:22:26,443 - INFO - ----------------------------------------
2025-08-16 11:22:26,443 - INFO - action_size              : 1
2025-08-16 11:22:26,443 - INFO - activation               : tanh
2025-08-16 11:22:26,443 - INFO - best_episode_gui         : False
2025-08-16 11:22:26,443 - INFO - episode_length           : 200
2025-08-16 11:22:26,443 - INFO - excitation_amplitude     : 0.2
2025-08-16 11:22:26,443 - INFO - excitation_steps         : 7500
2025-08-16 11:22:26,443 - INFO - gamma                    : 0.95
2025-08-16 11:22:26,443 - INFO - gui                      : False
2025-08-16 11:22:26,443 - INFO - hidden_layer_size        : [64, 64, 32]
2025-08-16 11:22:26,443 - INFO - log_interval             : 50
2025-08-16 11:22:26,443 - INFO - lr_actor                 : 0.005
2025-08-16 11:22:26,443 - INFO - lr_critic                : 0.01
2025-08-16 11:22:26,443 - INFO - max_steps                : 200
2025-08-16 11:22:26,443 - INFO - normalize_states         : True
2025-08-16 11:22:26,443 - INFO - num_episodes             : 1500
2025-08-16 11:22:26,443 - INFO - predict_delta            : False
2025-08-16 11:22:26,443 - INFO - record                   : False
2025-08-16 11:22:26,444 - INFO - record_best_episodes     : True
2025-08-16 11:22:26,444 - INFO - recording_fps            : 30
2025-08-16 11:22:26,444 - INFO - reference_size           : 2
2025-08-16 11:22:26,444 - INFO - rls_action_size          : 1
2025-08-16 11:22:26,444 - INFO - rls_covariance           : 100.0
2025-08-16 11:22:26,444 - INFO - rls_gamma                : 0.9995
2025-08-16 11:22:26,444 - INFO - rls_state_size           : 2
2025-08-16 11:22:26,444 - INFO - save_interval            : 200
2025-08-16 11:22:26,444 - INFO - split                    : False
2025-08-16 11:22:26,444 - INFO - state_bounds             : {'theta': [-3.141592653589793, 3.141592653589793], 'theta_dot': [-8.0, 8.0]}
2025-08-16 11:22:26,444 - INFO - state_size               : 2
2025-08-16 11:22:26,444 - INFO - target_network           : True
2025-08-16 11:22:26,444 - INFO - tau                      : 0.001
2025-08-16 11:22:26,444 - INFO - update_cycles            : 2
2025-08-16 11:22:26,444 - INFO - ----------------------------------------
2025-08-16 11:22:26,444 - INFO - Log file: /home/osos/Mohamed_Masters_Thesis/DHP_pendulum/training_logs/dhp_pendulum_training_20250816_112226.log
2025-08-16 11:22:26,444 - INFO - ================================================================================
2025-08-16 11:22:26,444 - INFO - 
==================================================
2025-08-16 11:22:26,444 - INFO - STARTING DHP TRAINING FOR PENDULUM
2025-08-16 11:22:26,444 - INFO - ==================================================
2025-08-16 11:22:26,446 - WARNING - From /home/osos/Mohamed_Masters_Thesis/msc-thesis/agents/dhp.py:70: The name tf.Session is deprecated. Please use tf.compat.v1.Session instead.

2025-08-16 11:22:26,564 - WARNING - From /home/osos/Mohamed_Masters_Thesis/msc-thesis/agents/dhp.py:100: The name tf.placeholder is deprecated. Please use tf.compat.v1.placeholder instead.

2025-08-16 11:22:26,568 - WARNING - From /home/osos/Mohamed_Masters_Thesis/msc-thesis/agents/dhp.py:102: The name tf.placeholder_with_default is deprecated. Please use tf.compat.v1.placeholder_with_default instead.

2025-08-16 11:22:26,579 - WARNING - From /home/osos/Mohamed_Masters_Thesis/msc-thesis/agents/dhp.py:124: The name tf.variable_scope is deprecated. Please use tf.compat.v1.variable_scope instead.

2025-08-16 11:22:26,580 - WARNING - From /home/osos/Mohamed_Masters_Thesis/msc-thesis/agents/dhp.py:128: dense (from tensorflow.python.layers.core) is deprecated and will be removed in a future version.
Instructions for updating:
Use keras.layers.Dense instead.
2025-08-16 11:22:26,582 - WARNING - From /home/osos/anaconda3/envs/DHP/lib/python3.7/site-packages/tensorflow_core/python/layers/core.py:187: Layer.apply (from tensorflow.python.keras.engine.base_layer) is deprecated and will be removed in a future version.
Instructions for updating:
Please use `layer.__call__` method instead.
2025-08-16 11:22:26,626 - WARNING - From /home/osos/Mohamed_Masters_Thesis/msc-thesis/agents/dhp.py:133: The name tf.trainable_variables is deprecated. Please use tf.compat.v1.trainable_variables instead.

2025-08-16 11:22:26,643 - WARNING - From /home/osos/Mohamed_Masters_Thesis/msc-thesis/agents/dhp.py:139: The name tf.train.GradientDescentOptimizer is deprecated. Please use tf.compat.v1.train.GradientDescentOptimizer instead.

2025-08-16 11:22:26,685 - WARNING - From /home/osos/Mohamed_Masters_Thesis/msc-thesis/agents/dhp.py:156: The name tf.assign is deprecated. Please use tf.compat.v1.assign instead.

2025-08-16 11:22:26,775 - WARNING - From /home/osos/Mohamed_Masters_Thesis/msc-thesis/agents/dhp.py:79: The name tf.summary.merge_all is deprecated. Please use tf.compat.v1.summary.merge_all instead.

2025-08-16 11:22:26,775 - WARNING - From /home/osos/Mohamed_Masters_Thesis/msc-thesis/agents/dhp.py:80: The name tf.train.Saver is deprecated. Please use tf.compat.v1.train.Saver instead.

2025-08-16 11:22:26,789 - WARNING - From /home/osos/Mohamed_Masters_Thesis/msc-thesis/agents/dhp.py:81: The name tf.global_variables_initializer is deprecated. Please use tf.compat.v1.global_variables_initializer instead.

2025-08-16 11:22:26,866 - INFO - 
Training for 2500 episodes...
2025-08-16 11:22:26,866 - INFO - Episode | Reward  | Avg Cost | Pos Error | Success | Time
2025-08-16 11:22:26,866 - INFO - ------------------------------------------------------------
2025-08-16 11:22:28,564 - INFO -       0 | -34948.60 | 159482476.469 |    1.6312 |   0.000 |    1.7s
2025-08-16 11:22:50,965 - INFO - CONVERGENCE EPISODE 14: 0.4981 rad
2025-08-16 11:22:54,158 - INFO - CONVERGENCE EPISODE 16: 0.2441 rad
2025-08-16 11:22:56,372 - INFO - CONVERGENCE EPISODE 18: 0.0030 rad
2025-08-16 11:22:57,912 - INFO - CONVERGENCE EPISODE 19: 0.3103 rad
2025-08-16 11:22:58,113 - INFO - CONVERGENCE EPISODE 20: 0.0023 rad
2025-08-16 11:22:58,384 - INFO - CONVERGENCE EPISODE 21: 0.0026 rad
2025-08-16 11:23:00,000 - INFO - CONVERGENCE EPISODE 22: 0.4935 rad
2025-08-16 11:23:01,434 - INFO - CONVERGENCE EPISODE 23: 0.0018 rad
2025-08-16 11:23:02,987 - INFO - CONVERGENCE EPISODE 24: 0.4791 rad
2025-08-16 11:23:04,754 - INFO - CONVERGENCE EPISODE 26: 0.0007 rad
2025-08-16 11:23:06,585 - INFO - CONVERGENCE EPISODE 28: 0.0010 rad
2025-08-16 11:23:07,525 - INFO - CONVERGENCE EPISODE 29: 0.0002 rad
2025-08-16 11:23:10,873 - INFO - CONVERGENCE EPISODE 32: 0.0027 rad
2025-08-16 11:23:11,058 - INFO - CONVERGENCE EPISODE 33: 0.0031 rad
2025-08-16 11:23:13,442 - INFO - CONVERGENCE EPISODE 35: 0.0001 rad
2025-08-16 11:23:15,205 - INFO - CONVERGENCE EPISODE 36: 0.4432 rad
2025-08-16 11:23:17,177 - INFO - CONVERGENCE EPISODE 38: 0.0018 rad
2025-08-16 11:23:17,505 - INFO - CONVERGENCE EPISODE 39: 0.0008 rad
2025-08-16 11:23:26,860 - INFO - CONVERGENCE EPISODE 45: 0.0025 rad
2025-08-16 11:23:27,955 - INFO - CONVERGENCE EPISODE 46: 0.0019 rad
2025-08-16 11:23:28,226 - INFO - CONVERGENCE EPISODE 47: 0.0022 rad
2025-08-16 11:23:33,350 - INFO -      50 | -2588302.77 | 1055698282.557 |    1.8701 |   0.000 |   66.5s
2025-08-16 11:23:35,098 - INFO - CONVERGENCE EPISODE 51: 0.1484 rad
2025-08-16 11:23:36,853 - INFO - CONVERGENCE EPISODE 52: 0.0027 rad
2025-08-16 11:23:41,245 - INFO - CONVERGENCE EPISODE 55: 0.0001 rad
2025-08-16 11:23:41,915 - INFO - CONVERGENCE EPISODE 56: 0.0008 rad
2025-08-16 11:23:45,833 - INFO - CONVERGENCE EPISODE 59: 0.0015 rad
2025-08-16 11:23:45,844 - INFO - CONVERGENCE EPISODE 60: 0.0011 rad
2025-08-16 11:23:49,097 - INFO - CONVERGENCE EPISODE 62: 0.0017 rad
2025-08-16 11:23:49,283 - INFO - CONVERGENCE EPISODE 63: 0.0021 rad
2025-08-16 11:23:55,759 - INFO - CONVERGENCE EPISODE 67: 0.0930 rad
2025-08-16 11:23:57,024 - INFO - CONVERGENCE EPISODE 68: 0.0009 rad
2025-08-16 11:23:57,128 - INFO - CONVERGENCE EPISODE 69: 0.0009 rad
2025-08-16 11:23:59,886 - INFO - CONVERGENCE EPISODE 71: 0.0011 rad
2025-08-16 11:24:00,238 - INFO - CONVERGENCE EPISODE 72: 0.0016 rad
2025-08-16 11:24:02,676 - INFO - CONVERGENCE EPISODE 74: 0.0031 rad
2025-08-16 11:24:04,253 - INFO - CONVERGENCE EPISODE 75: 0.0208 rad
2025-08-16 11:24:04,436 - INFO - CONVERGENCE EPISODE 76: 0.0016 rad
2025-08-16 11:24:04,496 - INFO - CONVERGENCE EPISODE 77: 0.0016 rad
2025-08-16 11:24:07,745 - INFO - CONVERGENCE EPISODE 79: 0.1313 rad
2025-08-16 11:24:08,523 - INFO - CONVERGENCE EPISODE 80: 0.0025 rad
2025-08-16 11:24:11,564 - INFO - CONVERGENCE EPISODE 82: 0.0266 rad
2025-08-16 11:24:13,158 - INFO - CONVERGENCE EPISODE 83: 0.4109 rad
2025-08-16 11:24:16,826 - INFO - CONVERGENCE EPISODE 86: 0.0024 rad
2025-08-16 11:24:25,353 - INFO - CONVERGENCE EPISODE 92: 0.0026 rad
2025-08-16 11:24:26,179 - INFO - CONVERGENCE EPISODE 93: 0.0015 rad
2025-08-16 11:24:28,213 - INFO - CONVERGENCE EPISODE 95: 0.0002 rad
2025-08-16 11:24:28,313 - INFO - CONVERGENCE EPISODE 96: 0.0001 rad
2025-08-16 11:24:31,505 - INFO - CONVERGENCE EPISODE 98: 0.3006 rad
2025-08-16 11:24:33,922 - INFO - CONVERGENCE EPISODE 100: 0.0005 rad
2025-08-16 11:24:33,922 - INFO - 
2025-08-16 11:24:33,923 - INFO - MILESTONE 100 ANALYSIS:
2025-08-16 11:24:33,923 - INFO -   Recent 50 episodes avg position error: 0.9560 ± 1.1224 rad
2025-08-16 11:24:33,923 - INFO -   Recent 50 episodes avg cost: 756079244.489
2025-08-16 11:24:33,923 - INFO -   Recent 50 episodes success rate: 0.00%
2025-08-16 11:24:33,923 - INFO -   Convergent episodes ratio (< 0.5 rad): 56.00%
2025-08-16 11:24:33,923 - INFO -   Total convergent episodes so far: 49
2025-08-16 11:24:33,923 - INFO -   Best performance: 0.0001 rad at episode 35
2025-08-16 11:24:33,923 - INFO -   Stable performance not yet achieved
2025-08-16 11:24:33,923 - INFO - 
2025-08-16 11:24:33,923 - INFO -     100 | -93194.83 | 99011480.787 |    0.0005 |   0.000 |  127.1s
2025-08-16 11:24:35,542 - INFO - CONVERGENCE EPISODE 101: 0.3508 rad
2025-08-16 11:24:35,888 - INFO - CONVERGENCE EPISODE 102: 0.0009 rad
2025-08-16 11:24:37,950 - INFO - CONVERGENCE EPISODE 104: 0.0012 rad
2025-08-16 11:24:40,591 - INFO - CONVERGENCE EPISODE 106: 0.0009 rad
2025-08-16 11:24:42,576 - INFO - CONVERGENCE EPISODE 108: 0.0020 rad
2025-08-16 11:24:47,669 - INFO - CONVERGENCE EPISODE 112: 0.0025 rad
2025-08-16 11:24:51,789 - INFO - CONVERGENCE EPISODE 115: 0.0017 rad
2025-08-16 11:24:55,233 - INFO - CONVERGENCE EPISODE 117: 0.4264 rad
2025-08-16 11:25:01,646 - INFO - CONVERGENCE EPISODE 121: 0.4355 rad
2025-08-16 11:25:04,277 - INFO - CONVERGENCE EPISODE 123: 0.0008 rad
2025-08-16 11:25:07,190 - INFO - CONVERGENCE EPISODE 125: 0.0026 rad
2025-08-16 11:25:07,763 - INFO - CONVERGENCE EPISODE 126: 0.0028 rad
2025-08-16 11:25:15,291 - INFO - CONVERGENCE EPISODE 131: 0.0020 rad
2025-08-16 11:25:15,637 - INFO - CONVERGENCE EPISODE 132: 0.0010 rad
2025-08-16 11:25:17,389 - INFO - CONVERGENCE EPISODE 133: 0.1780 rad
2025-08-16 11:25:19,202 - INFO - CONVERGENCE EPISODE 134: 0.0604 rad
2025-08-16 11:25:28,210 - INFO - CONVERGENCE EPISODE 140: 0.0001 rad
2025-08-16 11:25:32,657 - INFO - CONVERGENCE EPISODE 143: 0.0012 rad
2025-08-16 11:25:34,140 - INFO - CONVERGENCE EPISODE 144: 0.1704 rad
2025-08-16 11:25:40,376 - INFO - CONVERGENCE EPISODE 149: 0.0016 rad
2025-08-16 11:25:40,537 - INFO - CONVERGENCE EPISODE 150: 0.0027 rad
2025-08-16 11:25:40,537 - INFO -     150 | -25489.93 | 118629975.733 |    0.0027 |   0.000 |  193.7s
2025-08-16 11:25:43,127 - INFO - CONVERGENCE EPISODE 152: 0.0024 rad
2025-08-16 11:25:44,724 - INFO - CONVERGENCE EPISODE 153: 0.2758 rad
2025-08-16 11:25:46,284 - INFO - CONVERGENCE EPISODE 154: 0.1280 rad
2025-08-16 11:25:46,631 - INFO - CONVERGENCE EPISODE 155: 0.0016 rad
2025-08-16 11:25:50,281 - INFO - CONVERGENCE EPISODE 158: 0.0028 rad
2025-08-16 11:25:50,603 - INFO - CONVERGENCE EPISODE 159: 0.0027 rad
2025-08-16 11:25:56,722 - INFO - CONVERGENCE EPISODE 164: 0.0014 rad
2025-08-16 11:25:59,695 - INFO - CONVERGENCE EPISODE 166: 0.1323 rad
2025-08-16 11:25:59,864 - INFO - CONVERGENCE EPISODE 167: 0.0002 rad
2025-08-16 11:26:00,506 - INFO - CONVERGENCE EPISODE 168: 0.0015 rad
2025-08-16 11:26:01,091 - INFO - CONVERGENCE EPISODE 169: 0.0005 rad
2025-08-16 11:26:02,580 - INFO - CONVERGENCE EPISODE 170: 0.0942 rad
2025-08-16 11:26:04,084 - INFO - CONVERGENCE EPISODE 171: 0.0226 rad
2025-08-16 11:26:08,672 - INFO - CONVERGENCE EPISODE 175: 0.0006 rad
2025-08-16 11:26:13,101 - INFO - CONVERGENCE EPISODE 178: 0.4419 rad
2025-08-16 11:26:19,001 - INFO - CONVERGENCE EPISODE 182: 0.0756 rad
2025-08-16 11:26:20,352 - INFO - CONVERGENCE EPISODE 183: 0.0000 rad
2025-08-16 11:26:21,837 - INFO - CONVERGENCE EPISODE 184: 0.4259 rad
2025-08-16 11:26:22,388 - INFO - CONVERGENCE EPISODE 185: 0.0029 rad
2025-08-16 11:26:26,618 - INFO - CONVERGENCE EPISODE 188: 0.0031 rad
2025-08-16 11:26:27,117 - INFO - CONVERGENCE EPISODE 189: 0.0012 rad
2025-08-16 11:26:30,688 - INFO - CONVERGENCE EPISODE 192: 0.0020 rad
2025-08-16 11:26:34,195 - INFO - CONVERGENCE EPISODE 195: 0.0026 rad
2025-08-16 11:26:34,224 - INFO - CONVERGENCE EPISODE 196: 0.0017 rad
2025-08-16 11:26:35,735 - INFO - CONVERGENCE EPISODE 197: 0.1530 rad
2025-08-16 11:26:35,841 - INFO - CONVERGENCE EPISODE 198: 0.0004 rad
2025-08-16 11:26:36,253 - INFO - CONVERGENCE EPISODE 199: 0.0006 rad
2025-08-16 11:26:37,730 - INFO -     200 | -2913776.61 | 1118169914.207 |    0.9747 |   0.000 |  250.9s
2025-08-16 11:26:44,218 - INFO - CONVERGENCE EPISODE 205: 0.0026 rad
2025-08-16 11:26:45,743 - INFO - CONVERGENCE EPISODE 206: 0.3641 rad
2025-08-16 11:26:46,636 - INFO - CONVERGENCE EPISODE 207: 0.0016 rad
2025-08-16 11:26:47,191 - INFO - CONVERGENCE EPISODE 208: 0.0001 rad
2025-08-16 11:26:48,668 - INFO - CONVERGENCE EPISODE 209: 0.2546 rad
2025-08-16 11:26:55,066 - INFO - CONVERGENCE EPISODE 214: 0.0007 rad
2025-08-16 11:26:57,877 - INFO - CONVERGENCE EPISODE 216: 0.0021 rad
2025-08-16 11:27:01,337 - INFO - CONVERGENCE EPISODE 219: 0.0001 rad
2025-08-16 11:27:05,275 - INFO - CONVERGENCE EPISODE 222: 0.0028 rad
2025-08-16 11:27:07,394 - INFO - CONVERGENCE EPISODE 224: 0.0023 rad
2025-08-16 11:27:10,427 - INFO - CONVERGENCE EPISODE 227: 0.0031 rad
2025-08-16 11:27:11,915 - INFO - CONVERGENCE EPISODE 228: 0.3546 rad
2025-08-16 11:27:15,706 - INFO - CONVERGENCE EPISODE 231: 0.0009 rad
2025-08-16 11:27:18,677 - INFO - CONVERGENCE EPISODE 234: 0.0003 rad
2025-08-16 11:27:21,086 - INFO - CONVERGENCE EPISODE 236: 0.0022 rad
2025-08-16 11:27:22,107 - INFO - CONVERGENCE EPISODE 237: 0.0008 rad
2025-08-16 11:27:23,536 - INFO - CONVERGENCE EPISODE 238: 0.0003 rad
2025-08-16 11:27:26,530 - INFO - CONVERGENCE EPISODE 240: 0.2524 rad
2025-08-16 11:27:27,548 - INFO - CONVERGENCE EPISODE 241: 0.0007 rad
2025-08-16 11:27:31,212 - INFO - CONVERGENCE EPISODE 244: 0.0008 rad
2025-08-16 11:27:33,427 - INFO - CONVERGENCE EPISODE 246: 0.0029 rad
2025-08-16 11:27:33,782 - INFO - CONVERGENCE EPISODE 247: 0.0013 rad
2025-08-16 11:27:38,241 - INFO - CONVERGENCE EPISODE 250: 0.1331 rad
2025-08-16 11:27:38,241 - INFO - 
2025-08-16 11:27:38,242 - INFO - MILESTONE 250 ANALYSIS:
2025-08-16 11:27:38,242 - INFO -   Recent 50 episodes avg position error: 1.2423 ± 1.2260 rad
2025-08-16 11:27:38,242 - INFO -   Recent 50 episodes avg cost: 835037500.631
2025-08-16 11:27:38,242 - INFO -   Recent 50 episodes success rate: 0.00%
2025-08-16 11:27:38,242 - INFO -   Convergent episodes ratio (< 0.5 rad): 46.00%
2025-08-16 11:27:38,242 - INFO -   Total convergent episodes so far: 120
2025-08-16 11:27:38,242 - INFO -   Best performance: 0.0000 rad at episode 183
2025-08-16 11:27:38,242 - INFO -   Stable performance not yet achieved
2025-08-16 11:27:38,242 - INFO - 
2025-08-16 11:27:38,242 - INFO -     250 | -276053.98 | 129331128.845 |    0.1331 |   0.000 |  311.4s
2025-08-16 11:27:44,106 - INFO - CONVERGENCE EPISODE 254: 0.0642 rad
2025-08-16 11:27:45,807 - INFO - CONVERGENCE EPISODE 256: 0.0030 rad
2025-08-16 11:27:47,295 - INFO - CONVERGENCE EPISODE 257: 0.2930 rad
2025-08-16 11:27:47,636 - INFO - CONVERGENCE EPISODE 258: 0.0001 rad
2025-08-16 11:27:49,466 - INFO - CONVERGENCE EPISODE 260: 0.0009 rad
2025-08-16 11:27:49,705 - INFO - CONVERGENCE EPISODE 261: 0.0026 rad
2025-08-16 11:27:51,052 - INFO - CONVERGENCE EPISODE 262: 0.0028 rad
2025-08-16 11:27:51,306 - INFO - CONVERGENCE EPISODE 263: 0.0021 rad
2025-08-16 11:27:53,554 - INFO - CONVERGENCE EPISODE 265: 0.0001 rad
2025-08-16 11:27:54,293 - INFO - CONVERGENCE EPISODE 266: 0.0012 rad
2025-08-16 11:27:59,629 - INFO - CONVERGENCE EPISODE 270: 0.0004 rad
2025-08-16 11:27:59,855 - INFO - CONVERGENCE EPISODE 271: 0.0029 rad
2025-08-16 11:28:00,045 - INFO - CONVERGENCE EPISODE 272: 0.0004 rad
2025-08-16 11:28:03,045 - INFO - CONVERGENCE EPISODE 274: 0.1423 rad
2025-08-16 11:28:09,899 - INFO - CONVERGENCE EPISODE 279: 0.0001 rad
2025-08-16 11:28:11,464 - INFO - CONVERGENCE EPISODE 281: 0.0016 rad
2025-08-16 11:28:13,530 - INFO - CONVERGENCE EPISODE 283: 0.0015 rad
2025-08-16 11:28:13,850 - INFO - CONVERGENCE EPISODE 284: 0.0010 rad
2025-08-16 11:28:15,312 - INFO - CONVERGENCE EPISODE 285: 0.4116 rad
2025-08-16 11:28:17,128 - INFO - CONVERGENCE EPISODE 287: 0.0010 rad
2025-08-16 11:28:18,946 - INFO - CONVERGENCE EPISODE 289: 0.0012 rad
2025-08-16 11:28:23,360 - INFO - CONVERGENCE EPISODE 292: 0.0967 rad
2025-08-16 11:28:24,915 - INFO - CONVERGENCE EPISODE 293: 0.0951 rad
2025-08-16 11:28:27,907 - INFO - CONVERGENCE EPISODE 295: 0.0822 rad
2025-08-16 11:28:29,408 - INFO - CONVERGENCE EPISODE 296: 0.0377 rad
2025-08-16 11:28:29,920 - INFO - CONVERGENCE EPISODE 297: 0.0031 rad
2025-08-16 11:28:31,414 - INFO - CONVERGENCE EPISODE 298: 0.4097 rad
2025-08-16 11:28:32,164 - INFO - CONVERGENCE EPISODE 299: 0.0014 rad
2025-08-16 11:28:33,269 - INFO - CONVERGENCE EPISODE 300: 0.0015 rad
2025-08-16 11:28:33,269 - INFO -     300 | -2030051.01 | 1202845037.313 |    0.0015 |   0.000 |  366.4s
2025-08-16 11:28:36,192 - INFO - CONVERGENCE EPISODE 302: 0.0780 rad
2025-08-16 11:28:38,033 - INFO - CONVERGENCE EPISODE 304: 0.0012 rad
2025-08-16 11:28:39,106 - INFO - CONVERGENCE EPISODE 305: 0.0027 rad
2025-08-16 11:28:42,222 - INFO - CONVERGENCE EPISODE 307: 0.3190 rad
2025-08-16 11:28:48,295 - INFO - CONVERGENCE EPISODE 311: 0.0009 rad
2025-08-16 11:28:49,153 - INFO - CONVERGENCE EPISODE 312: 0.0014 rad
2025-08-16 11:28:49,430 - INFO - CONVERGENCE EPISODE 313: 0.0026 rad
2025-08-16 11:28:53,262 - INFO - CONVERGENCE EPISODE 316: 0.0009 rad
2025-08-16 11:28:53,465 - INFO - CONVERGENCE EPISODE 317: 0.0030 rad
2025-08-16 11:28:56,592 - INFO - CONVERGENCE EPISODE 319: 0.3719 rad
2025-08-16 11:28:58,417 - INFO - CONVERGENCE EPISODE 321: 0.0003 rad
2025-08-16 11:28:58,916 - INFO - CONVERGENCE EPISODE 322: 0.0029 rad
2025-08-16 11:28:59,566 - INFO - CONVERGENCE EPISODE 323: 0.0009 rad
2025-08-16 11:29:01,211 - INFO - CONVERGENCE EPISODE 325: 0.0026 rad
2025-08-16 11:29:02,862 - INFO - CONVERGENCE EPISODE 326: 0.4031 rad
2025-08-16 11:29:04,546 - INFO - CONVERGENCE EPISODE 327: 0.3246 rad
2025-08-16 11:29:07,783 - INFO - CONVERGENCE EPISODE 329: 0.4096 rad
2025-08-16 11:29:09,433 - INFO - CONVERGENCE EPISODE 330: 0.0955 rad
2025-08-16 11:29:12,644 - INFO - CONVERGENCE EPISODE 332: 0.3274 rad
2025-08-16 11:29:15,916 - INFO - CONVERGENCE EPISODE 334: 0.4095 rad
2025-08-16 11:29:16,289 - INFO - CONVERGENCE EPISODE 335: 0.0026 rad
2025-08-16 11:29:17,186 - INFO - CONVERGENCE EPISODE 336: 0.0027 rad
2025-08-16 11:29:20,342 - INFO - CONVERGENCE EPISODE 338: 0.0987 rad
2025-08-16 11:29:21,368 - INFO - CONVERGENCE EPISODE 339: 0.0020 rad
2025-08-16 11:29:26,083 - INFO - CONVERGENCE EPISODE 342: 0.4249 rad
2025-08-16 11:29:28,248 - INFO - CONVERGENCE EPISODE 344: 0.0001 rad
2025-08-16 11:29:30,184 - INFO - CONVERGENCE EPISODE 346: 0.0005 rad
2025-08-16 11:29:31,850 - INFO - CONVERGENCE EPISODE 347: 0.0006 rad
2025-08-16 11:29:34,162 - INFO - CONVERGENCE EPISODE 349: 0.0000 rad
2025-08-16 11:29:35,753 - INFO -     350 | -2616817.67 | 1163082574.600 |    2.4819 |   0.000 |  428.9s
2025-08-16 11:29:37,369 - INFO - CONVERGENCE EPISODE 351: 0.1309 rad
2025-08-16 11:29:40,113 - INFO - CONVERGENCE EPISODE 353: 0.0015 rad
2025-08-16 11:29:43,243 - INFO - CONVERGENCE EPISODE 355: 0.4773 rad
2025-08-16 11:29:44,348 - INFO - CONVERGENCE EPISODE 356: 0.0016 rad
2025-08-16 11:29:46,028 - INFO - CONVERGENCE EPISODE 357: 0.2487 rad
2025-08-16 11:29:49,142 - INFO - CONVERGENCE EPISODE 359: 0.0034 rad
2025-08-16 11:29:50,997 - INFO - CONVERGENCE EPISODE 361: 0.0006 rad
2025-08-16 11:29:53,656 - INFO - CONVERGENCE EPISODE 363: 0.0002 rad
2025-08-16 11:29:56,762 - INFO - CONVERGENCE EPISODE 365: 0.4235 rad
2025-08-16 11:29:59,068 - INFO - CONVERGENCE EPISODE 367: 0.0015 rad
2025-08-16 11:30:00,795 - INFO - CONVERGENCE EPISODE 368: 0.3106 rad
2025-08-16 11:30:01,933 - INFO - CONVERGENCE EPISODE 369: 0.0012 rad
2025-08-16 11:30:03,793 - INFO - CONVERGENCE EPISODE 371: 0.0025 rad
2025-08-16 11:30:05,395 - INFO - CONVERGENCE EPISODE 372: 0.3094 rad
2025-08-16 11:30:05,603 - INFO - CONVERGENCE EPISODE 373: 0.0019 rad
2025-08-16 11:30:05,744 - INFO - CONVERGENCE EPISODE 374: 0.0011 rad
2025-08-16 11:30:07,870 - INFO - CONVERGENCE EPISODE 376: 0.0013 rad
2025-08-16 11:30:08,223 - INFO - CONVERGENCE EPISODE 377: 0.0018 rad
2025-08-16 11:30:08,348 - INFO - CONVERGENCE EPISODE 378: 0.0006 rad
2025-08-16 11:30:08,466 - INFO - CONVERGENCE EPISODE 379: 0.0001 rad
2025-08-16 11:30:09,796 - INFO - CONVERGENCE EPISODE 380: 0.0010 rad
2025-08-16 11:30:12,971 - INFO - CONVERGENCE EPISODE 382: 0.1666 rad
2025-08-16 11:30:13,294 - INFO - CONVERGENCE EPISODE 383: 0.0023 rad
2025-08-16 11:30:14,872 - INFO - CONVERGENCE EPISODE 384: 0.0000 rad
2025-08-16 11:30:20,131 - INFO - CONVERGENCE EPISODE 387: 0.1415 rad
2025-08-16 11:30:20,170 - INFO - CONVERGENCE EPISODE 388: 0.0019 rad
2025-08-16 11:30:20,491 - INFO - CONVERGENCE EPISODE 389: 0.0026 rad
2025-08-16 11:30:22,065 - INFO - CONVERGENCE EPISODE 390: 0.2190 rad
2025-08-16 11:30:25,761 - INFO - CONVERGENCE EPISODE 393: 0.0020 rad
2025-08-16 11:30:29,208 - INFO - CONVERGENCE EPISODE 396: 0.0002 rad
2025-08-16 11:30:30,468 - INFO - CONVERGENCE EPISODE 397: 0.0019 rad
2025-08-16 11:30:30,814 - INFO - CONVERGENCE EPISODE 398: 0.0018 rad
2025-08-16 11:30:32,779 - INFO - CONVERGENCE EPISODE 400: 0.0001 rad
2025-08-16 11:30:32,779 - INFO -     400 | -21789.67 | 44142333.731 |    0.0001 |   0.000 |  485.9s
2025-08-16 11:30:34,233 - INFO - CONVERGENCE EPISODE 401: 0.0028 rad
2025-08-16 11:30:34,999 - INFO - CONVERGENCE EPISODE 402: 0.0011 rad
2025-08-16 11:30:36,951 - INFO - CONVERGENCE EPISODE 403: 0.4368 rad
2025-08-16 11:30:39,126 - INFO - CONVERGENCE EPISODE 404: 0.0050 rad
2025-08-16 11:30:41,473 - INFO - CONVERGENCE EPISODE 406: 0.0015 rad
2025-08-16 11:30:42,514 - INFO - CONVERGENCE EPISODE 407: 0.0023 rad
2025-08-16 11:30:46,463 - INFO - CONVERGENCE EPISODE 410: 0.0003 rad
2025-08-16 11:30:49,464 - INFO - CONVERGENCE EPISODE 412: 0.1532 rad
2025-08-16 11:30:50,967 - INFO - CONVERGENCE EPISODE 413: 0.4958 rad
2025-08-16 11:30:52,645 - INFO - CONVERGENCE EPISODE 415: 0.0003 rad
2025-08-16 11:30:53,498 - INFO - CONVERGENCE EPISODE 416: 0.0002 rad
2025-08-16 11:31:02,481 - INFO - CONVERGENCE EPISODE 422: 0.3458 rad
2025-08-16 11:31:07,112 - INFO - CONVERGENCE EPISODE 425: 0.3532 rad
2025-08-16 11:31:07,436 - INFO - CONVERGENCE EPISODE 426: 0.0000 rad
2025-08-16 11:31:07,792 - INFO - CONVERGENCE EPISODE 427: 0.0012 rad
2025-08-16 11:31:09,431 - INFO - CONVERGENCE EPISODE 428: 0.2502 rad
2025-08-16 11:31:10,450 - INFO - CONVERGENCE EPISODE 429: 0.0003 rad
2025-08-16 11:31:12,355 - INFO - CONVERGENCE EPISODE 431: 0.0023 rad
2025-08-16 11:31:13,748 - INFO - CONVERGENCE EPISODE 432: 0.0015 rad
