2025-08-15 21:31:45,129 - INFO - ================================================================================
2025-08-15 21:31:45,129 - INFO - SAC PENDULUM TRAINING SESSION STARTED
2025-08-15 21:31:45,129 - INFO - ================================================================================
2025-08-15 21:31:45,129 - INFO - HYPERPARAMETERS:
2025-08-15 21:31:45,129 - INFO - ----------------------------------------
2025-08-15 21:31:45,129 - INFO - batch_size               : 256
2025-08-15 21:31:45,129 - INFO - buffer_size              : 50000
2025-08-15 21:31:45,129 - INFO - ent_coef                 : auto
2025-08-15 21:31:45,129 - INFO - episode_length           : 200
2025-08-15 21:31:45,129 - INFO - fixed_target             : None
2025-08-15 21:31:45,129 - INFO - gamma                    : 0.95
2025-08-15 21:31:45,129 - INFO - gradient_steps           : 1
2025-08-15 21:31:45,129 - INFO - gui                      : False
2025-08-15 21:31:45,129 - INFO - learning_rate            : 0.0003
2025-08-15 21:31:45,129 - INFO - learning_starts          : 1000
2025-08-15 21:31:45,129 - INFO - log_interval             : 50
2025-08-15 21:31:45,130 - INFO - max_steps                : 200
2025-08-15 21:31:45,130 - INFO - normalize_states         : True
2025-08-15 21:31:45,130 - INFO - policy_layers            : [64, 64]
2025-08-15 21:31:45,130 - INFO - qf_layers                : [64, 64]
2025-08-15 21:31:45,130 - INFO - record                   : False
2025-08-15 21:31:45,130 - INFO - record_best_episodes     : True
2025-08-15 21:31:45,130 - INFO - recording_fps            : 30
2025-08-15 21:31:45,130 - INFO - save_interval            : 10000
2025-08-15 21:31:45,130 - INFO - target_update_interval   : 1
2025-08-15 21:31:45,130 - INFO - tau                      : 0.005
2025-08-15 21:31:45,130 - INFO - total_timesteps          : 300000
2025-08-15 21:31:45,130 - INFO - train_freq               : 1
2025-08-15 21:31:45,130 - INFO - use_sde                  : False
2025-08-15 21:31:45,130 - INFO - ----------------------------------------
2025-08-15 21:31:45,130 - INFO - Log file: /home/osos/Mohamed_Masters_Thesis/DHP_pendulum/training_logs/sac_pendulum_training_20250815_213145.log
2025-08-15 21:31:45,130 - INFO - ================================================================================
2025-08-15 21:31:45,130 - INFO - 
CONFIGURATION OVERRIDES APPLIED:
2025-08-15 21:31:45,130 - INFO -   total_timesteps: 300000
2025-08-15 21:31:45,130 - INFO -   episode_length: 200
2025-08-15 21:31:45,130 - INFO -   max_steps: 200
2025-08-15 21:31:45,130 - INFO -   log_interval: 50
2025-08-15 21:31:45,130 - INFO -   save_interval: 10000
2025-08-15 21:31:45,130 - INFO -   gui: False
2025-08-15 21:31:45,130 - INFO -   record: False
2025-08-15 21:31:45,130 - INFO -   normalize_states: True
2025-08-15 21:31:45,130 - INFO -   record_best_episodes: True
2025-08-15 21:31:45,130 - INFO -   learning_rate: 0.0003
2025-08-15 21:31:45,130 - INFO -   buffer_size: 50000
2025-08-15 21:31:45,130 - INFO -   batch_size: 256
2025-08-15 21:31:45,130 - INFO -   gamma: 0.95
2025-08-15 21:31:45,131 - INFO -   tau: 0.005
2025-08-15 21:31:45,131 - INFO -   ent_coef: auto
2025-08-15 21:31:45,131 - INFO -   learning_starts: 1000
2025-08-15 21:31:45,131 - INFO -   policy_layers: [64, 64]
2025-08-15 21:31:45,131 - INFO -   qf_layers: [64, 64]
2025-08-15 21:31:45,131 - INFO - 
==================================================
2025-08-15 21:31:45,131 - INFO - STARTING SAC TRAINING FOR PENDULUM
2025-08-15 21:31:45,131 - INFO - ==================================================
2025-08-15 21:31:45,138 - INFO - 
Training for 300000 timesteps...
2025-08-15 21:31:45,138 - INFO - This corresponds to approximately 1500 episodes of 200 steps each
2025-08-15 21:33:38,244 - INFO - NEW BEST PERFORMANCE! Episode 50: 3.1222 rad
2025-08-15 21:33:38,260 - INFO - BEST MODEL SAVED! Episode 50, Error: 3.1222 rad
2025-08-15 21:33:38,260 - INFO - Best model path: /home/osos/Mohamed_Masters_Thesis/DHP_pendulum/trained_models/sac_pendulum_best
2025-08-15 21:33:38,260 - INFO -      50 | -1213.87 |   16.114 |    3.1222 |   0.000 |  113.1s
2025-08-15 21:33:38,261 - ERROR - Environment reset error at episode 50. Attempting to recover...
2025-08-15 21:33:38,262 - INFO - Environment reset successful, continuing training...
2025-08-15 21:35:59,740 - INFO - NEW BEST PERFORMANCE! Episode 100: 0.7209 rad
2025-08-15 21:35:59,754 - INFO - BEST MODEL SAVED! Episode 100, Error: 0.7209 rad
2025-08-15 21:35:59,754 - INFO - Best model path: /home/osos/Mohamed_Masters_Thesis/DHP_pendulum/trained_models/sac_pendulum_best
2025-08-15 21:35:59,754 - INFO -     100 | -107.69 |    0.698 |    0.7209 |   0.000 |  254.6s
2025-08-15 21:35:59,756 - ERROR - Environment reset error at episode 100. Attempting to recover...
2025-08-15 21:35:59,758 - INFO - Environment reset successful, continuing training...
