2025-08-16 19:04:44,571 - INFO - ================================================================================
2025-08-16 19:04:44,571 - INFO - SAC DHP-COMPATIBLE PENDULUM TRAINING SESSION STARTED
2025-08-16 19:04:44,571 - INFO - ================================================================================
2025-08-16 19:04:44,571 - INFO - HYPERPARAMETERS:
2025-08-16 19:04:44,571 - INFO - ----------------------------------------
2025-08-16 19:04:44,571 - INFO - batch_size               : 256
2025-08-16 19:04:44,571 - INFO - buffer_size              : 50000
2025-08-16 19:04:44,571 - INFO - ent_coef                 : auto
2025-08-16 19:04:44,571 - INFO - episode_length           : 200
2025-08-16 19:04:44,571 - INFO - gamma                    : 0.95
2025-08-16 19:04:44,571 - INFO - gui                      : False
2025-08-16 19:04:44,571 - INFO - learning_rate            : 0.0003
2025-08-16 19:04:44,571 - INFO - learning_starts          : 1000
2025-08-16 19:04:44,571 - INFO - log_interval             : 50
2025-08-16 19:04:44,571 - INFO - max_steps                : 200
2025-08-16 19:04:44,571 - INFO - normalize_states         : True
2025-08-16 19:04:44,571 - INFO - policy_layers            : [64, 64]
2025-08-16 19:04:44,572 - INFO - qf_layers                : [64, 64]
2025-08-16 19:04:44,572 - INFO - record                   : False
2025-08-16 19:04:44,572 - INFO - record_best_episodes     : True
2025-08-16 19:04:44,572 - INFO - save_interval            : 10000
2025-08-16 19:04:44,572 - INFO - tau                      : 0.005
2025-08-16 19:04:44,572 - INFO - total_timesteps          : 300000
2025-08-16 19:04:44,572 - INFO - ----------------------------------------
2025-08-16 19:04:44,572 - INFO - Log file: /home/osos/Mohamed_Masters_Thesis/DHP_pendulum/training_logs/sac_dhp_compatible_20250816_190444.log
2025-08-16 19:04:44,572 - INFO - ================================================================================
2025-08-16 19:04:44,572 - INFO - 
==================================================
2025-08-16 19:04:44,572 - INFO - STARTING SAC TRAINING FOR DHP-COMPATIBLE PENDULUM
2025-08-16 19:04:44,572 - INFO - ==================================================
